Read 2141 events.
Added 2106 events.
Total write operations: 286
Total read operations: 359
Processing 40755 w/w combinations
Updating has_path path cache...
10% 
20% 
30% 
40% 
50% 
60% 
70% 
80% 
90% 
100% 
Processing 102674 r/w combinations
10% 
20% 
30% 
40% 
50% 
60% 
70% 
80% 
90% 
100% 
Updating has_path path cache...
+-------------------------------------------+
| Total operations:      645                |
| Total write operations: 286               |
| Total read operations:  359               |
+-------------------------------------------+
| Total commuting races: 13179              |
| Total harmful races:   7268               |
| Total filtered races:  0                  |
| Total Time Filtered races:  0             |
| Total Time Edges:      0                  |
+-------------------------------------------+
Number of packet traces with races: 76
Number of packet inconsistencies:  62
Number of packet inconsistencies that are actually consistent (covered):  6
Number of packet inconsistencies the first race is already inconsistent:  8
Number of packet inconsistencies after trimming repeated races:  58
Number of packet inconsistent updates:  4680
Number of races:  20447
Number of races filtered by time:  0
Number of commuting races:  13179
Number of harmful races:  6969
Number of covered races:  299
Number of versions: 127
Inconsistent updates: 588
Done. Time elapsed: 9.92709589005 s
load_trace: 4.28035092354 s
detect_races: 1.25663805008 s
extract_traces_time: 0.0361249446869 s
find_reactive_cmds_time: 0.0049569606781 s
find_proactive_cmds_time: 0.0219061374664 s
find_covered_races_time: 3.40692090988 s
per_packet_inconsistent_time: 0.730999946594 s
find_inconsistent_update_time: -0.189144134521 s
Read 2141 events.
Added 2106 events.
Total write operations: 286
Total read operations: 359
Processing 40755 w/w combinations
Updating has_path path cache...
10% 
20% 
30% 
40% 
50% 
60% 
70% 
80% 
90% 
100% 
Processing 102674 r/w combinations
10% 
20% 
30% 
40% 
50% 
60% 
70% 
80% 
90% 
100% 
Updating has_path path cache...
+-------------------------------------------+
| Total operations:      645                |
| Total write operations: 286               |
| Total read operations:  359               |
+-------------------------------------------+
| Total commuting races: 13179              |
| Total harmful races:   0                  |
| Total filtered races:  0                  |
| Total Time Filtered races:  7268          |
| Total Time Edges:      7268               |
+-------------------------------------------+
Number of packet traces with races: 0
Number of packet inconsistencies:  0
Number of packet inconsistencies that are actually consistent (covered):  0
Number of packet inconsistencies the first race is already inconsistent:  0
Number of packet inconsistencies after trimming repeated races:  0
Number of packet inconsistent updates:  0
Number of races:  20447
Number of races filtered by time:  7268
Number of commuting races:  13179
Number of harmful races:  0
Number of covered races:  0
Number of versions: 127
Inconsistent updates: 0
Done. Time elapsed: 7.22753787041 s
load_trace: 4.30499887466 s
detect_races: 2.3951280117 s
extract_traces_time: 0.0447101593018 s
find_reactive_cmds_time: 0.006511926651 s
find_proactive_cmds_time: 0.0260119438171 s
find_covered_races_time: 0.448902130127 s
per_packet_inconsistent_time: 0.00117802619934 s
find_inconsistent_update_time: -4.98294830322e-05 s
Read 2141 events.
Added 2106 events.
Total write operations: 286
Total read operations: 359
Processing 40755 w/w combinations
Updating has_path path cache...
10% 
20% 
30% 
40% 
50% 
60% 
70% 
80% 
90% 
100% 
Processing 102674 r/w combinations
10% 
20% 
30% 
40% 
50% 
60% 
70% 
80% 
90% 
100% 
Updating has_path path cache...
+-------------------------------------------+
| Total operations:      645                |
| Total write operations: 286               |
| Total read operations:  359               |
+-------------------------------------------+
| Total commuting races: 13179              |
| Total harmful races:   200                |
| Total filtered races:  0                  |
| Total Time Filtered races:  7068          |
| Total Time Edges:      7068               |
+-------------------------------------------+
Number of packet traces with races: 42
Number of packet inconsistencies:  40
Number of packet inconsistencies that are actually consistent (covered):  0
Number of packet inconsistencies the first race is already inconsistent:  2
Number of packet inconsistencies after trimming repeated races:  40
Number of packet inconsistent updates:  28
Number of races:  20447
Number of races filtered by time:  7068
Number of commuting races:  13179
Number of harmful races:  196
Number of covered races:  4
Number of versions: 127
Inconsistent updates: 2
Done. Time elapsed: 7.61411499977 s
load_trace: 4.13973808289 s
detect_races: 2.35561800003 s
extract_traces_time: 0.0457928180695 s
find_reactive_cmds_time: 0.00691699981689 s
find_proactive_cmds_time: 0.0232810974121 s
find_covered_races_time: 1.00950789452 s
per_packet_inconsistent_time: 0.0318210124969 s
find_inconsistent_update_time: -0.00138401985168 s
Read 2141 events.
Added 2106 events.
Total write operations: 286
Total read operations: 359
Processing 40755 w/w combinations
Updating has_path path cache...
10% 
20% 
30% 
40% 
50% 
60% 
70% 
80% 
90% 
100% 
Processing 102674 r/w combinations
10% 
20% 
30% 
40% 
50% 
60% 
70% 
80% 
90% 
100% 
Updating has_path path cache...
+-------------------------------------------+
| Total operations:      645                |
| Total write operations: 286               |
| Total read operations:  359               |
+-------------------------------------------+
| Total commuting races: 13179              |
| Total harmful races:   280                |
| Total filtered races:  0                  |
| Total Time Filtered races:  6988          |
| Total Time Edges:      6988               |
+-------------------------------------------+
Number of packet traces with races: 43
Number of packet inconsistencies:  42
Number of packet inconsistencies that are actually consistent (covered):  0
Number of packet inconsistencies the first race is already inconsistent:  1
Number of packet inconsistencies after trimming repeated races:  42
Number of packet inconsistent updates:  56
Number of races:  20447
Number of races filtered by time:  6988
Number of commuting races:  13179
Number of harmful races:  272
Number of covered races:  8
Number of versions: 127
Inconsistent updates: 4
Done. Time elapsed: 7.63308310509 s
load_trace: 4.19121003151 s
detect_races: 2.280148983 s
extract_traces_time: 0.0416920185089 s
find_reactive_cmds_time: 0.0060920715332 s
find_proactive_cmds_time: 0.0229148864746 s
find_covered_races_time: 1.05514502525 s
per_packet_inconsistent_time: 0.0341560840607 s
find_inconsistent_update_time: -0.00168395042419 s
Read 2141 events.
Added 2106 events.
Total write operations: 286
Total read operations: 359
Processing 40755 w/w combinations
Updating has_path path cache...
10% 
20% 
30% 
40% 
50% 
60% 
70% 
80% 
90% 
100% 
Processing 102674 r/w combinations
10% 
20% 
30% 
40% 
50% 
60% 
70% 
80% 
90% 
100% 
Updating has_path path cache...
+-------------------------------------------+
| Total operations:      645                |
| Total write operations: 286               |
| Total read operations:  359               |
+-------------------------------------------+
| Total commuting races: 13179              |
| Total harmful races:   373                |
| Total filtered races:  0                  |
| Total Time Filtered races:  6895          |
| Total Time Edges:      6895               |
+-------------------------------------------+
Number of packet traces with races: 48
Number of packet inconsistencies:  45
Number of packet inconsistencies that are actually consistent (covered):  1
Number of packet inconsistencies the first race is already inconsistent:  2
Number of packet inconsistencies after trimming repeated races:  45
Number of packet inconsistent updates:  98
Number of races:  20447
Number of races filtered by time:  6895
Number of commuting races:  13179
Number of harmful races:  358
Number of covered races:  15
Number of versions: 127
Inconsistent updates: 7
Done. Time elapsed: 7.65259790421 s
load_trace: 4.15282487869 s
detect_races: 2.25945901871 s
extract_traces_time: 0.0383729934692 s
find_reactive_cmds_time: 0.00647497177124 s
find_proactive_cmds_time: 0.0220410823822 s
find_covered_races_time: 1.1300239563 s
per_packet_inconsistent_time: 0.0404300689697 s
find_inconsistent_update_time: -0.00293183326721 s
Read 2141 events.
Added 2106 events.
Total write operations: 286
Total read operations: 359
Processing 40755 w/w combinations
Updating has_path path cache...
10% 
20% 
30% 
40% 
50% 
60% 
70% 
80% 
90% 
100% 
Processing 102674 r/w combinations
10% 
20% 
30% 
40% 
50% 
60% 
70% 
80% 
90% 
100% 
Updating has_path path cache...
+-------------------------------------------+
| Total operations:      645                |
| Total write operations: 286               |
| Total read operations:  359               |
+-------------------------------------------+
| Total commuting races: 13179              |
| Total harmful races:   448                |
| Total filtered races:  0                  |
| Total Time Filtered races:  6820          |
| Total Time Edges:      6820               |
+-------------------------------------------+
Number of packet traces with races: 49
Number of packet inconsistencies:  46
Number of packet inconsistencies that are actually consistent (covered):  1
Number of packet inconsistencies the first race is already inconsistent:  2
Number of packet inconsistencies after trimming repeated races:  46
Number of packet inconsistent updates:  140
Number of races:  20447
Number of races filtered by time:  6820
Number of commuting races:  13179
Number of harmful races:  423
Number of covered races:  25
Number of versions: 127
Inconsistent updates: 10
Done. Time elapsed: 7.8097140789 s
load_trace: 4.36561703682 s
detect_races: 2.23607206345 s
extract_traces_time: 0.0392940044403 s
find_reactive_cmds_time: 0.0090548992157 s
find_proactive_cmds_time: 0.0232820510864 s
find_covered_races_time: 1.08651614189 s
per_packet_inconsistent_time: 0.0458769798279 s
find_inconsistent_update_time: -0.00396203994751 s
Read 2141 events.
Added 2106 events.
Total write operations: 286
Total read operations: 359
Processing 40755 w/w combinations
Updating has_path path cache...
10% 
20% 
30% 
40% 
50% 
60% 
70% 
80% 
90% 
100% 
Processing 102674 r/w combinations
10% 
20% 
30% 
40% 
50% 
60% 
70% 
80% 
90% 
100% 
Updating has_path path cache...
+-------------------------------------------+
| Total operations:      645                |
| Total write operations: 286               |
| Total read operations:  359               |
+-------------------------------------------+
| Total commuting races: 13179              |
| Total harmful races:   510                |
| Total filtered races:  0                  |
| Total Time Filtered races:  6758          |
| Total Time Edges:      6758               |
+-------------------------------------------+
Number of packet traces with races: 53
Number of packet inconsistencies:  48
Number of packet inconsistencies that are actually consistent (covered):  1
Number of packet inconsistencies the first race is already inconsistent:  4
Number of packet inconsistencies after trimming repeated races:  48
Number of packet inconsistent updates:  168
Number of races:  20447
Number of races filtered by time:  6758
Number of commuting races:  13179
Number of harmful races:  480
Number of covered races:  30
Number of versions: 127
Inconsistent updates: 12
Done. Time elapsed: 7.62299489975 s
load_trace: 4.14133191109 s
detect_races: 2.21387600899 s
extract_traces_time: 0.0373499393463 s
find_reactive_cmds_time: 0.00598812103271 s
find_proactive_cmds_time: 0.0255780220032 s
find_covered_races_time: 1.14191889763 s
per_packet_inconsistent_time: 0.0521881580353 s
find_inconsistent_update_time: -0.00470685958862 s
Read 2141 events.
Added 2106 events.
Total write operations: 286
Total read operations: 359
Processing 40755 w/w combinations
Updating has_path path cache...
10% 
20% 
30% 
40% 
50% 
60% 
70% 
80% 
90% 
100% 
Processing 102674 r/w combinations
10% 
20% 
30% 
40% 
50% 
60% 
70% 
80% 
90% 
100% 
Updating has_path path cache...
+-------------------------------------------+
| Total operations:      645                |
| Total write operations: 286               |
| Total read operations:  359               |
+-------------------------------------------+
| Total commuting races: 13179              |
| Total harmful races:   571                |
| Total filtered races:  0                  |
| Total Time Filtered races:  6697          |
| Total Time Edges:      6697               |
+-------------------------------------------+
Number of packet traces with races: 57
Number of packet inconsistencies:  52
Number of packet inconsistencies that are actually consistent (covered):  1
Number of packet inconsistencies the first race is already inconsistent:  4
Number of packet inconsistencies after trimming repeated races:  51
Number of packet inconsistent updates:  168
Number of races:  20447
Number of races filtered by time:  6697
Number of commuting races:  13179
Number of harmful races:  535
Number of covered races:  36
Number of versions: 127
Inconsistent updates: 12
Done. Time elapsed: 7.55688405037 s
load_trace: 4.15132188797 s
detect_races: 2.11506199837 s
extract_traces_time: 0.0347971916199 s
find_reactive_cmds_time: 0.00671482086182 s
find_proactive_cmds_time: 0.0239930152893 s
find_covered_races_time: 1.16175198555 s
per_packet_inconsistent_time: 0.0581831932068 s
find_inconsistent_update_time: -0.00501799583435 s
Read 2141 events.
Added 2106 events.
Total write operations: 286
Total read operations: 359
Processing 40755 w/w combinations
Updating has_path path cache...
10% 
20% 
30% 
40% 
50% 
60% 
70% 
80% 
90% 
100% 
Processing 102674 r/w combinations
10% 
20% 
30% 
40% 
50% 
60% 
70% 
80% 
90% 
100% 
Updating has_path path cache...
+-------------------------------------------+
| Total operations:      645                |
| Total write operations: 286               |
| Total read operations:  359               |
+-------------------------------------------+
| Total commuting races: 13179              |
| Total harmful races:   651                |
| Total filtered races:  0                  |
| Total Time Filtered races:  6617          |
| Total Time Edges:      6617               |
+-------------------------------------------+
Number of packet traces with races: 61
Number of packet inconsistencies:  53
Number of packet inconsistencies that are actually consistent (covered):  1
Number of packet inconsistencies the first race is already inconsistent:  7
Number of packet inconsistencies after trimming repeated races:  52
Number of packet inconsistent updates:  196
Number of races:  20447
Number of races filtered by time:  6617
Number of commuting races:  13179
Number of harmful races:  613
Number of covered races:  38
Number of versions: 127
Inconsistent updates: 18
Done. Time elapsed: 7.88065218925 s
load_trace: 4.0503680706 s
detect_races: 2.13084292412 s
extract_traces_time: 0.0371429920197 s
find_reactive_cmds_time: 0.00635313987732 s
find_proactive_cmds_time: 0.0215139389038 s
find_covered_races_time: 1.55941605568 s
per_packet_inconsistent_time: 0.0673038959503 s
find_inconsistent_update_time: -0.00766611099243 s
Read 2141 events.
Added 2106 events.
Total write operations: 286
Total read operations: 359
Processing 40755 w/w combinations
Updating has_path path cache...
10% 
20% 
30% 
40% 
50% 
60% 
70% 
80% 
90% 
100% 
Processing 102674 r/w combinations
10% 
20% 
30% 
40% 
50% 
60% 
70% 
80% 
90% 
100% 
Updating has_path path cache...
+-------------------------------------------+
| Total operations:      645                |
| Total write operations: 286               |
| Total read operations:  359               |
+-------------------------------------------+
| Total commuting races: 13179              |
| Total harmful races:   844                |
| Total filtered races:  0                  |
| Total Time Filtered races:  6424          |
| Total Time Edges:      6424               |
+-------------------------------------------+
Number of packet traces with races: 64
Number of packet inconsistencies:  55
Number of packet inconsistencies that are actually consistent (covered):  1
Number of packet inconsistencies the first race is already inconsistent:  8
Number of packet inconsistencies after trimming repeated races:  54
Number of packet inconsistent updates:  330
Number of races:  20447
Number of races filtered by time:  6424
Number of commuting races:  13179
Number of harmful races:  802
Number of covered races:  42
Number of versions: 127
Inconsistent updates: 42
Done. Time elapsed: 9.40235590935 s
load_trace: 4.07197093964 s
detect_races: 2.10450005531 s
extract_traces_time: 0.0358378887177 s
find_reactive_cmds_time: 0.00650691986084 s
find_proactive_cmds_time: 0.0218381881714 s
find_covered_races_time: 3.05823397636 s
per_packet_inconsistent_time: 0.091276884079 s
find_inconsistent_update_time: -0.0121469497681 s
Read 2141 events.
Added 2106 events.
Total write operations: 286
Total read operations: 359
Processing 40755 w/w combinations
Updating has_path path cache...
10% 
20% 
30% 
40% 
50% 
60% 
70% 
80% 
90% 
100% 
Processing 102674 r/w combinations
10% 
20% 
30% 
40% 
50% 
60% 
70% 
80% 
90% 
100% 
Updating has_path path cache...
+-------------------------------------------+
| Total operations:      645                |
| Total write operations: 286               |
| Total read operations:  359               |
+-------------------------------------------+
| Total commuting races: 13179              |
| Total harmful races:   1265               |
| Total filtered races:  0                  |
| Total Time Filtered races:  6003          |
| Total Time Edges:      6003               |
+-------------------------------------------+
Number of packet traces with races: 66
Number of packet inconsistencies:  56
Number of packet inconsistencies that are actually consistent (covered):  1
Number of packet inconsistencies the first race is already inconsistent:  9
Number of packet inconsistencies after trimming repeated races:  55
Number of packet inconsistent updates:  680
Number of races:  20447
Number of races filtered by time:  6003
Number of commuting races:  13179
Number of harmful races:  1216
Number of covered races:  49
Number of versions: 127
Inconsistent updates: 96
Done. Time elapsed: 12.2706639767 s
load_trace: 4.11634206772 s
detect_races: 2.20701408386 s
extract_traces_time: 0.0334048271179 s
find_reactive_cmds_time: 0.00743818283081 s
find_proactive_cmds_time: 0.0232989788055 s
find_covered_races_time: 5.74237585068 s
per_packet_inconsistent_time: 0.117038011551 s
find_inconsistent_update_time: -0.0236780643463 s
Read 2141 events.
Added 2106 events.
Total write operations: 286
Total read operations: 359
Processing 40755 w/w combinations
Updating has_path path cache...
10% 
20% 
30% 
40% 
50% 
60% 
70% 
80% 
90% 
100% 
Processing 102674 r/w combinations
10% 
20% 
30% 
40% 
50% 
60% 
70% 
80% 
90% 
100% 
Updating has_path path cache...
+-------------------------------------------+
| Total operations:      645                |
| Total write operations: 286               |
| Total read operations:  359               |
+-------------------------------------------+
| Total commuting races: 13179              |
| Total harmful races:   1802               |
| Total filtered races:  0                  |
| Total Time Filtered races:  5466          |
| Total Time Edges:      5466               |
+-------------------------------------------+
Number of packet traces with races: 69
Number of packet inconsistencies:  56
Number of packet inconsistencies that are actually consistent (covered):  1
Number of packet inconsistencies the first race is already inconsistent:  12
Number of packet inconsistencies after trimming repeated races:  55
Number of packet inconsistent updates:  1190
Number of races:  20447
Number of races filtered by time:  5466
Number of commuting races:  13179
Number of harmful races:  1750
Number of covered races:  52
Number of versions: 127
Inconsistent updates: 174
Done. Time elapsed: 14.0792689323 s
load_trace: 4.19695591927 s
detect_races: 2.06712698936 s
extract_traces_time: 0.0353701114655 s
find_reactive_cmds_time: 0.00673389434814 s
find_proactive_cmds_time: 0.0279839038849 s
find_covered_races_time: 7.5419690609 s
per_packet_inconsistent_time: 0.167000055313 s
find_inconsistent_update_time: -0.0360729694366 s
