Read 2689 events.
Added 2659 events.
Total write operations: 34
Total read operations: 863
Processing 561 w/w combinations
Updating has_path path cache...
10% 
20% 
30% 
40% 
50% 
60% 
70% 
80% 
90% 
100% 
Processing 29342 r/w combinations
10% 
20% 
30% 
40% 
50% 
60% 
70% 
80% 
90% 
100% 
Updating has_path path cache...
+-------------------------------------------+
| Total operations:      897                |
| Total write operations: 34                |
| Total read operations:  863               |
+-------------------------------------------+
| Total commuting races: 5409               |
| Total harmful races:   1752               |
| Total filtered races:  0                  |
| Total Time Filtered races:  0             |
| Total Time Edges:      0                  |
+-------------------------------------------+
Traceback (most recent call last):
  File "./sts/happensbefore/hb_graph.py", line 1533, in <module>
    main.run()
  File "./sts/happensbefore/hb_graph.py", line 1310, in run
    proactive_cmds = self.graph.find_proactive_cmds(reactive_cmds)
  File "./sts/happensbefore/hb_graph.py", line 1094, in find_proactive_cmds
    proactive.sort(key=lambda n: n.operations[0].t)
  File "./sts/happensbefore/hb_graph.py", line 1094, in <lambda>
    proactive.sort(key=lambda n: n.operations[0].t)
IndexError: list index out of range
Read 2689 events.
Added 2659 events.
Total write operations: 34
Total read operations: 863
Processing 561 w/w combinations
Updating has_path path cache...
10% 
20% 
30% 
40% 
50% 
60% 
70% 
80% 
90% 
100% 
Processing 29342 r/w combinations
10% 
20% 
30% 
40% 
50% 
60% 
70% 
80% 
90% 
100% 
Updating has_path path cache...
+-------------------------------------------+
| Total operations:      897                |
| Total write operations: 34                |
| Total read operations:  863               |
+-------------------------------------------+
| Total commuting races: 5409               |
| Total harmful races:   0                  |
| Total filtered races:  0                  |
| Total Time Filtered races:  1752          |
| Total Time Edges:      1752               |
+-------------------------------------------+
Traceback (most recent call last):
  File "./sts/happensbefore/hb_graph.py", line 1533, in <module>
    main.run()
  File "./sts/happensbefore/hb_graph.py", line 1310, in run
    proactive_cmds = self.graph.find_proactive_cmds(reactive_cmds)
  File "./sts/happensbefore/hb_graph.py", line 1094, in find_proactive_cmds
    proactive.sort(key=lambda n: n.operations[0].t)
  File "./sts/happensbefore/hb_graph.py", line 1094, in <lambda>
    proactive.sort(key=lambda n: n.operations[0].t)
IndexError: list index out of range
Read 2689 events.
Added 2659 events.
Total write operations: 34
Total read operations: 863
Processing 561 w/w combinations
Updating has_path path cache...
10% 
20% 
30% 
40% 
50% 
60% 
70% 
80% 
90% 
100% 
Processing 29342 r/w combinations
10% 
20% 
30% 
40% 
50% 
60% 
70% 
80% 
90% 
100% 
Updating has_path path cache...
+-------------------------------------------+
| Total operations:      897                |
| Total write operations: 34                |
| Total read operations:  863               |
+-------------------------------------------+
| Total commuting races: 5409               |
| Total harmful races:   5                  |
| Total filtered races:  0                  |
| Total Time Filtered races:  1747          |
| Total Time Edges:      1747               |
+-------------------------------------------+
Traceback (most recent call last):
  File "./sts/happensbefore/hb_graph.py", line 1533, in <module>
    main.run()
  File "./sts/happensbefore/hb_graph.py", line 1310, in run
    proactive_cmds = self.graph.find_proactive_cmds(reactive_cmds)
  File "./sts/happensbefore/hb_graph.py", line 1094, in find_proactive_cmds
    proactive.sort(key=lambda n: n.operations[0].t)
  File "./sts/happensbefore/hb_graph.py", line 1094, in <lambda>
    proactive.sort(key=lambda n: n.operations[0].t)
IndexError: list index out of range
Read 2689 events.
Added 2659 events.
Total write operations: 34
Total read operations: 863
Processing 561 w/w combinations
Updating has_path path cache...
10% 
20% 
30% 
40% 
50% 
60% 
70% 
80% 
90% 
100% 
Processing 29342 r/w combinations
10% 
20% 
30% 
40% 
50% 
60% 
70% 
80% 
90% 
100% 
Updating has_path path cache...
+-------------------------------------------+
| Total operations:      897                |
| Total write operations: 34                |
| Total read operations:  863               |
+-------------------------------------------+
| Total commuting races: 5409               |
| Total harmful races:   8                  |
| Total filtered races:  0                  |
| Total Time Filtered races:  1744          |
| Total Time Edges:      1744               |
+-------------------------------------------+
Traceback (most recent call last):
  File "./sts/happensbefore/hb_graph.py", line 1533, in <module>
    main.run()
  File "./sts/happensbefore/hb_graph.py", line 1310, in run
    proactive_cmds = self.graph.find_proactive_cmds(reactive_cmds)
  File "./sts/happensbefore/hb_graph.py", line 1094, in find_proactive_cmds
    proactive.sort(key=lambda n: n.operations[0].t)
  File "./sts/happensbefore/hb_graph.py", line 1094, in <lambda>
    proactive.sort(key=lambda n: n.operations[0].t)
IndexError: list index out of range
Read 2689 events.
Added 2659 events.
Total write operations: 34
Total read operations: 863
Processing 561 w/w combinations
Updating has_path path cache...
10% 
20% 
30% 
40% 
50% 
60% 
70% 
80% 
90% 
100% 
Processing 29342 r/w combinations
10% 
20% 
30% 
40% 
50% 
60% 
70% 
80% 
90% 
100% 
Updating has_path path cache...
+-------------------------------------------+
| Total operations:      897                |
| Total write operations: 34                |
| Total read operations:  863               |
+-------------------------------------------+
| Total commuting races: 5409               |
| Total harmful races:   36                 |
| Total filtered races:  0                  |
| Total Time Filtered races:  1716          |
| Total Time Edges:      1716               |
+-------------------------------------------+
Traceback (most recent call last):
  File "./sts/happensbefore/hb_graph.py", line 1533, in <module>
    main.run()
  File "./sts/happensbefore/hb_graph.py", line 1310, in run
    proactive_cmds = self.graph.find_proactive_cmds(reactive_cmds)
  File "./sts/happensbefore/hb_graph.py", line 1094, in find_proactive_cmds
    proactive.sort(key=lambda n: n.operations[0].t)
  File "./sts/happensbefore/hb_graph.py", line 1094, in <lambda>
    proactive.sort(key=lambda n: n.operations[0].t)
IndexError: list index out of range
Read 2689 events.
Added 2659 events.
Total write operations: 34
Total read operations: 863
Processing 561 w/w combinations
Updating has_path path cache...
10% 
20% 
30% 
40% 
50% 
60% 
70% 
80% 
90% 
100% 
Processing 29342 r/w combinations
10% 
20% 
30% 
40% 
50% 
60% 
70% 
80% 
90% 
100% 
Updating has_path path cache...
+-------------------------------------------+
| Total operations:      897                |
| Total write operations: 34                |
| Total read operations:  863               |
+-------------------------------------------+
| Total commuting races: 5409               |
| Total harmful races:   129                |
| Total filtered races:  0                  |
| Total Time Filtered races:  1623          |
| Total Time Edges:      1623               |
+-------------------------------------------+
Traceback (most recent call last):
  File "./sts/happensbefore/hb_graph.py", line 1533, in <module>
    main.run()
  File "./sts/happensbefore/hb_graph.py", line 1310, in run
    proactive_cmds = self.graph.find_proactive_cmds(reactive_cmds)
  File "./sts/happensbefore/hb_graph.py", line 1094, in find_proactive_cmds
    proactive.sort(key=lambda n: n.operations[0].t)
  File "./sts/happensbefore/hb_graph.py", line 1094, in <lambda>
    proactive.sort(key=lambda n: n.operations[0].t)
IndexError: list index out of range
Read 2689 events.
Added 2659 events.
Total write operations: 34
Total read operations: 863
Processing 561 w/w combinations
Updating has_path path cache...
10% 
20% 
30% 
40% 
50% 
60% 
70% 
80% 
90% 
100% 
Processing 29342 r/w combinations
10% 
20% 
30% 
40% 
50% 
60% 
70% 
80% 
90% 
100% 
Updating has_path path cache...
+-------------------------------------------+
| Total operations:      897                |
| Total write operations: 34                |
| Total read operations:  863               |
+-------------------------------------------+
| Total commuting races: 5409               |
| Total harmful races:   208                |
| Total filtered races:  0                  |
| Total Time Filtered races:  1544          |
| Total Time Edges:      1544               |
+-------------------------------------------+
Traceback (most recent call last):
  File "./sts/happensbefore/hb_graph.py", line 1533, in <module>
    main.run()
  File "./sts/happensbefore/hb_graph.py", line 1310, in run
    proactive_cmds = self.graph.find_proactive_cmds(reactive_cmds)
  File "./sts/happensbefore/hb_graph.py", line 1094, in find_proactive_cmds
    proactive.sort(key=lambda n: n.operations[0].t)
  File "./sts/happensbefore/hb_graph.py", line 1094, in <lambda>
    proactive.sort(key=lambda n: n.operations[0].t)
IndexError: list index out of range
Read 2689 events.
Added 2659 events.
Total write operations: 34
Total read operations: 863
Processing 561 w/w combinations
Updating has_path path cache...
10% 
20% 
30% 
40% 
50% 
60% 
70% 
80% 
90% 
100% 
Processing 29342 r/w combinations
10% 
20% 
30% 
40% 
50% 
60% 
70% 
80% 
90% 
100% 
Updating has_path path cache...
+-------------------------------------------+
| Total operations:      897                |
| Total write operations: 34                |
| Total read operations:  863               |
+-------------------------------------------+
| Total commuting races: 5409               |
| Total harmful races:   284                |
| Total filtered races:  0                  |
| Total Time Filtered races:  1468          |
| Total Time Edges:      1468               |
+-------------------------------------------+
Traceback (most recent call last):
  File "./sts/happensbefore/hb_graph.py", line 1533, in <module>
    main.run()
  File "./sts/happensbefore/hb_graph.py", line 1310, in run
    proactive_cmds = self.graph.find_proactive_cmds(reactive_cmds)
  File "./sts/happensbefore/hb_graph.py", line 1094, in find_proactive_cmds
    proactive.sort(key=lambda n: n.operations[0].t)
  File "./sts/happensbefore/hb_graph.py", line 1094, in <lambda>
    proactive.sort(key=lambda n: n.operations[0].t)
IndexError: list index out of range
Read 2689 events.
Added 2659 events.
Total write operations: 34
Total read operations: 863
Processing 561 w/w combinations
Updating has_path path cache...
10% 
20% 
30% 
40% 
50% 
60% 
70% 
80% 
90% 
100% 
Processing 29342 r/w combinations
10% 
20% 
30% 
40% 
50% 
60% 
70% 
80% 
90% 
100% 
Updating has_path path cache...
+-------------------------------------------+
| Total operations:      897                |
| Total write operations: 34                |
| Total read operations:  863               |
+-------------------------------------------+
| Total commuting races: 5409               |
| Total harmful races:   399                |
| Total filtered races:  0                  |
| Total Time Filtered races:  1353          |
| Total Time Edges:      1353               |
+-------------------------------------------+
Traceback (most recent call last):
  File "./sts/happensbefore/hb_graph.py", line 1533, in <module>
    main.run()
  File "./sts/happensbefore/hb_graph.py", line 1310, in run
    proactive_cmds = self.graph.find_proactive_cmds(reactive_cmds)
  File "./sts/happensbefore/hb_graph.py", line 1094, in find_proactive_cmds
    proactive.sort(key=lambda n: n.operations[0].t)
  File "./sts/happensbefore/hb_graph.py", line 1094, in <lambda>
    proactive.sort(key=lambda n: n.operations[0].t)
IndexError: list index out of range
Read 2689 events.
Added 2659 events.
Total write operations: 34
Total read operations: 863
Processing 561 w/w combinations
Updating has_path path cache...
10% 
20% 
30% 
40% 
50% 
60% 
70% 
80% 
90% 
100% 
Processing 29342 r/w combinations
10% 
20% 
30% 
40% 
50% 
60% 
70% 
80% 
90% 
100% 
Updating has_path path cache...
+-------------------------------------------+
| Total operations:      897                |
| Total write operations: 34                |
| Total read operations:  863               |
+-------------------------------------------+
| Total commuting races: 5409               |
| Total harmful races:   517                |
| Total filtered races:  0                  |
| Total Time Filtered races:  1235          |
| Total Time Edges:      1235               |
+-------------------------------------------+
Traceback (most recent call last):
  File "./sts/happensbefore/hb_graph.py", line 1533, in <module>
    main.run()
  File "./sts/happensbefore/hb_graph.py", line 1310, in run
    proactive_cmds = self.graph.find_proactive_cmds(reactive_cmds)
  File "./sts/happensbefore/hb_graph.py", line 1094, in find_proactive_cmds
    proactive.sort(key=lambda n: n.operations[0].t)
  File "./sts/happensbefore/hb_graph.py", line 1094, in <lambda>
    proactive.sort(key=lambda n: n.operations[0].t)
IndexError: list index out of range
Read 2689 events.
Added 2659 events.
Total write operations: 34
Total read operations: 863
Processing 561 w/w combinations
Updating has_path path cache...
10% 
20% 
30% 
40% 
50% 
60% 
70% 
80% 
90% 
100% 
Processing 29342 r/w combinations
10% 
20% 
30% 
40% 
50% 
60% 
70% 
80% 
90% 
100% 
Updating has_path path cache...
+-------------------------------------------+
| Total operations:      897                |
| Total write operations: 34                |
| Total read operations:  863               |
+-------------------------------------------+
| Total commuting races: 5409               |
| Total harmful races:   579                |
| Total filtered races:  0                  |
| Total Time Filtered races:  1173          |
| Total Time Edges:      1173               |
+-------------------------------------------+
Traceback (most recent call last):
  File "./sts/happensbefore/hb_graph.py", line 1533, in <module>
    main.run()
  File "./sts/happensbefore/hb_graph.py", line 1310, in run
    proactive_cmds = self.graph.find_proactive_cmds(reactive_cmds)
  File "./sts/happensbefore/hb_graph.py", line 1094, in find_proactive_cmds
    proactive.sort(key=lambda n: n.operations[0].t)
  File "./sts/happensbefore/hb_graph.py", line 1094, in <lambda>
    proactive.sort(key=lambda n: n.operations[0].t)
IndexError: list index out of range
Read 2689 events.
Added 2659 events.
Total write operations: 34
Total read operations: 863
Processing 561 w/w combinations
Updating has_path path cache...
10% 
20% 
30% 
40% 
50% 
60% 
70% 
80% 
90% 
100% 
Processing 29342 r/w combinations
10% 
20% 
30% 
40% 
50% 
60% 
70% 
80% 
90% 
100% 
Updating has_path path cache...
+-------------------------------------------+
| Total operations:      897                |
| Total write operations: 34                |
| Total read operations:  863               |
+-------------------------------------------+
| Total commuting races: 5409               |
| Total harmful races:   639                |
| Total filtered races:  0                  |
| Total Time Filtered races:  1113          |
| Total Time Edges:      1113               |
+-------------------------------------------+
Traceback (most recent call last):
  File "./sts/happensbefore/hb_graph.py", line 1533, in <module>
    main.run()
  File "./sts/happensbefore/hb_graph.py", line 1310, in run
    proactive_cmds = self.graph.find_proactive_cmds(reactive_cmds)
  File "./sts/happensbefore/hb_graph.py", line 1094, in find_proactive_cmds
    proactive.sort(key=lambda n: n.operations[0].t)
  File "./sts/happensbefore/hb_graph.py", line 1094, in <lambda>
    proactive.sort(key=lambda n: n.operations[0].t)
IndexError: list index out of range
