Read 2543 events.
Added 1150 events.
Total write operations: 187
Total read operations: 199
Processing 17391 w/w combinations
Updating has_path path cache...
10% 
20% 
30% 
40% 
50% 
60% 
70% 
80% 
90% 
100% 
Processing 37213 r/w combinations
10% 
20% 
30% 
40% 
50% 
60% 
70% 
80% 
90% 
100% 
Updating has_path path cache...
+-------------------------------------------+
| Total operations:      386                |
| Total write operations: 187               |
| Total read operations:  199               |
+-------------------------------------------+
| Total commuting races: 10661              |
| Total harmful races:   706                |
| Total filtered races:  0                  |
| Total Time Filtered races:  0             |
| Total Time Edges:      0                  |
+-------------------------------------------+
Number of packet traces with races: 127
Number of packet inconsistencies:  12
Number of packet inconsistencies that are actually consistent (covered):  4
Number of packet inconsistencies the first race is already inconsistent:  111
Number of packet inconsistencies after trimming repeated races:  9
Number of packet inconsistent updates:  146
Number of races:  11367
Number of races filtered by time:  0
Number of commuting races:  10661
Number of harmful races:  681
Number of covered races:  25
Number of versions: 177
Inconsistent updates: 1
Done. Time elapsed: 2.65690207481 s
load_trace: 1.98397517204 s
detect_races: 0.457047939301 s
extract_traces_time: 0.0476679801941 s
find_reactive_cmds_time: 0.00235390663147 s
find_proactive_cmds_time: 0.0318500995636 s
find_covered_races_time: 0.0163378715515 s
per_packet_inconsistent_time: 0.113898038864 s
find_inconsistent_update_time: -0.00373101234436 s
Read 2543 events.
Added 1150 events.
Total write operations: 187
Total read operations: 199
Processing 17391 w/w combinations
Updating has_path path cache...
10% 
20% 
30% 
40% 
50% 
60% 
70% 
80% 
90% 
100% 
Processing 37213 r/w combinations
10% 
20% 
30% 
40% 
50% 
60% 
70% 
80% 
90% 
100% 
Updating has_path path cache...
+-------------------------------------------+
| Total operations:      386                |
| Total write operations: 187               |
| Total read operations:  199               |
+-------------------------------------------+
| Total commuting races: 10661              |
| Total harmful races:   0                  |
| Total filtered races:  0                  |
| Total Time Filtered races:  706           |
| Total Time Edges:      706                |
+-------------------------------------------+
Number of packet traces with races: 0
Number of packet inconsistencies:  0
Number of packet inconsistencies that are actually consistent (covered):  0
Number of packet inconsistencies the first race is already inconsistent:  0
Number of packet inconsistencies after trimming repeated races:  0
Number of packet inconsistent updates:  0
Number of races:  11367
Number of races filtered by time:  706
Number of commuting races:  10661
Number of harmful races:  0
Number of covered races:  0
Number of versions: 177
Inconsistent updates: 0
Done. Time elapsed: 2.40394282341 s
load_trace: 1.85636091232 s
detect_races: 0.467361927032 s
extract_traces_time: 0.0536780357361 s
find_reactive_cmds_time: 0.00280904769897 s
find_proactive_cmds_time: 0.0214850902557 s
find_covered_races_time: 0.00138187408447 s
per_packet_inconsistent_time: 0.000801086425781 s
find_inconsistent_update_time: -3.09944152832e-05 s
Read 2543 events.
Added 1150 events.
Total write operations: 187
Total read operations: 199
Processing 17391 w/w combinations
Updating has_path path cache...
10% 
20% 
30% 
40% 
50% 
60% 
70% 
80% 
90% 
100% 
Processing 37213 r/w combinations
10% 
20% 
30% 
40% 
50% 
60% 
70% 
80% 
90% 
100% 
Updating has_path path cache...
+-------------------------------------------+
| Total operations:      386                |
| Total write operations: 187               |
| Total read operations:  199               |
+-------------------------------------------+
| Total commuting races: 10661              |
| Total harmful races:   51                 |
| Total filtered races:  0                  |
| Total Time Filtered races:  655           |
| Total Time Edges:      655                |
+-------------------------------------------+
Number of packet traces with races: 4
Number of packet inconsistencies:  3
Number of packet inconsistencies that are actually consistent (covered):  0
Number of packet inconsistencies the first race is already inconsistent:  1
Number of packet inconsistencies after trimming repeated races:  2
Number of packet inconsistent updates:  0
Number of races:  11367
Number of races filtered by time:  655
Number of commuting races:  10661
Number of harmful races:  51
Number of covered races:  0
Number of versions: 177
Inconsistent updates: 0
Done. Time elapsed: 2.37309122086 s
load_trace: 1.84900403023 s
detect_races: 0.444239139557 s
extract_traces_time: 0.0499320030212 s
find_reactive_cmds_time: 0.00180792808533 s
find_proactive_cmds_time: 0.019581079483 s
find_covered_races_time: 0.00277304649353 s
per_packet_inconsistent_time: 0.00560283660889 s
find_inconsistent_update_time: -0.000118017196655 s
Read 2543 events.
Added 1150 events.
Total write operations: 187
Total read operations: 199
Processing 17391 w/w combinations
Updating has_path path cache...
10% 
20% 
30% 
40% 
50% 
60% 
70% 
80% 
90% 
100% 
Processing 37213 r/w combinations
10% 
20% 
30% 
40% 
50% 
60% 
70% 
80% 
90% 
100% 
Updating has_path path cache...
+-------------------------------------------+
| Total operations:      386                |
| Total write operations: 187               |
| Total read operations:  199               |
+-------------------------------------------+
| Total commuting races: 10661              |
| Total harmful races:   66                 |
| Total filtered races:  0                  |
| Total Time Filtered races:  640           |
| Total Time Edges:      640                |
+-------------------------------------------+
Number of packet traces with races: 10
Number of packet inconsistencies:  4
Number of packet inconsistencies that are actually consistent (covered):  0
Number of packet inconsistencies the first race is already inconsistent:  6
Number of packet inconsistencies after trimming repeated races:  3
Number of packet inconsistent updates:  2
Number of races:  11367
Number of races filtered by time:  640
Number of commuting races:  10661
Number of harmful races:  66
Number of covered races:  0
Number of versions: 177
Inconsistent updates: 1
Done. Time elapsed: 2.42942404747 s
load_trace: 1.91652488708 s
detect_races: 0.429130077362 s
extract_traces_time: 0.0505030155182 s
find_reactive_cmds_time: 0.00318312644958 s
find_proactive_cmds_time: 0.020115852356 s
find_covered_races_time: 0.00271010398865 s
per_packet_inconsistent_time: 0.00701594352722 s
find_inconsistent_update_time: -0.000205039978027 s
Read 2543 events.
Added 1150 events.
Total write operations: 187
Total read operations: 199
Processing 17391 w/w combinations
Updating has_path path cache...
10% 
20% 
30% 
40% 
50% 
60% 
70% 
80% 
90% 
100% 
Processing 37213 r/w combinations
10% 
20% 
30% 
40% 
50% 
60% 
70% 
80% 
90% 
100% 
Updating has_path path cache...
+-------------------------------------------+
| Total operations:      386                |
| Total write operations: 187               |
| Total read operations:  199               |
+-------------------------------------------+
| Total commuting races: 10661              |
| Total harmful races:   106                |
| Total filtered races:  0                  |
| Total Time Filtered races:  600           |
| Total Time Edges:      600                |
+-------------------------------------------+
Number of packet traces with races: 34
Number of packet inconsistencies:  4
Number of packet inconsistencies that are actually consistent (covered):  0
Number of packet inconsistencies the first race is already inconsistent:  30
Number of packet inconsistencies after trimming repeated races:  3
Number of packet inconsistent updates:  4
Number of races:  11367
Number of races filtered by time:  600
Number of commuting races:  10661
Number of harmful races:  106
Number of covered races:  0
Number of versions: 177
Inconsistent updates: 1
Done. Time elapsed: 2.38061594963 s
load_trace: 1.82694005966 s
detect_races: 0.463738918304 s
extract_traces_time: 0.0497841835022 s
find_reactive_cmds_time: 0.00187087059021 s
find_proactive_cmds_time: 0.0205719470978 s
find_covered_races_time: 0.00345706939697 s
per_packet_inconsistent_time: 0.0139050483704 s
find_inconsistent_update_time: -0.000308036804199 s
Read 2543 events.
Added 1150 events.
Total write operations: 187
Total read operations: 199
Processing 17391 w/w combinations
Updating has_path path cache...
10% 
20% 
30% 
40% 
50% 
60% 
70% 
80% 
90% 
100% 
Processing 37213 r/w combinations
10% 
20% 
30% 
40% 
50% 
60% 
70% 
80% 
90% 
100% 
Updating has_path path cache...
+-------------------------------------------+
| Total operations:      386                |
| Total write operations: 187               |
| Total read operations:  199               |
+-------------------------------------------+
| Total commuting races: 10661              |
| Total harmful races:   144                |
| Total filtered races:  0                  |
| Total Time Filtered races:  562           |
| Total Time Edges:      562                |
+-------------------------------------------+
Number of packet traces with races: 57
Number of packet inconsistencies:  5
Number of packet inconsistencies that are actually consistent (covered):  0
Number of packet inconsistencies the first race is already inconsistent:  52
Number of packet inconsistencies after trimming repeated races:  4
Number of packet inconsistent updates:  12
Number of races:  11367
Number of races filtered by time:  562
Number of commuting races:  10661
Number of harmful races:  144
Number of covered races:  0
Number of versions: 177
Inconsistent updates: 1
Done. Time elapsed: 2.38038706779 s
load_trace: 1.83195018768 s
detect_races: 0.452144861221 s
extract_traces_time: 0.0497801303864 s
find_reactive_cmds_time: 0.0018298625946 s
find_proactive_cmds_time: 0.0188930034637 s
find_covered_races_time: 0.00387907028198 s
per_packet_inconsistent_time: 0.0213220119476 s
find_inconsistent_update_time: -0.000548839569092 s
Read 2543 events.
Added 1150 events.
Total write operations: 187
Total read operations: 199
Processing 17391 w/w combinations
Updating has_path path cache...
10% 
20% 
30% 
40% 
50% 
60% 
70% 
80% 
90% 
100% 
Processing 37213 r/w combinations
10% 
20% 
30% 
40% 
50% 
60% 
70% 
80% 
90% 
100% 
Updating has_path path cache...
+-------------------------------------------+
| Total operations:      386                |
| Total write operations: 187               |
| Total read operations:  199               |
+-------------------------------------------+
| Total commuting races: 10661              |
| Total harmful races:   182                |
| Total filtered races:  0                  |
| Total Time Filtered races:  524           |
| Total Time Edges:      524                |
+-------------------------------------------+
Number of packet traces with races: 74
Number of packet inconsistencies:  5
Number of packet inconsistencies that are actually consistent (covered):  0
Number of packet inconsistencies the first race is already inconsistent:  69
Number of packet inconsistencies after trimming repeated races:  4
Number of packet inconsistent updates:  18
Number of races:  11367
Number of races filtered by time:  524
Number of commuting races:  10661
Number of harmful races:  182
Number of covered races:  0
Number of versions: 177
Inconsistent updates: 1
Done. Time elapsed: 2.48108386993 s
load_trace: 1.89160990715 s
detect_races: 0.476921081543 s
extract_traces_time: 0.0508370399475 s
find_reactive_cmds_time: 0.00206685066223 s
find_proactive_cmds_time: 0.024845123291 s
find_covered_races_time: 0.00533485412598 s
per_packet_inconsistent_time: 0.0286781787872 s
find_inconsistent_update_time: -0.000746011734009 s
Read 2543 events.
Added 1150 events.
Total write operations: 187
Total read operations: 199
Processing 17391 w/w combinations
Updating has_path path cache...
10% 
20% 
30% 
40% 
50% 
60% 
70% 
80% 
90% 
100% 
Processing 37213 r/w combinations
10% 
20% 
30% 
40% 
50% 
60% 
70% 
80% 
90% 
100% 
Updating has_path path cache...
+-------------------------------------------+
| Total operations:      386                |
| Total write operations: 187               |
| Total read operations:  199               |
+-------------------------------------------+
| Total commuting races: 10661              |
| Total harmful races:   230                |
| Total filtered races:  0                  |
| Total Time Filtered races:  476           |
| Total Time Edges:      476                |
+-------------------------------------------+
Number of packet traces with races: 83
Number of packet inconsistencies:  7
Number of packet inconsistencies that are actually consistent (covered):  0
Number of packet inconsistencies the first race is already inconsistent:  76
Number of packet inconsistencies after trimming repeated races:  5
Number of packet inconsistent updates:  36
Number of races:  11367
Number of races filtered by time:  476
Number of commuting races:  10661
Number of harmful races:  230
Number of covered races:  0
Number of versions: 177
Inconsistent updates: 1
Done. Time elapsed: 2.35559511185 s
load_trace: 1.81186103821 s
detect_races: 0.435224056244 s
extract_traces_time: 0.0444848537445 s
find_reactive_cmds_time: 0.00224018096924 s
find_proactive_cmds_time: 0.0206818580627 s
find_covered_races_time: 0.00520610809326 s
per_packet_inconsistent_time: 0.0347030162811 s
find_inconsistent_update_time: -0.00115489959717 s
Read 2543 events.
Added 1150 events.
Total write operations: 187
Total read operations: 199
Processing 17391 w/w combinations
Updating has_path path cache...
10% 
20% 
30% 
40% 
50% 
60% 
70% 
80% 
90% 
100% 
Processing 37213 r/w combinations
10% 
20% 
30% 
40% 
50% 
60% 
70% 
80% 
90% 
100% 
Updating has_path path cache...
+-------------------------------------------+
| Total operations:      386                |
| Total write operations: 187               |
| Total read operations:  199               |
+-------------------------------------------+
| Total commuting races: 10661              |
| Total harmful races:   276                |
| Total filtered races:  0                  |
| Total Time Filtered races:  430           |
| Total Time Edges:      430                |
+-------------------------------------------+
Number of packet traces with races: 93
Number of packet inconsistencies:  8
Number of packet inconsistencies that are actually consistent (covered):  0
Number of packet inconsistencies the first race is already inconsistent:  85
Number of packet inconsistencies after trimming repeated races:  6
Number of packet inconsistent updates:  46
Number of races:  11367
Number of races filtered by time:  430
Number of commuting races:  10661
Number of harmful races:  276
Number of covered races:  0
Number of versions: 177
Inconsistent updates: 1
Done. Time elapsed: 2.47352695465 s
load_trace: 1.89760184288 s
detect_races: 0.46205496788 s
extract_traces_time: 0.0469701290131 s
find_reactive_cmds_time: 0.00185704231262 s
find_proactive_cmds_time: 0.019031047821 s
find_covered_races_time: 0.00551986694336 s
per_packet_inconsistent_time: 0.039097070694 s
find_inconsistent_update_time: -0.00135803222656 s
Read 2543 events.
Added 1150 events.
Total write operations: 187
Total read operations: 199
Processing 17391 w/w combinations
Updating has_path path cache...
10% 
20% 
30% 
40% 
50% 
60% 
70% 
80% 
90% 
100% 
Processing 37213 r/w combinations
10% 
20% 
30% 
40% 
50% 
60% 
70% 
80% 
90% 
100% 
Updating has_path path cache...
+-------------------------------------------+
| Total operations:      386                |
| Total write operations: 187               |
| Total read operations:  199               |
+-------------------------------------------+
| Total commuting races: 10661              |
| Total harmful races:   302                |
| Total filtered races:  0                  |
| Total Time Filtered races:  404           |
| Total Time Edges:      404                |
+-------------------------------------------+
Number of packet traces with races: 95
Number of packet inconsistencies:  8
Number of packet inconsistencies that are actually consistent (covered):  0
Number of packet inconsistencies the first race is already inconsistent:  87
Number of packet inconsistencies after trimming repeated races:  6
Number of packet inconsistent updates:  54
Number of races:  11367
Number of races filtered by time:  404
Number of commuting races:  10661
Number of harmful races:  302
Number of covered races:  0
Number of versions: 177
Inconsistent updates: 1
Done. Time elapsed: 2.43649101257 s
load_trace: 1.83844709396 s
detect_races: 0.473729848862 s
extract_traces_time: 0.0465161800385 s
find_reactive_cmds_time: 0.00192189216614 s
find_proactive_cmds_time: 0.0205309391022 s
find_covered_races_time: 0.00635004043579 s
per_packet_inconsistent_time: 0.0471930503845 s
find_inconsistent_update_time: -0.00175905227661 s
Read 2543 events.
Added 1150 events.
Total write operations: 187
Total read operations: 199
Processing 17391 w/w combinations
Updating has_path path cache...
10% 
20% 
30% 
40% 
50% 
60% 
70% 
80% 
90% 
100% 
Processing 37213 r/w combinations
10% 
20% 
30% 
40% 
50% 
60% 
70% 
80% 
90% 
100% 
Updating has_path path cache...
+-------------------------------------------+
| Total operations:      386                |
| Total write operations: 187               |
| Total read operations:  199               |
+-------------------------------------------+
| Total commuting races: 10661              |
| Total harmful races:   329                |
| Total filtered races:  0                  |
| Total Time Filtered races:  377           |
| Total Time Edges:      377                |
+-------------------------------------------+
Number of packet traces with races: 97
Number of packet inconsistencies:  10
Number of packet inconsistencies that are actually consistent (covered):  0
Number of packet inconsistencies the first race is already inconsistent:  87
Number of packet inconsistencies after trimming repeated races:  8
Number of packet inconsistent updates:  60
Number of races:  11367
Number of races filtered by time:  377
Number of commuting races:  10661
Number of harmful races:  329
Number of covered races:  0
Number of versions: 177
Inconsistent updates: 1
Done. Time elapsed: 2.39151716232 s
load_trace: 1.8204190731 s
detect_races: 0.446011066437 s
extract_traces_time: 0.0443470478058 s
find_reactive_cmds_time: 0.0018298625946 s
find_proactive_cmds_time: 0.0190031528473 s
find_covered_races_time: 0.007248878479 s
per_packet_inconsistent_time: 0.0508489608765 s
find_inconsistent_update_time: -0.0017671585083 s
Read 2543 events.
Added 1150 events.
Total write operations: 187
Total read operations: 199
Processing 17391 w/w combinations
Updating has_path path cache...
10% 
20% 
30% 
40% 
50% 
60% 
70% 
80% 
90% 
100% 
Processing 37213 r/w combinations
10% 
20% 
30% 
40% 
50% 
60% 
70% 
80% 
90% 
100% 
Updating has_path path cache...
+-------------------------------------------+
| Total operations:      386                |
| Total write operations: 187               |
| Total read operations:  199               |
+-------------------------------------------+
| Total commuting races: 10661              |
| Total harmful races:   357                |
| Total filtered races:  0                  |
| Total Time Filtered races:  349           |
| Total Time Edges:      349                |
+-------------------------------------------+
Number of packet traces with races: 99
Number of packet inconsistencies:  10
Number of packet inconsistencies that are actually consistent (covered):  0
Number of packet inconsistencies the first race is already inconsistent:  89
Number of packet inconsistencies after trimming repeated races:  8
Number of packet inconsistent updates:  66
Number of races:  11367
Number of races filtered by time:  349
Number of commuting races:  10661
Number of harmful races:  357
Number of covered races:  0
Number of versions: 177
Inconsistent updates: 1
Done. Time elapsed: 2.54132795334 s
load_trace: 1.92848110199 s
detect_races: 0.472252845764 s
extract_traces_time: 0.0477411746979 s
find_reactive_cmds_time: 0.00200891494751 s
find_proactive_cmds_time: 0.0242331027985 s
find_covered_races_time: 0.00705599784851 s
per_packet_inconsistent_time: 0.0568389892578 s
find_inconsistent_update_time: -0.00266194343567 s
