Read 99 events.
Added 89 events.
Total write operations: 8
Total read operations: 17
Processing 28 w/w combinations
Updating has_path path cache...
10% 
20% 
30% 
40% 
50% 
60% 
70% 
80% 
90% 
100% 
Processing 136 r/w combinations
10% 
20% 
30% 
40% 
50% 
60% 
70% 
80% 
90% 
100% 
Updating has_path path cache...
+-------------------------------------------+
| Total operations:      25                 |
| Total write operations: 8                 |
| Total read operations:  17                |
+-------------------------------------------+
| Total commuting races: 25                 |
| Total harmful races:   38                 |
| Total filtered races:  0                  |
| Total Time Filtered races:  0             |
| Total Time Edges:      0                  |
+-------------------------------------------+
Traceback (most recent call last):
  File "./sts/happensbefore/hb_graph.py", line 1533, in <module>
    main.run()
  File "./sts/happensbefore/hb_graph.py", line 1310, in run
    proactive_cmds = self.graph.find_proactive_cmds(reactive_cmds)
  File "./sts/happensbefore/hb_graph.py", line 1094, in find_proactive_cmds
    proactive.sort(key=lambda n: n.operations[0].t)
  File "./sts/happensbefore/hb_graph.py", line 1094, in <lambda>
    proactive.sort(key=lambda n: n.operations[0].t)
IndexError: list index out of range
Read 99 events.
Added 89 events.
Total write operations: 8
Total read operations: 17
Processing 28 w/w combinations
Updating has_path path cache...
10% 
20% 
30% 
40% 
50% 
60% 
70% 
80% 
90% 
100% 
Processing 136 r/w combinations
10% 
20% 
30% 
40% 
50% 
60% 
70% 
80% 
90% 
100% 
Updating has_path path cache...
+-------------------------------------------+
| Total operations:      25                 |
| Total write operations: 8                 |
| Total read operations:  17                |
+-------------------------------------------+
| Total commuting races: 25                 |
| Total harmful races:   0                  |
| Total filtered races:  0                  |
| Total Time Filtered races:  38            |
| Total Time Edges:      38                 |
+-------------------------------------------+
Traceback (most recent call last):
  File "./sts/happensbefore/hb_graph.py", line 1533, in <module>
    main.run()
  File "./sts/happensbefore/hb_graph.py", line 1310, in run
    proactive_cmds = self.graph.find_proactive_cmds(reactive_cmds)
  File "./sts/happensbefore/hb_graph.py", line 1094, in find_proactive_cmds
    proactive.sort(key=lambda n: n.operations[0].t)
  File "./sts/happensbefore/hb_graph.py", line 1094, in <lambda>
    proactive.sort(key=lambda n: n.operations[0].t)
IndexError: list index out of range
Read 99 events.
Added 89 events.
Total write operations: 8
Total read operations: 17
Processing 28 w/w combinations
Updating has_path path cache...
10% 
20% 
30% 
40% 
50% 
60% 
70% 
80% 
90% 
100% 
Processing 136 r/w combinations
10% 
20% 
30% 
40% 
50% 
60% 
70% 
80% 
90% 
100% 
Updating has_path path cache...
+-------------------------------------------+
| Total operations:      25                 |
| Total write operations: 8                 |
| Total read operations:  17                |
+-------------------------------------------+
| Total commuting races: 25                 |
| Total harmful races:   14                 |
| Total filtered races:  0                  |
| Total Time Filtered races:  24            |
| Total Time Edges:      24                 |
+-------------------------------------------+
Traceback (most recent call last):
  File "./sts/happensbefore/hb_graph.py", line 1533, in <module>
    main.run()
  File "./sts/happensbefore/hb_graph.py", line 1310, in run
    proactive_cmds = self.graph.find_proactive_cmds(reactive_cmds)
  File "./sts/happensbefore/hb_graph.py", line 1094, in find_proactive_cmds
    proactive.sort(key=lambda n: n.operations[0].t)
  File "./sts/happensbefore/hb_graph.py", line 1094, in <lambda>
    proactive.sort(key=lambda n: n.operations[0].t)
IndexError: list index out of range
Read 99 events.
Added 89 events.
Total write operations: 8
Total read operations: 17
Processing 28 w/w combinations
Updating has_path path cache...
10% 
20% 
30% 
40% 
50% 
60% 
70% 
80% 
90% 
100% 
Processing 136 r/w combinations
10% 
20% 
30% 
40% 
50% 
60% 
70% 
80% 
90% 
100% 
Updating has_path path cache...
+-------------------------------------------+
| Total operations:      25                 |
| Total write operations: 8                 |
| Total read operations:  17                |
+-------------------------------------------+
| Total commuting races: 25                 |
| Total harmful races:   20                 |
| Total filtered races:  0                  |
| Total Time Filtered races:  18            |
| Total Time Edges:      18                 |
+-------------------------------------------+
Traceback (most recent call last):
  File "./sts/happensbefore/hb_graph.py", line 1533, in <module>
    main.run()
  File "./sts/happensbefore/hb_graph.py", line 1310, in run
    proactive_cmds = self.graph.find_proactive_cmds(reactive_cmds)
  File "./sts/happensbefore/hb_graph.py", line 1094, in find_proactive_cmds
    proactive.sort(key=lambda n: n.operations[0].t)
  File "./sts/happensbefore/hb_graph.py", line 1094, in <lambda>
    proactive.sort(key=lambda n: n.operations[0].t)
IndexError: list index out of range
Read 99 events.
Added 89 events.
Total write operations: 8
Total read operations: 17
Processing 28 w/w combinations
Updating has_path path cache...
10% 
20% 
30% 
40% 
50% 
60% 
70% 
80% 
90% 
100% 
Processing 136 r/w combinations
10% 
20% 
30% 
40% 
50% 
60% 
70% 
80% 
90% 
100% 
Updating has_path path cache...
+-------------------------------------------+
| Total operations:      25                 |
| Total write operations: 8                 |
| Total read operations:  17                |
+-------------------------------------------+
| Total commuting races: 25                 |
| Total harmful races:   24                 |
| Total filtered races:  0                  |
| Total Time Filtered races:  14            |
| Total Time Edges:      14                 |
+-------------------------------------------+
Traceback (most recent call last):
  File "./sts/happensbefore/hb_graph.py", line 1533, in <module>
    main.run()
  File "./sts/happensbefore/hb_graph.py", line 1310, in run
    proactive_cmds = self.graph.find_proactive_cmds(reactive_cmds)
  File "./sts/happensbefore/hb_graph.py", line 1094, in find_proactive_cmds
    proactive.sort(key=lambda n: n.operations[0].t)
  File "./sts/happensbefore/hb_graph.py", line 1094, in <lambda>
    proactive.sort(key=lambda n: n.operations[0].t)
IndexError: list index out of range
Read 99 events.
Added 89 events.
Total write operations: 8
Total read operations: 17
Processing 28 w/w combinations
Updating has_path path cache...
10% 
20% 
30% 
40% 
50% 
60% 
70% 
80% 
90% 
100% 
Processing 136 r/w combinations
10% 
20% 
30% 
40% 
50% 
60% 
70% 
80% 
90% 
100% 
Updating has_path path cache...
+-------------------------------------------+
| Total operations:      25                 |
| Total write operations: 8                 |
| Total read operations:  17                |
+-------------------------------------------+
| Total commuting races: 25                 |
| Total harmful races:   32                 |
| Total filtered races:  0                  |
| Total Time Filtered races:  6             |
| Total Time Edges:      6                  |
+-------------------------------------------+
Traceback (most recent call last):
  File "./sts/happensbefore/hb_graph.py", line 1533, in <module>
    main.run()
  File "./sts/happensbefore/hb_graph.py", line 1310, in run
    proactive_cmds = self.graph.find_proactive_cmds(reactive_cmds)
  File "./sts/happensbefore/hb_graph.py", line 1094, in find_proactive_cmds
    proactive.sort(key=lambda n: n.operations[0].t)
  File "./sts/happensbefore/hb_graph.py", line 1094, in <lambda>
    proactive.sort(key=lambda n: n.operations[0].t)
IndexError: list index out of range
Read 99 events.
Added 89 events.
Total write operations: 8
Total read operations: 17
Processing 28 w/w combinations
Updating has_path path cache...
10% 
20% 
30% 
40% 
50% 
60% 
70% 
80% 
90% 
100% 
Processing 136 r/w combinations
10% 
20% 
30% 
40% 
50% 
60% 
70% 
80% 
90% 
100% 
Updating has_path path cache...
+-------------------------------------------+
| Total operations:      25                 |
| Total write operations: 8                 |
| Total read operations:  17                |
+-------------------------------------------+
| Total commuting races: 25                 |
| Total harmful races:   38                 |
| Total filtered races:  0                  |
| Total Time Filtered races:  0             |
| Total Time Edges:      0                  |
+-------------------------------------------+
Traceback (most recent call last):
  File "./sts/happensbefore/hb_graph.py", line 1533, in <module>
    main.run()
  File "./sts/happensbefore/hb_graph.py", line 1310, in run
    proactive_cmds = self.graph.find_proactive_cmds(reactive_cmds)
  File "./sts/happensbefore/hb_graph.py", line 1094, in find_proactive_cmds
    proactive.sort(key=lambda n: n.operations[0].t)
  File "./sts/happensbefore/hb_graph.py", line 1094, in <lambda>
    proactive.sort(key=lambda n: n.operations[0].t)
IndexError: list index out of range
Read 99 events.
Added 89 events.
Total write operations: 8
Total read operations: 17
Processing 28 w/w combinations
Updating has_path path cache...
10% 
20% 
30% 
40% 
50% 
60% 
70% 
80% 
90% 
100% 
Processing 136 r/w combinations
10% 
20% 
30% 
40% 
50% 
60% 
70% 
80% 
90% 
100% 
Updating has_path path cache...
+-------------------------------------------+
| Total operations:      25                 |
| Total write operations: 8                 |
| Total read operations:  17                |
+-------------------------------------------+
| Total commuting races: 25                 |
| Total harmful races:   38                 |
| Total filtered races:  0                  |
| Total Time Filtered races:  0             |
| Total Time Edges:      0                  |
+-------------------------------------------+
Traceback (most recent call last):
  File "./sts/happensbefore/hb_graph.py", line 1533, in <module>
    main.run()
  File "./sts/happensbefore/hb_graph.py", line 1310, in run
    proactive_cmds = self.graph.find_proactive_cmds(reactive_cmds)
  File "./sts/happensbefore/hb_graph.py", line 1094, in find_proactive_cmds
    proactive.sort(key=lambda n: n.operations[0].t)
  File "./sts/happensbefore/hb_graph.py", line 1094, in <lambda>
    proactive.sort(key=lambda n: n.operations[0].t)
IndexError: list index out of range
Read 99 events.
Added 89 events.
Total write operations: 8
Total read operations: 17
Processing 28 w/w combinations
Updating has_path path cache...
10% 
20% 
30% 
40% 
50% 
60% 
70% 
80% 
90% 
100% 
Processing 136 r/w combinations
10% 
20% 
30% 
40% 
50% 
60% 
70% 
80% 
90% 
100% 
Updating has_path path cache...
+-------------------------------------------+
| Total operations:      25                 |
| Total write operations: 8                 |
| Total read operations:  17                |
+-------------------------------------------+
| Total commuting races: 25                 |
| Total harmful races:   38                 |
| Total filtered races:  0                  |
| Total Time Filtered races:  0             |
| Total Time Edges:      0                  |
+-------------------------------------------+
Traceback (most recent call last):
  File "./sts/happensbefore/hb_graph.py", line 1533, in <module>
    main.run()
  File "./sts/happensbefore/hb_graph.py", line 1310, in run
    proactive_cmds = self.graph.find_proactive_cmds(reactive_cmds)
  File "./sts/happensbefore/hb_graph.py", line 1094, in find_proactive_cmds
    proactive.sort(key=lambda n: n.operations[0].t)
  File "./sts/happensbefore/hb_graph.py", line 1094, in <lambda>
    proactive.sort(key=lambda n: n.operations[0].t)
IndexError: list index out of range
Read 99 events.
Added 89 events.
Total write operations: 8
Total read operations: 17
Processing 28 w/w combinations
Updating has_path path cache...
10% 
20% 
30% 
40% 
50% 
60% 
70% 
80% 
90% 
100% 
Processing 136 r/w combinations
10% 
20% 
30% 
40% 
50% 
60% 
70% 
80% 
90% 
100% 
Updating has_path path cache...
+-------------------------------------------+
| Total operations:      25                 |
| Total write operations: 8                 |
| Total read operations:  17                |
+-------------------------------------------+
| Total commuting races: 25                 |
| Total harmful races:   38                 |
| Total filtered races:  0                  |
| Total Time Filtered races:  0             |
| Total Time Edges:      0                  |
+-------------------------------------------+
Traceback (most recent call last):
  File "./sts/happensbefore/hb_graph.py", line 1533, in <module>
    main.run()
  File "./sts/happensbefore/hb_graph.py", line 1310, in run
    proactive_cmds = self.graph.find_proactive_cmds(reactive_cmds)
  File "./sts/happensbefore/hb_graph.py", line 1094, in find_proactive_cmds
    proactive.sort(key=lambda n: n.operations[0].t)
  File "./sts/happensbefore/hb_graph.py", line 1094, in <lambda>
    proactive.sort(key=lambda n: n.operations[0].t)
IndexError: list index out of range
Read 99 events.
Added 89 events.
Total write operations: 8
Total read operations: 17
Processing 28 w/w combinations
Updating has_path path cache...
10% 
20% 
30% 
40% 
50% 
60% 
70% 
80% 
90% 
100% 
Processing 136 r/w combinations
10% 
20% 
30% 
40% 
50% 
60% 
70% 
80% 
90% 
100% 
Updating has_path path cache...
+-------------------------------------------+
| Total operations:      25                 |
| Total write operations: 8                 |
| Total read operations:  17                |
+-------------------------------------------+
| Total commuting races: 25                 |
| Total harmful races:   38                 |
| Total filtered races:  0                  |
| Total Time Filtered races:  0             |
| Total Time Edges:      0                  |
+-------------------------------------------+
Traceback (most recent call last):
  File "./sts/happensbefore/hb_graph.py", line 1533, in <module>
    main.run()
  File "./sts/happensbefore/hb_graph.py", line 1310, in run
    proactive_cmds = self.graph.find_proactive_cmds(reactive_cmds)
  File "./sts/happensbefore/hb_graph.py", line 1094, in find_proactive_cmds
    proactive.sort(key=lambda n: n.operations[0].t)
  File "./sts/happensbefore/hb_graph.py", line 1094, in <lambda>
    proactive.sort(key=lambda n: n.operations[0].t)
IndexError: list index out of range
Read 99 events.
Added 89 events.
Total write operations: 8
Total read operations: 17
Processing 28 w/w combinations
Updating has_path path cache...
10% 
20% 
30% 
40% 
50% 
60% 
70% 
80% 
90% 
100% 
Processing 136 r/w combinations
10% 
20% 
30% 
40% 
50% 
60% 
70% 
80% 
90% 
100% 
Updating has_path path cache...
+-------------------------------------------+
| Total operations:      25                 |
| Total write operations: 8                 |
| Total read operations:  17                |
+-------------------------------------------+
| Total commuting races: 25                 |
| Total harmful races:   38                 |
| Total filtered races:  0                  |
| Total Time Filtered races:  0             |
| Total Time Edges:      0                  |
+-------------------------------------------+
Traceback (most recent call last):
  File "./sts/happensbefore/hb_graph.py", line 1533, in <module>
    main.run()
  File "./sts/happensbefore/hb_graph.py", line 1310, in run
    proactive_cmds = self.graph.find_proactive_cmds(reactive_cmds)
  File "./sts/happensbefore/hb_graph.py", line 1094, in find_proactive_cmds
    proactive.sort(key=lambda n: n.operations[0].t)
  File "./sts/happensbefore/hb_graph.py", line 1094, in <lambda>
    proactive.sort(key=lambda n: n.operations[0].t)
IndexError: list index out of range
