Read 108 events.
Added 97 events.
Total write operations: 3
Total read operations: 13
Processing 3 w/w combinations
30% 
Updating has_path path cache...
60% 
100% 
Processing 39 r/w combinations
10% 
20% 
30% 
40% 
50% 
60% 
70% 
80% 
90% 
100% 
Updating has_path path cache...
+-------------------------------------------+
| Total operations:      16                 |
| Total write operations: 3                 |
| Total read operations:  13                |
+-------------------------------------------+
| Total commuting races: 13                 |
| Total harmful races:   22                 |
| Total filtered races:  0                  |
| Total Time Filtered races:  0             |
| Total Time Edges:      0                  |
+-------------------------------------------+
Number of packet traces with races: 12
Number of packet inconsistencies:  0
Number of packet inconsistencies that are actually consistent (covered):  9
Number of packet inconsistencies the first race is already inconsistent:  3
Number of packet inconsistencies after trimming repeated races:  0
Number of packet inconsistent updates:  0
Number of races:  35
Number of races filtered by time:  0
Number of commuting races:  13
Number of harmful races:  13
Number of covered races:  9
Number of versions: 5
Inconsistent updates: 0
Done. Time elapsed: 0.0437569618225 s
load_trace: 0.0247819423676 s
detect_races: 0.00328302383423 s
extract_traces_time: 0.0015881061554 s
find_reactive_cmds_time: 8.58306884766e-05 s
find_proactive_cmds_time: 0.0115780830383 s
find_covered_races_time: 0.00152993202209 s
per_packet_inconsistent_time: 0.00086498260498 s
find_inconsistent_update_time: -1.31130218506e-05 s
Read 108 events.
Added 97 events.
Total write operations: 3
Total read operations: 13
Processing 3 w/w combinations
30% 
Updating has_path path cache...
60% 
100% 
Processing 39 r/w combinations
10% 
20% 
30% 
40% 
50% 
60% 
70% 
80% 
90% 
100% 
Updating has_path path cache...
+-------------------------------------------+
| Total operations:      16                 |
| Total write operations: 3                 |
| Total read operations:  13                |
+-------------------------------------------+
| Total commuting races: 13                 |
| Total harmful races:   0                  |
| Total filtered races:  0                  |
| Total Time Filtered races:  22            |
| Total Time Edges:      22                 |
+-------------------------------------------+
Number of packet traces with races: 0
Number of packet inconsistencies:  0
Number of packet inconsistencies that are actually consistent (covered):  0
Number of packet inconsistencies the first race is already inconsistent:  0
Number of packet inconsistencies after trimming repeated races:  0
Number of packet inconsistent updates:  0
Number of races:  35
Number of races filtered by time:  22
Number of commuting races:  13
Number of harmful races:  0
Number of covered races:  0
Number of versions: 5
Inconsistent updates: 0
Done. Time elapsed: 0.0435440540314 s
load_trace: 0.0248281955719 s
detect_races: 0.0038149356842 s
extract_traces_time: 0.00241994857788 s
find_reactive_cmds_time: 8.70227813721e-05 s
find_proactive_cmds_time: 0.0115630626678 s
find_covered_races_time: 0.00069785118103 s
per_packet_inconsistent_time: 9.70363616943e-05 s
find_inconsistent_update_time: -5.96046447754e-06 s
Read 108 events.
Added 97 events.
Total write operations: 3
Total read operations: 13
Processing 3 w/w combinations
30% 
Updating has_path path cache...
60% 
100% 
Processing 39 r/w combinations
10% 
20% 
30% 
40% 
50% 
60% 
70% 
80% 
90% 
100% 
Updating has_path path cache...
+-------------------------------------------+
| Total operations:      16                 |
| Total write operations: 3                 |
| Total read operations:  13                |
+-------------------------------------------+
| Total commuting races: 13                 |
| Total harmful races:   6                  |
| Total filtered races:  0                  |
| Total Time Filtered races:  16            |
| Total Time Edges:      16                 |
+-------------------------------------------+
Number of packet traces with races: 6
Number of packet inconsistencies:  0
Number of packet inconsistencies that are actually consistent (covered):  0
Number of packet inconsistencies the first race is already inconsistent:  6
Number of packet inconsistencies after trimming repeated races:  0
Number of packet inconsistent updates:  0
Number of races:  35
Number of races filtered by time:  16
Number of commuting races:  13
Number of harmful races:  6
Number of covered races:  0
Number of versions: 5
Inconsistent updates: 0
Done. Time elapsed: 0.0461490154266 s
load_trace: 0.0249018669128 s
detect_races: 0.00353002548218 s
extract_traces_time: 0.00173401832581 s
find_reactive_cmds_time: 9.60826873779e-05 s
find_proactive_cmds_time: 0.0140318870544 s
find_covered_races_time: 0.00131702423096 s
per_packet_inconsistent_time: 0.000491142272949 s
find_inconsistent_update_time: -1.09672546387e-05 s
Read 108 events.
Added 97 events.
Total write operations: 3
Total read operations: 13
Processing 3 w/w combinations
30% 
Updating has_path path cache...
60% 
100% 
Processing 39 r/w combinations
10% 
20% 
30% 
40% 
50% 
60% 
70% 
80% 
90% 
100% 
Updating has_path path cache...
+-------------------------------------------+
| Total operations:      16                 |
| Total write operations: 3                 |
| Total read operations:  13                |
+-------------------------------------------+
| Total commuting races: 13                 |
| Total harmful races:   8                  |
| Total filtered races:  0                  |
| Total Time Filtered races:  14            |
| Total Time Edges:      14                 |
+-------------------------------------------+
Number of packet traces with races: 8
Number of packet inconsistencies:  0
Number of packet inconsistencies that are actually consistent (covered):  0
Number of packet inconsistencies the first race is already inconsistent:  8
Number of packet inconsistencies after trimming repeated races:  0
Number of packet inconsistent updates:  0
Number of races:  35
Number of races filtered by time:  14
Number of commuting races:  13
Number of harmful races:  8
Number of covered races:  0
Number of versions: 5
Inconsistent updates: 0
Done. Time elapsed: 0.0478060245514 s
load_trace: 0.0252680778503 s
detect_races: 0.00424790382385 s
extract_traces_time: 0.00184011459351 s
find_reactive_cmds_time: 9.70363616943e-05 s
find_proactive_cmds_time: 0.0146000385284 s
find_covered_races_time: 0.00126481056213 s
per_packet_inconsistent_time: 0.000446081161499 s
find_inconsistent_update_time: -1.00135803223e-05 s
Read 108 events.
Added 97 events.
Total write operations: 3
Total read operations: 13
Processing 3 w/w combinations
30% 
Updating has_path path cache...
60% 
100% 
Processing 39 r/w combinations
10% 
20% 
30% 
40% 
50% 
60% 
70% 
80% 
90% 
100% 
Updating has_path path cache...
+-------------------------------------------+
| Total operations:      16                 |
| Total write operations: 3                 |
| Total read operations:  13                |
+-------------------------------------------+
| Total commuting races: 13                 |
| Total harmful races:   8                  |
| Total filtered races:  0                  |
| Total Time Filtered races:  14            |
| Total Time Edges:      14                 |
+-------------------------------------------+
Number of packet traces with races: 8
Number of packet inconsistencies:  0
Number of packet inconsistencies that are actually consistent (covered):  0
Number of packet inconsistencies the first race is already inconsistent:  8
Number of packet inconsistencies after trimming repeated races:  0
Number of packet inconsistent updates:  0
Number of races:  35
Number of races filtered by time:  14
Number of commuting races:  13
Number of harmful races:  8
Number of covered races:  0
Number of versions: 5
Inconsistent updates: 0
Done. Time elapsed: 0.0442569255829 s
load_trace: 0.0254089832306 s
detect_races: 0.00359797477722 s
extract_traces_time: 0.00167202949524 s
find_reactive_cmds_time: 8.70227813721e-05 s
find_proactive_cmds_time: 0.0118980407715 s
find_covered_races_time: 0.0011248588562 s
per_packet_inconsistent_time: 0.000429153442383 s
find_inconsistent_update_time: -8.82148742676e-06 s
Read 108 events.
Added 97 events.
Total write operations: 3
Total read operations: 13
Processing 3 w/w combinations
30% 
Updating has_path path cache...
60% 
100% 
Processing 39 r/w combinations
10% 
20% 
30% 
40% 
50% 
60% 
70% 
80% 
90% 
100% 
Updating has_path path cache...
+-------------------------------------------+
| Total operations:      16                 |
| Total write operations: 3                 |
| Total read operations:  13                |
+-------------------------------------------+
| Total commuting races: 13                 |
| Total harmful races:   8                  |
| Total filtered races:  0                  |
| Total Time Filtered races:  14            |
| Total Time Edges:      14                 |
+-------------------------------------------+
Number of packet traces with races: 8
Number of packet inconsistencies:  0
Number of packet inconsistencies that are actually consistent (covered):  0
Number of packet inconsistencies the first race is already inconsistent:  8
Number of packet inconsistencies after trimming repeated races:  0
Number of packet inconsistent updates:  0
Number of races:  35
Number of races filtered by time:  14
Number of commuting races:  13
Number of harmful races:  8
Number of covered races:  0
Number of versions: 5
Inconsistent updates: 0
Done. Time elapsed: 0.0434010028839 s
load_trace: 0.0248680114746 s
detect_races: 0.00348496437073 s
extract_traces_time: 0.00168800354004 s
find_reactive_cmds_time: 9.3936920166e-05 s
find_proactive_cmds_time: 0.0117511749268 s
find_covered_races_time: 0.0010678768158 s
per_packet_inconsistent_time: 0.000406980514526 s
find_inconsistent_update_time: -9.05990600586e-06 s
Read 108 events.
Added 97 events.
Total write operations: 3
Total read operations: 13
Processing 3 w/w combinations
30% 
Updating has_path path cache...
60% 
100% 
Processing 39 r/w combinations
10% 
20% 
30% 
40% 
50% 
60% 
70% 
80% 
90% 
100% 
Updating has_path path cache...
+-------------------------------------------+
| Total operations:      16                 |
| Total write operations: 3                 |
| Total read operations:  13                |
+-------------------------------------------+
| Total commuting races: 13                 |
| Total harmful races:   8                  |
| Total filtered races:  0                  |
| Total Time Filtered races:  14            |
| Total Time Edges:      14                 |
+-------------------------------------------+
Number of packet traces with races: 8
Number of packet inconsistencies:  0
Number of packet inconsistencies that are actually consistent (covered):  0
Number of packet inconsistencies the first race is already inconsistent:  8
Number of packet inconsistencies after trimming repeated races:  0
Number of packet inconsistent updates:  0
Number of races:  35
Number of races filtered by time:  14
Number of commuting races:  13
Number of harmful races:  8
Number of covered races:  0
Number of versions: 5
Inconsistent updates: 0
Done. Time elapsed: 0.0434410572052 s
load_trace: 0.0247440338135 s
detect_races: 0.00347590446472 s
extract_traces_time: 0.00170707702637 s
find_reactive_cmds_time: 8.60691070557e-05 s
find_proactive_cmds_time: 0.0117208957672 s
find_covered_races_time: 0.00119495391846 s
per_packet_inconsistent_time: 0.000471115112305 s
find_inconsistent_update_time: -1.00135803223e-05 s
Read 108 events.
Added 97 events.
Total write operations: 3
Total read operations: 13
Processing 3 w/w combinations
30% 
Updating has_path path cache...
60% 
100% 
Processing 39 r/w combinations
10% 
20% 
30% 
40% 
50% 
60% 
70% 
80% 
90% 
100% 
Updating has_path path cache...
+-------------------------------------------+
| Total operations:      16                 |
| Total write operations: 3                 |
| Total read operations:  13                |
+-------------------------------------------+
| Total commuting races: 13                 |
| Total harmful races:   10                 |
| Total filtered races:  0                  |
| Total Time Filtered races:  12            |
| Total Time Edges:      12                 |
+-------------------------------------------+
Number of packet traces with races: 10
Number of packet inconsistencies:  0
Number of packet inconsistencies that are actually consistent (covered):  0
Number of packet inconsistencies the first race is already inconsistent:  10
Number of packet inconsistencies after trimming repeated races:  0
Number of packet inconsistent updates:  0
Number of races:  35
Number of races filtered by time:  12
Number of commuting races:  13
Number of harmful races:  10
Number of covered races:  0
Number of versions: 5
Inconsistent updates: 0
Done. Time elapsed: 0.0428018569946 s
load_trace: 0.0245599746704 s
detect_races: 0.00350403785706 s
extract_traces_time: 0.00157284736633 s
find_reactive_cmds_time: 8.41617584229e-05 s
find_proactive_cmds_time: 0.0114209651947 s
find_covered_races_time: 0.00115394592285 s
per_packet_inconsistent_time: 0.000468015670776 s
find_inconsistent_update_time: -9.05990600586e-06 s
Read 108 events.
Added 97 events.
Total write operations: 3
Total read operations: 13
Processing 3 w/w combinations
30% 
Updating has_path path cache...
60% 
100% 
Processing 39 r/w combinations
10% 
20% 
30% 
40% 
50% 
60% 
70% 
80% 
90% 
100% 
Updating has_path path cache...
+-------------------------------------------+
| Total operations:      16                 |
| Total write operations: 3                 |
| Total read operations:  13                |
+-------------------------------------------+
| Total commuting races: 13                 |
| Total harmful races:   10                 |
| Total filtered races:  0                  |
| Total Time Filtered races:  12            |
| Total Time Edges:      12                 |
+-------------------------------------------+
Number of packet traces with races: 10
Number of packet inconsistencies:  0
Number of packet inconsistencies that are actually consistent (covered):  0
Number of packet inconsistencies the first race is already inconsistent:  10
Number of packet inconsistencies after trimming repeated races:  0
Number of packet inconsistent updates:  0
Number of races:  35
Number of races filtered by time:  12
Number of commuting races:  13
Number of harmful races:  10
Number of covered races:  0
Number of versions: 5
Inconsistent updates: 0
Done. Time elapsed: 0.0473511219025 s
load_trace: 0.0278861522675 s
detect_races: 0.00411486625671 s
extract_traces_time: 0.00174403190613 s
find_reactive_cmds_time: 8.51154327393e-05 s
find_proactive_cmds_time: 0.011745929718 s
find_covered_races_time: 0.0011899471283 s
per_packet_inconsistent_time: 0.000545978546143 s
find_inconsistent_update_time: -1.00135803223e-05 s
Read 108 events.
Added 97 events.
Total write operations: 3
Total read operations: 13
Processing 3 w/w combinations
30% 
Updating has_path path cache...
60% 
100% 
Processing 39 r/w combinations
10% 
20% 
30% 
40% 
50% 
60% 
70% 
80% 
90% 
100% 
Updating has_path path cache...
+-------------------------------------------+
| Total operations:      16                 |
| Total write operations: 3                 |
| Total read operations:  13                |
+-------------------------------------------+
| Total commuting races: 13                 |
| Total harmful races:   11                 |
| Total filtered races:  0                  |
| Total Time Filtered races:  11            |
| Total Time Edges:      11                 |
+-------------------------------------------+
Number of packet traces with races: 11
Number of packet inconsistencies:  0
Number of packet inconsistencies that are actually consistent (covered):  0
Number of packet inconsistencies the first race is already inconsistent:  11
Number of packet inconsistencies after trimming repeated races:  0
Number of packet inconsistent updates:  0
Number of races:  35
Number of races filtered by time:  11
Number of commuting races:  13
Number of harmful races:  11
Number of covered races:  0
Number of versions: 5
Inconsistent updates: 0
Done. Time elapsed: 0.0469610691071 s
load_trace: 0.028468132019 s
detect_races: 0.0034818649292 s
extract_traces_time: 0.00153994560242 s
find_reactive_cmds_time: 0.000105142593384 s
find_proactive_cmds_time: 0.0116078853607 s
find_covered_races_time: 0.00119113922119 s
per_packet_inconsistent_time: 0.000526905059814 s
find_inconsistent_update_time: -1.00135803223e-05 s
Read 108 events.
Added 97 events.
Total write operations: 3
Total read operations: 13
Processing 3 w/w combinations
30% 
Updating has_path path cache...
60% 
100% 
Processing 39 r/w combinations
10% 
20% 
30% 
40% 
50% 
60% 
70% 
80% 
90% 
100% 
Updating has_path path cache...
+-------------------------------------------+
| Total operations:      16                 |
| Total write operations: 3                 |
| Total read operations:  13                |
+-------------------------------------------+
| Total commuting races: 13                 |
| Total harmful races:   11                 |
| Total filtered races:  0                  |
| Total Time Filtered races:  11            |
| Total Time Edges:      11                 |
+-------------------------------------------+
Number of packet traces with races: 11
Number of packet inconsistencies:  0
Number of packet inconsistencies that are actually consistent (covered):  0
Number of packet inconsistencies the first race is already inconsistent:  11
Number of packet inconsistencies after trimming repeated races:  0
Number of packet inconsistent updates:  0
Number of races:  35
Number of races filtered by time:  11
Number of commuting races:  13
Number of harmful races:  11
Number of covered races:  0
Number of versions: 5
Inconsistent updates: 0
Done. Time elapsed: 0.0436370372772 s
load_trace: 0.0248200893402 s
detect_races: 0.00353503227234 s
extract_traces_time: 0.00158786773682 s
find_reactive_cmds_time: 8.41617584229e-05 s
find_proactive_cmds_time: 0.0117728710175 s
find_covered_races_time: 0.00127005577087 s
per_packet_inconsistent_time: 0.000505924224854 s
find_inconsistent_update_time: -9.05990600586e-06 s
Read 108 events.
Added 97 events.
Total write operations: 3
Total read operations: 13
Processing 3 w/w combinations
30% 
Updating has_path path cache...
60% 
100% 
Processing 39 r/w combinations
10% 
20% 
30% 
40% 
50% 
60% 
70% 
80% 
90% 
100% 
Updating has_path path cache...
+-------------------------------------------+
| Total operations:      16                 |
| Total write operations: 3                 |
| Total read operations:  13                |
+-------------------------------------------+
| Total commuting races: 13                 |
| Total harmful races:   11                 |
| Total filtered races:  0                  |
| Total Time Filtered races:  11            |
| Total Time Edges:      11                 |
+-------------------------------------------+
Number of packet traces with races: 11
Number of packet inconsistencies:  0
Number of packet inconsistencies that are actually consistent (covered):  0
Number of packet inconsistencies the first race is already inconsistent:  11
Number of packet inconsistencies after trimming repeated races:  0
Number of packet inconsistent updates:  0
Number of races:  35
Number of races filtered by time:  11
Number of commuting races:  13
Number of harmful races:  11
Number of covered races:  0
Number of versions: 5
Inconsistent updates: 0
Done. Time elapsed: 0.0472850799561 s
load_trace: 0.0257060527802 s
detect_races: 0.0054030418396 s
extract_traces_time: 0.00212597846985 s
find_reactive_cmds_time: 0.000112056732178 s
find_proactive_cmds_time: 0.0121428966522 s
find_covered_races_time: 0.00122404098511 s
per_packet_inconsistent_time: 0.000530004501343 s
find_inconsistent_update_time: -1.00135803223e-05 s
