Read 1270 events.
Added 599 events.
Total write operations: 158
Total read operations: 114
Processing 12403 w/w combinations
Updating has_path path cache...
10% 
20% 
30% 
40% 
50% 
60% 
70% 
80% 
90% 
100% 
Processing 18012 r/w combinations
10% 
20% 
30% 
40% 
50% 
60% 
70% 
80% 
90% 
100% 
Updating has_path path cache...
+-------------------------------------------+
| Total operations:      272                |
| Total write operations: 158               |
| Total read operations:  114               |
+-------------------------------------------+
| Total commuting races: 11344              |
| Total harmful races:   556                |
| Total filtered races:  0                  |
| Total Time Filtered races:  0             |
| Total Time Edges:      0                  |
+-------------------------------------------+
Number of packet traces with races: 80
Number of packet inconsistencies:  20
Number of packet inconsistencies that are actually consistent (covered):  9
Number of packet inconsistencies the first race is already inconsistent:  51
Number of packet inconsistencies after trimming repeated races:  12
Number of packet inconsistent updates:  0
Number of races:  11900
Number of races filtered by time:  0
Number of commuting races:  11344
Number of harmful races:  512
Number of covered races:  44
Number of versions: 91
Inconsistent updates: 0
Done. Time elapsed: 2.58594584465 s
load_trace: 1.38228178024 s
detect_races: 0.701208114624 s
extract_traces_time: 0.0131480693817 s
find_reactive_cmds_time: 0.00122499465942 s
find_proactive_cmds_time: 0.391032934189 s
find_covered_races_time: 0.0332059860229 s
per_packet_inconsistent_time: 0.0632081031799 s
find_inconsistent_update_time: -0.000561952590942 s
Read 1270 events.
Added 599 events.
Total write operations: 158
Total read operations: 114
Processing 12403 w/w combinations
Updating has_path path cache...
10% 
20% 
30% 
40% 
50% 
60% 
70% 
80% 
90% 
100% 
Processing 18012 r/w combinations
10% 
20% 
30% 
40% 
50% 
60% 
70% 
80% 
90% 
100% 
Updating has_path path cache...
+-------------------------------------------+
| Total operations:      272                |
| Total write operations: 158               |
| Total read operations:  114               |
+-------------------------------------------+
| Total commuting races: 11344              |
| Total harmful races:   0                  |
| Total filtered races:  0                  |
| Total Time Filtered races:  556           |
| Total Time Edges:      556                |
+-------------------------------------------+
Number of packet traces with races: 0
Number of packet inconsistencies:  0
Number of packet inconsistencies that are actually consistent (covered):  0
Number of packet inconsistencies the first race is already inconsistent:  0
Number of packet inconsistencies after trimming repeated races:  0
Number of packet inconsistent updates:  0
Number of races:  11900
Number of races filtered by time:  556
Number of commuting races:  11344
Number of harmful races:  0
Number of covered races:  0
Number of versions: 91
Inconsistent updates: 0
Done. Time elapsed: 1.83735704422 s
load_trace: 1.19051909447 s
detect_races: 0.541640043259 s
extract_traces_time: 0.0183379650116 s
find_reactive_cmds_time: 0.001060962677 s
find_proactive_cmds_time: 0.0813081264496 s
find_covered_races_time: 0.0037407875061 s
per_packet_inconsistent_time: 0.000675201416016 s
find_inconsistent_update_time: -3.88622283936e-05 s
Read 1270 events.
Added 599 events.
Total write operations: 158
Total read operations: 114
Processing 12403 w/w combinations
Updating has_path path cache...
10% 
20% 
30% 
40% 
50% 
60% 
70% 
80% 
90% 
100% 
Processing 18012 r/w combinations
10% 
20% 
30% 
40% 
50% 
60% 
70% 
80% 
90% 
100% 
Updating has_path path cache...
+-------------------------------------------+
| Total operations:      272                |
| Total write operations: 158               |
| Total read operations:  114               |
+-------------------------------------------+
| Total commuting races: 11344              |
| Total harmful races:   40                 |
| Total filtered races:  0                  |
| Total Time Filtered races:  516           |
| Total Time Edges:      516                |
+-------------------------------------------+
Number of packet traces with races: 21
Number of packet inconsistencies:  11
Number of packet inconsistencies that are actually consistent (covered):  0
Number of packet inconsistencies the first race is already inconsistent:  10
Number of packet inconsistencies after trimming repeated races:  8
Number of packet inconsistent updates:  0
Number of races:  11900
Number of races filtered by time:  516
Number of commuting races:  11344
Number of harmful races:  40
Number of covered races:  0
Number of versions: 91
Inconsistent updates: 0
Done. Time elapsed: 1.91082406044 s
load_trace: 1.15187287331 s
detect_races: 0.624845981598 s
extract_traces_time: 0.0200111865997 s
find_reactive_cmds_time: 0.00137901306152 s
find_proactive_cmds_time: 0.0975239276886 s
find_covered_races_time: 0.00847196578979 s
per_packet_inconsistent_time: 0.00656509399414 s
find_inconsistent_update_time: -0.000105857849121 s
Read 1270 events.
Added 599 events.
Total write operations: 158
Total read operations: 114
Processing 12403 w/w combinations
Updating has_path path cache...
10% 
20% 
30% 
40% 
50% 
60% 
70% 
80% 
90% 
100% 
Processing 18012 r/w combinations
10% 
20% 
30% 
40% 
50% 
60% 
70% 
80% 
90% 
100% 
Updating has_path path cache...
+-------------------------------------------+
| Total operations:      272                |
| Total write operations: 158               |
| Total read operations:  114               |
+-------------------------------------------+
| Total commuting races: 11344              |
| Total harmful races:   66                 |
| Total filtered races:  0                  |
| Total Time Filtered races:  490           |
| Total Time Edges:      490                |
+-------------------------------------------+
Number of packet traces with races: 31
Number of packet inconsistencies:  14
Number of packet inconsistencies that are actually consistent (covered):  0
Number of packet inconsistencies the first race is already inconsistent:  17
Number of packet inconsistencies after trimming repeated races:  10
Number of packet inconsistent updates:  0
Number of races:  11900
Number of races filtered by time:  490
Number of commuting races:  11344
Number of harmful races:  66
Number of covered races:  0
Number of versions: 91
Inconsistent updates: 0
Done. Time elapsed: 2.11263084412 s
load_trace: 1.35186481476 s
detect_races: 0.645119190216 s
extract_traces_time: 0.0145969390869 s
find_reactive_cmds_time: 0.0010769367218 s
find_proactive_cmds_time: 0.0822930335999 s
find_covered_races_time: 0.00904512405396 s
per_packet_inconsistent_time: 0.00846982002258 s
find_inconsistent_update_time: -0.000118970870972 s
Read 1270 events.
Added 599 events.
Total write operations: 158
Total read operations: 114
Processing 12403 w/w combinations
Updating has_path path cache...
10% 
20% 
30% 
40% 
50% 
60% 
70% 
80% 
90% 
100% 
Processing 18012 r/w combinations
10% 
20% 
30% 
40% 
50% 
60% 
70% 
80% 
90% 
100% 
Updating has_path path cache...
+-------------------------------------------+
| Total operations:      272                |
| Total write operations: 158               |
| Total read operations:  114               |
+-------------------------------------------+
| Total commuting races: 11344              |
| Total harmful races:   112                |
| Total filtered races:  0                  |
| Total Time Filtered races:  444           |
| Total Time Edges:      444                |
+-------------------------------------------+
Number of packet traces with races: 43
Number of packet inconsistencies:  17
Number of packet inconsistencies that are actually consistent (covered):  0
Number of packet inconsistencies the first race is already inconsistent:  26
Number of packet inconsistencies after trimming repeated races:  14
Number of packet inconsistent updates:  0
Number of races:  11900
Number of races filtered by time:  444
Number of commuting races:  11344
Number of harmful races:  112
Number of covered races:  0
Number of versions: 91
Inconsistent updates: 0
Done. Time elapsed: 1.84876298904 s
load_trace: 1.17593216896 s
detect_races: 0.546064853668 s
extract_traces_time: 0.015839099884 s
find_reactive_cmds_time: 0.00112795829773 s
find_proactive_cmds_time: 0.0844769477844 s
find_covered_races_time: 0.0116391181946 s
per_packet_inconsistent_time: 0.0134949684143 s
find_inconsistent_update_time: -0.000146865844727 s
Read 1270 events.
Added 599 events.
Total write operations: 158
Total read operations: 114
Processing 12403 w/w combinations
Updating has_path path cache...
10% 
20% 
30% 
40% 
50% 
60% 
70% 
80% 
90% 
100% 
Processing 18012 r/w combinations
10% 
20% 
30% 
40% 
50% 
60% 
70% 
80% 
90% 
100% 
Updating has_path path cache...
+-------------------------------------------+
| Total operations:      272                |
| Total write operations: 158               |
| Total read operations:  114               |
+-------------------------------------------+
| Total commuting races: 11344              |
| Total harmful races:   159                |
| Total filtered races:  0                  |
| Total Time Filtered races:  397           |
| Total Time Edges:      397                |
+-------------------------------------------+
Number of packet traces with races: 47
Number of packet inconsistencies:  18
Number of packet inconsistencies that are actually consistent (covered):  0
Number of packet inconsistencies the first race is already inconsistent:  29
Number of packet inconsistencies after trimming repeated races:  14
Number of packet inconsistent updates:  0
Number of races:  11900
Number of races filtered by time:  397
Number of commuting races:  11344
Number of harmful races:  159
Number of covered races:  0
Number of versions: 91
Inconsistent updates: 0
Done. Time elapsed: 2.26199603081 s
load_trace: 1.38432502747 s
detect_races: 0.672278881073 s
extract_traces_time: 0.0293879508972 s
find_reactive_cmds_time: 0.00221109390259 s
find_proactive_cmds_time: 0.109272956848 s
find_covered_races_time: 0.0325219631195 s
per_packet_inconsistent_time: 0.0316841602325 s
find_inconsistent_update_time: -0.000260829925537 s
Read 1270 events.
Added 599 events.
Total write operations: 158
Total read operations: 114
Processing 12403 w/w combinations
Updating has_path path cache...
10% 
20% 
30% 
40% 
50% 
60% 
70% 
80% 
90% 
100% 
Processing 18012 r/w combinations
10% 
20% 
30% 
40% 
50% 
60% 
70% 
80% 
90% 
100% 
Updating has_path path cache...
+-------------------------------------------+
| Total operations:      272                |
| Total write operations: 158               |
| Total read operations:  114               |
+-------------------------------------------+
| Total commuting races: 11344              |
| Total harmful races:   203                |
| Total filtered races:  0                  |
| Total Time Filtered races:  353           |
| Total Time Edges:      353                |
+-------------------------------------------+
Number of packet traces with races: 57
Number of packet inconsistencies:  19
Number of packet inconsistencies that are actually consistent (covered):  0
Number of packet inconsistencies the first race is already inconsistent:  38
Number of packet inconsistencies after trimming repeated races:  14
Number of packet inconsistent updates:  0
Number of races:  11900
Number of races filtered by time:  353
Number of commuting races:  11344
Number of harmful races:  203
Number of covered races:  0
Number of versions: 91
Inconsistent updates: 0
Done. Time elapsed: 2.03159785271 s
load_trace: 1.24393892288 s
detect_races: 0.645984888077 s
extract_traces_time: 0.0145001411438 s
find_reactive_cmds_time: 0.00106501579285 s
find_proactive_cmds_time: 0.0863058567047 s
find_covered_races_time: 0.0146040916443 s
per_packet_inconsistent_time: 0.0249350070953 s
find_inconsistent_update_time: -0.000221014022827 s
Read 1270 events.
Added 599 events.
Total write operations: 158
Total read operations: 114
Processing 12403 w/w combinations
Updating has_path path cache...
10% 
20% 
30% 
40% 
50% 
60% 
70% 
80% 
90% 
100% 
Processing 18012 r/w combinations
10% 
20% 
30% 
40% 
50% 
60% 
70% 
80% 
90% 
100% 
Updating has_path path cache...
+-------------------------------------------+
| Total operations:      272                |
| Total write operations: 158               |
| Total read operations:  114               |
+-------------------------------------------+
| Total commuting races: 11344              |
| Total harmful races:   244                |
| Total filtered races:  0                  |
| Total Time Filtered races:  312           |
| Total Time Edges:      312                |
+-------------------------------------------+
Number of packet traces with races: 62
Number of packet inconsistencies:  20
Number of packet inconsistencies that are actually consistent (covered):  0
Number of packet inconsistencies the first race is already inconsistent:  42
Number of packet inconsistencies after trimming repeated races:  15
Number of packet inconsistent updates:  0
Number of races:  11900
Number of races filtered by time:  312
Number of commuting races:  11344
Number of harmful races:  243
Number of covered races:  1
Number of versions: 91
Inconsistent updates: 0
Done. Time elapsed: 1.93924689293 s
load_trace: 1.24464607239 s
detect_races: 0.545133829117 s
extract_traces_time: 0.0137920379639 s
find_reactive_cmds_time: 0.00108408927917 s
find_proactive_cmds_time: 0.0884058475494 s
find_covered_races_time: 0.0164761543274 s
per_packet_inconsistent_time: 0.0290789604187 s
find_inconsistent_update_time: -0.00058388710022 s
Read 1270 events.
Added 599 events.
Total write operations: 158
Total read operations: 114
Processing 12403 w/w combinations
Updating has_path path cache...
10% 
20% 
30% 
40% 
50% 
60% 
70% 
80% 
90% 
100% 
Processing 18012 r/w combinations
10% 
20% 
30% 
40% 
50% 
60% 
70% 
80% 
90% 
100% 
Updating has_path path cache...
+-------------------------------------------+
| Total operations:      272                |
| Total write operations: 158               |
| Total read operations:  114               |
+-------------------------------------------+
| Total commuting races: 11344              |
| Total harmful races:   275                |
| Total filtered races:  0                  |
| Total Time Filtered races:  281           |
| Total Time Edges:      281                |
+-------------------------------------------+
Number of packet traces with races: 66
Number of packet inconsistencies:  20
Number of packet inconsistencies that are actually consistent (covered):  0
Number of packet inconsistencies the first race is already inconsistent:  46
Number of packet inconsistencies after trimming repeated races:  15
Number of packet inconsistent updates:  0
Number of races:  11900
Number of races filtered by time:  281
Number of commuting races:  11344
Number of harmful races:  273
Number of covered races:  2
Number of versions: 91
Inconsistent updates: 0
Done. Time elapsed: 1.84635305405 s
load_trace: 1.15751600266 s
detect_races: 0.538843870163 s
extract_traces_time: 0.0126872062683 s
find_reactive_cmds_time: 0.00156188011169 s
find_proactive_cmds_time: 0.0824279785156 s
find_covered_races_time: 0.0199000835419 s
per_packet_inconsistent_time: 0.0330650806427 s
find_inconsistent_update_time: -0.000301837921143 s
Read 1270 events.
Added 599 events.
Total write operations: 158
Total read operations: 114
Processing 12403 w/w combinations
Updating has_path path cache...
10% 
20% 
30% 
40% 
50% 
60% 
70% 
80% 
90% 
100% 
Processing 18012 r/w combinations
10% 
20% 
30% 
40% 
50% 
60% 
70% 
80% 
90% 
100% 
Updating has_path path cache...
+-------------------------------------------+
| Total operations:      272                |
| Total write operations: 158               |
| Total read operations:  114               |
+-------------------------------------------+
| Total commuting races: 11344              |
| Total harmful races:   303                |
| Total filtered races:  0                  |
| Total Time Filtered races:  253           |
| Total Time Edges:      253                |
+-------------------------------------------+
Number of packet traces with races: 67
Number of packet inconsistencies:  20
Number of packet inconsistencies that are actually consistent (covered):  0
Number of packet inconsistencies the first race is already inconsistent:  47
Number of packet inconsistencies after trimming repeated races:  14
Number of packet inconsistent updates:  0
Number of races:  11900
Number of races filtered by time:  253
Number of commuting races:  11344
Number of harmful races:  301
Number of covered races:  2
Number of versions: 91
Inconsistent updates: 0
Done. Time elapsed: 1.96124792099 s
load_trace: 1.24436306953 s
detect_races: 0.557512998581 s
extract_traces_time: 0.0125508308411 s
find_reactive_cmds_time: 0.00117206573486 s
find_proactive_cmds_time: 0.0868179798126 s
find_covered_races_time: 0.0204591751099 s
per_packet_inconsistent_time: 0.0379469394684 s
find_inconsistent_update_time: -0.000370979309082 s
Read 1270 events.
Added 599 events.
Total write operations: 158
Total read operations: 114
Processing 12403 w/w combinations
Updating has_path path cache...
10% 
20% 
30% 
40% 
50% 
60% 
70% 
80% 
90% 
100% 
Processing 18012 r/w combinations
10% 
20% 
30% 
40% 
50% 
60% 
70% 
80% 
90% 
100% 
Updating has_path path cache...
+-------------------------------------------+
| Total operations:      272                |
| Total write operations: 158               |
| Total read operations:  114               |
+-------------------------------------------+
| Total commuting races: 11344              |
| Total harmful races:   329                |
| Total filtered races:  0                  |
| Total Time Filtered races:  227           |
| Total Time Edges:      227                |
+-------------------------------------------+
Number of packet traces with races: 69
Number of packet inconsistencies:  20
Number of packet inconsistencies that are actually consistent (covered):  0
Number of packet inconsistencies the first race is already inconsistent:  49
Number of packet inconsistencies after trimming repeated races:  16
Number of packet inconsistent updates:  0
Number of races:  11900
Number of races filtered by time:  227
Number of commuting races:  11344
Number of harmful races:  325
Number of covered races:  4
Number of versions: 91
Inconsistent updates: 0
Done. Time elapsed: 2.46770000458 s
load_trace: 1.70529198647 s
detect_races: 0.589749097824 s
extract_traces_time: 0.0137319564819 s
find_reactive_cmds_time: 0.00118207931519 s
find_proactive_cmds_time: 0.0947818756104 s
find_covered_races_time: 0.0220940113068 s
per_packet_inconsistent_time: 0.0403780937195 s
find_inconsistent_update_time: -0.000428915023804 s
Read 1270 events.
Added 599 events.
Total write operations: 158
Total read operations: 114
Processing 12403 w/w combinations
Updating has_path path cache...
10% 
20% 
30% 
40% 
50% 
60% 
70% 
80% 
90% 
100% 
Processing 18012 r/w combinations
10% 
20% 
30% 
40% 
50% 
60% 
70% 
80% 
90% 
100% 
Updating has_path path cache...
+-------------------------------------------+
| Total operations:      272                |
| Total write operations: 158               |
| Total read operations:  114               |
+-------------------------------------------+
| Total commuting races: 11344              |
| Total harmful races:   365                |
| Total filtered races:  0                  |
| Total Time Filtered races:  191           |
| Total Time Edges:      191                |
+-------------------------------------------+
Number of packet traces with races: 71
Number of packet inconsistencies:  20
Number of packet inconsistencies that are actually consistent (covered):  0
Number of packet inconsistencies the first race is already inconsistent:  51
Number of packet inconsistencies after trimming repeated races:  17
Number of packet inconsistent updates:  0
Number of races:  11900
Number of races filtered by time:  191
Number of commuting races:  11344
Number of harmful races:  357
Number of covered races:  8
Number of versions: 91
Inconsistent updates: 0
Done. Time elapsed: 2.09346103668 s
load_trace: 1.33378005028 s
detect_races: 0.586669921875 s
extract_traces_time: 0.0132660865784 s
find_reactive_cmds_time: 0.00140976905823 s
find_proactive_cmds_time: 0.0893471240997 s
find_covered_races_time: 0.0242989063263 s
per_packet_inconsistent_time: 0.0442020893097 s
find_inconsistent_update_time: -0.000438928604126 s
