Read 4899 events.
Added 4869 events.
Total write operations: 34
Total read operations: 1649
Processing 561 w/w combinations
Updating has_path path cache...
10% 
20% 
30% 
40% 
50% 
60% 
70% 
80% 
90% 
100% 
Processing 56066 r/w combinations
10% 
20% 
30% 
40% 
50% 
60% 
70% 
80% 
90% 
100% 
Updating has_path path cache...
+-------------------------------------------+
| Total operations:      1683               |
| Total write operations: 34                |
| Total read operations:  1649              |
+-------------------------------------------+
| Total commuting races: 9945               |
| Total harmful races:   3383               |
| Total filtered races:  0                  |
| Total Time Filtered races:  0             |
| Total Time Edges:      0                  |
+-------------------------------------------+
Number of packet traces with races: 751
Number of packet inconsistencies:  418
Number of packet inconsistencies that are actually consistent (covered):  333
Number of packet inconsistencies the first race is already inconsistent:  0
Number of packet inconsistencies after trimming repeated races:  18
Number of packet inconsistent updates:  4
Number of races:  13328
Number of races filtered by time:  0
Number of commuting races:  9945
Number of harmful races:  1734
Number of covered races:  1649
Number of versions: 4
Inconsistent updates: 2
Done. Time elapsed: 28.59167099 s
load_trace: 6.94781112671 s
detect_races: 1.08399295807 s
extract_traces_time: 0.438575029373 s
find_reactive_cmds_time: 3.69548797607e-05 s
find_proactive_cmds_time: 0.102072000504 s
find_covered_races_time: 16.2104780674 s
per_packet_inconsistent_time: 3.80708003044 s
find_inconsistent_update_time: -0.00157284736633 s
Read 4899 events.
Added 4869 events.
Total write operations: 34
Total read operations: 1649
Processing 561 w/w combinations
Updating has_path path cache...
10% 
20% 
30% 
40% 
50% 
60% 
70% 
80% 
90% 
100% 
Processing 56066 r/w combinations
10% 
20% 
30% 
40% 
50% 
60% 
70% 
80% 
90% 
100% 
Updating has_path path cache...
+-------------------------------------------+
| Total operations:      1683               |
| Total write operations: 34                |
| Total read operations:  1649              |
+-------------------------------------------+
| Total commuting races: 9945               |
| Total harmful races:   0                  |
| Total filtered races:  0                  |
| Total Time Filtered races:  3383          |
| Total Time Edges:      3383               |
+-------------------------------------------+
Number of packet traces with races: 0
Number of packet inconsistencies:  0
Number of packet inconsistencies that are actually consistent (covered):  0
Number of packet inconsistencies the first race is already inconsistent:  0
Number of packet inconsistencies after trimming repeated races:  0
Number of packet inconsistent updates:  0
Number of races:  13328
Number of races filtered by time:  3383
Number of commuting races:  9945
Number of harmful races:  0
Number of covered races:  0
Number of versions: 4
Inconsistent updates: 0
Done. Time elapsed: 15.2585721016 s
load_trace: 6.8368229866 s
detect_races: 1.57940506935 s
extract_traces_time: 0.626293897629 s
find_reactive_cmds_time: 4.81605529785e-05 s
find_proactive_cmds_time: 0.0933477878571 s
find_covered_races_time: 6.1163752079 s
per_packet_inconsistent_time: 0.00621485710144 s
find_inconsistent_update_time: -1.19209289551e-05 s
Read 4899 events.
Added 4869 events.
Total write operations: 34
Total read operations: 1649
Processing 561 w/w combinations
Updating has_path path cache...
10% 
20% 
30% 
40% 
50% 
60% 
70% 
80% 
90% 
100% 
Processing 56066 r/w combinations
10% 
20% 
30% 
40% 
50% 
60% 
70% 
80% 
90% 
100% 
Updating has_path path cache...
+-------------------------------------------+
| Total operations:      1683               |
| Total write operations: 34                |
| Total read operations:  1649              |
+-------------------------------------------+
| Total commuting races: 9945               |
| Total harmful races:   7                  |
| Total filtered races:  0                  |
| Total Time Filtered races:  3376          |
| Total Time Edges:      3376               |
+-------------------------------------------+
Number of packet traces with races: 7
Number of packet inconsistencies:  0
Number of packet inconsistencies that are actually consistent (covered):  0
Number of packet inconsistencies the first race is already inconsistent:  7
Number of packet inconsistencies after trimming repeated races:  0
Number of packet inconsistent updates:  0
Number of races:  13328
Number of races filtered by time:  3376
Number of commuting races:  9945
Number of harmful races:  7
Number of covered races:  0
Number of versions: 4
Inconsistent updates: 0
Done. Time elapsed: 15.42542696 s
load_trace: 7.03961706161 s
detect_races: 1.56716489792 s
extract_traces_time: 0.575551986694 s
find_reactive_cmds_time: 4.19616699219e-05 s
find_proactive_cmds_time: 0.0907261371613 s
find_covered_races_time: 6.14111495018 s
per_packet_inconsistent_time: 0.011146068573 s
find_inconsistent_update_time: -1.69277191162e-05 s
Read 4899 events.
Added 4869 events.
Total write operations: 34
Total read operations: 1649
Processing 561 w/w combinations
Updating has_path path cache...
10% 
20% 
30% 
40% 
50% 
60% 
70% 
80% 
90% 
100% 
Processing 56066 r/w combinations
10% 
20% 
30% 
40% 
50% 
60% 
70% 
80% 
90% 
100% 
Updating has_path path cache...
+-------------------------------------------+
| Total operations:      1683               |
| Total write operations: 34                |
| Total read operations:  1649              |
+-------------------------------------------+
| Total commuting races: 9945               |
| Total harmful races:   15                 |
| Total filtered races:  0                  |
| Total Time Filtered races:  3368          |
| Total Time Edges:      3368               |
+-------------------------------------------+
Number of packet traces with races: 15
Number of packet inconsistencies:  0
Number of packet inconsistencies that are actually consistent (covered):  0
Number of packet inconsistencies the first race is already inconsistent:  15
Number of packet inconsistencies after trimming repeated races:  0
Number of packet inconsistent updates:  0
Number of races:  13328
Number of races filtered by time:  3368
Number of commuting races:  9945
Number of harmful races:  15
Number of covered races:  0
Number of versions: 4
Inconsistent updates: 0
Done. Time elapsed: 15.4806208611 s
load_trace: 6.64687800407 s
detect_races: 1.56242990494 s
extract_traces_time: 0.519546031952 s
find_reactive_cmds_time: 3.60012054443e-05 s
find_proactive_cmds_time: 0.0970320701599 s
find_covered_races_time: 6.63744592667 s
per_packet_inconsistent_time: 0.0171840190887 s
find_inconsistent_update_time: -2.09808349609e-05 s
Read 4899 events.
Added 4869 events.
Total write operations: 34
Total read operations: 1649
Processing 561 w/w combinations
Updating has_path path cache...
10% 
20% 
30% 
40% 
50% 
60% 
70% 
80% 
90% 
100% 
Processing 56066 r/w combinations
10% 
20% 
30% 
40% 
50% 
60% 
70% 
80% 
90% 
100% 
Updating has_path path cache...
+-------------------------------------------+
| Total operations:      1683               |
| Total write operations: 34                |
| Total read operations:  1649              |
+-------------------------------------------+
| Total commuting races: 9945               |
| Total harmful races:   104                |
| Total filtered races:  0                  |
| Total Time Filtered races:  3279          |
| Total Time Edges:      3279               |
+-------------------------------------------+
Number of packet traces with races: 43
Number of packet inconsistencies:  14
Number of packet inconsistencies that are actually consistent (covered):  6
Number of packet inconsistencies the first race is already inconsistent:  23
Number of packet inconsistencies after trimming repeated races:  10
Number of packet inconsistent updates:  0
Number of races:  13328
Number of races filtered by time:  3279
Number of commuting races:  9945
Number of harmful races:  70
Number of covered races:  34
Number of versions: 4
Inconsistent updates: 0
Done. Time elapsed: 16.43689394 s
load_trace: 7.10953998566 s
detect_races: 1.68687009811 s
extract_traces_time: 0.535929918289 s
find_reactive_cmds_time: 4.00543212891e-05 s
find_proactive_cmds_time: 0.099848985672 s
find_covered_races_time: 6.92793488503 s
per_packet_inconsistent_time: 0.0766160488129 s
find_inconsistent_update_time: -6.103515625e-05 s
Read 4899 events.
Added 4869 events.
Total write operations: 34
Total read operations: 1649
Processing 561 w/w combinations
Updating has_path path cache...
10% 
20% 
30% 
40% 
50% 
60% 
70% 
80% 
90% 
100% 
Processing 56066 r/w combinations
10% 
20% 
30% 
40% 
50% 
60% 
70% 
80% 
90% 
100% 
Updating has_path path cache...
+-------------------------------------------+
| Total operations:      1683               |
| Total write operations: 34                |
| Total read operations:  1649              |
+-------------------------------------------+
| Total commuting races: 9945               |
| Total harmful races:   249                |
| Total filtered races:  0                  |
| Total Time Filtered races:  3134          |
| Total Time Edges:      3134               |
+-------------------------------------------+
Number of packet traces with races: 80
Number of packet inconsistencies:  35
Number of packet inconsistencies that are actually consistent (covered):  13
Number of packet inconsistencies the first race is already inconsistent:  32
Number of packet inconsistencies after trimming repeated races:  17
Number of packet inconsistent updates:  0
Number of races:  13328
Number of races filtered by time:  3134
Number of commuting races:  9945
Number of harmful races:  148
Number of covered races:  101
Number of versions: 4
Inconsistent updates: 0
Done. Time elapsed: 16.5141220093 s
load_trace: 6.91446590424 s
detect_races: 1.62167596817 s
extract_traces_time: 0.52597117424 s
find_reactive_cmds_time: 4.38690185547e-05 s
find_proactive_cmds_time: 0.0946931838989 s
find_covered_races_time: 7.16938996315 s
per_packet_inconsistent_time: 0.187711000443 s
find_inconsistent_update_time: -0.000121831893921 s
Read 4899 events.
Added 4869 events.
Total write operations: 34
Total read operations: 1649
Processing 561 w/w combinations
Updating has_path path cache...
10% 
20% 
30% 
40% 
50% 
60% 
70% 
80% 
90% 
100% 
Processing 56066 r/w combinations
10% 
20% 
30% 
40% 
50% 
60% 
70% 
80% 
90% 
100% 
Updating has_path path cache...
+-------------------------------------------+
| Total operations:      1683               |
| Total write operations: 34                |
| Total read operations:  1649              |
+-------------------------------------------+
| Total commuting races: 9945               |
| Total harmful races:   384                |
| Total filtered races:  0                  |
| Total Time Filtered races:  2999          |
| Total Time Edges:      2999               |
+-------------------------------------------+
Number of packet traces with races: 117
Number of packet inconsistencies:  50
Number of packet inconsistencies that are actually consistent (covered):  27
Number of packet inconsistencies the first race is already inconsistent:  40
Number of packet inconsistencies after trimming repeated races:  15
Number of packet inconsistent updates:  0
Number of races:  13328
Number of races filtered by time:  2999
Number of commuting races:  9945
Number of harmful races:  217
Number of covered races:  167
Number of versions: 4
Inconsistent updates: 0
Done. Time elapsed: 16.93222785 s
load_trace: 6.81304192543 s
detect_races: 1.57164096832 s
extract_traces_time: 0.461577177048 s
find_reactive_cmds_time: 3.48091125488e-05 s
find_proactive_cmds_time: 0.0879311561584 s
find_covered_races_time: 7.68252897263 s
per_packet_inconsistent_time: 0.315253019333 s
find_inconsistent_update_time: -0.000169038772583 s
Read 4899 events.
Added 4869 events.
Total write operations: 34
Total read operations: 1649
Processing 561 w/w combinations
Updating has_path path cache...
10% 
20% 
30% 
40% 
50% 
60% 
70% 
80% 
90% 
100% 
Processing 56066 r/w combinations
10% 
20% 
30% 
40% 
50% 
60% 
70% 
80% 
90% 
100% 
Updating has_path path cache...
+-------------------------------------------+
| Total operations:      1683               |
| Total write operations: 34                |
| Total read operations:  1649              |
+-------------------------------------------+
| Total commuting races: 9945               |
| Total harmful races:   503                |
| Total filtered races:  0                  |
| Total Time Filtered races:  2880          |
| Total Time Edges:      2880               |
+-------------------------------------------+
Number of packet traces with races: 142
Number of packet inconsistencies:  66
Number of packet inconsistencies that are actually consistent (covered):  38
Number of packet inconsistencies the first race is already inconsistent:  38
Number of packet inconsistencies after trimming repeated races:  19
Number of packet inconsistent updates:  0
Number of races:  13328
Number of races filtered by time:  2880
Number of commuting races:  9945
Number of harmful races:  280
Number of covered races:  223
Number of versions: 4
Inconsistent updates: 0
Done. Time elapsed: 17.65645504 s
load_trace: 7.13660597801 s
detect_races: 1.52921319008 s
extract_traces_time: 0.456045866013 s
find_reactive_cmds_time: 3.69548797607e-05 s
find_proactive_cmds_time: 0.0953080654144 s
find_covered_races_time: 8.01707601547 s
per_packet_inconsistent_time: 0.421918869019 s
find_inconsistent_update_time: -0.000200033187866 s
Read 4899 events.
Added 4869 events.
Total write operations: 34
Total read operations: 1649
Processing 561 w/w combinations
Updating has_path path cache...
10% 
20% 
30% 
40% 
50% 
60% 
70% 
80% 
90% 
100% 
Processing 56066 r/w combinations
10% 
20% 
30% 
40% 
50% 
60% 
70% 
80% 
90% 
100% 
Updating has_path path cache...
+-------------------------------------------+
| Total operations:      1683               |
| Total write operations: 34                |
| Total read operations:  1649              |
+-------------------------------------------+
| Total commuting races: 9945               |
| Total harmful races:   637                |
| Total filtered races:  0                  |
| Total Time Filtered races:  2746          |
| Total Time Edges:      2746               |
+-------------------------------------------+
Number of packet traces with races: 170
Number of packet inconsistencies:  84
Number of packet inconsistencies that are actually consistent (covered):  50
Number of packet inconsistencies the first race is already inconsistent:  36
Number of packet inconsistencies after trimming repeated races:  22
Number of packet inconsistent updates:  0
Number of races:  13328
Number of races filtered by time:  2746
Number of commuting races:  9945
Number of harmful races:  351
Number of covered races:  286
Number of versions: 4
Inconsistent updates: 0
Done. Time elapsed: 19.6528279781 s
load_trace: 6.98039102554 s
detect_races: 1.61163687706 s
extract_traces_time: 0.450814008713 s
find_reactive_cmds_time: 3.71932983398e-05 s
find_proactive_cmds_time: 0.0954840183258 s
find_covered_races_time: 9.92493391037 s
per_packet_inconsistent_time: 0.589178085327 s
find_inconsistent_update_time: -0.000257968902588 s
Read 4899 events.
Added 4869 events.
Total write operations: 34
Total read operations: 1649
Processing 561 w/w combinations
Updating has_path path cache...
10% 
20% 
30% 
40% 
50% 
60% 
70% 
80% 
90% 
100% 
Processing 56066 r/w combinations
10% 
20% 
30% 
40% 
50% 
60% 
70% 
80% 
90% 
100% 
Updating has_path path cache...
+-------------------------------------------+
| Total operations:      1683               |
| Total write operations: 34                |
| Total read operations:  1649              |
+-------------------------------------------+
| Total commuting races: 9945               |
| Total harmful races:   772                |
| Total filtered races:  0                  |
| Total Time Filtered races:  2611          |
| Total Time Edges:      2611               |
+-------------------------------------------+
Number of packet traces with races: 199
Number of packet inconsistencies:  104
Number of packet inconsistencies that are actually consistent (covered):  58
Number of packet inconsistencies the first race is already inconsistent:  37
Number of packet inconsistencies after trimming repeated races:  22
Number of packet inconsistent updates:  0
Number of races:  13328
Number of races filtered by time:  2611
Number of commuting races:  9945
Number of harmful races:  423
Number of covered races:  349
Number of versions: 4
Inconsistent updates: 0
Done. Time elapsed: 18.0017678738 s
load_trace: 6.90181589127 s
detect_races: 1.52287006378 s
extract_traces_time: 0.433412075043 s
find_reactive_cmds_time: 3.69548797607e-05 s
find_proactive_cmds_time: 0.0938620567322 s
find_covered_races_time: 8.29847598076 s
per_packet_inconsistent_time: 0.750627994537 s
find_inconsistent_update_time: -0.000613927841187 s
Read 4899 events.
Added 4869 events.
Total write operations: 34
Total read operations: 1649
Processing 561 w/w combinations
Updating has_path path cache...
10% 
20% 
30% 
40% 
50% 
60% 
70% 
80% 
90% 
100% 
Processing 56066 r/w combinations
10% 
20% 
30% 
40% 
50% 
60% 
70% 
80% 
90% 
100% 
Updating has_path path cache...
+-------------------------------------------+
| Total operations:      1683               |
| Total write operations: 34                |
| Total read operations:  1649              |
+-------------------------------------------+
| Total commuting races: 9945               |
| Total harmful races:   907                |
| Total filtered races:  0                  |
| Total Time Filtered races:  2476          |
| Total Time Edges:      2476               |
+-------------------------------------------+
Number of packet traces with races: 226
Number of packet inconsistencies:  121
Number of packet inconsistencies that are actually consistent (covered):  67
Number of packet inconsistencies the first race is already inconsistent:  38
Number of packet inconsistencies after trimming repeated races:  20
Number of packet inconsistent updates:  0
Number of races:  13328
Number of races filtered by time:  2476
Number of commuting races:  9945
Number of harmful races:  492
Number of covered races:  415
Number of versions: 4
Inconsistent updates: 0
Done. Time elapsed: 18.8519990444 s
load_trace: 6.77305412292 s
detect_races: 1.49494600296 s
extract_traces_time: 0.427998781204 s
find_reactive_cmds_time: 0.0 s
find_proactive_cmds_time: 0.104248046875 s
find_covered_races_time: 9.16775202751 s
per_packet_inconsistent_time: 0.884000062943 s
find_inconsistent_update_time: 0.0 s
Read 4899 events.
Added 4869 events.
Total write operations: 34
Total read operations: 1649
Processing 561 w/w combinations
Updating has_path path cache...
10% 
20% 
30% 
40% 
50% 
60% 
70% 
80% 
90% 
100% 
Processing 56066 r/w combinations
10% 
20% 
30% 
40% 
50% 
60% 
70% 
80% 
90% 
100% 
Updating has_path path cache...
+-------------------------------------------+
| Total operations:      1683               |
| Total write operations: 34                |
| Total read operations:  1649              |
+-------------------------------------------+
| Total commuting races: 9945               |
| Total harmful races:   1014               |
| Total filtered races:  0                  |
| Total Time Filtered races:  2369          |
| Total Time Edges:      2369               |
+-------------------------------------------+
Number of packet traces with races: 254
Number of packet inconsistencies:  134
Number of packet inconsistencies that are actually consistent (covered):  75
Number of packet inconsistencies the first race is already inconsistent:  45
Number of packet inconsistencies after trimming repeated races:  18
Number of packet inconsistent updates:  0
Number of races:  13328
Number of races filtered by time:  2369
Number of commuting races:  9945
Number of harmful races:  547
Number of covered races:  467
Number of versions: 4
Inconsistent updates: 0
Done. Time elapsed: 18.6719989777 s
load_trace: 6.63599991798 s
detect_races: 1.45600104332 s
extract_traces_time: 0.431999921799 s
find_reactive_cmds_time: 0.0 s
find_proactive_cmds_time: 0.0919990539551 s
find_covered_races_time: 9.05999994278 s
per_packet_inconsistent_time: 0.995999097824 s
find_inconsistent_update_time: 0.0 s
