Read 1203 events.
Added 1182 events.
Total write operations: 72
Total read operations: 217
Processing 2556 w/w combinations
Updating has_path path cache...
10% 
20% 
30% 
40% 
50% 
60% 
70% 
80% 
90% 
100% 
Processing 15624 r/w combinations
10% 
20% 
30% 
40% 
50% 
60% 
70% 
80% 
90% 
100% 
Updating has_path path cache...
+-------------------------------------------+
| Total operations:      289                |
| Total write operations: 72                |
| Total read operations:  217               |
+-------------------------------------------+
| Total commuting races: 2701               |
| Total harmful races:   300                |
| Total filtered races:  0                  |
| Total Time Filtered races:  0             |
| Total Time Edges:      0                  |
+-------------------------------------------+
Number of packet traces with races: 75
Number of packet inconsistencies:  38
Number of packet inconsistencies that are actually consistent (covered):  34
Number of packet inconsistencies the first race is already inconsistent:  3
Number of packet inconsistencies after trimming repeated races:  32
Number of packet inconsistent updates:  0
Number of races:  3001
Number of races filtered by time:  0
Number of commuting races:  2701
Number of harmful races:  102
Number of covered races:  198
Number of versions: 50
Inconsistent updates: 0
Done. Time elapsed: 3.97092986107 s
load_trace: 1.59097981453 s
detect_races: 0.604697227478 s
extract_traces_time: 0.303283929825 s
find_reactive_cmds_time: 0.00237607955933 s
find_proactive_cmds_time: 0.0192878246307 s
find_covered_races_time: 1.40788006783 s
per_packet_inconsistent_time: 0.0422821044922 s
find_inconsistent_update_time: -0.000101804733276 s
Read 1203 events.
Added 1182 events.
Total write operations: 72
Total read operations: 217
Processing 2556 w/w combinations
Updating has_path path cache...
10% 
20% 
30% 
40% 
50% 
60% 
70% 
80% 
90% 
100% 
Processing 15624 r/w combinations
10% 
20% 
30% 
40% 
50% 
60% 
70% 
80% 
90% 
100% 
Updating has_path path cache...
+-------------------------------------------+
| Total operations:      289                |
| Total write operations: 72                |
| Total read operations:  217               |
+-------------------------------------------+
| Total commuting races: 2701               |
| Total harmful races:   0                  |
| Total filtered races:  0                  |
| Total Time Filtered races:  300           |
| Total Time Edges:      300                |
+-------------------------------------------+
Number of packet traces with races: 0
Number of packet inconsistencies:  0
Number of packet inconsistencies that are actually consistent (covered):  0
Number of packet inconsistencies the first race is already inconsistent:  0
Number of packet inconsistencies after trimming repeated races:  0
Number of packet inconsistent updates:  0
Number of races:  3001
Number of races filtered by time:  300
Number of commuting races:  2701
Number of harmful races:  0
Number of covered races:  0
Number of versions: 50
Inconsistent updates: 0
Done. Time elapsed: 2.91730499268 s
load_trace: 1.57510685921 s
detect_races: 0.66632604599 s
extract_traces_time: 0.370091915131 s
find_reactive_cmds_time: 0.0023980140686 s
find_proactive_cmds_time: 0.0197861194611 s
find_covered_races_time: 0.282209873199 s
per_packet_inconsistent_time: 0.0013279914856 s
find_inconsistent_update_time: -1.90734863281e-05 s
Read 1203 events.
Added 1182 events.
Total write operations: 72
Total read operations: 217
Processing 2556 w/w combinations
Updating has_path path cache...
10% 
20% 
30% 
40% 
50% 
60% 
70% 
80% 
90% 
100% 
Processing 15624 r/w combinations
10% 
20% 
30% 
40% 
50% 
60% 
70% 
80% 
90% 
100% 
Updating has_path path cache...
+-------------------------------------------+
| Total operations:      289                |
| Total write operations: 72                |
| Total read operations:  217               |
+-------------------------------------------+
| Total commuting races: 2701               |
| Total harmful races:   49                 |
| Total filtered races:  0                  |
| Total Time Filtered races:  251           |
| Total Time Edges:      251                |
+-------------------------------------------+
Number of packet traces with races: 36
Number of packet inconsistencies:  29
Number of packet inconsistencies that are actually consistent (covered):  2
Number of packet inconsistencies the first race is already inconsistent:  5
Number of packet inconsistencies after trimming repeated races:  22
Number of packet inconsistent updates:  0
Number of races:  3001
Number of races filtered by time:  251
Number of commuting races:  2701
Number of harmful races:  37
Number of covered races:  12
Number of versions: 50
Inconsistent updates: 0
Done. Time elapsed: 4.02762293816 s
load_trace: 1.55194497108 s
detect_races: 0.640174865723 s
extract_traces_time: 0.355950117111 s
find_reactive_cmds_time: 0.0024619102478 s
find_proactive_cmds_time: 0.0184471607208 s
find_covered_races_time: 1.44437193871 s
per_packet_inconsistent_time: 0.0141959190369 s
find_inconsistent_update_time: -3.50475311279e-05 s
Read 1203 events.
Added 1182 events.
Total write operations: 72
Total read operations: 217
Processing 2556 w/w combinations
Updating has_path path cache...
10% 
20% 
30% 
40% 
50% 
60% 
70% 
80% 
90% 
100% 
Processing 15624 r/w combinations
10% 
20% 
30% 
40% 
50% 
60% 
70% 
80% 
90% 
100% 
Updating has_path path cache...
+-------------------------------------------+
| Total operations:      289                |
| Total write operations: 72                |
| Total read operations:  217               |
+-------------------------------------------+
| Total commuting races: 2701               |
| Total harmful races:   69                 |
| Total filtered races:  0                  |
| Total Time Filtered races:  231           |
| Total Time Edges:      231                |
+-------------------------------------------+
Number of packet traces with races: 41
Number of packet inconsistencies:  31
Number of packet inconsistencies that are actually consistent (covered):  7
Number of packet inconsistencies the first race is already inconsistent:  3
Number of packet inconsistencies after trimming repeated races:  24
Number of packet inconsistent updates:  0
Number of races:  3001
Number of races filtered by time:  231
Number of commuting races:  2701
Number of harmful races:  42
Number of covered races:  27
Number of versions: 50
Inconsistent updates: 0
Done. Time elapsed: 4.25323390961 s
load_trace: 1.70889091492 s
detect_races: 0.669462919235 s
extract_traces_time: 0.340417146683 s
find_reactive_cmds_time: 0.0025110244751 s
find_proactive_cmds_time: 0.0203490257263 s
find_covered_races_time: 1.49155688286 s
per_packet_inconsistent_time: 0.0199661254883 s
find_inconsistent_update_time: -3.981590271e-05 s
Read 1203 events.
Added 1182 events.
Total write operations: 72
Total read operations: 217
Processing 2556 w/w combinations
Updating has_path path cache...
10% 
20% 
30% 
40% 
50% 
60% 
70% 
80% 
90% 
100% 
Processing 15624 r/w combinations
10% 
20% 
30% 
40% 
50% 
60% 
70% 
80% 
90% 
100% 
Updating has_path path cache...
+-------------------------------------------+
| Total operations:      289                |
| Total write operations: 72                |
| Total read operations:  217               |
+-------------------------------------------+
| Total commuting races: 2701               |
| Total harmful races:   89                 |
| Total filtered races:  0                  |
| Total Time Filtered races:  211           |
| Total Time Edges:      211                |
+-------------------------------------------+
Number of packet traces with races: 48
Number of packet inconsistencies:  33
Number of packet inconsistencies that are actually consistent (covered):  8
Number of packet inconsistencies the first race is already inconsistent:  7
Number of packet inconsistencies after trimming repeated races:  26
Number of packet inconsistent updates:  0
Number of races:  3001
Number of races filtered by time:  211
Number of commuting races:  2701
Number of harmful races:  52
Number of covered races:  37
Number of versions: 50
Inconsistent updates: 0
Done. Time elapsed: 4.18217206001 s
load_trace: 1.60225892067 s
detect_races: 0.644952058792 s
extract_traces_time: 0.348782062531 s
find_reactive_cmds_time: 0.00265789031982 s
find_proactive_cmds_time: 0.0181050300598 s
find_covered_races_time: 1.54638910294 s
per_packet_inconsistent_time: 0.0189418792725 s
find_inconsistent_update_time: -4.50611114502e-05 s
Read 1203 events.
Added 1182 events.
Total write operations: 72
Total read operations: 217
Processing 2556 w/w combinations
Updating has_path path cache...
10% 
20% 
30% 
40% 
50% 
60% 
70% 
80% 
90% 
100% 
Processing 15624 r/w combinations
10% 
20% 
30% 
40% 
50% 
60% 
70% 
80% 
90% 
100% 
Updating has_path path cache...
+-------------------------------------------+
| Total operations:      289                |
| Total write operations: 72                |
| Total read operations:  217               |
+-------------------------------------------+
| Total commuting races: 2701               |
| Total harmful races:   115                |
| Total filtered races:  0                  |
| Total Time Filtered races:  185           |
| Total Time Edges:      185                |
+-------------------------------------------+
Number of packet traces with races: 51
Number of packet inconsistencies:  34
Number of packet inconsistencies that are actually consistent (covered):  12
Number of packet inconsistencies the first race is already inconsistent:  5
Number of packet inconsistencies after trimming repeated races:  26
Number of packet inconsistent updates:  0
Number of races:  3001
Number of races filtered by time:  185
Number of commuting races:  2701
Number of harmful races:  57
Number of covered races:  58
Number of versions: 50
Inconsistent updates: 0
Done. Time elapsed: 4.22752690315 s
load_trace: 1.58298683167 s
detect_races: 0.629995107651 s
extract_traces_time: 0.318007946014 s
find_reactive_cmds_time: 0.00247001647949 s
find_proactive_cmds_time: 0.0179998874664 s
find_covered_races_time: 1.65432405472 s
per_packet_inconsistent_time: 0.0216431617737 s
find_inconsistent_update_time: -6.07967376709e-05 s
Read 1203 events.
Added 1182 events.
Total write operations: 72
Total read operations: 217
Processing 2556 w/w combinations
Updating has_path path cache...
10% 
20% 
30% 
40% 
50% 
60% 
70% 
80% 
90% 
100% 
Processing 15624 r/w combinations
10% 
20% 
30% 
40% 
50% 
60% 
70% 
80% 
90% 
100% 
Updating has_path path cache...
+-------------------------------------------+
| Total operations:      289                |
| Total write operations: 72                |
| Total read operations:  217               |
+-------------------------------------------+
| Total commuting races: 2701               |
| Total harmful races:   131                |
| Total filtered races:  0                  |
| Total Time Filtered races:  169           |
| Total Time Edges:      169                |
+-------------------------------------------+
Number of packet traces with races: 55
Number of packet inconsistencies:  35
Number of packet inconsistencies that are actually consistent (covered):  14
Number of packet inconsistencies the first race is already inconsistent:  6
Number of packet inconsistencies after trimming repeated races:  25
Number of packet inconsistent updates:  0
Number of races:  3001
Number of races filtered by time:  169
Number of commuting races:  2701
Number of harmful races:  61
Number of covered races:  70
Number of versions: 50
Inconsistent updates: 0
Done. Time elapsed: 3.97946000099 s
load_trace: 1.56892490387 s
detect_races: 0.591181993484 s
extract_traces_time: 0.299801111221 s
find_reactive_cmds_time: 0.00232791900635 s
find_proactive_cmds_time: 0.0211799144745 s
find_covered_races_time: 1.47256493568 s
per_packet_inconsistent_time: 0.0233860015869 s
find_inconsistent_update_time: -5.50746917725e-05 s
Read 1203 events.
Added 1182 events.
Total write operations: 72
Total read operations: 217
Processing 2556 w/w combinations
Updating has_path path cache...
10% 
20% 
30% 
40% 
50% 
60% 
70% 
80% 
90% 
100% 
Processing 15624 r/w combinations
10% 
20% 
30% 
40% 
50% 
60% 
70% 
80% 
90% 
100% 
Updating has_path path cache...
+-------------------------------------------+
| Total operations:      289                |
| Total write operations: 72                |
| Total read operations:  217               |
+-------------------------------------------+
| Total commuting races: 2701               |
| Total harmful races:   136                |
| Total filtered races:  0                  |
| Total Time Filtered races:  164           |
| Total Time Edges:      164                |
+-------------------------------------------+
Number of packet traces with races: 57
Number of packet inconsistencies:  35
Number of packet inconsistencies that are actually consistent (covered):  14
Number of packet inconsistencies the first race is already inconsistent:  8
Number of packet inconsistencies after trimming repeated races:  25
Number of packet inconsistent updates:  0
Number of races:  3001
Number of races filtered by time:  164
Number of commuting races:  2701
Number of harmful races:  64
Number of covered races:  72
Number of versions: 50
Inconsistent updates: 0
Done. Time elapsed: 4.1943488121 s
load_trace: 1.62946891785 s
detect_races: 0.624361991882 s
extract_traces_time: 0.322644948959 s
find_reactive_cmds_time: 0.00261998176575 s
find_proactive_cmds_time: 0.0196030139923 s
find_covered_races_time: 1.56677603722 s
per_packet_inconsistent_time: 0.0287780761719 s
find_inconsistent_update_time: -5.69820404053e-05 s
Read 1203 events.
Added 1182 events.
Total write operations: 72
Total read operations: 217
Processing 2556 w/w combinations
Updating has_path path cache...
10% 
20% 
30% 
40% 
50% 
60% 
70% 
80% 
90% 
100% 
Processing 15624 r/w combinations
10% 
20% 
30% 
40% 
50% 
60% 
70% 
80% 
90% 
100% 
Updating has_path path cache...
+-------------------------------------------+
| Total operations:      289                |
| Total write operations: 72                |
| Total read operations:  217               |
+-------------------------------------------+
| Total commuting races: 2701               |
| Total harmful races:   141                |
| Total filtered races:  0                  |
| Total Time Filtered races:  159           |
| Total Time Edges:      159                |
+-------------------------------------------+
Number of packet traces with races: 61
Number of packet inconsistencies:  35
Number of packet inconsistencies that are actually consistent (covered):  15
Number of packet inconsistencies the first race is already inconsistent:  11
Number of packet inconsistencies after trimming repeated races:  25
Number of packet inconsistent updates:  0
Number of races:  3001
Number of races filtered by time:  159
Number of commuting races:  2701
Number of harmful races:  68
Number of covered races:  73
Number of versions: 50
Inconsistent updates: 0
Done. Time elapsed: 3.92717504501 s
load_trace: 1.55513119698 s
detect_races: 0.592805862427 s
extract_traces_time: 0.308658123016 s
find_reactive_cmds_time: 0.00247001647949 s
find_proactive_cmds_time: 0.0188608169556 s
find_covered_races_time: 1.42464518547 s
per_packet_inconsistent_time: 0.0245089530945 s
find_inconsistent_update_time: -5.69820404053e-05 s
Read 1203 events.
Added 1182 events.
Total write operations: 72
Total read operations: 217
Processing 2556 w/w combinations
Updating has_path path cache...
10% 
20% 
30% 
40% 
50% 
60% 
70% 
80% 
90% 
100% 
Processing 15624 r/w combinations
10% 
20% 
30% 
40% 
50% 
60% 
70% 
80% 
90% 
100% 
Updating has_path path cache...
+-------------------------------------------+
| Total operations:      289                |
| Total write operations: 72                |
| Total read operations:  217               |
+-------------------------------------------+
| Total commuting races: 2701               |
| Total harmful races:   152                |
| Total filtered races:  0                  |
| Total Time Filtered races:  148           |
| Total Time Edges:      148                |
+-------------------------------------------+
Number of packet traces with races: 66
Number of packet inconsistencies:  35
Number of packet inconsistencies that are actually consistent (covered):  17
Number of packet inconsistencies the first race is already inconsistent:  14
Number of packet inconsistencies after trimming repeated races:  25
Number of packet inconsistent updates:  0
Number of races:  3001
Number of races filtered by time:  148
Number of commuting races:  2701
Number of harmful races:  73
Number of covered races:  79
Number of versions: 50
Inconsistent updates: 0
Done. Time elapsed: 4.08361411095 s
load_trace: 1.60054993629 s
detect_races: 0.599218130112 s
extract_traces_time: 0.306666851044 s
find_reactive_cmds_time: 0.00248217582703 s
find_proactive_cmds_time: 0.0184860229492 s
find_covered_races_time: 1.52968788147 s
per_packet_inconsistent_time: 0.026426076889 s
find_inconsistent_update_time: -5.79357147217e-05 s
Read 1203 events.
Added 1182 events.
Total write operations: 72
Total read operations: 217
Processing 2556 w/w combinations
Updating has_path path cache...
10% 
20% 
30% 
40% 
50% 
60% 
70% 
80% 
90% 
100% 
Processing 15624 r/w combinations
10% 
20% 
30% 
40% 
50% 
60% 
70% 
80% 
90% 
100% 
Updating has_path path cache...
+-------------------------------------------+
| Total operations:      289                |
| Total write operations: 72                |
| Total read operations:  217               |
+-------------------------------------------+
| Total commuting races: 2701               |
| Total harmful races:   166                |
| Total filtered races:  0                  |
| Total Time Filtered races:  134           |
| Total Time Edges:      134                |
+-------------------------------------------+
Number of packet traces with races: 68
Number of packet inconsistencies:  36
Number of packet inconsistencies that are actually consistent (covered):  18
Number of packet inconsistencies the first race is already inconsistent:  14
Number of packet inconsistencies after trimming repeated races:  26
Number of packet inconsistent updates:  0
Number of races:  3001
Number of races filtered by time:  134
Number of commuting races:  2701
Number of harmful races:  78
Number of covered races:  88
Number of versions: 50
Inconsistent updates: 0
Done. Time elapsed: 4.13169407845 s
load_trace: 1.57817411423 s
detect_races: 0.583145856857 s
extract_traces_time: 0.30638718605 s
find_reactive_cmds_time: 0.00244092941284 s
find_proactive_cmds_time: 0.0187819004059 s
find_covered_races_time: 1.61435699463 s
per_packet_inconsistent_time: 0.0283041000366 s
find_inconsistent_update_time: -6.29425048828e-05 s
Read 1203 events.
Added 1182 events.
Total write operations: 72
Total read operations: 217
Processing 2556 w/w combinations
Updating has_path path cache...
10% 
20% 
30% 
40% 
50% 
60% 
70% 
80% 
90% 
100% 
Processing 15624 r/w combinations
10% 
20% 
30% 
40% 
50% 
60% 
70% 
80% 
90% 
100% 
Updating has_path path cache...
+-------------------------------------------+
| Total operations:      289                |
| Total write operations: 72                |
| Total read operations:  217               |
+-------------------------------------------+
| Total commuting races: 2701               |
| Total harmful races:   174                |
| Total filtered races:  0                  |
| Total Time Filtered races:  126           |
| Total Time Edges:      126                |
+-------------------------------------------+
Number of packet traces with races: 69
Number of packet inconsistencies:  37
Number of packet inconsistencies that are actually consistent (covered):  18
Number of packet inconsistencies the first race is already inconsistent:  14
Number of packet inconsistencies after trimming repeated races:  26
Number of packet inconsistent updates:  0
Number of races:  3001
Number of races filtered by time:  126
Number of commuting races:  2701
Number of harmful races:  80
Number of covered races:  94
Number of versions: 50
Inconsistent updates: 0
Done. Time elapsed: 3.99705195427 s
load_trace: 1.59975409508 s
detect_races: 0.603275060654 s
extract_traces_time: 0.30588388443 s
find_reactive_cmds_time: 0.00238704681396 s
find_proactive_cmds_time: 0.018061876297 s
find_covered_races_time: 1.43871307373 s
per_packet_inconsistent_time: 0.0288679599762 s
find_inconsistent_update_time: -6.79492950439e-05 s
