Read 6761 events.
Added 2689 events.
Total write operations: 501
Total read operations: 590
Processing 125250 w/w combinations
Updating has_path path cache...
10% 
20% 
30% 
40% 
50% 
60% 
70% 
80% 
90% 
100% 
Processing 295590 r/w combinations
10% 
20% 
30% 
40% 
50% 
60% 
70% 
80% 
90% 
100% 
Updating has_path path cache...
+-------------------------------------------+
| Total operations:      1091               |
| Total write operations: 501               |
| Total read operations:  590               |
+-------------------------------------------+
| Total commuting races: 66379              |
| Total harmful races:   2683               |
| Total filtered races:  0                  |
| Total Time Filtered races:  0             |
| Total Time Edges:      0                  |
+-------------------------------------------+
Number of packet traces with races: 385
Number of packet inconsistencies:  109
Number of packet inconsistencies that are actually consistent (covered):  33
Number of packet inconsistencies the first race is already inconsistent:  243
Number of packet inconsistencies after trimming repeated races:  57
Number of packet inconsistent updates:  0
Number of races:  69062
Number of races filtered by time:  0
Number of commuting races:  66379
Number of harmful races:  2412
Number of covered races:  271
Number of versions: 423
Inconsistent updates: 0
Done. Time elapsed: 18.625330925 s
load_trace: 11.3158400059 s
detect_races: 4.22368979454 s
extract_traces_time: 0.285508155823 s
find_reactive_cmds_time: 0.00942087173462 s
find_proactive_cmds_time: 0.183052062988 s
find_covered_races_time: 0.871195077896 s
per_packet_inconsistent_time: 1.72914099693 s
find_inconsistent_update_time: -0.00742983818054 s
Read 6761 events.
Added 2689 events.
Total write operations: 501
Total read operations: 590
Processing 125250 w/w combinations
Updating has_path path cache...
10% 
20% 
30% 
40% 
50% 
60% 
70% 
80% 
90% 
100% 
Processing 295590 r/w combinations
10% 
20% 
30% 
40% 
50% 
60% 
70% 
80% 
90% 
100% 
Updating has_path path cache...
+-------------------------------------------+
| Total operations:      1091               |
| Total write operations: 501               |
| Total read operations:  590               |
+-------------------------------------------+
| Total commuting races: 66379              |
| Total harmful races:   0                  |
| Total filtered races:  0                  |
| Total Time Filtered races:  2683          |
| Total Time Edges:      2683               |
+-------------------------------------------+
Number of packet traces with races: 0
Number of packet inconsistencies:  0
Number of packet inconsistencies that are actually consistent (covered):  0
Number of packet inconsistencies the first race is already inconsistent:  0
Number of packet inconsistencies after trimming repeated races:  0
Number of packet inconsistent updates:  0
Number of races:  69062
Number of races filtered by time:  2683
Number of commuting races:  66379
Number of harmful races:  0
Number of covered races:  0
Number of versions: 423
Inconsistent updates: 0
Done. Time elapsed: 15.3397269249 s
load_trace: 10.3346569538 s
detect_races: 4.33319187164 s
extract_traces_time: 0.410617113113 s
find_reactive_cmds_time: 0.011137008667 s
find_proactive_cmds_time: 0.203227043152 s
find_covered_races_time: 0.042552947998 s
per_packet_inconsistent_time: 0.00415992736816 s
find_inconsistent_update_time: -0.000131130218506 s
Read 6761 events.
Added 2689 events.
Total write operations: 501
Total read operations: 590
Processing 125250 w/w combinations
Updating has_path path cache...
10% 
20% 
30% 
40% 
50% 
60% 
70% 
80% 
90% 
100% 
Processing 295590 r/w combinations
10% 
20% 
30% 
40% 
50% 
60% 
70% 
80% 
90% 
100% 
Updating has_path path cache...
+-------------------------------------------+
| Total operations:      1091               |
| Total write operations: 501               |
| Total read operations:  590               |
+-------------------------------------------+
| Total commuting races: 66379              |
| Total harmful races:   40                 |
| Total filtered races:  0                  |
| Total Time Filtered races:  2643          |
| Total Time Edges:      2643               |
+-------------------------------------------+
Number of packet traces with races: 20
Number of packet inconsistencies:  10
Number of packet inconsistencies that are actually consistent (covered):  0
Number of packet inconsistencies the first race is already inconsistent:  10
Number of packet inconsistencies after trimming repeated races:  9
Number of packet inconsistent updates:  0
Number of races:  69062
Number of races filtered by time:  2643
Number of commuting races:  66379
Number of harmful races:  40
Number of covered races:  0
Number of versions: 423
Inconsistent updates: 0
Done. Time elapsed: 16.2598149776 s
load_trace: 10.6590409279 s
detect_races: 5.01191306114 s
extract_traces_time: 0.335965871811 s
find_reactive_cmds_time: 0.00813603401184 s
find_proactive_cmds_time: 0.171867132187 s
find_covered_races_time: 0.0493547916412 s
per_packet_inconsistent_time: 0.0231790542603 s
find_inconsistent_update_time: -0.000308990478516 s
Read 6761 events.
Added 2689 events.
Total write operations: 501
Total read operations: 590
Processing 125250 w/w combinations
Updating has_path path cache...
10% 
20% 
30% 
40% 
50% 
60% 
70% 
80% 
90% 
100% 
Processing 295590 r/w combinations
10% 
20% 
30% 
40% 
50% 
60% 
70% 
80% 
90% 
100% 
Updating has_path path cache...
+-------------------------------------------+
| Total operations:      1091               |
| Total write operations: 501               |
| Total read operations:  590               |
+-------------------------------------------+
| Total commuting races: 66379              |
| Total harmful races:   97                 |
| Total filtered races:  0                  |
| Total Time Filtered races:  2586          |
| Total Time Edges:      2586               |
+-------------------------------------------+
Number of packet traces with races: 53
Number of packet inconsistencies:  23
Number of packet inconsistencies that are actually consistent (covered):  0
Number of packet inconsistencies the first race is already inconsistent:  30
Number of packet inconsistencies after trimming repeated races:  18
Number of packet inconsistent updates:  0
Number of races:  69062
Number of races filtered by time:  2586
Number of commuting races:  66379
Number of harmful races:  97
Number of covered races:  0
Number of versions: 423
Inconsistent updates: 0
Done. Time elapsed: 15.5161509514 s
load_trace: 10.554587841 s
detect_races: 4.2750852108 s
extract_traces_time: 0.350855827332 s
find_reactive_cmds_time: 0.00917506217957 s
find_proactive_cmds_time: 0.180095911026 s
find_covered_races_time: 0.074315071106 s
per_packet_inconsistent_time: 0.0713450908661 s
find_inconsistent_update_time: -0.00063681602478 s
Read 6761 events.
Added 2689 events.
Total write operations: 501
Total read operations: 590
Processing 125250 w/w combinations
Updating has_path path cache...
10% 
20% 
30% 
40% 
50% 
60% 
70% 
80% 
90% 
100% 
Processing 295590 r/w combinations
10% 
20% 
30% 
40% 
50% 
60% 
70% 
80% 
90% 
100% 
Updating has_path path cache...
+-------------------------------------------+
| Total operations:      1091               |
| Total write operations: 501               |
| Total read operations:  590               |
+-------------------------------------------+
| Total commuting races: 66379              |
| Total harmful races:   170                |
| Total filtered races:  0                  |
| Total Time Filtered races:  2513          |
| Total Time Edges:      2513               |
+-------------------------------------------+
Number of packet traces with races: 101
Number of packet inconsistencies:  33
Number of packet inconsistencies that are actually consistent (covered):  0
Number of packet inconsistencies the first race is already inconsistent:  68
Number of packet inconsistencies after trimming repeated races:  25
Number of packet inconsistent updates:  0
Number of races:  69062
Number of races filtered by time:  2513
Number of commuting races:  66379
Number of harmful races:  170
Number of covered races:  0
Number of versions: 423
Inconsistent updates: 0
Done. Time elapsed: 15.8226180077 s
load_trace: 10.3547081947 s
detect_races: 4.46642494202 s
extract_traces_time: 0.376410961151 s
find_reactive_cmds_time: 0.0099949836731 s
find_proactive_cmds_time: 0.253471136093 s
find_covered_races_time: 0.181866884232 s
per_packet_inconsistent_time: 0.179004907608 s
find_inconsistent_update_time: -0.000686168670654 s
Read 6761 events.
Added 2689 events.
Total write operations: 501
Total read operations: 590
Processing 125250 w/w combinations
Updating has_path path cache...
10% 
20% 
30% 
40% 
50% 
60% 
70% 
80% 
90% 
100% 
Processing 295590 r/w combinations
10% 
20% 
30% 
40% 
50% 
60% 
70% 
80% 
90% 
100% 
Updating has_path path cache...
+-------------------------------------------+
| Total operations:      1091               |
| Total write operations: 501               |
| Total read operations:  590               |
+-------------------------------------------+
| Total commuting races: 66379              |
| Total harmful races:   245                |
| Total filtered races:  0                  |
| Total Time Filtered races:  2438          |
| Total Time Edges:      2438               |
+-------------------------------------------+
Number of packet traces with races: 141
Number of packet inconsistencies:  39
Number of packet inconsistencies that are actually consistent (covered):  0
Number of packet inconsistencies the first race is already inconsistent:  102
Number of packet inconsistencies after trimming repeated races:  30
Number of packet inconsistent updates:  0
Number of races:  69062
Number of races filtered by time:  2438
Number of commuting races:  66379
Number of harmful races:  245
Number of covered races:  0
Number of versions: 423
Inconsistent updates: 0
Done. Time elapsed: 15.6940228939 s
load_trace: 10.5010418892 s
detect_races: 4.21185112 s
extract_traces_time: 0.399525880814 s
find_reactive_cmds_time: 0.0126309394836 s
find_proactive_cmds_time: 0.207295179367 s
find_covered_races_time: 0.139528989792 s
per_packet_inconsistent_time: 0.221231937408 s
find_inconsistent_update_time: -0.000864028930664 s
Read 6761 events.
Added 2689 events.
Total write operations: 501
Total read operations: 590
Processing 125250 w/w combinations
Updating has_path path cache...
10% 
20% 
30% 
40% 
50% 
60% 
70% 
80% 
90% 
100% 
Processing 295590 r/w combinations
10% 
20% 
30% 
40% 
50% 
60% 
70% 
80% 
90% 
100% 
Updating has_path path cache...
+-------------------------------------------+
| Total operations:      1091               |
| Total write operations: 501               |
| Total read operations:  590               |
+-------------------------------------------+
| Total commuting races: 66379              |
| Total harmful races:   339                |
| Total filtered races:  0                  |
| Total Time Filtered races:  2344          |
| Total Time Edges:      2344               |
+-------------------------------------------+
Number of packet traces with races: 174
Number of packet inconsistencies:  52
Number of packet inconsistencies that are actually consistent (covered):  0
Number of packet inconsistencies the first race is already inconsistent:  122
Number of packet inconsistencies after trimming repeated races:  39
Number of packet inconsistent updates:  0
Number of races:  69062
Number of races filtered by time:  2344
Number of commuting races:  66379
Number of harmful races:  339
Number of covered races:  0
Number of versions: 423
Inconsistent updates: 0
Done. Time elapsed: 16.0927228928 s
load_trace: 10.5128028393 s
detect_races: 4.65028595924 s
extract_traces_time: 0.319547176361 s
find_reactive_cmds_time: 0.00954103469849 s
find_proactive_cmds_time: 0.172424793243 s
find_covered_races_time: 0.149564027786 s
per_packet_inconsistent_time: 0.277311086655 s
find_inconsistent_update_time: -0.00119686126709 s
Read 6761 events.
Added 2689 events.
Total write operations: 501
Total read operations: 590
Processing 125250 w/w combinations
Updating has_path path cache...
10% 
20% 
30% 
40% 
50% 
60% 
70% 
80% 
90% 
100% 
Processing 295590 r/w combinations
10% 
20% 
30% 
40% 
50% 
60% 
70% 
80% 
90% 
100% 
Updating has_path path cache...
+-------------------------------------------+
| Total operations:      1091               |
| Total write operations: 501               |
| Total read operations:  590               |
+-------------------------------------------+
| Total commuting races: 66379              |
| Total harmful races:   436                |
| Total filtered races:  0                  |
| Total Time Filtered races:  2247          |
| Total Time Edges:      2247               |
+-------------------------------------------+
Number of packet traces with races: 197
Number of packet inconsistencies:  62
Number of packet inconsistencies that are actually consistent (covered):  0
Number of packet inconsistencies the first race is already inconsistent:  135
Number of packet inconsistencies after trimming repeated races:  39
Number of packet inconsistent updates:  0
Number of races:  69062
Number of races filtered by time:  2247
Number of commuting races:  66379
Number of harmful races:  436
Number of covered races:  0
Number of versions: 423
Inconsistent updates: 0
Done. Time elapsed: 15.6167168617 s
load_trace: 10.316672802 s
detect_races: 4.25000619888 s
extract_traces_time: 0.330754995346 s
find_reactive_cmds_time: 0.00991678237915 s
find_proactive_cmds_time: 0.175201177597 s
find_covered_races_time: 0.178019046783 s
per_packet_inconsistent_time: 0.354646921158 s
find_inconsistent_update_time: -0.00144696235657 s
Read 6761 events.
Added 2689 events.
Total write operations: 501
Total read operations: 590
Processing 125250 w/w combinations
Updating has_path path cache...
10% 
20% 
30% 
40% 
50% 
60% 
70% 
80% 
90% 
100% 
Processing 295590 r/w combinations
10% 
20% 
30% 
40% 
50% 
60% 
70% 
80% 
90% 
100% 
Updating has_path path cache...
+-------------------------------------------+
| Total operations:      1091               |
| Total write operations: 501               |
| Total read operations:  590               |
+-------------------------------------------+
| Total commuting races: 66379              |
| Total harmful races:   507                |
| Total filtered races:  0                  |
| Total Time Filtered races:  2176          |
| Total Time Edges:      2176               |
+-------------------------------------------+
Number of packet traces with races: 211
Number of packet inconsistencies:  66
Number of packet inconsistencies that are actually consistent (covered):  0
Number of packet inconsistencies the first race is already inconsistent:  145
Number of packet inconsistencies after trimming repeated races:  42
Number of packet inconsistent updates:  0
Number of races:  69062
Number of races filtered by time:  2176
Number of commuting races:  66379
Number of harmful races:  507
Number of covered races:  0
Number of versions: 423
Inconsistent updates: 0
Done. Time elapsed: 16.1712989807 s
load_trace: 10.6067240238 s
detect_races: 4.46471691132 s
extract_traces_time: 0.324579000473 s
find_reactive_cmds_time: 0.00872015953064 s
find_proactive_cmds_time: 0.175850868225 s
find_covered_races_time: 0.195425033569 s
per_packet_inconsistent_time: 0.393604040146 s
find_inconsistent_update_time: -0.00162887573242 s
Read 6761 events.
Added 2689 events.
Total write operations: 501
Total read operations: 590
Processing 125250 w/w combinations
Updating has_path path cache...
10% 
20% 
30% 
40% 
50% 
60% 
70% 
80% 
90% 
100% 
Processing 295590 r/w combinations
10% 
20% 
30% 
40% 
50% 
60% 
70% 
80% 
90% 
100% 
Updating has_path path cache...
+-------------------------------------------+
| Total operations:      1091               |
| Total write operations: 501               |
| Total read operations:  590               |
+-------------------------------------------+
| Total commuting races: 66379              |
| Total harmful races:   573                |
| Total filtered races:  0                  |
| Total Time Filtered races:  2110          |
| Total Time Edges:      2110               |
+-------------------------------------------+
Number of packet traces with races: 226
Number of packet inconsistencies:  70
Number of packet inconsistencies that are actually consistent (covered):  0
Number of packet inconsistencies the first race is already inconsistent:  156
Number of packet inconsistencies after trimming repeated races:  44
Number of packet inconsistent updates:  0
Number of races:  69062
Number of races filtered by time:  2110
Number of commuting races:  66379
Number of harmful races:  573
Number of covered races:  0
Number of versions: 423
Inconsistent updates: 0
Done. Time elapsed: 15.8854990005 s
load_trace: 10.4237549305 s
detect_races: 4.29556107521 s
extract_traces_time: 0.312963008881 s
find_reactive_cmds_time: 0.00901293754578 s
find_proactive_cmds_time: 0.180602073669 s
find_covered_races_time: 0.212857961655 s
per_packet_inconsistent_time: 0.44895195961 s
find_inconsistent_update_time: -0.0017409324646 s
Read 6761 events.
Added 2689 events.
Total write operations: 501
Total read operations: 590
Processing 125250 w/w combinations
Updating has_path path cache...
10% 
20% 
30% 
40% 
50% 
60% 
70% 
80% 
90% 
100% 
Processing 295590 r/w combinations
10% 
20% 
30% 
40% 
50% 
60% 
70% 
80% 
90% 
100% 
Updating has_path path cache...
+-------------------------------------------+
| Total operations:      1091               |
| Total write operations: 501               |
| Total read operations:  590               |
+-------------------------------------------+
| Total commuting races: 66379              |
| Total harmful races:   639                |
| Total filtered races:  0                  |
| Total Time Filtered races:  2044          |
| Total Time Edges:      2044               |
+-------------------------------------------+
Number of packet traces with races: 240
Number of packet inconsistencies:  73
Number of packet inconsistencies that are actually consistent (covered):  0
Number of packet inconsistencies the first race is already inconsistent:  167
Number of packet inconsistencies after trimming repeated races:  44
Number of packet inconsistent updates:  0
Number of races:  69062
Number of races filtered by time:  2044
Number of commuting races:  66379
Number of harmful races:  639
Number of covered races:  0
Number of versions: 423
Inconsistent updates: 0
Done. Time elapsed: 16.0946719646 s
load_trace: 10.7000551224 s
detect_races: 4.14587688446 s
extract_traces_time: 0.328239917755 s
find_reactive_cmds_time: 0.00941205024719 s
find_proactive_cmds_time: 0.177796125412 s
find_covered_races_time: 0.243952035904 s
per_packet_inconsistent_time: 0.487260818481 s
find_inconsistent_update_time: -0.00199103355408 s
Read 6761 events.
Added 2689 events.
Total write operations: 501
Total read operations: 590
Processing 125250 w/w combinations
Updating has_path path cache...
10% 
20% 
30% 
40% 
50% 
60% 
70% 
80% 
90% 
100% 
Processing 295590 r/w combinations
10% 
20% 
30% 
40% 
50% 
60% 
70% 
80% 
90% 
100% 
Updating has_path path cache...
+-------------------------------------------+
| Total operations:      1091               |
| Total write operations: 501               |
| Total read operations:  590               |
+-------------------------------------------+
| Total commuting races: 66379              |
| Total harmful races:   692                |
| Total filtered races:  0                  |
| Total Time Filtered races:  1991          |
| Total Time Edges:      1991               |
+-------------------------------------------+
Number of packet traces with races: 253
Number of packet inconsistencies:  75
Number of packet inconsistencies that are actually consistent (covered):  0
Number of packet inconsistencies the first race is already inconsistent:  178
Number of packet inconsistencies after trimming repeated races:  47
Number of packet inconsistent updates:  0
Number of races:  69062
Number of races filtered by time:  1991
Number of commuting races:  66379
Number of harmful races:  691
Number of covered races:  1
Number of versions: 423
Inconsistent updates: 0
Done. Time elapsed: 15.3358831406 s
load_trace: 10.0318069458 s
detect_races: 4.06636118889 s
extract_traces_time: 0.305466890335 s
find_reactive_cmds_time: 0.0079619884491 s
find_proactive_cmds_time: 0.167278051376 s
find_covered_races_time: 0.246337890625 s
per_packet_inconsistent_time: 0.508560180664 s
find_inconsistent_update_time: -0.00205588340759 s
