Read 1521 events.
Added 1488 events.
Total write operations: 59
Total read operations: 406
Processing 1711 w/w combinations
Updating has_path path cache...
10% 
20% 
30% 
40% 
50% 
60% 
70% 
80% 
90% 
100% 
Processing 23954 r/w combinations
10% 
20% 
30% 
40% 
50% 
60% 
70% 
80% 
90% 
100% 
Updating has_path path cache...
+-------------------------------------------+
| Total operations:      465                |
| Total write operations: 59                |
| Total read operations:  406               |
+-------------------------------------------+
| Total commuting races: 7454               |
| Total harmful races:   1069               |
| Total filtered races:  0                  |
| Total Time Filtered races:  0             |
| Total Time Edges:      0                  |
+-------------------------------------------+
Number of packet traces with races: 178
Number of packet inconsistencies:  115
Number of packet inconsistencies that are actually consistent (covered):  56
Number of packet inconsistencies the first race is already inconsistent:  7
Number of packet inconsistencies after trimming repeated races:  27
Number of packet inconsistent updates:  41
Number of races:  8523
Number of races filtered by time:  0
Number of commuting races:  7454
Number of harmful races:  726
Number of covered races:  343
Number of versions: 48
Inconsistent updates: 17
Done. Time elapsed: 4.04605913162 s
load_trace: 2.24781107903 s
detect_races: 0.644578933716 s
extract_traces_time: 0.0463850498199 s
find_reactive_cmds_time: 0.00190806388855 s
find_proactive_cmds_time: 0.165630817413 s
find_covered_races_time: 0.664836168289 s
per_packet_inconsistent_time: 0.273998975754 s
find_inconsistent_update_time: -0.000859975814819 s
Read 1521 events.
Added 1488 events.
Total write operations: 59
Total read operations: 406
Processing 1711 w/w combinations
Updating has_path path cache...
10% 
20% 
30% 
40% 
50% 
60% 
70% 
80% 
90% 
100% 
Processing 23954 r/w combinations
10% 
20% 
30% 
40% 
50% 
60% 
70% 
80% 
90% 
100% 
Updating has_path path cache...
+-------------------------------------------+
| Total operations:      465                |
| Total write operations: 59                |
| Total read operations:  406               |
+-------------------------------------------+
| Total commuting races: 7454               |
| Total harmful races:   0                  |
| Total filtered races:  0                  |
| Total Time Filtered races:  1069          |
| Total Time Edges:      1069               |
+-------------------------------------------+
Number of packet traces with races: 0
Number of packet inconsistencies:  0
Number of packet inconsistencies that are actually consistent (covered):  0
Number of packet inconsistencies the first race is already inconsistent:  0
Number of packet inconsistencies after trimming repeated races:  0
Number of packet inconsistent updates:  0
Number of races:  8523
Number of races filtered by time:  1069
Number of commuting races:  7454
Number of harmful races:  0
Number of covered races:  0
Number of versions: 48
Inconsistent updates: 0
Done. Time elapsed: 3.61959600449 s
load_trace: 2.38868808746 s
detect_races: 0.759775876999 s
extract_traces_time: 0.215137958527 s
find_reactive_cmds_time: 0.00227904319763 s
find_proactive_cmds_time: 0.0902590751648 s
find_covered_races_time: 0.161372900009 s
per_packet_inconsistent_time: 0.00201106071472 s
find_inconsistent_update_time: -2.19345092773e-05 s
Read 1521 events.
Added 1488 events.
Total write operations: 59
Total read operations: 406
Processing 1711 w/w combinations
Updating has_path path cache...
10% 
20% 
30% 
40% 
50% 
60% 
70% 
80% 
90% 
100% 
Processing 23954 r/w combinations
10% 
20% 
30% 
40% 
50% 
60% 
70% 
80% 
90% 
100% 
Updating has_path path cache...
+-------------------------------------------+
| Total operations:      465                |
| Total write operations: 59                |
| Total read operations:  406               |
+-------------------------------------------+
| Total commuting races: 7454               |
| Total harmful races:   71                 |
| Total filtered races:  0                  |
| Total Time Filtered races:  998           |
| Total Time Edges:      998                |
+-------------------------------------------+
Number of packet traces with races: 29
Number of packet inconsistencies:  14
Number of packet inconsistencies that are actually consistent (covered):  0
Number of packet inconsistencies the first race is already inconsistent:  15
Number of packet inconsistencies after trimming repeated races:  14
Number of packet inconsistent updates:  0
Number of races:  8523
Number of races filtered by time:  998
Number of commuting races:  7454
Number of harmful races:  71
Number of covered races:  0
Number of versions: 48
Inconsistent updates: 0
Done. Time elapsed: 3.90230798721 s
load_trace: 2.57677793503 s
detect_races: 0.761235952377 s
extract_traces_time: 0.201391935349 s
find_reactive_cmds_time: 0.00223898887634 s
find_proactive_cmds_time: 0.0882081985474 s
find_covered_races_time: 0.253611803055 s
per_packet_inconsistent_time: 0.0182721614838 s
find_inconsistent_update_time: -0.000521898269653 s
Read 1521 events.
Added 1488 events.
Total write operations: 59
Total read operations: 406
Processing 1711 w/w combinations
Updating has_path path cache...
10% 
20% 
30% 
40% 
50% 
60% 
70% 
80% 
90% 
100% 
Processing 23954 r/w combinations
10% 
20% 
30% 
40% 
50% 
60% 
70% 
80% 
90% 
100% 
Updating has_path path cache...
+-------------------------------------------+
| Total operations:      465                |
| Total write operations: 59                |
| Total read operations:  406               |
+-------------------------------------------+
| Total commuting races: 7454               |
| Total harmful races:   118                |
| Total filtered races:  0                  |
| Total Time Filtered races:  951           |
| Total Time Edges:      951                |
+-------------------------------------------+
Number of packet traces with races: 42
Number of packet inconsistencies:  20
Number of packet inconsistencies that are actually consistent (covered):  0
Number of packet inconsistencies the first race is already inconsistent:  22
Number of packet inconsistencies after trimming repeated races:  16
Number of packet inconsistent updates:  12
Number of races:  8523
Number of races filtered by time:  951
Number of commuting races:  7454
Number of harmful races:  118
Number of covered races:  0
Number of versions: 48
Inconsistent updates: 6
Done. Time elapsed: 3.59368395805 s
load_trace: 2.27107405663 s
detect_races: 0.732143878937 s
extract_traces_time: 0.176425933838 s
find_reactive_cmds_time: 0.00216102600098 s
find_proactive_cmds_time: 0.085930109024 s
find_covered_races_time: 0.285364866257 s
per_packet_inconsistent_time: 0.0403461456299 s
find_inconsistent_update_time: -0.00019097328186 s
Read 1521 events.
Added 1488 events.
Total write operations: 59
Total read operations: 406
Processing 1711 w/w combinations
Updating has_path path cache...
10% 
20% 
30% 
40% 
50% 
60% 
70% 
80% 
90% 
100% 
Processing 23954 r/w combinations
10% 
20% 
30% 
40% 
50% 
60% 
70% 
80% 
90% 
100% 
Updating has_path path cache...
+-------------------------------------------+
| Total operations:      465                |
| Total write operations: 59                |
| Total read operations:  406               |
+-------------------------------------------+
| Total commuting races: 7454               |
| Total harmful races:   180                |
| Total filtered races:  0                  |
| Total Time Filtered races:  889           |
| Total Time Edges:      889                |
+-------------------------------------------+
Number of packet traces with races: 59
Number of packet inconsistencies:  33
Number of packet inconsistencies that are actually consistent (covered):  0
Number of packet inconsistencies the first race is already inconsistent:  26
Number of packet inconsistencies after trimming repeated races:  19
Number of packet inconsistent updates:  27
Number of races:  8523
Number of races filtered by time:  889
Number of commuting races:  7454
Number of harmful races:  180
Number of covered races:  0
Number of versions: 48
Inconsistent updates: 10
Done. Time elapsed: 3.62404108047 s
load_trace: 2.2754650116 s
detect_races: 0.711327075958 s
extract_traces_time: 0.168756961823 s
find_reactive_cmds_time: 0.00213313102722 s
find_proactive_cmds_time: 0.0851600170135 s
find_covered_races_time: 0.338703870773 s
per_packet_inconsistent_time: 0.0420961380005 s
find_inconsistent_update_time: -0.000351905822754 s
Read 1521 events.
Added 1488 events.
Total write operations: 59
Total read operations: 406
Processing 1711 w/w combinations
Updating has_path path cache...
10% 
20% 
30% 
40% 
50% 
60% 
70% 
80% 
90% 
100% 
Processing 23954 r/w combinations
10% 
20% 
30% 
40% 
50% 
60% 
70% 
80% 
90% 
100% 
Updating has_path path cache...
+-------------------------------------------+
| Total operations:      465                |
| Total write operations: 59                |
| Total read operations:  406               |
+-------------------------------------------+
| Total commuting races: 7454               |
| Total harmful races:   220                |
| Total filtered races:  0                  |
| Total Time Filtered races:  849           |
| Total Time Edges:      849                |
+-------------------------------------------+
Number of packet traces with races: 70
Number of packet inconsistencies:  37
Number of packet inconsistencies that are actually consistent (covered):  2
Number of packet inconsistencies the first race is already inconsistent:  31
Number of packet inconsistencies after trimming repeated races:  18
Number of packet inconsistent updates:  27
Number of races:  8523
Number of races filtered by time:  849
Number of commuting races:  7454
Number of harmful races:  218
Number of covered races:  2
Number of versions: 48
Inconsistent updates: 11
Done. Time elapsed: 3.73709988594 s
load_trace: 2.31176686287 s
detect_races: 0.747023105621 s
extract_traces_time: 0.169157981873 s
find_reactive_cmds_time: 0.00284194946289 s
find_proactive_cmds_time: 0.0840079784393 s
find_covered_races_time: 0.370869159698 s
per_packet_inconsistent_time: 0.0510168075562 s
find_inconsistent_update_time: -0.000367164611816 s
Read 1521 events.
Added 1488 events.
Total write operations: 59
Total read operations: 406
Processing 1711 w/w combinations
Updating has_path path cache...
10% 
20% 
30% 
40% 
50% 
60% 
70% 
80% 
90% 
100% 
Processing 23954 r/w combinations
10% 
20% 
30% 
40% 
50% 
60% 
70% 
80% 
90% 
100% 
Updating has_path path cache...
+-------------------------------------------+
| Total operations:      465                |
| Total write operations: 59                |
| Total read operations:  406               |
+-------------------------------------------+
| Total commuting races: 7454               |
| Total harmful races:   282                |
| Total filtered races:  0                  |
| Total Time Filtered races:  787           |
| Total Time Edges:      787                |
+-------------------------------------------+
Number of packet traces with races: 88
Number of packet inconsistencies:  43
Number of packet inconsistencies that are actually consistent (covered):  2
Number of packet inconsistencies the first race is already inconsistent:  43
Number of packet inconsistencies after trimming repeated races:  25
Number of packet inconsistent updates:  27
Number of races:  8523
Number of races filtered by time:  787
Number of commuting races:  7454
Number of harmful races:  264
Number of covered races:  18
Number of versions: 48
Inconsistent updates: 12
Done. Time elapsed: 3.89047789574 s
load_trace: 2.31943297386 s
detect_races: 0.755272865295 s
extract_traces_time: 0.153715133667 s
find_reactive_cmds_time: 0.00209498405457 s
find_proactive_cmds_time: 0.0852580070496 s
find_covered_races_time: 0.503396034241 s
per_packet_inconsistent_time: 0.070837020874 s
find_inconsistent_update_time: -0.000417947769165 s
Read 1521 events.
Added 1488 events.
Total write operations: 59
Total read operations: 406
Processing 1711 w/w combinations
Updating has_path path cache...
10% 
20% 
30% 
40% 
50% 
60% 
70% 
80% 
90% 
100% 
Processing 23954 r/w combinations
10% 
20% 
30% 
40% 
50% 
60% 
70% 
80% 
90% 
100% 
Updating has_path path cache...
+-------------------------------------------+
| Total operations:      465                |
| Total write operations: 59                |
| Total read operations:  406               |
+-------------------------------------------+
| Total commuting races: 7454               |
| Total harmful races:   337                |
| Total filtered races:  0                  |
| Total Time Filtered races:  732           |
| Total Time Edges:      732                |
+-------------------------------------------+
Number of packet traces with races: 97
Number of packet inconsistencies:  50
Number of packet inconsistencies that are actually consistent (covered):  4
Number of packet inconsistencies the first race is already inconsistent:  43
Number of packet inconsistencies after trimming repeated races:  26
Number of packet inconsistent updates:  27
Number of races:  8523
Number of races filtered by time:  732
Number of commuting races:  7454
Number of harmful races:  303
Number of covered races:  34
Number of versions: 48
Inconsistent updates: 11
Done. Time elapsed: 4.05239510536 s
load_trace: 2.56758093834 s
detect_races: 0.722439050674 s
extract_traces_time: 0.0645310878754 s
find_reactive_cmds_time: 0.00191497802734 s
find_proactive_cmds_time: 0.159955978394 s
find_covered_races_time: 0.450193881989 s
per_packet_inconsistent_time: 0.0852980613708 s
find_inconsistent_update_time: -0.000433921813965 s
Read 1521 events.
Added 1488 events.
Total write operations: 59
Total read operations: 406
Processing 1711 w/w combinations
Updating has_path path cache...
10% 
20% 
30% 
40% 
50% 
60% 
70% 
80% 
90% 
100% 
Processing 23954 r/w combinations
10% 
20% 
30% 
40% 
50% 
60% 
70% 
80% 
90% 
100% 
Updating has_path path cache...
+-------------------------------------------+
| Total operations:      465                |
| Total write operations: 59                |
| Total read operations:  406               |
+-------------------------------------------+
| Total commuting races: 7460               |
| Total harmful races:   380                |
| Total filtered races:  0                  |
| Total Time Filtered races:  689           |
| Total Time Edges:      689                |
+-------------------------------------------+
Number of packet traces with races: 112
Number of packet inconsistencies:  58
Number of packet inconsistencies that are actually consistent (covered):  7
Number of packet inconsistencies the first race is already inconsistent:  47
Number of packet inconsistencies after trimming repeated races:  25
Number of packet inconsistent updates:  31
Number of races:  8529
Number of races filtered by time:  689
Number of commuting races:  7460
Number of harmful races:  340
Number of covered races:  40
Number of versions: 48
Inconsistent updates: 12
Done. Time elapsed: 3.90712118149 s
load_trace: 2.4482550621 s
detect_races: 0.694906949997 s
extract_traces_time: 0.061891078949 s
find_reactive_cmds_time: 0.00223588943481 s
find_proactive_cmds_time: 0.155192136765 s
find_covered_races_time: 0.445739984512 s
per_packet_inconsistent_time: 0.0982089042664 s
find_inconsistent_update_time: -0.000612020492554 s
Read 1521 events.
Added 1488 events.
Total write operations: 59
Total read operations: 406
Processing 1711 w/w combinations
Updating has_path path cache...
10% 
20% 
30% 
40% 
50% 
60% 
70% 
80% 
90% 
100% 
Processing 23954 r/w combinations
10% 
20% 
30% 
40% 
50% 
60% 
70% 
80% 
90% 
100% 
Updating has_path path cache...
+-------------------------------------------+
| Total operations:      465                |
| Total write operations: 59                |
| Total read operations:  406               |
+-------------------------------------------+
| Total commuting races: 7460               |
| Total harmful races:   424                |
| Total filtered races:  0                  |
| Total Time Filtered races:  645           |
| Total Time Edges:      645                |
+-------------------------------------------+
Number of packet traces with races: 118
Number of packet inconsistencies:  64
Number of packet inconsistencies that are actually consistent (covered):  8
Number of packet inconsistencies the first race is already inconsistent:  46
Number of packet inconsistencies after trimming repeated races:  28
Number of packet inconsistent updates:  31
Number of races:  8529
Number of races filtered by time:  645
Number of commuting races:  7460
Number of harmful races:  364
Number of covered races:  60
Number of versions: 48
Inconsistent updates: 13
Done. Time elapsed: 3.96797204018 s
load_trace: 2.41485905647 s
detect_races: 0.708832979202 s
extract_traces_time: 0.0628321170807 s
find_reactive_cmds_time: 0.00197982788086 s
find_proactive_cmds_time: 0.167864084244 s
find_covered_races_time: 0.499887943268 s
per_packet_inconsistent_time: 0.111011981964 s
find_inconsistent_update_time: -0.000655174255371 s
Read 1521 events.
Added 1488 events.
Total write operations: 59
Total read operations: 406
Processing 1711 w/w combinations
Updating has_path path cache...
10% 
20% 
30% 
40% 
50% 
60% 
70% 
80% 
90% 
100% 
Processing 23954 r/w combinations
10% 
20% 
30% 
40% 
50% 
60% 
70% 
80% 
90% 
100% 
Updating has_path path cache...
+-------------------------------------------+
| Total operations:      465                |
| Total write operations: 59                |
| Total read operations:  406               |
+-------------------------------------------+
| Total commuting races: 7460               |
| Total harmful races:   479                |
| Total filtered races:  0                  |
| Total Time Filtered races:  590           |
| Total Time Edges:      590                |
+-------------------------------------------+
Number of packet traces with races: 123
Number of packet inconsistencies:  70
Number of packet inconsistencies that are actually consistent (covered):  8
Number of packet inconsistencies the first race is already inconsistent:  45
Number of packet inconsistencies after trimming repeated races:  30
Number of packet inconsistent updates:  31
Number of races:  8529
Number of races filtered by time:  590
Number of commuting races:  7460
Number of harmful races:  405
Number of covered races:  74
Number of versions: 48
Inconsistent updates: 13
Done. Time elapsed: 3.95827579498 s
load_trace: 2.37308001518 s
detect_races: 0.707952976227 s
extract_traces_time: 0.0615749359131 s
find_reactive_cmds_time: 0.00216794013977 s
find_proactive_cmds_time: 0.17575097084 s
find_covered_races_time: 0.515289068222 s
per_packet_inconsistent_time: 0.121599912643 s
find_inconsistent_update_time: -0.000808000564575 s
Read 1521 events.
Added 1488 events.
Total write operations: 59
Total read operations: 406
Processing 1711 w/w combinations
Updating has_path path cache...
10% 
20% 
30% 
40% 
50% 
60% 
70% 
80% 
90% 
100% 
Processing 23954 r/w combinations
10% 
20% 
30% 
40% 
50% 
60% 
70% 
80% 
90% 
100% 
Updating has_path path cache...
+-------------------------------------------+
| Total operations:      465                |
| Total write operations: 59                |
| Total read operations:  406               |
+-------------------------------------------+
| Total commuting races: 7460               |
| Total harmful races:   509                |
| Total filtered races:  0                  |
| Total Time Filtered races:  560           |
| Total Time Edges:      560                |
+-------------------------------------------+
Number of packet traces with races: 126
Number of packet inconsistencies:  71
Number of packet inconsistencies that are actually consistent (covered):  10
Number of packet inconsistencies the first race is already inconsistent:  45
Number of packet inconsistencies after trimming repeated races:  32
Number of packet inconsistent updates:  31
Number of races:  8529
Number of races filtered by time:  560
Number of commuting races:  7460
Number of harmful races:  427
Number of covered races:  82
Number of versions: 48
Inconsistent updates: 13
Done. Time elapsed: 3.88109111786 s
load_trace: 2.2970430851 s
detect_races: 0.682205915451 s
extract_traces_time: 0.060357093811 s
find_reactive_cmds_time: 0.00207495689392 s
find_proactive_cmds_time: 0.166348934174 s
find_covered_races_time: 0.539516925812 s
per_packet_inconsistent_time: 0.132650136948 s
find_inconsistent_update_time: -0.000842094421387 s
