Read 304 events.
Added 238 events.
Total write operations: 16
Total read operations: 68
Processing 120 w/w combinations
Updating has_path path cache...
10% 
20% 
30% 
40% 
50% 
60% 
70% 
80% 
90% 
100% 
Processing 1088 r/w combinations
10% 
20% 
30% 
40% 
50% 
60% 
70% 
80% 
90% 
100% 
Updating has_path path cache...
+-------------------------------------------+
| Total operations:      84                 |
| Total write operations: 16                |
| Total read operations:  68                |
+-------------------------------------------+
| Total commuting races: 236                |
| Total harmful races:   334                |
| Total filtered races:  0                  |
| Total Time Filtered races:  0             |
| Total Time Edges:      0                  |
+-------------------------------------------+
Number of packet traces with races: 34
Number of packet inconsistencies:  34
Number of packet inconsistencies that are actually consistent (covered):  0
Number of packet inconsistencies the first race is already inconsistent:  0
Number of packet inconsistencies after trimming repeated races:  10
Number of packet inconsistent updates:  40
Number of races:  570
Number of races filtered by time:  0
Number of commuting races:  236
Number of harmful races:  247
Number of covered races:  87
Number of versions: 22
Inconsistent updates: 12
Done. Time elapsed: 0.500262022018 s
load_trace: 0.274965047836 s
detect_races: 0.0543570518494 s
extract_traces_time: 0.00828695297241 s
find_reactive_cmds_time: 0.000601053237915 s
find_proactive_cmds_time: 0.0870380401611 s
find_covered_races_time: 0.0602798461914 s
per_packet_inconsistent_time: 0.0141310691833 s
find_inconsistent_update_time: -0.000550031661987 s
Read 304 events.
Added 238 events.
Total write operations: 16
Total read operations: 68
Processing 120 w/w combinations
Updating has_path path cache...
10% 
20% 
30% 
40% 
50% 
60% 
70% 
80% 
90% 
100% 
Processing 1088 r/w combinations
10% 
20% 
30% 
40% 
50% 
60% 
70% 
80% 
90% 
100% 
Updating has_path path cache...
+-------------------------------------------+
| Total operations:      84                 |
| Total write operations: 16                |
| Total read operations:  68                |
+-------------------------------------------+
| Total commuting races: 236                |
| Total harmful races:   0                  |
| Total filtered races:  0                  |
| Total Time Filtered races:  334           |
| Total Time Edges:      334                |
+-------------------------------------------+
Number of packet traces with races: 0
Number of packet inconsistencies:  0
Number of packet inconsistencies that are actually consistent (covered):  0
Number of packet inconsistencies the first race is already inconsistent:  0
Number of packet inconsistencies after trimming repeated races:  0
Number of packet inconsistent updates:  0
Number of races:  570
Number of races filtered by time:  334
Number of commuting races:  236
Number of harmful races:  0
Number of covered races:  0
Number of versions: 22
Inconsistent updates: 0
Done. Time elapsed: 0.383704185486 s
load_trace: 0.220827102661 s
detect_races: 0.0608129501343 s
extract_traces_time: 0.0193030834198 s
find_reactive_cmds_time: 0.000229835510254 s
find_proactive_cmds_time: 0.075257062912 s
find_covered_races_time: 0.00698113441467 s
per_packet_inconsistent_time: 0.000192880630493 s
find_inconsistent_update_time: 0.0 s
Read 304 events.
Added 238 events.
Total write operations: 16
Total read operations: 68
Processing 120 w/w combinations
Updating has_path path cache...
10% 
20% 
30% 
40% 
50% 
60% 
70% 
80% 
90% 
100% 
Processing 1088 r/w combinations
10% 
20% 
30% 
40% 
50% 
60% 
70% 
80% 
90% 
100% 
Updating has_path path cache...
+-------------------------------------------+
| Total operations:      84                 |
| Total write operations: 16                |
| Total read operations:  68                |
+-------------------------------------------+
| Total commuting races: 236                |
| Total harmful races:   16                 |
| Total filtered races:  0                  |
| Total Time Filtered races:  318           |
| Total Time Edges:      318                |
+-------------------------------------------+
Number of packet traces with races: 7
Number of packet inconsistencies:  6
Number of packet inconsistencies that are actually consistent (covered):  0
Number of packet inconsistencies the first race is already inconsistent:  1
Number of packet inconsistencies after trimming repeated races:  5
Number of packet inconsistent updates:  2
Number of races:  570
Number of races filtered by time:  318
Number of commuting races:  236
Number of harmful races:  16
Number of covered races:  0
Number of versions: 22
Inconsistent updates: 1
Done. Time elapsed: 0.392503976822 s
load_trace: 0.221019983292 s
detect_races: 0.0577600002289 s
extract_traces_time: 0.0158519744873 s
find_reactive_cmds_time: 0.000330209732056 s
find_proactive_cmds_time: 0.0789778232574 s
find_covered_races_time: 0.0177190303802 s
per_packet_inconsistent_time: 0.000844955444336 s
find_inconsistent_update_time: 0.0 s
Read 304 events.
Added 238 events.
Total write operations: 16
Total read operations: 68
Processing 120 w/w combinations
Updating has_path path cache...
10% 
20% 
30% 
40% 
50% 
60% 
70% 
80% 
90% 
100% 
Processing 1088 r/w combinations
10% 
20% 
30% 
40% 
50% 
60% 
70% 
80% 
90% 
100% 
Updating has_path path cache...
+-------------------------------------------+
| Total operations:      84                 |
| Total write operations: 16                |
| Total read operations:  68                |
+-------------------------------------------+
| Total commuting races: 236                |
| Total harmful races:   49                 |
| Total filtered races:  0                  |
| Total Time Filtered races:  285           |
| Total Time Edges:      285                |
+-------------------------------------------+
Number of packet traces with races: 12
Number of packet inconsistencies:  12
Number of packet inconsistencies that are actually consistent (covered):  0
Number of packet inconsistencies the first race is already inconsistent:  0
Number of packet inconsistencies after trimming repeated races:  10
Number of packet inconsistent updates:  24
Number of races:  570
Number of races filtered by time:  285
Number of commuting races:  236
Number of harmful races:  49
Number of covered races:  0
Number of versions: 22
Inconsistent updates: 8
Done. Time elapsed: 0.424002885818 s
load_trace: 0.248013019562 s
detect_races: 0.0542719364166 s
extract_traces_time: 0.0114879608154 s
find_reactive_cmds_time: 0.00115489959717 s
find_proactive_cmds_time: 0.0764870643616 s
find_covered_races_time: 0.0306761264801 s
per_packet_inconsistent_time: 0.00191187858582 s
find_inconsistent_update_time: 0.0 s
Read 304 events.
Added 238 events.
Total write operations: 16
Total read operations: 68
Processing 120 w/w combinations
Updating has_path path cache...
10% 
20% 
30% 
40% 
50% 
60% 
70% 
80% 
90% 
100% 
Processing 1088 r/w combinations
10% 
20% 
30% 
40% 
50% 
60% 
70% 
80% 
90% 
100% 
Updating has_path path cache...
+-------------------------------------------+
| Total operations:      84                 |
| Total write operations: 16                |
| Total read operations:  68                |
+-------------------------------------------+
| Total commuting races: 236                |
| Total harmful races:   78                 |
| Total filtered races:  0                  |
| Total Time Filtered races:  256           |
| Total Time Edges:      256                |
+-------------------------------------------+
Number of packet traces with races: 14
Number of packet inconsistencies:  14
Number of packet inconsistencies that are actually consistent (covered):  0
Number of packet inconsistencies the first race is already inconsistent:  0
Number of packet inconsistencies after trimming repeated races:  14
Number of packet inconsistent updates:  24
Number of races:  570
Number of races filtered by time:  256
Number of commuting races:  236
Number of harmful races:  73
Number of covered races:  5
Number of versions: 22
Inconsistent updates: 8
Done. Time elapsed: 0.414526939392 s
load_trace: 0.226939916611 s
detect_races: 0.0534620285034 s
extract_traces_time: 0.0107638835907 s
find_reactive_cmds_time: 0.000431060791016 s
find_proactive_cmds_time: 0.0768229961395 s
find_covered_races_time: 0.0411031246185 s
per_packet_inconsistent_time: 0.00481700897217 s
find_inconsistent_update_time: -0.000186920166016 s
Read 304 events.
Added 238 events.
Total write operations: 16
Total read operations: 68
Processing 120 w/w combinations
Updating has_path path cache...
10% 
20% 
30% 
40% 
50% 
60% 
70% 
80% 
90% 
100% 
Processing 1088 r/w combinations
10% 
20% 
30% 
40% 
50% 
60% 
70% 
80% 
90% 
100% 
Updating has_path path cache...
+-------------------------------------------+
| Total operations:      84                 |
| Total write operations: 16                |
| Total read operations:  68                |
+-------------------------------------------+
| Total commuting races: 236                |
| Total harmful races:   99                 |
| Total filtered races:  0                  |
| Total Time Filtered races:  235           |
| Total Time Edges:      235                |
+-------------------------------------------+
Number of packet traces with races: 14
Number of packet inconsistencies:  14
Number of packet inconsistencies that are actually consistent (covered):  0
Number of packet inconsistencies the first race is already inconsistent:  0
Number of packet inconsistencies after trimming repeated races:  12
Number of packet inconsistent updates:  40
Number of races:  570
Number of races filtered by time:  235
Number of commuting races:  236
Number of harmful races:  91
Number of covered races:  8
Number of versions: 22
Inconsistent updates: 12
Done. Time elapsed: 0.417765855789 s
load_trace: 0.225410938263 s
detect_races: 0.0515050888062 s
extract_traces_time: 0.0102739334106 s
find_reactive_cmds_time: 0.000572919845581 s
find_proactive_cmds_time: 0.0800149440765 s
find_covered_races_time: 0.0462241172791 s
per_packet_inconsistent_time: 0.00346493721008 s
find_inconsistent_update_time: -0.000249147415161 s
Read 304 events.
Added 238 events.
Total write operations: 16
Total read operations: 68
Processing 120 w/w combinations
Updating has_path path cache...
10% 
20% 
30% 
40% 
50% 
60% 
70% 
80% 
90% 
100% 
Processing 1088 r/w combinations
10% 
20% 
30% 
40% 
50% 
60% 
70% 
80% 
90% 
100% 
Updating has_path path cache...
+-------------------------------------------+
| Total operations:      84                 |
| Total write operations: 16                |
| Total read operations:  68                |
+-------------------------------------------+
| Total commuting races: 236                |
| Total harmful races:   114                |
| Total filtered races:  0                  |
| Total Time Filtered races:  220           |
| Total Time Edges:      220                |
+-------------------------------------------+
Number of packet traces with races: 16
Number of packet inconsistencies:  16
Number of packet inconsistencies that are actually consistent (covered):  0
Number of packet inconsistencies the first race is already inconsistent:  0
Number of packet inconsistencies after trimming repeated races:  13
Number of packet inconsistent updates:  40
Number of races:  570
Number of races filtered by time:  220
Number of commuting races:  236
Number of harmful races:  103
Number of covered races:  11
Number of versions: 22
Inconsistent updates: 12
Done. Time elapsed: 0.482038974762 s
load_trace: 0.26690196991 s
detect_races: 0.06316614151 s
extract_traces_time: 0.0114369392395 s
find_reactive_cmds_time: 0.000541925430298 s
find_proactive_cmds_time: 0.0798790454865 s
find_covered_races_time: 0.0557291507721 s
per_packet_inconsistent_time: 0.00408482551575 s
find_inconsistent_update_time: -0.000251054763794 s
Read 304 events.
Added 238 events.
Total write operations: 16
Total read operations: 68
Processing 120 w/w combinations
Updating has_path path cache...
10% 
20% 
30% 
40% 
50% 
60% 
70% 
80% 
90% 
100% 
Processing 1088 r/w combinations
10% 
20% 
30% 
40% 
50% 
60% 
70% 
80% 
90% 
100% 
Updating has_path path cache...
+-------------------------------------------+
| Total operations:      84                 |
| Total write operations: 16                |
| Total read operations:  68                |
+-------------------------------------------+
| Total commuting races: 236                |
| Total harmful races:   136                |
| Total filtered races:  0                  |
| Total Time Filtered races:  198           |
| Total Time Edges:      198                |
+-------------------------------------------+
Number of packet traces with races: 19
Number of packet inconsistencies:  19
Number of packet inconsistencies that are actually consistent (covered):  0
Number of packet inconsistencies the first race is already inconsistent:  0
Number of packet inconsistencies after trimming repeated races:  15
Number of packet inconsistent updates:  40
Number of races:  570
Number of races filtered by time:  198
Number of commuting races:  236
Number of harmful races:  119
Number of covered races:  17
Number of versions: 22
Inconsistent updates: 12
Done. Time elapsed: 0.476588964462 s
load_trace: 0.25693488121 s
detect_races: 0.0526149272919 s
extract_traces_time: 0.00991010665894 s
find_reactive_cmds_time: 0.000564098358154 s
find_proactive_cmds_time: 0.0856869220734 s
find_covered_races_time: 0.065288066864 s
per_packet_inconsistent_time: 0.00529289245605 s
find_inconsistent_update_time: -0.000248908996582 s
Read 304 events.
Added 238 events.
Total write operations: 16
Total read operations: 68
Processing 120 w/w combinations
Updating has_path path cache...
10% 
20% 
30% 
40% 
50% 
60% 
70% 
80% 
90% 
100% 
Processing 1088 r/w combinations
10% 
20% 
30% 
40% 
50% 
60% 
70% 
80% 
90% 
100% 
Updating has_path path cache...
+-------------------------------------------+
| Total operations:      84                 |
| Total write operations: 16                |
| Total read operations:  68                |
+-------------------------------------------+
| Total commuting races: 236                |
| Total harmful races:   157                |
| Total filtered races:  0                  |
| Total Time Filtered races:  177           |
| Total Time Edges:      177                |
+-------------------------------------------+
Number of packet traces with races: 21
Number of packet inconsistencies:  21
Number of packet inconsistencies that are actually consistent (covered):  0
Number of packet inconsistencies the first race is already inconsistent:  0
Number of packet inconsistencies after trimming repeated races:  17
Number of packet inconsistent updates:  40
Number of races:  570
Number of races filtered by time:  177
Number of commuting races:  236
Number of harmful races:  132
Number of covered races:  25
Number of versions: 22
Inconsistent updates: 12
Done. Time elapsed: 0.459985971451 s
load_trace: 0.230360031128 s
detect_races: 0.0525498390198 s
extract_traces_time: 0.00994300842285 s
find_reactive_cmds_time: 0.000891923904419 s
find_proactive_cmds_time: 0.0834331512451 s
find_covered_races_time: 0.0765290260315 s
per_packet_inconsistent_time: 0.00595092773438 s
find_inconsistent_update_time: -0.000272989273071 s
Read 304 events.
Added 238 events.
Total write operations: 16
Total read operations: 68
Processing 120 w/w combinations
Updating has_path path cache...
10% 
20% 
30% 
40% 
50% 
60% 
70% 
80% 
90% 
100% 
Processing 1088 r/w combinations
10% 
20% 
30% 
40% 
50% 
60% 
70% 
80% 
90% 
100% 
Updating has_path path cache...
+-------------------------------------------+
| Total operations:      84                 |
| Total write operations: 16                |
| Total read operations:  68                |
+-------------------------------------------+
| Total commuting races: 236                |
| Total harmful races:   164                |
| Total filtered races:  0                  |
| Total Time Filtered races:  170           |
| Total Time Edges:      170                |
+-------------------------------------------+
Number of packet traces with races: 21
Number of packet inconsistencies:  21
Number of packet inconsistencies that are actually consistent (covered):  0
Number of packet inconsistencies the first race is already inconsistent:  0
Number of packet inconsistencies after trimming repeated races:  16
Number of packet inconsistent updates:  40
Number of races:  570
Number of races filtered by time:  170
Number of commuting races:  236
Number of harmful races:  138
Number of covered races:  26
Number of versions: 22
Inconsistent updates: 12
Done. Time elapsed: 0.463093042374 s
load_trace: 0.23280620575 s
detect_races: 0.054408788681 s
extract_traces_time: 0.00959300994873 s
find_reactive_cmds_time: 0.000538110733032 s
find_proactive_cmds_time: 0.0789279937744 s
find_covered_races_time: 0.0798380374908 s
per_packet_inconsistent_time: 0.00663304328918 s
find_inconsistent_update_time: -0.000296831130981 s
Read 304 events.
Added 238 events.
Total write operations: 16
Total read operations: 68
Processing 120 w/w combinations
Updating has_path path cache...
10% 
20% 
30% 
40% 
50% 
60% 
70% 
80% 
90% 
100% 
Processing 1088 r/w combinations
10% 
20% 
30% 
40% 
50% 
60% 
70% 
80% 
90% 
100% 
Updating has_path path cache...
+-------------------------------------------+
| Total operations:      84                 |
| Total write operations: 16                |
| Total read operations:  68                |
+-------------------------------------------+
| Total commuting races: 236                |
| Total harmful races:   184                |
| Total filtered races:  0                  |
| Total Time Filtered races:  150           |
| Total Time Edges:      150                |
+-------------------------------------------+
Number of packet traces with races: 24
Number of packet inconsistencies:  23
Number of packet inconsistencies that are actually consistent (covered):  0
Number of packet inconsistencies the first race is already inconsistent:  1
Number of packet inconsistencies after trimming repeated races:  16
Number of packet inconsistent updates:  40
Number of races:  570
Number of races filtered by time:  150
Number of commuting races:  236
Number of harmful races:  152
Number of covered races:  32
Number of versions: 22
Inconsistent updates: 12
Done. Time elapsed: 0.474267959595 s
load_trace: 0.22925901413 s
detect_races: 0.053435087204 s
extract_traces_time: 0.00885581970215 s
find_reactive_cmds_time: 0.000549077987671 s
find_proactive_cmds_time: 0.0869059562683 s
find_covered_races_time: 0.0877771377563 s
per_packet_inconsistent_time: 0.00717782974243 s
find_inconsistent_update_time: -0.000257968902588 s
Read 304 events.
Added 238 events.
Total write operations: 16
Total read operations: 68
Processing 120 w/w combinations
Updating has_path path cache...
10% 
20% 
30% 
40% 
50% 
60% 
70% 
80% 
90% 
100% 
Processing 1088 r/w combinations
10% 
20% 
30% 
40% 
50% 
60% 
70% 
80% 
90% 
100% 
Updating has_path path cache...
+-------------------------------------------+
| Total operations:      84                 |
| Total write operations: 16                |
| Total read operations:  68                |
+-------------------------------------------+
| Total commuting races: 236                |
| Total harmful races:   205                |
| Total filtered races:  0                  |
| Total Time Filtered races:  129           |
| Total Time Edges:      129                |
+-------------------------------------------+
Number of packet traces with races: 26
Number of packet inconsistencies:  26
Number of packet inconsistencies that are actually consistent (covered):  0
Number of packet inconsistencies the first race is already inconsistent:  0
Number of packet inconsistencies after trimming repeated races:  16
Number of packet inconsistent updates:  40
Number of races:  570
Number of races filtered by time:  129
Number of commuting races:  236
Number of harmful races:  167
Number of covered races:  38
Number of versions: 22
Inconsistent updates: 12
Done. Time elapsed: 0.501970052719 s
load_trace: 0.258488893509 s
detect_races: 0.0570461750031 s
extract_traces_time: 0.00860095024109 s
find_reactive_cmds_time: 0.000515937805176 s
find_proactive_cmds_time: 0.0795681476593 s
find_covered_races_time: 0.0886127948761 s
per_packet_inconsistent_time: 0.00824117660522 s
find_inconsistent_update_time: -0.000283002853394 s
