Read 243 events.
Added 221 events.
Total write operations: 6
Total read operations: 48
Processing 15 w/w combinations
10% 
Updating has_path path cache...
20% 
30% 
40% 
50% 
60% 
70% 
80% 
90% 
100% 
Processing 288 r/w combinations
10% 
20% 
30% 
40% 
50% 
60% 
70% 
80% 
90% 
100% 
Updating has_path path cache...
+-------------------------------------------+
| Total operations:      54                 |
| Total write operations: 6                 |
| Total read operations:  48                |
+-------------------------------------------+
| Total commuting races: 56                 |
| Total harmful races:   83                 |
| Total filtered races:  0                  |
| Total Time Filtered races:  0             |
| Total Time Edges:      0                  |
+-------------------------------------------+
Number of packet traces with races: 20
Number of packet inconsistencies:  20
Number of packet inconsistencies that are actually consistent (covered):  0
Number of packet inconsistencies the first race is already inconsistent:  0
Number of packet inconsistencies after trimming repeated races:  5
Number of packet inconsistent updates:  0
Number of races:  139
Number of races filtered by time:  0
Number of commuting races:  56
Number of harmful races:  49
Number of covered races:  34
Number of versions: 6
Inconsistent updates: 0
Done. Time elapsed: 0.119334936142 s
load_trace: 0.0733678340912 s
detect_races: 0.0134360790253 s
extract_traces_time: 0.00339198112488 s
find_reactive_cmds_time: 0.000200986862183 s
find_proactive_cmds_time: 0.0158860683441 s
find_covered_races_time: 0.0110969543457 s
per_packet_inconsistent_time: 0.0018949508667 s
find_inconsistent_update_time: -2.8133392334e-05 s
Read 243 events.
Added 221 events.
Total write operations: 6
Total read operations: 48
Processing 15 w/w combinations
10% 
Updating has_path path cache...
20% 
30% 
40% 
50% 
60% 
70% 
80% 
90% 
100% 
Processing 288 r/w combinations
10% 
20% 
30% 
40% 
50% 
60% 
70% 
80% 
90% 
100% 
Updating has_path path cache...
+-------------------------------------------+
| Total operations:      54                 |
| Total write operations: 6                 |
| Total read operations:  48                |
+-------------------------------------------+
| Total commuting races: 56                 |
| Total harmful races:   0                  |
| Total filtered races:  0                  |
| Total Time Filtered races:  83            |
| Total Time Edges:      83                 |
+-------------------------------------------+
Number of packet traces with races: 0
Number of packet inconsistencies:  0
Number of packet inconsistencies that are actually consistent (covered):  0
Number of packet inconsistencies the first race is already inconsistent:  0
Number of packet inconsistencies after trimming repeated races:  0
Number of packet inconsistent updates:  0
Number of races:  139
Number of races filtered by time:  83
Number of commuting races:  56
Number of harmful races:  0
Number of covered races:  0
Number of versions: 6
Inconsistent updates: 0
Done. Time elapsed: 0.110168933868 s
load_trace: 0.0737137794495 s
detect_races: 0.013277053833 s
extract_traces_time: 0.00610399246216 s
find_reactive_cmds_time: 0.000247955322266 s
find_proactive_cmds_time: 0.0109820365906 s
find_covered_races_time: 0.00567603111267 s
per_packet_inconsistent_time: 0.000132083892822 s
find_inconsistent_update_time: -5.96046447754e-06 s
Read 243 events.
Added 221 events.
Total write operations: 6
Total read operations: 48
Processing 15 w/w combinations
10% 
Updating has_path path cache...
20% 
30% 
40% 
50% 
60% 
70% 
80% 
90% 
100% 
Processing 288 r/w combinations
10% 
20% 
30% 
40% 
50% 
60% 
70% 
80% 
90% 
100% 
Updating has_path path cache...
+-------------------------------------------+
| Total operations:      54                 |
| Total write operations: 6                 |
| Total read operations:  48                |
+-------------------------------------------+
| Total commuting races: 56                 |
| Total harmful races:   9                  |
| Total filtered races:  0                  |
| Total Time Filtered races:  74            |
| Total Time Edges:      74                 |
+-------------------------------------------+
Number of packet traces with races: 4
Number of packet inconsistencies:  3
Number of packet inconsistencies that are actually consistent (covered):  0
Number of packet inconsistencies the first race is already inconsistent:  1
Number of packet inconsistencies after trimming repeated races:  3
Number of packet inconsistent updates:  0
Number of races:  139
Number of races filtered by time:  74
Number of commuting races:  56
Number of harmful races:  9
Number of covered races:  0
Number of versions: 6
Inconsistent updates: 0
Done. Time elapsed: 0.131500959396 s
load_trace: 0.0870048999786 s
detect_races: 0.0145399570465 s
extract_traces_time: 0.00801491737366 s
find_reactive_cmds_time: 0.000338077545166 s
find_proactive_cmds_time: 0.0130701065063 s
find_covered_races_time: 0.00765585899353 s
per_packet_inconsistent_time: 0.000816106796265 s
find_inconsistent_update_time: -1.50203704834e-05 s
Read 243 events.
Added 221 events.
Total write operations: 6
Total read operations: 48
Processing 15 w/w combinations
10% 
Updating has_path path cache...
20% 
30% 
40% 
50% 
60% 
70% 
80% 
90% 
100% 
Processing 288 r/w combinations
10% 
20% 
30% 
40% 
50% 
60% 
70% 
80% 
90% 
100% 
Updating has_path path cache...
+-------------------------------------------+
| Total operations:      54                 |
| Total write operations: 6                 |
| Total read operations:  48                |
+-------------------------------------------+
| Total commuting races: 56                 |
| Total harmful races:   14                 |
| Total filtered races:  0                  |
| Total Time Filtered races:  69            |
| Total Time Edges:      69                 |
+-------------------------------------------+
Number of packet traces with races: 6
Number of packet inconsistencies:  6
Number of packet inconsistencies that are actually consistent (covered):  0
Number of packet inconsistencies the first race is already inconsistent:  0
Number of packet inconsistencies after trimming repeated races:  4
Number of packet inconsistent updates:  0
Number of races:  139
Number of races filtered by time:  69
Number of commuting races:  56
Number of harmful races:  14
Number of covered races:  0
Number of versions: 6
Inconsistent updates: 0
Done. Time elapsed: 0.117676973343 s
load_trace: 0.0797140598297 s
detect_races: 0.0127010345459 s
extract_traces_time: 0.00529789924622 s
find_reactive_cmds_time: 0.000200986862183 s
find_proactive_cmds_time: 0.0112199783325 s
find_covered_races_time: 0.00784111022949 s
per_packet_inconsistent_time: 0.000658988952637 s
find_inconsistent_update_time: -1.09672546387e-05 s
Read 243 events.
Added 221 events.
Total write operations: 6
Total read operations: 48
Processing 15 w/w combinations
10% 
Updating has_path path cache...
20% 
30% 
40% 
50% 
60% 
70% 
80% 
90% 
100% 
Processing 288 r/w combinations
10% 
20% 
30% 
40% 
50% 
60% 
70% 
80% 
90% 
100% 
Updating has_path path cache...
+-------------------------------------------+
| Total operations:      54                 |
| Total write operations: 6                 |
| Total read operations:  48                |
+-------------------------------------------+
| Total commuting races: 56                 |
| Total harmful races:   14                 |
| Total filtered races:  0                  |
| Total Time Filtered races:  69            |
| Total Time Edges:      69                 |
+-------------------------------------------+
Number of packet traces with races: 6
Number of packet inconsistencies:  6
Number of packet inconsistencies that are actually consistent (covered):  0
Number of packet inconsistencies the first race is already inconsistent:  0
Number of packet inconsistencies after trimming repeated races:  4
Number of packet inconsistent updates:  0
Number of races:  139
Number of races filtered by time:  69
Number of commuting races:  56
Number of harmful races:  14
Number of covered races:  0
Number of versions: 6
Inconsistent updates: 0
Done. Time elapsed: 0.121416091919 s
load_trace: 0.0799851417542 s
detect_races: 0.0135378837585 s
extract_traces_time: 0.00596213340759 s
find_reactive_cmds_time: 0.000403881072998 s
find_proactive_cmds_time: 0.0131170749664 s
find_covered_races_time: 0.00774097442627 s
per_packet_inconsistent_time: 0.000624895095825 s
find_inconsistent_update_time: -1.09672546387e-05 s
Read 243 events.
Added 221 events.
Total write operations: 6
Total read operations: 48
Processing 15 w/w combinations
10% 
Updating has_path path cache...
20% 
30% 
40% 
50% 
60% 
70% 
80% 
90% 
100% 
Processing 288 r/w combinations
10% 
20% 
30% 
40% 
50% 
60% 
70% 
80% 
90% 
100% 
Updating has_path path cache...
+-------------------------------------------+
| Total operations:      54                 |
| Total write operations: 6                 |
| Total read operations:  48                |
+-------------------------------------------+
| Total commuting races: 56                 |
| Total harmful races:   18                 |
| Total filtered races:  0                  |
| Total Time Filtered races:  65            |
| Total Time Edges:      65                 |
+-------------------------------------------+
Number of packet traces with races: 8
Number of packet inconsistencies:  8
Number of packet inconsistencies that are actually consistent (covered):  0
Number of packet inconsistencies the first race is already inconsistent:  0
Number of packet inconsistencies after trimming repeated races:  4
Number of packet inconsistent updates:  0
Number of races:  139
Number of races filtered by time:  65
Number of commuting races:  56
Number of harmful races:  18
Number of covered races:  0
Number of versions: 6
Inconsistent updates: 0
Done. Time elapsed: 0.112812042236 s
load_trace: 0.0756289958954 s
detect_races: 0.0123300552368 s
extract_traces_time: 0.00523900985718 s
find_reactive_cmds_time: 0.000226020812988 s
find_proactive_cmds_time: 0.0110950469971 s
find_covered_races_time: 0.00747084617615 s
per_packet_inconsistent_time: 0.000777006149292 s
find_inconsistent_update_time: -1.31130218506e-05 s
Read 243 events.
Added 221 events.
Total write operations: 6
Total read operations: 48
Processing 15 w/w combinations
10% 
Updating has_path path cache...
20% 
30% 
40% 
50% 
60% 
70% 
80% 
90% 
100% 
Processing 288 r/w combinations
10% 
20% 
30% 
40% 
50% 
60% 
70% 
80% 
90% 
100% 
Updating has_path path cache...
+-------------------------------------------+
| Total operations:      54                 |
| Total write operations: 6                 |
| Total read operations:  48                |
+-------------------------------------------+
| Total commuting races: 56                 |
| Total harmful races:   20                 |
| Total filtered races:  0                  |
| Total Time Filtered races:  63            |
| Total Time Edges:      63                 |
+-------------------------------------------+
Number of packet traces with races: 9
Number of packet inconsistencies:  9
Number of packet inconsistencies that are actually consistent (covered):  0
Number of packet inconsistencies the first race is already inconsistent:  0
Number of packet inconsistencies after trimming repeated races:  4
Number of packet inconsistent updates:  0
Number of races:  139
Number of races filtered by time:  63
Number of commuting races:  56
Number of harmful races:  20
Number of covered races:  0
Number of versions: 6
Inconsistent updates: 0
Done. Time elapsed: 0.109829902649 s
load_trace: 0.0722579956055 s
detect_races: 0.0126140117645 s
extract_traces_time: 0.0041069984436 s
find_reactive_cmds_time: 0.000202894210815 s
find_proactive_cmds_time: 0.0120539665222 s
find_covered_races_time: 0.00780701637268 s
per_packet_inconsistent_time: 0.000746011734009 s
find_inconsistent_update_time: -1.09672546387e-05 s
Read 243 events.
Added 221 events.
Total write operations: 6
Total read operations: 48
Processing 15 w/w combinations
10% 
Updating has_path path cache...
20% 
30% 
40% 
50% 
60% 
70% 
80% 
90% 
100% 
Processing 288 r/w combinations
10% 
20% 
30% 
40% 
50% 
60% 
70% 
80% 
90% 
100% 
Updating has_path path cache...
+-------------------------------------------+
| Total operations:      54                 |
| Total write operations: 6                 |
| Total read operations:  48                |
+-------------------------------------------+
| Total commuting races: 56                 |
| Total harmful races:   24                 |
| Total filtered races:  0                  |
| Total Time Filtered races:  59            |
| Total Time Edges:      59                 |
+-------------------------------------------+
Number of packet traces with races: 10
Number of packet inconsistencies:  10
Number of packet inconsistencies that are actually consistent (covered):  0
Number of packet inconsistencies the first race is already inconsistent:  0
Number of packet inconsistencies after trimming repeated races:  5
Number of packet inconsistent updates:  0
Number of races:  139
Number of races filtered by time:  59
Number of commuting races:  56
Number of harmful races:  24
Number of covered races:  0
Number of versions: 6
Inconsistent updates: 0
Done. Time elapsed: 0.129712104797 s
load_trace: 0.0862970352173 s
detect_races: 0.0141110420227 s
extract_traces_time: 0.00525593757629 s
find_reactive_cmds_time: 0.000267028808594 s
find_proactive_cmds_time: 0.0140578746796 s
find_covered_races_time: 0.00874710083008 s
per_packet_inconsistent_time: 0.000923871994019 s
find_inconsistent_update_time: -1.4066696167e-05 s
Read 243 events.
Added 221 events.
Total write operations: 6
Total read operations: 48
Processing 15 w/w combinations
10% 
Updating has_path path cache...
20% 
30% 
40% 
50% 
60% 
70% 
80% 
90% 
100% 
Processing 288 r/w combinations
10% 
20% 
30% 
40% 
50% 
60% 
70% 
80% 
90% 
100% 
Updating has_path path cache...
+-------------------------------------------+
| Total operations:      54                 |
| Total write operations: 6                 |
| Total read operations:  48                |
+-------------------------------------------+
| Total commuting races: 56                 |
| Total harmful races:   29                 |
| Total filtered races:  0                  |
| Total Time Filtered races:  54            |
| Total Time Edges:      54                 |
+-------------------------------------------+
Number of packet traces with races: 12
Number of packet inconsistencies:  12
Number of packet inconsistencies that are actually consistent (covered):  0
Number of packet inconsistencies the first race is already inconsistent:  0
Number of packet inconsistencies after trimming repeated races:  5
Number of packet inconsistent updates:  0
Number of races:  139
Number of races filtered by time:  54
Number of commuting races:  56
Number of harmful races:  29
Number of covered races:  0
Number of versions: 6
Inconsistent updates: 0
Done. Time elapsed: 0.129596948624 s
load_trace: 0.0854179859161 s
detect_races: 0.0146491527557 s
extract_traces_time: 0.00501680374146 s
find_reactive_cmds_time: 0.000268220901489 s
find_proactive_cmds_time: 0.0135309696198 s
find_covered_races_time: 0.00973296165466 s
per_packet_inconsistent_time: 0.000926971435547 s
find_inconsistent_update_time: -1.90734863281e-05 s
Read 243 events.
Added 221 events.
Total write operations: 6
Total read operations: 48
Processing 15 w/w combinations
10% 
Updating has_path path cache...
20% 
30% 
40% 
50% 
60% 
70% 
80% 
90% 
100% 
Processing 288 r/w combinations
10% 
20% 
30% 
40% 
50% 
60% 
70% 
80% 
90% 
100% 
Updating has_path path cache...
+-------------------------------------------+
| Total operations:      54                 |
| Total write operations: 6                 |
| Total read operations:  48                |
+-------------------------------------------+
| Total commuting races: 56                 |
| Total harmful races:   39                 |
| Total filtered races:  0                  |
| Total Time Filtered races:  44            |
| Total Time Edges:      44                 |
+-------------------------------------------+
Number of packet traces with races: 14
Number of packet inconsistencies:  14
Number of packet inconsistencies that are actually consistent (covered):  0
Number of packet inconsistencies the first race is already inconsistent:  0
Number of packet inconsistencies after trimming repeated races:  7
Number of packet inconsistent updates:  0
Number of races:  139
Number of races filtered by time:  44
Number of commuting races:  56
Number of harmful races:  33
Number of covered races:  6
Number of versions: 6
Inconsistent updates: 0
Done. Time elapsed: 0.131806850433 s
load_trace: 0.0888929367065 s
detect_races: 0.0135989189148 s
extract_traces_time: 0.00398898124695 s
find_reactive_cmds_time: 0.000217199325562 s
find_proactive_cmds_time: 0.0143208503723 s
find_covered_races_time: 0.00940704345703 s
per_packet_inconsistent_time: 0.00132608413696 s
find_inconsistent_update_time: -1.8835067749e-05 s
Read 243 events.
Added 221 events.
Total write operations: 6
Total read operations: 48
Processing 15 w/w combinations
10% 
Updating has_path path cache...
20% 
30% 
40% 
50% 
60% 
70% 
80% 
90% 
100% 
Processing 288 r/w combinations
10% 
20% 
30% 
40% 
50% 
60% 
70% 
80% 
90% 
100% 
Updating has_path path cache...
+-------------------------------------------+
| Total operations:      54                 |
| Total write operations: 6                 |
| Total read operations:  48                |
+-------------------------------------------+
| Total commuting races: 56                 |
| Total harmful races:   42                 |
| Total filtered races:  0                  |
| Total Time Filtered races:  41            |
| Total Time Edges:      41                 |
+-------------------------------------------+
Number of packet traces with races: 16
Number of packet inconsistencies:  15
Number of packet inconsistencies that are actually consistent (covered):  0
Number of packet inconsistencies the first race is already inconsistent:  1
Number of packet inconsistencies after trimming repeated races:  7
Number of packet inconsistent updates:  0
Number of races:  139
Number of races filtered by time:  41
Number of commuting races:  56
Number of harmful races:  36
Number of covered races:  6
Number of versions: 6
Inconsistent updates: 0
Done. Time elapsed: 0.113136768341 s
load_trace: 0.0728278160095 s
detect_races: 0.0117180347443 s
extract_traces_time: 0.00361394882202 s
find_reactive_cmds_time: 0.00019907951355 s
find_proactive_cmds_time: 0.0129480361938 s
find_covered_races_time: 0.0104780197144 s
per_packet_inconsistent_time: 0.00129795074463 s
find_inconsistent_update_time: -2.00271606445e-05 s
Read 243 events.
Added 221 events.
Total write operations: 6
Total read operations: 48
Processing 15 w/w combinations
10% 
Updating has_path path cache...
20% 
30% 
40% 
50% 
60% 
70% 
80% 
90% 
100% 
Processing 288 r/w combinations
10% 
20% 
30% 
40% 
50% 
60% 
70% 
80% 
90% 
100% 
Updating has_path path cache...
+-------------------------------------------+
| Total operations:      54                 |
| Total write operations: 6                 |
| Total read operations:  48                |
+-------------------------------------------+
| Total commuting races: 56                 |
| Total harmful races:   45                 |
| Total filtered races:  0                  |
| Total Time Filtered races:  38            |
| Total Time Edges:      38                 |
+-------------------------------------------+
Number of packet traces with races: 16
Number of packet inconsistencies:  16
Number of packet inconsistencies that are actually consistent (covered):  0
Number of packet inconsistencies the first race is already inconsistent:  0
Number of packet inconsistencies after trimming repeated races:  7
Number of packet inconsistent updates:  0
Number of races:  139
Number of races filtered by time:  38
Number of commuting races:  56
Number of harmful races:  37
Number of covered races:  8
Number of versions: 6
Inconsistent updates: 0
Done. Time elapsed: 0.118960142136 s
load_trace: 0.0779390335083 s
detect_races: 0.0132050514221 s
extract_traces_time: 0.00373005867004 s
find_reactive_cmds_time: 0.000214815139771 s
find_proactive_cmds_time: 0.0126161575317 s
find_covered_races_time: 0.00990390777588 s
per_packet_inconsistent_time: 0.00129508972168 s
find_inconsistent_update_time: -2.00271606445e-05 s
