Read 111 events.
Added 106 events.
Total write operations: 4
Total read operations: 16
Processing 6 w/w combinations
10% 
Updating has_path path cache...
30% 
50% 
60% 
80% 
100% 
Processing 64 r/w combinations
10% 
20% 
30% 
40% 
50% 
60% 
70% 
80% 
90% 
100% 
Updating has_path path cache...
+-------------------------------------------+
| Total operations:      20                 |
| Total write operations: 4                 |
| Total read operations:  16                |
+-------------------------------------------+
| Total commuting races: 33                 |
| Total harmful races:   28                 |
| Total filtered races:  0                  |
| Total Time Filtered races:  0             |
| Total Time Edges:      0                  |
+-------------------------------------------+
Number of packet traces with races: 15
Number of packet inconsistencies:  0
Number of packet inconsistencies that are actually consistent (covered):  12
Number of packet inconsistencies the first race is already inconsistent:  3
Number of packet inconsistencies after trimming repeated races:  0
Number of packet inconsistent updates:  0
Number of races:  61
Number of races filtered by time:  0
Number of commuting races:  33
Number of harmful races:  16
Number of covered races:  12
Number of versions: 12
Inconsistent updates: 0
Done. Time elapsed: 0.0807390213013 s
load_trace: 0.0395300388336 s
detect_races: 0.00448107719421 s
extract_traces_time: 0.00191307067871 s
find_reactive_cmds_time: 7.39097595215e-05 s
find_proactive_cmds_time: 0.0309369564056 s
find_covered_races_time: 0.00246810913086 s
per_packet_inconsistent_time: 0.00128293037415 s
find_inconsistent_update_time: -1.69277191162e-05 s
Read 111 events.
Added 106 events.
Total write operations: 4
Total read operations: 16
Processing 6 w/w combinations
10% 
Updating has_path path cache...
30% 
50% 
60% 
80% 
100% 
Processing 64 r/w combinations
10% 
20% 
30% 
40% 
50% 
60% 
70% 
80% 
90% 
100% 
Updating has_path path cache...
+-------------------------------------------+
| Total operations:      20                 |
| Total write operations: 4                 |
| Total read operations:  16                |
+-------------------------------------------+
| Total commuting races: 33                 |
| Total harmful races:   0                  |
| Total filtered races:  0                  |
| Total Time Filtered races:  28            |
| Total Time Edges:      28                 |
+-------------------------------------------+
Number of packet traces with races: 0
Number of packet inconsistencies:  0
Number of packet inconsistencies that are actually consistent (covered):  0
Number of packet inconsistencies the first race is already inconsistent:  0
Number of packet inconsistencies after trimming repeated races:  0
Number of packet inconsistent updates:  0
Number of races:  61
Number of races filtered by time:  28
Number of commuting races:  33
Number of harmful races:  0
Number of covered races:  0
Number of versions: 12
Inconsistent updates: 0
Done. Time elapsed: 0.0558040142059 s
load_trace: 0.0347681045532 s
detect_races: 0.00521492958069 s
extract_traces_time: 0.00280594825745 s
find_reactive_cmds_time: 7.31945037842e-05 s
find_proactive_cmds_time: 0.0115149021149 s
find_covered_races_time: 0.00129699707031 s
per_packet_inconsistent_time: 9.3936920166e-05 s
find_inconsistent_update_time: -5.96046447754e-06 s
Read 111 events.
Added 106 events.
Total write operations: 4
Total read operations: 16
Processing 6 w/w combinations
10% 
Updating has_path path cache...
30% 
50% 
60% 
80% 
100% 
Processing 64 r/w combinations
10% 
20% 
30% 
40% 
50% 
60% 
70% 
80% 
90% 
100% 
Updating has_path path cache...
+-------------------------------------------+
| Total operations:      20                 |
| Total write operations: 4                 |
| Total read operations:  16                |
+-------------------------------------------+
| Total commuting races: 33                 |
| Total harmful races:   2                  |
| Total filtered races:  0                  |
| Total Time Filtered races:  26            |
| Total Time Edges:      26                 |
+-------------------------------------------+
Number of packet traces with races: 2
Number of packet inconsistencies:  0
Number of packet inconsistencies that are actually consistent (covered):  0
Number of packet inconsistencies the first race is already inconsistent:  2
Number of packet inconsistencies after trimming repeated races:  0
Number of packet inconsistent updates:  0
Number of races:  61
Number of races filtered by time:  26
Number of commuting races:  33
Number of harmful races:  2
Number of covered races:  0
Number of versions: 12
Inconsistent updates: 0
Done. Time elapsed: 0.0556960105896 s
load_trace: 0.0349209308624 s
detect_races: 0.00506806373596 s
extract_traces_time: 0.00261902809143 s
find_reactive_cmds_time: 7.48634338379e-05 s
find_proactive_cmds_time: 0.0113501548767 s
find_covered_races_time: 0.00138282775879 s
per_packet_inconsistent_time: 0.000241994857788 s
find_inconsistent_update_time: -7.15255737305e-06 s
Read 111 events.
Added 106 events.
Total write operations: 4
Total read operations: 16
Processing 6 w/w combinations
10% 
Updating has_path path cache...
30% 
50% 
60% 
80% 
100% 
Processing 64 r/w combinations
10% 
20% 
30% 
40% 
50% 
60% 
70% 
80% 
90% 
100% 
Updating has_path path cache...
+-------------------------------------------+
| Total operations:      20                 |
| Total write operations: 4                 |
| Total read operations:  16                |
+-------------------------------------------+
| Total commuting races: 33                 |
| Total harmful races:   7                  |
| Total filtered races:  0                  |
| Total Time Filtered races:  21            |
| Total Time Edges:      21                 |
+-------------------------------------------+
Number of packet traces with races: 7
Number of packet inconsistencies:  0
Number of packet inconsistencies that are actually consistent (covered):  0
Number of packet inconsistencies the first race is already inconsistent:  7
Number of packet inconsistencies after trimming repeated races:  0
Number of packet inconsistent updates:  0
Number of races:  61
Number of races filtered by time:  21
Number of commuting races:  33
Number of harmful races:  7
Number of covered races:  0
Number of versions: 12
Inconsistent updates: 0
Done. Time elapsed: 0.057893037796 s
load_trace: 0.0357880592346 s
detect_races: 0.00502777099609 s
extract_traces_time: 0.00256514549255 s
find_reactive_cmds_time: 7.39097595215e-05 s
find_proactive_cmds_time: 0.0118470191956 s
find_covered_races_time: 0.00208592414856 s
per_packet_inconsistent_time: 0.000456094741821 s
find_inconsistent_update_time: -1.90734863281e-05 s
Read 111 events.
Added 106 events.
Total write operations: 4
Total read operations: 16
Processing 6 w/w combinations
10% 
Updating has_path path cache...
30% 
50% 
60% 
80% 
100% 
Processing 64 r/w combinations
10% 
20% 
30% 
40% 
50% 
60% 
70% 
80% 
90% 
100% 
Updating has_path path cache...
+-------------------------------------------+
| Total operations:      20                 |
| Total write operations: 4                 |
| Total read operations:  16                |
+-------------------------------------------+
| Total commuting races: 33                 |
| Total harmful races:   8                  |
| Total filtered races:  0                  |
| Total Time Filtered races:  20            |
| Total Time Edges:      20                 |
+-------------------------------------------+
Number of packet traces with races: 8
Number of packet inconsistencies:  0
Number of packet inconsistencies that are actually consistent (covered):  0
Number of packet inconsistencies the first race is already inconsistent:  8
Number of packet inconsistencies after trimming repeated races:  0
Number of packet inconsistent updates:  0
Number of races:  61
Number of races filtered by time:  20
Number of commuting races:  33
Number of harmful races:  8
Number of covered races:  0
Number of versions: 12
Inconsistent updates: 0
Done. Time elapsed: 0.0556819438934 s
load_trace: 0.034824848175 s
detect_races: 0.00491714477539 s
extract_traces_time: 0.00220990180969 s
find_reactive_cmds_time: 7.10487365723e-05 s
find_proactive_cmds_time: 0.0112719535828 s
find_covered_races_time: 0.00187706947327 s
per_packet_inconsistent_time: 0.000469923019409 s
find_inconsistent_update_time: -9.05990600586e-06 s
Read 111 events.
Added 106 events.
Total write operations: 4
Total read operations: 16
Processing 6 w/w combinations
10% 
Updating has_path path cache...
30% 
50% 
60% 
80% 
100% 
Processing 64 r/w combinations
10% 
20% 
30% 
40% 
50% 
60% 
70% 
80% 
90% 
100% 
Updating has_path path cache...
+-------------------------------------------+
| Total operations:      20                 |
| Total write operations: 4                 |
| Total read operations:  16                |
+-------------------------------------------+
| Total commuting races: 33                 |
| Total harmful races:   9                  |
| Total filtered races:  0                  |
| Total Time Filtered races:  19            |
| Total Time Edges:      19                 |
+-------------------------------------------+
Number of packet traces with races: 9
Number of packet inconsistencies:  0
Number of packet inconsistencies that are actually consistent (covered):  0
Number of packet inconsistencies the first race is already inconsistent:  9
Number of packet inconsistencies after trimming repeated races:  0
Number of packet inconsistent updates:  0
Number of races:  61
Number of races filtered by time:  19
Number of commuting races:  33
Number of harmful races:  9
Number of covered races:  0
Number of versions: 12
Inconsistent updates: 0
Done. Time elapsed: 0.0562720298767 s
load_trace: 0.0352530479431 s
detect_races: 0.00480198860168 s
extract_traces_time: 0.00218915939331 s
find_reactive_cmds_time: 9.17911529541e-05 s
find_proactive_cmds_time: 0.0113570690155 s
find_covered_races_time: 0.00186800956726 s
per_packet_inconsistent_time: 0.000668048858643 s
find_inconsistent_update_time: -1.09672546387e-05 s
Read 111 events.
Added 106 events.
Total write operations: 4
Total read operations: 16
Processing 6 w/w combinations
10% 
Updating has_path path cache...
30% 
50% 
60% 
80% 
100% 
Processing 64 r/w combinations
10% 
20% 
30% 
40% 
50% 
60% 
70% 
80% 
90% 
100% 
Updating has_path path cache...
+-------------------------------------------+
| Total operations:      20                 |
| Total write operations: 4                 |
| Total read operations:  16                |
+-------------------------------------------+
| Total commuting races: 33                 |
| Total harmful races:   11                 |
| Total filtered races:  0                  |
| Total Time Filtered races:  17            |
| Total Time Edges:      17                 |
+-------------------------------------------+
Number of packet traces with races: 11
Number of packet inconsistencies:  0
Number of packet inconsistencies that are actually consistent (covered):  0
Number of packet inconsistencies the first race is already inconsistent:  11
Number of packet inconsistencies after trimming repeated races:  0
Number of packet inconsistent updates:  0
Number of races:  61
Number of races filtered by time:  17
Number of commuting races:  33
Number of harmful races:  11
Number of covered races:  0
Number of versions: 12
Inconsistent updates: 0
Done. Time elapsed: 0.0560059547424 s
load_trace: 0.0346391201019 s
detect_races: 0.00484299659729 s
extract_traces_time: 0.00221395492554 s
find_reactive_cmds_time: 7.10487365723e-05 s
find_proactive_cmds_time: 0.011442899704 s
find_covered_races_time: 0.00207591056824 s
per_packet_inconsistent_time: 0.000677108764648 s
find_inconsistent_update_time: -1.19209289551e-05 s
Read 111 events.
Added 106 events.
Total write operations: 4
Total read operations: 16
Processing 6 w/w combinations
10% 
Updating has_path path cache...
30% 
50% 
60% 
80% 
100% 
Processing 64 r/w combinations
10% 
20% 
30% 
40% 
50% 
60% 
70% 
80% 
90% 
100% 
Updating has_path path cache...
+-------------------------------------------+
| Total operations:      20                 |
| Total write operations: 4                 |
| Total read operations:  16                |
+-------------------------------------------+
| Total commuting races: 33                 |
| Total harmful races:   12                 |
| Total filtered races:  0                  |
| Total Time Filtered races:  16            |
| Total Time Edges:      16                 |
+-------------------------------------------+
Number of packet traces with races: 12
Number of packet inconsistencies:  0
Number of packet inconsistencies that are actually consistent (covered):  0
Number of packet inconsistencies the first race is already inconsistent:  12
Number of packet inconsistencies after trimming repeated races:  0
Number of packet inconsistent updates:  0
Number of races:  61
Number of races filtered by time:  16
Number of commuting races:  33
Number of harmful races:  12
Number of covered races:  0
Number of versions: 12
Inconsistent updates: 0
Done. Time elapsed: 0.0557408332825 s
load_trace: 0.0345997810364 s
detect_races: 0.00462508201599 s
extract_traces_time: 0.00199699401855 s
find_reactive_cmds_time: 7.20024108887e-05 s
find_proactive_cmds_time: 0.0116701126099 s
find_covered_races_time: 0.00197386741638 s
per_packet_inconsistent_time: 0.000760078430176 s
find_inconsistent_update_time: -1.19209289551e-05 s
Read 111 events.
Added 106 events.
Total write operations: 4
Total read operations: 16
Processing 6 w/w combinations
10% 
Updating has_path path cache...
30% 
50% 
60% 
80% 
100% 
Processing 64 r/w combinations
10% 
20% 
30% 
40% 
50% 
60% 
70% 
80% 
90% 
100% 
Updating has_path path cache...
+-------------------------------------------+
| Total operations:      20                 |
| Total write operations: 4                 |
| Total read operations:  16                |
+-------------------------------------------+
| Total commuting races: 33                 |
| Total harmful races:   12                 |
| Total filtered races:  0                  |
| Total Time Filtered races:  16            |
| Total Time Edges:      16                 |
+-------------------------------------------+
Number of packet traces with races: 12
Number of packet inconsistencies:  0
Number of packet inconsistencies that are actually consistent (covered):  0
Number of packet inconsistencies the first race is already inconsistent:  12
Number of packet inconsistencies after trimming repeated races:  0
Number of packet inconsistent updates:  0
Number of races:  61
Number of races filtered by time:  16
Number of commuting races:  33
Number of harmful races:  12
Number of covered races:  0
Number of versions: 12
Inconsistent updates: 0
Done. Time elapsed: 0.0559079647064 s
load_trace: 0.0349190235138 s
detect_races: 0.00480604171753 s
extract_traces_time: 0.00203990936279 s
find_reactive_cmds_time: 7.20024108887e-05 s
find_proactive_cmds_time: 0.0112681388855 s
find_covered_races_time: 0.00196290016174 s
per_packet_inconsistent_time: 0.000801086425781 s
find_inconsistent_update_time: -1.09672546387e-05 s
Read 111 events.
Added 106 events.
Total write operations: 4
Total read operations: 16
Processing 6 w/w combinations
10% 
Updating has_path path cache...
30% 
50% 
60% 
80% 
100% 
Processing 64 r/w combinations
10% 
20% 
30% 
40% 
50% 
60% 
70% 
80% 
90% 
100% 
Updating has_path path cache...
+-------------------------------------------+
| Total operations:      20                 |
| Total write operations: 4                 |
| Total read operations:  16                |
+-------------------------------------------+
| Total commuting races: 33                 |
| Total harmful races:   14                 |
| Total filtered races:  0                  |
| Total Time Filtered races:  14            |
| Total Time Edges:      14                 |
+-------------------------------------------+
Number of packet traces with races: 14
Number of packet inconsistencies:  0
Number of packet inconsistencies that are actually consistent (covered):  0
Number of packet inconsistencies the first race is already inconsistent:  14
Number of packet inconsistencies after trimming repeated races:  0
Number of packet inconsistent updates:  0
Number of races:  61
Number of races filtered by time:  14
Number of commuting races:  33
Number of harmful races:  14
Number of covered races:  0
Number of versions: 12
Inconsistent updates: 0
Done. Time elapsed: 0.0563628673553 s
load_trace: 0.0351328849792 s
detect_races: 0.00457501411438 s
extract_traces_time: 0.00194001197815 s
find_reactive_cmds_time: 9.01222229004e-05 s
find_proactive_cmds_time: 0.0116419792175 s
find_covered_races_time: 0.00213003158569 s
per_packet_inconsistent_time: 0.000808954238892 s
find_inconsistent_update_time: -1.19209289551e-05 s
Read 111 events.
Added 106 events.
Total write operations: 4
Total read operations: 16
Processing 6 w/w combinations
10% 
Updating has_path path cache...
30% 
50% 
60% 
80% 
100% 
Processing 64 r/w combinations
10% 
20% 
30% 
40% 
50% 
60% 
70% 
80% 
90% 
100% 
Updating has_path path cache...
+-------------------------------------------+
| Total operations:      20                 |
| Total write operations: 4                 |
| Total read operations:  16                |
+-------------------------------------------+
| Total commuting races: 33                 |
| Total harmful races:   14                 |
| Total filtered races:  0                  |
| Total Time Filtered races:  14            |
| Total Time Edges:      14                 |
+-------------------------------------------+
Number of packet traces with races: 14
Number of packet inconsistencies:  0
Number of packet inconsistencies that are actually consistent (covered):  0
Number of packet inconsistencies the first race is already inconsistent:  14
Number of packet inconsistencies after trimming repeated races:  0
Number of packet inconsistent updates:  0
Number of races:  61
Number of races filtered by time:  14
Number of commuting races:  33
Number of harmful races:  14
Number of covered races:  0
Number of versions: 12
Inconsistent updates: 0
Done. Time elapsed: 0.0553040504456 s
load_trace: 0.0344779491425 s
detect_races: 0.00467109680176 s
extract_traces_time: 0.00188493728638 s
find_reactive_cmds_time: 7.00950622559e-05 s
find_proactive_cmds_time: 0.0113568305969 s
find_covered_races_time: 0.00200009346008 s
per_packet_inconsistent_time: 0.000798940658569 s
find_inconsistent_update_time: -1.19209289551e-05 s
Read 111 events.
Added 106 events.
Total write operations: 4
Total read operations: 16
Processing 6 w/w combinations
10% 
Updating has_path path cache...
30% 
50% 
60% 
80% 
100% 
Processing 64 r/w combinations
10% 
20% 
30% 
40% 
50% 
60% 
70% 
80% 
90% 
100% 
Updating has_path path cache...
+-------------------------------------------+
| Total operations:      20                 |
| Total write operations: 4                 |
| Total read operations:  16                |
+-------------------------------------------+
| Total commuting races: 33                 |
| Total harmful races:   14                 |
| Total filtered races:  0                  |
| Total Time Filtered races:  14            |
| Total Time Edges:      14                 |
+-------------------------------------------+
Number of packet traces with races: 14
Number of packet inconsistencies:  0
Number of packet inconsistencies that are actually consistent (covered):  0
Number of packet inconsistencies the first race is already inconsistent:  14
Number of packet inconsistencies after trimming repeated races:  0
Number of packet inconsistent updates:  0
Number of races:  61
Number of races filtered by time:  14
Number of commuting races:  33
Number of harmful races:  14
Number of covered races:  0
Number of versions: 12
Inconsistent updates: 0
Done. Time elapsed: 0.0560209751129 s
load_trace: 0.034982919693 s
detect_races: 0.00464916229248 s
extract_traces_time: 0.00193095207214 s
find_reactive_cmds_time: 7.10487365723e-05 s
find_proactive_cmds_time: 0.0113940238953 s
find_covered_races_time: 0.0020649433136 s
per_packet_inconsistent_time: 0.000881910324097 s
find_inconsistent_update_time: -1.59740447998e-05 s
