Read 2398 events.
Added 1745 events.
Total write operations: 138
Total read operations: 334
Processing 9453 w/w combinations
Updating has_path path cache...
10% 
20% 
30% 
40% 
50% 
60% 
70% 
80% 
90% 
100% 
Processing 46092 r/w combinations
10% 
20% 
30% 
40% 
50% 
60% 
70% 
80% 
90% 
100% 
Updating has_path path cache...
+-------------------------------------------+
| Total operations:      472                |
| Total write operations: 138               |
| Total read operations:  334               |
+-------------------------------------------+
| Total commuting races: 16098              |
| Total harmful races:   786                |
| Total filtered races:  0                  |
| Total Time Filtered races:  0             |
| Total Time Edges:      0                  |
+-------------------------------------------+
Number of packet traces with races: 149
Number of packet inconsistencies:  93
Number of packet inconsistencies that are actually consistent (covered):  29
Number of packet inconsistencies the first race is already inconsistent:  27
Number of packet inconsistencies after trimming repeated races:  30
Number of packet inconsistent updates:  0
Number of races:  16884
Number of races filtered by time:  0
Number of commuting races:  16098
Number of harmful races:  496
Number of covered races:  290
Number of versions: 103
Inconsistent updates: 0
Done. Time elapsed: 7.11455702782 s
load_trace: 3.91397595406 s
detect_races: 1.38024115562 s
extract_traces_time: 0.0646839141846 s
find_reactive_cmds_time: 0.00581312179565 s
find_proactive_cmds_time: 0.0985667705536 s
find_covered_races_time: 1.42759013176 s
per_packet_inconsistent_time: 0.223257064819 s
find_inconsistent_update_time: -0.000373840332031 s
Read 2398 events.
Added 1745 events.
Total write operations: 138
Total read operations: 334
Processing 9453 w/w combinations
Updating has_path path cache...
10% 
20% 
30% 
40% 
50% 
60% 
70% 
80% 
90% 
100% 
Processing 46092 r/w combinations
10% 
20% 
30% 
40% 
50% 
60% 
70% 
80% 
90% 
100% 
Updating has_path path cache...
+-------------------------------------------+
| Total operations:      472                |
| Total write operations: 138               |
| Total read operations:  334               |
+-------------------------------------------+
| Total commuting races: 16098              |
| Total harmful races:   0                  |
| Total filtered races:  0                  |
| Total Time Filtered races:  786           |
| Total Time Edges:      786                |
+-------------------------------------------+
Number of packet traces with races: 0
Number of packet inconsistencies:  0
Number of packet inconsistencies that are actually consistent (covered):  0
Number of packet inconsistencies the first race is already inconsistent:  0
Number of packet inconsistencies after trimming repeated races:  0
Number of packet inconsistent updates:  0
Number of races:  16884
Number of races filtered by time:  786
Number of commuting races:  16098
Number of harmful races:  0
Number of covered races:  0
Number of versions: 103
Inconsistent updates: 0
Done. Time elapsed: 5.95694208145 s
load_trace: 3.80792808533 s
detect_races: 1.42225909233 s
extract_traces_time: 0.279452800751 s
find_reactive_cmds_time: 0.00490212440491 s
find_proactive_cmds_time: 0.0930309295654 s
find_covered_races_time: 0.34744811058 s
per_packet_inconsistent_time: 0.00183391571045 s
find_inconsistent_update_time: -3.60012054443e-05 s
Read 2398 events.
Added 1745 events.
Total write operations: 138
Total read operations: 334
Processing 9453 w/w combinations
Updating has_path path cache...
10% 
20% 
30% 
40% 
50% 
60% 
70% 
80% 
90% 
100% 
Processing 46092 r/w combinations
10% 
20% 
30% 
40% 
50% 
60% 
70% 
80% 
90% 
100% 
Updating has_path path cache...
+-------------------------------------------+
| Total operations:      472                |
| Total write operations: 138               |
| Total read operations:  334               |
+-------------------------------------------+
| Total commuting races: 16098              |
| Total harmful races:   38                 |
| Total filtered races:  0                  |
| Total Time Filtered races:  748           |
| Total Time Edges:      748                |
+-------------------------------------------+
Number of packet traces with races: 24
Number of packet inconsistencies:  13
Number of packet inconsistencies that are actually consistent (covered):  0
Number of packet inconsistencies the first race is already inconsistent:  11
Number of packet inconsistencies after trimming repeated races:  12
Number of packet inconsistent updates:  0
Number of races:  16884
Number of races filtered by time:  748
Number of commuting races:  16098
Number of harmful races:  36
Number of covered races:  2
Number of versions: 103
Inconsistent updates: 0
Done. Time elapsed: 5.77587223053 s
load_trace: 3.56909608841 s
detect_races: 1.32367491722 s
extract_traces_time: 0.253102064133 s
find_reactive_cmds_time: 0.00466394424438 s
find_proactive_cmds_time: 0.0908451080322 s
find_covered_races_time: 0.52192401886 s
per_packet_inconsistent_time: 0.0124580860138 s
find_inconsistent_update_time: -5.79357147217e-05 s
Read 2398 events.
Added 1745 events.
Total write operations: 138
Total read operations: 334
Processing 9453 w/w combinations
Updating has_path path cache...
10% 
20% 
30% 
40% 
50% 
60% 
70% 
80% 
90% 
100% 
Processing 46092 r/w combinations
10% 
20% 
30% 
40% 
50% 
60% 
70% 
80% 
90% 
100% 
Updating has_path path cache...
+-------------------------------------------+
| Total operations:      472                |
| Total write operations: 138               |
| Total read operations:  334               |
+-------------------------------------------+
| Total commuting races: 16098              |
| Total harmful races:   100                |
| Total filtered races:  0                  |
| Total Time Filtered races:  686           |
| Total Time Edges:      686                |
+-------------------------------------------+
Number of packet traces with races: 48
Number of packet inconsistencies:  29
Number of packet inconsistencies that are actually consistent (covered):  0
Number of packet inconsistencies the first race is already inconsistent:  19
Number of packet inconsistencies after trimming repeated races:  22
Number of packet inconsistent updates:  0
Number of races:  16884
Number of races filtered by time:  686
Number of commuting races:  16098
Number of harmful races:  95
Number of covered races:  5
Number of versions: 103
Inconsistent updates: 0
Done. Time elapsed: 6.14198589325 s
load_trace: 3.56800103188 s
detect_races: 1.37817692757 s
extract_traces_time: 0.250685930252 s
find_reactive_cmds_time: 0.0046980381012 s
find_proactive_cmds_time: 0.0993220806122 s
find_covered_races_time: 0.810169935226 s
per_packet_inconsistent_time: 0.0307950973511 s
find_inconsistent_update_time: -8.70227813721e-05 s
Read 2398 events.
Added 1745 events.
Total write operations: 138
Total read operations: 334
Processing 9453 w/w combinations
Updating has_path path cache...
10% 
20% 
30% 
40% 
50% 
60% 
70% 
80% 
90% 
100% 
Processing 46092 r/w combinations
10% 
20% 
30% 
40% 
50% 
60% 
70% 
80% 
90% 
100% 
Updating has_path path cache...
+-------------------------------------------+
| Total operations:      472                |
| Total write operations: 138               |
| Total read operations:  334               |
+-------------------------------------------+
| Total commuting races: 16098              |
| Total harmful races:   145                |
| Total filtered races:  0                  |
| Total Time Filtered races:  641           |
| Total Time Edges:      641                |
+-------------------------------------------+
Number of packet traces with races: 61
Number of packet inconsistencies:  41
Number of packet inconsistencies that are actually consistent (covered):  0
Number of packet inconsistencies the first race is already inconsistent:  20
Number of packet inconsistencies after trimming repeated races:  26
Number of packet inconsistent updates:  0
Number of races:  16884
Number of races filtered by time:  641
Number of commuting races:  16098
Number of harmful races:  140
Number of covered races:  5
Number of versions: 103
Inconsistent updates: 0
Done. Time elapsed: 6.30928993225 s
load_trace: 3.6407020092 s
detect_races: 1.37127590179 s
extract_traces_time: 0.245041131973 s
find_reactive_cmds_time: 0.0055239200592 s
find_proactive_cmds_time: 0.090029001236 s
find_covered_races_time: 0.912034988403 s
per_packet_inconsistent_time: 0.0445311069489 s
find_inconsistent_update_time: -0.000102996826172 s
Read 2398 events.
Added 1745 events.
Total write operations: 138
Total read operations: 334
Processing 9453 w/w combinations
Updating has_path path cache...
10% 
20% 
30% 
40% 
50% 
60% 
70% 
80% 
90% 
100% 
Processing 46092 r/w combinations
10% 
20% 
30% 
40% 
50% 
60% 
70% 
80% 
90% 
100% 
Updating has_path path cache...
+-------------------------------------------+
| Total operations:      472                |
| Total write operations: 138               |
| Total read operations:  334               |
+-------------------------------------------+
| Total commuting races: 16098              |
| Total harmful races:   179                |
| Total filtered races:  0                  |
| Total Time Filtered races:  607           |
| Total Time Edges:      607                |
+-------------------------------------------+
Number of packet traces with races: 76
Number of packet inconsistencies:  46
Number of packet inconsistencies that are actually consistent (covered):  2
Number of packet inconsistencies the first race is already inconsistent:  28
Number of packet inconsistencies after trimming repeated races:  27
Number of packet inconsistent updates:  0
Number of races:  16884
Number of races filtered by time:  607
Number of commuting races:  16098
Number of harmful races:  172
Number of covered races:  7
Number of versions: 103
Inconsistent updates: 0
Done. Time elapsed: 6.12858009338 s
load_trace: 3.43060803413 s
detect_races: 1.32185196877 s
extract_traces_time: 0.229170084 s
find_reactive_cmds_time: 0.00467205047607 s
find_proactive_cmds_time: 0.0916838645935 s
find_covered_races_time: 0.992018938065 s
per_packet_inconsistent_time: 0.0583992004395 s
find_inconsistent_update_time: -0.00011682510376 s
Read 2398 events.
Added 1745 events.
Total write operations: 138
Total read operations: 334
Processing 9453 w/w combinations
Updating has_path path cache...
10% 
20% 
30% 
40% 
50% 
60% 
70% 
80% 
90% 
100% 
Processing 46092 r/w combinations
10% 
20% 
30% 
40% 
50% 
60% 
70% 
80% 
90% 
100% 
Updating has_path path cache...
+-------------------------------------------+
| Total operations:      472                |
| Total write operations: 138               |
| Total read operations:  334               |
+-------------------------------------------+
| Total commuting races: 16098              |
| Total harmful races:   233                |
| Total filtered races:  0                  |
| Total Time Filtered races:  553           |
| Total Time Edges:      553                |
+-------------------------------------------+
Number of packet traces with races: 94
Number of packet inconsistencies:  59
Number of packet inconsistencies that are actually consistent (covered):  2
Number of packet inconsistencies the first race is already inconsistent:  33
Number of packet inconsistencies after trimming repeated races:  32
Number of packet inconsistent updates:  0
Number of races:  16884
Number of races filtered by time:  553
Number of commuting races:  16098
Number of harmful races:  218
Number of covered races:  15
Number of versions: 103
Inconsistent updates: 0
Done. Time elapsed: 6.57378220558 s
load_trace: 3.68176817894 s
detect_races: 1.32436394691 s
extract_traces_time: 0.244010925293 s
find_reactive_cmds_time: 0.00582408905029 s
find_proactive_cmds_time: 0.0931329727173 s
find_covered_races_time: 1.14771008492 s
per_packet_inconsistent_time: 0.0767829418182 s
find_inconsistent_update_time: -0.0001380443573 s
Read 2398 events.
Added 1745 events.
Total write operations: 138
Total read operations: 334
Processing 9453 w/w combinations
Updating has_path path cache...
10% 
20% 
30% 
40% 
50% 
60% 
70% 
80% 
90% 
100% 
Processing 46092 r/w combinations
10% 
20% 
30% 
40% 
50% 
60% 
70% 
80% 
90% 
100% 
Updating has_path path cache...
+-------------------------------------------+
| Total operations:      472                |
| Total write operations: 138               |
| Total read operations:  334               |
+-------------------------------------------+
| Total commuting races: 16098              |
| Total harmful races:   280                |
| Total filtered races:  0                  |
| Total Time Filtered races:  506           |
| Total Time Edges:      506                |
+-------------------------------------------+
Number of packet traces with races: 116
Number of packet inconsistencies:  74
Number of packet inconsistencies that are actually consistent (covered):  2
Number of packet inconsistencies the first race is already inconsistent:  40
Number of packet inconsistencies after trimming repeated races:  36
Number of packet inconsistent updates:  0
Number of races:  16884
Number of races filtered by time:  506
Number of commuting races:  16098
Number of harmful races:  264
Number of covered races:  16
Number of versions: 103
Inconsistent updates: 0
Done. Time elapsed: 6.27661395073 s
load_trace: 3.42946696281 s
detect_races: 1.26682400703 s
extract_traces_time: 0.21616601944 s
find_reactive_cmds_time: 0.00448417663574 s
find_proactive_cmds_time: 0.0873329639435 s
find_covered_races_time: 1.17592287064 s
per_packet_inconsistent_time: 0.0961899757385 s
find_inconsistent_update_time: -0.000174999237061 s
Read 2398 events.
Added 1745 events.
Total write operations: 138
Total read operations: 334
Processing 9453 w/w combinations
Updating has_path path cache...
10% 
20% 
30% 
40% 
50% 
60% 
70% 
80% 
90% 
100% 
Processing 46092 r/w combinations
10% 
20% 
30% 
40% 
50% 
60% 
70% 
80% 
90% 
100% 
Updating has_path path cache...
+-------------------------------------------+
| Total operations:      472                |
| Total write operations: 138               |
| Total read operations:  334               |
+-------------------------------------------+
| Total commuting races: 16098              |
| Total harmful races:   321                |
| Total filtered races:  0                  |
| Total Time Filtered races:  465           |
| Total Time Edges:      465                |
+-------------------------------------------+
Number of packet traces with races: 130
Number of packet inconsistencies:  80
Number of packet inconsistencies that are actually consistent (covered):  2
Number of packet inconsistencies the first race is already inconsistent:  48
Number of packet inconsistencies after trimming repeated races:  33
Number of packet inconsistent updates:  0
Number of races:  16884
Number of races filtered by time:  465
Number of commuting races:  16098
Number of harmful races:  299
Number of covered races:  22
Number of versions: 103
Inconsistent updates: 0
Done. Time elapsed: 6.69622302055 s
load_trace: 3.50545597076 s
detect_races: 1.26191711426 s
extract_traces_time: 0.207931995392 s
find_reactive_cmds_time: 0.0049159526825 s
find_proactive_cmds_time: 0.116425991058 s
find_covered_races_time: 1.47681903839 s
per_packet_inconsistent_time: 0.122756958008 s
find_inconsistent_update_time: 0.0 s
Read 2398 events.
Added 1745 events.
Total write operations: 138
Total read operations: 334
Processing 9453 w/w combinations
Updating has_path path cache...
10% 
20% 
30% 
40% 
50% 
60% 
70% 
80% 
90% 
100% 
Processing 46092 r/w combinations
10% 
20% 
30% 
40% 
50% 
60% 
70% 
80% 
90% 
100% 
Updating has_path path cache...
+-------------------------------------------+
| Total operations:      472                |
| Total write operations: 138               |
| Total read operations:  334               |
+-------------------------------------------+
| Total commuting races: 16098              |
| Total harmful races:   355                |
| Total filtered races:  0                  |
| Total Time Filtered races:  431           |
| Total Time Edges:      431                |
+-------------------------------------------+
Number of packet traces with races: 142
Number of packet inconsistencies:  89
Number of packet inconsistencies that are actually consistent (covered):  2
Number of packet inconsistencies the first race is already inconsistent:  51
Number of packet inconsistencies after trimming repeated races:  38
Number of packet inconsistent updates:  0
Number of races:  16884
Number of races filtered by time:  431
Number of commuting races:  16098
Number of harmful races:  327
Number of covered races:  28
Number of versions: 103
Inconsistent updates: 0
Done. Time elapsed: 6.50088596344 s
load_trace: 3.52135109901 s
detect_races: 1.26473402977 s
extract_traces_time: 0.195134878159 s
find_reactive_cmds_time: 0.00522994995117 s
find_proactive_cmds_time: 0.0864551067352 s
find_covered_races_time: 1.30106210709 s
per_packet_inconsistent_time: 0.126918792725 s
find_inconsistent_update_time: 0.0 s
Read 2398 events.
Added 1745 events.
Total write operations: 138
Total read operations: 334
Processing 9453 w/w combinations
Updating has_path path cache...
10% 
20% 
30% 
40% 
50% 
60% 
70% 
80% 
90% 
100% 
Processing 46092 r/w combinations
10% 
20% 
30% 
40% 
50% 
60% 
70% 
80% 
90% 
100% 
Updating has_path path cache...
+-------------------------------------------+
| Total operations:      472                |
| Total write operations: 138               |
| Total read operations:  334               |
+-------------------------------------------+
| Total commuting races: 16098              |
| Total harmful races:   387                |
| Total filtered races:  0                  |
| Total Time Filtered races:  399           |
| Total Time Edges:      399                |
+-------------------------------------------+
Number of packet traces with races: 149
Number of packet inconsistencies:  92
Number of packet inconsistencies that are actually consistent (covered):  6
Number of packet inconsistencies the first race is already inconsistent:  51
Number of packet inconsistencies after trimming repeated races:  35
Number of packet inconsistent updates:  0
Number of races:  16884
Number of races filtered by time:  399
Number of commuting races:  16098
Number of harmful races:  349
Number of covered races:  38
Number of versions: 103
Inconsistent updates: 0
Done. Time elapsed: 6.56658196449 s
load_trace: 3.5231320858 s
detect_races: 1.27237486839 s
extract_traces_time: 0.206179141998 s
find_reactive_cmds_time: 0.00561094284058 s
find_proactive_cmds_time: 0.0982749462128 s
find_covered_races_time: 1.32006001472 s
per_packet_inconsistent_time: 0.140654087067 s
find_inconsistent_update_time: -0.000243902206421 s
Read 2398 events.
Added 1745 events.
Total write operations: 138
Total read operations: 334
Processing 9453 w/w combinations
Updating has_path path cache...
10% 
20% 
30% 
40% 
50% 
60% 
70% 
80% 
90% 
100% 
Processing 46092 r/w combinations
10% 
20% 
30% 
40% 
50% 
60% 
70% 
80% 
90% 
100% 
Updating has_path path cache...
+-------------------------------------------+
| Total operations:      472                |
| Total write operations: 138               |
| Total read operations:  334               |
+-------------------------------------------+
| Total commuting races: 16098              |
| Total harmful races:   414                |
| Total filtered races:  0                  |
| Total Time Filtered races:  372           |
| Total Time Edges:      372                |
+-------------------------------------------+
Number of packet traces with races: 149
Number of packet inconsistencies:  93
Number of packet inconsistencies that are actually consistent (covered):  6
Number of packet inconsistencies the first race is already inconsistent:  50
Number of packet inconsistencies after trimming repeated races:  42
Number of packet inconsistent updates:  0
Number of races:  16884
Number of races filtered by time:  372
Number of commuting races:  16098
Number of harmful races:  360
Number of covered races:  54
Number of versions: 103
Inconsistent updates: 0
Done. Time elapsed: 6.439016819 s
load_trace: 3.47880482674 s
detect_races: 1.21467113495 s
extract_traces_time: 0.0936758518219 s
find_reactive_cmds_time: 0.00451111793518 s
find_proactive_cmds_time: 0.177257061005 s
find_covered_races_time: 1.32159781456 s
per_packet_inconsistent_time: 0.148178100586 s
find_inconsistent_update_time: -0.000269889831543 s
