Read 930 events.
Added 880 events.
Total write operations: 44
Total read operations: 181
Processing 946 w/w combinations
Updating has_path path cache...
10% 
20% 
30% 
40% 
50% 
60% 
70% 
80% 
90% 
100% 
Processing 7964 r/w combinations
10% 
20% 
30% 
40% 
50% 
60% 
70% 
80% 
90% 
100% 
Updating has_path path cache...
+-------------------------------------------+
| Total operations:      225                |
| Total write operations: 44                |
| Total read operations:  181               |
+-------------------------------------------+
| Total commuting races: 3781               |
| Total harmful races:   278                |
| Total filtered races:  0                  |
| Total Time Filtered races:  0             |
| Total Time Edges:      0                  |
+-------------------------------------------+
Number of packet traces with races: 76
Number of packet inconsistencies:  74
Number of packet inconsistencies that are actually consistent (covered):  2
Number of packet inconsistencies the first race is already inconsistent:  0
Number of packet inconsistencies after trimming repeated races:  6
Number of packet inconsistent updates:  0
Number of races:  4059
Number of races filtered by time:  0
Number of commuting races:  3781
Number of harmful races:  209
Number of covered races:  69
Number of versions: 11
Inconsistent updates: 0
Done. Time elapsed: 1.33300995827 s
load_trace: 0.616300821304 s
detect_races: 0.246268987656 s
extract_traces_time: 0.023294210434 s
find_reactive_cmds_time: 0.00115585327148 s
find_proactive_cmds_time: 0.0135281085968 s
find_covered_races_time: 0.411216020584 s
per_packet_inconsistent_time: 0.0211279392242 s
find_inconsistent_update_time: -7.9870223999e-05 s
Read 930 events.
Added 880 events.
Total write operations: 44
Total read operations: 181
Processing 946 w/w combinations
Updating has_path path cache...
10% 
20% 
30% 
40% 
50% 
60% 
70% 
80% 
90% 
100% 
Processing 7964 r/w combinations
10% 
20% 
30% 
40% 
50% 
60% 
70% 
80% 
90% 
100% 
Updating has_path path cache...
+-------------------------------------------+
| Total operations:      225                |
| Total write operations: 44                |
| Total read operations:  181               |
+-------------------------------------------+
| Total commuting races: 3781               |
| Total harmful races:   0                  |
| Total filtered races:  0                  |
| Total Time Filtered races:  278           |
| Total Time Edges:      278                |
+-------------------------------------------+
Number of packet traces with races: 0
Number of packet inconsistencies:  0
Number of packet inconsistencies that are actually consistent (covered):  0
Number of packet inconsistencies the first race is already inconsistent:  0
Number of packet inconsistencies after trimming repeated races:  0
Number of packet inconsistent updates:  0
Number of races:  4059
Number of races filtered by time:  278
Number of commuting races:  3781
Number of harmful races:  0
Number of covered races:  0
Number of versions: 11
Inconsistent updates: 0
Done. Time elapsed: 1.10394096375 s
load_trace: 0.592375993729 s
detect_races: 0.280429840088 s
extract_traces_time: 0.0313320159912 s
find_reactive_cmds_time: 0.00115418434143 s
find_proactive_cmds_time: 0.0139338970184 s
find_covered_races_time: 0.184133052826 s
per_packet_inconsistent_time: 0.000533819198608 s
find_inconsistent_update_time: -1.12056732178e-05 s
Read 930 events.
Added 880 events.
Total write operations: 44
Total read operations: 181
Processing 946 w/w combinations
Updating has_path path cache...
10% 
20% 
30% 
40% 
50% 
60% 
70% 
80% 
90% 
100% 
Processing 7964 r/w combinations
10% 
20% 
30% 
40% 
50% 
60% 
70% 
80% 
90% 
100% 
Updating has_path path cache...
+-------------------------------------------+
| Total operations:      225                |
| Total write operations: 44                |
| Total read operations:  181               |
+-------------------------------------------+
| Total commuting races: 3781               |
| Total harmful races:   23                 |
| Total filtered races:  0                  |
| Total Time Filtered races:  255           |
| Total Time Edges:      255                |
+-------------------------------------------+
Number of packet traces with races: 9
Number of packet inconsistencies:  6
Number of packet inconsistencies that are actually consistent (covered):  0
Number of packet inconsistencies the first race is already inconsistent:  3
Number of packet inconsistencies after trimming repeated races:  4
Number of packet inconsistent updates:  0
Number of races:  4059
Number of races filtered by time:  255
Number of commuting races:  3781
Number of harmful races:  23
Number of covered races:  0
Number of versions: 11
Inconsistent updates: 0
Done. Time elapsed: 1.15794801712 s
load_trace: 0.605865001678 s
detect_races: 0.288938999176 s
extract_traces_time: 0.0323150157928 s
find_reactive_cmds_time: 0.00126791000366 s
find_proactive_cmds_time: 0.0136690139771 s
find_covered_races_time: 0.21245098114 s
per_packet_inconsistent_time: 0.0033700466156 s
find_inconsistent_update_time: -2.00271606445e-05 s
Read 930 events.
Added 880 events.
Total write operations: 44
Total read operations: 181
Processing 946 w/w combinations
Updating has_path path cache...
10% 
20% 
30% 
40% 
50% 
60% 
70% 
80% 
90% 
100% 
Processing 7964 r/w combinations
10% 
20% 
30% 
40% 
50% 
60% 
70% 
80% 
90% 
100% 
Updating has_path path cache...
+-------------------------------------------+
| Total operations:      225                |
| Total write operations: 44                |
| Total read operations:  181               |
+-------------------------------------------+
| Total commuting races: 3781               |
| Total harmful races:   50                 |
| Total filtered races:  0                  |
| Total Time Filtered races:  228           |
| Total Time Edges:      228                |
+-------------------------------------------+
Number of packet traces with races: 19
Number of packet inconsistencies:  15
Number of packet inconsistencies that are actually consistent (covered):  0
Number of packet inconsistencies the first race is already inconsistent:  4
Number of packet inconsistencies after trimming repeated races:  6
Number of packet inconsistent updates:  0
Number of races:  4059
Number of races filtered by time:  228
Number of commuting races:  3781
Number of harmful races:  49
Number of covered races:  1
Number of versions: 11
Inconsistent updates: 0
Done. Time elapsed: 1.19941210747 s
load_trace: 0.627485990524 s
detect_races: 0.270321130753 s
extract_traces_time: 0.0297849178314 s
find_reactive_cmds_time: 0.00121402740479 s
find_proactive_cmds_time: 0.0136480331421 s
find_covered_races_time: 0.252868890762 s
per_packet_inconsistent_time: 0.0040271282196 s
find_inconsistent_update_time: -2.40802764893e-05 s
Read 930 events.
Added 880 events.
Total write operations: 44
Total read operations: 181
Processing 946 w/w combinations
Updating has_path path cache...
10% 
20% 
30% 
40% 
50% 
60% 
70% 
80% 
90% 
100% 
Processing 7964 r/w combinations
10% 
20% 
30% 
40% 
50% 
60% 
70% 
80% 
90% 
100% 
Updating has_path path cache...
+-------------------------------------------+
| Total operations:      225                |
| Total write operations: 44                |
| Total read operations:  181               |
+-------------------------------------------+
| Total commuting races: 3781               |
| Total harmful races:   70                 |
| Total filtered races:  0                  |
| Total Time Filtered races:  208           |
| Total Time Edges:      208                |
+-------------------------------------------+
Number of packet traces with races: 27
Number of packet inconsistencies:  23
Number of packet inconsistencies that are actually consistent (covered):  0
Number of packet inconsistencies the first race is already inconsistent:  4
Number of packet inconsistencies after trimming repeated races:  6
Number of packet inconsistent updates:  0
Number of races:  4059
Number of races filtered by time:  208
Number of commuting races:  3781
Number of harmful races:  69
Number of covered races:  1
Number of versions: 11
Inconsistent updates: 0
Done. Time elapsed: 1.17439889908 s
load_trace: 0.595122814178 s
detect_races: 0.265329122543 s
extract_traces_time: 0.0295598506927 s
find_reactive_cmds_time: 0.00117015838623 s
find_proactive_cmds_time: 0.0130169391632 s
find_covered_races_time: 0.264619112015 s
per_packet_inconsistent_time: 0.00551390647888 s
find_inconsistent_update_time: -2.90870666504e-05 s
Read 930 events.
Added 880 events.
Total write operations: 44
Total read operations: 181
Processing 946 w/w combinations
Updating has_path path cache...
10% 
20% 
30% 
40% 
50% 
60% 
70% 
80% 
90% 
100% 
Processing 7964 r/w combinations
10% 
20% 
30% 
40% 
50% 
60% 
70% 
80% 
90% 
100% 
Updating has_path path cache...
+-------------------------------------------+
| Total operations:      225                |
| Total write operations: 44                |
| Total read operations:  181               |
+-------------------------------------------+
| Total commuting races: 3781               |
| Total harmful races:   109                |
| Total filtered races:  0                  |
| Total Time Filtered races:  169           |
| Total Time Edges:      169                |
+-------------------------------------------+
Number of packet traces with races: 45
Number of packet inconsistencies:  40
Number of packet inconsistencies that are actually consistent (covered):  0
Number of packet inconsistencies the first race is already inconsistent:  5
Number of packet inconsistencies after trimming repeated races:  6
Number of packet inconsistent updates:  0
Number of races:  4059
Number of races filtered by time:  169
Number of commuting races:  3781
Number of harmful races:  108
Number of covered races:  1
Number of versions: 11
Inconsistent updates: 0
Done. Time elapsed: 1.33596801758 s
load_trace: 0.607739925385 s
detect_races: 0.273298025131 s
extract_traces_time: 0.0300209522247 s
find_reactive_cmds_time: 0.00125908851624 s
find_proactive_cmds_time: 0.0137059688568 s
find_covered_races_time: 0.397729873657 s
per_packet_inconsistent_time: 0.012109041214 s
find_inconsistent_update_time: -5.81741333008e-05 s
Read 930 events.
Added 880 events.
Total write operations: 44
Total read operations: 181
Processing 946 w/w combinations
Updating has_path path cache...
10% 
20% 
30% 
40% 
50% 
60% 
70% 
80% 
90% 
100% 
Processing 7964 r/w combinations
10% 
20% 
30% 
40% 
50% 
60% 
70% 
80% 
90% 
100% 
Updating has_path path cache...
+-------------------------------------------+
| Total operations:      225                |
| Total write operations: 44                |
| Total read operations:  181               |
+-------------------------------------------+
| Total commuting races: 3781               |
| Total harmful races:   132                |
| Total filtered races:  0                  |
| Total Time Filtered races:  146           |
| Total Time Edges:      146                |
+-------------------------------------------+
Number of packet traces with races: 54
Number of packet inconsistencies:  50
Number of packet inconsistencies that are actually consistent (covered):  0
Number of packet inconsistencies the first race is already inconsistent:  4
Number of packet inconsistencies after trimming repeated races:  6
Number of packet inconsistent updates:  0
Number of races:  4059
Number of races filtered by time:  146
Number of commuting races:  3781
Number of harmful races:  130
Number of covered races:  2
Number of versions: 11
Inconsistent updates: 0
Done. Time elapsed: 1.32185101509 s
load_trace: 0.599016189575 s
detect_races: 0.262898921967 s
extract_traces_time: 0.0272228717804 s
find_reactive_cmds_time: 0.00118112564087 s
find_proactive_cmds_time: 0.0132210254669 s
find_covered_races_time: 0.407693862915 s
per_packet_inconsistent_time: 0.0105311870575 s
find_inconsistent_update_time: -4.6968460083e-05 s
Read 930 events.
Added 880 events.
Total write operations: 44
Total read operations: 181
Processing 946 w/w combinations
Updating has_path path cache...
10% 
20% 
30% 
40% 
50% 
60% 
70% 
80% 
90% 
100% 
Processing 7964 r/w combinations
10% 
20% 
30% 
40% 
50% 
60% 
70% 
80% 
90% 
100% 
Updating has_path path cache...
+-------------------------------------------+
| Total operations:      225                |
| Total write operations: 44                |
| Total read operations:  181               |
+-------------------------------------------+
| Total commuting races: 3781               |
| Total harmful races:   146                |
| Total filtered races:  0                  |
| Total Time Filtered races:  132           |
| Total Time Edges:      132                |
+-------------------------------------------+
Number of packet traces with races: 60
Number of packet inconsistencies:  58
Number of packet inconsistencies that are actually consistent (covered):  0
Number of packet inconsistencies the first race is already inconsistent:  2
Number of packet inconsistencies after trimming repeated races:  6
Number of packet inconsistent updates:  0
Number of races:  4059
Number of races filtered by time:  132
Number of commuting races:  3781
Number of harmful races:  144
Number of covered races:  2
Number of versions: 11
Inconsistent updates: 0
Done. Time elapsed: 1.33556580544 s
load_trace: 0.588487863541 s
detect_races: 0.254710912704 s
extract_traces_time: 0.0273840427399 s
find_reactive_cmds_time: 0.00114607810974 s
find_proactive_cmds_time: 0.0130529403687 s
find_covered_races_time: 0.439324140549 s
per_packet_inconsistent_time: 0.0113689899445 s
find_inconsistent_update_time: -5.19752502441e-05 s
Read 930 events.
Added 880 events.
Total write operations: 44
Total read operations: 181
Processing 946 w/w combinations
Updating has_path path cache...
10% 
20% 
30% 
40% 
50% 
60% 
70% 
80% 
90% 
100% 
Processing 7964 r/w combinations
10% 
20% 
30% 
40% 
50% 
60% 
70% 
80% 
90% 
100% 
Updating has_path path cache...
+-------------------------------------------+
| Total operations:      225                |
| Total write operations: 44                |
| Total read operations:  181               |
+-------------------------------------------+
| Total commuting races: 3781               |
| Total harmful races:   157                |
| Total filtered races:  0                  |
| Total Time Filtered races:  121           |
| Total Time Edges:      121                |
+-------------------------------------------+
Number of packet traces with races: 64
Number of packet inconsistencies:  61
Number of packet inconsistencies that are actually consistent (covered):  0
Number of packet inconsistencies the first race is already inconsistent:  3
Number of packet inconsistencies after trimming repeated races:  6
Number of packet inconsistent updates:  0
Number of races:  4059
Number of races filtered by time:  121
Number of commuting races:  3781
Number of harmful races:  155
Number of covered races:  2
Number of versions: 11
Inconsistent updates: 0
Done. Time elapsed: 1.42847895622 s
load_trace: 0.638710021973 s
detect_races: 0.269705057144 s
extract_traces_time: 0.036679983139 s
find_reactive_cmds_time: 0.00199294090271 s
find_proactive_cmds_time: 0.0148551464081 s
find_covered_races_time: 0.453372955322 s
per_packet_inconsistent_time: 0.0130729675293 s
find_inconsistent_update_time: -5.29289245605e-05 s
Read 930 events.
Added 880 events.
Total write operations: 44
Total read operations: 181
Processing 946 w/w combinations
Updating has_path path cache...
10% 
20% 
30% 
40% 
50% 
60% 
70% 
80% 
90% 
100% 
Processing 7964 r/w combinations
10% 
20% 
30% 
40% 
50% 
60% 
70% 
80% 
90% 
100% 
Updating has_path path cache...
+-------------------------------------------+
| Total operations:      225                |
| Total write operations: 44                |
| Total read operations:  181               |
+-------------------------------------------+
| Total commuting races: 3781               |
| Total harmful races:   181                |
| Total filtered races:  0                  |
| Total Time Filtered races:  97            |
| Total Time Edges:      97                 |
+-------------------------------------------+
Number of packet traces with races: 74
Number of packet inconsistencies:  71
Number of packet inconsistencies that are actually consistent (covered):  0
Number of packet inconsistencies the first race is already inconsistent:  3
Number of packet inconsistencies after trimming repeated races:  6
Number of packet inconsistent updates:  0
Number of races:  4059
Number of races filtered by time:  97
Number of commuting races:  3781
Number of harmful races:  178
Number of covered races:  3
Number of versions: 11
Inconsistent updates: 0
Done. Time elapsed: 1.31999111176 s
load_trace: 0.618818044662 s
detect_races: 0.251789093018 s
extract_traces_time: 0.0271348953247 s
find_reactive_cmds_time: 0.00114011764526 s
find_proactive_cmds_time: 0.013720035553 s
find_covered_races_time: 0.391942977905 s
per_packet_inconsistent_time: 0.0153470039368 s
find_inconsistent_update_time: -5.98430633545e-05 s
Read 930 events.
Added 880 events.
Total write operations: 44
Total read operations: 181
Processing 946 w/w combinations
Updating has_path path cache...
10% 
20% 
30% 
40% 
50% 
60% 
70% 
80% 
90% 
100% 
Processing 7964 r/w combinations
10% 
20% 
30% 
40% 
50% 
60% 
70% 
80% 
90% 
100% 
Updating has_path path cache...
+-------------------------------------------+
| Total operations:      225                |
| Total write operations: 44                |
| Total read operations:  181               |
+-------------------------------------------+
| Total commuting races: 3781               |
| Total harmful races:   188                |
| Total filtered races:  0                  |
| Total Time Filtered races:  90            |
| Total Time Edges:      90                 |
+-------------------------------------------+
Number of packet traces with races: 76
Number of packet inconsistencies:  74
Number of packet inconsistencies that are actually consistent (covered):  0
Number of packet inconsistencies the first race is already inconsistent:  2
Number of packet inconsistencies after trimming repeated races:  7
Number of packet inconsistent updates:  0
Number of races:  4059
Number of races filtered by time:  90
Number of commuting races:  3781
Number of harmful races:  183
Number of covered races:  5
Number of versions: 11
Inconsistent updates: 0
Done. Time elapsed: 1.2852499485 s
load_trace: 0.60914182663 s
detect_races: 0.248028993607 s
extract_traces_time: 0.0266580581665 s
find_reactive_cmds_time: 0.00117492675781 s
find_proactive_cmds_time: 0.0132911205292 s
find_covered_races_time: 0.367083072662 s
per_packet_inconsistent_time: 0.0197420120239 s
find_inconsistent_update_time: -8.08238983154e-05 s
Read 930 events.
Added 880 events.
Total write operations: 44
Total read operations: 181
Processing 946 w/w combinations
Updating has_path path cache...
10% 
20% 
30% 
40% 
50% 
60% 
70% 
80% 
90% 
100% 
Processing 7964 r/w combinations
10% 
20% 
30% 
40% 
50% 
60% 
70% 
80% 
90% 
100% 
Updating has_path path cache...
+-------------------------------------------+
| Total operations:      225                |
| Total write operations: 44                |
| Total read operations:  181               |
+-------------------------------------------+
| Total commuting races: 3781               |
| Total harmful races:   194                |
| Total filtered races:  0                  |
| Total Time Filtered races:  84            |
| Total Time Edges:      84                 |
+-------------------------------------------+
Number of packet traces with races: 76
Number of packet inconsistencies:  74
Number of packet inconsistencies that are actually consistent (covered):  0
Number of packet inconsistencies the first race is already inconsistent:  2
Number of packet inconsistencies after trimming repeated races:  8
Number of packet inconsistent updates:  0
Number of races:  4059
Number of races filtered by time:  84
Number of commuting races:  3781
Number of harmful races:  187
Number of covered races:  7
Number of versions: 11
Inconsistent updates: 0
Done. Time elapsed: 1.32799696922 s
load_trace: 0.634104967117 s
detect_races: 0.253300905228 s
extract_traces_time: 0.0252890586853 s
find_reactive_cmds_time: 0.00117206573486 s
find_proactive_cmds_time: 0.0135297775269 s
find_covered_races_time: 0.381217002869 s
per_packet_inconsistent_time: 0.0192320346832 s
find_inconsistent_update_time: -0.000101089477539 s
