Read 886 events.
Added 865 events.
Total write operations: 76
Total read operations: 183
Processing 2850 w/w combinations
Updating has_path path cache...
10% 
20% 
30% 
40% 
50% 
60% 
70% 
80% 
90% 
100% 
Processing 13908 r/w combinations
10% 
20% 
30% 
40% 
50% 
60% 
70% 
80% 
90% 
100% 
Updating has_path path cache...
+-------------------------------------------+
| Total operations:      259                |
| Total write operations: 76                |
| Total read operations:  183               |
+-------------------------------------------+
| Total commuting races: 5032               |
| Total harmful races:   288                |
| Total filtered races:  0                  |
| Total Time Filtered races:  0             |
| Total Time Edges:      0                  |
+-------------------------------------------+
Number of packet traces with races: 65
Number of packet inconsistencies:  48
Number of packet inconsistencies that are actually consistent (covered):  4
Number of packet inconsistencies the first race is already inconsistent:  13
Number of packet inconsistencies after trimming repeated races:  32
Number of packet inconsistent updates:  0
Number of races:  5320
Number of races filtered by time:  0
Number of commuting races:  5032
Number of harmful races:  198
Number of covered races:  90
Number of versions: 81
Inconsistent updates: 0
Done. Time elapsed: 2.63907194138 s
load_trace: 2.04713106155 s
detect_races: 0.369781017303 s
extract_traces_time: 0.0267310142517 s
find_reactive_cmds_time: 0.00187277793884 s
find_proactive_cmds_time: 0.0849061012268 s
find_covered_races_time: 0.0711019039154 s
per_packet_inconsistent_time: 0.0373191833496 s
find_inconsistent_update_time: -0.000154972076416 s
Read 886 events.
Added 865 events.
Total write operations: 76
Total read operations: 183
Processing 2850 w/w combinations
Updating has_path path cache...
10% 
20% 
30% 
40% 
50% 
60% 
70% 
80% 
90% 
100% 
Processing 13908 r/w combinations
10% 
20% 
30% 
40% 
50% 
60% 
70% 
80% 
90% 
100% 
Updating has_path path cache...
+-------------------------------------------+
| Total operations:      259                |
| Total write operations: 76                |
| Total read operations:  183               |
+-------------------------------------------+
| Total commuting races: 5032               |
| Total harmful races:   0                  |
| Total filtered races:  0                  |
| Total Time Filtered races:  288           |
| Total Time Edges:      288                |
+-------------------------------------------+
Number of packet traces with races: 0
Number of packet inconsistencies:  0
Number of packet inconsistencies that are actually consistent (covered):  0
Number of packet inconsistencies the first race is already inconsistent:  0
Number of packet inconsistencies after trimming repeated races:  0
Number of packet inconsistent updates:  0
Number of races:  5320
Number of races filtered by time:  288
Number of commuting races:  5032
Number of harmful races:  0
Number of covered races:  0
Number of versions: 81
Inconsistent updates: 0
Done. Time elapsed: 2.58633303642 s
load_trace: 2.06255292892 s
detect_races: 0.38454413414 s
extract_traces_time: 0.0383169651031 s
find_reactive_cmds_time: 0.00231885910034 s
find_proactive_cmds_time: 0.0817151069641 s
find_covered_races_time: 0.0161170959473 s
per_packet_inconsistent_time: 0.000704765319824 s
find_inconsistent_update_time: -2.62260437012e-05 s
Read 886 events.
Added 865 events.
Total write operations: 76
Total read operations: 183
Processing 2850 w/w combinations
Updating has_path path cache...
10% 
20% 
30% 
40% 
50% 
60% 
70% 
80% 
90% 
100% 
Processing 13908 r/w combinations
10% 
20% 
30% 
40% 
50% 
60% 
70% 
80% 
90% 
100% 
Updating has_path path cache...
+-------------------------------------------+
| Total operations:      259                |
| Total write operations: 76                |
| Total read operations:  183               |
+-------------------------------------------+
| Total commuting races: 5032               |
| Total harmful races:   25                 |
| Total filtered races:  0                  |
| Total Time Filtered races:  263           |
| Total Time Edges:      263                |
+-------------------------------------------+
Number of packet traces with races: 11
Number of packet inconsistencies:  9
Number of packet inconsistencies that are actually consistent (covered):  0
Number of packet inconsistencies the first race is already inconsistent:  2
Number of packet inconsistencies after trimming repeated races:  9
Number of packet inconsistent updates:  0
Number of races:  5320
Number of races filtered by time:  263
Number of commuting races:  5032
Number of harmful races:  25
Number of covered races:  0
Number of versions: 81
Inconsistent updates: 0
Done. Time elapsed: 2.58113908768 s
load_trace: 2.05294299126 s
detect_races: 0.380383968353 s
extract_traces_time: 0.0361330509186 s
find_reactive_cmds_time: 0.0021231174469 s
find_proactive_cmds_time: 0.0810468196869 s
find_covered_races_time: 0.0242810249329 s
per_packet_inconsistent_time: 0.00414419174194 s
find_inconsistent_update_time: -3.60012054443e-05 s
Read 886 events.
Added 865 events.
Total write operations: 76
Total read operations: 183
Processing 2850 w/w combinations
Updating has_path path cache...
10% 
20% 
30% 
40% 
50% 
60% 
70% 
80% 
90% 
100% 
Processing 13908 r/w combinations
10% 
20% 
30% 
40% 
50% 
60% 
70% 
80% 
90% 
100% 
Updating has_path path cache...
+-------------------------------------------+
| Total operations:      259                |
| Total write operations: 76                |
| Total read operations:  183               |
+-------------------------------------------+
| Total commuting races: 5032               |
| Total harmful races:   49                 |
| Total filtered races:  0                  |
| Total Time Filtered races:  239           |
| Total Time Edges:      239                |
+-------------------------------------------+
Number of packet traces with races: 22
Number of packet inconsistencies:  13
Number of packet inconsistencies that are actually consistent (covered):  0
Number of packet inconsistencies the first race is already inconsistent:  9
Number of packet inconsistencies after trimming repeated races:  13
Number of packet inconsistent updates:  0
Number of races:  5320
Number of races filtered by time:  239
Number of commuting races:  5032
Number of harmful races:  49
Number of covered races:  0
Number of versions: 81
Inconsistent updates: 0
Done. Time elapsed: 2.53658485413 s
load_trace: 2.01102900505 s
detect_races: 0.373846054077 s
extract_traces_time: 0.0343029499054 s
find_reactive_cmds_time: 0.00256896018982 s
find_proactive_cmds_time: 0.0798149108887 s
find_covered_races_time: 0.0279309749603 s
per_packet_inconsistent_time: 0.00697302818298 s
find_inconsistent_update_time: -6.69956207275e-05 s
Read 886 events.
Added 865 events.
Total write operations: 76
Total read operations: 183
Processing 2850 w/w combinations
Updating has_path path cache...
10% 
20% 
30% 
40% 
50% 
60% 
70% 
80% 
90% 
100% 
Processing 13908 r/w combinations
10% 
20% 
30% 
40% 
50% 
60% 
70% 
80% 
90% 
100% 
Updating has_path path cache...
+-------------------------------------------+
| Total operations:      259                |
| Total write operations: 76                |
| Total read operations:  183               |
+-------------------------------------------+
| Total commuting races: 5032               |
| Total harmful races:   67                 |
| Total filtered races:  0                  |
| Total Time Filtered races:  221           |
| Total Time Edges:      221                |
+-------------------------------------------+
Number of packet traces with races: 29
Number of packet inconsistencies:  17
Number of packet inconsistencies that are actually consistent (covered):  0
Number of packet inconsistencies the first race is already inconsistent:  12
Number of packet inconsistencies after trimming repeated races:  17
Number of packet inconsistent updates:  0
Number of races:  5320
Number of races filtered by time:  221
Number of commuting races:  5032
Number of harmful races:  67
Number of covered races:  0
Number of versions: 81
Inconsistent updates: 0
Done. Time elapsed: 2.52122592926 s
load_trace: 1.99253106117 s
detect_races: 0.372685909271 s
extract_traces_time: 0.0350041389465 s
find_reactive_cmds_time: 0.00202989578247 s
find_proactive_cmds_time: 0.078761100769 s
find_covered_races_time: 0.0309569835663 s
per_packet_inconsistent_time: 0.00915288925171 s
find_inconsistent_update_time: -5.41210174561e-05 s
Read 886 events.
Added 865 events.
Total write operations: 76
Total read operations: 183
Processing 2850 w/w combinations
Updating has_path path cache...
10% 
20% 
30% 
40% 
50% 
60% 
70% 
80% 
90% 
100% 
Processing 13908 r/w combinations
10% 
20% 
30% 
40% 
50% 
60% 
70% 
80% 
90% 
100% 
Updating has_path path cache...
+-------------------------------------------+
| Total operations:      259                |
| Total write operations: 76                |
| Total read operations:  183               |
+-------------------------------------------+
| Total commuting races: 5032               |
| Total harmful races:   87                 |
| Total filtered races:  0                  |
| Total Time Filtered races:  201           |
| Total Time Edges:      201                |
+-------------------------------------------+
Number of packet traces with races: 35
Number of packet inconsistencies:  22
Number of packet inconsistencies that are actually consistent (covered):  0
Number of packet inconsistencies the first race is already inconsistent:  13
Number of packet inconsistencies after trimming repeated races:  19
Number of packet inconsistent updates:  0
Number of races:  5320
Number of races filtered by time:  201
Number of commuting races:  5032
Number of harmful races:  87
Number of covered races:  0
Number of versions: 81
Inconsistent updates: 0
Done. Time elapsed: 2.56685209274 s
load_trace: 2.00673007965 s
detect_races: 0.390669822693 s
extract_traces_time: 0.0355350971222 s
find_reactive_cmds_time: 0.0020740032196 s
find_proactive_cmds_time: 0.0834610462189 s
find_covered_races_time: 0.0354790687561 s
per_packet_inconsistent_time: 0.0127949714661 s
find_inconsistent_update_time: -6.19888305664e-05 s
Read 886 events.
Added 865 events.
Total write operations: 76
Total read operations: 183
Processing 2850 w/w combinations
Updating has_path path cache...
10% 
20% 
30% 
40% 
50% 
60% 
70% 
80% 
90% 
100% 
Processing 13908 r/w combinations
10% 
20% 
30% 
40% 
50% 
60% 
70% 
80% 
90% 
100% 
Updating has_path path cache...
+-------------------------------------------+
| Total operations:      259                |
| Total write operations: 76                |
| Total read operations:  183               |
+-------------------------------------------+
| Total commuting races: 5032               |
| Total harmful races:   100                |
| Total filtered races:  0                  |
| Total Time Filtered races:  188           |
| Total Time Edges:      188                |
+-------------------------------------------+
Number of packet traces with races: 38
Number of packet inconsistencies:  27
Number of packet inconsistencies that are actually consistent (covered):  0
Number of packet inconsistencies the first race is already inconsistent:  11
Number of packet inconsistencies after trimming repeated races:  22
Number of packet inconsistent updates:  0
Number of races:  5320
Number of races filtered by time:  188
Number of commuting races:  5032
Number of harmful races:  99
Number of covered races:  1
Number of versions: 81
Inconsistent updates: 0
Done. Time elapsed: 2.81137681007 s
load_trace: 2.21170783043 s
detect_races: 0.422273159027 s
extract_traces_time: 0.0357308387756 s
find_reactive_cmds_time: 0.0022280216217 s
find_proactive_cmds_time: 0.0877749919891 s
find_covered_races_time: 0.0368020534515 s
per_packet_inconsistent_time: 0.0147359371185 s
find_inconsistent_update_time: -7.00950622559e-05 s
Read 886 events.
Added 865 events.
Total write operations: 76
Total read operations: 183
Processing 2850 w/w combinations
Updating has_path path cache...
10% 
20% 
30% 
40% 
50% 
60% 
70% 
80% 
90% 
100% 
Processing 13908 r/w combinations
10% 
20% 
30% 
40% 
50% 
60% 
70% 
80% 
90% 
100% 
Updating has_path path cache...
+-------------------------------------------+
| Total operations:      259                |
| Total write operations: 76                |
| Total read operations:  183               |
+-------------------------------------------+
| Total commuting races: 5032               |
| Total harmful races:   125                |
| Total filtered races:  0                  |
| Total Time Filtered races:  163           |
| Total Time Edges:      163                |
+-------------------------------------------+
Number of packet traces with races: 43
Number of packet inconsistencies:  31
Number of packet inconsistencies that are actually consistent (covered):  0
Number of packet inconsistencies the first race is already inconsistent:  12
Number of packet inconsistencies after trimming repeated races:  26
Number of packet inconsistent updates:  0
Number of races:  5320
Number of races filtered by time:  163
Number of commuting races:  5032
Number of harmful races:  120
Number of covered races:  5
Number of versions: 81
Inconsistent updates: 0
Done. Time elapsed: 2.70377588272 s
load_trace: 2.1348400116 s
detect_races: 0.381007909775 s
extract_traces_time: 0.0341970920563 s
find_reactive_cmds_time: 0.00218200683594 s
find_proactive_cmds_time: 0.0886960029602 s
find_covered_races_time: 0.0452170372009 s
per_packet_inconsistent_time: 0.0175008773804 s
find_inconsistent_update_time: -8.01086425781e-05 s
Read 886 events.
Added 865 events.
Total write operations: 76
Total read operations: 183
Processing 2850 w/w combinations
Updating has_path path cache...
10% 
20% 
30% 
40% 
50% 
60% 
70% 
80% 
90% 
100% 
Processing 13908 r/w combinations
10% 
20% 
30% 
40% 
50% 
60% 
70% 
80% 
90% 
100% 
Updating has_path path cache...
+-------------------------------------------+
| Total operations:      259                |
| Total write operations: 76                |
| Total read operations:  183               |
+-------------------------------------------+
| Total commuting races: 5032               |
| Total harmful races:   131                |
| Total filtered races:  0                  |
| Total Time Filtered races:  157           |
| Total Time Edges:      157                |
+-------------------------------------------+
Number of packet traces with races: 44
Number of packet inconsistencies:  32
Number of packet inconsistencies that are actually consistent (covered):  0
Number of packet inconsistencies the first race is already inconsistent:  12
Number of packet inconsistencies after trimming repeated races:  27
Number of packet inconsistent updates:  0
Number of races:  5320
Number of races filtered by time:  157
Number of commuting races:  5032
Number of harmful races:  123
Number of covered races:  8
Number of versions: 81
Inconsistent updates: 0
Done. Time elapsed: 2.71058702469 s
load_trace: 2.15405511856 s
detect_races: 0.375004053116 s
extract_traces_time: 0.0321378707886 s
find_reactive_cmds_time: 0.00315809249878 s
find_proactive_cmds_time: 0.0861129760742 s
find_covered_races_time: 0.0426819324493 s
per_packet_inconsistent_time: 0.01731300354 s
find_inconsistent_update_time: -7.5101852417e-05 s
Read 886 events.
Added 865 events.
Total write operations: 76
Total read operations: 183
Processing 2850 w/w combinations
Updating has_path path cache...
10% 
20% 
30% 
40% 
50% 
60% 
70% 
80% 
90% 
100% 
Processing 13908 r/w combinations
10% 
20% 
30% 
40% 
50% 
60% 
70% 
80% 
90% 
100% 
Updating has_path path cache...
+-------------------------------------------+
| Total operations:      259                |
| Total write operations: 76                |
| Total read operations:  183               |
+-------------------------------------------+
| Total commuting races: 5032               |
| Total harmful races:   145                |
| Total filtered races:  0                  |
| Total Time Filtered races:  143           |
| Total Time Edges:      143                |
+-------------------------------------------+
Number of packet traces with races: 47
Number of packet inconsistencies:  34
Number of packet inconsistencies that are actually consistent (covered):  0
Number of packet inconsistencies the first race is already inconsistent:  13
Number of packet inconsistencies after trimming repeated races:  28
Number of packet inconsistent updates:  0
Number of races:  5320
Number of races filtered by time:  143
Number of commuting races:  5032
Number of harmful races:  133
Number of covered races:  12
Number of versions: 81
Inconsistent updates: 0
Done. Time elapsed: 2.57088685036 s
load_trace: 2.00310397148 s
detect_races: 0.390986919403 s
extract_traces_time: 0.0292749404907 s
find_reactive_cmds_time: 0.00192809104919 s
find_proactive_cmds_time: 0.0769000053406 s
find_covered_races_time: 0.0486218929291 s
per_packet_inconsistent_time: 0.0199391841888 s
find_inconsistent_update_time: -8.29696655273e-05 s
Read 886 events.
Added 865 events.
Total write operations: 76
Total read operations: 183
Processing 2850 w/w combinations
Updating has_path path cache...
10% 
20% 
30% 
40% 
50% 
60% 
70% 
80% 
90% 
100% 
Processing 13908 r/w combinations
10% 
20% 
30% 
40% 
50% 
60% 
70% 
80% 
90% 
100% 
Updating has_path path cache...
+-------------------------------------------+
| Total operations:      259                |
| Total write operations: 76                |
| Total read operations:  183               |
+-------------------------------------------+
| Total commuting races: 5032               |
| Total harmful races:   150                |
| Total filtered races:  0                  |
| Total Time Filtered races:  138           |
| Total Time Edges:      138                |
+-------------------------------------------+
Number of packet traces with races: 48
Number of packet inconsistencies:  36
Number of packet inconsistencies that are actually consistent (covered):  0
Number of packet inconsistencies the first race is already inconsistent:  12
Number of packet inconsistencies after trimming repeated races:  29
Number of packet inconsistent updates:  0
Number of races:  5320
Number of races filtered by time:  138
Number of commuting races:  5032
Number of harmful races:  138
Number of covered races:  12
Number of versions: 81
Inconsistent updates: 0
Done. Time elapsed: 2.73619198799 s
load_trace: 2.15654397011 s
detect_races: 0.3847219944 s
extract_traces_time: 0.0451331138611 s
find_reactive_cmds_time: 0.00195288658142 s
find_proactive_cmds_time: 0.0820910930634 s
find_covered_races_time: 0.0462620258331 s
per_packet_inconsistent_time: 0.0193469524384 s
find_inconsistent_update_time: -8.98838043213e-05 s
Read 886 events.
Added 865 events.
Total write operations: 76
Total read operations: 183
Processing 2850 w/w combinations
Updating has_path path cache...
10% 
20% 
30% 
40% 
50% 
60% 
70% 
80% 
90% 
100% 
Processing 13908 r/w combinations
10% 
20% 
30% 
40% 
50% 
60% 
70% 
80% 
90% 
100% 
Updating has_path path cache...
+-------------------------------------------+
| Total operations:      259                |
| Total write operations: 76                |
| Total read operations:  183               |
+-------------------------------------------+
| Total commuting races: 5032               |
| Total harmful races:   163                |
| Total filtered races:  0                  |
| Total Time Filtered races:  125           |
| Total Time Edges:      125                |
+-------------------------------------------+
Number of packet traces with races: 50
Number of packet inconsistencies:  37
Number of packet inconsistencies that are actually consistent (covered):  0
Number of packet inconsistencies the first race is already inconsistent:  13
Number of packet inconsistencies after trimming repeated races:  31
Number of packet inconsistent updates:  0
Number of races:  5320
Number of races filtered by time:  125
Number of commuting races:  5032
Number of harmful races:  143
Number of covered races:  20
Number of versions: 81
Inconsistent updates: 0
Done. Time elapsed: 2.55193996429 s
load_trace: 2.00800299644 s
detect_races: 0.36171913147 s
extract_traces_time: 0.029531955719 s
find_reactive_cmds_time: 0.00197792053223 s
find_proactive_cmds_time: 0.0823481082916 s
find_covered_races_time: 0.0469329357147 s
per_packet_inconsistent_time: 0.0212829113007 s
find_inconsistent_update_time: -9.20295715332e-05 s
