Read 5093 events.
Added 5063 events.
Total write operations: 34
Total read operations: 1704
Processing 561 w/w combinations
Updating has_path path cache...
10% 
20% 
30% 
40% 
50% 
60% 
70% 
80% 
90% 
100% 
Processing 57936 r/w combinations
10% 
20% 
30% 
40% 
50% 
60% 
70% 
80% 
90% 
100% 
Updating has_path path cache...
+-------------------------------------------+
| Total operations:      1738               |
| Total write operations: 34                |
| Total read operations:  1704              |
+-------------------------------------------+
| Total commuting races: 10399              |
| Total harmful races:   3463               |
| Total filtered races:  0                  |
| Total Time Filtered races:  0             |
| Total Time Edges:      0                  |
+-------------------------------------------+
Number of packet traces with races: 785
Number of packet inconsistencies:  422
Number of packet inconsistencies that are actually consistent (covered):  363
Number of packet inconsistencies the first race is already inconsistent:  0
Number of packet inconsistencies after trimming repeated races:  18
Number of packet inconsistent updates:  2
Number of races:  13862
Number of races filtered by time:  0
Number of commuting races:  10399
Number of harmful races:  1715
Number of covered races:  1748
Number of versions: 2
Inconsistent updates: 1
Done. Time elapsed: 33.3284409046 s
load_trace: 7.5916159153 s
detect_races: 1.19221496582 s
extract_traces_time: 0.461032152176 s
find_reactive_cmds_time: 5.79357147217e-05 s
find_proactive_cmds_time: 0.110133886337 s
find_covered_races_time: 19.5687131882 s
per_packet_inconsistent_time: 4.40298986435 s
find_inconsistent_update_time: -0.00163006782532 s
Read 5093 events.
Added 5063 events.
Total write operations: 34
Total read operations: 1704
Processing 561 w/w combinations
Updating has_path path cache...
10% 
20% 
30% 
40% 
50% 
60% 
70% 
80% 
90% 
100% 
Processing 57936 r/w combinations
10% 
20% 
30% 
40% 
50% 
60% 
70% 
80% 
90% 
100% 
Updating has_path path cache...
+-------------------------------------------+
| Total operations:      1738               |
| Total write operations: 34                |
| Total read operations:  1704              |
+-------------------------------------------+
| Total commuting races: 10399              |
| Total harmful races:   0                  |
| Total filtered races:  0                  |
| Total Time Filtered races:  3463          |
| Total Time Edges:      3463               |
+-------------------------------------------+
Number of packet traces with races: 0
Number of packet inconsistencies:  0
Number of packet inconsistencies that are actually consistent (covered):  0
Number of packet inconsistencies the first race is already inconsistent:  0
Number of packet inconsistencies after trimming repeated races:  0
Number of packet inconsistent updates:  0
Number of races:  13862
Number of races filtered by time:  3463
Number of commuting races:  10399
Number of harmful races:  0
Number of covered races:  0
Number of versions: 2
Inconsistent updates: 0
Done. Time elapsed: 17.8486909866 s
load_trace: 7.31355786324 s
detect_races: 1.74657511711 s
extract_traces_time: 1.26582098007 s
find_reactive_cmds_time: 4.88758087158e-05 s
find_proactive_cmds_time: 0.111656188965 s
find_covered_races_time: 7.40499782562 s
per_packet_inconsistent_time: 0.00596213340759 s
find_inconsistent_update_time: -1.69277191162e-05 s
Read 5093 events.
Added 5063 events.
Total write operations: 34
Total read operations: 1704
Processing 561 w/w combinations
Updating has_path path cache...
10% 
20% 
30% 
40% 
50% 
60% 
70% 
80% 
90% 
100% 
Processing 57936 r/w combinations
10% 
20% 
30% 
40% 
50% 
60% 
70% 
80% 
90% 
100% 
Updating has_path path cache...
+-------------------------------------------+
| Total operations:      1738               |
| Total write operations: 34                |
| Total read operations:  1704              |
+-------------------------------------------+
| Total commuting races: 10399              |
| Total harmful races:   12                 |
| Total filtered races:  0                  |
| Total Time Filtered races:  3451          |
| Total Time Edges:      3451               |
+-------------------------------------------+
Number of packet traces with races: 11
Number of packet inconsistencies:  0
Number of packet inconsistencies that are actually consistent (covered):  1
Number of packet inconsistencies the first race is already inconsistent:  10
Number of packet inconsistencies after trimming repeated races:  0
Number of packet inconsistent updates:  0
Number of races:  13862
Number of races filtered by time:  3451
Number of commuting races:  10399
Number of harmful races:  11
Number of covered races:  1
Number of versions: 2
Inconsistent updates: 0
Done. Time elapsed: 18.742166996 s
load_trace: 6.99878621101 s
detect_races: 2.01437187195 s
extract_traces_time: 1.11732912064 s
find_reactive_cmds_time: 5.10215759277e-05 s
find_proactive_cmds_time: 0.0960609912872 s
find_covered_races_time: 8.49943900108 s
per_packet_inconsistent_time: 0.0160598754883 s
find_inconsistent_update_time: -2.00271606445e-05 s
Read 5093 events.
Added 5063 events.
Total write operations: 34
Total read operations: 1704
Processing 561 w/w combinations
Updating has_path path cache...
10% 
20% 
30% 
40% 
50% 
60% 
70% 
80% 
90% 
100% 
Processing 57936 r/w combinations
10% 
20% 
30% 
40% 
50% 
60% 
70% 
80% 
90% 
100% 
Updating has_path path cache...
+-------------------------------------------+
| Total operations:      1738               |
| Total write operations: 34                |
| Total read operations:  1704              |
+-------------------------------------------+
| Total commuting races: 10399              |
| Total harmful races:   21                 |
| Total filtered races:  0                  |
| Total Time Filtered races:  3442          |
| Total Time Edges:      3442               |
+-------------------------------------------+
Number of packet traces with races: 20
Number of packet inconsistencies:  0
Number of packet inconsistencies that are actually consistent (covered):  1
Number of packet inconsistencies the first race is already inconsistent:  19
Number of packet inconsistencies after trimming repeated races:  0
Number of packet inconsistent updates:  0
Number of races:  13862
Number of races filtered by time:  3442
Number of commuting races:  10399
Number of harmful races:  20
Number of covered races:  1
Number of versions: 2
Inconsistent updates: 0
Done. Time elapsed: 18.4007980824 s
load_trace: 7.31102991104 s
detect_races: 1.66687893867 s
extract_traces_time: 0.664068222046 s
find_reactive_cmds_time: 4.57763671875e-05 s
find_proactive_cmds_time: 0.411337137222 s
find_covered_races_time: 8.32556295395 s
per_packet_inconsistent_time: 0.0218000411987 s
find_inconsistent_update_time: -2.69412994385e-05 s
Read 5093 events.
Added 5063 events.
Total write operations: 34
Total read operations: 1704
Processing 561 w/w combinations
Updating has_path path cache...
10% 
20% 
30% 
40% 
50% 
60% 
70% 
80% 
90% 
100% 
Processing 57936 r/w combinations
10% 
20% 
30% 
40% 
50% 
60% 
70% 
80% 
90% 
100% 
Updating has_path path cache...
+-------------------------------------------+
| Total operations:      1738               |
| Total write operations: 34                |
| Total read operations:  1704              |
+-------------------------------------------+
| Total commuting races: 10399              |
| Total harmful races:   98                 |
| Total filtered races:  0                  |
| Total Time Filtered races:  3365          |
| Total Time Edges:      3365               |
+-------------------------------------------+
Number of packet traces with races: 51
Number of packet inconsistencies:  8
Number of packet inconsistencies that are actually consistent (covered):  11
Number of packet inconsistencies the first race is already inconsistent:  32
Number of packet inconsistencies after trimming repeated races:  7
Number of packet inconsistent updates:  0
Number of races:  13862
Number of races filtered by time:  3365
Number of commuting races:  10399
Number of harmful races:  66
Number of covered races:  32
Number of versions: 2
Inconsistent updates: 0
Done. Time elapsed: 18.2232689857 s
load_trace: 6.79681491852 s
detect_races: 1.61045098305 s
extract_traces_time: 0.560873031616 s
find_reactive_cmds_time: 4.50611114502e-05 s
find_proactive_cmds_time: 0.0938968658447 s
find_covered_races_time: 9.08730196953 s
per_packet_inconsistent_time: 0.0738861560822 s
find_inconsistent_update_time: 0.0 s
Read 5093 events.
Added 5063 events.
Total write operations: 34
Total read operations: 1704
Processing 561 w/w combinations
Updating has_path path cache...
10% 
20% 
30% 
40% 
50% 
60% 
70% 
80% 
90% 
100% 
Processing 57936 r/w combinations
10% 
20% 
30% 
40% 
50% 
60% 
70% 
80% 
90% 
100% 
Updating has_path path cache...
+-------------------------------------------+
| Total operations:      1738               |
| Total write operations: 34                |
| Total read operations:  1704              |
+-------------------------------------------+
| Total commuting races: 10399              |
| Total harmful races:   199                |
| Total filtered races:  0                  |
| Total Time Filtered races:  3264          |
| Total Time Edges:      3264               |
+-------------------------------------------+
Number of packet traces with races: 83
Number of packet inconsistencies:  18
Number of packet inconsistencies that are actually consistent (covered):  27
Number of packet inconsistencies the first race is already inconsistent:  38
Number of packet inconsistencies after trimming repeated races:  11
Number of packet inconsistent updates:  0
Number of races:  13862
Number of races filtered by time:  3264
Number of commuting races:  10399
Number of harmful races:  120
Number of covered races:  79
Number of versions: 2
Inconsistent updates: 0
Done. Time elapsed: 18.3112039566 s
load_trace: 6.85144686699 s
detect_races: 1.57416319847 s
extract_traces_time: 0.547637939453 s
find_reactive_cmds_time: 0.0 s
find_proactive_cmds_time: 0.0872960090637 s
find_covered_races_time: 9.0874710083 s
per_packet_inconsistent_time: 0.163032054901 s
find_inconsistent_update_time: -0.000105857849121 s
Read 5093 events.
Added 5063 events.
Total write operations: 34
Total read operations: 1704
Processing 561 w/w combinations
Updating has_path path cache...
10% 
20% 
30% 
40% 
50% 
60% 
70% 
80% 
90% 
100% 
Processing 57936 r/w combinations
10% 
20% 
30% 
40% 
50% 
60% 
70% 
80% 
90% 
100% 
Updating has_path path cache...
+-------------------------------------------+
| Total operations:      1738               |
| Total write operations: 34                |
| Total read operations:  1704              |
+-------------------------------------------+
| Total commuting races: 10399              |
| Total harmful races:   308                |
| Total filtered races:  0                  |
| Total Time Filtered races:  3155          |
| Total Time Edges:      3155               |
+-------------------------------------------+
Number of packet traces with races: 117
Number of packet inconsistencies:  31
Number of packet inconsistencies that are actually consistent (covered):  43
Number of packet inconsistencies the first race is already inconsistent:  43
Number of packet inconsistencies after trimming repeated races:  13
Number of packet inconsistent updates:  0
Number of races:  13862
Number of races filtered by time:  3155
Number of commuting races:  10399
Number of harmful races:  179
Number of covered races:  129
Number of versions: 2
Inconsistent updates: 0
Done. Time elapsed: 19.067761898 s
load_trace: 6.82423090935 s
detect_races: 1.55069208145 s
extract_traces_time: 0.501662969589 s
find_reactive_cmds_time: 4.6968460083e-05 s
find_proactive_cmds_time: 0.0827829837799 s
find_covered_races_time: 9.83706188202 s
per_packet_inconsistent_time: 0.271099090576 s
find_inconsistent_update_time: -0.000135898590088 s
Read 5093 events.
Added 5063 events.
Total write operations: 34
Total read operations: 1704
Processing 561 w/w combinations
Updating has_path path cache...
10% 
20% 
30% 
40% 
50% 
60% 
70% 
80% 
90% 
100% 
Processing 57936 r/w combinations
10% 
20% 
30% 
40% 
50% 
60% 
70% 
80% 
90% 
100% 
Updating has_path path cache...
+-------------------------------------------+
| Total operations:      1738               |
| Total write operations: 34                |
| Total read operations:  1704              |
+-------------------------------------------+
| Total commuting races: 10399              |
| Total harmful races:   468                |
| Total filtered races:  0                  |
| Total Time Filtered races:  2995          |
| Total Time Edges:      2995               |
+-------------------------------------------+
Number of packet traces with races: 157
Number of packet inconsistencies:  53
Number of packet inconsistencies that are actually consistent (covered):  59
Number of packet inconsistencies the first race is already inconsistent:  45
Number of packet inconsistencies after trimming repeated races:  19
Number of packet inconsistent updates:  0
Number of races:  13862
Number of races filtered by time:  2995
Number of commuting races:  10399
Number of harmful races:  264
Number of covered races:  204
Number of versions: 2
Inconsistent updates: 0
Done. Time elapsed: 20.0962297916 s
load_trace: 6.85460782051 s
detect_races: 1.53852915764 s
extract_traces_time: 0.484892845154 s
find_reactive_cmds_time: 4.81605529785e-05 s
find_proactive_cmds_time: 0.0962200164795 s
find_covered_races_time: 10.6777257919 s
per_packet_inconsistent_time: 0.44370508194 s
find_inconsistent_update_time: -0.000440120697021 s
Read 5093 events.
Added 5063 events.
Total write operations: 34
Total read operations: 1704
Processing 561 w/w combinations
Updating has_path path cache...
10% 
20% 
30% 
40% 
50% 
60% 
70% 
80% 
90% 
100% 
Processing 57936 r/w combinations
10% 
20% 
30% 
40% 
50% 
60% 
70% 
80% 
90% 
100% 
Updating has_path path cache...
+-------------------------------------------+
| Total operations:      1738               |
| Total write operations: 34                |
| Total read operations:  1704              |
+-------------------------------------------+
| Total commuting races: 10399              |
| Total harmful races:   613                |
| Total filtered races:  0                  |
| Total Time Filtered races:  2850          |
| Total Time Edges:      2850               |
+-------------------------------------------+
Number of packet traces with races: 194
Number of packet inconsistencies:  69
Number of packet inconsistencies that are actually consistent (covered):  76
Number of packet inconsistencies the first race is already inconsistent:  49
Number of packet inconsistencies after trimming repeated races:  20
Number of packet inconsistent updates:  0
Number of races:  13862
Number of races filtered by time:  2850
Number of commuting races:  10399
Number of harmful races:  340
Number of covered races:  273
Number of versions: 2
Inconsistent updates: 0
Done. Time elapsed: 20.0205171108 s
load_trace: 6.95619010925 s
detect_races: 1.54043698311 s
extract_traces_time: 0.442049026489 s
find_reactive_cmds_time: 4.6968460083e-05 s
find_proactive_cmds_time: 0.0993258953094 s
find_covered_races_time: 10.3954780102 s
per_packet_inconsistent_time: 0.586706161499 s
find_inconsistent_update_time: -0.000232934951782 s
Read 5093 events.
Added 5063 events.
Total write operations: 34
Total read operations: 1704
Processing 561 w/w combinations
Updating has_path path cache...
10% 
20% 
30% 
40% 
50% 
60% 
70% 
80% 
90% 
100% 
Processing 57936 r/w combinations
10% 
20% 
30% 
40% 
50% 
60% 
70% 
80% 
90% 
100% 
Updating has_path path cache...
+-------------------------------------------+
| Total operations:      1738               |
| Total write operations: 34                |
| Total read operations:  1704              |
+-------------------------------------------+
| Total commuting races: 10399              |
| Total harmful races:   752                |
| Total filtered races:  0                  |
| Total Time Filtered races:  2711          |
| Total Time Edges:      2711               |
+-------------------------------------------+
Number of packet traces with races: 230
Number of packet inconsistencies:  84
Number of packet inconsistencies that are actually consistent (covered):  95
Number of packet inconsistencies the first race is already inconsistent:  51
Number of packet inconsistencies after trimming repeated races:  16
Number of packet inconsistent updates:  0
Number of races:  13862
Number of races filtered by time:  2711
Number of commuting races:  10399
Number of harmful races:  407
Number of covered races:  345
Number of versions: 2
Inconsistent updates: 0
Done. Time elapsed: 20.8392140865 s
load_trace: 6.80987501144 s
detect_races: 1.5645070076 s
extract_traces_time: 0.450082063675 s
find_reactive_cmds_time: 4.50611114502e-05 s
find_proactive_cmds_time: 0.0856938362122 s
find_covered_races_time: 11.1525042057 s
per_packet_inconsistent_time: 0.776115894318 s
find_inconsistent_update_time: -0.000338077545166 s
Read 5093 events.
Added 5063 events.
Total write operations: 34
Total read operations: 1704
Processing 561 w/w combinations
Updating has_path path cache...
10% 
20% 
30% 
40% 
50% 
60% 
70% 
80% 
90% 
100% 
Processing 57936 r/w combinations
10% 
20% 
30% 
40% 
50% 
60% 
70% 
80% 
90% 
100% 
Updating has_path path cache...
+-------------------------------------------+
| Total operations:      1738               |
| Total write operations: 34                |
| Total read operations:  1704              |
+-------------------------------------------+
| Total commuting races: 10399              |
| Total harmful races:   907                |
| Total filtered races:  0                  |
| Total Time Filtered races:  2556          |
| Total Time Edges:      2556               |
+-------------------------------------------+
Number of packet traces with races: 264
Number of packet inconsistencies:  104
Number of packet inconsistencies that are actually consistent (covered):  106
Number of packet inconsistencies the first race is already inconsistent:  54
Number of packet inconsistencies after trimming repeated races:  17
Number of packet inconsistent updates:  0
Number of races:  13862
Number of races filtered by time:  2556
Number of commuting races:  10399
Number of harmful races:  489
Number of covered races:  418
Number of versions: 2
Inconsistent updates: 0
Done. Time elapsed: 21.3463881016 s
load_trace: 7.0348200798 s
detect_races: 1.51966905594 s
extract_traces_time: 0.445333003998 s
find_reactive_cmds_time: 4.48226928711e-05 s
find_proactive_cmds_time: 0.0918200016022 s
find_covered_races_time: 11.2994852066 s
per_packet_inconsistent_time: 0.954741001129 s
find_inconsistent_update_time: -0.000417947769165 s
Read 5093 events.
Added 5063 events.
Total write operations: 34
Total read operations: 1704
Processing 561 w/w combinations
Updating has_path path cache...
10% 
20% 
30% 
40% 
50% 
60% 
70% 
80% 
90% 
100% 
Processing 57936 r/w combinations
10% 
20% 
30% 
40% 
50% 
60% 
70% 
80% 
90% 
100% 
Updating has_path path cache...
+-------------------------------------------+
| Total operations:      1738               |
| Total write operations: 34                |
| Total read operations:  1704              |
+-------------------------------------------+
| Total commuting races: 10399              |
| Total harmful races:   1028               |
| Total filtered races:  0                  |
| Total Time Filtered races:  2435          |
| Total Time Edges:      2435               |
+-------------------------------------------+
Number of packet traces with races: 293
Number of packet inconsistencies:  118
Number of packet inconsistencies that are actually consistent (covered):  121
Number of packet inconsistencies the first race is already inconsistent:  54
Number of packet inconsistencies after trimming repeated races:  19
Number of packet inconsistent updates:  0
Number of races:  13862
Number of races filtered by time:  2435
Number of commuting races:  10399
Number of harmful races:  552
Number of covered races:  476
Number of versions: 2
Inconsistent updates: 0
Done. Time elapsed: 21.6116359234 s
load_trace: 7.04632902145 s
detect_races: 1.54402089119 s
extract_traces_time: 0.432106018066 s
find_reactive_cmds_time: 4.50611114502e-05 s
find_proactive_cmds_time: 0.0971350669861 s
find_covered_races_time: 11.4459939003 s
per_packet_inconsistent_time: 1.04553413391 s
find_inconsistent_update_time: -0.000421047210693 s
