Read 2097 events.
Added 2067 events.
Total write operations: 32
Total read operations: 682
Processing 496 w/w combinations
Updating has_path path cache...
10% 
20% 
30% 
40% 
50% 
60% 
70% 
80% 
90% 
100% 
Processing 21824 r/w combinations
10% 
20% 
30% 
40% 
50% 
60% 
70% 
80% 
90% 
100% 
Updating has_path path cache...
+-------------------------------------------+
| Total operations:      714                |
| Total write operations: 32                |
| Total read operations:  682               |
+-------------------------------------------+
| Total commuting races: 3809               |
| Total harmful races:   1381               |
| Total filtered races:  0                  |
| Total Time Filtered races:  0             |
| Total Time Edges:      0                  |
+-------------------------------------------+
Number of packet traces with races: 315
Number of packet inconsistencies:  174
Number of packet inconsistencies that are actually consistent (covered):  141
Number of packet inconsistencies the first race is already inconsistent:  0
Number of packet inconsistencies after trimming repeated races:  16
Number of packet inconsistent updates:  0
Number of races:  5190
Number of races filtered by time:  0
Number of commuting races:  3809
Number of harmful races:  699
Number of covered races:  682
Number of versions: 1
Inconsistent updates: 0
Done. Time elapsed: 6.36799907684 s
load_trace: 2.80800008774 s
detect_races: 0.399998903275 s
extract_traces_time: 0.0680010318756 s
find_reactive_cmds_time: 0.0 s
find_proactive_cmds_time: 0.0920000076294 s
find_covered_races_time: 2.38399910927 s
per_packet_inconsistent_time: 0.615999937057 s
find_inconsistent_update_time: 0.0 s
Read 2097 events.
Added 2067 events.
Total write operations: 32
Total read operations: 682
Processing 496 w/w combinations
Updating has_path path cache...
10% 
20% 
30% 
40% 
50% 
60% 
70% 
80% 
90% 
100% 
Processing 21824 r/w combinations
10% 
20% 
30% 
40% 
50% 
60% 
70% 
80% 
90% 
100% 
Updating has_path path cache...
+-------------------------------------------+
| Total operations:      714                |
| Total write operations: 32                |
| Total read operations:  682               |
+-------------------------------------------+
| Total commuting races: 3809               |
| Total harmful races:   0                  |
| Total filtered races:  0                  |
| Total Time Filtered races:  1381          |
| Total Time Edges:      1381               |
+-------------------------------------------+
Number of packet traces with races: 0
Number of packet inconsistencies:  0
Number of packet inconsistencies that are actually consistent (covered):  0
Number of packet inconsistencies the first race is already inconsistent:  0
Number of packet inconsistencies after trimming repeated races:  0
Number of packet inconsistent updates:  0
Number of races:  5190
Number of races filtered by time:  1381
Number of commuting races:  3809
Number of harmful races:  0
Number of covered races:  0
Number of versions: 1
Inconsistent updates: 0
Done. Time elapsed: 4.40000009537 s
load_trace: 2.74400115013 s
detect_races: 0.503998994827 s
extract_traces_time: 0.0839998722076 s
find_reactive_cmds_time: 0.0 s
find_proactive_cmds_time: 0.0810930728912 s
find_covered_races_time: 0.982907056808 s
per_packet_inconsistent_time: 0.0 s
find_inconsistent_update_time: 0.0 s
Read 2097 events.
Added 2067 events.
Total write operations: 32
Total read operations: 682
Processing 496 w/w combinations
Updating has_path path cache...
10% 
20% 
30% 
40% 
50% 
60% 
70% 
80% 
90% 
100% 
Processing 21824 r/w combinations
10% 
20% 
30% 
40% 
50% 
60% 
70% 
80% 
90% 
100% 
Updating has_path path cache...
+-------------------------------------------+
| Total operations:      714                |
| Total write operations: 32                |
| Total read operations:  682               |
+-------------------------------------------+
| Total commuting races: 3809               |
| Total harmful races:   4                  |
| Total filtered races:  0                  |
| Total Time Filtered races:  1377          |
| Total Time Edges:      1377               |
+-------------------------------------------+
Number of packet traces with races: 4
Number of packet inconsistencies:  0
Number of packet inconsistencies that are actually consistent (covered):  0
Number of packet inconsistencies the first race is already inconsistent:  4
Number of packet inconsistencies after trimming repeated races:  0
Number of packet inconsistent updates:  0
Number of races:  5190
Number of races filtered by time:  1377
Number of commuting races:  3809
Number of harmful races:  4
Number of covered races:  0
Number of versions: 1
Inconsistent updates: 0
Done. Time elapsed: 4.44400191307 s
load_trace: 2.72800207138 s
detect_races: 0.494642019272 s
extract_traces_time: 0.081356048584 s
find_reactive_cmds_time: 0.0 s
find_proactive_cmds_time: 0.0880038738251 s
find_covered_races_time: 1.04799604416 s
per_packet_inconsistent_time: 0.00400185585022 s
find_inconsistent_update_time: 0.0 s
Read 2097 events.
Added 2067 events.
Total write operations: 32
Total read operations: 682
Processing 496 w/w combinations
Updating has_path path cache...
10% 
20% 
30% 
40% 
50% 
60% 
70% 
80% 
90% 
100% 
Processing 21824 r/w combinations
10% 
20% 
30% 
40% 
50% 
60% 
70% 
80% 
90% 
100% 
Updating has_path path cache...
+-------------------------------------------+
| Total operations:      714                |
| Total write operations: 32                |
| Total read operations:  682               |
+-------------------------------------------+
| Total commuting races: 3809               |
| Total harmful races:   11                 |
| Total filtered races:  0                  |
| Total Time Filtered races:  1370          |
| Total Time Edges:      1370               |
+-------------------------------------------+
Number of packet traces with races: 11
Number of packet inconsistencies:  0
Number of packet inconsistencies that are actually consistent (covered):  0
Number of packet inconsistencies the first race is already inconsistent:  11
Number of packet inconsistencies after trimming repeated races:  0
Number of packet inconsistent updates:  0
Number of races:  5190
Number of races filtered by time:  1370
Number of commuting races:  3809
Number of harmful races:  11
Number of covered races:  0
Number of versions: 1
Inconsistent updates: 0
Done. Time elapsed: 4.44803214073 s
load_trace: 2.73200106621 s
detect_races: 0.480000972748 s
extract_traces_time: 0.0719990730286 s
find_reactive_cmds_time: 0.0 s
find_proactive_cmds_time: 0.0839989185333 s
find_covered_races_time: 1.0720000267 s
per_packet_inconsistent_time: 0.00803208351135 s
find_inconsistent_update_time: 0.0 s
Read 2097 events.
Added 2067 events.
Total write operations: 32
Total read operations: 682
Processing 496 w/w combinations
Updating has_path path cache...
10% 
20% 
30% 
40% 
50% 
60% 
70% 
80% 
90% 
100% 
Processing 21824 r/w combinations
10% 
20% 
30% 
40% 
50% 
60% 
70% 
80% 
90% 
100% 
Updating has_path path cache...
+-------------------------------------------+
| Total operations:      714                |
| Total write operations: 32                |
| Total read operations:  682               |
+-------------------------------------------+
| Total commuting races: 3809               |
| Total harmful races:   114                |
| Total filtered races:  0                  |
| Total Time Filtered races:  1267          |
| Total Time Edges:      1267               |
+-------------------------------------------+
Number of packet traces with races: 42
Number of packet inconsistencies:  13
Number of packet inconsistencies that are actually consistent (covered):  13
Number of packet inconsistencies the first race is already inconsistent:  16
Number of packet inconsistencies after trimming repeated races:  10
Number of packet inconsistent updates:  0
Number of races:  5190
Number of races filtered by time:  1267
Number of commuting races:  3809
Number of harmful races:  67
Number of covered races:  47
Number of versions: 1
Inconsistent updates: 0
Done. Time elapsed: 4.47144007683 s
load_trace: 2.69162106514 s
detect_races: 0.479831933975 s
extract_traces_time: 0.0599901676178 s
find_reactive_cmds_time: 0.0 s
find_proactive_cmds_time: 0.0799968242645 s
find_covered_races_time: 1.12799906731 s
per_packet_inconsistent_time: 0.0320010185242 s
find_inconsistent_update_time: 0.0 s
Read 2097 events.
Added 2067 events.
Total write operations: 32
Total read operations: 682
Processing 496 w/w combinations
Updating has_path path cache...
10% 
20% 
30% 
40% 
50% 
60% 
70% 
80% 
90% 
100% 
Processing 21824 r/w combinations
10% 
20% 
30% 
40% 
50% 
60% 
70% 
80% 
90% 
100% 
Updating has_path path cache...
+-------------------------------------------+
| Total operations:      714                |
| Total write operations: 32                |
| Total read operations:  682               |
+-------------------------------------------+
| Total commuting races: 3809               |
| Total harmful races:   258                |
| Total filtered races:  0                  |
| Total Time Filtered races:  1123          |
| Total Time Edges:      1123               |
+-------------------------------------------+
Number of packet traces with races: 81
Number of packet inconsistencies:  31
Number of packet inconsistencies that are actually consistent (covered):  31
Number of packet inconsistencies the first race is already inconsistent:  19
Number of packet inconsistencies after trimming repeated races:  14
Number of packet inconsistent updates:  0
Number of races:  5190
Number of races filtered by time:  1123
Number of commuting races:  3809
Number of harmful races:  142
Number of covered races:  116
Number of versions: 1
Inconsistent updates: 0
Done. Time elapsed: 4.73200106621 s
load_trace: 2.7040040493 s
detect_races: 0.49199795723 s
extract_traces_time: 0.0680000782013 s
find_reactive_cmds_time: 0.0 s
find_proactive_cmds_time: 0.083997964859 s
find_covered_races_time: 1.29600310326 s
per_packet_inconsistent_time: 0.0879979133606 s
find_inconsistent_update_time: 0.0 s
Read 2097 events.
Added 2067 events.
Total write operations: 32
Total read operations: 682
Processing 496 w/w combinations
Updating has_path path cache...
10% 
20% 
30% 
40% 
50% 
60% 
70% 
80% 
90% 
100% 
Processing 21824 r/w combinations
10% 
20% 
30% 
40% 
50% 
60% 
70% 
80% 
90% 
100% 
Updating has_path path cache...
+-------------------------------------------+
| Total operations:      714                |
| Total write operations: 32                |
| Total read operations:  682               |
+-------------------------------------------+
| Total commuting races: 3809               |
| Total harmful races:   405                |
| Total filtered races:  0                  |
| Total Time Filtered races:  976           |
| Total Time Edges:      976                |
+-------------------------------------------+
Number of packet traces with races: 107
Number of packet inconsistencies:  54
Number of packet inconsistencies that are actually consistent (covered):  35
Number of packet inconsistencies the first race is already inconsistent:  18
Number of packet inconsistencies after trimming repeated races:  17
Number of packet inconsistent updates:  0
Number of races:  5190
Number of races filtered by time:  976
Number of commuting races:  3809
Number of harmful races:  215
Number of covered races:  190
Number of versions: 1
Inconsistent updates: 0
Done. Time elapsed: 4.94399499893 s
load_trace: 2.71599602699 s
detect_races: 0.463999986649 s
extract_traces_time: 0.0680000782013 s
find_reactive_cmds_time: 0.0 s
find_proactive_cmds_time: 0.080060005188 s
find_covered_races_time: 1.47194099426 s
per_packet_inconsistent_time: 0.143997907639 s
find_inconsistent_update_time: 0.0 s
Read 2097 events.
Added 2067 events.
Total write operations: 32
Total read operations: 682
Processing 496 w/w combinations
Updating has_path path cache...
10% 
20% 
30% 
40% 
50% 
60% 
70% 
80% 
90% 
100% 
Processing 21824 r/w combinations
10% 
20% 
30% 
40% 
50% 
60% 
70% 
80% 
90% 
100% 
Updating has_path path cache...
+-------------------------------------------+
| Total operations:      714                |
| Total write operations: 32                |
| Total read operations:  682               |
+-------------------------------------------+
| Total commuting races: 3809               |
| Total harmful races:   516                |
| Total filtered races:  0                  |
| Total Time Filtered races:  865           |
| Total Time Edges:      865                |
+-------------------------------------------+
Number of packet traces with races: 135
Number of packet inconsistencies:  64
Number of packet inconsistencies that are actually consistent (covered):  53
Number of packet inconsistencies the first race is already inconsistent:  18
Number of packet inconsistencies after trimming repeated races:  17
Number of packet inconsistent updates:  0
Number of races:  5190
Number of races filtered by time:  865
Number of commuting races:  3809
Number of harmful races:  270
Number of covered races:  246
Number of versions: 1
Inconsistent updates: 0
Done. Time elapsed: 5.10000491142 s
load_trace: 2.73599886894 s
detect_races: 0.452001094818 s
extract_traces_time: 0.0639989376068 s
find_reactive_cmds_time: 0.0 s
find_proactive_cmds_time: 0.0800001621246 s
find_covered_races_time: 1.58400392532 s
per_packet_inconsistent_time: 0.184001922607 s
find_inconsistent_update_time: 0.0 s
Read 2097 events.
Added 2067 events.
Total write operations: 32
Total read operations: 682
Processing 496 w/w combinations
Updating has_path path cache...
10% 
20% 
30% 
40% 
50% 
60% 
70% 
80% 
90% 
100% 
Processing 21824 r/w combinations
10% 
20% 
30% 
40% 
50% 
60% 
70% 
80% 
90% 
100% 
Updating has_path path cache...
+-------------------------------------------+
| Total operations:      714                |
| Total write operations: 32                |
| Total read operations:  682               |
+-------------------------------------------+
| Total commuting races: 3809               |
| Total harmful races:   600                |
| Total filtered races:  0                  |
| Total Time Filtered races:  781           |
| Total Time Edges:      781                |
+-------------------------------------------+
Number of packet traces with races: 156
Number of packet inconsistencies:  72
Number of packet inconsistencies that are actually consistent (covered):  68
Number of packet inconsistencies the first race is already inconsistent:  16
Number of packet inconsistencies after trimming repeated races:  16
Number of packet inconsistent updates:  0
Number of races:  5190
Number of races filtered by time:  781
Number of commuting races:  3809
Number of harmful races:  314
Number of covered races:  286
Number of versions: 1
Inconsistent updates: 0
Done. Time elapsed: 5.16056919098 s
load_trace: 2.70879817009 s
detect_races: 0.447552919388 s
extract_traces_time: 0.0636470317841 s
find_reactive_cmds_time: 3.38554382324e-05 s
find_proactive_cmds_time: 0.080235004425 s
find_covered_races_time: 1.64773321152 s
per_packet_inconsistent_time: 0.212301969528 s
find_inconsistent_update_time: -0.000216007232666 s
Read 2097 events.
Added 2067 events.
Total write operations: 32
Total read operations: 682
Processing 496 w/w combinations
Updating has_path path cache...
10% 
20% 
30% 
40% 
50% 
60% 
70% 
80% 
90% 
100% 
Processing 21824 r/w combinations
10% 
20% 
30% 
40% 
50% 
60% 
70% 
80% 
90% 
100% 
Updating has_path path cache...
+-------------------------------------------+
| Total operations:      714                |
| Total write operations: 32                |
| Total read operations:  682               |
+-------------------------------------------+
| Total commuting races: 3809               |
| Total harmful races:   690                |
| Total filtered races:  0                  |
| Total Time Filtered races:  691           |
| Total Time Edges:      691                |
+-------------------------------------------+
Number of packet traces with races: 172
Number of packet inconsistencies:  84
Number of packet inconsistencies that are actually consistent (covered):  75
Number of packet inconsistencies the first race is already inconsistent:  13
Number of packet inconsistencies after trimming repeated races:  16
Number of packet inconsistent updates:  0
Number of races:  5190
Number of races filtered by time:  691
Number of commuting races:  3809
Number of harmful races:  360
Number of covered races:  330
Number of versions: 1
Inconsistent updates: 0
Done. Time elapsed: 5.29200005531 s
load_trace: 2.71200108528 s
detect_races: 0.447999954224 s
extract_traces_time: 0.0640020370483 s
find_reactive_cmds_time: 0.0 s
find_proactive_cmds_time: 0.0840010643005 s
find_covered_races_time: 1.71599888802 s
per_packet_inconsistent_time: 0.264559030533 s
find_inconsistent_update_time: -0.00343799591064 s
Read 2097 events.
Added 2067 events.
Total write operations: 32
Total read operations: 682
Processing 496 w/w combinations
Updating has_path path cache...
10% 
20% 
30% 
40% 
50% 
60% 
70% 
80% 
90% 
100% 
Processing 21824 r/w combinations
10% 
20% 
30% 
40% 
50% 
60% 
70% 
80% 
90% 
100% 
Updating has_path path cache...
+-------------------------------------------+
| Total operations:      714                |
| Total write operations: 32                |
| Total read operations:  682               |
+-------------------------------------------+
| Total commuting races: 3809               |
| Total harmful races:   796                |
| Total filtered races:  0                  |
| Total Time Filtered races:  585           |
| Total Time Edges:      585                |
+-------------------------------------------+
Number of packet traces with races: 196
Number of packet inconsistencies:  100
Number of packet inconsistencies that are actually consistent (covered):  82
Number of packet inconsistencies the first race is already inconsistent:  14
Number of packet inconsistencies after trimming repeated races:  17
Number of packet inconsistent updates:  0
Number of races:  5190
Number of races filtered by time:  585
Number of commuting races:  3809
Number of harmful races:  414
Number of covered races:  382
Number of versions: 1
Inconsistent updates: 0
Done. Time elapsed: 5.51574802399 s
load_trace: 2.72770595551 s
detect_races: 0.456000089645 s
extract_traces_time: 0.0645868778229 s
find_reactive_cmds_time: 3.69548797607e-05 s
find_proactive_cmds_time: 0.0873792171478 s
find_covered_races_time: 1.8599998951 s
per_packet_inconsistent_time: 0.319999933243 s
find_inconsistent_update_time: 0.0 s
Read 2097 events.
Added 2067 events.
Total write operations: 32
Total read operations: 682
Processing 496 w/w combinations
Updating has_path path cache...
10% 
20% 
30% 
40% 
50% 
60% 
70% 
80% 
90% 
100% 
Processing 21824 r/w combinations
10% 
20% 
30% 
40% 
50% 
60% 
70% 
80% 
90% 
100% 
Updating has_path path cache...
+-------------------------------------------+
| Total operations:      714                |
| Total write operations: 32                |
| Total read operations:  682               |
+-------------------------------------------+
| Total commuting races: 3809               |
| Total harmful races:   923                |
| Total filtered races:  0                  |
| Total Time Filtered races:  458           |
| Total Time Edges:      458                |
+-------------------------------------------+
Number of packet traces with races: 222
Number of packet inconsistencies:  115
Number of packet inconsistencies that are actually consistent (covered):  98
Number of packet inconsistencies the first race is already inconsistent:  9
Number of packet inconsistencies after trimming repeated races:  17
Number of packet inconsistent updates:  0
Number of races:  5190
Number of races filtered by time:  458
Number of commuting races:  3809
Number of harmful races:  477
Number of covered races:  446
Number of versions: 1
Inconsistent updates: 0
Done. Time elapsed: 6.40399813652 s
load_trace: 3.49999904633 s
detect_races: 0.439997911453 s
extract_traces_time: 0.0680041313171 s
find_reactive_cmds_time: 0.0 s
find_proactive_cmds_time: 0.0879969596863 s
find_covered_races_time: 1.92800307274 s
per_packet_inconsistent_time: 0.379997014999 s
find_inconsistent_update_time: 0.0 s
