Read 677 events.
Added 633 events.
Total write operations: 28
Total read operations: 119
Processing 378 w/w combinations
Updating has_path path cache...
10% 
20% 
30% 
40% 
50% 
60% 
70% 
80% 
90% 
100% 
Processing 3332 r/w combinations
10% 
20% 
30% 
40% 
50% 
60% 
70% 
80% 
90% 
100% 
Updating has_path path cache...
+-------------------------------------------+
| Total operations:      147                |
| Total write operations: 28                |
| Total read operations:  119               |
+-------------------------------------------+
| Total commuting races: 657                |
| Total harmful races:   196                |
| Total filtered races:  0                  |
| Total Time Filtered races:  0             |
| Total Time Edges:      0                  |
+-------------------------------------------+
Number of packet traces with races: 35
Number of packet inconsistencies:  20
Number of packet inconsistencies that are actually consistent (covered):  10
Number of packet inconsistencies the first race is already inconsistent:  5
Number of packet inconsistencies after trimming repeated races:  15
Number of packet inconsistent updates:  0
Number of races:  853
Number of races filtered by time:  0
Number of commuting races:  657
Number of harmful races:  144
Number of covered races:  52
Number of versions: 28
Inconsistent updates: 0
Done. Time elapsed: 0.373673915863 s
load_trace: 0.257333040237 s
detect_races: 0.0591628551483 s
extract_traces_time: 0.00780010223389 s
find_reactive_cmds_time: 0.00117993354797 s
find_proactive_cmds_time: 0.0136959552765 s
find_covered_races_time: 0.026468038559 s
per_packet_inconsistent_time: 0.00791597366333 s
find_inconsistent_update_time: -7.5101852417e-05 s
Read 677 events.
Added 633 events.
Total write operations: 28
Total read operations: 119
Processing 378 w/w combinations
Updating has_path path cache...
10% 
20% 
30% 
40% 
50% 
60% 
70% 
80% 
90% 
100% 
Processing 3332 r/w combinations
10% 
20% 
30% 
40% 
50% 
60% 
70% 
80% 
90% 
100% 
Updating has_path path cache...
+-------------------------------------------+
| Total operations:      147                |
| Total write operations: 28                |
| Total read operations:  119               |
+-------------------------------------------+
| Total commuting races: 657                |
| Total harmful races:   0                  |
| Total filtered races:  0                  |
| Total Time Filtered races:  196           |
| Total Time Edges:      196                |
+-------------------------------------------+
Number of packet traces with races: 0
Number of packet inconsistencies:  0
Number of packet inconsistencies that are actually consistent (covered):  0
Number of packet inconsistencies the first race is already inconsistent:  0
Number of packet inconsistencies after trimming repeated races:  0
Number of packet inconsistent updates:  0
Number of races:  853
Number of races filtered by time:  196
Number of commuting races:  657
Number of harmful races:  0
Number of covered races:  0
Number of versions: 28
Inconsistent updates: 0
Done. Time elapsed: 0.367701053619 s
load_trace: 0.268692970276 s
detect_races: 0.0694360733032 s
extract_traces_time: 0.0107779502869 s
find_reactive_cmds_time: 0.00127696990967 s
find_proactive_cmds_time: 0.0136659145355 s
find_covered_races_time: 0.00352811813354 s
per_packet_inconsistent_time: 0.000272035598755 s
find_inconsistent_update_time: -1.38282775879e-05 s
Read 677 events.
Added 633 events.
Total write operations: 28
Total read operations: 119
Processing 378 w/w combinations
Updating has_path path cache...
10% 
20% 
30% 
40% 
50% 
60% 
70% 
80% 
90% 
100% 
Processing 3332 r/w combinations
10% 
20% 
30% 
40% 
50% 
60% 
70% 
80% 
90% 
100% 
Updating has_path path cache...
+-------------------------------------------+
| Total operations:      147                |
| Total write operations: 28                |
| Total read operations:  119               |
+-------------------------------------------+
| Total commuting races: 657                |
| Total harmful races:   46                 |
| Total filtered races:  0                  |
| Total Time Filtered races:  150           |
| Total Time Edges:      150                |
+-------------------------------------------+
Number of packet traces with races: 13
Number of packet inconsistencies:  9
Number of packet inconsistencies that are actually consistent (covered):  0
Number of packet inconsistencies the first race is already inconsistent:  4
Number of packet inconsistencies after trimming repeated races:  9
Number of packet inconsistent updates:  0
Number of races:  853
Number of races filtered by time:  150
Number of commuting races:  657
Number of harmful races:  46
Number of covered races:  0
Number of versions: 28
Inconsistent updates: 0
Done. Time elapsed: 0.371622085571 s
load_trace: 0.268567085266 s
detect_races: 0.0621559619904 s
extract_traces_time: 0.0094039440155 s
find_reactive_cmds_time: 0.00143599510193 s
find_proactive_cmds_time: 0.0165691375732 s
find_covered_races_time: 0.0106098651886 s
per_packet_inconsistent_time: 0.00282001495361 s
find_inconsistent_update_time: -2.50339508057e-05 s
Read 677 events.
Added 633 events.
Total write operations: 28
Total read operations: 119
Processing 378 w/w combinations
Updating has_path path cache...
10% 
20% 
30% 
40% 
50% 
60% 
70% 
80% 
90% 
100% 
Processing 3332 r/w combinations
10% 
20% 
30% 
40% 
50% 
60% 
70% 
80% 
90% 
100% 
Updating has_path path cache...
+-------------------------------------------+
| Total operations:      147                |
| Total write operations: 28                |
| Total read operations:  119               |
+-------------------------------------------+
| Total commuting races: 657                |
| Total harmful races:   52                 |
| Total filtered races:  0                  |
| Total Time Filtered races:  144           |
| Total Time Edges:      144                |
+-------------------------------------------+
Number of packet traces with races: 15
Number of packet inconsistencies:  10
Number of packet inconsistencies that are actually consistent (covered):  0
Number of packet inconsistencies the first race is already inconsistent:  5
Number of packet inconsistencies after trimming repeated races:  10
Number of packet inconsistent updates:  0
Number of races:  853
Number of races filtered by time:  144
Number of commuting races:  657
Number of harmful races:  52
Number of covered races:  0
Number of versions: 28
Inconsistent updates: 0
Done. Time elapsed: 0.355540990829 s
load_trace: 0.248445034027 s
detect_races: 0.0619211196899 s
extract_traces_time: 0.00983381271362 s
find_reactive_cmds_time: 0.00126194953918 s
find_proactive_cmds_time: 0.0135722160339 s
find_covered_races_time: 0.0155589580536 s
per_packet_inconsistent_time: 0.00485587120056 s
find_inconsistent_update_time: -4.00543212891e-05 s
Read 677 events.
Added 633 events.
Total write operations: 28
Total read operations: 119
Processing 378 w/w combinations
Updating has_path path cache...
10% 
20% 
30% 
40% 
50% 
60% 
70% 
80% 
90% 
100% 
Processing 3332 r/w combinations
10% 
20% 
30% 
40% 
50% 
60% 
70% 
80% 
90% 
100% 
Updating has_path path cache...
+-------------------------------------------+
| Total operations:      147                |
| Total write operations: 28                |
| Total read operations:  119               |
+-------------------------------------------+
| Total commuting races: 657                |
| Total harmful races:   64                 |
| Total filtered races:  0                  |
| Total Time Filtered races:  132           |
| Total Time Edges:      132                |
+-------------------------------------------+
Number of packet traces with races: 16
Number of packet inconsistencies:  10
Number of packet inconsistencies that are actually consistent (covered):  0
Number of packet inconsistencies the first race is already inconsistent:  6
Number of packet inconsistencies after trimming repeated races:  10
Number of packet inconsistent updates:  0
Number of races:  853
Number of races filtered by time:  132
Number of commuting races:  657
Number of harmful races:  64
Number of covered races:  0
Number of versions: 28
Inconsistent updates: 0
Done. Time elapsed: 0.377484083176 s
load_trace: 0.269094944 s
detect_races: 0.0646641254425 s
extract_traces_time: 0.0111310482025 s
find_reactive_cmds_time: 0.00130581855774 s
find_proactive_cmds_time: 0.0145871639252 s
find_covered_races_time: 0.013277053833 s
per_packet_inconsistent_time: 0.00335383415222 s
find_inconsistent_update_time: -3.50475311279e-05 s
Read 677 events.
Added 633 events.
Total write operations: 28
Total read operations: 119
Processing 378 w/w combinations
Updating has_path path cache...
10% 
20% 
30% 
40% 
50% 
60% 
70% 
80% 
90% 
100% 
Processing 3332 r/w combinations
10% 
20% 
30% 
40% 
50% 
60% 
70% 
80% 
90% 
100% 
Updating has_path path cache...
+-------------------------------------------+
| Total operations:      147                |
| Total write operations: 28                |
| Total read operations:  119               |
+-------------------------------------------+
| Total commuting races: 657                |
| Total harmful races:   72                 |
| Total filtered races:  0                  |
| Total Time Filtered races:  124           |
| Total Time Edges:      124                |
+-------------------------------------------+
Number of packet traces with races: 16
Number of packet inconsistencies:  10
Number of packet inconsistencies that are actually consistent (covered):  0
Number of packet inconsistencies the first race is already inconsistent:  6
Number of packet inconsistencies after trimming repeated races:  10
Number of packet inconsistent updates:  0
Number of races:  853
Number of races filtered by time:  124
Number of commuting races:  657
Number of harmful races:  70
Number of covered races:  2
Number of versions: 28
Inconsistent updates: 0
Done. Time elapsed: 0.36617898941 s
load_trace: 0.262100934982 s
detect_races: 0.0594391822815 s
extract_traces_time: 0.00827980041504 s
find_reactive_cmds_time: 0.00106000900269 s
find_proactive_cmds_time: 0.0163450241089 s
find_covered_races_time: 0.0145990848541 s
per_packet_inconsistent_time: 0.00427508354187 s
find_inconsistent_update_time: -3.79085540771e-05 s
Read 677 events.
Added 633 events.
Total write operations: 28
Total read operations: 119
Processing 378 w/w combinations
Updating has_path path cache...
10% 
20% 
30% 
40% 
50% 
60% 
70% 
80% 
90% 
100% 
Processing 3332 r/w combinations
10% 
20% 
30% 
40% 
50% 
60% 
70% 
80% 
90% 
100% 
Updating has_path path cache...
+-------------------------------------------+
| Total operations:      147                |
| Total write operations: 28                |
| Total read operations:  119               |
+-------------------------------------------+
| Total commuting races: 657                |
| Total harmful races:   79                 |
| Total filtered races:  0                  |
| Total Time Filtered races:  117           |
| Total Time Edges:      117                |
+-------------------------------------------+
Number of packet traces with races: 21
Number of packet inconsistencies:  11
Number of packet inconsistencies that are actually consistent (covered):  0
Number of packet inconsistencies the first race is already inconsistent:  10
Number of packet inconsistencies after trimming repeated races:  11
Number of packet inconsistent updates:  0
Number of races:  853
Number of races filtered by time:  117
Number of commuting races:  657
Number of harmful races:  76
Number of covered races:  3
Number of versions: 28
Inconsistent updates: 0
Done. Time elapsed: 0.373438119888 s
load_trace: 0.264137029648 s
detect_races: 0.059385061264 s
extract_traces_time: 0.00938296318054 s
find_reactive_cmds_time: 0.00171399116516 s
find_proactive_cmds_time: 0.0166051387787 s
find_covered_races_time: 0.0169568061829 s
per_packet_inconsistent_time: 0.00518012046814 s
find_inconsistent_update_time: -3.50475311279e-05 s
Read 677 events.
Added 633 events.
Total write operations: 28
Total read operations: 119
Processing 378 w/w combinations
Updating has_path path cache...
10% 
20% 
30% 
40% 
50% 
60% 
70% 
80% 
90% 
100% 
Processing 3332 r/w combinations
10% 
20% 
30% 
40% 
50% 
60% 
70% 
80% 
90% 
100% 
Updating has_path path cache...
+-------------------------------------------+
| Total operations:      147                |
| Total write operations: 28                |
| Total read operations:  119               |
+-------------------------------------------+
| Total commuting races: 657                |
| Total harmful races:   89                 |
| Total filtered races:  0                  |
| Total Time Filtered races:  107           |
| Total Time Edges:      107                |
+-------------------------------------------+
Number of packet traces with races: 23
Number of packet inconsistencies:  13
Number of packet inconsistencies that are actually consistent (covered):  0
Number of packet inconsistencies the first race is already inconsistent:  10
Number of packet inconsistencies after trimming repeated races:  11
Number of packet inconsistent updates:  0
Number of races:  853
Number of races filtered by time:  107
Number of commuting races:  657
Number of harmful races:  84
Number of covered races:  5
Number of versions: 28
Inconsistent updates: 0
Done. Time elapsed: 0.368376016617 s
load_trace: 0.261990070343 s
detect_races: 0.0641000270844 s
extract_traces_time: 0.00711584091187 s
find_reactive_cmds_time: 0.00125813484192 s
find_proactive_cmds_time: 0.0139720439911 s
find_covered_races_time: 0.0156769752502 s
per_packet_inconsistent_time: 0.00418996810913 s
find_inconsistent_update_time: -3.50475311279e-05 s
Read 677 events.
Added 633 events.
Total write operations: 28
Total read operations: 119
Processing 378 w/w combinations
Updating has_path path cache...
10% 
20% 
30% 
40% 
50% 
60% 
70% 
80% 
90% 
100% 
Processing 3332 r/w combinations
10% 
20% 
30% 
40% 
50% 
60% 
70% 
80% 
90% 
100% 
Updating has_path path cache...
+-------------------------------------------+
| Total operations:      147                |
| Total write operations: 28                |
| Total read operations:  119               |
+-------------------------------------------+
| Total commuting races: 657                |
| Total harmful races:   92                 |
| Total filtered races:  0                  |
| Total Time Filtered races:  104           |
| Total Time Edges:      104                |
+-------------------------------------------+
Number of packet traces with races: 24
Number of packet inconsistencies:  14
Number of packet inconsistencies that are actually consistent (covered):  0
Number of packet inconsistencies the first race is already inconsistent:  10
Number of packet inconsistencies after trimming repeated races:  12
Number of packet inconsistent updates:  0
Number of races:  853
Number of races filtered by time:  104
Number of commuting races:  657
Number of harmful races:  87
Number of covered races:  5
Number of versions: 28
Inconsistent updates: 0
Done. Time elapsed: 0.371538162231 s
load_trace: 0.263753175735 s
detect_races: 0.0576529502869 s
extract_traces_time: 0.00876998901367 s
find_reactive_cmds_time: 0.00160002708435 s
find_proactive_cmds_time: 0.0162580013275 s
find_covered_races_time: 0.0184578895569 s
per_packet_inconsistent_time: 0.00492215156555 s
find_inconsistent_update_time: -7.39097595215e-05 s
Read 677 events.
Added 633 events.
Total write operations: 28
Total read operations: 119
Processing 378 w/w combinations
Updating has_path path cache...
10% 
20% 
30% 
40% 
50% 
60% 
70% 
80% 
90% 
100% 
Processing 3332 r/w combinations
10% 
20% 
30% 
40% 
50% 
60% 
70% 
80% 
90% 
100% 
Updating has_path path cache...
+-------------------------------------------+
| Total operations:      147                |
| Total write operations: 28                |
| Total read operations:  119               |
+-------------------------------------------+
| Total commuting races: 657                |
| Total harmful races:   104                |
| Total filtered races:  0                  |
| Total Time Filtered races:  92            |
| Total Time Edges:      92                 |
+-------------------------------------------+
Number of packet traces with races: 27
Number of packet inconsistencies:  16
Number of packet inconsistencies that are actually consistent (covered):  1
Number of packet inconsistencies the first race is already inconsistent:  10
Number of packet inconsistencies after trimming repeated races:  15
Number of packet inconsistent updates:  0
Number of races:  853
Number of races filtered by time:  92
Number of commuting races:  657
Number of harmful races:  93
Number of covered races:  11
Number of versions: 28
Inconsistent updates: 0
Done. Time elapsed: 0.366557836533 s
load_trace: 0.257964849472 s
detect_races: 0.0605020523071 s
extract_traces_time: 0.0100319385529 s
find_reactive_cmds_time: 0.00148415565491 s
find_proactive_cmds_time: 0.0145959854126 s
find_covered_races_time: 0.0158488750458 s
per_packet_inconsistent_time: 0.00598812103271 s
find_inconsistent_update_time: -9.89437103271e-05 s
Read 677 events.
Added 633 events.
Total write operations: 28
Total read operations: 119
Processing 378 w/w combinations
Updating has_path path cache...
10% 
20% 
30% 
40% 
50% 
60% 
70% 
80% 
90% 
100% 
Processing 3332 r/w combinations
10% 
20% 
30% 
40% 
50% 
60% 
70% 
80% 
90% 
100% 
Updating has_path path cache...
+-------------------------------------------+
| Total operations:      147                |
| Total write operations: 28                |
| Total read operations:  119               |
+-------------------------------------------+
| Total commuting races: 657                |
| Total harmful races:   111                |
| Total filtered races:  0                  |
| Total Time Filtered races:  85            |
| Total Time Edges:      85                 |
+-------------------------------------------+
Number of packet traces with races: 30
Number of packet inconsistencies:  16
Number of packet inconsistencies that are actually consistent (covered):  1
Number of packet inconsistencies the first race is already inconsistent:  13
Number of packet inconsistencies after trimming repeated races:  15
Number of packet inconsistent updates:  0
Number of races:  853
Number of races filtered by time:  85
Number of commuting races:  657
Number of harmful races:  99
Number of covered races:  12
Number of versions: 28
Inconsistent updates: 0
Done. Time elapsed: 0.364113807678 s
load_trace: 0.262356996536 s
detect_races: 0.0558199882507 s
extract_traces_time: 0.00700092315674 s
find_reactive_cmds_time: 0.00107598304749 s
find_proactive_cmds_time: 0.0144829750061 s
find_covered_races_time: 0.0179049968719 s
per_packet_inconsistent_time: 0.00538802146912 s
find_inconsistent_update_time: -4.41074371338e-05 s
Read 677 events.
Added 633 events.
Total write operations: 28
Total read operations: 119
Processing 378 w/w combinations
Updating has_path path cache...
10% 
20% 
30% 
40% 
50% 
60% 
70% 
80% 
90% 
100% 
Processing 3332 r/w combinations
10% 
20% 
30% 
40% 
50% 
60% 
70% 
80% 
90% 
100% 
Updating has_path path cache...
+-------------------------------------------+
| Total operations:      147                |
| Total write operations: 28                |
| Total read operations:  119               |
+-------------------------------------------+
| Total commuting races: 657                |
| Total harmful races:   125                |
| Total filtered races:  0                  |
| Total Time Filtered races:  71            |
| Total Time Edges:      71                 |
+-------------------------------------------+
Number of packet traces with races: 30
Number of packet inconsistencies:  16
Number of packet inconsistencies that are actually consistent (covered):  1
Number of packet inconsistencies the first race is already inconsistent:  13
Number of packet inconsistencies after trimming repeated races:  15
Number of packet inconsistent updates:  0
Number of races:  853
Number of races filtered by time:  71
Number of commuting races:  657
Number of harmful races:  108
Number of covered races:  17
Number of versions: 28
Inconsistent updates: 0
Done. Time elapsed: 0.351633071899 s
load_trace: 0.247147083282 s
detect_races: 0.0554130077362 s
extract_traces_time: 0.00655198097229 s
find_reactive_cmds_time: 0.00102996826172 s
find_proactive_cmds_time: 0.0134420394897 s
find_covered_races_time: 0.0222139358521 s
per_packet_inconsistent_time: 0.00575304031372 s
find_inconsistent_update_time: -4.6968460083e-05 s
