Read 497 events.
Added 476 events.
Total write operations: 18
Total read operations: 71
Processing 153 w/w combinations
Updating has_path path cache...
10% 
20% 
30% 
40% 
50% 
60% 
70% 
80% 
90% 
100% 
Processing 1278 r/w combinations
10% 
20% 
30% 
40% 
50% 
60% 
70% 
80% 
90% 
100% 
Updating has_path path cache...
+-------------------------------------------+
| Total operations:      89                 |
| Total write operations: 18                |
| Total read operations:  71                |
+-------------------------------------------+
| Total commuting races: 1163               |
| Total harmful races:   173                |
| Total filtered races:  0                  |
| Total Time Filtered races:  0             |
| Total Time Edges:      0                  |
+-------------------------------------------+
Number of packet traces with races: 71
Number of packet inconsistencies:  0
Number of packet inconsistencies that are actually consistent (covered):  70
Number of packet inconsistencies the first race is already inconsistent:  1
Number of packet inconsistencies after trimming repeated races:  0
Number of packet inconsistent updates:  0
Number of races:  1336
Number of races filtered by time:  0
Number of commuting races:  1163
Number of harmful races:  53
Number of covered races:  120
Number of versions: 5
Inconsistent updates: 0
Done. Time elapsed: 0.520017147064 s
load_trace: 0.263744115829 s
detect_races: 0.0850710868835 s
extract_traces_time: 0.0144288539886 s
find_reactive_cmds_time: 0.000367164611816 s
find_proactive_cmds_time: 0.0127527713776 s
find_covered_races_time: 0.130861997604 s
per_packet_inconsistent_time: 0.0126271247864 s
find_inconsistent_update_time: -9.3936920166e-05 s
Read 497 events.
Added 476 events.
Total write operations: 18
Total read operations: 71
Processing 153 w/w combinations
Updating has_path path cache...
10% 
20% 
30% 
40% 
50% 
60% 
70% 
80% 
90% 
100% 
Processing 1278 r/w combinations
10% 
20% 
30% 
40% 
50% 
60% 
70% 
80% 
90% 
100% 
Updating has_path path cache...
+-------------------------------------------+
| Total operations:      89                 |
| Total write operations: 18                |
| Total read operations:  71                |
+-------------------------------------------+
| Total commuting races: 1163               |
| Total harmful races:   0                  |
| Total filtered races:  0                  |
| Total Time Filtered races:  173           |
| Total Time Edges:      173                |
+-------------------------------------------+
Number of packet traces with races: 0
Number of packet inconsistencies:  0
Number of packet inconsistencies that are actually consistent (covered):  0
Number of packet inconsistencies the first race is already inconsistent:  0
Number of packet inconsistencies after trimming repeated races:  0
Number of packet inconsistent updates:  0
Number of races:  1336
Number of races filtered by time:  173
Number of commuting races:  1163
Number of harmful races:  0
Number of covered races:  0
Number of versions: 5
Inconsistent updates: 0
Done. Time elapsed: 0.464657068253 s
load_trace: 0.263215065002 s
detect_races: 0.0950548648834 s
extract_traces_time: 0.0225811004639 s
find_reactive_cmds_time: 0.000416040420532 s
find_proactive_cmds_time: 0.0295739173889 s
find_covered_races_time: 0.0532910823822 s
per_packet_inconsistent_time: 0.000473022460938 s
find_inconsistent_update_time: -1.00135803223e-05 s
Read 497 events.
Added 476 events.
Total write operations: 18
Total read operations: 71
Processing 153 w/w combinations
Updating has_path path cache...
10% 
20% 
30% 
40% 
50% 
60% 
70% 
80% 
90% 
100% 
Processing 1278 r/w combinations
10% 
20% 
30% 
40% 
50% 
60% 
70% 
80% 
90% 
100% 
Updating has_path path cache...
+-------------------------------------------+
| Total operations:      89                 |
| Total write operations: 18                |
| Total read operations:  71                |
+-------------------------------------------+
| Total commuting races: 1163               |
| Total harmful races:   22                 |
| Total filtered races:  0                  |
| Total Time Filtered races:  151           |
| Total Time Edges:      151                |
+-------------------------------------------+
Number of packet traces with races: 13
Number of packet inconsistencies:  0
Number of packet inconsistencies that are actually consistent (covered):  12
Number of packet inconsistencies the first race is already inconsistent:  1
Number of packet inconsistencies after trimming repeated races:  0
Number of packet inconsistent updates:  0
Number of races:  1336
Number of races filtered by time:  151
Number of commuting races:  1163
Number of harmful races:  6
Number of covered races:  16
Number of versions: 5
Inconsistent updates: 0
Done. Time elapsed: 0.430111169815 s
load_trace: 0.239616155624 s
detect_races: 0.0863018035889 s
extract_traces_time: 0.0187330245972 s
find_reactive_cmds_time: 0.000370025634766 s
find_proactive_cmds_time: 0.0271739959717 s
find_covered_races_time: 0.0561380386353 s
per_packet_inconsistent_time: 0.00172805786133 s
find_inconsistent_update_time: -1.4066696167e-05 s
Read 497 events.
Added 476 events.
Total write operations: 18
Total read operations: 71
Processing 153 w/w combinations
Updating has_path path cache...
10% 
20% 
30% 
40% 
50% 
60% 
70% 
80% 
90% 
100% 
Processing 1278 r/w combinations
10% 
20% 
30% 
40% 
50% 
60% 
70% 
80% 
90% 
100% 
Updating has_path path cache...
+-------------------------------------------+
| Total operations:      89                 |
| Total write operations: 18                |
| Total read operations:  71                |
+-------------------------------------------+
| Total commuting races: 1163               |
| Total harmful races:   46                 |
| Total filtered races:  0                  |
| Total Time Filtered races:  127           |
| Total Time Edges:      127                |
+-------------------------------------------+
Number of packet traces with races: 27
Number of packet inconsistencies:  0
Number of packet inconsistencies that are actually consistent (covered):  22
Number of packet inconsistencies the first race is already inconsistent:  5
Number of packet inconsistencies after trimming repeated races:  0
Number of packet inconsistent updates:  0
Number of races:  1336
Number of races filtered by time:  127
Number of commuting races:  1163
Number of harmful races:  14
Number of covered races:  32
Number of versions: 5
Inconsistent updates: 0
Done. Time elapsed: 0.431746959686 s
load_trace: 0.236855983734 s
detect_races: 0.0925569534302 s
extract_traces_time: 0.0182189941406 s
find_reactive_cmds_time: 0.000395059585571 s
find_proactive_cmds_time: 0.0119359493256 s
find_covered_races_time: 0.0684571266174 s
per_packet_inconsistent_time: 0.00327086448669 s
find_inconsistent_update_time: -2.09808349609e-05 s
Read 497 events.
Added 476 events.
Total write operations: 18
Total read operations: 71
Processing 153 w/w combinations
Updating has_path path cache...
10% 
20% 
30% 
40% 
50% 
60% 
70% 
80% 
90% 
100% 
Processing 1278 r/w combinations
10% 
20% 
30% 
40% 
50% 
60% 
70% 
80% 
90% 
100% 
Updating has_path path cache...
+-------------------------------------------+
| Total operations:      89                 |
| Total write operations: 18                |
| Total read operations:  71                |
+-------------------------------------------+
| Total commuting races: 1163               |
| Total harmful races:   65                 |
| Total filtered races:  0                  |
| Total Time Filtered races:  108           |
| Total Time Edges:      108                |
+-------------------------------------------+
Number of packet traces with races: 42
Number of packet inconsistencies:  0
Number of packet inconsistencies that are actually consistent (covered):  26
Number of packet inconsistencies the first race is already inconsistent:  16
Number of packet inconsistencies after trimming repeated races:  0
Number of packet inconsistent updates:  0
Number of races:  1336
Number of races filtered by time:  108
Number of commuting races:  1163
Number of harmful races:  27
Number of covered races:  38
Number of versions: 5
Inconsistent updates: 0
Done. Time elapsed: 0.462599039078 s
load_trace: 0.244971990585 s
detect_races: 0.0859811306 s
extract_traces_time: 0.0189890861511 s
find_reactive_cmds_time: 0.000411987304688 s
find_proactive_cmds_time: 0.0128858089447 s
find_covered_races_time: 0.0945429801941 s
per_packet_inconsistent_time: 0.00475406646729 s
find_inconsistent_update_time: -2.69412994385e-05 s
Read 497 events.
Added 476 events.
Total write operations: 18
Total read operations: 71
Processing 153 w/w combinations
Updating has_path path cache...
10% 
20% 
30% 
40% 
50% 
60% 
70% 
80% 
90% 
100% 
Processing 1278 r/w combinations
10% 
20% 
30% 
40% 
50% 
60% 
70% 
80% 
90% 
100% 
Updating has_path path cache...
+-------------------------------------------+
| Total operations:      89                 |
| Total write operations: 18                |
| Total read operations:  71                |
+-------------------------------------------+
| Total commuting races: 1163               |
| Total harmful races:   84                 |
| Total filtered races:  0                  |
| Total Time Filtered races:  89            |
| Total Time Edges:      89                 |
+-------------------------------------------+
Number of packet traces with races: 53
Number of packet inconsistencies:  0
Number of packet inconsistencies that are actually consistent (covered):  31
Number of packet inconsistencies the first race is already inconsistent:  22
Number of packet inconsistencies after trimming repeated races:  0
Number of packet inconsistent updates:  0
Number of races:  1336
Number of races filtered by time:  89
Number of commuting races:  1163
Number of harmful races:  38
Number of covered races:  46
Number of versions: 5
Inconsistent updates: 0
Done. Time elapsed: 0.47537779808 s
load_trace: 0.247600793839 s
detect_races: 0.0855841636658 s
extract_traces_time: 0.0171859264374 s
find_reactive_cmds_time: 0.000370979309082 s
find_proactive_cmds_time: 0.0123839378357 s
find_covered_races_time: 0.105226993561 s
per_packet_inconsistent_time: 0.0069591999054 s
find_inconsistent_update_time: -2.98023223877e-05 s
Read 497 events.
Added 476 events.
Total write operations: 18
Total read operations: 71
Processing 153 w/w combinations
Updating has_path path cache...
10% 
20% 
30% 
40% 
50% 
60% 
70% 
80% 
90% 
100% 
Processing 1278 r/w combinations
10% 
20% 
30% 
40% 
50% 
60% 
70% 
80% 
90% 
100% 
Updating has_path path cache...
+-------------------------------------------+
| Total operations:      89                 |
| Total write operations: 18                |
| Total read operations:  71                |
+-------------------------------------------+
| Total commuting races: 1163               |
| Total harmful races:   88                 |
| Total filtered races:  0                  |
| Total Time Filtered races:  85            |
| Total Time Edges:      85                 |
+-------------------------------------------+
Number of packet traces with races: 55
Number of packet inconsistencies:  0
Number of packet inconsistencies that are actually consistent (covered):  33
Number of packet inconsistencies the first race is already inconsistent:  22
Number of packet inconsistencies after trimming repeated races:  0
Number of packet inconsistent updates:  0
Number of races:  1336
Number of races filtered by time:  85
Number of commuting races:  1163
Number of harmful races:  39
Number of covered races:  49
Number of versions: 5
Inconsistent updates: 0
Done. Time elapsed: 0.496461868286 s
load_trace: 0.250126838684 s
detect_races: 0.0882909297943 s
extract_traces_time: 0.02055311203 s
find_reactive_cmds_time: 0.000421047210693 s
find_proactive_cmds_time: 0.0121128559113 s
find_covered_races_time: 0.117286205292 s
per_packet_inconsistent_time: 0.00759291648865 s
find_inconsistent_update_time: -4.10079956055e-05 s
Read 497 events.
Added 476 events.
Total write operations: 18
Total read operations: 71
Processing 153 w/w combinations
Updating has_path path cache...
10% 
20% 
30% 
40% 
50% 
60% 
70% 
80% 
90% 
100% 
Processing 1278 r/w combinations
10% 
20% 
30% 
40% 
50% 
60% 
70% 
80% 
90% 
100% 
Updating has_path path cache...
+-------------------------------------------+
| Total operations:      89                 |
| Total write operations: 18                |
| Total read operations:  71                |
+-------------------------------------------+
| Total commuting races: 1163               |
| Total harmful races:   89                 |
| Total filtered races:  0                  |
| Total Time Filtered races:  84            |
| Total Time Edges:      84                 |
+-------------------------------------------+
Number of packet traces with races: 56
Number of packet inconsistencies:  0
Number of packet inconsistencies that are actually consistent (covered):  34
Number of packet inconsistencies the first race is already inconsistent:  22
Number of packet inconsistencies after trimming repeated races:  0
Number of packet inconsistent updates:  0
Number of races:  1336
Number of races filtered by time:  84
Number of commuting races:  1163
Number of harmful races:  39
Number of covered races:  50
Number of versions: 5
Inconsistent updates: 0
Done. Time elapsed: 0.490391969681 s
load_trace: 0.259861946106 s
detect_races: 0.0860910415649 s
extract_traces_time: 0.0173671245575 s
find_reactive_cmds_time: 0.000378847122192 s
find_proactive_cmds_time: 0.0119490623474 s
find_covered_races_time: 0.107278108597 s
per_packet_inconsistent_time: 0.00739693641663 s
find_inconsistent_update_time: -3.19480895996e-05 s
Read 497 events.
Added 476 events.
Total write operations: 18
Total read operations: 71
Processing 153 w/w combinations
Updating has_path path cache...
10% 
20% 
30% 
40% 
50% 
60% 
70% 
80% 
90% 
100% 
Processing 1278 r/w combinations
10% 
20% 
30% 
40% 
50% 
60% 
70% 
80% 
90% 
100% 
Updating has_path path cache...
+-------------------------------------------+
| Total operations:      89                 |
| Total write operations: 18                |
| Total read operations:  71                |
+-------------------------------------------+
| Total commuting races: 1163               |
| Total harmful races:   95                 |
| Total filtered races:  0                  |
| Total Time Filtered races:  78            |
| Total Time Edges:      78                 |
+-------------------------------------------+
Number of packet traces with races: 59
Number of packet inconsistencies:  0
Number of packet inconsistencies that are actually consistent (covered):  36
Number of packet inconsistencies the first race is already inconsistent:  23
Number of packet inconsistencies after trimming repeated races:  0
Number of packet inconsistent updates:  0
Number of races:  1336
Number of races filtered by time:  78
Number of commuting races:  1163
Number of harmful races:  42
Number of covered races:  53
Number of versions: 5
Inconsistent updates: 0
Done. Time elapsed: 0.481109857559 s
load_trace: 0.241439819336 s
detect_races: 0.0919530391693 s
extract_traces_time: 0.0172030925751 s
find_reactive_cmds_time: 0.000380039215088 s
find_proactive_cmds_time: 0.0122239589691 s
find_covered_races_time: 0.109471082687 s
per_packet_inconsistent_time: 0.00836682319641 s
find_inconsistent_update_time: -3.40938568115e-05 s
Read 497 events.
Added 476 events.
Total write operations: 18
Total read operations: 71
Processing 153 w/w combinations
Updating has_path path cache...
10% 
20% 
30% 
40% 
50% 
60% 
70% 
80% 
90% 
100% 
Processing 1278 r/w combinations
10% 
20% 
30% 
40% 
50% 
60% 
70% 
80% 
90% 
100% 
Updating has_path path cache...
+-------------------------------------------+
| Total operations:      89                 |
| Total write operations: 18                |
| Total read operations:  71                |
+-------------------------------------------+
| Total commuting races: 1163               |
| Total harmful races:   106                |
| Total filtered races:  0                  |
| Total Time Filtered races:  67            |
| Total Time Edges:      67                 |
+-------------------------------------------+
Number of packet traces with races: 66
Number of packet inconsistencies:  0
Number of packet inconsistencies that are actually consistent (covered):  39
Number of packet inconsistencies the first race is already inconsistent:  27
Number of packet inconsistencies after trimming repeated races:  0
Number of packet inconsistent updates:  0
Number of races:  1336
Number of races filtered by time:  67
Number of commuting races:  1163
Number of harmful races:  48
Number of covered races:  58
Number of versions: 5
Inconsistent updates: 0
Done. Time elapsed: 0.469366073608 s
load_trace: 0.247201919556 s
detect_races: 0.0813281536102 s
extract_traces_time: 0.0162138938904 s
find_reactive_cmds_time: 0.000370025634766 s
find_proactive_cmds_time: 0.0117499828339 s
find_covered_races_time: 0.104135990143 s
per_packet_inconsistent_time: 0.00829005241394 s
find_inconsistent_update_time: -3.88622283936e-05 s
Read 497 events.
Added 476 events.
Total write operations: 18
Total read operations: 71
Processing 153 w/w combinations
Updating has_path path cache...
10% 
20% 
30% 
40% 
50% 
60% 
70% 
80% 
90% 
100% 
Processing 1278 r/w combinations
10% 
20% 
30% 
40% 
50% 
60% 
70% 
80% 
90% 
100% 
Updating has_path path cache...
+-------------------------------------------+
| Total operations:      89                 |
| Total write operations: 18                |
| Total read operations:  71                |
+-------------------------------------------+
| Total commuting races: 1163               |
| Total harmful races:   115                |
| Total filtered races:  0                  |
| Total Time Filtered races:  58            |
| Total Time Edges:      58                 |
+-------------------------------------------+
Number of packet traces with races: 70
Number of packet inconsistencies:  0
Number of packet inconsistencies that are actually consistent (covered):  42
Number of packet inconsistencies the first race is already inconsistent:  28
Number of packet inconsistencies after trimming repeated races:  0
Number of packet inconsistent updates:  0
Number of races:  1336
Number of races filtered by time:  58
Number of commuting races:  1163
Number of harmful races:  52
Number of covered races:  63
Number of versions: 5
Inconsistent updates: 0
Done. Time elapsed: 0.471540927887 s
load_trace: 0.251023054123 s
detect_races: 0.0818598270416 s
extract_traces_time: 0.016154050827 s
find_reactive_cmds_time: 0.000360012054443 s
find_proactive_cmds_time: 0.01176404953 s
find_covered_races_time: 0.101506948471 s
per_packet_inconsistent_time: 0.00877714157104 s
find_inconsistent_update_time: -5.98430633545e-05 s
Read 497 events.
Added 476 events.
Total write operations: 18
Total read operations: 71
Processing 153 w/w combinations
Updating has_path path cache...
10% 
20% 
30% 
40% 
50% 
60% 
70% 
80% 
90% 
100% 
Processing 1278 r/w combinations
10% 
20% 
30% 
40% 
50% 
60% 
70% 
80% 
90% 
100% 
Updating has_path path cache...
+-------------------------------------------+
| Total operations:      89                 |
| Total write operations: 18                |
| Total read operations:  71                |
+-------------------------------------------+
| Total commuting races: 1163               |
| Total harmful races:   137                |
| Total filtered races:  0                  |
| Total Time Filtered races:  36            |
| Total Time Edges:      36                 |
+-------------------------------------------+
Number of packet traces with races: 71
Number of packet inconsistencies:  0
Number of packet inconsistencies that are actually consistent (covered):  53
Number of packet inconsistencies the first race is already inconsistent:  18
Number of packet inconsistencies after trimming repeated races:  0
Number of packet inconsistent updates:  0
Number of races:  1336
Number of races filtered by time:  36
Number of commuting races:  1163
Number of harmful races:  53
Number of covered races:  84
Number of versions: 5
Inconsistent updates: 0
Done. Time elapsed: 0.485029935837 s
load_trace: 0.243042945862 s
detect_races: 0.0794060230255 s
extract_traces_time: 0.0184328556061 s
find_reactive_cmds_time: 0.000411987304688 s
find_proactive_cmds_time: 0.0151450634003 s
find_covered_races_time: 0.118402957916 s
per_packet_inconsistent_time: 0.0101079940796 s
find_inconsistent_update_time: -4.31537628174e-05 s
