Read 4082 events.
Added 4033 events.
Total write operations: 487
Total read operations: 663
Processing 118341 w/w combinations
Updating has_path path cache...
10% 
20% 
30% 
40% 
50% 
60% 
70% 
80% 
90% 
100% 
Processing 322881 r/w combinations
10% 
20% 
30% 
40% 
50% 
60% 
70% 
80% 
90% 
100% 
Updating has_path path cache...
+-------------------------------------------+
| Total operations:      1150               |
| Total write operations: 487               |
| Total read operations:  663               |
+-------------------------------------------+
| Total commuting races: 61337              |
| Total harmful races:   729                |
| Total filtered races:  0                  |
| Total Time Filtered races:  0             |
| Total Time Edges:      0                  |
+-------------------------------------------+
Number of packet traces with races: 148
Number of packet inconsistencies:  116
Number of packet inconsistencies that are actually consistent (covered):  2
Number of packet inconsistencies the first race is already inconsistent:  30
Number of packet inconsistencies after trimming repeated races:  89
Number of packet inconsistent updates:  0
Number of races:  62066
Number of races filtered by time:  0
Number of commuting races:  61337
Number of harmful races:  592
Number of covered races:  137
Number of versions: 508
Inconsistent updates: 0
Done. Time elapsed: 25.1223239899 s
load_trace: 19.6531248093 s
detect_races: 4.14090800285 s
extract_traces_time: 0.489071130753 s
find_reactive_cmds_time: 0.0144188404083 s
find_proactive_cmds_time: 0.109111070633 s
find_covered_races_time: 0.2583360672 s
per_packet_inconsistent_time: 0.456701993942 s
find_inconsistent_update_time: -0.000595092773438 s
Read 4082 events.
Added 4033 events.
Total write operations: 487
Total read operations: 663
Processing 118341 w/w combinations
Updating has_path path cache...
10% 
20% 
30% 
40% 
50% 
60% 
70% 
80% 
90% 
100% 
Processing 322881 r/w combinations
10% 
20% 
30% 
40% 
50% 
60% 
70% 
80% 
90% 
100% 
Updating has_path path cache...
+-------------------------------------------+
| Total operations:      1150               |
| Total write operations: 487               |
| Total read operations:  663               |
+-------------------------------------------+
| Total commuting races: 61337              |
| Total harmful races:   0                  |
| Total filtered races:  0                  |
| Total Time Filtered races:  729           |
| Total Time Edges:      729                |
+-------------------------------------------+
Number of packet traces with races: 0
Number of packet inconsistencies:  0
Number of packet inconsistencies that are actually consistent (covered):  0
Number of packet inconsistencies the first race is already inconsistent:  0
Number of packet inconsistencies after trimming repeated races:  0
Number of packet inconsistent updates:  0
Number of races:  62066
Number of races filtered by time:  729
Number of commuting races:  61337
Number of harmful races:  0
Number of covered races:  0
Number of versions: 508
Inconsistent updates: 0
Done. Time elapsed: 25.4698770046 s
load_trace: 19.5631999969 s
detect_races: 4.67112612724 s
extract_traces_time: 0.940218925476 s
find_reactive_cmds_time: 0.027862071991 s
find_proactive_cmds_time: 0.182251930237 s
find_covered_races_time: 0.0785870552063 s
per_packet_inconsistent_time: 0.00623297691345 s
find_inconsistent_update_time: -0.000397920608521 s
Read 4082 events.
Added 4033 events.
Total write operations: 487
Total read operations: 663
Processing 118341 w/w combinations
Updating has_path path cache...
10% 
20% 
30% 
40% 
50% 
60% 
70% 
80% 
90% 
100% 
Processing 322881 r/w combinations
10% 
20% 
30% 
40% 
50% 
60% 
70% 
80% 
90% 
100% 
Updating has_path path cache...
+-------------------------------------------+
| Total operations:      1150               |
| Total write operations: 487               |
| Total read operations:  663               |
+-------------------------------------------+
| Total commuting races: 61337              |
| Total harmful races:   28                 |
| Total filtered races:  0                  |
| Total Time Filtered races:  701           |
| Total Time Edges:      701                |
+-------------------------------------------+
Number of packet traces with races: 12
Number of packet inconsistencies:  8
Number of packet inconsistencies that are actually consistent (covered):  0
Number of packet inconsistencies the first race is already inconsistent:  4
Number of packet inconsistencies after trimming repeated races:  8
Number of packet inconsistent updates:  0
Number of races:  62066
Number of races filtered by time:  701
Number of commuting races:  61337
Number of harmful races:  28
Number of covered races:  0
Number of versions: 508
Inconsistent updates: 0
Done. Time elapsed: 31.1383228302 s
load_trace: 25.868927002 s
detect_races: 4.45542192459 s
extract_traces_time: 0.609710931778 s
find_reactive_cmds_time: 0.0145881175995 s
find_proactive_cmds_time: 0.117537021637 s
find_covered_races_time: 0.0535190105438 s
per_packet_inconsistent_time: 0.0183849334717 s
find_inconsistent_update_time: -0.000180959701538 s
Read 4082 events.
Added 4033 events.
Total write operations: 487
Total read operations: 663
Processing 118341 w/w combinations
Updating has_path path cache...
10% 
20% 
30% 
40% 
50% 
60% 
70% 
80% 
90% 
100% 
Processing 322881 r/w combinations
10% 
20% 
30% 
40% 
50% 
60% 
70% 
80% 
90% 
100% 
Updating has_path path cache...
+-------------------------------------------+
| Total operations:      1150               |
| Total write operations: 487               |
| Total read operations:  663               |
+-------------------------------------------+
| Total commuting races: 61337              |
| Total harmful races:   65                 |
| Total filtered races:  0                  |
| Total Time Filtered races:  664           |
| Total Time Edges:      664                |
+-------------------------------------------+
Number of packet traces with races: 28
Number of packet inconsistencies:  18
Number of packet inconsistencies that are actually consistent (covered):  0
Number of packet inconsistencies the first race is already inconsistent:  10
Number of packet inconsistencies after trimming repeated races:  18
Number of packet inconsistent updates:  0
Number of races:  62066
Number of races filtered by time:  664
Number of commuting races:  61337
Number of harmful races:  65
Number of covered races:  0
Number of versions: 508
Inconsistent updates: 0
Done. Time elapsed: 25.1518781185 s
load_trace: 20.0354681015 s
detect_races: 4.32230997086 s
extract_traces_time: 0.570582151413 s
find_reactive_cmds_time: 0.0144939422607 s
find_proactive_cmds_time: 0.107245922089 s
find_covered_races_time: 0.0622990131378 s
per_packet_inconsistent_time: 0.0392229557037 s
find_inconsistent_update_time: -0.000204086303711 s
Read 4082 events.
Added 4033 events.
Total write operations: 487
Total read operations: 663
Processing 118341 w/w combinations
Updating has_path path cache...
10% 
20% 
30% 
40% 
50% 
60% 
70% 
80% 
90% 
100% 
Processing 322881 r/w combinations
10% 
20% 
30% 
40% 
50% 
60% 
70% 
80% 
90% 
100% 
Updating has_path path cache...
+-------------------------------------------+
| Total operations:      1150               |
| Total write operations: 487               |
| Total read operations:  663               |
+-------------------------------------------+
| Total commuting races: 61337              |
| Total harmful races:   83                 |
| Total filtered races:  0                  |
| Total Time Filtered races:  646           |
| Total Time Edges:      646                |
+-------------------------------------------+
Number of packet traces with races: 34
Number of packet inconsistencies:  22
Number of packet inconsistencies that are actually consistent (covered):  0
Number of packet inconsistencies the first race is already inconsistent:  12
Number of packet inconsistencies after trimming repeated races:  22
Number of packet inconsistent updates:  0
Number of races:  62066
Number of races filtered by time:  646
Number of commuting races:  61337
Number of harmful races:  83
Number of covered races:  0
Number of versions: 508
Inconsistent updates: 0
Done. Time elapsed: 24.3858850002 s
load_trace: 19.3110530376 s
detect_races: 4.23237299919 s
extract_traces_time: 0.595676898956 s
find_reactive_cmds_time: 0.0145130157471 s
find_proactive_cmds_time: 0.109467983246 s
find_covered_races_time: 0.0688831806183 s
per_packet_inconsistent_time: 0.0536499023438 s
find_inconsistent_update_time: -0.00021505355835 s
Read 4082 events.
Added 4033 events.
Total write operations: 487
Total read operations: 663
Processing 118341 w/w combinations
Updating has_path path cache...
10% 
20% 
30% 
40% 
50% 
60% 
70% 
80% 
90% 
100% 
Processing 322881 r/w combinations
10% 
20% 
30% 
40% 
50% 
60% 
70% 
80% 
90% 
100% 
Updating has_path path cache...
+-------------------------------------------+
| Total operations:      1150               |
| Total write operations: 487               |
| Total read operations:  663               |
+-------------------------------------------+
| Total commuting races: 61337              |
| Total harmful races:   107                |
| Total filtered races:  0                  |
| Total Time Filtered races:  622           |
| Total Time Edges:      622                |
+-------------------------------------------+
Number of packet traces with races: 39
Number of packet inconsistencies:  27
Number of packet inconsistencies that are actually consistent (covered):  0
Number of packet inconsistencies the first race is already inconsistent:  12
Number of packet inconsistencies after trimming repeated races:  25
Number of packet inconsistent updates:  0
Number of races:  62066
Number of races filtered by time:  622
Number of commuting races:  61337
Number of harmful races:  107
Number of covered races:  0
Number of versions: 508
Inconsistent updates: 0
Done. Time elapsed: 25.4326839447 s
load_trace: 20.2561759949 s
detect_races: 4.31887102127 s
extract_traces_time: 0.595471858978 s
find_reactive_cmds_time: 0.0142149925232 s
find_proactive_cmds_time: 0.110183000565 s
find_covered_races_time: 0.0704860687256 s
per_packet_inconsistent_time: 0.0669770240784 s
find_inconsistent_update_time: -0.000247955322266 s
Read 4082 events.
Added 4033 events.
Total write operations: 487
Total read operations: 663
Processing 118341 w/w combinations
Updating has_path path cache...
10% 
20% 
30% 
40% 
50% 
60% 
70% 
80% 
90% 
100% 
Processing 322881 r/w combinations
10% 
20% 
30% 
40% 
50% 
60% 
70% 
80% 
90% 
100% 
Updating has_path path cache...
+-------------------------------------------+
| Total operations:      1150               |
| Total write operations: 487               |
| Total read operations:  663               |
+-------------------------------------------+
| Total commuting races: 61337              |
| Total harmful races:   134                |
| Total filtered races:  0                  |
| Total Time Filtered races:  595           |
| Total Time Edges:      595                |
+-------------------------------------------+
Number of packet traces with races: 50
Number of packet inconsistencies:  35
Number of packet inconsistencies that are actually consistent (covered):  0
Number of packet inconsistencies the first race is already inconsistent:  15
Number of packet inconsistencies after trimming repeated races:  33
Number of packet inconsistent updates:  0
Number of races:  62066
Number of races filtered by time:  595
Number of commuting races:  61337
Number of harmful races:  134
Number of covered races:  0
Number of versions: 508
Inconsistent updates: 0
Done. Time elapsed: 24.0102300644 s
load_trace: 19.0511729717 s
detect_races: 4.11566305161 s
extract_traces_time: 0.558382034302 s
find_reactive_cmds_time: 0.0142598152161 s
find_proactive_cmds_time: 0.104953050613 s
find_covered_races_time: 0.0798311233521 s
per_packet_inconsistent_time: 0.0856359004974 s
find_inconsistent_update_time: -0.000280141830444 s
Read 4082 events.
Added 4033 events.
Total write operations: 487
Total read operations: 663
Processing 118341 w/w combinations
Updating has_path path cache...
10% 
20% 
30% 
40% 
50% 
60% 
70% 
80% 
90% 
100% 
Processing 322881 r/w combinations
10% 
20% 
30% 
40% 
50% 
60% 
70% 
80% 
90% 
100% 
Updating has_path path cache...
+-------------------------------------------+
| Total operations:      1150               |
| Total write operations: 487               |
| Total read operations:  663               |
+-------------------------------------------+
| Total commuting races: 61337              |
| Total harmful races:   161                |
| Total filtered races:  0                  |
| Total Time Filtered races:  568           |
| Total Time Edges:      568                |
+-------------------------------------------+
Number of packet traces with races: 58
Number of packet inconsistencies:  41
Number of packet inconsistencies that are actually consistent (covered):  0
Number of packet inconsistencies the first race is already inconsistent:  17
Number of packet inconsistencies after trimming repeated races:  39
Number of packet inconsistent updates:  0
Number of races:  62066
Number of races filtered by time:  568
Number of commuting races:  61337
Number of harmful races:  161
Number of covered races:  0
Number of versions: 508
Inconsistent updates: 0
Done. Time elapsed: 24.8312370777 s
load_trace: 19.5849130154 s
detect_races: 4.34267997742 s
extract_traces_time: 0.568599939346 s
find_reactive_cmds_time: 0.0140860080719 s
find_proactive_cmds_time: 0.110453128815 s
find_covered_races_time: 0.0918488502502 s
per_packet_inconsistent_time: 0.118305206299 s
find_inconsistent_update_time: -0.000298976898193 s
Read 4082 events.
Added 4033 events.
Total write operations: 487
Total read operations: 663
Processing 118341 w/w combinations
Updating has_path path cache...
10% 
20% 
30% 
40% 
50% 
60% 
70% 
80% 
90% 
100% 
Processing 322881 r/w combinations
10% 
20% 
30% 
40% 
50% 
60% 
70% 
80% 
90% 
100% 
Updating has_path path cache...
+-------------------------------------------+
| Total operations:      1150               |
| Total write operations: 487               |
| Total read operations:  663               |
+-------------------------------------------+
| Total commuting races: 61337              |
| Total harmful races:   187                |
| Total filtered races:  0                  |
| Total Time Filtered races:  542           |
| Total Time Edges:      542                |
+-------------------------------------------+
Number of packet traces with races: 65
Number of packet inconsistencies:  48
Number of packet inconsistencies that are actually consistent (covered):  0
Number of packet inconsistencies the first race is already inconsistent:  17
Number of packet inconsistencies after trimming repeated races:  45
Number of packet inconsistent updates:  0
Number of races:  62066
Number of races filtered by time:  542
Number of commuting races:  61337
Number of harmful races:  187
Number of covered races:  0
Number of versions: 508
Inconsistent updates: 0
Done. Time elapsed: 24.3350360394 s
load_trace: 19.0124490261 s
detect_races: 4.37518405914 s
extract_traces_time: 0.584599971771 s
find_reactive_cmds_time: 0.0146191120148 s
find_proactive_cmds_time: 0.107240915298 s
find_covered_races_time: 0.101892948151 s
per_packet_inconsistent_time: 0.138173103333 s
find_inconsistent_update_time: -0.000823974609375 s
Read 4082 events.
Added 4033 events.
Total write operations: 487
Total read operations: 663
Processing 118341 w/w combinations
Updating has_path path cache...
10% 
20% 
30% 
40% 
50% 
60% 
70% 
80% 
90% 
100% 
Processing 322881 r/w combinations
10% 
20% 
30% 
40% 
50% 
60% 
70% 
80% 
90% 
100% 
Updating has_path path cache...
+-------------------------------------------+
| Total operations:      1150               |
| Total write operations: 487               |
| Total read operations:  663               |
+-------------------------------------------+
| Total commuting races: 61337              |
| Total harmful races:   213                |
| Total filtered races:  0                  |
| Total Time Filtered races:  516           |
| Total Time Edges:      516                |
+-------------------------------------------+
Number of packet traces with races: 73
Number of packet inconsistencies:  55
Number of packet inconsistencies that are actually consistent (covered):  0
Number of packet inconsistencies the first race is already inconsistent:  18
Number of packet inconsistencies after trimming repeated races:  52
Number of packet inconsistent updates:  0
Number of races:  62066
Number of races filtered by time:  516
Number of commuting races:  61337
Number of harmful races:  212
Number of covered races:  1
Number of versions: 508
Inconsistent updates: 0
Done. Time elapsed: 24.4974250793 s
load_trace: 19.307500124 s
detect_races: 4.237667799 s
extract_traces_time: 0.561495065689 s
find_reactive_cmds_time: 0.0145709514618 s
find_proactive_cmds_time: 0.107323169708 s
find_covered_races_time: 0.105289936066 s
per_packet_inconsistent_time: 0.163197994232 s
find_inconsistent_update_time: -0.000324964523315 s
Read 4082 events.
Added 4033 events.
Total write operations: 487
Total read operations: 663
Processing 118341 w/w combinations
Updating has_path path cache...
10% 
20% 
30% 
40% 
50% 
60% 
70% 
80% 
90% 
100% 
Processing 322881 r/w combinations
10% 
20% 
30% 
40% 
50% 
60% 
70% 
80% 
90% 
100% 
Updating has_path path cache...
+-------------------------------------------+
| Total operations:      1150               |
| Total write operations: 487               |
| Total read operations:  663               |
+-------------------------------------------+
| Total commuting races: 61337              |
| Total harmful races:   235                |
| Total filtered races:  0                  |
| Total Time Filtered races:  494           |
| Total Time Edges:      494                |
+-------------------------------------------+
Number of packet traces with races: 77
Number of packet inconsistencies:  61
Number of packet inconsistencies that are actually consistent (covered):  0
Number of packet inconsistencies the first race is already inconsistent:  16
Number of packet inconsistencies after trimming repeated races:  54
Number of packet inconsistent updates:  0
Number of races:  62066
Number of races filtered by time:  494
Number of commuting races:  61337
Number of harmful races:  229
Number of covered races:  6
Number of versions: 508
Inconsistent updates: 0
Done. Time elapsed: 24.6647601128 s
load_trace: 19.4719209671 s
detect_races: 4.23183298111 s
extract_traces_time: 0.552753210068 s
find_reactive_cmds_time: 0.0152449607849 s
find_proactive_cmds_time: 0.106549978256 s
find_covered_races_time: 0.113448858261 s
per_packet_inconsistent_time: 0.172634124756 s
find_inconsistent_update_time: -0.000323057174683 s
Read 4082 events.
Added 4033 events.
Total write operations: 487
Total read operations: 663
Processing 118341 w/w combinations
Updating has_path path cache...
10% 
20% 
30% 
40% 
50% 
60% 
70% 
80% 
90% 
100% 
Processing 322881 r/w combinations
10% 
20% 
30% 
40% 
50% 
60% 
70% 
80% 
90% 
100% 
Updating has_path path cache...
+-------------------------------------------+
| Total operations:      1150               |
| Total write operations: 487               |
| Total read operations:  663               |
+-------------------------------------------+
| Total commuting races: 61337              |
| Total harmful races:   245                |
| Total filtered races:  0                  |
| Total Time Filtered races:  484           |
| Total Time Edges:      484                |
+-------------------------------------------+
Number of packet traces with races: 78
Number of packet inconsistencies:  62
Number of packet inconsistencies that are actually consistent (covered):  0
Number of packet inconsistencies the first race is already inconsistent:  16
Number of packet inconsistencies after trimming repeated races:  56
Number of packet inconsistent updates:  0
Number of races:  62066
Number of races filtered by time:  484
Number of commuting races:  61337
Number of harmful races:  234
Number of covered races:  11
Number of versions: 508
Inconsistent updates: 0
Done. Time elapsed: 25.240252018 s
load_trace: 19.5916960239 s
detect_races: 4.60802102089 s
extract_traces_time: 0.600741147995 s
find_reactive_cmds_time: 0.0152368545532 s
find_proactive_cmds_time: 0.124060153961 s
find_covered_races_time: 0.118561983109 s
per_packet_inconsistent_time: 0.181543827057 s
find_inconsistent_update_time: -0.000335216522217 s
