Read 2815 events.
Added 2785 events.
Total write operations: 34
Total read operations: 895
Processing 561 w/w combinations
Updating has_path path cache...
10% 
20% 
30% 
40% 
50% 
60% 
70% 
80% 
90% 
100% 
Processing 30430 r/w combinations
10% 
20% 
30% 
40% 
50% 
60% 
70% 
80% 
90% 
100% 
Updating has_path path cache...
+-------------------------------------------+
| Total operations:      929                |
| Total write operations: 34                |
| Total read operations:  895               |
+-------------------------------------------+
| Total commuting races: 5694               |
| Total harmful races:   1809               |
| Total filtered races:  0                  |
| Total Time Filtered races:  0             |
| Total Time Edges:      0                  |
+-------------------------------------------+
Traceback (most recent call last):
  File "./sts/happensbefore/hb_graph.py", line 1533, in <module>
    main.run()
  File "./sts/happensbefore/hb_graph.py", line 1310, in run
    proactive_cmds = self.graph.find_proactive_cmds(reactive_cmds)
  File "./sts/happensbefore/hb_graph.py", line 1094, in find_proactive_cmds
    proactive.sort(key=lambda n: n.operations[0].t)
  File "./sts/happensbefore/hb_graph.py", line 1094, in <lambda>
    proactive.sort(key=lambda n: n.operations[0].t)
IndexError: list index out of range
Read 2815 events.
Added 2785 events.
Total write operations: 34
Total read operations: 895
Processing 561 w/w combinations
Updating has_path path cache...
10% 
20% 
30% 
40% 
50% 
60% 
70% 
80% 
90% 
100% 
Processing 30430 r/w combinations
10% 
20% 
30% 
40% 
50% 
60% 
70% 
80% 
90% 
100% 
Updating has_path path cache...
+-------------------------------------------+
| Total operations:      929                |
| Total write operations: 34                |
| Total read operations:  895               |
+-------------------------------------------+
| Total commuting races: 5694               |
| Total harmful races:   0                  |
| Total filtered races:  0                  |
| Total Time Filtered races:  1809          |
| Total Time Edges:      1809               |
+-------------------------------------------+
Traceback (most recent call last):
  File "./sts/happensbefore/hb_graph.py", line 1533, in <module>
    main.run()
  File "./sts/happensbefore/hb_graph.py", line 1310, in run
    proactive_cmds = self.graph.find_proactive_cmds(reactive_cmds)
  File "./sts/happensbefore/hb_graph.py", line 1094, in find_proactive_cmds
    proactive.sort(key=lambda n: n.operations[0].t)
  File "./sts/happensbefore/hb_graph.py", line 1094, in <lambda>
    proactive.sort(key=lambda n: n.operations[0].t)
IndexError: list index out of range
Read 2815 events.
Added 2785 events.
Total write operations: 34
Total read operations: 895
Processing 561 w/w combinations
Updating has_path path cache...
10% 
20% 
30% 
40% 
50% 
60% 
70% 
80% 
90% 
100% 
Processing 30430 r/w combinations
10% 
20% 
30% 
40% 
50% 
60% 
70% 
80% 
90% 
100% 
Updating has_path path cache...
+-------------------------------------------+
| Total operations:      929                |
| Total write operations: 34                |
| Total read operations:  895               |
+-------------------------------------------+
| Total commuting races: 5694               |
| Total harmful races:   3                  |
| Total filtered races:  0                  |
| Total Time Filtered races:  1806          |
| Total Time Edges:      1806               |
+-------------------------------------------+
Traceback (most recent call last):
  File "./sts/happensbefore/hb_graph.py", line 1533, in <module>
    main.run()
  File "./sts/happensbefore/hb_graph.py", line 1310, in run
    proactive_cmds = self.graph.find_proactive_cmds(reactive_cmds)
  File "./sts/happensbefore/hb_graph.py", line 1094, in find_proactive_cmds
    proactive.sort(key=lambda n: n.operations[0].t)
  File "./sts/happensbefore/hb_graph.py", line 1094, in <lambda>
    proactive.sort(key=lambda n: n.operations[0].t)
IndexError: list index out of range
Read 2815 events.
Added 2785 events.
Total write operations: 34
Total read operations: 895
Processing 561 w/w combinations
Updating has_path path cache...
10% 
20% 
30% 
40% 
50% 
60% 
70% 
80% 
90% 
100% 
Processing 30430 r/w combinations
10% 
20% 
30% 
40% 
50% 
60% 
70% 
80% 
90% 
100% 
Updating has_path path cache...
+-------------------------------------------+
| Total operations:      929                |
| Total write operations: 34                |
| Total read operations:  895               |
+-------------------------------------------+
| Total commuting races: 5694               |
| Total harmful races:   10                 |
| Total filtered races:  0                  |
| Total Time Filtered races:  1799          |
| Total Time Edges:      1799               |
+-------------------------------------------+
Traceback (most recent call last):
  File "./sts/happensbefore/hb_graph.py", line 1533, in <module>
    main.run()
  File "./sts/happensbefore/hb_graph.py", line 1310, in run
    proactive_cmds = self.graph.find_proactive_cmds(reactive_cmds)
  File "./sts/happensbefore/hb_graph.py", line 1094, in find_proactive_cmds
    proactive.sort(key=lambda n: n.operations[0].t)
  File "./sts/happensbefore/hb_graph.py", line 1094, in <lambda>
    proactive.sort(key=lambda n: n.operations[0].t)
IndexError: list index out of range
Read 2815 events.
Added 2785 events.
Total write operations: 34
Total read operations: 895
Processing 561 w/w combinations
Updating has_path path cache...
10% 
20% 
30% 
40% 
50% 
60% 
70% 
80% 
90% 
100% 
Processing 30430 r/w combinations
10% 
20% 
30% 
40% 
50% 
60% 
70% 
80% 
90% 
100% 
Updating has_path path cache...
+-------------------------------------------+
| Total operations:      929                |
| Total write operations: 34                |
| Total read operations:  895               |
+-------------------------------------------+
| Total commuting races: 5694               |
| Total harmful races:   61                 |
| Total filtered races:  0                  |
| Total Time Filtered races:  1748          |
| Total Time Edges:      1748               |
+-------------------------------------------+
Traceback (most recent call last):
  File "./sts/happensbefore/hb_graph.py", line 1533, in <module>
    main.run()
  File "./sts/happensbefore/hb_graph.py", line 1310, in run
    proactive_cmds = self.graph.find_proactive_cmds(reactive_cmds)
  File "./sts/happensbefore/hb_graph.py", line 1094, in find_proactive_cmds
    proactive.sort(key=lambda n: n.operations[0].t)
  File "./sts/happensbefore/hb_graph.py", line 1094, in <lambda>
    proactive.sort(key=lambda n: n.operations[0].t)
IndexError: list index out of range
Read 2815 events.
Added 2785 events.
Total write operations: 34
Total read operations: 895
Processing 561 w/w combinations
Updating has_path path cache...
10% 
20% 
30% 
40% 
50% 
60% 
70% 
80% 
90% 
100% 
Processing 30430 r/w combinations
10% 
20% 
30% 
40% 
50% 
60% 
70% 
80% 
90% 
100% 
Updating has_path path cache...
+-------------------------------------------+
| Total operations:      929                |
| Total write operations: 34                |
| Total read operations:  895               |
+-------------------------------------------+
| Total commuting races: 5694               |
| Total harmful races:   144                |
| Total filtered races:  0                  |
| Total Time Filtered races:  1665          |
| Total Time Edges:      1665               |
+-------------------------------------------+
Traceback (most recent call last):
  File "./sts/happensbefore/hb_graph.py", line 1533, in <module>
    main.run()
  File "./sts/happensbefore/hb_graph.py", line 1310, in run
    proactive_cmds = self.graph.find_proactive_cmds(reactive_cmds)
  File "./sts/happensbefore/hb_graph.py", line 1094, in find_proactive_cmds
    proactive.sort(key=lambda n: n.operations[0].t)
  File "./sts/happensbefore/hb_graph.py", line 1094, in <lambda>
    proactive.sort(key=lambda n: n.operations[0].t)
IndexError: list index out of range
Read 2815 events.
Added 2785 events.
Total write operations: 34
Total read operations: 895
Processing 561 w/w combinations
Updating has_path path cache...
10% 
20% 
30% 
40% 
50% 
60% 
70% 
80% 
90% 
100% 
Processing 30430 r/w combinations
10% 
20% 
30% 
40% 
50% 
60% 
70% 
80% 
90% 
100% 
Updating has_path path cache...
+-------------------------------------------+
| Total operations:      929                |
| Total write operations: 34                |
| Total read operations:  895               |
+-------------------------------------------+
| Total commuting races: 5694               |
| Total harmful races:   225                |
| Total filtered races:  0                  |
| Total Time Filtered races:  1584          |
| Total Time Edges:      1584               |
+-------------------------------------------+
Traceback (most recent call last):
  File "./sts/happensbefore/hb_graph.py", line 1533, in <module>
    main.run()
  File "./sts/happensbefore/hb_graph.py", line 1310, in run
    proactive_cmds = self.graph.find_proactive_cmds(reactive_cmds)
  File "./sts/happensbefore/hb_graph.py", line 1094, in find_proactive_cmds
    proactive.sort(key=lambda n: n.operations[0].t)
  File "./sts/happensbefore/hb_graph.py", line 1094, in <lambda>
    proactive.sort(key=lambda n: n.operations[0].t)
IndexError: list index out of range
Read 2815 events.
Added 2785 events.
Total write operations: 34
Total read operations: 895
Processing 561 w/w combinations
Updating has_path path cache...
10% 
20% 
30% 
40% 
50% 
60% 
70% 
80% 
90% 
100% 
Processing 30430 r/w combinations
10% 
20% 
30% 
40% 
50% 
60% 
70% 
80% 
90% 
100% 
Updating has_path path cache...
+-------------------------------------------+
| Total operations:      929                |
| Total write operations: 34                |
| Total read operations:  895               |
+-------------------------------------------+
| Total commuting races: 5694               |
| Total harmful races:   270                |
| Total filtered races:  0                  |
| Total Time Filtered races:  1539          |
| Total Time Edges:      1539               |
+-------------------------------------------+
Traceback (most recent call last):
  File "./sts/happensbefore/hb_graph.py", line 1533, in <module>
    main.run()
  File "./sts/happensbefore/hb_graph.py", line 1310, in run
    proactive_cmds = self.graph.find_proactive_cmds(reactive_cmds)
  File "./sts/happensbefore/hb_graph.py", line 1094, in find_proactive_cmds
    proactive.sort(key=lambda n: n.operations[0].t)
  File "./sts/happensbefore/hb_graph.py", line 1094, in <lambda>
    proactive.sort(key=lambda n: n.operations[0].t)
IndexError: list index out of range
Read 2815 events.
Added 2785 events.
Total write operations: 34
Total read operations: 895
Processing 561 w/w combinations
Updating has_path path cache...
10% 
20% 
30% 
40% 
50% 
60% 
70% 
80% 
90% 
100% 
Processing 30430 r/w combinations
10% 
20% 
30% 
40% 
50% 
60% 
70% 
80% 
90% 
100% 
Updating has_path path cache...
+-------------------------------------------+
| Total operations:      929                |
| Total write operations: 34                |
| Total read operations:  895               |
+-------------------------------------------+
| Total commuting races: 5694               |
| Total harmful races:   341                |
| Total filtered races:  0                  |
| Total Time Filtered races:  1468          |
| Total Time Edges:      1468               |
+-------------------------------------------+
Traceback (most recent call last):
  File "./sts/happensbefore/hb_graph.py", line 1533, in <module>
    main.run()
  File "./sts/happensbefore/hb_graph.py", line 1310, in run
    proactive_cmds = self.graph.find_proactive_cmds(reactive_cmds)
  File "./sts/happensbefore/hb_graph.py", line 1094, in find_proactive_cmds
    proactive.sort(key=lambda n: n.operations[0].t)
  File "./sts/happensbefore/hb_graph.py", line 1094, in <lambda>
    proactive.sort(key=lambda n: n.operations[0].t)
IndexError: list index out of range
Read 2815 events.
Added 2785 events.
Total write operations: 34
Total read operations: 895
Processing 561 w/w combinations
Updating has_path path cache...
10% 
20% 
30% 
40% 
50% 
60% 
70% 
80% 
90% 
100% 
Processing 30430 r/w combinations
10% 
20% 
30% 
40% 
50% 
60% 
70% 
80% 
90% 
100% 
Updating has_path path cache...
+-------------------------------------------+
| Total operations:      929                |
| Total write operations: 34                |
| Total read operations:  895               |
+-------------------------------------------+
| Total commuting races: 5694               |
| Total harmful races:   444                |
| Total filtered races:  0                  |
| Total Time Filtered races:  1365          |
| Total Time Edges:      1365               |
+-------------------------------------------+
Traceback (most recent call last):
  File "./sts/happensbefore/hb_graph.py", line 1533, in <module>
    main.run()
  File "./sts/happensbefore/hb_graph.py", line 1310, in run
    proactive_cmds = self.graph.find_proactive_cmds(reactive_cmds)
  File "./sts/happensbefore/hb_graph.py", line 1094, in find_proactive_cmds
    proactive.sort(key=lambda n: n.operations[0].t)
  File "./sts/happensbefore/hb_graph.py", line 1094, in <lambda>
    proactive.sort(key=lambda n: n.operations[0].t)
IndexError: list index out of range
Read 2815 events.
Added 2785 events.
Total write operations: 34
Total read operations: 895
Processing 561 w/w combinations
Updating has_path path cache...
10% 
20% 
30% 
40% 
50% 
60% 
70% 
80% 
90% 
100% 
Processing 30430 r/w combinations
10% 
20% 
30% 
40% 
50% 
60% 
70% 
80% 
90% 
100% 
Updating has_path path cache...
+-------------------------------------------+
| Total operations:      929                |
| Total write operations: 34                |
| Total read operations:  895               |
+-------------------------------------------+
| Total commuting races: 5694               |
| Total harmful races:   575                |
| Total filtered races:  0                  |
| Total Time Filtered races:  1234          |
| Total Time Edges:      1234               |
+-------------------------------------------+
Traceback (most recent call last):
  File "./sts/happensbefore/hb_graph.py", line 1533, in <module>
    main.run()
  File "./sts/happensbefore/hb_graph.py", line 1310, in run
    proactive_cmds = self.graph.find_proactive_cmds(reactive_cmds)
  File "./sts/happensbefore/hb_graph.py", line 1094, in find_proactive_cmds
    proactive.sort(key=lambda n: n.operations[0].t)
  File "./sts/happensbefore/hb_graph.py", line 1094, in <lambda>
    proactive.sort(key=lambda n: n.operations[0].t)
IndexError: list index out of range
Read 2815 events.
Added 2785 events.
Total write operations: 34
Total read operations: 895
Processing 561 w/w combinations
Updating has_path path cache...
10% 
20% 
30% 
40% 
50% 
60% 
70% 
80% 
90% 
100% 
Processing 30430 r/w combinations
10% 
20% 
30% 
40% 
50% 
60% 
70% 
80% 
90% 
100% 
Updating has_path path cache...
+-------------------------------------------+
| Total operations:      929                |
| Total write operations: 34                |
| Total read operations:  895               |
+-------------------------------------------+
| Total commuting races: 5694               |
| Total harmful races:   645                |
| Total filtered races:  0                  |
| Total Time Filtered races:  1164          |
| Total Time Edges:      1164               |
+-------------------------------------------+
Traceback (most recent call last):
  File "./sts/happensbefore/hb_graph.py", line 1533, in <module>
    main.run()
  File "./sts/happensbefore/hb_graph.py", line 1310, in run
    proactive_cmds = self.graph.find_proactive_cmds(reactive_cmds)
  File "./sts/happensbefore/hb_graph.py", line 1094, in find_proactive_cmds
    proactive.sort(key=lambda n: n.operations[0].t)
  File "./sts/happensbefore/hb_graph.py", line 1094, in <lambda>
    proactive.sort(key=lambda n: n.operations[0].t)
IndexError: list index out of range
