Read 4411 events.
Added 4362 events.
Total write operations: 504
Total read operations: 453
Processing 126756 w/w combinations
Updating has_path path cache...
10% 
20% 
30% 
40% 
50% 
60% 
70% 
80% 
90% 
100% 
Processing 228312 r/w combinations
10% 
20% 
30% 
40% 
50% 
60% 
70% 
80% 
90% 
100% 
Updating has_path path cache...
+-------------------------------------------+
| Total operations:      957                |
| Total write operations: 504               |
| Total read operations:  453               |
+-------------------------------------------+
| Total commuting races: 27956              |
| Total harmful races:   6429               |
| Total filtered races:  0                  |
| Total Time Filtered races:  0             |
| Total Time Edges:      0                  |
+-------------------------------------------+
Number of packet traces with races: 81
Number of packet inconsistencies:  76
Number of packet inconsistencies that are actually consistent (covered):  4
Number of packet inconsistencies the first race is already inconsistent:  1
Number of packet inconsistencies after trimming repeated races:  75
Number of packet inconsistent updates:  4824
Number of races:  34385
Number of races filtered by time:  0
Number of commuting races:  27956
Number of harmful races:  3715
Number of covered races:  2714
Number of versions: 139
Inconsistent updates: 476
Done. Time elapsed: 59.5347929001 s
load_trace: 18.569149971 s
detect_races: 5.3783249855 s
extract_traces_time: 1.48936700821 s
find_reactive_cmds_time: 0.0151460170746 s
find_proactive_cmds_time: 0.0763349533081 s
find_covered_races_time: 32.3162419796 s
per_packet_inconsistent_time: 1.39849209785 s
find_inconsistent_update_time: -0.291680812836 s
Read 4411 events.
Added 4362 events.
Total write operations: 504
Total read operations: 453
Processing 126756 w/w combinations
Updating has_path path cache...
10% 
20% 
30% 
40% 
50% 
60% 
70% 
80% 
90% 
100% 
Processing 228312 r/w combinations
10% 
20% 
30% 
40% 
50% 
60% 
70% 
80% 
90% 
100% 
Updating has_path path cache...
+-------------------------------------------+
| Total operations:      957                |
| Total write operations: 504               |
| Total read operations:  453               |
+-------------------------------------------+
| Total commuting races: 27956              |
| Total harmful races:   0                  |
| Total filtered races:  0                  |
| Total Time Filtered races:  6429          |
| Total Time Edges:      6429               |
+-------------------------------------------+
Number of packet traces with races: 0
Number of packet inconsistencies:  0
Number of packet inconsistencies that are actually consistent (covered):  0
Number of packet inconsistencies the first race is already inconsistent:  0
Number of packet inconsistencies after trimming repeated races:  0
Number of packet inconsistent updates:  0
Number of races:  34385
Number of races filtered by time:  6429
Number of commuting races:  27956
Number of harmful races:  0
Number of covered races:  0
Number of versions: 139
Inconsistent updates: 0
Done. Time elapsed: 30.3923480511 s
load_trace: 18.2776060104 s
detect_races: 7.90545201302 s
extract_traces_time: 2.00343203545 s
find_reactive_cmds_time: 0.0157058238983 s
find_proactive_cmds_time: 0.0697870254517 s
find_covered_races_time: 2.11750507355 s
per_packet_inconsistent_time: 0.00274896621704 s
find_inconsistent_update_time: -7.10487365723e-05 s
Read 4411 events.
Added 4362 events.
Total write operations: 504
Total read operations: 453
Processing 126756 w/w combinations
Updating has_path path cache...
10% 
20% 
30% 
40% 
50% 
60% 
70% 
80% 
90% 
100% 
Processing 228312 r/w combinations
10% 
20% 
30% 
40% 
50% 
60% 
70% 
80% 
90% 
100% 
Updating has_path path cache...
+-------------------------------------------+
| Total operations:      957                |
| Total write operations: 504               |
| Total read operations:  453               |
+-------------------------------------------+
| Total commuting races: 27956              |
| Total harmful races:   102                |
| Total filtered races:  0                  |
| Total Time Filtered races:  6327          |
| Total Time Edges:      6327               |
+-------------------------------------------+
Number of packet traces with races: 52
Number of packet inconsistencies:  45
Number of packet inconsistencies that are actually consistent (covered):  0
Number of packet inconsistencies the first race is already inconsistent:  7
Number of packet inconsistencies after trimming repeated races:  24
Number of packet inconsistent updates:  14
Number of races:  34385
Number of races filtered by time:  6327
Number of commuting races:  27956
Number of harmful races:  97
Number of covered races:  5
Number of versions: 139
Inconsistent updates: 1
Done. Time elapsed: 32.7359929085 s
load_trace: 18.6500937939 s
detect_races: 7.22351002693 s
extract_traces_time: 1.92134404182 s
find_reactive_cmds_time: 0.0182030200958 s
find_proactive_cmds_time: 0.0621409416199 s
find_covered_races_time: 4.79509115219 s
per_packet_inconsistent_time: 0.0647559165955 s
find_inconsistent_update_time: -0.000813961029053 s
Read 4411 events.
Added 4362 events.
Total write operations: 504
Total read operations: 453
Processing 126756 w/w combinations
Updating has_path path cache...
10% 
20% 
30% 
40% 
50% 
60% 
70% 
80% 
90% 
100% 
Processing 228312 r/w combinations
10% 
20% 
30% 
40% 
50% 
60% 
70% 
80% 
90% 
100% 
Updating has_path path cache...
+-------------------------------------------+
| Total operations:      957                |
| Total write operations: 504               |
| Total read operations:  453               |
+-------------------------------------------+
| Total commuting races: 27956              |
| Total harmful races:   228                |
| Total filtered races:  0                  |
| Total Time Filtered races:  6201          |
| Total Time Edges:      6201               |
+-------------------------------------------+
Number of packet traces with races: 59
Number of packet inconsistencies:  58
Number of packet inconsistencies that are actually consistent (covered):  0
Number of packet inconsistencies the first race is already inconsistent:  1
Number of packet inconsistencies after trimming repeated races:  51
Number of packet inconsistent updates:  42
Number of races:  34385
Number of races filtered by time:  6201
Number of commuting races:  27956
Number of harmful races:  219
Number of covered races:  9
Number of versions: 139
Inconsistent updates: 3
Done. Time elapsed: 34.8281319141 s
load_trace: 18.4461529255 s
detect_races: 7.0951590538 s
extract_traces_time: 1.65351891518 s
find_reactive_cmds_time: 0.0157570838928 s
find_proactive_cmds_time: 0.0660920143127 s
find_covered_races_time: 7.46518492699 s
per_packet_inconsistent_time: 0.0834300518036 s
find_inconsistent_update_time: -0.00278687477112 s
Read 4411 events.
Added 4362 events.
Total write operations: 504
Total read operations: 453
Processing 126756 w/w combinations
Updating has_path path cache...
10% 
20% 
30% 
40% 
50% 
60% 
70% 
80% 
90% 
100% 
Processing 228312 r/w combinations
10% 
20% 
30% 
40% 
50% 
60% 
70% 
80% 
90% 
100% 
Updating has_path path cache...
+-------------------------------------------+
| Total operations:      957                |
| Total write operations: 504               |
| Total read operations:  453               |
+-------------------------------------------+
| Total commuting races: 27956              |
| Total harmful races:   343                |
| Total filtered races:  0                  |
| Total Time Filtered races:  6086          |
| Total Time Edges:      6086               |
+-------------------------------------------+
Number of packet traces with races: 61
Number of packet inconsistencies:  60
Number of packet inconsistencies that are actually consistent (covered):  0
Number of packet inconsistencies the first race is already inconsistent:  1
Number of packet inconsistencies after trimming repeated races:  54
Number of packet inconsistent updates:  70
Number of races:  34385
Number of races filtered by time:  6086
Number of commuting races:  27956
Number of harmful races:  330
Number of covered races:  13
Number of versions: 139
Inconsistent updates: 5
Done. Time elapsed: 36.5366420746 s
load_trace: 18.668954134 s
detect_races: 6.81365203857 s
extract_traces_time: 1.54999184608 s
find_reactive_cmds_time: 0.0158851146698 s
find_proactive_cmds_time: 0.0689480304718 s
find_covered_races_time: 9.27962899208 s
per_packet_inconsistent_time: 0.135967969894 s
find_inconsistent_update_time: -0.00357389450073 s
Read 4411 events.
Added 4362 events.
Total write operations: 504
Total read operations: 453
Processing 126756 w/w combinations
Updating has_path path cache...
10% 
20% 
30% 
40% 
50% 
60% 
70% 
80% 
90% 
100% 
Processing 228312 r/w combinations
10% 
20% 
30% 
40% 
50% 
60% 
70% 
80% 
90% 
100% 
Updating has_path path cache...
+-------------------------------------------+
| Total operations:      957                |
| Total write operations: 504               |
| Total read operations:  453               |
+-------------------------------------------+
| Total commuting races: 27956              |
| Total harmful races:   424                |
| Total filtered races:  0                  |
| Total Time Filtered races:  6005          |
| Total Time Edges:      6005               |
+-------------------------------------------+
Number of packet traces with races: 62
Number of packet inconsistencies:  60
Number of packet inconsistencies that are actually consistent (covered):  0
Number of packet inconsistencies the first race is already inconsistent:  2
Number of packet inconsistencies after trimming repeated races:  54
Number of packet inconsistent updates:  112
Number of races:  34385
Number of races filtered by time:  6005
Number of commuting races:  27956
Number of harmful races:  405
Number of covered races:  19
Number of versions: 139
Inconsistent updates: 8
Done. Time elapsed: 36.7020521164 s
load_trace: 18.8074841499 s
detect_races: 6.72799992561 s
extract_traces_time: 1.47644090652 s
find_reactive_cmds_time: 0.0169501304626 s
find_proactive_cmds_time: 0.065623998642 s
find_covered_races_time: 9.42653894424 s
per_packet_inconsistent_time: 0.175266981125 s
find_inconsistent_update_time: -0.00570607185364 s
Read 4411 events.
Added 4362 events.
Total write operations: 504
Total read operations: 453
Processing 126756 w/w combinations
Updating has_path path cache...
10% 
20% 
30% 
40% 
50% 
60% 
70% 
80% 
90% 
100% 
Processing 228312 r/w combinations
10% 
20% 
30% 
40% 
50% 
60% 
70% 
80% 
90% 
100% 
Updating has_path path cache...
+-------------------------------------------+
| Total operations:      957                |
| Total write operations: 504               |
| Total read operations:  453               |
+-------------------------------------------+
| Total commuting races: 27956              |
| Total harmful races:   490                |
| Total filtered races:  0                  |
| Total Time Filtered races:  5939          |
| Total Time Edges:      5939               |
+-------------------------------------------+
Number of packet traces with races: 64
Number of packet inconsistencies:  62
Number of packet inconsistencies that are actually consistent (covered):  0
Number of packet inconsistencies the first race is already inconsistent:  2
Number of packet inconsistencies after trimming repeated races:  56
Number of packet inconsistent updates:  154
Number of races:  34385
Number of races filtered by time:  5939
Number of commuting races:  27956
Number of harmful races:  464
Number of covered races:  26
Number of versions: 139
Inconsistent updates: 11
Done. Time elapsed: 35.7028439045 s
load_trace: 18.4070849419 s
detect_races: 6.47481513023 s
extract_traces_time: 1.47890686989 s
find_reactive_cmds_time: 0.0170741081238 s
find_proactive_cmds_time: 0.0647258758545 s
find_covered_races_time: 9.07369208336 s
per_packet_inconsistent_time: 0.176996946335 s
find_inconsistent_update_time: -0.00947594642639 s
Read 4411 events.
Added 4362 events.
Total write operations: 504
Total read operations: 453
Processing 126756 w/w combinations
Updating has_path path cache...
10% 
20% 
30% 
40% 
50% 
60% 
70% 
80% 
90% 
100% 
Processing 228312 r/w combinations
10% 
20% 
30% 
40% 
50% 
60% 
70% 
80% 
90% 
100% 
Updating has_path path cache...
+-------------------------------------------+
| Total operations:      957                |
| Total write operations: 504               |
| Total read operations:  453               |
+-------------------------------------------+
| Total commuting races: 27956              |
| Total harmful races:   540                |
| Total filtered races:  0                  |
| Total Time Filtered races:  5889          |
| Total Time Edges:      5889               |
+-------------------------------------------+
Number of packet traces with races: 64
Number of packet inconsistencies:  63
Number of packet inconsistencies that are actually consistent (covered):  0
Number of packet inconsistencies the first race is already inconsistent:  1
Number of packet inconsistencies after trimming repeated races:  56
Number of packet inconsistent updates:  168
Number of races:  34385
Number of races filtered by time:  5889
Number of commuting races:  27956
Number of harmful races:  512
Number of covered races:  28
Number of versions: 139
Inconsistent updates: 12
Done. Time elapsed: 37.0120441914 s
load_trace: 18.7787110806 s
detect_races: 6.71309709549 s
extract_traces_time: 1.44443893433 s
find_reactive_cmds_time: 0.0190060138702 s
find_proactive_cmds_time: 0.0705819129944 s
find_covered_races_time: 9.79286599159 s
per_packet_inconsistent_time: 0.184919118881 s
find_inconsistent_update_time: -0.00838398933411 s
Read 4411 events.
Added 4362 events.
Total write operations: 504
Total read operations: 453
Processing 126756 w/w combinations
Updating has_path path cache...
10% 
20% 
30% 
40% 
50% 
60% 
70% 
80% 
90% 
100% 
Processing 228312 r/w combinations
10% 
20% 
30% 
40% 
50% 
60% 
70% 
80% 
90% 
100% 
Updating has_path path cache...
+-------------------------------------------+
| Total operations:      957                |
| Total write operations: 504               |
| Total read operations:  453               |
+-------------------------------------------+
| Total commuting races: 27956              |
| Total harmful races:   633                |
| Total filtered races:  0                  |
| Total Time Filtered races:  5796          |
| Total Time Edges:      5796               |
+-------------------------------------------+
Number of packet traces with races: 67
Number of packet inconsistencies:  66
Number of packet inconsistencies that are actually consistent (covered):  0
Number of packet inconsistencies the first race is already inconsistent:  1
Number of packet inconsistencies after trimming repeated races:  60
Number of packet inconsistent updates:  214
Number of races:  34385
Number of races filtered by time:  5796
Number of commuting races:  27956
Number of harmful races:  604
Number of covered races:  29
Number of versions: 139
Inconsistent updates: 24
Done. Time elapsed: 37.5547559261 s
load_trace: 18.78323102 s
detect_races: 6.7005469799 s
extract_traces_time: 1.48254203796 s
find_reactive_cmds_time: 0.0189490318298 s
find_proactive_cmds_time: 0.068785905838 s
find_covered_races_time: 10.2961251736 s
per_packet_inconsistent_time: 0.193519830704 s
find_inconsistent_update_time: -0.0110130310059 s
Read 4411 events.
Added 4362 events.
Total write operations: 504
Total read operations: 453
Processing 126756 w/w combinations
Updating has_path path cache...
10% 
20% 
30% 
40% 
50% 
60% 
70% 
80% 
90% 
100% 
Processing 228312 r/w combinations
10% 
20% 
30% 
40% 
50% 
60% 
70% 
80% 
90% 
100% 
Updating has_path path cache...
+-------------------------------------------+
| Total operations:      957                |
| Total write operations: 504               |
| Total read operations:  453               |
+-------------------------------------------+
| Total commuting races: 27956              |
| Total harmful races:   780                |
| Total filtered races:  0                  |
| Total Time Filtered races:  5649          |
| Total Time Edges:      5649               |
+-------------------------------------------+
Number of packet traces with races: 68
Number of packet inconsistencies:  66
Number of packet inconsistencies that are actually consistent (covered):  1
Number of packet inconsistencies the first race is already inconsistent:  1
Number of packet inconsistencies after trimming repeated races:  60
Number of packet inconsistent updates:  316
Number of races:  34385
Number of races filtered by time:  5649
Number of commuting races:  27956
Number of harmful races:  737
Number of covered races:  43
Number of versions: 139
Inconsistent updates: 42
Done. Time elapsed: 37.7886440754 s
load_trace: 18.4643480778 s
detect_races: 6.39142799377 s
extract_traces_time: 1.42912697792 s
find_reactive_cmds_time: 0.0187079906464 s
find_proactive_cmds_time: 0.0632569789886 s
find_covered_races_time: 11.1758830547 s
per_packet_inconsistent_time: 0.230078935623 s
find_inconsistent_update_time: -0.0157721042633 s
Read 4411 events.
Added 4362 events.
Total write operations: 504
Total read operations: 453
Processing 126756 w/w combinations
Updating has_path path cache...
10% 
20% 
30% 
40% 
50% 
60% 
70% 
80% 
90% 
100% 
Processing 228312 r/w combinations
10% 
20% 
30% 
40% 
50% 
60% 
70% 
80% 
90% 
100% 
Updating has_path path cache...
+-------------------------------------------+
| Total operations:      957                |
| Total write operations: 504               |
| Total read operations:  453               |
+-------------------------------------------+
| Total commuting races: 27956              |
| Total harmful races:   988                |
| Total filtered races:  0                  |
| Total Time Filtered races:  5441          |
| Total Time Edges:      5441               |
+-------------------------------------------+
Number of packet traces with races: 69
Number of packet inconsistencies:  66
Number of packet inconsistencies that are actually consistent (covered):  2
Number of packet inconsistencies the first race is already inconsistent:  1
Number of packet inconsistencies after trimming repeated races:  61
Number of packet inconsistent updates:  500
Number of races:  34385
Number of races filtered by time:  5441
Number of commuting races:  27956
Number of harmful races:  901
Number of covered races:  87
Number of versions: 139
Inconsistent updates: 69
Done. Time elapsed: 39.5049359798 s
load_trace: 18.0982780457 s
detect_races: 6.09197998047 s
extract_traces_time: 1.45947289467 s
find_reactive_cmds_time: 0.0160911083221 s
find_proactive_cmds_time: 0.0625169277191 s
find_covered_races_time: 13.4992330074 s
per_packet_inconsistent_time: 0.245286941528 s
find_inconsistent_update_time: -0.0320181846619 s
Read 4411 events.
Added 4362 events.
Total write operations: 504
Total read operations: 453
Processing 126756 w/w combinations
Updating has_path path cache...
10% 
20% 
30% 
40% 
50% 
60% 
70% 
80% 
90% 
100% 
Processing 228312 r/w combinations
10% 
20% 
30% 
40% 
50% 
60% 
70% 
80% 
90% 
100% 
Updating has_path path cache...
+-------------------------------------------+
| Total operations:      957                |
| Total write operations: 504               |
| Total read operations:  453               |
+-------------------------------------------+
| Total commuting races: 27956              |
| Total harmful races:   1232               |
| Total filtered races:  0                  |
| Total Time Filtered races:  5197          |
| Total Time Edges:      5197               |
+-------------------------------------------+
Number of packet traces with races: 69
Number of packet inconsistencies:  66
Number of packet inconsistencies that are actually consistent (covered):  2
Number of packet inconsistencies the first race is already inconsistent:  1
Number of packet inconsistencies after trimming repeated races:  61
Number of packet inconsistent updates:  730
Number of races:  34385
Number of races filtered by time:  5197
Number of commuting races:  27956
Number of harmful races:  1073
Number of covered races:  159
Number of versions: 139
Inconsistent updates: 98
Done. Time elapsed: 46.4484598637 s
load_trace: 18.4336378574 s
detect_races: 6.28105211258 s
extract_traces_time: 1.43849396706 s
find_reactive_cmds_time: 0.0162079334259 s
find_proactive_cmds_time: 0.0646929740906 s
find_covered_races_time: 19.8630809784 s
per_packet_inconsistent_time: 0.3063621521 s
find_inconsistent_update_time: -0.0448789596558 s
