Read 2245 events.
Added 2180 events.
Total write operations: 21
Total read operations: 518
Processing 210 w/w combinations
Updating has_path path cache...
10% 
20% 
30% 
40% 
50% 
60% 
70% 
80% 
90% 
100% 
Processing 10878 r/w combinations
10% 
20% 
30% 
40% 
50% 
60% 
70% 
80% 
90% 
100% 
Updating has_path path cache...
+-------------------------------------------+
| Total operations:      539                |
| Total write operations: 21                |
| Total read operations:  518               |
+-------------------------------------------+
| Total commuting races: 9709               |
| Total harmful races:   1301               |
| Total filtered races:  0                  |
| Total Time Filtered races:  0             |
| Total Time Edges:      0                  |
+-------------------------------------------+
Number of packet traces with races: 514
Number of packet inconsistencies:  0
Number of packet inconsistencies that are actually consistent (covered):  492
Number of packet inconsistencies the first race is already inconsistent:  22
Number of packet inconsistencies after trimming repeated races:  0
Number of packet inconsistent updates:  0
Number of races:  11010
Number of races filtered by time:  0
Number of commuting races:  9709
Number of harmful races:  745
Number of covered races:  556
Number of versions: 23
Inconsistent updates: 0
Done. Time elapsed: 7.12637877464 s
load_trace: 3.98842477798 s
detect_races: 0.788128137589 s
extract_traces_time: 0.0826020240784 s
find_reactive_cmds_time: 0.000649929046631 s
find_proactive_cmds_time: 0.0925199985504 s
find_covered_races_time: 1.33872413635 s
per_packet_inconsistent_time: 0.834854841232 s
find_inconsistent_update_time: -0.000424146652222 s
Read 2245 events.
Added 2180 events.
Total write operations: 21
Total read operations: 518
Processing 210 w/w combinations
Updating has_path path cache...
10% 
20% 
30% 
40% 
50% 
60% 
70% 
80% 
90% 
100% 
Processing 10878 r/w combinations
10% 
20% 
30% 
40% 
50% 
60% 
70% 
80% 
90% 
100% 
Updating has_path path cache...
+-------------------------------------------+
| Total operations:      539                |
| Total write operations: 21                |
| Total read operations:  518               |
+-------------------------------------------+
| Total commuting races: 9709               |
| Total harmful races:   0                  |
| Total filtered races:  0                  |
| Total Time Filtered races:  1301          |
| Total Time Edges:      1301               |
+-------------------------------------------+
Number of packet traces with races: 0
Number of packet inconsistencies:  0
Number of packet inconsistencies that are actually consistent (covered):  0
Number of packet inconsistencies the first race is already inconsistent:  0
Number of packet inconsistencies after trimming repeated races:  0
Number of packet inconsistent updates:  0
Number of races:  11010
Number of races filtered by time:  1301
Number of commuting races:  9709
Number of harmful races:  0
Number of covered races:  0
Number of versions: 23
Inconsistent updates: 0
Done. Time elapsed: 5.48157501221 s
load_trace: 3.84937500954 s
detect_races: 0.848123073578 s
extract_traces_time: 0.318990945816 s
find_reactive_cmds_time: 0.000939130783081 s
find_proactive_cmds_time: 0.0845999717712 s
find_covered_races_time: 0.376882076263 s
per_packet_inconsistent_time: 0.00260281562805 s
find_inconsistent_update_time: -1.59740447998e-05 s
Read 2245 events.
Added 2180 events.
Total write operations: 21
Total read operations: 518
Processing 210 w/w combinations
Updating has_path path cache...
10% 
20% 
30% 
40% 
50% 
60% 
70% 
80% 
90% 
100% 
Processing 10878 r/w combinations
10% 
20% 
30% 
40% 
50% 
60% 
70% 
80% 
90% 
100% 
Updating has_path path cache...
+-------------------------------------------+
| Total operations:      539                |
| Total write operations: 21                |
| Total read operations:  518               |
+-------------------------------------------+
| Total commuting races: 9709               |
| Total harmful races:   48                 |
| Total filtered races:  0                  |
| Total Time Filtered races:  1253          |
| Total Time Edges:      1253               |
+-------------------------------------------+
Number of packet traces with races: 35
Number of packet inconsistencies:  0
Number of packet inconsistencies that are actually consistent (covered):  1
Number of packet inconsistencies the first race is already inconsistent:  34
Number of packet inconsistencies after trimming repeated races:  0
Number of packet inconsistent updates:  0
Number of races:  11010
Number of races filtered by time:  1253
Number of commuting races:  9709
Number of harmful races:  47
Number of covered races:  1
Number of versions: 23
Inconsistent updates: 0
Done. Time elapsed: 5.54335308075 s
load_trace: 3.84938907623 s
detect_races: 0.838740110397 s
extract_traces_time: 0.273519992828 s
find_reactive_cmds_time: 0.000940799713135 s
find_proactive_cmds_time: 0.0846600532532 s
find_covered_races_time: 0.468065977097 s
per_packet_inconsistent_time: 0.028037071228 s
find_inconsistent_update_time: 0.0 s
Read 2245 events.
Added 2180 events.
Total write operations: 21
Total read operations: 518
Processing 210 w/w combinations
Updating has_path path cache...
10% 
20% 
30% 
40% 
50% 
60% 
70% 
80% 
90% 
100% 
Processing 10878 r/w combinations
10% 
20% 
30% 
40% 
50% 
60% 
70% 
80% 
90% 
100% 
Updating has_path path cache...
+-------------------------------------------+
| Total operations:      539                |
| Total write operations: 21                |
| Total read operations:  518               |
+-------------------------------------------+
| Total commuting races: 9709               |
| Total harmful races:   77                 |
| Total filtered races:  0                  |
| Total Time Filtered races:  1224          |
| Total Time Edges:      1224               |
+-------------------------------------------+
Number of packet traces with races: 53
Number of packet inconsistencies:  0
Number of packet inconsistencies that are actually consistent (covered):  4
Number of packet inconsistencies the first race is already inconsistent:  49
Number of packet inconsistencies after trimming repeated races:  0
Number of packet inconsistent updates:  0
Number of races:  11010
Number of races filtered by time:  1224
Number of commuting races:  9709
Number of harmful races:  73
Number of covered races:  4
Number of versions: 23
Inconsistent updates: 0
Done. Time elapsed: 5.36670994759 s
load_trace: 3.69539785385 s
detect_races: 0.803992986679 s
extract_traces_time: 0.256613016129 s
find_reactive_cmds_time: 0.000899076461792 s
find_proactive_cmds_time: 0.0765528678894 s
find_covered_races_time: 0.495889186859 s
per_packet_inconsistent_time: 0.0372538566589 s
find_inconsistent_update_time: -6.00814819336e-05 s
Read 2245 events.
Added 2180 events.
Total write operations: 21
Total read operations: 518
Processing 210 w/w combinations
Updating has_path path cache...
10% 
20% 
30% 
40% 
50% 
60% 
70% 
80% 
90% 
100% 
Processing 10878 r/w combinations
10% 
20% 
30% 
40% 
50% 
60% 
70% 
80% 
90% 
100% 
Updating has_path path cache...
+-------------------------------------------+
| Total operations:      539                |
| Total write operations: 21                |
| Total read operations:  518               |
+-------------------------------------------+
| Total commuting races: 9709               |
| Total harmful races:   117                |
| Total filtered races:  0                  |
| Total Time Filtered races:  1184          |
| Total Time Edges:      1184               |
+-------------------------------------------+
Number of packet traces with races: 76
Number of packet inconsistencies:  0
Number of packet inconsistencies that are actually consistent (covered):  6
Number of packet inconsistencies the first race is already inconsistent:  70
Number of packet inconsistencies after trimming repeated races:  0
Number of packet inconsistent updates:  0
Number of races:  11010
Number of races filtered by time:  1184
Number of commuting races:  9709
Number of harmful races:  111
Number of covered races:  6
Number of versions: 23
Inconsistent updates: 0
Done. Time elapsed: 5.47155284882 s
load_trace: 3.72658491135 s
detect_races: 0.796396017075 s
extract_traces_time: 0.254952907562 s
find_reactive_cmds_time: 0.0013952255249 s
find_proactive_cmds_time: 0.0758619308472 s
find_covered_races_time: 0.555953025818 s
per_packet_inconsistent_time: 0.0602829456329 s
find_inconsistent_update_time: -7.70092010498e-05 s
Read 2245 events.
Added 2180 events.
Total write operations: 21
Total read operations: 518
Processing 210 w/w combinations
Updating has_path path cache...
10% 
20% 
30% 
40% 
50% 
60% 
70% 
80% 
90% 
100% 
Processing 10878 r/w combinations
10% 
20% 
30% 
40% 
50% 
60% 
70% 
80% 
90% 
100% 
Updating has_path path cache...
+-------------------------------------------+
| Total operations:      539                |
| Total write operations: 21                |
| Total read operations:  518               |
+-------------------------------------------+
| Total commuting races: 9709               |
| Total harmful races:   167                |
| Total filtered races:  0                  |
| Total Time Filtered races:  1134          |
| Total Time Edges:      1134               |
+-------------------------------------------+
Number of packet traces with races: 100
Number of packet inconsistencies:  0
Number of packet inconsistencies that are actually consistent (covered):  24
Number of packet inconsistencies the first race is already inconsistent:  76
Number of packet inconsistencies after trimming repeated races:  0
Number of packet inconsistent updates:  0
Number of races:  11010
Number of races filtered by time:  1134
Number of commuting races:  9709
Number of harmful races:  141
Number of covered races:  26
Number of versions: 23
Inconsistent updates: 0
Done. Time elapsed: 5.59187984467 s
load_trace: 3.73934388161 s
detect_races: 0.809109926224 s
extract_traces_time: 0.261041164398 s
find_reactive_cmds_time: 0.000884056091309 s
find_proactive_cmds_time: 0.0839629173279 s
find_covered_races_time: 0.613462924957 s
per_packet_inconsistent_time: 0.0839381217957 s
find_inconsistent_update_time: -8.70227813721e-05 s
Read 2245 events.
Added 2180 events.
Total write operations: 21
Total read operations: 518
Processing 210 w/w combinations
Updating has_path path cache...
10% 
20% 
30% 
40% 
50% 
60% 
70% 
80% 
90% 
100% 
Processing 10878 r/w combinations
10% 
20% 
30% 
40% 
50% 
60% 
70% 
80% 
90% 
100% 
Updating has_path path cache...
+-------------------------------------------+
| Total operations:      539                |
| Total write operations: 21                |
| Total read operations:  518               |
+-------------------------------------------+
| Total commuting races: 9709               |
| Total harmful races:   226                |
| Total filtered races:  0                  |
| Total Time Filtered races:  1075          |
| Total Time Edges:      1075               |
+-------------------------------------------+
Number of packet traces with races: 124
Number of packet inconsistencies:  0
Number of packet inconsistencies that are actually consistent (covered):  43
Number of packet inconsistencies the first race is already inconsistent:  81
Number of packet inconsistencies after trimming repeated races:  0
Number of packet inconsistent updates:  0
Number of races:  11010
Number of races filtered by time:  1075
Number of commuting races:  9709
Number of harmful races:  179
Number of covered races:  47
Number of versions: 23
Inconsistent updates: 0
Done. Time elapsed: 5.83961987495 s
load_trace: 3.85327291489 s
detect_races: 0.810719966888 s
extract_traces_time: 0.259526968002 s
find_reactive_cmds_time: 0.000887155532837 s
find_proactive_cmds_time: 0.083034992218 s
find_covered_races_time: 0.697057008743 s
per_packet_inconsistent_time: 0.134963035583 s
find_inconsistent_update_time: -0.000106811523438 s
Read 2245 events.
Added 2180 events.
Total write operations: 21
Total read operations: 518
Processing 210 w/w combinations
Updating has_path path cache...
10% 
20% 
30% 
40% 
50% 
60% 
70% 
80% 
90% 
100% 
Processing 10878 r/w combinations
10% 
20% 
30% 
40% 
50% 
60% 
70% 
80% 
90% 
100% 
Updating has_path path cache...
+-------------------------------------------+
| Total operations:      539                |
| Total write operations: 21                |
| Total read operations:  518               |
+-------------------------------------------+
| Total commuting races: 9709               |
| Total harmful races:   287                |
| Total filtered races:  0                  |
| Total Time Filtered races:  1014          |
| Total Time Edges:      1014               |
+-------------------------------------------+
Number of packet traces with races: 150
Number of packet inconsistencies:  0
Number of packet inconsistencies that are actually consistent (covered):  66
Number of packet inconsistencies the first race is already inconsistent:  84
Number of packet inconsistencies after trimming repeated races:  0
Number of packet inconsistent updates:  0
Number of races:  11010
Number of races filtered by time:  1014
Number of commuting races:  9709
Number of harmful races:  214
Number of covered races:  73
Number of versions: 23
Inconsistent updates: 0
Done. Time elapsed: 5.94758796692 s
load_trace: 3.91029191017 s
detect_races: 0.78830909729 s
extract_traces_time: 0.25754904747 s
find_reactive_cmds_time: 0.000859022140503 s
find_proactive_cmds_time: 0.0835299491882 s
find_covered_races_time: 0.76006102562 s
per_packet_inconsistent_time: 0.146806955338 s
find_inconsistent_update_time: -0.00012993812561 s
Read 2245 events.
Added 2180 events.
Total write operations: 21
Total read operations: 518
Processing 210 w/w combinations
Updating has_path path cache...
10% 
20% 
30% 
40% 
50% 
60% 
70% 
80% 
90% 
100% 
Processing 10878 r/w combinations
10% 
20% 
30% 
40% 
50% 
60% 
70% 
80% 
90% 
100% 
Updating has_path path cache...
+-------------------------------------------+
| Total operations:      539                |
| Total write operations: 21                |
| Total read operations:  518               |
+-------------------------------------------+
| Total commuting races: 9709               |
| Total harmful races:   352                |
| Total filtered races:  0                  |
| Total Time Filtered races:  949           |
| Total Time Edges:      949                |
+-------------------------------------------+
Number of packet traces with races: 178
Number of packet inconsistencies:  0
Number of packet inconsistencies that are actually consistent (covered):  91
Number of packet inconsistencies the first race is already inconsistent:  87
Number of packet inconsistencies after trimming repeated races:  0
Number of packet inconsistent updates:  0
Number of races:  11010
Number of races filtered by time:  949
Number of commuting races:  9709
Number of harmful races:  253
Number of covered races:  99
Number of versions: 23
Inconsistent updates: 0
Done. Time elapsed: 6.02059292793 s
load_trace: 3.76479792595 s
detect_races: 0.808552026749 s
extract_traces_time: 0.265195131302 s
find_reactive_cmds_time: 0.000856876373291 s
find_proactive_cmds_time: 0.0864651203156 s
find_covered_races_time: 0.902611017227 s
per_packet_inconsistent_time: 0.191906929016 s
find_inconsistent_update_time: -0.000158071517944 s
Read 2245 events.
Added 2180 events.
Total write operations: 21
Total read operations: 518
Processing 210 w/w combinations
Updating has_path path cache...
10% 
20% 
30% 
40% 
50% 
60% 
70% 
80% 
90% 
100% 
Processing 10878 r/w combinations
10% 
20% 
30% 
40% 
50% 
60% 
70% 
80% 
90% 
100% 
Updating has_path path cache...
+-------------------------------------------+
| Total operations:      539                |
| Total write operations: 21                |
| Total read operations:  518               |
+-------------------------------------------+
| Total commuting races: 9709               |
| Total harmful races:   414                |
| Total filtered races:  0                  |
| Total Time Filtered races:  887           |
| Total Time Edges:      887                |
+-------------------------------------------+
Number of packet traces with races: 198
Number of packet inconsistencies:  0
Number of packet inconsistencies that are actually consistent (covered):  114
Number of packet inconsistencies the first race is already inconsistent:  84
Number of packet inconsistencies after trimming repeated races:  0
Number of packet inconsistent updates:  0
Number of races:  11010
Number of races filtered by time:  887
Number of commuting races:  9709
Number of harmful races:  290
Number of covered races:  124
Number of versions: 23
Inconsistent updates: 0
Done. Time elapsed: 6.37418794632 s
load_trace: 4.03959488869 s
detect_races: 0.857017993927 s
extract_traces_time: 0.129702091217 s
find_reactive_cmds_time: 0.000427007675171 s
find_proactive_cmds_time: 0.203449010849 s
find_covered_races_time: 0.912260055542 s
per_packet_inconsistent_time: 0.230395793915 s
find_inconsistent_update_time: -0.000317096710205 s
Read 2245 events.
Added 2180 events.
Total write operations: 21
Total read operations: 518
Processing 210 w/w combinations
Updating has_path path cache...
10% 
20% 
30% 
40% 
50% 
60% 
70% 
80% 
90% 
100% 
Processing 10878 r/w combinations
10% 
20% 
30% 
40% 
50% 
60% 
70% 
80% 
90% 
100% 
Updating has_path path cache...
+-------------------------------------------+
| Total operations:      539                |
| Total write operations: 21                |
| Total read operations:  518               |
+-------------------------------------------+
| Total commuting races: 9709               |
| Total harmful races:   473                |
| Total filtered races:  0                  |
| Total Time Filtered races:  828           |
| Total Time Edges:      828                |
+-------------------------------------------+
Number of packet traces with races: 222
Number of packet inconsistencies:  0
Number of packet inconsistencies that are actually consistent (covered):  136
Number of packet inconsistencies the first race is already inconsistent:  86
Number of packet inconsistencies after trimming repeated races:  0
Number of packet inconsistent updates:  0
Number of races:  11010
Number of races filtered by time:  828
Number of commuting races:  9709
Number of harmful races:  323
Number of covered races:  150
Number of versions: 23
Inconsistent updates: 0
Done. Time elapsed: 6.28054499626 s
load_trace: 3.93938493729 s
detect_races: 0.793454170227 s
extract_traces_time: 0.126674890518 s
find_reactive_cmds_time: 0.000786066055298 s
find_proactive_cmds_time: 0.193665981293 s
find_covered_races_time: 0.953415870667 s
per_packet_inconsistent_time: 0.272903203964 s
find_inconsistent_update_time: -0.000209808349609 s
Read 2245 events.
Added 2180 events.
Total write operations: 21
Total read operations: 518
Processing 210 w/w combinations
Updating has_path path cache...
10% 
20% 
30% 
40% 
50% 
60% 
70% 
80% 
90% 
100% 
Processing 10878 r/w combinations
10% 
20% 
30% 
40% 
50% 
60% 
70% 
80% 
90% 
100% 
Updating has_path path cache...
+-------------------------------------------+
| Total operations:      539                |
| Total write operations: 21                |
| Total read operations:  518               |
+-------------------------------------------+
| Total commuting races: 9709               |
| Total harmful races:   542                |
| Total filtered races:  0                  |
| Total Time Filtered races:  759           |
| Total Time Edges:      759                |
+-------------------------------------------+
Number of packet traces with races: 247
Number of packet inconsistencies:  0
Number of packet inconsistencies that are actually consistent (covered):  163
Number of packet inconsistencies the first race is already inconsistent:  84
Number of packet inconsistencies after trimming repeated races:  0
Number of packet inconsistent updates:  0
Number of races:  11010
Number of races filtered by time:  759
Number of commuting races:  9709
Number of harmful races:  358
Number of covered races:  184
Number of versions: 23
Inconsistent updates: 0
Done. Time elapsed: 6.34781694412 s
load_trace: 3.97217297554 s
detect_races: 0.77810716629 s
extract_traces_time: 0.113034963608 s
find_reactive_cmds_time: 0.000815868377686 s
find_proactive_cmds_time: 0.197009086609 s
find_covered_races_time: 0.975800037384 s
per_packet_inconsistent_time: 0.310573816299 s
find_inconsistent_update_time: -0.000253200531006 s
