Read 1958 events.
Added 1883 events.
Total write operations: 146
Total read operations: 450
Processing 10585 w/w combinations
Updating has_path path cache...
10% 
20% 
30% 
40% 
50% 
60% 
70% 
80% 
90% 
100% 
Processing 65700 r/w combinations
10% 
20% 
30% 
40% 
50% 
60% 
70% 
80% 
90% 
100% 
Updating has_path path cache...
+-------------------------------------------+
| Total operations:      596                |
| Total write operations: 146               |
| Total read operations:  450               |
+-------------------------------------------+
| Total commuting races: 23971              |
| Total harmful races:   1046               |
| Total filtered races:  0                  |
| Total Time Filtered races:  0             |
| Total Time Edges:      0                  |
+-------------------------------------------+
Number of packet traces with races: 161
Number of packet inconsistencies:  106
Number of packet inconsistencies that are actually consistent (covered):  24
Number of packet inconsistencies the first race is already inconsistent:  31
Number of packet inconsistencies after trimming repeated races:  24
Number of packet inconsistent updates:  0
Number of races:  25017
Number of races filtered by time:  0
Number of commuting races:  23971
Number of harmful races:  927
Number of covered races:  119
Number of versions: 9
Inconsistent updates: 0
Done. Time elapsed: 5.07542705536 s
load_trace: 2.85355305672 s
detect_races: 1.30151987076 s
extract_traces_time: 0.0261459350586 s
find_reactive_cmds_time: 0.000764131546021 s
find_proactive_cmds_time: 0.0179178714752 s
find_covered_races_time: 0.709880113602 s
per_packet_inconsistent_time: 0.165296077728 s
find_inconsistent_update_time: -0.000308990478516 s
Read 1958 events.
Added 1883 events.
Total write operations: 146
Total read operations: 450
Processing 10585 w/w combinations
Updating has_path path cache...
10% 
20% 
30% 
40% 
50% 
60% 
70% 
80% 
90% 
100% 
Processing 65700 r/w combinations
10% 
20% 
30% 
40% 
50% 
60% 
70% 
80% 
90% 
100% 
Updating has_path path cache...
+-------------------------------------------+
| Total operations:      596                |
| Total write operations: 146               |
| Total read operations:  450               |
+-------------------------------------------+
| Total commuting races: 23971              |
| Total harmful races:   0                  |
| Total filtered races:  0                  |
| Total Time Filtered races:  1046          |
| Total Time Edges:      1046               |
+-------------------------------------------+
Number of packet traces with races: 0
Number of packet inconsistencies:  0
Number of packet inconsistencies that are actually consistent (covered):  0
Number of packet inconsistencies the first race is already inconsistent:  0
Number of packet inconsistencies after trimming repeated races:  0
Number of packet inconsistent updates:  0
Number of races:  25017
Number of races filtered by time:  1046
Number of commuting races:  23971
Number of harmful races:  0
Number of covered races:  0
Number of versions: 9
Inconsistent updates: 0
Done. Time elapsed: 4.60028004646 s
load_trace: 2.88788509369 s
detect_races: 1.35955190659 s
extract_traces_time: 0.0740921497345 s
find_reactive_cmds_time: 0.000631809234619 s
find_proactive_cmds_time: 0.0184190273285 s
find_covered_races_time: 0.258536100388 s
per_packet_inconsistent_time: 0.00110602378845 s
find_inconsistent_update_time: -1.78813934326e-05 s
Read 1958 events.
Added 1883 events.
Total write operations: 146
Total read operations: 450
Processing 10585 w/w combinations
Updating has_path path cache...
10% 
20% 
30% 
40% 
50% 
60% 
70% 
80% 
90% 
100% 
Processing 65700 r/w combinations
10% 
20% 
30% 
40% 
50% 
60% 
70% 
80% 
90% 
100% 
Updating has_path path cache...
+-------------------------------------------+
| Total operations:      596                |
| Total write operations: 146               |
| Total read operations:  450               |
+-------------------------------------------+
| Total commuting races: 23971              |
| Total harmful races:   93                 |
| Total filtered races:  0                  |
| Total Time Filtered races:  953           |
| Total Time Edges:      953                |
+-------------------------------------------+
Number of packet traces with races: 37
Number of packet inconsistencies:  12
Number of packet inconsistencies that are actually consistent (covered):  0
Number of packet inconsistencies the first race is already inconsistent:  25
Number of packet inconsistencies after trimming repeated races:  10
Number of packet inconsistent updates:  0
Number of races:  25017
Number of races filtered by time:  953
Number of commuting races:  23971
Number of harmful races:  93
Number of covered races:  0
Number of versions: 9
Inconsistent updates: 0
Done. Time elapsed: 4.70948815346 s
load_trace: 2.97755002975 s
detect_races: 1.34063315392 s
extract_traces_time: 0.0344259738922 s
find_reactive_cmds_time: 0.000659942626953 s
find_proactive_cmds_time: 0.0179660320282 s
find_covered_races_time: 0.321390867233 s
per_packet_inconsistent_time: 0.0167770385742 s
find_inconsistent_update_time: -4.79221343994e-05 s
Read 1958 events.
Added 1883 events.
Total write operations: 146
Total read operations: 450
Processing 10585 w/w combinations
Updating has_path path cache...
10% 
20% 
30% 
40% 
50% 
60% 
70% 
80% 
90% 
100% 
Processing 65700 r/w combinations
10% 
20% 
30% 
40% 
50% 
60% 
70% 
80% 
90% 
100% 
Updating has_path path cache...
+-------------------------------------------+
| Total operations:      596                |
| Total write operations: 146               |
| Total read operations:  450               |
+-------------------------------------------+
| Total commuting races: 23971              |
| Total harmful races:   193                |
| Total filtered races:  0                  |
| Total Time Filtered races:  853           |
| Total Time Edges:      853                |
+-------------------------------------------+
Number of packet traces with races: 66
Number of packet inconsistencies:  30
Number of packet inconsistencies that are actually consistent (covered):  7
Number of packet inconsistencies the first race is already inconsistent:  29
Number of packet inconsistencies after trimming repeated races:  19
Number of packet inconsistent updates:  0
Number of races:  25017
Number of races filtered by time:  853
Number of commuting races:  23971
Number of harmful races:  186
Number of covered races:  7
Number of versions: 9
Inconsistent updates: 0
Done. Time elapsed: 4.74957203865 s
load_trace: 2.91274785995 s
detect_races: 1.32870006561 s
extract_traces_time: 0.032772064209 s
find_reactive_cmds_time: 0.000658988952637 s
find_proactive_cmds_time: 0.018091917038 s
find_covered_races_time: 0.425352096558 s
per_packet_inconsistent_time: 0.0311369895935 s
find_inconsistent_update_time: -7.29560852051e-05 s
Read 1958 events.
Added 1883 events.
Total write operations: 146
Total read operations: 450
Processing 10585 w/w combinations
Updating has_path path cache...
10% 
20% 
30% 
40% 
50% 
60% 
70% 
80% 
90% 
100% 
Processing 65700 r/w combinations
10% 
20% 
30% 
40% 
50% 
60% 
70% 
80% 
90% 
100% 
Updating has_path path cache...
+-------------------------------------------+
| Total operations:      596                |
| Total write operations: 146               |
| Total read operations:  450               |
+-------------------------------------------+
| Total commuting races: 23971              |
| Total harmful races:   277                |
| Total filtered races:  0                  |
| Total Time Filtered races:  769           |
| Total Time Edges:      769                |
+-------------------------------------------+
Number of packet traces with races: 90
Number of packet inconsistencies:  47
Number of packet inconsistencies that are actually consistent (covered):  8
Number of packet inconsistencies the first race is already inconsistent:  35
Number of packet inconsistencies after trimming repeated races:  20
Number of packet inconsistent updates:  0
Number of races:  25017
Number of races filtered by time:  769
Number of commuting races:  23971
Number of harmful races:  269
Number of covered races:  8
Number of versions: 9
Inconsistent updates: 0
Done. Time elapsed: 4.75766897202 s
load_trace: 2.83347582817 s
detect_races: 1.32935404778 s
extract_traces_time: 0.0350790023804 s
find_reactive_cmds_time: 0.000673055648804 s
find_proactive_cmds_time: 0.0190811157227 s
find_covered_races_time: 0.495672941208 s
per_packet_inconsistent_time: 0.0442008972168 s
find_inconsistent_update_time: -9.3936920166e-05 s
Read 1958 events.
Added 1883 events.
Total write operations: 146
Total read operations: 450
Processing 10585 w/w combinations
Updating has_path path cache...
10% 
20% 
30% 
40% 
50% 
60% 
70% 
80% 
90% 
100% 
Processing 65700 r/w combinations
10% 
20% 
30% 
40% 
50% 
60% 
70% 
80% 
90% 
100% 
Updating has_path path cache...
+-------------------------------------------+
| Total operations:      596                |
| Total write operations: 146               |
| Total read operations:  450               |
+-------------------------------------------+
| Total commuting races: 23971              |
| Total harmful races:   334                |
| Total filtered races:  0                  |
| Total Time Filtered races:  712           |
| Total Time Edges:      712                |
+-------------------------------------------+
Number of packet traces with races: 105
Number of packet inconsistencies:  60
Number of packet inconsistencies that are actually consistent (covered):  8
Number of packet inconsistencies the first race is already inconsistent:  37
Number of packet inconsistencies after trimming repeated races:  22
Number of packet inconsistent updates:  0
Number of races:  25017
Number of races filtered by time:  712
Number of commuting races:  23971
Number of harmful races:  322
Number of covered races:  12
Number of versions: 9
Inconsistent updates: 0
Done. Time elapsed: 4.8938908577 s
load_trace: 2.86001801491 s
detect_races: 1.3607108593 s
extract_traces_time: 0.032103061676 s
find_reactive_cmds_time: 0.000659942626953 s
find_proactive_cmds_time: 0.0191869735718 s
find_covered_races_time: 0.56520318985 s
per_packet_inconsistent_time: 0.0558619499207 s
find_inconsistent_update_time: -0.000108003616333 s
Read 1958 events.
Added 1883 events.
Total write operations: 146
Total read operations: 450
Processing 10585 w/w combinations
Updating has_path path cache...
10% 
20% 
30% 
40% 
50% 
60% 
70% 
80% 
90% 
100% 
Processing 65700 r/w combinations
10% 
20% 
30% 
40% 
50% 
60% 
70% 
80% 
90% 
100% 
Updating has_path path cache...
+-------------------------------------------+
| Total operations:      596                |
| Total write operations: 146               |
| Total read operations:  450               |
+-------------------------------------------+
| Total commuting races: 23971              |
| Total harmful races:   379                |
| Total filtered races:  0                  |
| Total Time Filtered races:  667           |
| Total Time Edges:      667                |
+-------------------------------------------+
Number of packet traces with races: 116
Number of packet inconsistencies:  70
Number of packet inconsistencies that are actually consistent (covered):  8
Number of packet inconsistencies the first race is already inconsistent:  38
Number of packet inconsistencies after trimming repeated races:  23
Number of packet inconsistent updates:  0
Number of races:  25017
Number of races filtered by time:  667
Number of commuting races:  23971
Number of harmful races:  364
Number of covered races:  15
Number of versions: 9
Inconsistent updates: 0
Done. Time elapsed: 5.01754593849 s
load_trace: 2.88447594643 s
detect_races: 1.35188794136 s
extract_traces_time: 0.0318400859833 s
find_reactive_cmds_time: 0.00069785118103 s
find_proactive_cmds_time: 0.0207951068878 s
find_covered_races_time: 0.662445068359 s
per_packet_inconsistent_time: 0.0652389526367 s
find_inconsistent_update_time: -0.000127077102661 s
Read 1958 events.
Added 1883 events.
Total write operations: 146
Total read operations: 450
Processing 10585 w/w combinations
Updating has_path path cache...
10% 
20% 
30% 
40% 
50% 
60% 
70% 
80% 
90% 
100% 
Processing 65700 r/w combinations
10% 
20% 
30% 
40% 
50% 
60% 
70% 
80% 
90% 
100% 
Updating has_path path cache...
+-------------------------------------------+
| Total operations:      596                |
| Total write operations: 146               |
| Total read operations:  450               |
+-------------------------------------------+
| Total commuting races: 23971              |
| Total harmful races:   432                |
| Total filtered races:  0                  |
| Total Time Filtered races:  614           |
| Total Time Edges:      614                |
+-------------------------------------------+
Number of packet traces with races: 128
Number of packet inconsistencies:  81
Number of packet inconsistencies that are actually consistent (covered):  8
Number of packet inconsistencies the first race is already inconsistent:  39
Number of packet inconsistencies after trimming repeated races:  25
Number of packet inconsistent updates:  0
Number of races:  25017
Number of races filtered by time:  614
Number of commuting races:  23971
Number of harmful races:  409
Number of covered races:  23
Number of versions: 9
Inconsistent updates: 0
Done. Time elapsed: 5.10094189644 s
load_trace: 2.87937498093 s
detect_races: 1.35034680367 s
extract_traces_time: 0.0368571281433 s
find_reactive_cmds_time: 0.000741958618164 s
find_proactive_cmds_time: 0.0213420391083 s
find_covered_races_time: 0.734158992767 s
per_packet_inconsistent_time: 0.0779209136963 s
find_inconsistent_update_time: -0.000159025192261 s
Read 1958 events.
Added 1883 events.
Total write operations: 146
Total read operations: 450
Processing 10585 w/w combinations
Updating has_path path cache...
10% 
20% 
30% 
40% 
50% 
60% 
70% 
80% 
90% 
100% 
Processing 65700 r/w combinations
10% 
20% 
30% 
40% 
50% 
60% 
70% 
80% 
90% 
100% 
Updating has_path path cache...
+-------------------------------------------+
| Total operations:      596                |
| Total write operations: 146               |
| Total read operations:  450               |
+-------------------------------------------+
| Total commuting races: 23971              |
| Total harmful races:   470                |
| Total filtered races:  0                  |
| Total Time Filtered races:  576           |
| Total Time Edges:      576                |
+-------------------------------------------+
Number of packet traces with races: 138
Number of packet inconsistencies:  89
Number of packet inconsistencies that are actually consistent (covered):  8
Number of packet inconsistencies the first race is already inconsistent:  41
Number of packet inconsistencies after trimming repeated races:  24
Number of packet inconsistent updates:  0
Number of races:  25017
Number of races filtered by time:  576
Number of commuting races:  23971
Number of harmful races:  446
Number of covered races:  24
Number of versions: 9
Inconsistent updates: 0
Done. Time elapsed: 5.08208990097 s
load_trace: 2.87383103371 s
detect_races: 1.33478593826 s
extract_traces_time: 0.0292339324951 s
find_reactive_cmds_time: 0.000657081604004 s
find_proactive_cmds_time: 0.0182778835297 s
find_covered_races_time: 0.729387998581 s
per_packet_inconsistent_time: 0.0957231521606 s
find_inconsistent_update_time: -0.000153779983521 s
Read 1958 events.
Added 1883 events.
Total write operations: 146
Total read operations: 450
Processing 10585 w/w combinations
Updating has_path path cache...
10% 
20% 
30% 
40% 
50% 
60% 
70% 
80% 
90% 
100% 
Processing 65700 r/w combinations
10% 
20% 
30% 
40% 
50% 
60% 
70% 
80% 
90% 
100% 
Updating has_path path cache...
+-------------------------------------------+
| Total operations:      596                |
| Total write operations: 146               |
| Total read operations:  450               |
+-------------------------------------------+
| Total commuting races: 23971              |
| Total harmful races:   507                |
| Total filtered races:  0                  |
| Total Time Filtered races:  539           |
| Total Time Edges:      539                |
+-------------------------------------------+
Number of packet traces with races: 147
Number of packet inconsistencies:  97
Number of packet inconsistencies that are actually consistent (covered):  10
Number of packet inconsistencies the first race is already inconsistent:  40
Number of packet inconsistencies after trimming repeated races:  26
Number of packet inconsistent updates:  0
Number of races:  25017
Number of races filtered by time:  539
Number of commuting races:  23971
Number of harmful races:  477
Number of covered races:  30
Number of versions: 9
Inconsistent updates: 0
Done. Time elapsed: 5.08327507973 s
load_trace: 2.83488297462 s
detect_races: 1.33480811119 s
extract_traces_time: 0.0293068885803 s
find_reactive_cmds_time: 0.000733137130737 s
find_proactive_cmds_time: 0.020359992981 s
find_covered_races_time: 0.77161192894 s
per_packet_inconsistent_time: 0.091372013092 s
find_inconsistent_update_time: -0.00016188621521 s
Read 1958 events.
Added 1883 events.
Total write operations: 146
Total read operations: 450
Processing 10585 w/w combinations
Updating has_path path cache...
10% 
20% 
30% 
40% 
50% 
60% 
70% 
80% 
90% 
100% 
Processing 65700 r/w combinations
10% 
20% 
30% 
40% 
50% 
60% 
70% 
80% 
90% 
100% 
Updating has_path path cache...
+-------------------------------------------+
| Total operations:      596                |
| Total write operations: 146               |
| Total read operations:  450               |
+-------------------------------------------+
| Total commuting races: 23971              |
| Total harmful races:   573                |
| Total filtered races:  0                  |
| Total Time Filtered races:  473           |
| Total Time Edges:      473                |
+-------------------------------------------+
Number of packet traces with races: 156
Number of packet inconsistencies:  102
Number of packet inconsistencies that are actually consistent (covered):  13
Number of packet inconsistencies the first race is already inconsistent:  41
Number of packet inconsistencies after trimming repeated races:  31
Number of packet inconsistent updates:  0
Number of races:  25017
Number of races filtered by time:  473
Number of commuting races:  23971
Number of harmful races:  532
Number of covered races:  41
Number of versions: 9
Inconsistent updates: 0
Done. Time elapsed: 5.11500287056 s
load_trace: 2.88231897354 s
detect_races: 1.35828495026 s
extract_traces_time: 0.0264580249786 s
find_reactive_cmds_time: 0.000638961791992 s
find_proactive_cmds_time: 0.0187449455261 s
find_covered_races_time: 0.728249073029 s
per_packet_inconsistent_time: 0.100089073181 s
find_inconsistent_update_time: -0.000180959701538 s
Read 1958 events.
Added 1883 events.
Total write operations: 146
Total read operations: 450
Processing 10585 w/w combinations
Updating has_path path cache...
10% 
20% 
30% 
40% 
50% 
60% 
70% 
80% 
90% 
100% 
Processing 65700 r/w combinations
10% 
20% 
30% 
40% 
50% 
60% 
70% 
80% 
90% 
100% 
Updating has_path path cache...
+-------------------------------------------+
| Total operations:      596                |
| Total write operations: 146               |
| Total read operations:  450               |
+-------------------------------------------+
| Total commuting races: 23971              |
| Total harmful races:   617                |
| Total filtered races:  0                  |
| Total Time Filtered races:  429           |
| Total Time Edges:      429                |
+-------------------------------------------+
Number of packet traces with races: 160
Number of packet inconsistencies:  106
Number of packet inconsistencies that are actually consistent (covered):  15
Number of packet inconsistencies the first race is already inconsistent:  39
Number of packet inconsistencies after trimming repeated races:  33
Number of packet inconsistent updates:  0
Number of races:  25017
Number of races filtered by time:  429
Number of commuting races:  23971
Number of harmful races:  568
Number of covered races:  49
Number of versions: 9
Inconsistent updates: 0
Done. Time elapsed: 5.1676940918 s
load_trace: 2.87048006058 s
detect_races: 1.34747195244 s
extract_traces_time: 0.0269451141357 s
find_reactive_cmds_time: 0.000809907913208 s
find_proactive_cmds_time: 0.0193328857422 s
find_covered_races_time: 0.787052154541 s
per_packet_inconsistent_time: 0.115342855453 s
find_inconsistent_update_time: -0.000220060348511 s
