Read 567 events.
Added 550 events.
Total write operations: 9
Total read operations: 126
Processing 36 w/w combinations
Updating has_path path cache...
10% 
20% 
30% 
40% 
50% 
60% 
70% 
80% 
90% 
100% 
Processing 1134 r/w combinations
10% 
20% 
30% 
40% 
50% 
60% 
70% 
80% 
90% 
100% 
Updating has_path path cache...
+-------------------------------------------+
| Total operations:      135                |
| Total write operations: 9                 |
| Total read operations:  126               |
+-------------------------------------------+
| Total commuting races: 597                |
| Total harmful races:   543                |
| Total filtered races:  0                  |
| Total Time Filtered races:  0             |
| Total Time Edges:      0                  |
+-------------------------------------------+
Number of packet traces with races: 126
Number of packet inconsistencies:  0
Number of packet inconsistencies that are actually consistent (covered):  114
Number of packet inconsistencies the first race is already inconsistent:  12
Number of packet inconsistencies after trimming repeated races:  0
Number of packet inconsistent updates:  0
Number of races:  1140
Number of races filtered by time:  0
Number of commuting races:  597
Number of harmful races:  426
Number of covered races:  117
Number of versions: 11
Inconsistent updates: 0
Done. Time elapsed: 1.33309602737 s
load_trace: 0.455440044403 s
detect_races: 0.0933618545532 s
extract_traces_time: 0.0179889202118 s
find_reactive_cmds_time: 0.000335216522217 s
find_proactive_cmds_time: 0.0873558521271 s
find_covered_races_time: 0.605356931686 s
per_packet_inconsistent_time: 0.0729851722717 s
find_inconsistent_update_time: -0.000223875045776 s
Read 567 events.
Added 550 events.
Total write operations: 9
Total read operations: 126
Processing 36 w/w combinations
Updating has_path path cache...
10% 
20% 
30% 
40% 
50% 
60% 
70% 
80% 
90% 
100% 
Processing 1134 r/w combinations
10% 
20% 
30% 
40% 
50% 
60% 
70% 
80% 
90% 
100% 
Updating has_path path cache...
+-------------------------------------------+
| Total operations:      135                |
| Total write operations: 9                 |
| Total read operations:  126               |
+-------------------------------------------+
| Total commuting races: 597                |
| Total harmful races:   0                  |
| Total filtered races:  0                  |
| Total Time Filtered races:  543           |
| Total Time Edges:      543                |
+-------------------------------------------+
Number of packet traces with races: 0
Number of packet inconsistencies:  0
Number of packet inconsistencies that are actually consistent (covered):  0
Number of packet inconsistencies the first race is already inconsistent:  0
Number of packet inconsistencies after trimming repeated races:  0
Number of packet inconsistent updates:  0
Number of races:  1140
Number of races filtered by time:  543
Number of commuting races:  597
Number of harmful races:  0
Number of covered races:  0
Number of versions: 11
Inconsistent updates: 0
Done. Time elapsed: 0.806638002396 s
load_trace: 0.37571310997 s
detect_races: 0.118439912796 s
extract_traces_time: 0.0736310482025 s
find_reactive_cmds_time: 0.00076699256897 s
find_proactive_cmds_time: 0.103125095367 s
find_covered_races_time: 0.133792877197 s
per_packet_inconsistent_time: 0.0011100769043 s
find_inconsistent_update_time: -1.19209289551e-05 s
Read 567 events.
Added 550 events.
Total write operations: 9
Total read operations: 126
Processing 36 w/w combinations
Updating has_path path cache...
10% 
20% 
30% 
40% 
50% 
60% 
70% 
80% 
90% 
100% 
Processing 1134 r/w combinations
10% 
20% 
30% 
40% 
50% 
60% 
70% 
80% 
90% 
100% 
Updating has_path path cache...
+-------------------------------------------+
| Total operations:      135                |
| Total write operations: 9                 |
| Total read operations:  126               |
+-------------------------------------------+
| Total commuting races: 597                |
| Total harmful races:   72                 |
| Total filtered races:  0                  |
| Total Time Filtered races:  471           |
| Total Time Edges:      471                |
+-------------------------------------------+
Number of packet traces with races: 29
Number of packet inconsistencies:  0
Number of packet inconsistencies that are actually consistent (covered):  3
Number of packet inconsistencies the first race is already inconsistent:  26
Number of packet inconsistencies after trimming repeated races:  0
Number of packet inconsistent updates:  0
Number of races:  1140
Number of races filtered by time:  471
Number of commuting races:  597
Number of harmful races:  69
Number of covered races:  3
Number of versions: 11
Inconsistent updates: 0
Done. Time elapsed: 0.930994033813 s
load_trace: 0.369629144669 s
detect_races: 0.112504959106 s
extract_traces_time: 0.0504219532013 s
find_reactive_cmds_time: 0.000421047210693 s
find_proactive_cmds_time: 0.0973188877106 s
find_covered_races_time: 0.289026975632 s
per_packet_inconsistent_time: 0.0115849971771 s
find_inconsistent_update_time: -3.91006469727e-05 s
Read 567 events.
Added 550 events.
Total write operations: 9
Total read operations: 126
Processing 36 w/w combinations
Updating has_path path cache...
10% 
20% 
30% 
40% 
50% 
60% 
70% 
80% 
90% 
100% 
Processing 1134 r/w combinations
10% 
20% 
30% 
40% 
50% 
60% 
70% 
80% 
90% 
100% 
Updating has_path path cache...
+-------------------------------------------+
| Total operations:      135                |
| Total write operations: 9                 |
| Total read operations:  126               |
+-------------------------------------------+
| Total commuting races: 597                |
| Total harmful races:   133                |
| Total filtered races:  0                  |
| Total Time Filtered races:  410           |
| Total Time Edges:      410                |
+-------------------------------------------+
Number of packet traces with races: 45
Number of packet inconsistencies:  0
Number of packet inconsistencies that are actually consistent (covered):  3
Number of packet inconsistencies the first race is already inconsistent:  42
Number of packet inconsistencies after trimming repeated races:  0
Number of packet inconsistent updates:  0
Number of races:  1140
Number of races filtered by time:  410
Number of commuting races:  597
Number of harmful races:  130
Number of covered races:  3
Number of versions: 11
Inconsistent updates: 0
Done. Time elapsed: 1.02124094963 s
load_trace: 0.357343912125 s
detect_races: 0.111800909042 s
extract_traces_time: 0.0403780937195 s
find_reactive_cmds_time: 0.000363111495972 s
find_proactive_cmds_time: 0.0766367912292 s
find_covered_races_time: 0.416174173355 s
per_packet_inconsistent_time: 0.0184350013733 s
find_inconsistent_update_time: -6.103515625e-05 s
Read 567 events.
Added 550 events.
Total write operations: 9
Total read operations: 126
Processing 36 w/w combinations
Updating has_path path cache...
10% 
20% 
30% 
40% 
50% 
60% 
70% 
80% 
90% 
100% 
Processing 1134 r/w combinations
10% 
20% 
30% 
40% 
50% 
60% 
70% 
80% 
90% 
100% 
Updating has_path path cache...
+-------------------------------------------+
| Total operations:      135                |
| Total write operations: 9                 |
| Total read operations:  126               |
+-------------------------------------------+
| Total commuting races: 597                |
| Total harmful races:   192                |
| Total filtered races:  0                  |
| Total Time Filtered races:  351           |
| Total Time Edges:      351                |
+-------------------------------------------+
Number of packet traces with races: 58
Number of packet inconsistencies:  0
Number of packet inconsistencies that are actually consistent (covered):  5
Number of packet inconsistencies the first race is already inconsistent:  53
Number of packet inconsistencies after trimming repeated races:  0
Number of packet inconsistent updates:  0
Number of races:  1140
Number of races filtered by time:  351
Number of commuting races:  597
Number of harmful races:  187
Number of covered races:  5
Number of versions: 11
Inconsistent updates: 0
Done. Time elapsed: 1.0833170414 s
load_trace: 0.360039949417 s
detect_races: 0.105315208435 s
extract_traces_time: 0.0340650081635 s
find_reactive_cmds_time: 0.00036883354187 s
find_proactive_cmds_time: 0.0723719596863 s
find_covered_races_time: 0.485692024231 s
per_packet_inconsistent_time: 0.0253319740295 s
find_inconsistent_update_time: -8.10623168945e-05 s
Read 567 events.
Added 550 events.
Total write operations: 9
Total read operations: 126
Processing 36 w/w combinations
Updating has_path path cache...
10% 
20% 
30% 
40% 
50% 
60% 
70% 
80% 
90% 
100% 
Processing 1134 r/w combinations
10% 
20% 
30% 
40% 
50% 
60% 
70% 
80% 
90% 
100% 
Updating has_path path cache...
+-------------------------------------------+
| Total operations:      135                |
| Total write operations: 9                 |
| Total read operations:  126               |
+-------------------------------------------+
| Total commuting races: 597                |
| Total harmful races:   245                |
| Total filtered races:  0                  |
| Total Time Filtered races:  298           |
| Total Time Edges:      298                |
+-------------------------------------------+
Number of packet traces with races: 69
Number of packet inconsistencies:  0
Number of packet inconsistencies that are actually consistent (covered):  17
Number of packet inconsistencies the first race is already inconsistent:  52
Number of packet inconsistencies after trimming repeated races:  0
Number of packet inconsistent updates:  0
Number of races:  1140
Number of races filtered by time:  298
Number of commuting races:  597
Number of harmful races:  225
Number of covered races:  20
Number of versions: 11
Inconsistent updates: 0
Done. Time elapsed: 1.23318910599 s
load_trace: 0.354002952576 s
detect_races: 0.108491182327 s
extract_traces_time: 0.0347878932953 s
find_reactive_cmds_time: 0.000375986099243 s
find_proactive_cmds_time: 0.0806570053101 s
find_covered_races_time: 0.62451505661 s
per_packet_inconsistent_time: 0.0302159786224 s
find_inconsistent_update_time: -9.29832458496e-05 s
Read 567 events.
Added 550 events.
Total write operations: 9
Total read operations: 126
Processing 36 w/w combinations
Updating has_path path cache...
10% 
20% 
30% 
40% 
50% 
60% 
70% 
80% 
90% 
100% 
Processing 1134 r/w combinations
10% 
20% 
30% 
40% 
50% 
60% 
70% 
80% 
90% 
100% 
Updating has_path path cache...
+-------------------------------------------+
| Total operations:      135                |
| Total write operations: 9                 |
| Total read operations:  126               |
+-------------------------------------------+
| Total commuting races: 597                |
| Total harmful races:   299                |
| Total filtered races:  0                  |
| Total Time Filtered races:  244           |
| Total Time Edges:      244                |
+-------------------------------------------+
Number of packet traces with races: 82
Number of packet inconsistencies:  0
Number of packet inconsistencies that are actually consistent (covered):  30
Number of packet inconsistencies the first race is already inconsistent:  52
Number of packet inconsistencies after trimming repeated races:  0
Number of packet inconsistent updates:  0
Number of races:  1140
Number of races filtered by time:  244
Number of commuting races:  597
Number of harmful races:  266
Number of covered races:  33
Number of versions: 11
Inconsistent updates: 0
Done. Time elapsed: 1.24950504303 s
load_trace: 0.366261005402 s
detect_races: 0.104365110397 s
extract_traces_time: 0.0311748981476 s
find_reactive_cmds_time: 0.000380992889404 s
find_proactive_cmds_time: 0.0819480419159 s
find_covered_races_time: 0.626564025879 s
per_packet_inconsistent_time: 0.0386509895325 s
find_inconsistent_update_time: -0.000113010406494 s
Read 567 events.
Added 550 events.
Total write operations: 9
Total read operations: 126
Processing 36 w/w combinations
Updating has_path path cache...
10% 
20% 
30% 
40% 
50% 
60% 
70% 
80% 
90% 
100% 
Processing 1134 r/w combinations
10% 
20% 
30% 
40% 
50% 
60% 
70% 
80% 
90% 
100% 
Updating has_path path cache...
+-------------------------------------------+
| Total operations:      135                |
| Total write operations: 9                 |
| Total read operations:  126               |
+-------------------------------------------+
| Total commuting races: 597                |
| Total harmful races:   385                |
| Total filtered races:  0                  |
| Total Time Filtered races:  158           |
| Total Time Edges:      158                |
+-------------------------------------------+
Number of packet traces with races: 101
Number of packet inconsistencies:  0
Number of packet inconsistencies that are actually consistent (covered):  47
Number of packet inconsistencies the first race is already inconsistent:  54
Number of packet inconsistencies after trimming repeated races:  0
Number of packet inconsistent updates:  0
Number of races:  1140
Number of races filtered by time:  158
Number of commuting races:  597
Number of harmful races:  335
Number of covered races:  50
Number of versions: 11
Inconsistent updates: 0
Done. Time elapsed: 1.39805793762 s
load_trace: 0.389642000198 s
detect_races: 0.121479034424 s
extract_traces_time: 0.0288419723511 s
find_reactive_cmds_time: 0.00032901763916 s
find_proactive_cmds_time: 0.0888469219208 s
find_covered_races_time: 0.717741012573 s
per_packet_inconsistent_time: 0.0509779453278 s
find_inconsistent_update_time: -0.00015115737915 s
Read 567 events.
Added 550 events.
Total write operations: 9
Total read operations: 126
Processing 36 w/w combinations
Updating has_path path cache...
10% 
20% 
30% 
40% 
50% 
60% 
70% 
80% 
90% 
100% 
Processing 1134 r/w combinations
10% 
20% 
30% 
40% 
50% 
60% 
70% 
80% 
90% 
100% 
Updating has_path path cache...
+-------------------------------------------+
| Total operations:      135                |
| Total write operations: 9                 |
| Total read operations:  126               |
+-------------------------------------------+
| Total commuting races: 597                |
| Total harmful races:   431                |
| Total filtered races:  0                  |
| Total Time Filtered races:  112           |
| Total Time Edges:      112                |
+-------------------------------------------+
Number of packet traces with races: 112
Number of packet inconsistencies:  0
Number of packet inconsistencies that are actually consistent (covered):  58
Number of packet inconsistencies the first race is already inconsistent:  54
Number of packet inconsistencies after trimming repeated races:  0
Number of packet inconsistent updates:  0
Number of races:  1140
Number of races filtered by time:  112
Number of commuting races:  597
Number of harmful races:  370
Number of covered races:  61
Number of versions: 11
Inconsistent updates: 0
Done. Time elapsed: 1.25453877449 s
load_trace: 0.371047973633 s
detect_races: 0.0963289737701 s
extract_traces_time: 0.0230238437653 s
find_reactive_cmds_time: 0.000307083129883 s
find_proactive_cmds_time: 0.0733180046082 s
find_covered_races_time: 0.632616043091 s
per_packet_inconsistent_time: 0.0574898719788 s
find_inconsistent_update_time: -0.000349998474121 s
Read 567 events.
Added 550 events.
Total write operations: 9
Total read operations: 126
Processing 36 w/w combinations
Updating has_path path cache...
10% 
20% 
30% 
40% 
50% 
60% 
70% 
80% 
90% 
100% 
Processing 1134 r/w combinations
10% 
20% 
30% 
40% 
50% 
60% 
70% 
80% 
90% 
100% 
Updating has_path path cache...
+-------------------------------------------+
| Total operations:      135                |
| Total write operations: 9                 |
| Total read operations:  126               |
+-------------------------------------------+
| Total commuting races: 597                |
| Total harmful races:   490                |
| Total filtered races:  0                  |
| Total Time Filtered races:  53            |
| Total Time Edges:      53                 |
+-------------------------------------------+
Number of packet traces with races: 124
Number of packet inconsistencies:  0
Number of packet inconsistencies that are actually consistent (covered):  69
Number of packet inconsistencies the first race is already inconsistent:  55
Number of packet inconsistencies after trimming repeated races:  0
Number of packet inconsistent updates:  0
Number of races:  1140
Number of races filtered by time:  53
Number of commuting races:  597
Number of harmful races:  418
Number of covered races:  72
Number of versions: 11
Inconsistent updates: 0
Done. Time elapsed: 1.22182893753 s
load_trace: 0.366915941238 s
detect_races: 0.0925390720367 s
extract_traces_time: 0.0195548534393 s
find_reactive_cmds_time: 0.000301122665405 s
find_proactive_cmds_time: 0.0768299102783 s
find_covered_races_time: 0.599218130112 s
per_packet_inconsistent_time: 0.066174030304 s
find_inconsistent_update_time: -0.000248908996582 s
Read 567 events.
Added 550 events.
Total write operations: 9
Total read operations: 126
Processing 36 w/w combinations
Updating has_path path cache...
10% 
20% 
30% 
40% 
50% 
60% 
70% 
80% 
90% 
100% 
Processing 1134 r/w combinations
10% 
20% 
30% 
40% 
50% 
60% 
70% 
80% 
90% 
100% 
Updating has_path path cache...
+-------------------------------------------+
| Total operations:      135                |
| Total write operations: 9                 |
| Total read operations:  126               |
+-------------------------------------------+
| Total commuting races: 597                |
| Total harmful races:   519                |
| Total filtered races:  0                  |
| Total Time Filtered races:  24            |
| Total Time Edges:      24                 |
+-------------------------------------------+
Number of packet traces with races: 126
Number of packet inconsistencies:  0
Number of packet inconsistencies that are actually consistent (covered):  90
Number of packet inconsistencies the first race is already inconsistent:  36
Number of packet inconsistencies after trimming repeated races:  0
Number of packet inconsistent updates:  0
Number of races:  1140
Number of races filtered by time:  24
Number of commuting races:  597
Number of harmful races:  426
Number of covered races:  93
Number of versions: 11
Inconsistent updates: 0
Done. Time elapsed: 1.22819399834 s
load_trace: 0.377291917801 s
detect_races: 0.0913310050964 s
extract_traces_time: 0.0185680389404 s
find_reactive_cmds_time: 0.000323057174683 s
find_proactive_cmds_time: 0.0768928527832 s
find_covered_races_time: 0.595489025116 s
per_packet_inconsistent_time: 0.0680530071259 s
find_inconsistent_update_time: -0.000197172164917 s
Read 567 events.
Added 550 events.
Total write operations: 9
Total read operations: 126
Processing 36 w/w combinations
Updating has_path path cache...
10% 
20% 
30% 
40% 
50% 
60% 
70% 
80% 
90% 
100% 
Processing 1134 r/w combinations
10% 
20% 
30% 
40% 
50% 
60% 
70% 
80% 
90% 
100% 
Updating has_path path cache...
+-------------------------------------------+
| Total operations:      135                |
| Total write operations: 9                 |
| Total read operations:  126               |
+-------------------------------------------+
| Total commuting races: 597                |
| Total harmful races:   527                |
| Total filtered races:  0                  |
| Total Time Filtered races:  16            |
| Total Time Edges:      16                 |
+-------------------------------------------+
Number of packet traces with races: 126
Number of packet inconsistencies:  0
Number of packet inconsistencies that are actually consistent (covered):  98
Number of packet inconsistencies the first race is already inconsistent:  28
Number of packet inconsistencies after trimming repeated races:  0
Number of packet inconsistent updates:  0
Number of races:  1140
Number of races filtered by time:  16
Number of commuting races:  597
Number of harmful races:  426
Number of covered races:  101
Number of versions: 11
Inconsistent updates: 0
Done. Time elapsed: 1.34287786484 s
load_trace: 0.41429901123 s
detect_races: 0.106529951096 s
extract_traces_time: 0.0220489501953 s
find_reactive_cmds_time: 0.000275135040283 s
find_proactive_cmds_time: 0.0910668373108 s
find_covered_races_time: 0.637978076935 s
per_packet_inconsistent_time: 0.0703449249268 s
find_inconsistent_update_time: -0.000334978103638 s
