Read 5971 events.
Added 3869 events.
Total write operations: 510
Total read operations: 266
Processing 129795 w/w combinations
Updating has_path path cache...
10% 
20% 
30% 
40% 
50% 
60% 
70% 
80% 
90% 
100% 
Processing 135660 r/w combinations
10% 
20% 
30% 
40% 
50% 
60% 
70% 
80% 
90% 
100% 
Updating has_path path cache...
+-------------------------------------------+
| Total operations:      776                |
| Total write operations: 510               |
| Total read operations:  266               |
+-------------------------------------------+
| Total commuting races: 28231              |
| Total harmful races:   660                |
| Total filtered races:  0                  |
| Total Time Filtered races:  0             |
| Total Time Edges:      0                  |
+-------------------------------------------+
Number of packet traces with races: 120
Number of packet inconsistencies:  54
Number of packet inconsistencies that are actually consistent (covered):  24
Number of packet inconsistencies the first race is already inconsistent:  42
Number of packet inconsistencies after trimming repeated races:  51
Number of packet inconsistent updates:  412
Number of races:  28891
Number of races filtered by time:  0
Number of commuting races:  28231
Number of harmful races:  413
Number of covered races:  247
Number of versions: 451
Inconsistent updates: 69
Done. Time elapsed: 34.5940959454 s
load_trace: 21.4224820137 s
detect_races: 6.24657392502 s
extract_traces_time: 1.89171814919 s
find_reactive_cmds_time: 0.0170600414276 s
find_proactive_cmds_time: 0.426841974258 s
find_covered_races_time: 4.11351084709 s
per_packet_inconsistent_time: 0.421768188477 s
find_inconsistent_update_time: -0.0540599822998 s
Read 5971 events.
Added 3869 events.
Total write operations: 510
Total read operations: 266
Processing 129795 w/w combinations
Updating has_path path cache...
10% 
20% 
30% 
40% 
50% 
60% 
70% 
80% 
90% 
100% 
Processing 135660 r/w combinations
10% 
20% 
30% 
40% 
50% 
60% 
70% 
80% 
90% 
100% 
Updating has_path path cache...
+-------------------------------------------+
| Total operations:      776                |
| Total write operations: 510               |
| Total read operations:  266               |
+-------------------------------------------+
| Total commuting races: 28231              |
| Total harmful races:   0                  |
| Total filtered races:  0                  |
| Total Time Filtered races:  660           |
| Total Time Edges:      660                |
+-------------------------------------------+
Number of packet traces with races: 0
Number of packet inconsistencies:  0
Number of packet inconsistencies that are actually consistent (covered):  0
Number of packet inconsistencies the first race is already inconsistent:  0
Number of packet inconsistencies after trimming repeated races:  0
Number of packet inconsistent updates:  0
Number of races:  28891
Number of races filtered by time:  660
Number of commuting races:  28231
Number of harmful races:  0
Number of covered races:  0
Number of versions: 451
Inconsistent updates: 0
Done. Time elapsed: 28.9037938118 s
load_trace: 21.6717729568 s
detect_races: 3.78333306313 s
extract_traces_time: 2.56057786942 s
find_reactive_cmds_time: 0.0181410312653 s
find_proactive_cmds_time: 0.322299003601 s
find_covered_races_time: 0.539644002914 s
per_packet_inconsistent_time: 0.0077850818634 s
find_inconsistent_update_time: -0.000187873840332 s
Read 5971 events.
Added 3869 events.
Total write operations: 510
Total read operations: 266
Processing 129795 w/w combinations
Updating has_path path cache...
10% 
20% 
30% 
40% 
50% 
60% 
70% 
80% 
90% 
100% 
Processing 135660 r/w combinations
10% 
20% 
30% 
40% 
50% 
60% 
70% 
80% 
90% 
100% 
Updating has_path path cache...
+-------------------------------------------+
| Total operations:      776                |
| Total write operations: 510               |
| Total read operations:  266               |
+-------------------------------------------+
| Total commuting races: 28231              |
| Total harmful races:   5                  |
| Total filtered races:  0                  |
| Total Time Filtered races:  655           |
| Total Time Edges:      655                |
+-------------------------------------------+
Number of packet traces with races: 7
Number of packet inconsistencies:  4
Number of packet inconsistencies that are actually consistent (covered):  0
Number of packet inconsistencies the first race is already inconsistent:  3
Number of packet inconsistencies after trimming repeated races:  2
Number of packet inconsistent updates:  0
Number of races:  28891
Number of races filtered by time:  655
Number of commuting races:  28231
Number of harmful races:  5
Number of covered races:  0
Number of versions: 451
Inconsistent updates: 0
Done. Time elapsed: 27.339632988 s
load_trace: 20.7913408279 s
detect_races: 3.77021598816 s
extract_traces_time: 2.0033621788 s
find_reactive_cmds_time: 0.0163669586182 s
find_proactive_cmds_time: 0.276268959045 s
find_covered_races_time: 0.450903892517 s
per_packet_inconsistent_time: 0.030935049057 s
find_inconsistent_update_time: -0.000188112258911 s
Read 5971 events.
Added 3869 events.
Total write operations: 510
Total read operations: 266
Processing 129795 w/w combinations
Updating has_path path cache...
10% 
20% 
30% 
40% 
50% 
60% 
70% 
80% 
90% 
100% 
Processing 135660 r/w combinations
10% 
20% 
30% 
40% 
50% 
60% 
70% 
80% 
90% 
100% 
Updating has_path path cache...
+-------------------------------------------+
| Total operations:      776                |
| Total write operations: 510               |
| Total read operations:  266               |
+-------------------------------------------+
| Total commuting races: 28231              |
| Total harmful races:   12                 |
| Total filtered races:  0                  |
| Total Time Filtered races:  648           |
| Total Time Edges:      648                |
+-------------------------------------------+
Number of packet traces with races: 11
Number of packet inconsistencies:  5
Number of packet inconsistencies that are actually consistent (covered):  0
Number of packet inconsistencies the first race is already inconsistent:  6
Number of packet inconsistencies after trimming repeated races:  4
Number of packet inconsistent updates:  0
Number of races:  28891
Number of races filtered by time:  648
Number of commuting races:  28231
Number of harmful races:  12
Number of covered races:  0
Number of versions: 451
Inconsistent updates: 0
Done. Time elapsed: 26.4734280109 s
load_trace: 20.1527130604 s
detect_races: 3.59686303139 s
extract_traces_time: 1.95763897896 s
find_reactive_cmds_time: 0.0163869857788 s
find_proactive_cmds_time: 0.262839078903 s
find_covered_races_time: 0.450991868973 s
per_packet_inconsistent_time: 0.0357370376587 s
find_inconsistent_update_time: -0.000205039978027 s
Read 5971 events.
Added 3869 events.
Total write operations: 510
Total read operations: 266
Processing 129795 w/w combinations
Updating has_path path cache...
10% 
20% 
30% 
40% 
50% 
60% 
70% 
80% 
90% 
100% 
Processing 135660 r/w combinations
10% 
20% 
30% 
40% 
50% 
60% 
70% 
80% 
90% 
100% 
Updating has_path path cache...
+-------------------------------------------+
| Total operations:      776                |
| Total write operations: 510               |
| Total read operations:  266               |
+-------------------------------------------+
| Total commuting races: 28231              |
| Total harmful races:   20                 |
| Total filtered races:  0                  |
| Total Time Filtered races:  640           |
| Total Time Edges:      640                |
+-------------------------------------------+
Number of packet traces with races: 19
Number of packet inconsistencies:  12
Number of packet inconsistencies that are actually consistent (covered):  0
Number of packet inconsistencies the first race is already inconsistent:  7
Number of packet inconsistencies after trimming repeated races:  8
Number of packet inconsistent updates:  0
Number of races:  28891
Number of races filtered by time:  640
Number of commuting races:  28231
Number of harmful races:  19
Number of covered races:  1
Number of versions: 451
Inconsistent updates: 0
Done. Time elapsed: 27.2064468861 s
load_trace: 20.1746358871 s
detect_races: 3.65660405159 s
extract_traces_time: 2.07969999313 s
find_reactive_cmds_time: 0.0171530246735 s
find_proactive_cmds_time: 0.383702993393 s
find_covered_races_time: 0.837430000305 s
per_packet_inconsistent_time: 0.0572209358215 s
find_inconsistent_update_time: 0.0 s
Read 5971 events.
Added 3869 events.
Total write operations: 510
Total read operations: 266
Processing 129795 w/w combinations
Updating has_path path cache...
10% 
20% 
30% 
40% 
50% 
60% 
70% 
80% 
90% 
100% 
Processing 135660 r/w combinations
10% 
20% 
30% 
40% 
50% 
60% 
70% 
80% 
90% 
100% 
Updating has_path path cache...
+-------------------------------------------+
| Total operations:      776                |
| Total write operations: 510               |
| Total read operations:  266               |
+-------------------------------------------+
| Total commuting races: 28231              |
| Total harmful races:   25                 |
| Total filtered races:  0                  |
| Total Time Filtered races:  635           |
| Total Time Edges:      635                |
+-------------------------------------------+
Number of packet traces with races: 24
Number of packet inconsistencies:  18
Number of packet inconsistencies that are actually consistent (covered):  0
Number of packet inconsistencies the first race is already inconsistent:  6
Number of packet inconsistencies after trimming repeated races:  13
Number of packet inconsistent updates:  0
Number of races:  28891
Number of races filtered by time:  635
Number of commuting races:  28231
Number of harmful races:  23
Number of covered races:  2
Number of versions: 451
Inconsistent updates: 0
Done. Time elapsed: 27.8821280003 s
load_trace: 20.8078501225 s
detect_races: 3.7586979866 s
extract_traces_time: 2.20011687279 s
find_reactive_cmds_time: 0.0194630622864 s
find_proactive_cmds_time: 0.276000976562 s
find_covered_races_time: 0.744552135468 s
per_packet_inconsistent_time: 0.075446844101 s
find_inconsistent_update_time: 0.0 s
Read 5971 events.
Added 3869 events.
Total write operations: 510
Total read operations: 266
Processing 129795 w/w combinations
Updating has_path path cache...
10% 
20% 
30% 
40% 
50% 
60% 
70% 
80% 
90% 
100% 
Processing 135660 r/w combinations
10% 
20% 
30% 
40% 
50% 
60% 
70% 
80% 
90% 
100% 
Updating has_path path cache...
+-------------------------------------------+
| Total operations:      776                |
| Total write operations: 510               |
| Total read operations:  266               |
+-------------------------------------------+
| Total commuting races: 28231              |
| Total harmful races:   34                 |
| Total filtered races:  0                  |
| Total Time Filtered races:  626           |
| Total Time Edges:      626                |
+-------------------------------------------+
Number of packet traces with races: 27
Number of packet inconsistencies:  19
Number of packet inconsistencies that are actually consistent (covered):  0
Number of packet inconsistencies the first race is already inconsistent:  8
Number of packet inconsistencies after trimming repeated races:  15
Number of packet inconsistent updates:  0
Number of races:  28891
Number of races filtered by time:  626
Number of commuting races:  28231
Number of harmful races:  29
Number of covered races:  5
Number of versions: 451
Inconsistent updates: 0
Done. Time elapsed: 27.3218920231 s
load_trace: 20.5230650902 s
detect_races: 3.59599900246 s
extract_traces_time: 2.02907991409 s
find_reactive_cmds_time: 0.0180549621582 s
find_proactive_cmds_time: 0.287801027298 s
find_covered_races_time: 0.822316884995 s
per_packet_inconsistent_time: 0.0453410148621 s
find_inconsistent_update_time: -0.000156164169312 s
Read 5971 events.
Added 3869 events.
Total write operations: 510
Total read operations: 266
Processing 129795 w/w combinations
Updating has_path path cache...
10% 
20% 
30% 
40% 
50% 
60% 
70% 
80% 
90% 
100% 
Processing 135660 r/w combinations
10% 
20% 
30% 
40% 
50% 
60% 
70% 
80% 
90% 
100% 
Updating has_path path cache...
+-------------------------------------------+
| Total operations:      776                |
| Total write operations: 510               |
| Total read operations:  266               |
+-------------------------------------------+
| Total commuting races: 28231              |
| Total harmful races:   40                 |
| Total filtered races:  0                  |
| Total Time Filtered races:  620           |
| Total Time Edges:      620                |
+-------------------------------------------+
Number of packet traces with races: 28
Number of packet inconsistencies:  19
Number of packet inconsistencies that are actually consistent (covered):  0
Number of packet inconsistencies the first race is already inconsistent:  9
Number of packet inconsistencies after trimming repeated races:  17
Number of packet inconsistent updates:  0
Number of races:  28891
Number of races filtered by time:  620
Number of commuting races:  28231
Number of harmful races:  34
Number of covered races:  6
Number of versions: 451
Inconsistent updates: 0
Done. Time elapsed: 27.7776210308 s
load_trace: 20.7722830772 s
detect_races: 3.68805503845 s
extract_traces_time: 2.07354688644 s
find_reactive_cmds_time: 0.0191252231598 s
find_proactive_cmds_time: 0.287618875504 s
find_covered_races_time: 0.888046979904 s
per_packet_inconsistent_time: 0.0486631393433 s
find_inconsistent_update_time: -0.000227928161621 s
Read 5971 events.
Added 3869 events.
Total write operations: 510
Total read operations: 266
Processing 129795 w/w combinations
Updating has_path path cache...
10% 
20% 
30% 
40% 
50% 
60% 
70% 
80% 
90% 
100% 
Processing 135660 r/w combinations
10% 
20% 
30% 
40% 
50% 
60% 
70% 
80% 
90% 
100% 
Updating has_path path cache...
+-------------------------------------------+
| Total operations:      776                |
| Total write operations: 510               |
| Total read operations:  266               |
+-------------------------------------------+
| Total commuting races: 28231              |
| Total harmful races:   45                 |
| Total filtered races:  0                  |
| Total Time Filtered races:  615           |
| Total Time Edges:      615                |
+-------------------------------------------+
Number of packet traces with races: 30
Number of packet inconsistencies:  19
Number of packet inconsistencies that are actually consistent (covered):  0
Number of packet inconsistencies the first race is already inconsistent:  11
Number of packet inconsistencies after trimming repeated races:  17
Number of packet inconsistent updates:  0
Number of races:  28891
Number of races filtered by time:  615
Number of commuting races:  28231
Number of harmful races:  36
Number of covered races:  9
Number of versions: 451
Inconsistent updates: 0
Done. Time elapsed: 29.1544320583 s
load_trace: 20.7808480263 s
detect_races: 3.76472091675 s
extract_traces_time: 2.18243098259 s
find_reactive_cmds_time: 0.0339510440826 s
find_proactive_cmds_time: 0.470047950745 s
find_covered_races_time: 1.81827902794 s
per_packet_inconsistent_time: 0.103713035583 s
find_inconsistent_update_time: -0.000364065170288 s
Read 5971 events.
Added 3869 events.
Total write operations: 510
Total read operations: 266
Processing 129795 w/w combinations
Updating has_path path cache...
10% 
20% 
30% 
40% 
50% 
60% 
70% 
80% 
90% 
100% 
Processing 135660 r/w combinations
10% 
20% 
30% 
40% 
50% 
60% 
70% 
80% 
90% 
100% 
Updating has_path path cache...
+-------------------------------------------+
| Total operations:      776                |
| Total write operations: 510               |
| Total read operations:  266               |
+-------------------------------------------+
| Total commuting races: 28231              |
| Total harmful races:   51                 |
| Total filtered races:  0                  |
| Total Time Filtered races:  609           |
| Total Time Edges:      609                |
+-------------------------------------------+
Number of packet traces with races: 34
Number of packet inconsistencies:  19
Number of packet inconsistencies that are actually consistent (covered):  0
Number of packet inconsistencies the first race is already inconsistent:  15
Number of packet inconsistencies after trimming repeated races:  17
Number of packet inconsistent updates:  0
Number of races:  28891
Number of races filtered by time:  609
Number of commuting races:  28231
Number of harmful races:  42
Number of covered races:  9
Number of versions: 451
Inconsistent updates: 0
Done. Time elapsed: 38.3154690266 s
load_trace: 30.0161049366 s
detect_races: 4.17786097527 s
extract_traces_time: 2.3654961586 s
find_reactive_cmds_time: 0.0185039043427 s
find_proactive_cmds_time: 0.272933959961 s
find_covered_races_time: 1.39283800125 s
per_packet_inconsistent_time: 0.0714230537415 s
find_inconsistent_update_time: -0.000255107879639 s
Read 5971 events.
Added 3869 events.
Total write operations: 510
Total read operations: 266
Processing 129795 w/w combinations
Updating has_path path cache...
10% 
20% 
30% 
40% 
50% 
60% 
70% 
80% 
90% 
100% 
Processing 135660 r/w combinations
10% 
20% 
30% 
40% 
50% 
60% 
70% 
80% 
90% 
100% 
Updating has_path path cache...
+-------------------------------------------+
| Total operations:      776                |
| Total write operations: 510               |
| Total read operations:  266               |
+-------------------------------------------+
| Total commuting races: 28231              |
| Total harmful races:   60                 |
| Total filtered races:  0                  |
| Total Time Filtered races:  600           |
| Total Time Edges:      600                |
+-------------------------------------------+
Number of packet traces with races: 43
Number of packet inconsistencies:  23
Number of packet inconsistencies that are actually consistent (covered):  0
Number of packet inconsistencies the first race is already inconsistent:  20
Number of packet inconsistencies after trimming repeated races:  21
Number of packet inconsistent updates:  0
Number of races:  28891
Number of races filtered by time:  600
Number of commuting races:  28231
Number of harmful races:  50
Number of covered races:  10
Number of versions: 451
Inconsistent updates: 0
Done. Time elapsed: 31.0738389492 s
load_trace: 23.4778411388 s
detect_races: 3.71357488632 s
extract_traces_time: 2.37989711761 s
find_reactive_cmds_time: 0.0199937820435 s
find_proactive_cmds_time: 0.286533117294 s
find_covered_races_time: 1.12399792671 s
per_packet_inconsistent_time: 0.0720009803772 s
find_inconsistent_update_time: 0.0 s
Read 5971 events.
Added 3869 events.
Total write operations: 510
Total read operations: 266
Processing 129795 w/w combinations
Updating has_path path cache...
10% 
20% 
30% 
40% 
50% 
60% 
70% 
80% 
90% 
100% 
Processing 135660 r/w combinations
10% 
20% 
30% 
40% 
50% 
60% 
70% 
80% 
90% 
100% 
Updating has_path path cache...
+-------------------------------------------+
| Total operations:      776                |
| Total write operations: 510               |
| Total read operations:  266               |
+-------------------------------------------+
| Total commuting races: 28231              |
| Total harmful races:   61                 |
| Total filtered races:  0                  |
| Total Time Filtered races:  599           |
| Total Time Edges:      599                |
+-------------------------------------------+
Number of packet traces with races: 43
Number of packet inconsistencies:  23
Number of packet inconsistencies that are actually consistent (covered):  0
Number of packet inconsistencies the first race is already inconsistent:  20
Number of packet inconsistencies after trimming repeated races:  21
Number of packet inconsistent updates:  0
Number of races:  28891
Number of races filtered by time:  599
Number of commuting races:  28231
Number of harmful races:  51
Number of covered races:  10
Number of versions: 451
Inconsistent updates: 0
Done. Time elapsed: 29.3536188602 s
load_trace: 22.045717001 s
detect_races: 3.66160297394 s
extract_traces_time: 2.02524495125 s
find_reactive_cmds_time: 0.0188739299774 s
find_proactive_cmds_time: 0.300433158875 s
find_covered_races_time: 1.22496390343 s
per_packet_inconsistent_time: 0.0764801502228 s
find_inconsistent_update_time: -0.000245809555054 s
