Read 8374 events.
Added 8031 events.
Total write operations: 1492
Total read operations: 920
Processing 1112286 w/w combinations
Updating has_path path cache...
10% 
20% 
30% 
40% 
50% 
60% 
70% 
80% 
90% 
100% 
Processing 1372640 r/w combinations
10% 
20% 
30% 
40% 
50% 
60% 
70% 
80% 
90% 
100% 
Updating has_path path cache...
+-------------------------------------------+
| Total operations:      2412               |
| Total write operations: 1492              |
| Total read operations:  920               |
+-------------------------------------------+
| Total commuting races: 233578             |
| Total harmful races:   2851               |
| Total filtered races:  0                  |
| Total Time Filtered races:  0             |
| Total Time Edges:      0                  |
+-------------------------------------------+
Number of packet traces with races: 126
Number of packet inconsistencies:  101
Number of packet inconsistencies that are actually consistent (covered):  12
Number of packet inconsistencies the first race is already inconsistent:  13
Number of packet inconsistencies after trimming repeated races:  95
Number of packet inconsistent updates:  0
Number of races:  236429
Number of races filtered by time:  0
Number of commuting races:  233578
Number of harmful races:  1712
Number of covered races:  1139
Number of versions: 39
Inconsistent updates: 0
Done. Time elapsed: 241.628096104 s
load_trace: 29.6320650578 s
detect_races: 21.6089360714 s
extract_traces_time: 4.2592048645 s
find_reactive_cmds_time: 0.0217061042786 s
find_proactive_cmds_time: 0.110325098038 s
find_covered_races_time: 182.957983971 s
per_packet_inconsistent_time: 3.03590202332 s
find_inconsistent_update_time: -0.00191593170166 s
Read 8374 events.
Added 8031 events.
Total write operations: 1492
Total read operations: 920
Processing 1112286 w/w combinations
Updating has_path path cache...
10% 
20% 
30% 
40% 
50% 
60% 
70% 
80% 
90% 
100% 
Processing 1372640 r/w combinations
10% 
20% 
30% 
40% 
50% 
60% 
70% 
80% 
90% 
100% 
Updating has_path path cache...
+-------------------------------------------+
| Total operations:      2412               |
| Total write operations: 1492              |
| Total read operations:  920               |
+-------------------------------------------+
| Total commuting races: 233578             |
| Total harmful races:   0                  |
| Total filtered races:  0                  |
| Total Time Filtered races:  2851          |
| Total Time Edges:      2851               |
+-------------------------------------------+
Number of packet traces with races: 0
Number of packet inconsistencies:  0
Number of packet inconsistencies that are actually consistent (covered):  0
Number of packet inconsistencies the first race is already inconsistent:  0
Number of packet inconsistencies after trimming repeated races:  0
Number of packet inconsistent updates:  0
Number of races:  236429
Number of races filtered by time:  2851
Number of commuting races:  233578
Number of harmful races:  0
Number of covered races:  0
Number of versions: 39
Inconsistent updates: 0
Done. Time elapsed: 69.1135470867 s
load_trace: 31.2356660366 s
detect_races: 25.9694321156 s
extract_traces_time: 6.17561483383 s
find_reactive_cmds_time: 0.0179631710052 s
find_proactive_cmds_time: 0.107933998108 s
find_covered_races_time: 5.59667992592 s
per_packet_inconsistent_time: 0.0100538730621 s
find_inconsistent_update_time: -0.000160217285156 s
Read 8374 events.
Added 8031 events.
Total write operations: 1492
Total read operations: 920
Processing 1112286 w/w combinations
Updating has_path path cache...
10% 
20% 
30% 
40% 
50% 
60% 
70% 
80% 
90% 
100% 
Processing 1372640 r/w combinations
10% 
20% 
30% 
40% 
50% 
60% 
70% 
80% 
90% 
100% 
Updating has_path path cache...
+-------------------------------------------+
| Total operations:      2412               |
| Total write operations: 1492              |
| Total read operations:  920               |
+-------------------------------------------+
| Total commuting races: 233578             |
| Total harmful races:   141                |
| Total filtered races:  0                  |
| Total Time Filtered races:  2710          |
| Total Time Edges:      2710               |
+-------------------------------------------+
Number of packet traces with races: 48
Number of packet inconsistencies:  32
Number of packet inconsistencies that are actually consistent (covered):  0
Number of packet inconsistencies the first race is already inconsistent:  16
Number of packet inconsistencies after trimming repeated races:  21
Number of packet inconsistent updates:  0
Number of races:  236429
Number of races filtered by time:  2710
Number of commuting races:  233578
Number of harmful races:  133
Number of covered races:  8
Number of versions: 39
Inconsistent updates: 0
Done. Time elapsed: 81.2947599888 s
load_trace: 28.778151989 s
detect_races: 24.5033760071 s
extract_traces_time: 5.71408891678 s
find_reactive_cmds_time: 0.0188791751862 s
find_proactive_cmds_time: 0.114756822586 s
find_covered_races_time: 22.0424530506 s
per_packet_inconsistent_time: 0.122572183609 s
find_inconsistent_update_time: -0.00041389465332 s
Read 8374 events.
Added 8031 events.
Total write operations: 1492
Total read operations: 920
Processing 1112286 w/w combinations
Updating has_path path cache...
10% 
20% 
30% 
40% 
50% 
60% 
70% 
80% 
90% 
100% 
Processing 1372640 r/w combinations
10% 
20% 
30% 
40% 
50% 
60% 
70% 
80% 
90% 
100% 
Updating has_path path cache...
+-------------------------------------------+
| Total operations:      2412               |
| Total write operations: 1492              |
| Total read operations:  920               |
+-------------------------------------------+
| Total commuting races: 233578             |
| Total harmful races:   253                |
| Total filtered races:  0                  |
| Total Time Filtered races:  2598          |
| Total Time Edges:      2598               |
+-------------------------------------------+
Number of packet traces with races: 66
Number of packet inconsistencies:  48
Number of packet inconsistencies that are actually consistent (covered):  1
Number of packet inconsistencies the first race is already inconsistent:  17
Number of packet inconsistencies after trimming repeated races:  41
Number of packet inconsistent updates:  0
Number of races:  236429
Number of races filtered by time:  2598
Number of commuting races:  233578
Number of harmful races:  239
Number of covered races:  14
Number of versions: 39
Inconsistent updates: 0
Done. Time elapsed: 100.610347986 s
load_trace: 34.5449299812 s
detect_races: 26.1083009243 s
extract_traces_time: 5.94900012016 s
find_reactive_cmds_time: 0.0214250087738 s
find_proactive_cmds_time: 0.125627994537 s
find_covered_races_time: 33.6625499725 s
per_packet_inconsistent_time: 0.198235034943 s
find_inconsistent_update_time: -0.000236988067627 s
Read 8374 events.
Added 8031 events.
Total write operations: 1492
Total read operations: 920
Processing 1112286 w/w combinations
Updating has_path path cache...
10% 
20% 
30% 
40% 
50% 
60% 
70% 
80% 
90% 
100% 
Processing 1372640 r/w combinations
10% 
20% 
30% 
40% 
50% 
60% 
70% 
80% 
90% 
100% 
Updating has_path path cache...
+-------------------------------------------+
| Total operations:      2412               |
| Total write operations: 1492              |
| Total read operations:  920               |
+-------------------------------------------+
| Total commuting races: 233578             |
| Total harmful races:   388                |
| Total filtered races:  0                  |
| Total Time Filtered races:  2463          |
| Total Time Edges:      2463               |
+-------------------------------------------+
Number of packet traces with races: 86
Number of packet inconsistencies:  70
Number of packet inconsistencies that are actually consistent (covered):  0
Number of packet inconsistencies the first race is already inconsistent:  16
Number of packet inconsistencies after trimming repeated races:  65
Number of packet inconsistent updates:  0
Number of races:  236429
Number of races filtered by time:  2463
Number of commuting races:  233578
Number of harmful races:  371
Number of covered races:  17
Number of versions: 39
Inconsistent updates: 0
Done. Time elapsed: 108.140661001 s
load_trace: 29.4698791504 s
detect_races: 24.2965660095 s
extract_traces_time: 5.68819093704 s
find_reactive_cmds_time: 0.0182740688324 s
find_proactive_cmds_time: 0.119920969009 s
find_covered_races_time: 48.1883850098 s
per_packet_inconsistent_time: 0.359049797058 s
find_inconsistent_update_time: -0.000354051589966 s
Read 8374 events.
Added 8031 events.
Total write operations: 1492
Total read operations: 920
Processing 1112286 w/w combinations
Updating has_path path cache...
10% 
20% 
30% 
40% 
50% 
60% 
70% 
80% 
90% 
100% 
Processing 1372640 r/w combinations
10% 
20% 
30% 
40% 
50% 
60% 
70% 
80% 
90% 
100% 
Updating has_path path cache...
+-------------------------------------------+
| Total operations:      2412               |
| Total write operations: 1492              |
| Total read operations:  920               |
+-------------------------------------------+
| Total commuting races: 233578             |
| Total harmful races:   525                |
| Total filtered races:  0                  |
| Total Time Filtered races:  2326          |
| Total Time Edges:      2326               |
+-------------------------------------------+
Number of packet traces with races: 99
Number of packet inconsistencies:  82
Number of packet inconsistencies that are actually consistent (covered):  0
Number of packet inconsistencies the first race is already inconsistent:  17
Number of packet inconsistencies after trimming repeated races:  76
Number of packet inconsistent updates:  0
Number of races:  236429
Number of races filtered by time:  2326
Number of commuting races:  233578
Number of harmful races:  501
Number of covered races:  24
Number of versions: 39
Inconsistent updates: 0
Done. Time elapsed: 124.748790026 s
load_trace: 32.1906921864 s
detect_races: 24.3295679092 s
extract_traces_time: 5.5859670639 s
find_reactive_cmds_time: 0.0180130004883 s
find_proactive_cmds_time: 0.114285945892 s
find_covered_races_time: 61.9875240326 s
per_packet_inconsistent_time: 0.522170066833 s
find_inconsistent_update_time: -0.000530004501343 s
Read 8374 events.
Added 8031 events.
Total write operations: 1492
Total read operations: 920
Processing 1112286 w/w combinations
Updating has_path path cache...
10% 
20% 
30% 
40% 
50% 
60% 
70% 
80% 
90% 
100% 
Processing 1372640 r/w combinations
10% 
20% 
30% 
40% 
50% 
60% 
70% 
80% 
90% 
100% 
Updating has_path path cache...
+-------------------------------------------+
| Total operations:      2412               |
| Total write operations: 1492              |
| Total read operations:  920               |
+-------------------------------------------+
| Total commuting races: 233578             |
| Total harmful races:   662                |
| Total filtered races:  0                  |
| Total Time Filtered races:  2189          |
| Total Time Edges:      2189               |
+-------------------------------------------+
Number of packet traces with races: 114
Number of packet inconsistencies:  92
Number of packet inconsistencies that are actually consistent (covered):  0
Number of packet inconsistencies the first race is already inconsistent:  22
Number of packet inconsistencies after trimming repeated races:  89
Number of packet inconsistent updates:  0
Number of races:  236429
Number of races filtered by time:  2189
Number of commuting races:  233578
Number of harmful races:  632
Number of covered races:  30
Number of versions: 39
Inconsistent updates: 0
Done. Time elapsed: 139.051033974 s
load_trace: 31.2892279625 s
detect_races: 25.610213995 s
extract_traces_time: 5.57543301582 s
find_reactive_cmds_time: 0.0179498195648 s
find_proactive_cmds_time: 0.117546081543 s
find_covered_races_time: 75.7617390156 s
per_packet_inconsistent_time: 0.678333997726 s
find_inconsistent_update_time: -0.000545024871826 s
Read 8374 events.
Added 8031 events.
Total write operations: 1492
Total read operations: 920
Processing 1112286 w/w combinations
Updating has_path path cache...
10% 
20% 
30% 
40% 
50% 
60% 
70% 
80% 
90% 
100% 
Processing 1372640 r/w combinations
10% 
20% 
30% 
40% 
50% 
60% 
70% 
80% 
90% 
100% 
Updating has_path path cache...
+-------------------------------------------+
| Total operations:      2412               |
| Total write operations: 1492              |
| Total read operations:  920               |
+-------------------------------------------+
| Total commuting races: 233578             |
| Total harmful races:   767                |
| Total filtered races:  0                  |
| Total Time Filtered races:  2084          |
| Total Time Edges:      2084               |
+-------------------------------------------+
Number of packet traces with races: 119
Number of packet inconsistencies:  95
Number of packet inconsistencies that are actually consistent (covered):  0
Number of packet inconsistencies the first race is already inconsistent:  24
Number of packet inconsistencies after trimming repeated races:  90
Number of packet inconsistent updates:  0
Number of races:  236429
Number of races filtered by time:  2084
Number of commuting races:  233578
Number of harmful races:  733
Number of covered races:  34
Number of versions: 39
Inconsistent updates: 0
Done. Time elapsed: 134.64411211 s
load_trace: 29.5745050907 s
detect_races: 24.8604419231 s
extract_traces_time: 4.66944718361 s
find_reactive_cmds_time: 0.0199799537659 s
find_proactive_cmds_time: 0.112972974777 s
find_covered_races_time: 74.5568659306 s
per_packet_inconsistent_time: 0.849411964417 s
find_inconsistent_update_time: -0.000446081161499 s
Read 8374 events.
Added 8031 events.
Total write operations: 1492
Total read operations: 920
Processing 1112286 w/w combinations
Updating has_path path cache...
10% 
20% 
30% 
40% 
50% 
60% 
70% 
80% 
90% 
100% 
Processing 1372640 r/w combinations
10% 
20% 
30% 
40% 
50% 
60% 
70% 
80% 
90% 
100% 
Updating has_path path cache...
+-------------------------------------------+
| Total operations:      2412               |
| Total write operations: 1492              |
| Total read operations:  920               |
+-------------------------------------------+
| Total commuting races: 233578             |
| Total harmful races:   857                |
| Total filtered races:  0                  |
| Total Time Filtered races:  1994          |
| Total Time Edges:      1994               |
+-------------------------------------------+
Number of packet traces with races: 126
Number of packet inconsistencies:  100
Number of packet inconsistencies that are actually consistent (covered):  1
Number of packet inconsistencies the first race is already inconsistent:  25
Number of packet inconsistencies after trimming repeated races:  97
Number of packet inconsistent updates:  0
Number of races:  236429
Number of races filtered by time:  1994
Number of commuting races:  233578
Number of harmful races:  816
Number of covered races:  41
Number of versions: 39
Inconsistent updates: 0
Done. Time elapsed: 140.768487215 s
load_trace: 30.3334600925 s
detect_races: 22.7462661266 s
extract_traces_time: 4.76279091835 s
find_reactive_cmds_time: 0.0183749198914 s
find_proactive_cmds_time: 0.110835075378 s
find_covered_races_time: 81.9128708839 s
per_packet_inconsistent_time: 0.883416175842 s
find_inconsistent_update_time: -0.000434875488281 s
Read 8374 events.
Added 8031 events.
Total write operations: 1492
Total read operations: 920
Processing 1112286 w/w combinations
Updating has_path path cache...
10% 
20% 
30% 
40% 
50% 
60% 
70% 
80% 
90% 
100% 
Processing 1372640 r/w combinations
10% 
20% 
30% 
40% 
50% 
60% 
70% 
80% 
90% 
100% 
Updating has_path path cache...
+-------------------------------------------+
| Total operations:      2412               |
| Total write operations: 1492              |
| Total read operations:  920               |
+-------------------------------------------+
| Total commuting races: 233578             |
| Total harmful races:   933                |
| Total filtered races:  0                  |
| Total Time Filtered races:  1918          |
| Total Time Edges:      1918               |
+-------------------------------------------+
Number of packet traces with races: 126
Number of packet inconsistencies:  101
Number of packet inconsistencies that are actually consistent (covered):  1
Number of packet inconsistencies the first race is already inconsistent:  24
Number of packet inconsistencies after trimming repeated races:  97
Number of packet inconsistent updates:  0
Number of races:  236429
Number of races filtered by time:  1918
Number of commuting races:  233578
Number of harmful races:  887
Number of covered races:  46
Number of versions: 39
Inconsistent updates: 0
Done. Time elapsed: 145.207788944 s
load_trace: 29.8542499542 s
detect_races: 23.0444180965 s
extract_traces_time: 4.69660997391 s
find_reactive_cmds_time: 0.0189468860626 s
find_proactive_cmds_time: 0.109617948532 s
find_covered_races_time: 86.4725849628 s
per_packet_inconsistent_time: 1.01083707809 s
find_inconsistent_update_time: -0.000486135482788 s
Read 8374 events.
Added 8031 events.
Total write operations: 1492
Total read operations: 920
Processing 1112286 w/w combinations
Updating has_path path cache...
10% 
20% 
30% 
40% 
50% 
60% 
70% 
80% 
90% 
100% 
Processing 1372640 r/w combinations
10% 
20% 
30% 
40% 
50% 
60% 
70% 
80% 
90% 
100% 
Updating has_path path cache...
+-------------------------------------------+
| Total operations:      2412               |
| Total write operations: 1492              |
| Total read operations:  920               |
+-------------------------------------------+
| Total commuting races: 233578             |
| Total harmful races:   963                |
| Total filtered races:  0                  |
| Total Time Filtered races:  1888          |
| Total Time Edges:      1888               |
+-------------------------------------------+
Number of packet traces with races: 126
Number of packet inconsistencies:  101
Number of packet inconsistencies that are actually consistent (covered):  1
Number of packet inconsistencies the first race is already inconsistent:  24
Number of packet inconsistencies after trimming repeated races:  95
Number of packet inconsistent updates:  0
Number of races:  236429
Number of races filtered by time:  1888
Number of commuting races:  233578
Number of harmful races:  912
Number of covered races:  51
Number of versions: 39
Inconsistent updates: 0
Done. Time elapsed: 145.597262859 s
load_trace: 30.3479840755 s
detect_races: 24.4336559772 s
extract_traces_time: 4.7265598774 s
find_reactive_cmds_time: 0.0206909179688 s
find_proactive_cmds_time: 0.119991064072 s
find_covered_races_time: 84.9229490757 s
per_packet_inconsistent_time: 1.02483487129 s
find_inconsistent_update_time: -0.000555992126465 s
Read 8374 events.
Added 8031 events.
Total write operations: 1492
Total read operations: 920
Processing 1112286 w/w combinations
Updating has_path path cache...
10% 
20% 
30% 
40% 
50% 
60% 
70% 
80% 
90% 
100% 
Processing 1372640 r/w combinations
10% 
20% 
30% 
40% 
50% 
60% 
70% 
80% 
90% 
100% 
Updating has_path path cache...
+-------------------------------------------+
| Total operations:      2412               |
| Total write operations: 1492              |
| Total read operations:  920               |
+-------------------------------------------+
| Total commuting races: 233578             |
| Total harmful races:   1014               |
| Total filtered races:  0                  |
| Total Time Filtered races:  1837          |
| Total Time Edges:      1837               |
+-------------------------------------------+
Number of packet traces with races: 126
Number of packet inconsistencies:  101
Number of packet inconsistencies that are actually consistent (covered):  1
Number of packet inconsistencies the first race is already inconsistent:  24
Number of packet inconsistencies after trimming repeated races:  95
Number of packet inconsistent updates:  0
Number of races:  236429
Number of races filtered by time:  1837
Number of commuting races:  233578
Number of harmful races:  951
Number of covered races:  63
Number of versions: 39
Inconsistent updates: 0
Done. Time elapsed: 149.735339165 s
load_trace: 30.829898119 s
detect_races: 23.0393710136 s
extract_traces_time: 4.64950990677 s
find_reactive_cmds_time: 0.0179419517517 s
find_proactive_cmds_time: 0.112017154694 s
find_covered_races_time: 89.9948010445 s
per_packet_inconsistent_time: 1.0912539959 s
find_inconsistent_update_time: -0.000505924224854 s
