Read 4687 events.
Added 4657 events.
Total write operations: 34
Total read operations: 1529
Processing 561 w/w combinations
Updating has_path path cache...
10% 
20% 
30% 
40% 
50% 
60% 
70% 
80% 
90% 
100% 
Processing 51986 r/w combinations
10% 
20% 
30% 
40% 
50% 
60% 
70% 
80% 
90% 
100% 
Updating has_path path cache...
+-------------------------------------------+
| Total operations:      1563               |
| Total write operations: 34                |
| Total read operations:  1529              |
+-------------------------------------------+
| Total commuting races: 9600               |
| Total harmful races:   3101               |
| Total filtered races:  0                  |
| Total Time Filtered races:  0             |
| Total Time Edges:      0                  |
+-------------------------------------------+
Number of packet traces with races: 755
Number of packet inconsistencies:  369
Number of packet inconsistencies that are actually consistent (covered):  386
Number of packet inconsistencies the first race is already inconsistent:  0
Number of packet inconsistencies after trimming repeated races:  18
Number of packet inconsistent updates:  2
Number of races:  12701
Number of races filtered by time:  0
Number of commuting races:  9600
Number of harmful races:  1552
Number of covered races:  1549
Number of versions: 2
Inconsistent updates: 1
Done. Time elapsed: 27.9859249592 s
load_trace: 6.68139505386 s
detect_races: 1.00428080559 s
extract_traces_time: 0.166822195053 s
find_reactive_cmds_time: 4.29153442383e-05 s
find_proactive_cmds_time: 0.107881069183 s
find_covered_races_time: 16.4106469154 s
per_packet_inconsistent_time: 3.61276102066 s
find_inconsistent_update_time: -0.0019998550415 s
Read 4687 events.
Added 4657 events.
Total write operations: 34
Total read operations: 1529
Processing 561 w/w combinations
Updating has_path path cache...
10% 
20% 
30% 
40% 
50% 
60% 
70% 
80% 
90% 
100% 
Processing 51986 r/w combinations
10% 
20% 
30% 
40% 
50% 
60% 
70% 
80% 
90% 
100% 
Updating has_path path cache...
+-------------------------------------------+
| Total operations:      1563               |
| Total write operations: 34                |
| Total read operations:  1529              |
+-------------------------------------------+
| Total commuting races: 9600               |
| Total harmful races:   0                  |
| Total filtered races:  0                  |
| Total Time Filtered races:  3101          |
| Total Time Edges:      3101               |
+-------------------------------------------+
Number of packet traces with races: 0
Number of packet inconsistencies:  0
Number of packet inconsistencies that are actually consistent (covered):  0
Number of packet inconsistencies the first race is already inconsistent:  0
Number of packet inconsistencies after trimming repeated races:  0
Number of packet inconsistent updates:  0
Number of races:  12701
Number of races filtered by time:  3101
Number of commuting races:  9600
Number of harmful races:  0
Number of covered races:  0
Number of versions: 2
Inconsistent updates: 0
Done. Time elapsed: 15.6937417984 s
load_trace: 6.4016828537 s
detect_races: 1.59560799599 s
extract_traces_time: 1.13652396202 s
find_reactive_cmds_time: 6.103515625e-05 s
find_proactive_cmds_time: 0.0958061218262 s
find_covered_races_time: 6.45788884163 s
per_packet_inconsistent_time: 0.006108045578 s
find_inconsistent_update_time: -1.31130218506e-05 s
Read 4687 events.
Added 4657 events.
Total write operations: 34
Total read operations: 1529
Processing 561 w/w combinations
Updating has_path path cache...
10% 
20% 
30% 
40% 
50% 
60% 
70% 
80% 
90% 
100% 
Processing 51986 r/w combinations
10% 
20% 
30% 
40% 
50% 
60% 
70% 
80% 
90% 
100% 
Updating has_path path cache...
+-------------------------------------------+
| Total operations:      1563               |
| Total write operations: 34                |
| Total read operations:  1529              |
+-------------------------------------------+
| Total commuting races: 9600               |
| Total harmful races:   10                 |
| Total filtered races:  0                  |
| Total Time Filtered races:  3091          |
| Total Time Edges:      3091               |
+-------------------------------------------+
Number of packet traces with races: 10
Number of packet inconsistencies:  1
Number of packet inconsistencies that are actually consistent (covered):  0
Number of packet inconsistencies the first race is already inconsistent:  9
Number of packet inconsistencies after trimming repeated races:  1
Number of packet inconsistent updates:  0
Number of races:  12701
Number of races filtered by time:  3091
Number of commuting races:  9600
Number of harmful races:  10
Number of covered races:  0
Number of versions: 2
Inconsistent updates: 0
Done. Time elapsed: 16.8765537739 s
load_trace: 6.50661587715 s
detect_races: 1.50680994987 s
extract_traces_time: 0.702164173126 s
find_reactive_cmds_time: 4.48226928711e-05 s
find_proactive_cmds_time: 0.35498213768 s
find_covered_races_time: 7.79199886322 s
per_packet_inconsistent_time: 0.0139379501343 s
find_inconsistent_update_time: 0.0 s
Read 4687 events.
Added 4657 events.
Total write operations: 34
Total read operations: 1529
Processing 561 w/w combinations
Updating has_path path cache...
10% 
20% 
30% 
40% 
50% 
60% 
70% 
80% 
90% 
100% 
Processing 51986 r/w combinations
10% 
20% 
30% 
40% 
50% 
60% 
70% 
80% 
90% 
100% 
Updating has_path path cache...
+-------------------------------------------+
| Total operations:      1563               |
| Total write operations: 34                |
| Total read operations:  1529              |
+-------------------------------------------+
| Total commuting races: 9600               |
| Total harmful races:   23                 |
| Total filtered races:  0                  |
| Total Time Filtered races:  3078          |
| Total Time Edges:      3078               |
+-------------------------------------------+
Number of packet traces with races: 23
Number of packet inconsistencies:  2
Number of packet inconsistencies that are actually consistent (covered):  0
Number of packet inconsistencies the first race is already inconsistent:  21
Number of packet inconsistencies after trimming repeated races:  1
Number of packet inconsistent updates:  0
Number of races:  12701
Number of races filtered by time:  3078
Number of commuting races:  9600
Number of harmful races:  23
Number of covered races:  0
Number of versions: 2
Inconsistent updates: 0
Done. Time elapsed: 16.1212909222 s
load_trace: 6.3701570034 s
detect_races: 1.46403598785 s
extract_traces_time: 0.656835079193 s
find_reactive_cmds_time: 4.60147857666e-05 s
find_proactive_cmds_time: 0.0930178165436 s
find_covered_races_time: 7.51437520981 s
per_packet_inconsistent_time: 0.0227429866791 s
find_inconsistent_update_time: -2.98023223877e-05 s
Read 4687 events.
Added 4657 events.
Total write operations: 34
Total read operations: 1529
Processing 561 w/w combinations
Updating has_path path cache...
10% 
20% 
30% 
40% 
50% 
60% 
70% 
80% 
90% 
100% 
Processing 51986 r/w combinations
10% 
20% 
30% 
40% 
50% 
60% 
70% 
80% 
90% 
100% 
Updating has_path path cache...
+-------------------------------------------+
| Total operations:      1563               |
| Total write operations: 34                |
| Total read operations:  1529              |
+-------------------------------------------+
| Total commuting races: 9600               |
| Total harmful races:   108                |
| Total filtered races:  0                  |
| Total Time Filtered races:  2993          |
| Total Time Edges:      2993               |
+-------------------------------------------+
Number of packet traces with races: 52
Number of packet inconsistencies:  14
Number of packet inconsistencies that are actually consistent (covered):  12
Number of packet inconsistencies the first race is already inconsistent:  26
Number of packet inconsistencies after trimming repeated races:  8
Number of packet inconsistent updates:  0
Number of races:  12701
Number of races filtered by time:  2993
Number of commuting races:  9600
Number of harmful races:  70
Number of covered races:  38
Number of versions: 2
Inconsistent updates: 0
Done. Time elapsed: 20.125453949 s
load_trace: 8.09709501266 s
detect_races: 2.25619888306 s
extract_traces_time: 0.870481967926 s
find_reactive_cmds_time: 0.0 s
find_proactive_cmds_time: 0.149039983749 s
find_covered_races_time: 8.67358899117 s
per_packet_inconsistent_time: 0.0789330005646 s
find_inconsistent_update_time: -6.50882720947e-05 s
Read 4687 events.
Added 4657 events.
Total write operations: 34
Total read operations: 1529
Processing 561 w/w combinations
Updating has_path path cache...
10% 
20% 
30% 
40% 
50% 
60% 
70% 
80% 
90% 
100% 
Processing 51986 r/w combinations
10% 
20% 
30% 
40% 
50% 
60% 
70% 
80% 
90% 
100% 
Updating has_path path cache...
+-------------------------------------------+
| Total operations:      1563               |
| Total write operations: 34                |
| Total read operations:  1529              |
+-------------------------------------------+
| Total commuting races: 9600               |
| Total harmful races:   205                |
| Total filtered races:  0                  |
| Total Time Filtered races:  2896          |
| Total Time Edges:      2896               |
+-------------------------------------------+
Number of packet traces with races: 89
Number of packet inconsistencies:  23
Number of packet inconsistencies that are actually consistent (covered):  29
Number of packet inconsistencies the first race is already inconsistent:  37
Number of packet inconsistencies after trimming repeated races:  13
Number of packet inconsistent updates:  0
Number of races:  12701
Number of races filtered by time:  2896
Number of commuting races:  9600
Number of harmful races:  125
Number of covered races:  80
Number of versions: 2
Inconsistent updates: 0
Done. Time elapsed: 17.4199998379 s
load_trace: 6.42145085335 s
detect_races: 1.45854997635 s
extract_traces_time: 0.582056045532 s
find_reactive_cmds_time: 4.41074371338e-05 s
find_proactive_cmds_time: 0.0908079147339 s
find_covered_races_time: 8.70309090614 s
per_packet_inconsistent_time: 0.164000034332 s
find_inconsistent_update_time: 0.0 s
Read 4687 events.
Added 4657 events.
Total write operations: 34
Total read operations: 1529
Processing 561 w/w combinations
Updating has_path path cache...
10% 
20% 
30% 
40% 
50% 
60% 
70% 
80% 
90% 
100% 
Processing 51986 r/w combinations
10% 
20% 
30% 
40% 
50% 
60% 
70% 
80% 
90% 
100% 
Updating has_path path cache...
+-------------------------------------------+
| Total operations:      1563               |
| Total write operations: 34                |
| Total read operations:  1529              |
+-------------------------------------------+
| Total commuting races: 9600               |
| Total harmful races:   294                |
| Total filtered races:  0                  |
| Total Time Filtered races:  2807          |
| Total Time Edges:      2807               |
+-------------------------------------------+
Number of packet traces with races: 118
Number of packet inconsistencies:  34
Number of packet inconsistencies that are actually consistent (covered):  41
Number of packet inconsistencies the first race is already inconsistent:  43
Number of packet inconsistencies after trimming repeated races:  15
Number of packet inconsistent updates:  0
Number of races:  12701
Number of races filtered by time:  2807
Number of commuting races:  9600
Number of harmful races:  174
Number of covered races:  120
Number of versions: 2
Inconsistent updates: 0
Done. Time elapsed: 17.4130420685 s
load_trace: 6.43248105049 s
detect_races: 1.43494415283 s
extract_traces_time: 0.478110790253 s
find_reactive_cmds_time: 4.31537628174e-05 s
find_proactive_cmds_time: 0.0938460826874 s
find_covered_races_time: 8.72875285149 s
per_packet_inconsistent_time: 0.244676113129 s
find_inconsistent_update_time: -0.000135898590088 s
Read 4687 events.
Added 4657 events.
Total write operations: 34
Total read operations: 1529
Processing 561 w/w combinations
Updating has_path path cache...
10% 
20% 
30% 
40% 
50% 
60% 
70% 
80% 
90% 
100% 
Processing 51986 r/w combinations
10% 
20% 
30% 
40% 
50% 
60% 
70% 
80% 
90% 
100% 
Updating has_path path cache...
+-------------------------------------------+
| Total operations:      1563               |
| Total write operations: 34                |
| Total read operations:  1529              |
+-------------------------------------------+
| Total commuting races: 9600               |
| Total harmful races:   399                |
| Total filtered races:  0                  |
| Total Time Filtered races:  2702          |
| Total Time Edges:      2702               |
+-------------------------------------------+
Number of packet traces with races: 151
Number of packet inconsistencies:  45
Number of packet inconsistencies that are actually consistent (covered):  59
Number of packet inconsistencies the first race is already inconsistent:  47
Number of packet inconsistencies after trimming repeated races:  18
Number of packet inconsistent updates:  0
Number of races:  12701
Number of races filtered by time:  2702
Number of commuting races:  9600
Number of harmful races:  231
Number of covered races:  168
Number of versions: 2
Inconsistent updates: 0
Done. Time elapsed: 18.1020190716 s
load_trace: 6.6391890049 s
detect_races: 1.44768404961 s
extract_traces_time: 0.491149902344 s
find_reactive_cmds_time: 0.0 s
find_proactive_cmds_time: 0.0895490646362 s
find_covered_races_time: 9.00625395775 s
per_packet_inconsistent_time: 0.428193092346 s
find_inconsistent_update_time: 0.0 s
Read 4687 events.
Added 4657 events.
Total write operations: 34
Total read operations: 1529
Processing 561 w/w combinations
Updating has_path path cache...
10% 
20% 
30% 
40% 
50% 
60% 
70% 
80% 
90% 
100% 
Processing 51986 r/w combinations
10% 
20% 
30% 
40% 
50% 
60% 
70% 
80% 
90% 
100% 
Updating has_path path cache...
+-------------------------------------------+
| Total operations:      1563               |
| Total write operations: 34                |
| Total read operations:  1529              |
+-------------------------------------------+
| Total commuting races: 9600               |
| Total harmful races:   523                |
| Total filtered races:  0                  |
| Total Time Filtered races:  2578          |
| Total Time Edges:      2578               |
+-------------------------------------------+
Number of packet traces with races: 174
Number of packet inconsistencies:  61
Number of packet inconsistencies that are actually consistent (covered):  68
Number of packet inconsistencies the first race is already inconsistent:  45
Number of packet inconsistencies after trimming repeated races:  20
Number of packet inconsistent updates:  0
Number of races:  12701
Number of races filtered by time:  2578
Number of commuting races:  9600
Number of harmful races:  296
Number of covered races:  227
Number of versions: 2
Inconsistent updates: 0
Done. Time elapsed: 17.8121349812 s
load_trace: 6.64018201828 s
detect_races: 1.39812612534 s
extract_traces_time: 0.183229923248 s
find_reactive_cmds_time: 0.0 s
find_proactive_cmds_time: 0.36204791069 s
find_covered_races_time: 8.76595115662 s
per_packet_inconsistent_time: 0.462340831757 s
find_inconsistent_update_time: -0.000208139419556 s
Read 4687 events.
Added 4657 events.
Total write operations: 34
Total read operations: 1529
Processing 561 w/w combinations
Updating has_path path cache...
10% 
20% 
30% 
40% 
50% 
60% 
70% 
80% 
90% 
100% 
Processing 51986 r/w combinations
10% 
20% 
30% 
40% 
50% 
60% 
70% 
80% 
90% 
100% 
Updating has_path path cache...
+-------------------------------------------+
| Total operations:      1563               |
| Total write operations: 34                |
| Total read operations:  1529              |
+-------------------------------------------+
| Total commuting races: 9600               |
| Total harmful races:   648                |
| Total filtered races:  0                  |
| Total Time Filtered races:  2453          |
| Total Time Edges:      2453               |
+-------------------------------------------+
Number of packet traces with races: 204
Number of packet inconsistencies:  75
Number of packet inconsistencies that are actually consistent (covered):  83
Number of packet inconsistencies the first race is already inconsistent:  46
Number of packet inconsistencies after trimming repeated races:  21
Number of packet inconsistent updates:  0
Number of races:  12701
Number of races filtered by time:  2453
Number of commuting races:  9600
Number of harmful races:  363
Number of covered races:  285
Number of versions: 2
Inconsistent updates: 0
Done. Time elapsed: 17.7418730259 s
load_trace: 6.39526891708 s
detect_races: 1.37600111961 s
extract_traces_time: 0.166521072388 s
find_reactive_cmds_time: 4.60147857666e-05 s
find_proactive_cmds_time: 0.351784944534 s
find_covered_races_time: 8.82742905617 s
per_packet_inconsistent_time: 0.624488830566 s
find_inconsistent_update_time: -0.00028395652771 s
Read 4687 events.
Added 4657 events.
Total write operations: 34
Total read operations: 1529
Processing 561 w/w combinations
Updating has_path path cache...
10% 
20% 
30% 
40% 
50% 
60% 
70% 
80% 
90% 
100% 
Processing 51986 r/w combinations
10% 
20% 
30% 
40% 
50% 
60% 
70% 
80% 
90% 
100% 
Updating has_path path cache...
+-------------------------------------------+
| Total operations:      1563               |
| Total write operations: 34                |
| Total read operations:  1529              |
+-------------------------------------------+
| Total commuting races: 9600               |
| Total harmful races:   772                |
| Total filtered races:  0                  |
| Total Time Filtered races:  2329          |
| Total Time Edges:      2329               |
+-------------------------------------------+
Number of packet traces with races: 244
Number of packet inconsistencies:  86
Number of packet inconsistencies that are actually consistent (covered):  110
Number of packet inconsistencies the first race is already inconsistent:  48
Number of packet inconsistencies after trimming repeated races:  17
Number of packet inconsistent updates:  0
Number of races:  12701
Number of races filtered by time:  2329
Number of commuting races:  9600
Number of harmful races:  430
Number of covered races:  342
Number of versions: 2
Inconsistent updates: 0
Done. Time elapsed: 18.4182879925 s
load_trace: 6.47204685211 s
detect_races: 1.45990800858 s
extract_traces_time: 0.167715072632 s
find_reactive_cmds_time: 5.3882598877e-05 s
find_proactive_cmds_time: 0.360511064529 s
find_covered_races_time: 9.15005397797 s
per_packet_inconsistent_time: 0.807999134064 s
find_inconsistent_update_time: 0.0 s
Read 4687 events.
Added 4657 events.
Total write operations: 34
Total read operations: 1529
Processing 561 w/w combinations
Updating has_path path cache...
10% 
20% 
30% 
40% 
50% 
60% 
70% 
80% 
90% 
100% 
Processing 51986 r/w combinations
10% 
20% 
30% 
40% 
50% 
60% 
70% 
80% 
90% 
100% 
Updating has_path path cache...
+-------------------------------------------+
| Total operations:      1563               |
| Total write operations: 34                |
| Total read operations:  1529              |
+-------------------------------------------+
| Total commuting races: 9600               |
| Total harmful races:   881                |
| Total filtered races:  0                  |
| Total Time Filtered races:  2220          |
| Total Time Edges:      2220               |
+-------------------------------------------+
Number of packet traces with races: 267
Number of packet inconsistencies:  104
Number of packet inconsistencies that are actually consistent (covered):  124
Number of packet inconsistencies the first race is already inconsistent:  39
Number of packet inconsistencies after trimming repeated races:  19
Number of packet inconsistent updates:  0
Number of races:  12701
Number of races filtered by time:  2220
Number of commuting races:  9600
Number of harmful races:  488
Number of covered races:  393
Number of versions: 2
Inconsistent updates: 0
Done. Time elapsed: 18.5408079624 s
load_trace: 6.39228796959 s
detect_races: 1.33460402489 s
extract_traces_time: 0.167661905289 s
find_reactive_cmds_time: 4.50611114502e-05 s
find_proactive_cmds_time: 0.368810892105 s
find_covered_races_time: 9.37373399734 s
per_packet_inconsistent_time: 0.903184175491 s
find_inconsistent_update_time: -0.000427961349487 s
