Read 60 events.
Added 50 events.
Total write operations: 8
Total read operations: 5
Processing 28 w/w combinations
Updating has_path path cache...
10% 
20% 
30% 
40% 
50% 
60% 
70% 
80% 
90% 
100% 
Processing 40 r/w combinations
10% 
20% 
30% 
40% 
50% 
60% 
70% 
80% 
90% 
100% 
Updating has_path path cache...
+-------------------------------------------+
| Total operations:      13                 |
| Total write operations: 8                 |
| Total read operations:  5                 |
+-------------------------------------------+
| Total commuting races: 6                  |
| Total harmful races:   8                  |
| Total filtered races:  0                  |
| Total Time Filtered races:  0             |
| Total Time Edges:      0                  |
+-------------------------------------------+
Traceback (most recent call last):
  File "./sts/happensbefore/hb_graph.py", line 1533, in <module>
    main.run()
  File "./sts/happensbefore/hb_graph.py", line 1310, in run
    proactive_cmds = self.graph.find_proactive_cmds(reactive_cmds)
  File "./sts/happensbefore/hb_graph.py", line 1094, in find_proactive_cmds
    proactive.sort(key=lambda n: n.operations[0].t)
  File "./sts/happensbefore/hb_graph.py", line 1094, in <lambda>
    proactive.sort(key=lambda n: n.operations[0].t)
IndexError: list index out of range
Read 60 events.
Added 50 events.
Total write operations: 8
Total read operations: 5
Processing 28 w/w combinations
Updating has_path path cache...
10% 
20% 
30% 
40% 
50% 
60% 
70% 
80% 
90% 
100% 
Processing 40 r/w combinations
10% 
20% 
30% 
40% 
50% 
60% 
70% 
80% 
90% 
100% 
Updating has_path path cache...
+-------------------------------------------+
| Total operations:      13                 |
| Total write operations: 8                 |
| Total read operations:  5                 |
+-------------------------------------------+
| Total commuting races: 6                  |
| Total harmful races:   0                  |
| Total filtered races:  0                  |
| Total Time Filtered races:  8             |
| Total Time Edges:      8                  |
+-------------------------------------------+
Traceback (most recent call last):
  File "./sts/happensbefore/hb_graph.py", line 1533, in <module>
    main.run()
  File "./sts/happensbefore/hb_graph.py", line 1310, in run
    proactive_cmds = self.graph.find_proactive_cmds(reactive_cmds)
  File "./sts/happensbefore/hb_graph.py", line 1094, in find_proactive_cmds
    proactive.sort(key=lambda n: n.operations[0].t)
  File "./sts/happensbefore/hb_graph.py", line 1094, in <lambda>
    proactive.sort(key=lambda n: n.operations[0].t)
IndexError: list index out of range
Read 60 events.
Added 50 events.
Total write operations: 8
Total read operations: 5
Processing 28 w/w combinations
Updating has_path path cache...
10% 
20% 
30% 
40% 
50% 
60% 
70% 
80% 
90% 
100% 
Processing 40 r/w combinations
10% 
20% 
30% 
40% 
50% 
60% 
70% 
80% 
90% 
100% 
Updating has_path path cache...
+-------------------------------------------+
| Total operations:      13                 |
| Total write operations: 8                 |
| Total read operations:  5                 |
+-------------------------------------------+
| Total commuting races: 6                  |
| Total harmful races:   3                  |
| Total filtered races:  0                  |
| Total Time Filtered races:  5             |
| Total Time Edges:      5                  |
+-------------------------------------------+
Traceback (most recent call last):
  File "./sts/happensbefore/hb_graph.py", line 1533, in <module>
    main.run()
  File "./sts/happensbefore/hb_graph.py", line 1310, in run
    proactive_cmds = self.graph.find_proactive_cmds(reactive_cmds)
  File "./sts/happensbefore/hb_graph.py", line 1094, in find_proactive_cmds
    proactive.sort(key=lambda n: n.operations[0].t)
  File "./sts/happensbefore/hb_graph.py", line 1094, in <lambda>
    proactive.sort(key=lambda n: n.operations[0].t)
IndexError: list index out of range
Read 60 events.
Added 50 events.
Total write operations: 8
Total read operations: 5
Processing 28 w/w combinations
Updating has_path path cache...
10% 
20% 
30% 
40% 
50% 
60% 
70% 
80% 
90% 
100% 
Processing 40 r/w combinations
10% 
20% 
30% 
40% 
50% 
60% 
70% 
80% 
90% 
100% 
Updating has_path path cache...
+-------------------------------------------+
| Total operations:      13                 |
| Total write operations: 8                 |
| Total read operations:  5                 |
+-------------------------------------------+
| Total commuting races: 6                  |
| Total harmful races:   3                  |
| Total filtered races:  0                  |
| Total Time Filtered races:  5             |
| Total Time Edges:      5                  |
+-------------------------------------------+
Traceback (most recent call last):
  File "./sts/happensbefore/hb_graph.py", line 1533, in <module>
    main.run()
  File "./sts/happensbefore/hb_graph.py", line 1310, in run
    proactive_cmds = self.graph.find_proactive_cmds(reactive_cmds)
  File "./sts/happensbefore/hb_graph.py", line 1094, in find_proactive_cmds
    proactive.sort(key=lambda n: n.operations[0].t)
  File "./sts/happensbefore/hb_graph.py", line 1094, in <lambda>
    proactive.sort(key=lambda n: n.operations[0].t)
IndexError: list index out of range
Read 60 events.
Added 50 events.
Total write operations: 8
Total read operations: 5
Processing 28 w/w combinations
Updating has_path path cache...
10% 
20% 
30% 
40% 
50% 
60% 
70% 
80% 
90% 
100% 
Processing 40 r/w combinations
10% 
20% 
30% 
40% 
50% 
60% 
70% 
80% 
90% 
100% 
Updating has_path path cache...
+-------------------------------------------+
| Total operations:      13                 |
| Total write operations: 8                 |
| Total read operations:  5                 |
+-------------------------------------------+
| Total commuting races: 6                  |
| Total harmful races:   7                  |
| Total filtered races:  0                  |
| Total Time Filtered races:  1             |
| Total Time Edges:      1                  |
+-------------------------------------------+
Traceback (most recent call last):
  File "./sts/happensbefore/hb_graph.py", line 1533, in <module>
    main.run()
  File "./sts/happensbefore/hb_graph.py", line 1310, in run
    proactive_cmds = self.graph.find_proactive_cmds(reactive_cmds)
  File "./sts/happensbefore/hb_graph.py", line 1094, in find_proactive_cmds
    proactive.sort(key=lambda n: n.operations[0].t)
  File "./sts/happensbefore/hb_graph.py", line 1094, in <lambda>
    proactive.sort(key=lambda n: n.operations[0].t)
IndexError: list index out of range
Read 60 events.
Added 50 events.
Total write operations: 8
Total read operations: 5
Processing 28 w/w combinations
Updating has_path path cache...
10% 
20% 
30% 
40% 
50% 
60% 
70% 
80% 
90% 
100% 
Processing 40 r/w combinations
10% 
20% 
30% 
40% 
50% 
60% 
70% 
80% 
90% 
100% 
Updating has_path path cache...
+-------------------------------------------+
| Total operations:      13                 |
| Total write operations: 8                 |
| Total read operations:  5                 |
+-------------------------------------------+
| Total commuting races: 6                  |
| Total harmful races:   8                  |
| Total filtered races:  0                  |
| Total Time Filtered races:  0             |
| Total Time Edges:      0                  |
+-------------------------------------------+
Traceback (most recent call last):
  File "./sts/happensbefore/hb_graph.py", line 1533, in <module>
    main.run()
  File "./sts/happensbefore/hb_graph.py", line 1310, in run
    proactive_cmds = self.graph.find_proactive_cmds(reactive_cmds)
  File "./sts/happensbefore/hb_graph.py", line 1094, in find_proactive_cmds
    proactive.sort(key=lambda n: n.operations[0].t)
  File "./sts/happensbefore/hb_graph.py", line 1094, in <lambda>
    proactive.sort(key=lambda n: n.operations[0].t)
IndexError: list index out of range
Read 60 events.
Added 50 events.
Total write operations: 8
Total read operations: 5
Processing 28 w/w combinations
Updating has_path path cache...
10% 
20% 
30% 
40% 
50% 
60% 
70% 
80% 
90% 
100% 
Processing 40 r/w combinations
10% 
20% 
30% 
40% 
50% 
60% 
70% 
80% 
90% 
100% 
Updating has_path path cache...
+-------------------------------------------+
| Total operations:      13                 |
| Total write operations: 8                 |
| Total read operations:  5                 |
+-------------------------------------------+
| Total commuting races: 6                  |
| Total harmful races:   8                  |
| Total filtered races:  0                  |
| Total Time Filtered races:  0             |
| Total Time Edges:      0                  |
+-------------------------------------------+
Traceback (most recent call last):
  File "./sts/happensbefore/hb_graph.py", line 1533, in <module>
    main.run()
  File "./sts/happensbefore/hb_graph.py", line 1310, in run
    proactive_cmds = self.graph.find_proactive_cmds(reactive_cmds)
  File "./sts/happensbefore/hb_graph.py", line 1094, in find_proactive_cmds
    proactive.sort(key=lambda n: n.operations[0].t)
  File "./sts/happensbefore/hb_graph.py", line 1094, in <lambda>
    proactive.sort(key=lambda n: n.operations[0].t)
IndexError: list index out of range
Read 60 events.
Added 50 events.
Total write operations: 8
Total read operations: 5
Processing 28 w/w combinations
Updating has_path path cache...
10% 
20% 
30% 
40% 
50% 
60% 
70% 
80% 
90% 
100% 
Processing 40 r/w combinations
10% 
20% 
30% 
40% 
50% 
60% 
70% 
80% 
90% 
100% 
Updating has_path path cache...
+-------------------------------------------+
| Total operations:      13                 |
| Total write operations: 8                 |
| Total read operations:  5                 |
+-------------------------------------------+
| Total commuting races: 6                  |
| Total harmful races:   8                  |
| Total filtered races:  0                  |
| Total Time Filtered races:  0             |
| Total Time Edges:      0                  |
+-------------------------------------------+
Traceback (most recent call last):
  File "./sts/happensbefore/hb_graph.py", line 1533, in <module>
    main.run()
  File "./sts/happensbefore/hb_graph.py", line 1310, in run
    proactive_cmds = self.graph.find_proactive_cmds(reactive_cmds)
  File "./sts/happensbefore/hb_graph.py", line 1094, in find_proactive_cmds
    proactive.sort(key=lambda n: n.operations[0].t)
  File "./sts/happensbefore/hb_graph.py", line 1094, in <lambda>
    proactive.sort(key=lambda n: n.operations[0].t)
IndexError: list index out of range
Read 60 events.
Added 50 events.
Total write operations: 8
Total read operations: 5
Processing 28 w/w combinations
Updating has_path path cache...
10% 
20% 
30% 
40% 
50% 
60% 
70% 
80% 
90% 
100% 
Processing 40 r/w combinations
10% 
20% 
30% 
40% 
50% 
60% 
70% 
80% 
90% 
100% 
Updating has_path path cache...
+-------------------------------------------+
| Total operations:      13                 |
| Total write operations: 8                 |
| Total read operations:  5                 |
+-------------------------------------------+
| Total commuting races: 6                  |
| Total harmful races:   8                  |
| Total filtered races:  0                  |
| Total Time Filtered races:  0             |
| Total Time Edges:      0                  |
+-------------------------------------------+
Traceback (most recent call last):
  File "./sts/happensbefore/hb_graph.py", line 1533, in <module>
    main.run()
  File "./sts/happensbefore/hb_graph.py", line 1310, in run
    proactive_cmds = self.graph.find_proactive_cmds(reactive_cmds)
  File "./sts/happensbefore/hb_graph.py", line 1094, in find_proactive_cmds
    proactive.sort(key=lambda n: n.operations[0].t)
  File "./sts/happensbefore/hb_graph.py", line 1094, in <lambda>
    proactive.sort(key=lambda n: n.operations[0].t)
IndexError: list index out of range
Read 60 events.
Added 50 events.
Total write operations: 8
Total read operations: 5
Processing 28 w/w combinations
Updating has_path path cache...
10% 
20% 
30% 
40% 
50% 
60% 
70% 
80% 
90% 
100% 
Processing 40 r/w combinations
10% 
20% 
30% 
40% 
50% 
60% 
70% 
80% 
90% 
100% 
Updating has_path path cache...
+-------------------------------------------+
| Total operations:      13                 |
| Total write operations: 8                 |
| Total read operations:  5                 |
+-------------------------------------------+
| Total commuting races: 6                  |
| Total harmful races:   8                  |
| Total filtered races:  0                  |
| Total Time Filtered races:  0             |
| Total Time Edges:      0                  |
+-------------------------------------------+
Traceback (most recent call last):
  File "./sts/happensbefore/hb_graph.py", line 1533, in <module>
    main.run()
  File "./sts/happensbefore/hb_graph.py", line 1310, in run
    proactive_cmds = self.graph.find_proactive_cmds(reactive_cmds)
  File "./sts/happensbefore/hb_graph.py", line 1094, in find_proactive_cmds
    proactive.sort(key=lambda n: n.operations[0].t)
  File "./sts/happensbefore/hb_graph.py", line 1094, in <lambda>
    proactive.sort(key=lambda n: n.operations[0].t)
IndexError: list index out of range
Read 60 events.
Added 50 events.
Total write operations: 8
Total read operations: 5
Processing 28 w/w combinations
Updating has_path path cache...
10% 
20% 
30% 
40% 
50% 
60% 
70% 
80% 
90% 
100% 
Processing 40 r/w combinations
10% 
20% 
30% 
40% 
50% 
60% 
70% 
80% 
90% 
100% 
Updating has_path path cache...
+-------------------------------------------+
| Total operations:      13                 |
| Total write operations: 8                 |
| Total read operations:  5                 |
+-------------------------------------------+
| Total commuting races: 6                  |
| Total harmful races:   8                  |
| Total filtered races:  0                  |
| Total Time Filtered races:  0             |
| Total Time Edges:      0                  |
+-------------------------------------------+
Traceback (most recent call last):
  File "./sts/happensbefore/hb_graph.py", line 1533, in <module>
    main.run()
  File "./sts/happensbefore/hb_graph.py", line 1310, in run
    proactive_cmds = self.graph.find_proactive_cmds(reactive_cmds)
  File "./sts/happensbefore/hb_graph.py", line 1094, in find_proactive_cmds
    proactive.sort(key=lambda n: n.operations[0].t)
  File "./sts/happensbefore/hb_graph.py", line 1094, in <lambda>
    proactive.sort(key=lambda n: n.operations[0].t)
IndexError: list index out of range
Read 60 events.
Added 50 events.
Total write operations: 8
Total read operations: 5
Processing 28 w/w combinations
Updating has_path path cache...
10% 
20% 
30% 
40% 
50% 
60% 
70% 
80% 
90% 
100% 
Processing 40 r/w combinations
10% 
20% 
30% 
40% 
50% 
60% 
70% 
80% 
90% 
100% 
Updating has_path path cache...
+-------------------------------------------+
| Total operations:      13                 |
| Total write operations: 8                 |
| Total read operations:  5                 |
+-------------------------------------------+
| Total commuting races: 6                  |
| Total harmful races:   8                  |
| Total filtered races:  0                  |
| Total Time Filtered races:  0             |
| Total Time Edges:      0                  |
+-------------------------------------------+
Traceback (most recent call last):
  File "./sts/happensbefore/hb_graph.py", line 1533, in <module>
    main.run()
  File "./sts/happensbefore/hb_graph.py", line 1310, in run
    proactive_cmds = self.graph.find_proactive_cmds(reactive_cmds)
  File "./sts/happensbefore/hb_graph.py", line 1094, in find_proactive_cmds
    proactive.sort(key=lambda n: n.operations[0].t)
  File "./sts/happensbefore/hb_graph.py", line 1094, in <lambda>
    proactive.sort(key=lambda n: n.operations[0].t)
IndexError: list index out of range
