Read 507 events.
Added 437 events.
Total write operations: 16
Total read operations: 107
Processing 120 w/w combinations
Updating has_path path cache...
10% 
20% 
30% 
40% 
50% 
60% 
70% 
80% 
90% 
100% 
Processing 1712 r/w combinations
10% 
20% 
30% 
40% 
50% 
60% 
70% 
80% 
90% 
100% 
Updating has_path path cache...
+-------------------------------------------+
| Total operations:      123                |
| Total write operations: 16                |
| Total read operations:  107               |
+-------------------------------------------+
| Total commuting races: 585                |
| Total harmful races:   189                |
| Total filtered races:  0                  |
| Total Time Filtered races:  0             |
| Total Time Edges:      0                  |
+-------------------------------------------+
Number of packet traces with races: 49
Number of packet inconsistencies:  10
Number of packet inconsistencies that are actually consistent (covered):  37
Number of packet inconsistencies the first race is already inconsistent:  2
Number of packet inconsistencies after trimming repeated races:  2
Number of packet inconsistent updates:  0
Number of races:  774
Number of races filtered by time:  0
Number of commuting races:  585
Number of harmful races:  37
Number of covered races:  152
Number of versions: 15
Inconsistent updates: 0
Done. Time elapsed: 0.974107980728 s
load_trace: 0.631691932678 s
detect_races: 0.0785880088806 s
extract_traces_time: 0.0176920890808 s
find_reactive_cmds_time: 0.00068187713623 s
find_proactive_cmds_time: 0.0853350162506 s
find_covered_races_time: 0.148828983307 s
per_packet_inconsistent_time: 0.0111589431763 s
find_inconsistent_update_time: -8.60691070557e-05 s
Read 507 events.
Added 437 events.
Total write operations: 16
Total read operations: 107
Processing 120 w/w combinations
Updating has_path path cache...
10% 
20% 
30% 
40% 
50% 
60% 
70% 
80% 
90% 
100% 
Processing 1712 r/w combinations
10% 
20% 
30% 
40% 
50% 
60% 
70% 
80% 
90% 
100% 
Updating has_path path cache...
+-------------------------------------------+
| Total operations:      123                |
| Total write operations: 16                |
| Total read operations:  107               |
+-------------------------------------------+
| Total commuting races: 585                |
| Total harmful races:   0                  |
| Total filtered races:  0                  |
| Total Time Filtered races:  189           |
| Total Time Edges:      189                |
+-------------------------------------------+
Number of packet traces with races: 0
Number of packet inconsistencies:  0
Number of packet inconsistencies that are actually consistent (covered):  0
Number of packet inconsistencies the first race is already inconsistent:  0
Number of packet inconsistencies after trimming repeated races:  0
Number of packet inconsistent updates:  0
Number of races:  774
Number of races filtered by time:  189
Number of commuting races:  585
Number of harmful races:  0
Number of covered races:  0
Number of versions: 15
Inconsistent updates: 0
Done. Time elapsed: 0.876200914383 s
load_trace: 0.574888944626 s
detect_races: 0.0956699848175 s
extract_traces_time: 0.0300879478455 s
find_reactive_cmds_time: 0.000708103179932 s
find_proactive_cmds_time: 0.0800039768219 s
find_covered_races_time: 0.0942850112915 s
per_packet_inconsistent_time: 0.000496864318848 s
find_inconsistent_update_time: -1.31130218506e-05 s
Read 507 events.
Added 437 events.
Total write operations: 16
Total read operations: 107
Processing 120 w/w combinations
Updating has_path path cache...
10% 
20% 
30% 
40% 
50% 
60% 
70% 
80% 
90% 
100% 
Processing 1712 r/w combinations
10% 
20% 
30% 
40% 
50% 
60% 
70% 
80% 
90% 
100% 
Updating has_path path cache...
+-------------------------------------------+
| Total operations:      123                |
| Total write operations: 16                |
| Total read operations:  107               |
+-------------------------------------------+
| Total commuting races: 585                |
| Total harmful races:   7                  |
| Total filtered races:  0                  |
| Total Time Filtered races:  182           |
| Total Time Edges:      182                |
+-------------------------------------------+
Number of packet traces with races: 5
Number of packet inconsistencies:  1
Number of packet inconsistencies that are actually consistent (covered):  1
Number of packet inconsistencies the first race is already inconsistent:  3
Number of packet inconsistencies after trimming repeated races:  1
Number of packet inconsistent updates:  0
Number of races:  774
Number of races filtered by time:  182
Number of commuting races:  585
Number of harmful races:  6
Number of covered races:  1
Number of versions: 15
Inconsistent updates: 0
Done. Time elapsed: 0.92718911171 s
load_trace: 0.599781990051 s
detect_races: 0.0944211483002 s
extract_traces_time: 0.0281829833984 s
find_reactive_cmds_time: 0.000740051269531 s
find_proactive_cmds_time: 0.0805149078369 s
find_covered_races_time: 0.120924949646 s
per_packet_inconsistent_time: 0.00255608558655 s
find_inconsistent_update_time: -1.90734863281e-05 s
Read 507 events.
Added 437 events.
Total write operations: 16
Total read operations: 107
Processing 120 w/w combinations
Updating has_path path cache...
10% 
20% 
30% 
40% 
50% 
60% 
70% 
80% 
90% 
100% 
Processing 1712 r/w combinations
10% 
20% 
30% 
40% 
50% 
60% 
70% 
80% 
90% 
100% 
Updating has_path path cache...
+-------------------------------------------+
| Total operations:      123                |
| Total write operations: 16                |
| Total read operations:  107               |
+-------------------------------------------+
| Total commuting races: 585                |
| Total harmful races:   24                 |
| Total filtered races:  0                  |
| Total Time Filtered races:  165           |
| Total Time Edges:      165                |
+-------------------------------------------+
Number of packet traces with races: 14
Number of packet inconsistencies:  4
Number of packet inconsistencies that are actually consistent (covered):  8
Number of packet inconsistencies the first race is already inconsistent:  2
Number of packet inconsistencies after trimming repeated races:  1
Number of packet inconsistent updates:  0
Number of races:  774
Number of races filtered by time:  165
Number of commuting races:  585
Number of harmful races:  13
Number of covered races:  11
Number of versions: 15
Inconsistent updates: 0
Done. Time elapsed: 0.910799980164 s
load_trace: 0.565762042999 s
detect_races: 0.0936589241028 s
extract_traces_time: 0.0256571769714 s
find_reactive_cmds_time: 0.000708818435669 s
find_proactive_cmds_time: 0.0795509815216 s
find_covered_races_time: 0.142812013626 s
per_packet_inconsistent_time: 0.00257015228271 s
find_inconsistent_update_time: -2.78949737549e-05 s
Read 507 events.
Added 437 events.
Total write operations: 16
Total read operations: 107
Processing 120 w/w combinations
Updating has_path path cache...
10% 
20% 
30% 
40% 
50% 
60% 
70% 
80% 
90% 
100% 
Processing 1712 r/w combinations
10% 
20% 
30% 
40% 
50% 
60% 
70% 
80% 
90% 
100% 
Updating has_path path cache...
+-------------------------------------------+
| Total operations:      123                |
| Total write operations: 16                |
| Total read operations:  107               |
+-------------------------------------------+
| Total commuting races: 585                |
| Total harmful races:   35                 |
| Total filtered races:  0                  |
| Total Time Filtered races:  154           |
| Total Time Edges:      154                |
+-------------------------------------------+
Number of packet traces with races: 18
Number of packet inconsistencies:  5
Number of packet inconsistencies that are actually consistent (covered):  12
Number of packet inconsistencies the first race is already inconsistent:  1
Number of packet inconsistencies after trimming repeated races:  1
Number of packet inconsistent updates:  0
Number of races:  774
Number of races filtered by time:  154
Number of commuting races:  585
Number of harmful races:  15
Number of covered races:  20
Number of versions: 15
Inconsistent updates: 0
Done. Time elapsed: 0.912063121796 s
load_trace: 0.607309103012 s
detect_races: 0.0881259441376 s
extract_traces_time: 0.0231890678406 s
find_reactive_cmds_time: 0.000664949417114 s
find_proactive_cmds_time: 0.0791110992432 s
find_covered_races_time: 0.110860824585 s
per_packet_inconsistent_time: 0.00272703170776 s
find_inconsistent_update_time: -3.00407409668e-05 s
Read 507 events.
Added 437 events.
Total write operations: 16
Total read operations: 107
Processing 120 w/w combinations
Updating has_path path cache...
10% 
20% 
30% 
40% 
50% 
60% 
70% 
80% 
90% 
100% 
Processing 1712 r/w combinations
10% 
20% 
30% 
40% 
50% 
60% 
70% 
80% 
90% 
100% 
Updating has_path path cache...
+-------------------------------------------+
| Total operations:      123                |
| Total write operations: 16                |
| Total read operations:  107               |
+-------------------------------------------+
| Total commuting races: 585                |
| Total harmful races:   44                 |
| Total filtered races:  0                  |
| Total Time Filtered races:  145           |
| Total Time Edges:      145                |
+-------------------------------------------+
Number of packet traces with races: 23
Number of packet inconsistencies:  5
Number of packet inconsistencies that are actually consistent (covered):  17
Number of packet inconsistencies the first race is already inconsistent:  1
Number of packet inconsistencies after trimming repeated races:  1
Number of packet inconsistent updates:  0
Number of races:  774
Number of races filtered by time:  145
Number of commuting races:  585
Number of harmful races:  18
Number of covered races:  26
Number of versions: 15
Inconsistent updates: 0
Done. Time elapsed: 0.877171993256 s
load_trace: 0.564897060394 s
detect_races: 0.0868880748749 s
extract_traces_time: 0.0226240158081 s
find_reactive_cmds_time: 0.00070595741272 s
find_proactive_cmds_time: 0.0830609798431 s
find_covered_races_time: 0.115594863892 s
per_packet_inconsistent_time: 0.00331902503967 s
find_inconsistent_update_time: -3.31401824951e-05 s
Read 507 events.
Added 437 events.
Total write operations: 16
Total read operations: 107
Processing 120 w/w combinations
Updating has_path path cache...
10% 
20% 
30% 
40% 
50% 
60% 
70% 
80% 
90% 
100% 
Processing 1712 r/w combinations
10% 
20% 
30% 
40% 
50% 
60% 
70% 
80% 
90% 
100% 
Updating has_path path cache...
+-------------------------------------------+
| Total operations:      123                |
| Total write operations: 16                |
| Total read operations:  107               |
+-------------------------------------------+
| Total commuting races: 585                |
| Total harmful races:   58                 |
| Total filtered races:  0                  |
| Total Time Filtered races:  131           |
| Total Time Edges:      131                |
+-------------------------------------------+
Number of packet traces with races: 30
Number of packet inconsistencies:  6
Number of packet inconsistencies that are actually consistent (covered):  22
Number of packet inconsistencies the first race is already inconsistent:  2
Number of packet inconsistencies after trimming repeated races:  1
Number of packet inconsistent updates:  0
Number of races:  774
Number of races filtered by time:  131
Number of commuting races:  585
Number of harmful races:  24
Number of covered races:  34
Number of versions: 15
Inconsistent updates: 0
Done. Time elapsed: 0.89476108551 s
load_trace: 0.577709913254 s
detect_races: 0.0885951519012 s
extract_traces_time: 0.0215218067169 s
find_reactive_cmds_time: 0.000974178314209 s
find_proactive_cmds_time: 0.0809299945831 s
find_covered_races_time: 0.120537996292 s
per_packet_inconsistent_time: 0.0044059753418 s
find_inconsistent_update_time: -3.79085540771e-05 s
Read 507 events.
Added 437 events.
Total write operations: 16
Total read operations: 107
Processing 120 w/w combinations
Updating has_path path cache...
10% 
20% 
30% 
40% 
50% 
60% 
70% 
80% 
90% 
100% 
Processing 1712 r/w combinations
10% 
20% 
30% 
40% 
50% 
60% 
70% 
80% 
90% 
100% 
Updating has_path path cache...
+-------------------------------------------+
| Total operations:      123                |
| Total write operations: 16                |
| Total read operations:  107               |
+-------------------------------------------+
| Total commuting races: 585                |
| Total harmful races:   69                 |
| Total filtered races:  0                  |
| Total Time Filtered races:  120           |
| Total Time Edges:      120                |
+-------------------------------------------+
Number of packet traces with races: 35
Number of packet inconsistencies:  7
Number of packet inconsistencies that are actually consistent (covered):  27
Number of packet inconsistencies the first race is already inconsistent:  1
Number of packet inconsistencies after trimming repeated races:  1
Number of packet inconsistent updates:  0
Number of races:  774
Number of races filtered by time:  120
Number of commuting races:  585
Number of harmful races:  25
Number of covered races:  44
Number of versions: 15
Inconsistent updates: 0
Done. Time elapsed: 0.90009188652 s
load_trace: 0.571551799774 s
detect_races: 0.0844349861145 s
extract_traces_time: 0.0197370052338 s
find_reactive_cmds_time: 0.000679016113281 s
find_proactive_cmds_time: 0.0918600559235 s
find_covered_races_time: 0.126734018326 s
per_packet_inconsistent_time: 0.00499796867371 s
find_inconsistent_update_time: -4.19616699219e-05 s
Read 507 events.
Added 437 events.
Total write operations: 16
Total read operations: 107
Processing 120 w/w combinations
Updating has_path path cache...
10% 
20% 
30% 
40% 
50% 
60% 
70% 
80% 
90% 
100% 
Processing 1712 r/w combinations
10% 
20% 
30% 
40% 
50% 
60% 
70% 
80% 
90% 
100% 
Updating has_path path cache...
+-------------------------------------------+
| Total operations:      123                |
| Total write operations: 16                |
| Total read operations:  107               |
+-------------------------------------------+
| Total commuting races: 585                |
| Total harmful races:   76                 |
| Total filtered races:  0                  |
| Total Time Filtered races:  113           |
| Total Time Edges:      113                |
+-------------------------------------------+
Number of packet traces with races: 40
Number of packet inconsistencies:  8
Number of packet inconsistencies that are actually consistent (covered):  29
Number of packet inconsistencies the first race is already inconsistent:  3
Number of packet inconsistencies after trimming repeated races:  1
Number of packet inconsistent updates:  0
Number of races:  774
Number of races filtered by time:  113
Number of commuting races:  585
Number of harmful races:  30
Number of covered races:  46
Number of versions: 15
Inconsistent updates: 0
Done. Time elapsed: 0.898434877396 s
load_trace: 0.571446895599 s
detect_races: 0.0837769508362 s
extract_traces_time: 0.019159078598 s
find_reactive_cmds_time: 0.00070595741272 s
find_proactive_cmds_time: 0.082592010498 s
find_covered_races_time: 0.135411024094 s
per_packet_inconsistent_time: 0.00524306297302 s
find_inconsistent_update_time: -4.88758087158e-05 s
Read 507 events.
Added 437 events.
Total write operations: 16
Total read operations: 107
Processing 120 w/w combinations
Updating has_path path cache...
10% 
20% 
30% 
40% 
50% 
60% 
70% 
80% 
90% 
100% 
Processing 1712 r/w combinations
10% 
20% 
30% 
40% 
50% 
60% 
70% 
80% 
90% 
100% 
Updating has_path path cache...
+-------------------------------------------+
| Total operations:      123                |
| Total write operations: 16                |
| Total read operations:  107               |
+-------------------------------------------+
| Total commuting races: 585                |
| Total harmful races:   86                 |
| Total filtered races:  0                  |
| Total Time Filtered races:  103           |
| Total Time Edges:      103                |
+-------------------------------------------+
Number of packet traces with races: 45
Number of packet inconsistencies:  9
Number of packet inconsistencies that are actually consistent (covered):  34
Number of packet inconsistencies the first race is already inconsistent:  2
Number of packet inconsistencies after trimming repeated races:  1
Number of packet inconsistent updates:  0
Number of races:  774
Number of races filtered by time:  103
Number of commuting races:  585
Number of harmful races:  33
Number of covered races:  53
Number of versions: 15
Inconsistent updates: 0
Done. Time elapsed: 0.88329911232 s
load_trace: 0.563174009323 s
detect_races: 0.0829219818115 s
extract_traces_time: 0.0177309513092 s
find_reactive_cmds_time: 0.000622987747192 s
find_proactive_cmds_time: 0.0757811069489 s
find_covered_races_time: 0.135885000229 s
per_packet_inconsistent_time: 0.00708389282227 s
find_inconsistent_update_time: -5.31673431396e-05 s
Read 507 events.
Added 437 events.
Total write operations: 16
Total read operations: 107
Processing 120 w/w combinations
Updating has_path path cache...
10% 
20% 
30% 
40% 
50% 
60% 
70% 
80% 
90% 
100% 
Processing 1712 r/w combinations
10% 
20% 
30% 
40% 
50% 
60% 
70% 
80% 
90% 
100% 
Updating has_path path cache...
+-------------------------------------------+
| Total operations:      123                |
| Total write operations: 16                |
| Total read operations:  107               |
+-------------------------------------------+
| Total commuting races: 585                |
| Total harmful races:   92                 |
| Total filtered races:  0                  |
| Total Time Filtered races:  97            |
| Total Time Edges:      97                 |
+-------------------------------------------+
Number of packet traces with races: 47
Number of packet inconsistencies:  9
Number of packet inconsistencies that are actually consistent (covered):  37
Number of packet inconsistencies the first race is already inconsistent:  1
Number of packet inconsistencies after trimming repeated races:  1
Number of packet inconsistent updates:  0
Number of races:  774
Number of races filtered by time:  97
Number of commuting races:  585
Number of harmful races:  33
Number of covered races:  59
Number of versions: 15
Inconsistent updates: 0
Done. Time elapsed: 0.900227069855 s
load_trace: 0.569085121155 s
detect_races: 0.0797998905182 s
extract_traces_time: 0.0170960426331 s
find_reactive_cmds_time: 0.000637054443359 s
find_proactive_cmds_time: 0.0815289020538 s
find_covered_races_time: 0.144460201263 s
per_packet_inconsistent_time: 0.00729084014893 s
find_inconsistent_update_time: -0.000282049179077 s
Read 507 events.
Added 437 events.
Total write operations: 16
Total read operations: 107
Processing 120 w/w combinations
Updating has_path path cache...
10% 
20% 
30% 
40% 
50% 
60% 
70% 
80% 
90% 
100% 
Processing 1712 r/w combinations
10% 
20% 
30% 
40% 
50% 
60% 
70% 
80% 
90% 
100% 
Updating has_path path cache...
+-------------------------------------------+
| Total operations:      123                |
| Total write operations: 16                |
| Total read operations:  107               |
+-------------------------------------------+
| Total commuting races: 585                |
| Total harmful races:   93                 |
| Total filtered races:  0                  |
| Total Time Filtered races:  96            |
| Total Time Edges:      96                 |
+-------------------------------------------+
Number of packet traces with races: 47
Number of packet inconsistencies:  9
Number of packet inconsistencies that are actually consistent (covered):  37
Number of packet inconsistencies the first race is already inconsistent:  1
Number of packet inconsistencies after trimming repeated races:  1
Number of packet inconsistent updates:  0
Number of races:  774
Number of races filtered by time:  96
Number of commuting races:  585
Number of harmful races:  33
Number of covered races:  60
Number of versions: 15
Inconsistent updates: 0
Done. Time elapsed: 0.908227920532 s
load_trace: 0.570042848587 s
detect_races: 0.0814011096954 s
extract_traces_time: 0.0164518356323 s
find_reactive_cmds_time: 0.000789165496826 s
find_proactive_cmds_time: 0.0831918716431 s
find_covered_races_time: 0.149970054626 s
per_packet_inconsistent_time: 0.00627303123474 s
find_inconsistent_update_time: -5.3882598877e-05 s
