Read 829 events.
Added 808 events.
Total write operations: 65
Total read operations: 169
Processing 2080 w/w combinations
Updating has_path path cache...
10% 
20% 
30% 
40% 
50% 
60% 
70% 
80% 
90% 
100% 
Processing 10985 r/w combinations
10% 
20% 
30% 
40% 
50% 
60% 
70% 
80% 
90% 
100% 
Updating has_path path cache...
+-------------------------------------------+
| Total operations:      234                |
| Total write operations: 65                |
| Total read operations:  169               |
+-------------------------------------------+
| Total commuting races: 3915               |
| Total harmful races:   240                |
| Total filtered races:  0                  |
| Total Time Filtered races:  0             |
| Total Time Edges:      0                  |
+-------------------------------------------+
Number of packet traces with races: 68
Number of packet inconsistencies:  38
Number of packet inconsistencies that are actually consistent (covered):  14
Number of packet inconsistencies the first race is already inconsistent:  16
Number of packet inconsistencies after trimming repeated races:  28
Number of packet inconsistent updates:  0
Number of races:  4155
Number of races filtered by time:  0
Number of commuting races:  3915
Number of harmful races:  156
Number of covered races:  84
Number of versions: 73
Inconsistent updates: 0
Done. Time elapsed: 2.38525700569 s
load_trace: 1.89522409439 s
detect_races: 0.290004968643 s
extract_traces_time: 0.0278611183167 s
find_reactive_cmds_time: 0.00187087059021 s
find_proactive_cmds_time: 0.083820104599 s
find_covered_races_time: 0.056459903717 s
per_packet_inconsistent_time: 0.029853105545 s
find_inconsistent_update_time: -0.000113964080811 s
Read 829 events.
Added 808 events.
Total write operations: 65
Total read operations: 169
Processing 2080 w/w combinations
Updating has_path path cache...
10% 
20% 
30% 
40% 
50% 
60% 
70% 
80% 
90% 
100% 
Processing 10985 r/w combinations
10% 
20% 
30% 
40% 
50% 
60% 
70% 
80% 
90% 
100% 
Updating has_path path cache...
+-------------------------------------------+
| Total operations:      234                |
| Total write operations: 65                |
| Total read operations:  169               |
+-------------------------------------------+
| Total commuting races: 3915               |
| Total harmful races:   0                  |
| Total filtered races:  0                  |
| Total Time Filtered races:  240           |
| Total Time Edges:      240                |
+-------------------------------------------+
Number of packet traces with races: 0
Number of packet inconsistencies:  0
Number of packet inconsistencies that are actually consistent (covered):  0
Number of packet inconsistencies the first race is already inconsistent:  0
Number of packet inconsistencies after trimming repeated races:  0
Number of packet inconsistent updates:  0
Number of races:  4155
Number of races filtered by time:  240
Number of commuting races:  3915
Number of harmful races:  0
Number of covered races:  0
Number of versions: 73
Inconsistent updates: 0
Done. Time elapsed: 2.2062561512 s
load_trace: 1.77825593948 s
detect_races: 0.296340227127 s
extract_traces_time: 0.035838842392 s
find_reactive_cmds_time: 0.00382208824158 s
find_proactive_cmds_time: 0.0800008773804 s
find_covered_races_time: 0.0119981765747 s
per_packet_inconsistent_time: 0.0 s
find_inconsistent_update_time: 0.0 s
Read 829 events.
Added 808 events.
Total write operations: 65
Total read operations: 169
Processing 2080 w/w combinations
Updating has_path path cache...
10% 
20% 
30% 
40% 
50% 
60% 
70% 
80% 
90% 
100% 
Processing 10985 r/w combinations
10% 
20% 
30% 
40% 
50% 
60% 
70% 
80% 
90% 
100% 
Updating has_path path cache...
+-------------------------------------------+
| Total operations:      234                |
| Total write operations: 65                |
| Total read operations:  169               |
+-------------------------------------------+
| Total commuting races: 3915               |
| Total harmful races:   13                 |
| Total filtered races:  0                  |
| Total Time Filtered races:  227           |
| Total Time Edges:      227                |
+-------------------------------------------+
Number of packet traces with races: 8
Number of packet inconsistencies:  3
Number of packet inconsistencies that are actually consistent (covered):  0
Number of packet inconsistencies the first race is already inconsistent:  5
Number of packet inconsistencies after trimming repeated races:  3
Number of packet inconsistent updates:  0
Number of races:  4155
Number of races filtered by time:  227
Number of commuting races:  3915
Number of harmful races:  13
Number of covered races:  0
Number of versions: 73
Inconsistent updates: 0
Done. Time elapsed: 2.19600009918 s
load_trace: 1.76399922371 s
detect_races: 0.29608798027 s
extract_traces_time: 0.032940864563 s
find_reactive_cmds_time: 0.00297093391418 s
find_proactive_cmds_time: 0.076000213623 s
find_covered_races_time: 0.0211668014526 s
per_packet_inconsistent_time: 0.00283408164978 s
find_inconsistent_update_time: 0.0 s
Read 829 events.
Added 808 events.
Total write operations: 65
Total read operations: 169
Processing 2080 w/w combinations
Updating has_path path cache...
10% 
20% 
30% 
40% 
50% 
60% 
70% 
80% 
90% 
100% 
Processing 10985 r/w combinations
10% 
20% 
30% 
40% 
50% 
60% 
70% 
80% 
90% 
100% 
Updating has_path path cache...
+-------------------------------------------+
| Total operations:      234                |
| Total write operations: 65                |
| Total read operations:  169               |
+-------------------------------------------+
| Total commuting races: 3915               |
| Total harmful races:   32                 |
| Total filtered races:  0                  |
| Total Time Filtered races:  208           |
| Total Time Edges:      208                |
+-------------------------------------------+
Number of packet traces with races: 19
Number of packet inconsistencies:  7
Number of packet inconsistencies that are actually consistent (covered):  0
Number of packet inconsistencies the first race is already inconsistent:  12
Number of packet inconsistencies after trimming repeated races:  7
Number of packet inconsistent updates:  0
Number of races:  4155
Number of races filtered by time:  208
Number of commuting races:  3915
Number of harmful races:  32
Number of covered races:  0
Number of versions: 73
Inconsistent updates: 0
Done. Time elapsed: 2.25599884987 s
load_trace: 1.81199884415 s
detect_races: 0.29599905014 s
extract_traces_time: 0.0360000133514 s
find_reactive_cmds_time: 0.00197410583496 s
find_proactive_cmds_time: 0.0786669254303 s
find_covered_races_time: 0.0235300064087 s
per_packet_inconsistent_time: 0.00782990455627 s
find_inconsistent_update_time: 0.0 s
Read 829 events.
Added 808 events.
Total write operations: 65
Total read operations: 169
Processing 2080 w/w combinations
Updating has_path path cache...
10% 
20% 
30% 
40% 
50% 
60% 
70% 
80% 
90% 
100% 
Processing 10985 r/w combinations
10% 
20% 
30% 
40% 
50% 
60% 
70% 
80% 
90% 
100% 
Updating has_path path cache...
+-------------------------------------------+
| Total operations:      234                |
| Total write operations: 65                |
| Total read operations:  169               |
+-------------------------------------------+
| Total commuting races: 3915               |
| Total harmful races:   45                 |
| Total filtered races:  0                  |
| Total Time Filtered races:  195           |
| Total Time Edges:      195                |
+-------------------------------------------+
Number of packet traces with races: 26
Number of packet inconsistencies:  10
Number of packet inconsistencies that are actually consistent (covered):  0
Number of packet inconsistencies the first race is already inconsistent:  16
Number of packet inconsistencies after trimming repeated races:  10
Number of packet inconsistent updates:  0
Number of races:  4155
Number of races filtered by time:  195
Number of commuting races:  3915
Number of harmful races:  45
Number of covered races:  0
Number of versions: 73
Inconsistent updates: 0
Done. Time elapsed: 2.14399909973 s
load_trace: 1.70399904251 s
detect_races: 0.296000003815 s
extract_traces_time: 0.0331790447235 s
find_reactive_cmds_time: 0.00282192230225 s
find_proactive_cmds_time: 0.0760009288788 s
find_covered_races_time: 0.027999162674 s
per_packet_inconsistent_time: 0.00399899482727 s
find_inconsistent_update_time: 0.0 s
Read 829 events.
Added 808 events.
Total write operations: 65
Total read operations: 169
Processing 2080 w/w combinations
Updating has_path path cache...
10% 
20% 
30% 
40% 
50% 
60% 
70% 
80% 
90% 
100% 
Processing 10985 r/w combinations
10% 
20% 
30% 
40% 
50% 
60% 
70% 
80% 
90% 
100% 
Updating has_path path cache...
+-------------------------------------------+
| Total operations:      234                |
| Total write operations: 65                |
| Total read operations:  169               |
+-------------------------------------------+
| Total commuting races: 3915               |
| Total harmful races:   62                 |
| Total filtered races:  0                  |
| Total Time Filtered races:  178           |
| Total Time Edges:      178                |
+-------------------------------------------+
Number of packet traces with races: 33
Number of packet inconsistencies:  15
Number of packet inconsistencies that are actually consistent (covered):  0
Number of packet inconsistencies the first race is already inconsistent:  18
Number of packet inconsistencies after trimming repeated races:  13
Number of packet inconsistent updates:  0
Number of races:  4155
Number of races filtered by time:  178
Number of commuting races:  3915
Number of harmful races:  61
Number of covered races:  1
Number of versions: 73
Inconsistent updates: 0
Done. Time elapsed: 2.17964887619 s
load_trace: 1.71564793587 s
detect_races: 0.304002046585 s
extract_traces_time: 0.0360000133514 s
find_reactive_cmds_time: 0.0 s
find_proactive_cmds_time: 0.084969997406 s
find_covered_races_time: 0.0310277938843 s
per_packet_inconsistent_time: 0.00800108909607 s
find_inconsistent_update_time: 0.0 s
Read 829 events.
Added 808 events.
Total write operations: 65
Total read operations: 169
Processing 2080 w/w combinations
Updating has_path path cache...
10% 
20% 
30% 
40% 
50% 
60% 
70% 
80% 
90% 
100% 
Processing 10985 r/w combinations
10% 
20% 
30% 
40% 
50% 
60% 
70% 
80% 
90% 
100% 
Updating has_path path cache...
+-------------------------------------------+
| Total operations:      234                |
| Total write operations: 65                |
| Total read operations:  169               |
+-------------------------------------------+
| Total commuting races: 3915               |
| Total harmful races:   78                 |
| Total filtered races:  0                  |
| Total Time Filtered races:  162           |
| Total Time Edges:      162                |
+-------------------------------------------+
Number of packet traces with races: 38
Number of packet inconsistencies:  20
Number of packet inconsistencies that are actually consistent (covered):  0
Number of packet inconsistencies the first race is already inconsistent:  18
Number of packet inconsistencies after trimming repeated races:  17
Number of packet inconsistent updates:  0
Number of races:  4155
Number of races filtered by time:  162
Number of commuting races:  3915
Number of harmful races:  76
Number of covered races:  2
Number of versions: 73
Inconsistent updates: 0
Done. Time elapsed: 2.26816415787 s
load_trace: 1.81175804138 s
detect_races: 0.303963899612 s
extract_traces_time: 0.0281162261963 s
find_reactive_cmds_time: 0.00388383865356 s
find_proactive_cmds_time: 0.0799989700317 s
find_covered_races_time: 0.0291559696198 s
per_packet_inconsistent_time: 0.0111780166626 s
find_inconsistent_update_time: -6.00814819336e-05 s
Read 829 events.
Added 808 events.
Total write operations: 65
Total read operations: 169
Processing 2080 w/w combinations
Updating has_path path cache...
10% 
20% 
30% 
40% 
50% 
60% 
70% 
80% 
90% 
100% 
Processing 10985 r/w combinations
10% 
20% 
30% 
40% 
50% 
60% 
70% 
80% 
90% 
100% 
Updating has_path path cache...
+-------------------------------------------+
| Total operations:      234                |
| Total write operations: 65                |
| Total read operations:  169               |
+-------------------------------------------+
| Total commuting races: 3915               |
| Total harmful races:   90                 |
| Total filtered races:  0                  |
| Total Time Filtered races:  150           |
| Total Time Edges:      150                |
+-------------------------------------------+
Number of packet traces with races: 41
Number of packet inconsistencies:  21
Number of packet inconsistencies that are actually consistent (covered):  0
Number of packet inconsistencies the first race is already inconsistent:  20
Number of packet inconsistencies after trimming repeated races:  19
Number of packet inconsistent updates:  0
Number of races:  4155
Number of races filtered by time:  150
Number of commuting races:  3915
Number of harmful races:  86
Number of covered races:  4
Number of versions: 73
Inconsistent updates: 0
Done. Time elapsed: 2.30400109291 s
load_trace: 1.80877804756 s
detect_races: 0.319222927094 s
extract_traces_time: 0.0331931114197 s
find_reactive_cmds_time: 0.00280690193176 s
find_proactive_cmds_time: 0.0920000076294 s
find_covered_races_time: 0.0319979190826 s
per_packet_inconsistent_time: 0.0160021781921 s
find_inconsistent_update_time: 0.0 s
Read 829 events.
Added 808 events.
Total write operations: 65
Total read operations: 169
Processing 2080 w/w combinations
Updating has_path path cache...
10% 
20% 
30% 
40% 
50% 
60% 
70% 
80% 
90% 
100% 
Processing 10985 r/w combinations
10% 
20% 
30% 
40% 
50% 
60% 
70% 
80% 
90% 
100% 
Updating has_path path cache...
+-------------------------------------------+
| Total operations:      234                |
| Total write operations: 65                |
| Total read operations:  169               |
+-------------------------------------------+
| Total commuting races: 3915               |
| Total harmful races:   106                |
| Total filtered races:  0                  |
| Total Time Filtered races:  134           |
| Total Time Edges:      134                |
+-------------------------------------------+
Number of packet traces with races: 46
Number of packet inconsistencies:  25
Number of packet inconsistencies that are actually consistent (covered):  0
Number of packet inconsistencies the first race is already inconsistent:  21
Number of packet inconsistencies after trimming repeated races:  22
Number of packet inconsistent updates:  0
Number of races:  4155
Number of races filtered by time:  134
Number of commuting races:  3915
Number of harmful races:  102
Number of covered races:  4
Number of versions: 73
Inconsistent updates: 0
Done. Time elapsed: 2.31202483177 s
load_trace: 1.82399892807 s
detect_races: 0.312000989914 s
extract_traces_time: 0.0320000648499 s
find_reactive_cmds_time: 0.00399994850159 s
find_proactive_cmds_time: 0.0839998722076 s
find_covered_races_time: 0.036651134491 s
per_packet_inconsistent_time: 0.0193738937378 s
find_inconsistent_update_time: 0.0 s
Read 829 events.
Added 808 events.
Total write operations: 65
Total read operations: 169
Processing 2080 w/w combinations
Updating has_path path cache...
10% 
20% 
30% 
40% 
50% 
60% 
70% 
80% 
90% 
100% 
Processing 10985 r/w combinations
10% 
20% 
30% 
40% 
50% 
60% 
70% 
80% 
90% 
100% 
Updating has_path path cache...
+-------------------------------------------+
| Total operations:      234                |
| Total write operations: 65                |
| Total read operations:  169               |
+-------------------------------------------+
| Total commuting races: 3915               |
| Total harmful races:   107                |
| Total filtered races:  0                  |
| Total Time Filtered races:  133           |
| Total Time Edges:      133                |
+-------------------------------------------+
Number of packet traces with races: 47
Number of packet inconsistencies:  25
Number of packet inconsistencies that are actually consistent (covered):  0
Number of packet inconsistencies the first race is already inconsistent:  22
Number of packet inconsistencies after trimming repeated races:  22
Number of packet inconsistent updates:  0
Number of races:  4155
Number of races filtered by time:  133
Number of commuting races:  3915
Number of harmful races:  103
Number of covered races:  4
Number of versions: 73
Inconsistent updates: 0
Done. Time elapsed: 2.2162399292 s
load_trace: 1.76094508171 s
detect_races: 0.295095920563 s
extract_traces_time: 0.0279591083527 s
find_reactive_cmds_time: 0.000518798828125 s
find_proactive_cmds_time: 0.0834801197052 s
find_covered_races_time: 0.0327908992767 s
per_packet_inconsistent_time: 0.0153331756592 s
find_inconsistent_update_time: -6.89029693604e-05 s
Read 829 events.
Added 808 events.
Total write operations: 65
Total read operations: 169
Processing 2080 w/w combinations
Updating has_path path cache...
10% 
20% 
30% 
40% 
50% 
60% 
70% 
80% 
90% 
100% 
Processing 10985 r/w combinations
10% 
20% 
30% 
40% 
50% 
60% 
70% 
80% 
90% 
100% 
Updating has_path path cache...
+-------------------------------------------+
| Total operations:      234                |
| Total write operations: 65                |
| Total read operations:  169               |
+-------------------------------------------+
| Total commuting races: 3915               |
| Total harmful races:   109                |
| Total filtered races:  0                  |
| Total Time Filtered races:  131           |
| Total Time Edges:      131                |
+-------------------------------------------+
Number of packet traces with races: 49
Number of packet inconsistencies:  25
Number of packet inconsistencies that are actually consistent (covered):  0
Number of packet inconsistencies the first race is already inconsistent:  24
Number of packet inconsistencies after trimming repeated races:  22
Number of packet inconsistent updates:  0
Number of races:  4155
Number of races filtered by time:  131
Number of commuting races:  3915
Number of harmful races:  105
Number of covered races:  4
Number of versions: 73
Inconsistent updates: 0
Done. Time elapsed: 2.18825602531 s
load_trace: 1.7237739563 s
detect_races: 0.299999952316 s
extract_traces_time: 0.0290942192078 s
find_reactive_cmds_time: 0.00290584564209 s
find_proactive_cmds_time: 0.0839991569519 s
find_covered_races_time: 0.0331299304962 s
per_packet_inconsistent_time: 0.0152349472046 s
find_inconsistent_update_time: -7.10487365723e-05 s
Read 829 events.
Added 808 events.
Total write operations: 65
Total read operations: 169
Processing 2080 w/w combinations
Updating has_path path cache...
10% 
20% 
30% 
40% 
50% 
60% 
70% 
80% 
90% 
100% 
Processing 10985 r/w combinations
10% 
20% 
30% 
40% 
50% 
60% 
70% 
80% 
90% 
100% 
Updating has_path path cache...
+-------------------------------------------+
| Total operations:      234                |
| Total write operations: 65                |
| Total read operations:  169               |
+-------------------------------------------+
| Total commuting races: 3915               |
| Total harmful races:   121                |
| Total filtered races:  0                  |
| Total Time Filtered races:  119           |
| Total Time Edges:      119                |
+-------------------------------------------+
Number of packet traces with races: 52
Number of packet inconsistencies:  29
Number of packet inconsistencies that are actually consistent (covered):  0
Number of packet inconsistencies the first race is already inconsistent:  23
Number of packet inconsistencies after trimming repeated races:  25
Number of packet inconsistent updates:  0
Number of races:  4155
Number of races filtered by time:  119
Number of commuting races:  3915
Number of harmful races:  116
Number of covered races:  5
Number of versions: 73
Inconsistent updates: 0
Done. Time elapsed: 2.23993992805 s
load_trace: 1.76900887489 s
detect_races: 0.298930168152 s
extract_traces_time: 0.0280020236969 s
find_reactive_cmds_time: 0.000888824462891 s
find_proactive_cmds_time: 0.087110042572 s
find_covered_races_time: 0.0359990596771 s
per_packet_inconsistent_time: 0.01775598526 s
find_inconsistent_update_time: 0.0 s
