Read 1406 events.
Added 1263 events.
Total write operations: 41
Total read operations: 359
Processing 820 w/w combinations
Updating has_path path cache...
10% 
20% 
30% 
40% 
50% 
60% 
70% 
80% 
90% 
100% 
Processing 14719 r/w combinations
10% 
20% 
30% 
40% 
50% 
60% 
70% 
80% 
90% 
100% 
Updating has_path path cache...
+-------------------------------------------+
| Total operations:      400                |
| Total write operations: 41                |
| Total read operations:  359               |
+-------------------------------------------+
| Total commuting races: 4410               |
| Total harmful races:   730                |
| Total filtered races:  0                  |
| Total Time Filtered races:  0             |
| Total Time Edges:      0                  |
+-------------------------------------------+
Number of packet traces with races: 151
Number of packet inconsistencies:  101
Number of packet inconsistencies that are actually consistent (covered):  43
Number of packet inconsistencies the first race is already inconsistent:  7
Number of packet inconsistencies after trimming repeated races:  25
Number of packet inconsistent updates:  0
Number of races:  5140
Number of races filtered by time:  0
Number of commuting races:  4410
Number of harmful races:  387
Number of covered races:  343
Number of versions: 43
Inconsistent updates: 0
Done. Time elapsed: 3.31086778641 s
load_trace: 2.07517695427 s
detect_races: 0.384492874146 s
extract_traces_time: 0.0398640632629 s
find_reactive_cmds_time: 0.00130295753479 s
find_proactive_cmds_time: 0.118864059448 s
find_covered_races_time: 0.530028104782 s
per_packet_inconsistent_time: 0.160754919052 s
find_inconsistent_update_time: -0.000333070755005 s
Read 1406 events.
Added 1263 events.
Total write operations: 41
Total read operations: 359
Processing 820 w/w combinations
Updating has_path path cache...
10% 
20% 
30% 
40% 
50% 
60% 
70% 
80% 
90% 
100% 
Processing 14719 r/w combinations
10% 
20% 
30% 
40% 
50% 
60% 
70% 
80% 
90% 
100% 
Updating has_path path cache...
+-------------------------------------------+
| Total operations:      400                |
| Total write operations: 41                |
| Total read operations:  359               |
+-------------------------------------------+
| Total commuting races: 4410               |
| Total harmful races:   0                  |
| Total filtered races:  0                  |
| Total Time Filtered races:  730           |
| Total Time Edges:      730                |
+-------------------------------------------+
Number of packet traces with races: 0
Number of packet inconsistencies:  0
Number of packet inconsistencies that are actually consistent (covered):  0
Number of packet inconsistencies the first race is already inconsistent:  0
Number of packet inconsistencies after trimming repeated races:  0
Number of packet inconsistent updates:  0
Number of races:  5140
Number of races filtered by time:  730
Number of commuting races:  4410
Number of harmful races:  0
Number of covered races:  0
Number of versions: 43
Inconsistent updates: 0
Done. Time elapsed: 2.98703718185 s
load_trace: 2.21497797966 s
detect_races: 0.502225160599 s
extract_traces_time: 0.0619530677795 s
find_reactive_cmds_time: 0.00152087211609 s
find_proactive_cmds_time: 0.0804290771484 s
find_covered_races_time: 0.12464094162 s
per_packet_inconsistent_time: 0.0012218952179 s
find_inconsistent_update_time: -2.00271606445e-05 s
Read 1406 events.
Added 1263 events.
Total write operations: 41
Total read operations: 359
Processing 820 w/w combinations
Updating has_path path cache...
10% 
20% 
30% 
40% 
50% 
60% 
70% 
80% 
90% 
100% 
Processing 14719 r/w combinations
10% 
20% 
30% 
40% 
50% 
60% 
70% 
80% 
90% 
100% 
Updating has_path path cache...
+-------------------------------------------+
| Total operations:      400                |
| Total write operations: 41                |
| Total read operations:  359               |
+-------------------------------------------+
| Total commuting races: 4410               |
| Total harmful races:   43                 |
| Total filtered races:  0                  |
| Total Time Filtered races:  687           |
| Total Time Edges:      687                |
+-------------------------------------------+
Number of packet traces with races: 23
Number of packet inconsistencies:  15
Number of packet inconsistencies that are actually consistent (covered):  0
Number of packet inconsistencies the first race is already inconsistent:  8
Number of packet inconsistencies after trimming repeated races:  13
Number of packet inconsistent updates:  0
Number of races:  5140
Number of races filtered by time:  687
Number of commuting races:  4410
Number of harmful races:  43
Number of covered races:  0
Number of versions: 43
Inconsistent updates: 0
Done. Time elapsed: 3.1255531311 s
load_trace: 2.35536003113 s
detect_races: 0.465632915497 s
extract_traces_time: 0.0606791973114 s
find_reactive_cmds_time: 0.00148391723633 s
find_proactive_cmds_time: 0.0854229927063 s
find_covered_races_time: 0.148370981216 s
per_packet_inconsistent_time: 0.00850892066956 s
find_inconsistent_update_time: -5.00679016113e-05 s
Read 1406 events.
Added 1263 events.
Total write operations: 41
Total read operations: 359
Processing 820 w/w combinations
Updating has_path path cache...
10% 
20% 
30% 
40% 
50% 
60% 
70% 
80% 
90% 
100% 
Processing 14719 r/w combinations
10% 
20% 
30% 
40% 
50% 
60% 
70% 
80% 
90% 
100% 
Updating has_path path cache...
+-------------------------------------------+
| Total operations:      400                |
| Total write operations: 41                |
| Total read operations:  359               |
+-------------------------------------------+
| Total commuting races: 4410               |
| Total harmful races:   65                 |
| Total filtered races:  0                  |
| Total Time Filtered races:  665           |
| Total Time Edges:      665                |
+-------------------------------------------+
Number of packet traces with races: 33
Number of packet inconsistencies:  19
Number of packet inconsistencies that are actually consistent (covered):  0
Number of packet inconsistencies the first race is already inconsistent:  14
Number of packet inconsistencies after trimming repeated races:  16
Number of packet inconsistent updates:  0
Number of races:  5140
Number of races filtered by time:  665
Number of commuting races:  4410
Number of harmful races:  65
Number of covered races:  0
Number of versions: 43
Inconsistent updates: 0
Done. Time elapsed: 2.81215500832 s
load_trace: 2.06412315369 s
detect_races: 0.42792391777 s
extract_traces_time: 0.0586400032043 s
find_reactive_cmds_time: 0.00142788887024 s
find_proactive_cmds_time: 0.0820531845093 s
find_covered_races_time: 0.164502859116 s
per_packet_inconsistent_time: 0.0133910179138 s
find_inconsistent_update_time: -4.60147857666e-05 s
Read 1406 events.
Added 1263 events.
Total write operations: 41
Total read operations: 359
Processing 820 w/w combinations
Updating has_path path cache...
10% 
20% 
30% 
40% 
50% 
60% 
70% 
80% 
90% 
100% 
Processing 14719 r/w combinations
10% 
20% 
30% 
40% 
50% 
60% 
70% 
80% 
90% 
100% 
Updating has_path path cache...
+-------------------------------------------+
| Total operations:      400                |
| Total write operations: 41                |
| Total read operations:  359               |
+-------------------------------------------+
| Total commuting races: 4410               |
| Total harmful races:   104                |
| Total filtered races:  0                  |
| Total Time Filtered races:  626           |
| Total Time Edges:      626                |
+-------------------------------------------+
Number of packet traces with races: 48
Number of packet inconsistencies:  27
Number of packet inconsistencies that are actually consistent (covered):  1
Number of packet inconsistencies the first race is already inconsistent:  20
Number of packet inconsistencies after trimming repeated races:  20
Number of packet inconsistent updates:  0
Number of races:  5140
Number of races filtered by time:  626
Number of commuting races:  4410
Number of harmful races:  101
Number of covered races:  3
Number of versions: 43
Inconsistent updates: 0
Done. Time elapsed: 3.2100110054 s
load_trace: 2.39893221855 s
detect_races: 0.448261976242 s
extract_traces_time: 0.0617389678955 s
find_reactive_cmds_time: 0.00190401077271 s
find_proactive_cmds_time: 0.0910079479218 s
find_covered_races_time: 0.186955928802 s
per_packet_inconsistent_time: 0.0210959911346 s
find_inconsistent_update_time: -6.79492950439e-05 s
Read 1406 events.
Added 1263 events.
Total write operations: 41
Total read operations: 359
Processing 820 w/w combinations
Updating has_path path cache...
10% 
20% 
30% 
40% 
50% 
60% 
70% 
80% 
90% 
100% 
Processing 14719 r/w combinations
10% 
20% 
30% 
40% 
50% 
60% 
70% 
80% 
90% 
100% 
Updating has_path path cache...
+-------------------------------------------+
| Total operations:      400                |
| Total write operations: 41                |
| Total read operations:  359               |
+-------------------------------------------+
| Total commuting races: 4410               |
| Total harmful races:   147                |
| Total filtered races:  0                  |
| Total Time Filtered races:  583           |
| Total Time Edges:      583                |
+-------------------------------------------+
Number of packet traces with races: 60
Number of packet inconsistencies:  33
Number of packet inconsistencies that are actually consistent (covered):  6
Number of packet inconsistencies the first race is already inconsistent:  21
Number of packet inconsistencies after trimming repeated races:  23
Number of packet inconsistent updates:  0
Number of races:  5140
Number of races filtered by time:  583
Number of commuting races:  4410
Number of harmful races:  126
Number of covered races:  21
Number of versions: 43
Inconsistent updates: 0
Done. Time elapsed: 2.99037003517 s
load_trace: 2.19920897484 s
detect_races: 0.422595977783 s
extract_traces_time: 0.0604660511017 s
find_reactive_cmds_time: 0.00145888328552 s
find_proactive_cmds_time: 0.0784361362457 s
find_covered_races_time: 0.198183059692 s
per_packet_inconsistent_time: 0.0298919677734 s
find_inconsistent_update_time: -7.89165496826e-05 s
Read 1406 events.
Added 1263 events.
Total write operations: 41
Total read operations: 359
Processing 820 w/w combinations
Updating has_path path cache...
10% 
20% 
30% 
40% 
50% 
60% 
70% 
80% 
90% 
100% 
Processing 14719 r/w combinations
10% 
20% 
30% 
40% 
50% 
60% 
70% 
80% 
90% 
100% 
Updating has_path path cache...
+-------------------------------------------+
| Total operations:      400                |
| Total write operations: 41                |
| Total read operations:  359               |
+-------------------------------------------+
| Total commuting races: 4410               |
| Total harmful races:   171                |
| Total filtered races:  0                  |
| Total Time Filtered races:  559           |
| Total Time Edges:      559                |
+-------------------------------------------+
Number of packet traces with races: 66
Number of packet inconsistencies:  37
Number of packet inconsistencies that are actually consistent (covered):  9
Number of packet inconsistencies the first race is already inconsistent:  20
Number of packet inconsistencies after trimming repeated races:  24
Number of packet inconsistent updates:  0
Number of races:  5140
Number of races filtered by time:  559
Number of commuting races:  4410
Number of harmful races:  141
Number of covered races:  30
Number of versions: 43
Inconsistent updates: 0
Done. Time elapsed: 2.91089820862 s
load_trace: 2.11976504326 s
detect_races: 0.413117170334 s
extract_traces_time: 0.0526688098907 s
find_reactive_cmds_time: 0.00148797035217 s
find_proactive_cmds_time: 0.0796232223511 s
find_covered_races_time: 0.210176944733 s
per_packet_inconsistent_time: 0.0339238643646 s
find_inconsistent_update_time: -8.79764556885e-05 s
Read 1406 events.
Added 1263 events.
Total write operations: 41
Total read operations: 359
Processing 820 w/w combinations
Updating has_path path cache...
10% 
20% 
30% 
40% 
50% 
60% 
70% 
80% 
90% 
100% 
Processing 14719 r/w combinations
10% 
20% 
30% 
40% 
50% 
60% 
70% 
80% 
90% 
100% 
Updating has_path path cache...
+-------------------------------------------+
| Total operations:      400                |
| Total write operations: 41                |
| Total read operations:  359               |
+-------------------------------------------+
| Total commuting races: 4410               |
| Total harmful races:   204                |
| Total filtered races:  0                  |
| Total Time Filtered races:  526           |
| Total Time Edges:      526                |
+-------------------------------------------+
Number of packet traces with races: 73
Number of packet inconsistencies:  39
Number of packet inconsistencies that are actually consistent (covered):  16
Number of packet inconsistencies the first race is already inconsistent:  18
Number of packet inconsistencies after trimming repeated races:  27
Number of packet inconsistent updates:  0
Number of races:  5140
Number of races filtered by time:  526
Number of commuting races:  4410
Number of harmful races:  152
Number of covered races:  52
Number of versions: 43
Inconsistent updates: 0
Done. Time elapsed: 3.04571485519 s
load_trace: 2.14631795883 s
detect_races: 0.452214002609 s
extract_traces_time: 0.0612919330597 s
find_reactive_cmds_time: 0.0021960735321 s
find_proactive_cmds_time: 0.0933148860931 s
find_covered_races_time: 0.249339103699 s
per_packet_inconsistent_time: 0.0408978462219 s
find_inconsistent_update_time: -9.79900360107e-05 s
Read 1406 events.
Added 1263 events.
Total write operations: 41
Total read operations: 359
Processing 820 w/w combinations
Updating has_path path cache...
10% 
20% 
30% 
40% 
50% 
60% 
70% 
80% 
90% 
100% 
Processing 14719 r/w combinations
10% 
20% 
30% 
40% 
50% 
60% 
70% 
80% 
90% 
100% 
Updating has_path path cache...
+-------------------------------------------+
| Total operations:      400                |
| Total write operations: 41                |
| Total read operations:  359               |
+-------------------------------------------+
| Total commuting races: 4410               |
| Total harmful races:   247                |
| Total filtered races:  0                  |
| Total Time Filtered races:  483           |
| Total Time Edges:      483                |
+-------------------------------------------+
Number of packet traces with races: 81
Number of packet inconsistencies:  45
Number of packet inconsistencies that are actually consistent (covered):  19
Number of packet inconsistencies the first race is already inconsistent:  17
Number of packet inconsistencies after trimming repeated races:  28
Number of packet inconsistent updates:  0
Number of races:  5140
Number of races filtered by time:  483
Number of commuting races:  4410
Number of harmful races:  172
Number of covered races:  75
Number of versions: 43
Inconsistent updates: 0
Done. Time elapsed: 3.07157707214 s
load_trace: 2.23201608658 s
detect_races: 0.419467926025 s
extract_traces_time: 0.0543310642242 s
find_reactive_cmds_time: 0.00148487091064 s
find_proactive_cmds_time: 0.0823221206665 s
find_covered_races_time: 0.232491970062 s
per_packet_inconsistent_time: 0.0493040084839 s
find_inconsistent_update_time: -0.000112056732178 s
Read 1406 events.
Added 1263 events.
Total write operations: 41
Total read operations: 359
Processing 820 w/w combinations
Updating has_path path cache...
10% 
20% 
30% 
40% 
50% 
60% 
70% 
80% 
90% 
100% 
Processing 14719 r/w combinations
10% 
20% 
30% 
40% 
50% 
60% 
70% 
80% 
90% 
100% 
Updating has_path path cache...
+-------------------------------------------+
| Total operations:      400                |
| Total write operations: 41                |
| Total read operations:  359               |
+-------------------------------------------+
| Total commuting races: 4410               |
| Total harmful races:   289                |
| Total filtered races:  0                  |
| Total Time Filtered races:  441           |
| Total Time Edges:      441                |
+-------------------------------------------+
Number of packet traces with races: 92
Number of packet inconsistencies:  54
Number of packet inconsistencies that are actually consistent (covered):  22
Number of packet inconsistencies the first race is already inconsistent:  16
Number of packet inconsistencies after trimming repeated races:  31
Number of packet inconsistent updates:  0
Number of races:  5140
Number of races filtered by time:  441
Number of commuting races:  4410
Number of harmful races:  197
Number of covered races:  92
Number of versions: 43
Inconsistent updates: 0
Done. Time elapsed: 3.04483509064 s
load_trace: 2.17757296562 s
detect_races: 0.422152042389 s
extract_traces_time: 0.0483450889587 s
find_reactive_cmds_time: 0.00179886817932 s
find_proactive_cmds_time: 0.0794861316681 s
find_covered_races_time: 0.253180027008 s
per_packet_inconsistent_time: 0.0621209144592 s
find_inconsistent_update_time: -0.000132083892822 s
Read 1406 events.
Added 1263 events.
Total write operations: 41
Total read operations: 359
Processing 820 w/w combinations
Updating has_path path cache...
10% 
20% 
30% 
40% 
50% 
60% 
70% 
80% 
90% 
100% 
Processing 14719 r/w combinations
10% 
20% 
30% 
40% 
50% 
60% 
70% 
80% 
90% 
100% 
Updating has_path path cache...
+-------------------------------------------+
| Total operations:      400                |
| Total write operations: 41                |
| Total read operations:  359               |
+-------------------------------------------+
| Total commuting races: 4410               |
| Total harmful races:   326                |
| Total filtered races:  0                  |
| Total Time Filtered races:  404           |
| Total Time Edges:      404                |
+-------------------------------------------+
Number of packet traces with races: 102
Number of packet inconsistencies:  59
Number of packet inconsistencies that are actually consistent (covered):  25
Number of packet inconsistencies the first race is already inconsistent:  18
Number of packet inconsistencies after trimming repeated races:  32
Number of packet inconsistent updates:  0
Number of races:  5140
Number of races filtered by time:  404
Number of commuting races:  4410
Number of harmful races:  218
Number of covered races:  108
Number of versions: 43
Inconsistent updates: 0
Done. Time elapsed: 2.92377591133 s
load_trace: 2.05817699432 s
detect_races: 0.399266958237 s
extract_traces_time: 0.0463418960571 s
find_reactive_cmds_time: 0.0013439655304 s
find_proactive_cmds_time: 0.0780551433563 s
find_covered_races_time: 0.273057937622 s
per_packet_inconsistent_time: 0.0673449039459 s
find_inconsistent_update_time: -0.000143051147461 s
Read 1406 events.
Added 1263 events.
Total write operations: 41
Total read operations: 359
Processing 820 w/w combinations
Updating has_path path cache...
10% 
20% 
30% 
40% 
50% 
60% 
70% 
80% 
90% 
100% 
Processing 14719 r/w combinations
10% 
20% 
30% 
40% 
50% 
60% 
70% 
80% 
90% 
100% 
Updating has_path path cache...
+-------------------------------------------+
| Total operations:      400                |
| Total write operations: 41                |
| Total read operations:  359               |
+-------------------------------------------+
| Total commuting races: 4410               |
| Total harmful races:   371                |
| Total filtered races:  0                  |
| Total Time Filtered races:  359           |
| Total Time Edges:      359                |
+-------------------------------------------+
Number of packet traces with races: 108
Number of packet inconsistencies:  65
Number of packet inconsistencies that are actually consistent (covered):  25
Number of packet inconsistencies the first race is already inconsistent:  18
Number of packet inconsistencies after trimming repeated races:  32
Number of packet inconsistent updates:  0
Number of races:  5140
Number of races filtered by time:  359
Number of commuting races:  4410
Number of harmful races:  237
Number of covered races:  134
Number of versions: 43
Inconsistent updates: 0
Done. Time elapsed: 3.01991605759 s
load_trace: 2.02221107483 s
detect_races: 0.407258033752 s
extract_traces_time: 0.0440359115601 s
find_reactive_cmds_time: 0.00131916999817 s
find_proactive_cmds_time: 0.0825769901276 s
find_covered_races_time: 0.377866029739 s
per_packet_inconsistent_time: 0.0844168663025 s
find_inconsistent_update_time: -0.000185012817383 s
