Read 201 events.
Added 190 events.
Total write operations: 3
Total read operations: 36
Processing 3 w/w combinations
30% 
Updating has_path path cache...
60% 
100% 
Processing 108 r/w combinations
10% 
20% 
30% 
40% 
50% 
60% 
70% 
80% 
90% 
100% 
Updating has_path path cache...
+-------------------------------------------+
| Total operations:      39                 |
| Total write operations: 3                 |
| Total read operations:  36                |
+-------------------------------------------+
| Total commuting races: 35                 |
| Total harmful races:   69                 |
| Total filtered races:  0                  |
| Total Time Filtered races:  0             |
| Total Time Edges:      0                  |
+-------------------------------------------+
Number of packet traces with races: 35
Number of packet inconsistencies:  0
Number of packet inconsistencies that are actually consistent (covered):  35
Number of packet inconsistencies the first race is already inconsistent:  0
Number of packet inconsistencies after trimming repeated races:  0
Number of packet inconsistent updates:  0
Number of races:  104
Number of races filtered by time:  0
Number of commuting races:  35
Number of harmful races:  28
Number of covered races:  41
Number of versions: 5
Inconsistent updates: 0
Done. Time elapsed: 0.100648880005 s
load_trace: 0.0613210201263 s
detect_races: 0.00821685791016 s
extract_traces_time: 0.00396394729614 s
find_reactive_cmds_time: 8.70227813721e-05 s
find_proactive_cmds_time: 0.0105850696564 s
find_covered_races_time: 0.0136649608612 s
per_packet_inconsistent_time: 0.00275492668152 s
find_inconsistent_update_time: -2.50339508057e-05 s
Read 201 events.
Added 190 events.
Total write operations: 3
Total read operations: 36
Processing 3 w/w combinations
30% 
Updating has_path path cache...
60% 
100% 
Processing 108 r/w combinations
10% 
20% 
30% 
40% 
50% 
60% 
70% 
80% 
90% 
100% 
Updating has_path path cache...
+-------------------------------------------+
| Total operations:      39                 |
| Total write operations: 3                 |
| Total read operations:  36                |
+-------------------------------------------+
| Total commuting races: 35                 |
| Total harmful races:   0                  |
| Total filtered races:  0                  |
| Total Time Filtered races:  69            |
| Total Time Edges:      69                 |
+-------------------------------------------+
Number of packet traces with races: 0
Number of packet inconsistencies:  0
Number of packet inconsistencies that are actually consistent (covered):  0
Number of packet inconsistencies the first race is already inconsistent:  0
Number of packet inconsistencies after trimming repeated races:  0
Number of packet inconsistent updates:  0
Number of races:  104
Number of races filtered by time:  69
Number of commuting races:  35
Number of harmful races:  0
Number of covered races:  0
Number of versions: 5
Inconsistent updates: 0
Done. Time elapsed: 0.0994441509247 s
load_trace: 0.0620260238647 s
detect_races: 0.0104651451111 s
extract_traces_time: 0.00677895545959 s
find_reactive_cmds_time: 9.29832458496e-05 s
find_proactive_cmds_time: 0.0114169120789 s
find_covered_races_time: 0.00843906402588 s
per_packet_inconsistent_time: 0.000189065933228 s
find_inconsistent_update_time: -5.00679016113e-06 s
Read 201 events.
Added 190 events.
Total write operations: 3
Total read operations: 36
Processing 3 w/w combinations
30% 
Updating has_path path cache...
60% 
100% 
Processing 108 r/w combinations
10% 
20% 
30% 
40% 
50% 
60% 
70% 
80% 
90% 
100% 
Updating has_path path cache...
+-------------------------------------------+
| Total operations:      39                 |
| Total write operations: 3                 |
| Total read operations:  36                |
+-------------------------------------------+
| Total commuting races: 35                 |
| Total harmful races:   3                  |
| Total filtered races:  0                  |
| Total Time Filtered races:  66            |
| Total Time Edges:      66                 |
+-------------------------------------------+
Number of packet traces with races: 3
Number of packet inconsistencies:  0
Number of packet inconsistencies that are actually consistent (covered):  0
Number of packet inconsistencies the first race is already inconsistent:  3
Number of packet inconsistencies after trimming repeated races:  0
Number of packet inconsistent updates:  0
Number of races:  104
Number of races filtered by time:  66
Number of commuting races:  35
Number of harmful races:  3
Number of covered races:  0
Number of versions: 5
Inconsistent updates: 0
Done. Time elapsed: 0.100254058838 s
load_trace: 0.062646150589 s
detect_races: 0.0102128982544 s
extract_traces_time: 0.006422996521 s
find_reactive_cmds_time: 9.41753387451e-05 s
find_proactive_cmds_time: 0.0114979743958 s
find_covered_races_time: 0.0089168548584 s
per_packet_inconsistent_time: 0.000425100326538 s
find_inconsistent_update_time: -6.91413879395e-06 s
Read 201 events.
Added 190 events.
Total write operations: 3
Total read operations: 36
Processing 3 w/w combinations
30% 
Updating has_path path cache...
60% 
100% 
Processing 108 r/w combinations
10% 
20% 
30% 
40% 
50% 
60% 
70% 
80% 
90% 
100% 
Updating has_path path cache...
+-------------------------------------------+
| Total operations:      39                 |
| Total write operations: 3                 |
| Total read operations:  36                |
+-------------------------------------------+
| Total commuting races: 35                 |
| Total harmful races:   7                  |
| Total filtered races:  0                  |
| Total Time Filtered races:  62            |
| Total Time Edges:      62                 |
+-------------------------------------------+
Number of packet traces with races: 7
Number of packet inconsistencies:  0
Number of packet inconsistencies that are actually consistent (covered):  1
Number of packet inconsistencies the first race is already inconsistent:  6
Number of packet inconsistencies after trimming repeated races:  0
Number of packet inconsistent updates:  0
Number of races:  104
Number of races filtered by time:  62
Number of commuting races:  35
Number of harmful races:  6
Number of covered races:  1
Number of versions: 5
Inconsistent updates: 0
Done. Time elapsed: 0.0984930992126 s
load_trace: 0.0613698959351 s
detect_races: 0.00969815254211 s
extract_traces_time: 0.00572991371155 s
find_reactive_cmds_time: 9.51290130615e-05 s
find_proactive_cmds_time: 0.0120339393616 s
find_covered_races_time: 0.0089750289917 s
per_packet_inconsistent_time: 0.000550031661987 s
find_inconsistent_update_time: -8.82148742676e-06 s
Read 201 events.
Added 190 events.
Total write operations: 3
Total read operations: 36
Processing 3 w/w combinations
30% 
Updating has_path path cache...
60% 
100% 
Processing 108 r/w combinations
10% 
20% 
30% 
40% 
50% 
60% 
70% 
80% 
90% 
100% 
Updating has_path path cache...
+-------------------------------------------+
| Total operations:      39                 |
| Total write operations: 3                 |
| Total read operations:  36                |
+-------------------------------------------+
| Total commuting races: 35                 |
| Total harmful races:   11                 |
| Total filtered races:  0                  |
| Total Time Filtered races:  58            |
| Total Time Edges:      58                 |
+-------------------------------------------+
Number of packet traces with races: 10
Number of packet inconsistencies:  0
Number of packet inconsistencies that are actually consistent (covered):  2
Number of packet inconsistencies the first race is already inconsistent:  8
Number of packet inconsistencies after trimming repeated races:  0
Number of packet inconsistent updates:  0
Number of races:  104
Number of races filtered by time:  58
Number of commuting races:  35
Number of harmful races:  9
Number of covered races:  2
Number of versions: 5
Inconsistent updates: 0
Done. Time elapsed: 0.110553979874 s
load_trace: 0.0655341148376 s
detect_races: 0.0123949050903 s
extract_traces_time: 0.00825309753418 s
find_reactive_cmds_time: 0.000120878219604 s
find_proactive_cmds_time: 0.0130209922791 s
find_covered_races_time: 0.0104529857635 s
per_packet_inconsistent_time: 0.000738143920898 s
find_inconsistent_update_time: -9.05990600586e-06 s
Read 201 events.
Added 190 events.
Total write operations: 3
Total read operations: 36
Processing 3 w/w combinations
30% 
Updating has_path path cache...
60% 
100% 
Processing 108 r/w combinations
10% 
20% 
30% 
40% 
50% 
60% 
70% 
80% 
90% 
100% 
Updating has_path path cache...
+-------------------------------------------+
| Total operations:      39                 |
| Total write operations: 3                 |
| Total read operations:  36                |
+-------------------------------------------+
| Total commuting races: 35                 |
| Total harmful races:   15                 |
| Total filtered races:  0                  |
| Total Time Filtered races:  54            |
| Total Time Edges:      54                 |
+-------------------------------------------+
Number of packet traces with races: 11
Number of packet inconsistencies:  0
Number of packet inconsistencies that are actually consistent (covered):  6
Number of packet inconsistencies the first race is already inconsistent:  5
Number of packet inconsistencies after trimming repeated races:  0
Number of packet inconsistent updates:  0
Number of races:  104
Number of races filtered by time:  54
Number of commuting races:  35
Number of harmful races:  9
Number of covered races:  6
Number of versions: 5
Inconsistent updates: 0
Done. Time elapsed: 0.102916002274 s
load_trace: 0.0635600090027 s
detect_races: 0.00969290733337 s
extract_traces_time: 0.00573706626892 s
find_reactive_cmds_time: 9.48905944824e-05 s
find_proactive_cmds_time: 0.0126700401306 s
find_covered_races_time: 0.0101721286774 s
per_packet_inconsistent_time: 0.000943899154663 s
find_inconsistent_update_time: -1.19209289551e-05 s
Read 201 events.
Added 190 events.
Total write operations: 3
Total read operations: 36
Processing 3 w/w combinations
30% 
Updating has_path path cache...
60% 
100% 
Processing 108 r/w combinations
10% 
20% 
30% 
40% 
50% 
60% 
70% 
80% 
90% 
100% 
Updating has_path path cache...
+-------------------------------------------+
| Total operations:      39                 |
| Total write operations: 3                 |
| Total read operations:  36                |
+-------------------------------------------+
| Total commuting races: 35                 |
| Total harmful races:   18                 |
| Total filtered races:  0                  |
| Total Time Filtered races:  51            |
| Total Time Edges:      51                 |
+-------------------------------------------+
Number of packet traces with races: 11
Number of packet inconsistencies:  0
Number of packet inconsistencies that are actually consistent (covered):  9
Number of packet inconsistencies the first race is already inconsistent:  2
Number of packet inconsistencies after trimming repeated races:  0
Number of packet inconsistent updates:  0
Number of races:  104
Number of races filtered by time:  51
Number of commuting races:  35
Number of harmful races:  9
Number of covered races:  9
Number of versions: 5
Inconsistent updates: 0
Done. Time elapsed: 0.112361907959 s
load_trace: 0.0706241130829 s
detect_races: 0.0122168064117 s
extract_traces_time: 0.00585699081421 s
find_reactive_cmds_time: 9.32216644287e-05 s
find_proactive_cmds_time: 0.0125548839569 s
find_covered_races_time: 0.0100131034851 s
per_packet_inconsistent_time: 0.000959873199463 s
find_inconsistent_update_time: -1.19209289551e-05 s
Read 201 events.
Added 190 events.
Total write operations: 3
Total read operations: 36
Processing 3 w/w combinations
30% 
Updating has_path path cache...
60% 
100% 
Processing 108 r/w combinations
10% 
20% 
30% 
40% 
50% 
60% 
70% 
80% 
90% 
100% 
Updating has_path path cache...
+-------------------------------------------+
| Total operations:      39                 |
| Total write operations: 3                 |
| Total read operations:  36                |
+-------------------------------------------+
| Total commuting races: 35                 |
| Total harmful races:   21                 |
| Total filtered races:  0                  |
| Total Time Filtered races:  48            |
| Total Time Edges:      48                 |
+-------------------------------------------+
Number of packet traces with races: 11
Number of packet inconsistencies:  0
Number of packet inconsistencies that are actually consistent (covered):  11
Number of packet inconsistencies the first race is already inconsistent:  0
Number of packet inconsistencies after trimming repeated races:  0
Number of packet inconsistent updates:  0
Number of races:  104
Number of races filtered by time:  48
Number of commuting races:  35
Number of harmful races:  9
Number of covered races:  12
Number of versions: 5
Inconsistent updates: 0
Done. Time elapsed: 0.100038051605 s
load_trace: 0.0615530014038 s
detect_races: 0.00947904586792 s
extract_traces_time: 0.00578284263611 s
find_reactive_cmds_time: 9.01222229004e-05 s
find_proactive_cmds_time: 0.0122759342194 s
find_covered_races_time: 0.00985193252563 s
per_packet_inconsistent_time: 0.000961065292358 s
find_inconsistent_update_time: -1.31130218506e-05 s
Read 201 events.
Added 190 events.
Total write operations: 3
Total read operations: 36
Processing 3 w/w combinations
30% 
Updating has_path path cache...
60% 
100% 
Processing 108 r/w combinations
10% 
20% 
30% 
40% 
50% 
60% 
70% 
80% 
90% 
100% 
Updating has_path path cache...
+-------------------------------------------+
| Total operations:      39                 |
| Total write operations: 3                 |
| Total read operations:  36                |
+-------------------------------------------+
| Total commuting races: 35                 |
| Total harmful races:   22                 |
| Total filtered races:  0                  |
| Total Time Filtered races:  47            |
| Total Time Edges:      47                 |
+-------------------------------------------+
Number of packet traces with races: 12
Number of packet inconsistencies:  0
Number of packet inconsistencies that are actually consistent (covered):  11
Number of packet inconsistencies the first race is already inconsistent:  1
Number of packet inconsistencies after trimming repeated races:  0
Number of packet inconsistent updates:  0
Number of races:  104
Number of races filtered by time:  47
Number of commuting races:  35
Number of harmful races:  10
Number of covered races:  12
Number of versions: 5
Inconsistent updates: 0
Done. Time elapsed: 0.11039018631 s
load_trace: 0.0684139728546 s
detect_races: 0.00956106185913 s
extract_traces_time: 0.00564503669739 s
find_reactive_cmds_time: 9.3936920166e-05 s
find_proactive_cmds_time: 0.0138139724731 s
find_covered_races_time: 0.0117311477661 s
per_packet_inconsistent_time: 0.00108504295349 s
find_inconsistent_update_time: -1.19209289551e-05 s
Read 201 events.
Added 190 events.
Total write operations: 3
Total read operations: 36
Processing 3 w/w combinations
30% 
Updating has_path path cache...
60% 
100% 
Processing 108 r/w combinations
10% 
20% 
30% 
40% 
50% 
60% 
70% 
80% 
90% 
100% 
Updating has_path path cache...
+-------------------------------------------+
| Total operations:      39                 |
| Total write operations: 3                 |
| Total read operations:  36                |
+-------------------------------------------+
| Total commuting races: 35                 |
| Total harmful races:   26                 |
| Total filtered races:  0                  |
| Total Time Filtered races:  43            |
| Total Time Edges:      43                 |
+-------------------------------------------+
Number of packet traces with races: 16
Number of packet inconsistencies:  0
Number of packet inconsistencies that are actually consistent (covered):  12
Number of packet inconsistencies the first race is already inconsistent:  4
Number of packet inconsistencies after trimming repeated races:  0
Number of packet inconsistent updates:  0
Number of races:  104
Number of races filtered by time:  43
Number of commuting races:  35
Number of harmful races:  13
Number of covered races:  13
Number of versions: 5
Inconsistent updates: 0
Done. Time elapsed: 0.100407838821 s
load_trace: 0.0618438720703 s
detect_races: 0.00931096076965 s
extract_traces_time: 0.00530004501343 s
find_reactive_cmds_time: 9.01222229004e-05 s
find_proactive_cmds_time: 0.0120179653168 s
find_covered_races_time: 0.0105378627777 s
per_packet_inconsistent_time: 0.00126218795776 s
find_inconsistent_update_time: -1.28746032715e-05 s
Read 201 events.
Added 190 events.
Total write operations: 3
Total read operations: 36
Processing 3 w/w combinations
30% 
Updating has_path path cache...
60% 
100% 
Processing 108 r/w combinations
10% 
20% 
30% 
40% 
50% 
60% 
70% 
80% 
90% 
100% 
Updating has_path path cache...
+-------------------------------------------+
| Total operations:      39                 |
| Total write operations: 3                 |
| Total read operations:  36                |
+-------------------------------------------+
| Total commuting races: 35                 |
| Total harmful races:   30                 |
| Total filtered races:  0                  |
| Total Time Filtered races:  39            |
| Total Time Edges:      39                 |
+-------------------------------------------+
Number of packet traces with races: 20
Number of packet inconsistencies:  0
Number of packet inconsistencies that are actually consistent (covered):  12
Number of packet inconsistencies the first race is already inconsistent:  8
Number of packet inconsistencies after trimming repeated races:  0
Number of packet inconsistent updates:  0
Number of races:  104
Number of races filtered by time:  39
Number of commuting races:  35
Number of harmful races:  17
Number of covered races:  13
Number of versions: 5
Inconsistent updates: 0
Done. Time elapsed: 0.108956813812 s
load_trace: 0.0681028366089 s
detect_races: 0.009113073349 s
extract_traces_time: 0.00493502616882 s
find_reactive_cmds_time: 8.89301300049e-05 s
find_proactive_cmds_time: 0.0122361183167 s
find_covered_races_time: 0.0128498077393 s
per_packet_inconsistent_time: 0.00158309936523 s
find_inconsistent_update_time: -1.59740447998e-05 s
Read 201 events.
Added 190 events.
Total write operations: 3
Total read operations: 36
Processing 3 w/w combinations
30% 
Updating has_path path cache...
60% 
100% 
Processing 108 r/w combinations
10% 
20% 
30% 
40% 
50% 
60% 
70% 
80% 
90% 
100% 
Updating has_path path cache...
+-------------------------------------------+
| Total operations:      39                 |
| Total write operations: 3                 |
| Total read operations:  36                |
+-------------------------------------------+
| Total commuting races: 35                 |
| Total harmful races:   34                 |
| Total filtered races:  0                  |
| Total Time Filtered races:  35            |
| Total Time Edges:      35                 |
+-------------------------------------------+
Number of packet traces with races: 23
Number of packet inconsistencies:  0
Number of packet inconsistencies that are actually consistent (covered):  14
Number of packet inconsistencies the first race is already inconsistent:  9
Number of packet inconsistencies after trimming repeated races:  0
Number of packet inconsistent updates:  0
Number of races:  104
Number of races filtered by time:  35
Number of commuting races:  35
Number of harmful races:  19
Number of covered races:  15
Number of versions: 5
Inconsistent updates: 0
Done. Time elapsed: 0.103005886078 s
load_trace: 0.0638208389282 s
detect_races: 0.00905299186707 s
extract_traces_time: 0.00482797622681 s
find_reactive_cmds_time: 0.000105142593384 s
find_proactive_cmds_time: 0.0117559432983 s
find_covered_races_time: 0.0115909576416 s
per_packet_inconsistent_time: 0.00180602073669 s
find_inconsistent_update_time: -1.50203704834e-05 s
