Read 786 events.
Added 570 events.
Total write operations: 32
Total read operations: 159
Processing 496 w/w combinations
Updating has_path path cache...
10% 
20% 
30% 
40% 
50% 
60% 
70% 
80% 
90% 
100% 
Processing 5088 r/w combinations
10% 
20% 
30% 
40% 
50% 
60% 
70% 
80% 
90% 
100% 
Updating has_path path cache...
+-------------------------------------------+
| Total operations:      191                |
| Total write operations: 32                |
| Total read operations:  159               |
+-------------------------------------------+
| Total commuting races: 2474               |
| Total harmful races:   232                |
| Total filtered races:  0                  |
| Total Time Filtered races:  0             |
| Total Time Edges:      0                  |
+-------------------------------------------+
Number of packet traces with races: 80
Number of packet inconsistencies:  78
Number of packet inconsistencies that are actually consistent (covered):  0
Number of packet inconsistencies the first race is already inconsistent:  2
Number of packet inconsistencies after trimming repeated races:  4
Number of packet inconsistent updates:  0
Number of races:  2706
Number of races filtered by time:  0
Number of commuting races:  2474
Number of harmful races:  168
Number of covered races:  64
Number of versions: 36
Inconsistent updates: 0
Done. Time elapsed: 1.36711096764 s
load_trace: 0.8275578022 s
detect_races: 0.176872014999 s
extract_traces_time: 0.0153610706329 s
find_reactive_cmds_time: 0.00029993057251 s
find_proactive_cmds_time: 0.104150056839 s
find_covered_races_time: 0.219655990601 s
per_packet_inconsistent_time: 0.0230700969696 s
find_inconsistent_update_time: -9.70363616943e-05 s
Read 786 events.
Added 570 events.
Total write operations: 32
Total read operations: 159
Processing 496 w/w combinations
Updating has_path path cache...
10% 
20% 
30% 
40% 
50% 
60% 
70% 
80% 
90% 
100% 
Processing 5088 r/w combinations
10% 
20% 
30% 
40% 
50% 
60% 
70% 
80% 
90% 
100% 
Updating has_path path cache...
+-------------------------------------------+
| Total operations:      191                |
| Total write operations: 32                |
| Total read operations:  159               |
+-------------------------------------------+
| Total commuting races: 2474               |
| Total harmful races:   0                  |
| Total filtered races:  0                  |
| Total Time Filtered races:  232           |
| Total Time Edges:      232                |
+-------------------------------------------+
Number of packet traces with races: 0
Number of packet inconsistencies:  0
Number of packet inconsistencies that are actually consistent (covered):  0
Number of packet inconsistencies the first race is already inconsistent:  0
Number of packet inconsistencies after trimming repeated races:  0
Number of packet inconsistent updates:  0
Number of races:  2706
Number of races filtered by time:  232
Number of commuting races:  2474
Number of harmful races:  0
Number of covered races:  0
Number of versions: 36
Inconsistent updates: 0
Done. Time elapsed: 1.25132894516 s
load_trace: 0.800765037537 s
detect_races: 0.196199893951 s
extract_traces_time: 0.0500991344452 s
find_reactive_cmds_time: 0.000300884246826 s
find_proactive_cmds_time: 0.0788071155548 s
find_covered_races_time: 0.124402046204 s
per_packet_inconsistent_time: 0.000679016113281 s
find_inconsistent_update_time: -1.69277191162e-05 s
Read 786 events.
Added 570 events.
Total write operations: 32
Total read operations: 159
Processing 496 w/w combinations
Updating has_path path cache...
10% 
20% 
30% 
40% 
50% 
60% 
70% 
80% 
90% 
100% 
Processing 5088 r/w combinations
10% 
20% 
30% 
40% 
50% 
60% 
70% 
80% 
90% 
100% 
Updating has_path path cache...
+-------------------------------------------+
| Total operations:      191                |
| Total write operations: 32                |
| Total read operations:  159               |
+-------------------------------------------+
| Total commuting races: 2474               |
| Total harmful races:   13                 |
| Total filtered races:  0                  |
| Total Time Filtered races:  219           |
| Total Time Edges:      219                |
+-------------------------------------------+
Number of packet traces with races: 7
Number of packet inconsistencies:  4
Number of packet inconsistencies that are actually consistent (covered):  0
Number of packet inconsistencies the first race is already inconsistent:  3
Number of packet inconsistencies after trimming repeated races:  2
Number of packet inconsistent updates:  0
Number of races:  2706
Number of races filtered by time:  219
Number of commuting races:  2474
Number of harmful races:  13
Number of covered races:  0
Number of versions: 36
Inconsistent updates: 0
Done. Time elapsed: 1.24696993828 s
load_trace: 0.802677154541 s
detect_races: 0.190990924835 s
extract_traces_time: 0.0173778533936 s
find_reactive_cmds_time: 0.000328063964844 s
find_proactive_cmds_time: 0.102647066116 s
find_covered_races_time: 0.130800008774 s
per_packet_inconsistent_time: 0.0020740032196 s
find_inconsistent_update_time: -2.28881835938e-05 s
Read 786 events.
Added 570 events.
Total write operations: 32
Total read operations: 159
Processing 496 w/w combinations
Updating has_path path cache...
10% 
20% 
30% 
40% 
50% 
60% 
70% 
80% 
90% 
100% 
Processing 5088 r/w combinations
10% 
20% 
30% 
40% 
50% 
60% 
70% 
80% 
90% 
100% 
Updating has_path path cache...
+-------------------------------------------+
| Total operations:      191                |
| Total write operations: 32                |
| Total read operations:  159               |
+-------------------------------------------+
| Total commuting races: 2474               |
| Total harmful races:   42                 |
| Total filtered races:  0                  |
| Total Time Filtered races:  190           |
| Total Time Edges:      190                |
+-------------------------------------------+
Number of packet traces with races: 21
Number of packet inconsistencies:  16
Number of packet inconsistencies that are actually consistent (covered):  0
Number of packet inconsistencies the first race is already inconsistent:  5
Number of packet inconsistencies after trimming repeated races:  4
Number of packet inconsistent updates:  0
Number of races:  2706
Number of races filtered by time:  190
Number of commuting races:  2474
Number of harmful races:  42
Number of covered races:  0
Number of versions: 36
Inconsistent updates: 0
Done. Time elapsed: 1.24981212616 s
load_trace: 0.787733078003 s
detect_races: 0.186632871628 s
extract_traces_time: 0.0172181129456 s
find_reactive_cmds_time: 0.000319004058838 s
find_proactive_cmds_time: 0.103371858597 s
find_covered_races_time: 0.149861097336 s
per_packet_inconsistent_time: 0.00458908081055 s
find_inconsistent_update_time: -3.60012054443e-05 s
Read 786 events.
Added 570 events.
Total write operations: 32
Total read operations: 159
Processing 496 w/w combinations
Updating has_path path cache...
10% 
20% 
30% 
40% 
50% 
60% 
70% 
80% 
90% 
100% 
Processing 5088 r/w combinations
10% 
20% 
30% 
40% 
50% 
60% 
70% 
80% 
90% 
100% 
Updating has_path path cache...
+-------------------------------------------+
| Total operations:      191                |
| Total write operations: 32                |
| Total read operations:  159               |
+-------------------------------------------+
| Total commuting races: 2474               |
| Total harmful races:   64                 |
| Total filtered races:  0                  |
| Total Time Filtered races:  168           |
| Total Time Edges:      168                |
+-------------------------------------------+
Number of packet traces with races: 30
Number of packet inconsistencies:  27
Number of packet inconsistencies that are actually consistent (covered):  0
Number of packet inconsistencies the first race is already inconsistent:  3
Number of packet inconsistencies after trimming repeated races:  4
Number of packet inconsistent updates:  0
Number of races:  2706
Number of races filtered by time:  168
Number of commuting races:  2474
Number of harmful races:  64
Number of covered races:  0
Number of versions: 36
Inconsistent updates: 0
Done. Time elapsed: 1.29675316811 s
load_trace: 0.802862167358 s
detect_races: 0.186573982239 s
extract_traces_time: 0.0165719985962 s
find_reactive_cmds_time: 0.000319957733154 s
find_proactive_cmds_time: 0.104914903641 s
find_covered_races_time: 0.178619146347 s
per_packet_inconsistent_time: 0.00679588317871 s
find_inconsistent_update_time: -4.31537628174e-05 s
Read 786 events.
Added 570 events.
Total write operations: 32
Total read operations: 159
Processing 496 w/w combinations
Updating has_path path cache...
10% 
20% 
30% 
40% 
50% 
60% 
70% 
80% 
90% 
100% 
Processing 5088 r/w combinations
10% 
20% 
30% 
40% 
50% 
60% 
70% 
80% 
90% 
100% 
Updating has_path path cache...
+-------------------------------------------+
| Total operations:      191                |
| Total write operations: 32                |
| Total read operations:  159               |
+-------------------------------------------+
| Total commuting races: 2474               |
| Total harmful races:   73                 |
| Total filtered races:  0                  |
| Total Time Filtered races:  159           |
| Total Time Edges:      159                |
+-------------------------------------------+
Number of packet traces with races: 34
Number of packet inconsistencies:  32
Number of packet inconsistencies that are actually consistent (covered):  0
Number of packet inconsistencies the first race is already inconsistent:  2
Number of packet inconsistencies after trimming repeated races:  4
Number of packet inconsistent updates:  0
Number of races:  2706
Number of races filtered by time:  159
Number of commuting races:  2474
Number of harmful races:  73
Number of covered races:  0
Number of versions: 36
Inconsistent updates: 0
Done. Time elapsed: 1.31773400307 s
load_trace: 0.792813062668 s
detect_races: 0.193562030792 s
extract_traces_time: 0.0178709030151 s
find_reactive_cmds_time: 0.00032901763916 s
find_proactive_cmds_time: 0.120356082916 s
find_covered_races_time: 0.185342788696 s
per_packet_inconsistent_time: 0.00734519958496 s
find_inconsistent_update_time: -6.38961791992e-05 s
Read 786 events.
Added 570 events.
Total write operations: 32
Total read operations: 159
Processing 496 w/w combinations
Updating has_path path cache...
10% 
20% 
30% 
40% 
50% 
60% 
70% 
80% 
90% 
100% 
Processing 5088 r/w combinations
10% 
20% 
30% 
40% 
50% 
60% 
70% 
80% 
90% 
100% 
Updating has_path path cache...
+-------------------------------------------+
| Total operations:      191                |
| Total write operations: 32                |
| Total read operations:  159               |
+-------------------------------------------+
| Total commuting races: 2474               |
| Total harmful races:   95                 |
| Total filtered races:  0                  |
| Total Time Filtered races:  137           |
| Total Time Edges:      137                |
+-------------------------------------------+
Number of packet traces with races: 45
Number of packet inconsistencies:  43
Number of packet inconsistencies that are actually consistent (covered):  0
Number of packet inconsistencies the first race is already inconsistent:  2
Number of packet inconsistencies after trimming repeated races:  4
Number of packet inconsistent updates:  0
Number of races:  2706
Number of races filtered by time:  137
Number of commuting races:  2474
Number of harmful races:  95
Number of covered races:  0
Number of versions: 36
Inconsistent updates: 0
Done. Time elapsed: 1.36753511429 s
load_trace: 0.814620018005 s
detect_races: 0.186790943146 s
extract_traces_time: 0.018208026886 s
find_reactive_cmds_time: 0.000349998474121 s
find_proactive_cmds_time: 0.121191978455 s
find_covered_races_time: 0.215698003769 s
per_packet_inconsistent_time: 0.0105640888214 s
find_inconsistent_update_time: -5.79357147217e-05 s
Read 786 events.
Added 570 events.
Total write operations: 32
Total read operations: 159
Processing 496 w/w combinations
Updating has_path path cache...
10% 
20% 
30% 
40% 
50% 
60% 
70% 
80% 
90% 
100% 
Processing 5088 r/w combinations
10% 
20% 
30% 
40% 
50% 
60% 
70% 
80% 
90% 
100% 
Updating has_path path cache...
+-------------------------------------------+
| Total operations:      191                |
| Total write operations: 32                |
| Total read operations:  159               |
+-------------------------------------------+
| Total commuting races: 2474               |
| Total harmful races:   113                |
| Total filtered races:  0                  |
| Total Time Filtered races:  119           |
| Total Time Edges:      119                |
+-------------------------------------------+
Number of packet traces with races: 55
Number of packet inconsistencies:  51
Number of packet inconsistencies that are actually consistent (covered):  0
Number of packet inconsistencies the first race is already inconsistent:  4
Number of packet inconsistencies after trimming repeated races:  4
Number of packet inconsistent updates:  0
Number of races:  2706
Number of races filtered by time:  119
Number of commuting races:  2474
Number of harmful races:  113
Number of covered races:  0
Number of versions: 36
Inconsistent updates: 0
Done. Time elapsed: 1.29204201698 s
load_trace: 0.75546503067 s
detect_races: 0.192068815231 s
extract_traces_time: 0.0152189731598 s
find_reactive_cmds_time: 0.000315189361572 s
find_proactive_cmds_time: 0.102288007736 s
find_covered_races_time: 0.214788913727 s
per_packet_inconsistent_time: 0.0117890834808 s
find_inconsistent_update_time: -5.88893890381e-05 s
Read 786 events.
Added 570 events.
Total write operations: 32
Total read operations: 159
Processing 496 w/w combinations
Updating has_path path cache...
10% 
20% 
30% 
40% 
50% 
60% 
70% 
80% 
90% 
100% 
Processing 5088 r/w combinations
10% 
20% 
30% 
40% 
50% 
60% 
70% 
80% 
90% 
100% 
Updating has_path path cache...
+-------------------------------------------+
| Total operations:      191                |
| Total write operations: 32                |
| Total read operations:  159               |
+-------------------------------------------+
| Total commuting races: 2474               |
| Total harmful races:   137                |
| Total filtered races:  0                  |
| Total Time Filtered races:  95            |
| Total Time Edges:      95                 |
+-------------------------------------------+
Number of packet traces with races: 66
Number of packet inconsistencies:  64
Number of packet inconsistencies that are actually consistent (covered):  0
Number of packet inconsistencies the first race is already inconsistent:  2
Number of packet inconsistencies after trimming repeated races:  4
Number of packet inconsistent updates:  0
Number of races:  2706
Number of races filtered by time:  95
Number of commuting races:  2474
Number of harmful races:  137
Number of covered races:  0
Number of versions: 36
Inconsistent updates: 0
Done. Time elapsed: 1.34080600739 s
load_trace: 0.765655040741 s
detect_races: 0.180578947067 s
extract_traces_time: 0.0159420967102 s
find_reactive_cmds_time: 0.00031590461731 s
find_proactive_cmds_time: 0.108028173447 s
find_covered_races_time: 0.254330873489 s
per_packet_inconsistent_time: 0.0158369541168 s
find_inconsistent_update_time: -6.91413879395e-05 s
Read 786 events.
Added 570 events.
Total write operations: 32
Total read operations: 159
Processing 496 w/w combinations
Updating has_path path cache...
10% 
20% 
30% 
40% 
50% 
60% 
70% 
80% 
90% 
100% 
Processing 5088 r/w combinations
10% 
20% 
30% 
40% 
50% 
60% 
70% 
80% 
90% 
100% 
Updating has_path path cache...
+-------------------------------------------+
| Total operations:      191                |
| Total write operations: 32                |
| Total read operations:  159               |
+-------------------------------------------+
| Total commuting races: 2474               |
| Total harmful races:   150                |
| Total filtered races:  0                  |
| Total Time Filtered races:  82            |
| Total Time Edges:      82                 |
+-------------------------------------------+
Number of packet traces with races: 73
Number of packet inconsistencies:  70
Number of packet inconsistencies that are actually consistent (covered):  0
Number of packet inconsistencies the first race is already inconsistent:  3
Number of packet inconsistencies after trimming repeated races:  4
Number of packet inconsistent updates:  0
Number of races:  2706
Number of races filtered by time:  82
Number of commuting races:  2474
Number of harmful races:  150
Number of covered races:  0
Number of versions: 36
Inconsistent updates: 0
Done. Time elapsed: 1.35942602158 s
load_trace: 0.764072179794 s
detect_races: 0.189601898193 s
extract_traces_time: 0.0159640312195 s
find_reactive_cmds_time: 0.000309944152832 s
find_proactive_cmds_time: 0.108364105225 s
find_covered_races_time: 0.262708902359 s
per_packet_inconsistent_time: 0.0182831287384 s
find_inconsistent_update_time: -7.48634338379e-05 s
Read 786 events.
Added 570 events.
Total write operations: 32
Total read operations: 159
Processing 496 w/w combinations
Updating has_path path cache...
10% 
20% 
30% 
40% 
50% 
60% 
70% 
80% 
90% 
100% 
Processing 5088 r/w combinations
10% 
20% 
30% 
40% 
50% 
60% 
70% 
80% 
90% 
100% 
Updating has_path path cache...
+-------------------------------------------+
| Total operations:      191                |
| Total write operations: 32                |
| Total read operations:  159               |
+-------------------------------------------+
| Total commuting races: 2474               |
| Total harmful races:   160                |
| Total filtered races:  0                  |
| Total Time Filtered races:  72            |
| Total Time Edges:      72                 |
+-------------------------------------------+
Number of packet traces with races: 76
Number of packet inconsistencies:  74
Number of packet inconsistencies that are actually consistent (covered):  0
Number of packet inconsistencies the first race is already inconsistent:  2
Number of packet inconsistencies after trimming repeated races:  4
Number of packet inconsistent updates:  0
Number of races:  2706
Number of races filtered by time:  72
Number of commuting races:  2474
Number of harmful races:  160
Number of covered races:  0
Number of versions: 36
Inconsistent updates: 0
Done. Time elapsed: 1.50070905685 s
load_trace: 0.82979798317 s
detect_races: 0.215200185776 s
extract_traces_time: 0.0167109966278 s
find_reactive_cmds_time: 0.000396013259888 s
find_proactive_cmds_time: 0.130249023438 s
find_covered_races_time: 0.287858963013 s
per_packet_inconsistent_time: 0.0203638076782 s
find_inconsistent_update_time: -7.82012939453e-05 s
Read 786 events.
Added 570 events.
Total write operations: 32
Total read operations: 159
Processing 496 w/w combinations
Updating has_path path cache...
10% 
20% 
30% 
40% 
50% 
60% 
70% 
80% 
90% 
100% 
Processing 5088 r/w combinations
10% 
20% 
30% 
40% 
50% 
60% 
70% 
80% 
90% 
100% 
Updating has_path path cache...
+-------------------------------------------+
| Total operations:      191                |
| Total write operations: 32                |
| Total read operations:  159               |
+-------------------------------------------+
| Total commuting races: 2474               |
| Total harmful races:   173                |
| Total filtered races:  0                  |
| Total Time Filtered races:  59            |
| Total Time Edges:      59                 |
+-------------------------------------------+
Number of packet traces with races: 80
Number of packet inconsistencies:  78
Number of packet inconsistencies that are actually consistent (covered):  0
Number of packet inconsistencies the first race is already inconsistent:  2
Number of packet inconsistencies after trimming repeated races:  7
Number of packet inconsistent updates:  0
Number of races:  2706
Number of races filtered by time:  59
Number of commuting races:  2474
Number of harmful races:  168
Number of covered races:  5
Number of versions: 36
Inconsistent updates: 0
Done. Time elapsed: 1.39434719086 s
load_trace: 0.810702085495 s
detect_races: 0.185557126999 s
extract_traces_time: 0.0169599056244 s
find_reactive_cmds_time: 0.000384092330933 s
find_proactive_cmds_time: 0.114023923874 s
find_covered_races_time: 0.245965957642 s
per_packet_inconsistent_time: 0.0206170082092 s
find_inconsistent_update_time: -8.29696655273e-05 s
