Read 156 events.
Added 97 events.
Total write operations: 2
Total read operations: 43
Processing 1 w/w combinations
100% 
Updating has_path path cache...
Processing 86 r/w combinations
10% 
20% 
30% 
40% 
50% 
60% 
70% 
80% 
90% 
100% 
Updating has_path path cache...
+-------------------------------------------+
| Total operations:      45                 |
| Total write operations: 2                 |
| Total read operations:  43                |
+-------------------------------------------+
| Total commuting races: 0                  |
| Total harmful races:   85                 |
| Total filtered races:  0                  |
| Total Time Filtered races:  0             |
| Total Time Edges:      0                  |
+-------------------------------------------+
Number of packet traces with races: 43
Number of packet inconsistencies:  0
Number of packet inconsistencies that are actually consistent (covered):  42
Number of packet inconsistencies the first race is already inconsistent:  1
Number of packet inconsistencies after trimming repeated races:  0
Number of packet inconsistent updates:  0
Number of races:  85
Number of races filtered by time:  0
Number of commuting races:  0
Number of harmful races:  43
Number of covered races:  42
Number of versions: 2
Inconsistent updates: 0
Done. Time elapsed: 0.289867162704 s
load_trace: 0.143911123276 s
detect_races: 0.0120689868927 s
extract_traces_time: 0.00642800331116 s
find_reactive_cmds_time: 7.89165496826e-05 s
find_proactive_cmds_time: 0.0968599319458 s
find_covered_races_time: 0.0257580280304 s
per_packet_inconsistent_time: 0.00467205047607 s
find_inconsistent_update_time: -4.60147857666e-05 s
Read 156 events.
Added 97 events.
Total write operations: 2
Total read operations: 43
Processing 1 w/w combinations
100% 
Updating has_path path cache...
Processing 86 r/w combinations
10% 
20% 
30% 
40% 
50% 
60% 
70% 
80% 
90% 
100% 
Updating has_path path cache...
+-------------------------------------------+
| Total operations:      45                 |
| Total write operations: 2                 |
| Total read operations:  43                |
+-------------------------------------------+
| Total commuting races: 0                  |
| Total harmful races:   0                  |
| Total filtered races:  0                  |
| Total Time Filtered races:  85            |
| Total Time Edges:      85                 |
+-------------------------------------------+
Number of packet traces with races: 0
Number of packet inconsistencies:  0
Number of packet inconsistencies that are actually consistent (covered):  0
Number of packet inconsistencies the first race is already inconsistent:  0
Number of packet inconsistencies after trimming repeated races:  0
Number of packet inconsistent updates:  0
Number of races:  85
Number of races filtered by time:  85
Number of commuting races:  0
Number of harmful races:  0
Number of covered races:  0
Number of versions: 2
Inconsistent updates: 0
Done. Time elapsed: 0.201390028 s
load_trace: 0.0974028110504 s
detect_races: 0.0098340511322 s
extract_traces_time: 0.00724315643311 s
find_reactive_cmds_time: 6.29425048828e-05 s
find_proactive_cmds_time: 0.080011844635 s
find_covered_races_time: 0.00650501251221 s
per_packet_inconsistent_time: 0.000285148620605 s
find_inconsistent_update_time: -6.91413879395e-06 s
Read 156 events.
Added 97 events.
Total write operations: 2
Total read operations: 43
Processing 1 w/w combinations
100% 
Updating has_path path cache...
Processing 86 r/w combinations
10% 
20% 
30% 
40% 
50% 
60% 
70% 
80% 
90% 
100% 
Updating has_path path cache...
+-------------------------------------------+
| Total operations:      45                 |
| Total write operations: 2                 |
| Total read operations:  43                |
+-------------------------------------------+
| Total commuting races: 0                  |
| Total harmful races:   3                  |
| Total filtered races:  0                  |
| Total Time Filtered races:  82            |
| Total Time Edges:      82                 |
+-------------------------------------------+
Number of packet traces with races: 3
Number of packet inconsistencies:  0
Number of packet inconsistencies that are actually consistent (covered):  0
Number of packet inconsistencies the first race is already inconsistent:  3
Number of packet inconsistencies after trimming repeated races:  0
Number of packet inconsistent updates:  0
Number of races:  85
Number of races filtered by time:  82
Number of commuting races:  0
Number of harmful races:  3
Number of covered races:  0
Number of versions: 2
Inconsistent updates: 0
Done. Time elapsed: 0.207795143127 s
load_trace: 0.100886106491 s
detect_races: 0.0100228786469 s
extract_traces_time: 0.00579500198364 s
find_reactive_cmds_time: 7.5101852417e-05 s
find_proactive_cmds_time: 0.0834548473358 s
find_covered_races_time: 0.00699305534363 s
per_packet_inconsistent_time: 0.000524997711182 s
find_inconsistent_update_time: -1.00135803223e-05 s
Read 156 events.
Added 97 events.
Total write operations: 2
Total read operations: 43
Processing 1 w/w combinations
100% 
Updating has_path path cache...
Processing 86 r/w combinations
10% 
20% 
30% 
40% 
50% 
60% 
70% 
80% 
90% 
100% 
Updating has_path path cache...
+-------------------------------------------+
| Total operations:      45                 |
| Total write operations: 2                 |
| Total read operations:  43                |
+-------------------------------------------+
| Total commuting races: 0                  |
| Total harmful races:   8                  |
| Total filtered races:  0                  |
| Total Time Filtered races:  77            |
| Total Time Edges:      77                 |
+-------------------------------------------+
Number of packet traces with races: 8
Number of packet inconsistencies:  0
Number of packet inconsistencies that are actually consistent (covered):  0
Number of packet inconsistencies the first race is already inconsistent:  8
Number of packet inconsistencies after trimming repeated races:  0
Number of packet inconsistent updates:  0
Number of races:  85
Number of races filtered by time:  77
Number of commuting races:  0
Number of harmful races:  8
Number of covered races:  0
Number of versions: 2
Inconsistent updates: 0
Done. Time elapsed: 0.216955900192 s
load_trace: 0.106158971786 s
detect_races: 0.00980401039124 s
extract_traces_time: 0.00547099113464 s
find_reactive_cmds_time: 6.60419464111e-05 s
find_proactive_cmds_time: 0.0864949226379 s
find_covered_races_time: 0.00807404518127 s
per_packet_inconsistent_time: 0.000838994979858 s
find_inconsistent_update_time: -1.28746032715e-05 s
Read 156 events.
Added 97 events.
Total write operations: 2
Total read operations: 43
Processing 1 w/w combinations
100% 
Updating has_path path cache...
Processing 86 r/w combinations
10% 
20% 
30% 
40% 
50% 
60% 
70% 
80% 
90% 
100% 
Updating has_path path cache...
+-------------------------------------------+
| Total operations:      45                 |
| Total write operations: 2                 |
| Total read operations:  43                |
+-------------------------------------------+
| Total commuting races: 0                  |
| Total harmful races:   16                 |
| Total filtered races:  0                  |
| Total Time Filtered races:  69            |
| Total Time Edges:      69                 |
+-------------------------------------------+
Number of packet traces with races: 13
Number of packet inconsistencies:  0
Number of packet inconsistencies that are actually consistent (covered):  3
Number of packet inconsistencies the first race is already inconsistent:  10
Number of packet inconsistencies after trimming repeated races:  0
Number of packet inconsistent updates:  0
Number of races:  85
Number of races filtered by time:  69
Number of commuting races:  0
Number of harmful races:  13
Number of covered races:  3
Number of versions: 2
Inconsistent updates: 0
Done. Time elapsed: 0.208740949631 s
load_trace: 0.107549905777 s
detect_races: 0.00931286811829 s
extract_traces_time: 0.00629711151123 s
find_reactive_cmds_time: 6.89029693604e-05 s
find_proactive_cmds_time: 0.0764601230621 s
find_covered_races_time: 0.00781607627869 s
per_packet_inconsistent_time: 0.00118398666382 s
find_inconsistent_update_time: -1.50203704834e-05 s
Read 156 events.
Added 97 events.
Total write operations: 2
Total read operations: 43
Processing 1 w/w combinations
100% 
Updating has_path path cache...
Processing 86 r/w combinations
10% 
20% 
30% 
40% 
50% 
60% 
70% 
80% 
90% 
100% 
Updating has_path path cache...
+-------------------------------------------+
| Total operations:      45                 |
| Total write operations: 2                 |
| Total read operations:  43                |
+-------------------------------------------+
| Total commuting races: 0                  |
| Total harmful races:   21                 |
| Total filtered races:  0                  |
| Total Time Filtered races:  64            |
| Total Time Edges:      64                 |
+-------------------------------------------+
Number of packet traces with races: 14
Number of packet inconsistencies:  0
Number of packet inconsistencies that are actually consistent (covered):  7
Number of packet inconsistencies the first race is already inconsistent:  7
Number of packet inconsistencies after trimming repeated races:  0
Number of packet inconsistent updates:  0
Number of races:  85
Number of races filtered by time:  64
Number of commuting races:  0
Number of harmful races:  14
Number of covered races:  7
Number of versions: 2
Inconsistent updates: 0
Done. Time elapsed: 0.199531078339 s
load_trace: 0.0941300392151 s
detect_races: 0.00896096229553 s
extract_traces_time: 0.00639605522156 s
find_reactive_cmds_time: 6.19888305664e-05 s
find_proactive_cmds_time: 0.0779459476471 s
find_covered_races_time: 0.01060795784 s
per_packet_inconsistent_time: 0.0013701915741 s
find_inconsistent_update_time: -1.69277191162e-05 s
Read 156 events.
Added 97 events.
Total write operations: 2
Total read operations: 43
Processing 1 w/w combinations
100% 
Updating has_path path cache...
Processing 86 r/w combinations
10% 
20% 
30% 
40% 
50% 
60% 
70% 
80% 
90% 
100% 
Updating has_path path cache...
+-------------------------------------------+
| Total operations:      45                 |
| Total write operations: 2                 |
| Total read operations:  43                |
+-------------------------------------------+
| Total commuting races: 0                  |
| Total harmful races:   28                 |
| Total filtered races:  0                  |
| Total Time Filtered races:  57            |
| Total Time Edges:      57                 |
+-------------------------------------------+
Number of packet traces with races: 16
Number of packet inconsistencies:  0
Number of packet inconsistencies that are actually consistent (covered):  12
Number of packet inconsistencies the first race is already inconsistent:  4
Number of packet inconsistencies after trimming repeated races:  0
Number of packet inconsistent updates:  0
Number of races:  85
Number of races filtered by time:  57
Number of commuting races:  0
Number of harmful races:  16
Number of covered races:  12
Number of versions: 2
Inconsistent updates: 0
Done. Time elapsed: 0.192007064819 s
load_trace: 0.0938611030579 s
detect_races: 0.00850987434387 s
extract_traces_time: 0.00511717796326 s
find_reactive_cmds_time: 6.38961791992e-05 s
find_proactive_cmds_time: 0.073744058609 s
find_covered_races_time: 0.0090639591217 s
per_packet_inconsistent_time: 0.0015869140625 s
find_inconsistent_update_time: -2.00271606445e-05 s
Read 156 events.
Added 97 events.
Total write operations: 2
Total read operations: 43
Processing 1 w/w combinations
100% 
Updating has_path path cache...
Processing 86 r/w combinations
10% 
20% 
30% 
40% 
50% 
60% 
70% 
80% 
90% 
100% 
Updating has_path path cache...
+-------------------------------------------+
| Total operations:      45                 |
| Total write operations: 2                 |
| Total read operations:  43                |
+-------------------------------------------+
| Total commuting races: 0                  |
| Total harmful races:   31                 |
| Total filtered races:  0                  |
| Total Time Filtered races:  54            |
| Total Time Edges:      54                 |
+-------------------------------------------+
Number of packet traces with races: 18
Number of packet inconsistencies:  0
Number of packet inconsistencies that are actually consistent (covered):  13
Number of packet inconsistencies the first race is already inconsistent:  5
Number of packet inconsistencies after trimming repeated races:  0
Number of packet inconsistent updates:  0
Number of races:  85
Number of races filtered by time:  54
Number of commuting races:  0
Number of harmful races:  18
Number of covered races:  13
Number of versions: 2
Inconsistent updates: 0
Done. Time elapsed: 0.197635889053 s
load_trace: 0.0961799621582 s
detect_races: 0.00952005386353 s
extract_traces_time: 0.00519990921021 s
find_reactive_cmds_time: 6.79492950439e-05 s
find_proactive_cmds_time: 0.0740070343018 s
find_covered_races_time: 0.0108659267426 s
per_packet_inconsistent_time: 0.00173807144165 s
find_inconsistent_update_time: -2.00271606445e-05 s
Read 156 events.
Added 97 events.
Total write operations: 2
Total read operations: 43
Processing 1 w/w combinations
100% 
Updating has_path path cache...
Processing 86 r/w combinations
10% 
20% 
30% 
40% 
50% 
60% 
70% 
80% 
90% 
100% 
Updating has_path path cache...
+-------------------------------------------+
| Total operations:      45                 |
| Total write operations: 2                 |
| Total read operations:  43                |
+-------------------------------------------+
| Total commuting races: 0                  |
| Total harmful races:   39                 |
| Total filtered races:  0                  |
| Total Time Filtered races:  46            |
| Total Time Edges:      46                 |
+-------------------------------------------+
Number of packet traces with races: 24
Number of packet inconsistencies:  0
Number of packet inconsistencies that are actually consistent (covered):  15
Number of packet inconsistencies the first race is already inconsistent:  9
Number of packet inconsistencies after trimming repeated races:  0
Number of packet inconsistent updates:  0
Number of races:  85
Number of races filtered by time:  46
Number of commuting races:  0
Number of harmful races:  24
Number of covered races:  15
Number of versions: 2
Inconsistent updates: 0
Done. Time elapsed: 0.197078943253 s
load_trace: 0.0937030315399 s
detect_races: 0.00837397575378 s
extract_traces_time: 0.00502896308899 s
find_reactive_cmds_time: 6.00814819336e-05 s
find_proactive_cmds_time: 0.0755970478058 s
find_covered_races_time: 0.0121138095856 s
per_packet_inconsistent_time: 0.00214004516602 s
find_inconsistent_update_time: -2.50339508057e-05 s
Read 156 events.
Added 97 events.
Total write operations: 2
Total read operations: 43
Processing 1 w/w combinations
100% 
Updating has_path path cache...
Processing 86 r/w combinations
10% 
20% 
30% 
40% 
50% 
60% 
70% 
80% 
90% 
100% 
Updating has_path path cache...
+-------------------------------------------+
| Total operations:      45                 |
| Total write operations: 2                 |
| Total read operations:  43                |
+-------------------------------------------+
| Total commuting races: 0                  |
| Total harmful races:   43                 |
| Total filtered races:  0                  |
| Total Time Filtered races:  42            |
| Total Time Edges:      42                 |
+-------------------------------------------+
Number of packet traces with races: 26
Number of packet inconsistencies:  0
Number of packet inconsistencies that are actually consistent (covered):  17
Number of packet inconsistencies the first race is already inconsistent:  9
Number of packet inconsistencies after trimming repeated races:  0
Number of packet inconsistent updates:  0
Number of races:  85
Number of races filtered by time:  42
Number of commuting races:  0
Number of harmful races:  26
Number of covered races:  17
Number of versions: 2
Inconsistent updates: 0
Done. Time elapsed: 0.198358058929 s
load_trace: 0.0961391925812 s
detect_races: 0.00859379768372 s
extract_traces_time: 0.00525498390198 s
find_reactive_cmds_time: 6.31809234619e-05 s
find_proactive_cmds_time: 0.0731019973755 s
find_covered_races_time: 0.0127689838409 s
per_packet_inconsistent_time: 0.00237083435059 s
find_inconsistent_update_time: -2.71797180176e-05 s
Read 156 events.
Added 97 events.
Total write operations: 2
Total read operations: 43
Processing 1 w/w combinations
100% 
Updating has_path path cache...
Processing 86 r/w combinations
10% 
20% 
30% 
40% 
50% 
60% 
70% 
80% 
90% 
100% 
Updating has_path path cache...
+-------------------------------------------+
| Total operations:      45                 |
| Total write operations: 2                 |
| Total read operations:  43                |
+-------------------------------------------+
| Total commuting races: 0                  |
| Total harmful races:   54                 |
| Total filtered races:  0                  |
| Total Time Filtered races:  31            |
| Total Time Edges:      31                 |
+-------------------------------------------+
Number of packet traces with races: 31
Number of packet inconsistencies:  0
Number of packet inconsistencies that are actually consistent (covered):  23
Number of packet inconsistencies the first race is already inconsistent:  8
Number of packet inconsistencies after trimming repeated races:  0
Number of packet inconsistent updates:  0
Number of races:  85
Number of races filtered by time:  31
Number of commuting races:  0
Number of harmful races:  31
Number of covered races:  23
Number of versions: 2
Inconsistent updates: 0
Done. Time elapsed: 0.201839923859 s
load_trace: 0.0963189601898 s
detect_races: 0.00851702690125 s
extract_traces_time: 0.0055148601532 s
find_reactive_cmds_time: 5.91278076172e-05 s
find_proactive_cmds_time: 0.0727660655975 s
find_covered_races_time: 0.0155007839203 s
per_packet_inconsistent_time: 0.00282001495361 s
find_inconsistent_update_time: -0.000307083129883 s
Read 156 events.
Added 97 events.
Total write operations: 2
Total read operations: 43
Processing 1 w/w combinations
100% 
Updating has_path path cache...
Processing 86 r/w combinations
10% 
20% 
30% 
40% 
50% 
60% 
70% 
80% 
90% 
100% 
Updating has_path path cache...
+-------------------------------------------+
| Total operations:      45                 |
| Total write operations: 2                 |
| Total read operations:  43                |
+-------------------------------------------+
| Total commuting races: 0                  |
| Total harmful races:   58                 |
| Total filtered races:  0                  |
| Total Time Filtered races:  27            |
| Total Time Edges:      27                 |
+-------------------------------------------+
Number of packet traces with races: 33
Number of packet inconsistencies:  0
Number of packet inconsistencies that are actually consistent (covered):  25
Number of packet inconsistencies the first race is already inconsistent:  8
Number of packet inconsistencies after trimming repeated races:  0
Number of packet inconsistent updates:  0
Number of races:  85
Number of races filtered by time:  27
Number of commuting races:  0
Number of harmful races:  33
Number of covered races:  25
Number of versions: 2
Inconsistent updates: 0
Done. Time elapsed: 0.203101873398 s
load_trace: 0.0947999954224 s
detect_races: 0.0087149143219 s
extract_traces_time: 0.00547218322754 s
find_reactive_cmds_time: 5.98430633545e-05 s
find_proactive_cmds_time: 0.0737891197205 s
find_covered_races_time: 0.016765832901 s
per_packet_inconsistent_time: 0.00342917442322 s
find_inconsistent_update_time: -3.19480895996e-05 s
