Read 156 events.
Added 97 events.
Total write operations: 2
Total read operations: 43
Processing 1 w/w combinations
100% 
Updating has_path path cache...
Processing 86 r/w combinations
10% 
20% 
30% 
40% 
50% 
60% 
70% 
80% 
90% 
100% 
Updating has_path path cache...
+-------------------------------------------+
| Total operations:      45                 |
| Total write operations: 2                 |
| Total read operations:  43                |
+-------------------------------------------+
| Total commuting races: 0                  |
| Total harmful races:   85                 |
| Total filtered races:  0                  |
| Total Time Filtered races:  0             |
| Total Time Edges:      0                  |
+-------------------------------------------+
Number of packet traces with races: 43
Number of packet inconsistencies:  0
Number of packet inconsistencies that are actually consistent (covered):  42
Number of packet inconsistencies the first race is already inconsistent:  1
Number of packet inconsistencies after trimming repeated races:  0
Number of packet inconsistent updates:  0
Number of races:  85
Number of races filtered by time:  0
Number of commuting races:  0
Number of harmful races:  43
Number of covered races:  42
Number of versions: 2
Inconsistent updates: 0
Done. Time elapsed: 0.488407850266 s
load_trace: 0.25665307045 s
detect_races: 0.0261869430542 s
extract_traces_time: 0.0146210193634 s
find_reactive_cmds_time: 0.000144004821777 s
find_proactive_cmds_time: 0.135035991669 s
find_covered_races_time: 0.0477750301361 s
per_packet_inconsistent_time: 0.00787496566772 s
find_inconsistent_update_time: -5.88893890381e-05 s
Read 156 events.
Added 97 events.
Total write operations: 2
Total read operations: 43
Processing 1 w/w combinations
100% 
Updating has_path path cache...
Processing 86 r/w combinations
10% 
20% 
30% 
40% 
50% 
60% 
70% 
80% 
90% 
100% 
Updating has_path path cache...
+-------------------------------------------+
| Total operations:      45                 |
| Total write operations: 2                 |
| Total read operations:  43                |
+-------------------------------------------+
| Total commuting races: 0                  |
| Total harmful races:   0                  |
| Total filtered races:  0                  |
| Total Time Filtered races:  85            |
| Total Time Edges:      85                 |
+-------------------------------------------+
Number of packet traces with races: 0
Number of packet inconsistencies:  0
Number of packet inconsistencies that are actually consistent (covered):  0
Number of packet inconsistencies the first race is already inconsistent:  0
Number of packet inconsistencies after trimming repeated races:  0
Number of packet inconsistent updates:  0
Number of races:  85
Number of races filtered by time:  85
Number of commuting races:  0
Number of harmful races:  0
Number of covered races:  0
Number of versions: 2
Inconsistent updates: 0
Done. Time elapsed: 0.493669986725 s
load_trace: 0.255893945694 s
detect_races: 0.0293920040131 s
extract_traces_time: 0.0158200263977 s
find_reactive_cmds_time: 0.000164031982422 s
find_proactive_cmds_time: 0.166314840317 s
find_covered_races_time: 0.0249540805817 s
per_packet_inconsistent_time: 0.00100803375244 s
find_inconsistent_update_time: -2.00271606445e-05 s
Read 156 events.
Added 97 events.
Total write operations: 2
Total read operations: 43
Processing 1 w/w combinations
100% 
Updating has_path path cache...
Processing 86 r/w combinations
10% 
20% 
30% 
40% 
50% 
60% 
70% 
80% 
90% 
100% 
Updating has_path path cache...
+-------------------------------------------+
| Total operations:      45                 |
| Total write operations: 2                 |
| Total read operations:  43                |
+-------------------------------------------+
| Total commuting races: 0                  |
| Total harmful races:   3                  |
| Total filtered races:  0                  |
| Total Time Filtered races:  82            |
| Total Time Edges:      82                 |
+-------------------------------------------+
Number of packet traces with races: 3
Number of packet inconsistencies:  0
Number of packet inconsistencies that are actually consistent (covered):  0
Number of packet inconsistencies the first race is already inconsistent:  3
Number of packet inconsistencies after trimming repeated races:  0
Number of packet inconsistent updates:  0
Number of races:  85
Number of races filtered by time:  82
Number of commuting races:  0
Number of harmful races:  3
Number of covered races:  0
Number of versions: 2
Inconsistent updates: 0
Done. Time elapsed: 0.294103860855 s
load_trace: 0.14918589592 s
detect_races: 0.0148360729218 s
extract_traces_time: 0.00963091850281 s
find_reactive_cmds_time: 0.000105142593384 s
find_proactive_cmds_time: 0.105496883392 s
find_covered_races_time: 0.0137779712677 s
per_packet_inconsistent_time: 0.000999927520752 s
find_inconsistent_update_time: -1.50203704834e-05 s
Read 156 events.
Added 97 events.
Total write operations: 2
Total read operations: 43
Processing 1 w/w combinations
100% 
Updating has_path path cache...
Processing 86 r/w combinations
10% 
20% 
30% 
40% 
50% 
60% 
70% 
80% 
90% 
100% 
Updating has_path path cache...
+-------------------------------------------+
| Total operations:      45                 |
| Total write operations: 2                 |
| Total read operations:  43                |
+-------------------------------------------+
| Total commuting races: 0                  |
| Total harmful races:   8                  |
| Total filtered races:  0                  |
| Total Time Filtered races:  77            |
| Total Time Edges:      77                 |
+-------------------------------------------+
Number of packet traces with races: 8
Number of packet inconsistencies:  0
Number of packet inconsistencies that are actually consistent (covered):  0
Number of packet inconsistencies the first race is already inconsistent:  8
Number of packet inconsistencies after trimming repeated races:  0
Number of packet inconsistent updates:  0
Number of races:  85
Number of races filtered by time:  77
Number of commuting races:  0
Number of harmful races:  8
Number of covered races:  0
Number of versions: 2
Inconsistent updates: 0
Done. Time elapsed: 0.293087005615 s
load_trace: 0.146113872528 s
detect_races: 0.0149631500244 s
extract_traces_time: 0.00917100906372 s
find_reactive_cmds_time: 0.000104904174805 s
find_proactive_cmds_time: 0.105975866318 s
find_covered_races_time: 0.014986038208 s
per_packet_inconsistent_time: 0.00169610977173 s
find_inconsistent_update_time: -1.90734863281e-05 s
Read 156 events.
Added 97 events.
Total write operations: 2
Total read operations: 43
Processing 1 w/w combinations
100% 
Updating has_path path cache...
Processing 86 r/w combinations
10% 
20% 
30% 
40% 
50% 
60% 
70% 
80% 
90% 
100% 
Updating has_path path cache...
+-------------------------------------------+
| Total operations:      45                 |
| Total write operations: 2                 |
| Total read operations:  43                |
+-------------------------------------------+
| Total commuting races: 0                  |
| Total harmful races:   16                 |
| Total filtered races:  0                  |
| Total Time Filtered races:  69            |
| Total Time Edges:      69                 |
+-------------------------------------------+
Number of packet traces with races: 13
Number of packet inconsistencies:  0
Number of packet inconsistencies that are actually consistent (covered):  3
Number of packet inconsistencies the first race is already inconsistent:  10
Number of packet inconsistencies after trimming repeated races:  0
Number of packet inconsistent updates:  0
Number of races:  85
Number of races filtered by time:  69
Number of commuting races:  0
Number of harmful races:  13
Number of covered races:  3
Number of versions: 2
Inconsistent updates: 0
Done. Time elapsed: 0.312714099884 s
load_trace: 0.14906001091 s
detect_races: 0.0173599720001 s
extract_traces_time: 0.0105421543121 s
find_reactive_cmds_time: 0.000147819519043 s
find_proactive_cmds_time: 0.112815141678 s
find_covered_races_time: 0.0203728675842 s
per_packet_inconsistent_time: 0.00234007835388 s
find_inconsistent_update_time: -2.19345092773e-05 s
Read 156 events.
Added 97 events.
Total write operations: 2
Total read operations: 43
Processing 1 w/w combinations
100% 
Updating has_path path cache...
Processing 86 r/w combinations
10% 
20% 
30% 
40% 
50% 
60% 
70% 
80% 
90% 
100% 
Updating has_path path cache...
+-------------------------------------------+
| Total operations:      45                 |
| Total write operations: 2                 |
| Total read operations:  43                |
+-------------------------------------------+
| Total commuting races: 0                  |
| Total harmful races:   21                 |
| Total filtered races:  0                  |
| Total Time Filtered races:  64            |
| Total Time Edges:      64                 |
+-------------------------------------------+
Number of packet traces with races: 14
Number of packet inconsistencies:  0
Number of packet inconsistencies that are actually consistent (covered):  7
Number of packet inconsistencies the first race is already inconsistent:  7
Number of packet inconsistencies after trimming repeated races:  0
Number of packet inconsistent updates:  0
Number of races:  85
Number of races filtered by time:  64
Number of commuting races:  0
Number of harmful races:  14
Number of covered races:  7
Number of versions: 2
Inconsistent updates: 0
Done. Time elapsed: 0.385699033737 s
load_trace: 0.197608947754 s
detect_races: 0.0281820297241 s
extract_traces_time: 0.0140900611877 s
find_reactive_cmds_time: 0.000150918960571 s
find_proactive_cmds_time: 0.12456202507 s
find_covered_races_time: 0.0184240341187 s
per_packet_inconsistent_time: 0.00260186195374 s
find_inconsistent_update_time: -2.50339508057e-05 s
Read 156 events.
Added 97 events.
Total write operations: 2
Total read operations: 43
Processing 1 w/w combinations
100% 
Updating has_path path cache...
Processing 86 r/w combinations
10% 
20% 
30% 
40% 
50% 
60% 
70% 
80% 
90% 
100% 
Updating has_path path cache...
+-------------------------------------------+
| Total operations:      45                 |
| Total write operations: 2                 |
| Total read operations:  43                |
+-------------------------------------------+
| Total commuting races: 0                  |
| Total harmful races:   28                 |
| Total filtered races:  0                  |
| Total Time Filtered races:  57            |
| Total Time Edges:      57                 |
+-------------------------------------------+
Number of packet traces with races: 16
Number of packet inconsistencies:  0
Number of packet inconsistencies that are actually consistent (covered):  12
Number of packet inconsistencies the first race is already inconsistent:  4
Number of packet inconsistencies after trimming repeated races:  0
Number of packet inconsistent updates:  0
Number of races:  85
Number of races filtered by time:  57
Number of commuting races:  0
Number of harmful races:  16
Number of covered races:  12
Number of versions: 2
Inconsistent updates: 0
Done. Time elapsed: 0.305055141449 s
load_trace: 0.149460077286 s
detect_races: 0.0152640342712 s
extract_traces_time: 0.00927686691284 s
find_reactive_cmds_time: 9.91821289062e-05 s
find_proactive_cmds_time: 0.107852935791 s
find_covered_races_time: 0.019800901413 s
per_packet_inconsistent_time: 0.0032160282135 s
find_inconsistent_update_time: -2.8133392334e-05 s
Read 156 events.
Added 97 events.
Total write operations: 2
Total read operations: 43
Processing 1 w/w combinations
100% 
Updating has_path path cache...
Processing 86 r/w combinations
10% 
20% 
30% 
40% 
50% 
60% 
70% 
80% 
90% 
100% 
Updating has_path path cache...
+-------------------------------------------+
| Total operations:      45                 |
| Total write operations: 2                 |
| Total read operations:  43                |
+-------------------------------------------+
| Total commuting races: 0                  |
| Total harmful races:   31                 |
| Total filtered races:  0                  |
| Total Time Filtered races:  54            |
| Total Time Edges:      54                 |
+-------------------------------------------+
Number of packet traces with races: 18
Number of packet inconsistencies:  0
Number of packet inconsistencies that are actually consistent (covered):  13
Number of packet inconsistencies the first race is already inconsistent:  5
Number of packet inconsistencies after trimming repeated races:  0
Number of packet inconsistent updates:  0
Number of races:  85
Number of races filtered by time:  54
Number of commuting races:  0
Number of harmful races:  18
Number of covered races:  13
Number of versions: 2
Inconsistent updates: 0
Done. Time elapsed: 0.311011791229 s
load_trace: 0.153432846069 s
detect_races: 0.0151720046997 s
extract_traces_time: 0.00896000862122 s
find_reactive_cmds_time: 9.60826873779e-05 s
find_proactive_cmds_time: 0.108335971832 s
find_covered_races_time: 0.0216319561005 s
per_packet_inconsistent_time: 0.0032970905304 s
find_inconsistent_update_time: -2.88486480713e-05 s
Read 156 events.
Added 97 events.
Total write operations: 2
Total read operations: 43
Processing 1 w/w combinations
100% 
Updating has_path path cache...
Processing 86 r/w combinations
10% 
20% 
30% 
40% 
50% 
60% 
70% 
80% 
90% 
100% 
Updating has_path path cache...
+-------------------------------------------+
| Total operations:      45                 |
| Total write operations: 2                 |
| Total read operations:  43                |
+-------------------------------------------+
| Total commuting races: 0                  |
| Total harmful races:   39                 |
| Total filtered races:  0                  |
| Total Time Filtered races:  46            |
| Total Time Edges:      46                 |
+-------------------------------------------+
Number of packet traces with races: 24
Number of packet inconsistencies:  0
Number of packet inconsistencies that are actually consistent (covered):  15
Number of packet inconsistencies the first race is already inconsistent:  9
Number of packet inconsistencies after trimming repeated races:  0
Number of packet inconsistent updates:  0
Number of races:  85
Number of races filtered by time:  46
Number of commuting races:  0
Number of harmful races:  24
Number of covered races:  15
Number of versions: 2
Inconsistent updates: 0
Done. Time elapsed: 0.516080141068 s
load_trace: 0.251910209656 s
detect_races: 0.0276079177856 s
extract_traces_time: 0.0148420333862 s
find_reactive_cmds_time: 0.000169038772583 s
find_proactive_cmds_time: 0.167047977448 s
find_covered_races_time: 0.0466458797455 s
per_packet_inconsistent_time: 0.0077109336853 s
find_inconsistent_update_time: -6.22272491455e-05 s
Read 156 events.
Added 97 events.
Total write operations: 2
Total read operations: 43
Processing 1 w/w combinations
100% 
Updating has_path path cache...
Processing 86 r/w combinations
10% 
20% 
30% 
40% 
50% 
60% 
70% 
80% 
90% 
100% 
Updating has_path path cache...
+-------------------------------------------+
| Total operations:      45                 |
| Total write operations: 2                 |
| Total read operations:  43                |
+-------------------------------------------+
| Total commuting races: 0                  |
| Total harmful races:   43                 |
| Total filtered races:  0                  |
| Total Time Filtered races:  42            |
| Total Time Edges:      42                 |
+-------------------------------------------+
Number of packet traces with races: 26
Number of packet inconsistencies:  0
Number of packet inconsistencies that are actually consistent (covered):  17
Number of packet inconsistencies the first race is already inconsistent:  9
Number of packet inconsistencies after trimming repeated races:  0
Number of packet inconsistent updates:  0
Number of races:  85
Number of races filtered by time:  42
Number of commuting races:  0
Number of harmful races:  26
Number of covered races:  17
Number of versions: 2
Inconsistent updates: 0
Done. Time elapsed: 0.309998035431 s
load_trace: 0.146152019501 s
detect_races: 0.0146090984344 s
extract_traces_time: 0.00899887084961 s
find_reactive_cmds_time: 9.79900360107e-05 s
find_proactive_cmds_time: 0.107315063477 s
find_covered_races_time: 0.0280890464783 s
per_packet_inconsistent_time: 0.00464200973511 s
find_inconsistent_update_time: -3.79085540771e-05 s
Read 156 events.
Added 97 events.
Total write operations: 2
Total read operations: 43
Processing 1 w/w combinations
100% 
Updating has_path path cache...
Processing 86 r/w combinations
10% 
20% 
30% 
40% 
50% 
60% 
70% 
80% 
90% 
100% 
Updating has_path path cache...
+-------------------------------------------+
| Total operations:      45                 |
| Total write operations: 2                 |
| Total read operations:  43                |
+-------------------------------------------+
| Total commuting races: 0                  |
| Total harmful races:   54                 |
| Total filtered races:  0                  |
| Total Time Filtered races:  31            |
| Total Time Edges:      31                 |
+-------------------------------------------+
Number of packet traces with races: 31
Number of packet inconsistencies:  0
Number of packet inconsistencies that are actually consistent (covered):  23
Number of packet inconsistencies the first race is already inconsistent:  8
Number of packet inconsistencies after trimming repeated races:  0
Number of packet inconsistent updates:  0
Number of races:  85
Number of races filtered by time:  31
Number of commuting races:  0
Number of harmful races:  31
Number of covered races:  23
Number of versions: 2
Inconsistent updates: 0
Done. Time elapsed: 0.332817077637 s
load_trace: 0.164762020111 s
detect_races: 0.0144970417023 s
extract_traces_time: 0.00871586799622 s
find_reactive_cmds_time: 9.89437103271e-05 s
find_proactive_cmds_time: 0.106656074524 s
find_covered_races_time: 0.0322000980377 s
per_packet_inconsistent_time: 0.00578188896179 s
find_inconsistent_update_time: -4.6968460083e-05 s
Read 156 events.
Added 97 events.
Total write operations: 2
Total read operations: 43
Processing 1 w/w combinations
100% 
Updating has_path path cache...
Processing 86 r/w combinations
10% 
20% 
30% 
40% 
50% 
60% 
70% 
80% 
90% 
100% 
Updating has_path path cache...
+-------------------------------------------+
| Total operations:      45                 |
| Total write operations: 2                 |
| Total read operations:  43                |
+-------------------------------------------+
| Total commuting races: 0                  |
| Total harmful races:   58                 |
| Total filtered races:  0                  |
| Total Time Filtered races:  27            |
| Total Time Edges:      27                 |
+-------------------------------------------+
Number of packet traces with races: 33
Number of packet inconsistencies:  0
Number of packet inconsistencies that are actually consistent (covered):  25
Number of packet inconsistencies the first race is already inconsistent:  8
Number of packet inconsistencies after trimming repeated races:  0
Number of packet inconsistent updates:  0
Number of races:  85
Number of races filtered by time:  27
Number of commuting races:  0
Number of harmful races:  33
Number of covered races:  25
Number of versions: 2
Inconsistent updates: 0
Done. Time elapsed: 0.33008980751 s
load_trace: 0.157632827759 s
detect_races: 0.0141501426697 s
extract_traces_time: 0.00920581817627 s
find_reactive_cmds_time: 0.000101089477539 s
find_proactive_cmds_time: 0.109831094742 s
find_covered_races_time: 0.0335187911987 s
per_packet_inconsistent_time: 0.00554800033569 s
find_inconsistent_update_time: -4.50611114502e-05 s
