Read 200 events.
Added 193 events.
Total write operations: 7
Total read operations: 42
Processing 21 w/w combinations
Updating has_path path cache...
10% 
20% 
30% 
40% 
50% 
60% 
70% 
80% 
90% 
100% 
Processing 294 r/w combinations
10% 
20% 
30% 
40% 
50% 
60% 
70% 
80% 
90% 
100% 
Updating has_path path cache...
+-------------------------------------------+
| Total operations:      49                 |
| Total write operations: 7                 |
| Total read operations:  42                |
+-------------------------------------------+
| Total commuting races: 218                |
| Total harmful races:   76                 |
| Total filtered races:  0                  |
| Total Time Filtered races:  0             |
| Total Time Edges:      0                  |
+-------------------------------------------+
Number of packet traces with races: 40
Number of packet inconsistencies:  0
Number of packet inconsistencies that are actually consistent (covered):  36
Number of packet inconsistencies the first race is already inconsistent:  4
Number of packet inconsistencies after trimming repeated races:  0
Number of packet inconsistent updates:  0
Number of races:  294
Number of races filtered by time:  0
Number of commuting races:  218
Number of harmful races:  40
Number of covered races:  36
Number of versions: 7
Inconsistent updates: 0
Done. Time elapsed: 0.335993051529 s
load_trace: 0.195993900299 s
detect_races: 0.0240001678467 s
extract_traces_time: 0.00799894332886 s
find_reactive_cmds_time: 0.0 s
find_proactive_cmds_time: 0.0880100727081 s
find_covered_races_time: 0.015989780426 s
per_packet_inconsistent_time: 0.00400018692017 s
find_inconsistent_update_time: 0.0 s
Read 200 events.
Added 193 events.
Total write operations: 7
Total read operations: 42
Processing 21 w/w combinations
Updating has_path path cache...
10% 
20% 
30% 
40% 
50% 
60% 
70% 
80% 
90% 
100% 
Processing 294 r/w combinations
10% 
20% 
30% 
40% 
50% 
60% 
70% 
80% 
90% 
100% 
Updating has_path path cache...
+-------------------------------------------+
| Total operations:      49                 |
| Total write operations: 7                 |
| Total read operations:  42                |
+-------------------------------------------+
| Total commuting races: 218                |
| Total harmful races:   0                  |
| Total filtered races:  0                  |
| Total Time Filtered races:  76            |
| Total Time Edges:      76                 |
+-------------------------------------------+
Number of packet traces with races: 0
Number of packet inconsistencies:  0
Number of packet inconsistencies that are actually consistent (covered):  0
Number of packet inconsistencies the first race is already inconsistent:  0
Number of packet inconsistencies after trimming repeated races:  0
Number of packet inconsistent updates:  0
Number of races:  294
Number of races filtered by time:  76
Number of commuting races:  218
Number of harmful races:  0
Number of covered races:  0
Number of versions: 7
Inconsistent updates: 0
Done. Time elapsed: 0.332000017166 s
load_trace: 0.212239980698 s
detect_races: 0.0277540683746 s
extract_traces_time: 0.00908613204956 s
find_reactive_cmds_time: 0.0 s
find_proactive_cmds_time: 0.0789458751678 s
find_covered_races_time: 0.00397396087646 s
per_packet_inconsistent_time: 0.0 s
find_inconsistent_update_time: 0.0 s
Read 200 events.
Added 193 events.
Total write operations: 7
Total read operations: 42
Processing 21 w/w combinations
Updating has_path path cache...
10% 
20% 
30% 
40% 
50% 
60% 
70% 
80% 
90% 
100% 
Processing 294 r/w combinations
10% 
20% 
30% 
40% 
50% 
60% 
70% 
80% 
90% 
100% 
Updating has_path path cache...
+-------------------------------------------+
| Total operations:      49                 |
| Total write operations: 7                 |
| Total read operations:  42                |
+-------------------------------------------+
| Total commuting races: 218                |
| Total harmful races:   2                  |
| Total filtered races:  0                  |
| Total Time Filtered races:  74            |
| Total Time Edges:      74                 |
+-------------------------------------------+
Number of packet traces with races: 2
Number of packet inconsistencies:  0
Number of packet inconsistencies that are actually consistent (covered):  0
Number of packet inconsistencies the first race is already inconsistent:  2
Number of packet inconsistencies after trimming repeated races:  0
Number of packet inconsistent updates:  0
Number of races:  294
Number of races filtered by time:  74
Number of commuting races:  218
Number of harmful races:  2
Number of covered races:  0
Number of versions: 7
Inconsistent updates: 0
Done. Time elapsed: 0.285052061081 s
load_trace: 0.169823884964 s
detect_races: 0.0250661373138 s
extract_traces_time: 0.00891900062561 s
find_reactive_cmds_time: 0.000195026397705 s
find_proactive_cmds_time: 0.0738549232483 s
find_covered_races_time: 0.00666999816895 s
per_packet_inconsistent_time: 0.000478029251099 s
find_inconsistent_update_time: -1.09672546387e-05 s
Read 200 events.
Added 193 events.
Total write operations: 7
Total read operations: 42
Processing 21 w/w combinations
Updating has_path path cache...
10% 
20% 
30% 
40% 
50% 
60% 
70% 
80% 
90% 
100% 
Processing 294 r/w combinations
10% 
20% 
30% 
40% 
50% 
60% 
70% 
80% 
90% 
100% 
Updating has_path path cache...
+-------------------------------------------+
| Total operations:      49                 |
| Total write operations: 7                 |
| Total read operations:  42                |
+-------------------------------------------+
| Total commuting races: 218                |
| Total harmful races:   10                 |
| Total filtered races:  0                  |
| Total Time Filtered races:  66            |
| Total Time Edges:      66                 |
+-------------------------------------------+
Number of packet traces with races: 10
Number of packet inconsistencies:  0
Number of packet inconsistencies that are actually consistent (covered):  0
Number of packet inconsistencies the first race is already inconsistent:  10
Number of packet inconsistencies after trimming repeated races:  0
Number of packet inconsistent updates:  0
Number of races:  294
Number of races filtered by time:  66
Number of commuting races:  218
Number of harmful races:  10
Number of covered races:  0
Number of versions: 7
Inconsistent updates: 0
Done. Time elapsed: 0.281284093857 s
load_trace: 0.166561126709 s
detect_races: 0.0250840187073 s
extract_traces_time: 0.00744986534119 s
find_reactive_cmds_time: 0.0002121925354 s
find_proactive_cmds_time: 0.0739629268646 s
find_covered_races_time: 0.00692200660706 s
per_packet_inconsistent_time: 0.00104188919067 s
find_inconsistent_update_time: -1.4066696167e-05 s
Read 200 events.
Added 193 events.
Total write operations: 7
Total read operations: 42
Processing 21 w/w combinations
Updating has_path path cache...
10% 
20% 
30% 
40% 
50% 
60% 
70% 
80% 
90% 
100% 
Processing 294 r/w combinations
10% 
20% 
30% 
40% 
50% 
60% 
70% 
80% 
90% 
100% 
Updating has_path path cache...
+-------------------------------------------+
| Total operations:      49                 |
| Total write operations: 7                 |
| Total read operations:  42                |
+-------------------------------------------+
| Total commuting races: 218                |
| Total harmful races:   13                 |
| Total filtered races:  0                  |
| Total Time Filtered races:  63            |
| Total Time Edges:      63                 |
+-------------------------------------------+
Number of packet traces with races: 13
Number of packet inconsistencies:  0
Number of packet inconsistencies that are actually consistent (covered):  0
Number of packet inconsistencies the first race is already inconsistent:  13
Number of packet inconsistencies after trimming repeated races:  0
Number of packet inconsistent updates:  0
Number of races:  294
Number of races filtered by time:  63
Number of commuting races:  218
Number of harmful races:  13
Number of covered races:  0
Number of versions: 7
Inconsistent updates: 0
Done. Time elapsed: 0.284440040588 s
load_trace: 0.167604923248 s
detect_races: 0.0254511833191 s
extract_traces_time: 0.00786185264587 s
find_reactive_cmds_time: 0.00018310546875 s
find_proactive_cmds_time: 0.0747048854828 s
find_covered_races_time: 0.00733709335327 s
per_packet_inconsistent_time: 0.0012469291687 s
find_inconsistent_update_time: -1.50203704834e-05 s
Read 200 events.
Added 193 events.
Total write operations: 7
Total read operations: 42
Processing 21 w/w combinations
Updating has_path path cache...
10% 
20% 
30% 
40% 
50% 
60% 
70% 
80% 
90% 
100% 
Processing 294 r/w combinations
10% 
20% 
30% 
40% 
50% 
60% 
70% 
80% 
90% 
100% 
Updating has_path path cache...
+-------------------------------------------+
| Total operations:      49                 |
| Total write operations: 7                 |
| Total read operations:  42                |
+-------------------------------------------+
| Total commuting races: 218                |
| Total harmful races:   17                 |
| Total filtered races:  0                  |
| Total Time Filtered races:  59            |
| Total Time Edges:      59                 |
+-------------------------------------------+
Number of packet traces with races: 13
Number of packet inconsistencies:  0
Number of packet inconsistencies that are actually consistent (covered):  4
Number of packet inconsistencies the first race is already inconsistent:  9
Number of packet inconsistencies after trimming repeated races:  0
Number of packet inconsistent updates:  0
Number of races:  294
Number of races filtered by time:  59
Number of commuting races:  218
Number of harmful races:  13
Number of covered races:  4
Number of versions: 7
Inconsistent updates: 0
Done. Time elapsed: 0.288439035416 s
load_trace: 0.169846057892 s
detect_races: 0.0246357917786 s
extract_traces_time: 0.00750017166138 s
find_reactive_cmds_time: 0.000198841094971 s
find_proactive_cmds_time: 0.0769281387329 s
find_covered_races_time: 0.00791001319885 s
per_packet_inconsistent_time: 0.0013689994812 s
find_inconsistent_update_time: -1.59740447998e-05 s
Read 200 events.
Added 193 events.
Total write operations: 7
Total read operations: 42
Processing 21 w/w combinations
Updating has_path path cache...
10% 
20% 
30% 
40% 
50% 
60% 
70% 
80% 
90% 
100% 
Processing 294 r/w combinations
10% 
20% 
30% 
40% 
50% 
60% 
70% 
80% 
90% 
100% 
Updating has_path path cache...
+-------------------------------------------+
| Total operations:      49                 |
| Total write operations: 7                 |
| Total read operations:  42                |
+-------------------------------------------+
| Total commuting races: 218                |
| Total harmful races:   20                 |
| Total filtered races:  0                  |
| Total Time Filtered races:  56            |
| Total Time Edges:      56                 |
+-------------------------------------------+
Number of packet traces with races: 16
Number of packet inconsistencies:  0
Number of packet inconsistencies that are actually consistent (covered):  4
Number of packet inconsistencies the first race is already inconsistent:  12
Number of packet inconsistencies after trimming repeated races:  0
Number of packet inconsistent updates:  0
Number of races:  294
Number of races filtered by time:  56
Number of commuting races:  218
Number of harmful races:  16
Number of covered races:  4
Number of versions: 7
Inconsistent updates: 0
Done. Time elapsed: 0.295134067535 s
load_trace: 0.175790071487 s
detect_races: 0.0251729488373 s
extract_traces_time: 0.00730609893799 s
find_reactive_cmds_time: 0.000203847885132 s
find_proactive_cmds_time: 0.0769011974335 s
find_covered_races_time: 0.00776481628418 s
per_packet_inconsistent_time: 0.00161409378052 s
find_inconsistent_update_time: -2.69412994385e-05 s
Read 200 events.
Added 193 events.
Total write operations: 7
Total read operations: 42
Processing 21 w/w combinations
Updating has_path path cache...
10% 
20% 
30% 
40% 
50% 
60% 
70% 
80% 
90% 
100% 
Processing 294 r/w combinations
10% 
20% 
30% 
40% 
50% 
60% 
70% 
80% 
90% 
100% 
Updating has_path path cache...
+-------------------------------------------+
| Total operations:      49                 |
| Total write operations: 7                 |
| Total read operations:  42                |
+-------------------------------------------+
| Total commuting races: 218                |
| Total harmful races:   21                 |
| Total filtered races:  0                  |
| Total Time Filtered races:  55            |
| Total Time Edges:      55                 |
+-------------------------------------------+
Number of packet traces with races: 17
Number of packet inconsistencies:  0
Number of packet inconsistencies that are actually consistent (covered):  4
Number of packet inconsistencies the first race is already inconsistent:  13
Number of packet inconsistencies after trimming repeated races:  0
Number of packet inconsistent updates:  0
Number of races:  294
Number of races filtered by time:  55
Number of commuting races:  218
Number of harmful races:  17
Number of covered races:  4
Number of versions: 7
Inconsistent updates: 0
Done. Time elapsed: 0.285255908966 s
load_trace: 0.169644832611 s
detect_races: 0.0242941379547 s
extract_traces_time: 0.0078718662262 s
find_reactive_cmds_time: 0.000180006027222 s
find_proactive_cmds_time: 0.0734531879425 s
find_covered_races_time: 0.00812983512878 s
per_packet_inconsistent_time: 0.001629114151 s
find_inconsistent_update_time: -1.78813934326e-05 s
Read 200 events.
Added 193 events.
Total write operations: 7
Total read operations: 42
Processing 21 w/w combinations
Updating has_path path cache...
10% 
20% 
30% 
40% 
50% 
60% 
70% 
80% 
90% 
100% 
Processing 294 r/w combinations
10% 
20% 
30% 
40% 
50% 
60% 
70% 
80% 
90% 
100% 
Updating has_path path cache...
+-------------------------------------------+
| Total operations:      49                 |
| Total write operations: 7                 |
| Total read operations:  42                |
+-------------------------------------------+
| Total commuting races: 218                |
| Total harmful races:   25                 |
| Total filtered races:  0                  |
| Total Time Filtered races:  51            |
| Total Time Edges:      51                 |
+-------------------------------------------+
Number of packet traces with races: 21
Number of packet inconsistencies:  0
Number of packet inconsistencies that are actually consistent (covered):  4
Number of packet inconsistencies the first race is already inconsistent:  17
Number of packet inconsistencies after trimming repeated races:  0
Number of packet inconsistent updates:  0
Number of races:  294
Number of races filtered by time:  51
Number of commuting races:  218
Number of harmful races:  21
Number of covered races:  4
Number of versions: 7
Inconsistent updates: 0
Done. Time elapsed: 0.283797025681 s
load_trace: 0.164972066879 s
detect_races: 0.0247168540955 s
extract_traces_time: 0.00720310211182 s
find_reactive_cmds_time: 0.00017786026001 s
find_proactive_cmds_time: 0.0758330821991 s
find_covered_races_time: 0.00838494300842 s
per_packet_inconsistent_time: 0.00245213508606 s
find_inconsistent_update_time: -2.09808349609e-05 s
Read 200 events.
Added 193 events.
Total write operations: 7
Total read operations: 42
Processing 21 w/w combinations
Updating has_path path cache...
10% 
20% 
30% 
40% 
50% 
60% 
70% 
80% 
90% 
100% 
Processing 294 r/w combinations
10% 
20% 
30% 
40% 
50% 
60% 
70% 
80% 
90% 
100% 
Updating has_path path cache...
+-------------------------------------------+
| Total operations:      49                 |
| Total write operations: 7                 |
| Total read operations:  42                |
+-------------------------------------------+
| Total commuting races: 218                |
| Total harmful races:   25                 |
| Total filtered races:  0                  |
| Total Time Filtered races:  51            |
| Total Time Edges:      51                 |
+-------------------------------------------+
Number of packet traces with races: 21
Number of packet inconsistencies:  0
Number of packet inconsistencies that are actually consistent (covered):  4
Number of packet inconsistencies the first race is already inconsistent:  17
Number of packet inconsistencies after trimming repeated races:  0
Number of packet inconsistent updates:  0
Number of races:  294
Number of races filtered by time:  51
Number of commuting races:  218
Number of harmful races:  21
Number of covered races:  4
Number of versions: 7
Inconsistent updates: 0
Done. Time elapsed: 0.301621198654 s
load_trace: 0.176386117935 s
detect_races: 0.0248429775238 s
extract_traces_time: 0.00719809532166 s
find_reactive_cmds_time: 0.000196933746338 s
find_proactive_cmds_time: 0.0819840431213 s
find_covered_races_time: 0.00900197029114 s
per_packet_inconsistent_time: 0.0019428730011 s
find_inconsistent_update_time: -2.121925354e-05 s
Read 200 events.
Added 193 events.
Total write operations: 7
Total read operations: 42
Processing 21 w/w combinations
Updating has_path path cache...
10% 
20% 
30% 
40% 
50% 
60% 
70% 
80% 
90% 
100% 
Processing 294 r/w combinations
10% 
20% 
30% 
40% 
50% 
60% 
70% 
80% 
90% 
100% 
Updating has_path path cache...
+-------------------------------------------+
| Total operations:      49                 |
| Total write operations: 7                 |
| Total read operations:  42                |
+-------------------------------------------+
| Total commuting races: 218                |
| Total harmful races:   27                 |
| Total filtered races:  0                  |
| Total Time Filtered races:  49            |
| Total Time Edges:      49                 |
+-------------------------------------------+
Number of packet traces with races: 23
Number of packet inconsistencies:  0
Number of packet inconsistencies that are actually consistent (covered):  4
Number of packet inconsistencies the first race is already inconsistent:  19
Number of packet inconsistencies after trimming repeated races:  0
Number of packet inconsistent updates:  0
Number of races:  294
Number of races filtered by time:  49
Number of commuting races:  218
Number of harmful races:  23
Number of covered races:  4
Number of versions: 7
Inconsistent updates: 0
Done. Time elapsed: 0.302238941193 s
load_trace: 0.173363924026 s
detect_races: 0.0258531570435 s
extract_traces_time: 0.00770592689514 s
find_reactive_cmds_time: 0.000211954116821 s
find_proactive_cmds_time: 0.0836310386658 s
find_covered_races_time: 0.00904297828674 s
per_packet_inconsistent_time: 0.00235795974731 s
find_inconsistent_update_time: -2.40802764893e-05 s
Read 200 events.
Added 193 events.
Total write operations: 7
Total read operations: 42
Processing 21 w/w combinations
Updating has_path path cache...
10% 
20% 
30% 
40% 
50% 
60% 
70% 
80% 
90% 
100% 
Processing 294 r/w combinations
10% 
20% 
30% 
40% 
50% 
60% 
70% 
80% 
90% 
100% 
Updating has_path path cache...
+-------------------------------------------+
| Total operations:      49                 |
| Total write operations: 7                 |
| Total read operations:  42                |
+-------------------------------------------+
| Total commuting races: 218                |
| Total harmful races:   38                 |
| Total filtered races:  0                  |
| Total Time Filtered races:  38            |
| Total Time Edges:      38                 |
+-------------------------------------------+
Number of packet traces with races: 30
Number of packet inconsistencies:  0
Number of packet inconsistencies that are actually consistent (covered):  8
Number of packet inconsistencies the first race is already inconsistent:  22
Number of packet inconsistencies after trimming repeated races:  0
Number of packet inconsistent updates:  0
Number of races:  294
Number of races filtered by time:  38
Number of commuting races:  218
Number of harmful races:  30
Number of covered races:  8
Number of versions: 7
Inconsistent updates: 0
Done. Time elapsed: 0.288640022278 s
load_trace: 0.170032978058 s
detect_races: 0.0249059200287 s
extract_traces_time: 0.00743913650513 s
find_reactive_cmds_time: 0.000187873840332 s
find_proactive_cmds_time: 0.0740990638733 s
find_covered_races_time: 0.00928401947021 s
per_packet_inconsistent_time: 0.00262999534607 s
find_inconsistent_update_time: -2.50339508057e-05 s
