Read 8374 events.
Added 4445 events.
Total write operations: 1892
Total read operations: 575
Processing 1788886 w/w combinations
Updating has_path path cache...
10% 
20% 
30% 
40% 
50% 
60% 
70% 
80% 
90% 
100% 
Processing 1087900 r/w combinations
10% 
20% 
30% 
40% 
50% 
60% 
70% 
80% 
90% 
100% 
Updating has_path path cache...
+-------------------------------------------+
| Total operations:      2467               |
| Total write operations: 1892              |
| Total read operations:  575               |
+-------------------------------------------+
| Total commuting races: 281137             |
| Total harmful races:   2605               |
| Total filtered races:  0                  |
| Total Time Filtered races:  0             |
| Total Time Edges:      0                  |
+-------------------------------------------+
Number of packet traces with races: 167
Number of packet inconsistencies:  117
Number of packet inconsistencies that are actually consistent (covered):  24
Number of packet inconsistencies the first race is already inconsistent:  26
Number of packet inconsistencies after trimming repeated races:  107
Number of packet inconsistent updates:  0
Number of races:  283742
Number of races filtered by time:  0
Number of commuting races:  281137
Number of harmful races:  1585
Number of covered races:  1020
Number of versions: 686
Inconsistent updates: 0
Done. Time elapsed: 70.0832390785 s
load_trace: 44.4410710335 s
detect_races: 15.4753899574 s
extract_traces_time: 0.0403771400452 s
find_reactive_cmds_time: 0.00823783874512 s
find_proactive_cmds_time: 4.68191313744 s
find_covered_races_time: 4.49661707878 s
per_packet_inconsistent_time: 0.938321828842 s
find_inconsistent_update_time: -0.00127196311951 s
Read 8374 events.
Added 4445 events.
Total write operations: 1892
Total read operations: 575
Processing 1788886 w/w combinations
Updating has_path path cache...
10% 
20% 
30% 
40% 
50% 
60% 
70% 
80% 
90% 
100% 
Processing 1087900 r/w combinations
10% 
20% 
30% 
40% 
50% 
60% 
70% 
80% 
90% 
100% 
Updating has_path path cache...
+-------------------------------------------+
| Total operations:      2467               |
| Total write operations: 1892              |
| Total read operations:  575               |
+-------------------------------------------+
| Total commuting races: 281137             |
| Total harmful races:   0                  |
| Total filtered races:  0                  |
| Total Time Filtered races:  2605          |
| Total Time Edges:      2605               |
+-------------------------------------------+
Number of packet traces with races: 0
Number of packet inconsistencies:  0
Number of packet inconsistencies that are actually consistent (covered):  0
Number of packet inconsistencies the first race is already inconsistent:  0
Number of packet inconsistencies after trimming repeated races:  0
Number of packet inconsistent updates:  0
Number of races:  283742
Number of races filtered by time:  2605
Number of commuting races:  281137
Number of harmful races:  0
Number of covered races:  0
Number of versions: 686
Inconsistent updates: 0
Done. Time elapsed: 64.1493029594 s
load_trace: 43.4232058525 s
detect_races: 15.0275919437 s
extract_traces_time: 0.293663024902 s
find_reactive_cmds_time: 0.00625610351562 s
find_proactive_cmds_time: 4.57812690735 s
find_covered_races_time: 0.816912174225 s
per_packet_inconsistent_time: 0.00331687927246 s
find_inconsistent_update_time: -0.000193119049072 s
Read 8374 events.
Added 4445 events.
Total write operations: 1892
Total read operations: 575
Processing 1788886 w/w combinations
Updating has_path path cache...
10% 
20% 
30% 
40% 
50% 
60% 
70% 
80% 
90% 
100% 
Processing 1087900 r/w combinations
10% 
20% 
30% 
40% 
50% 
60% 
70% 
80% 
90% 
100% 
Updating has_path path cache...
+-------------------------------------------+
| Total operations:      2467               |
| Total write operations: 1892              |
| Total read operations:  575               |
+-------------------------------------------+
| Total commuting races: 281137             |
| Total harmful races:   122                |
| Total filtered races:  0                  |
| Total Time Filtered races:  2483          |
| Total Time Edges:      2483               |
+-------------------------------------------+
Number of packet traces with races: 52
Number of packet inconsistencies:  20
Number of packet inconsistencies that are actually consistent (covered):  0
Number of packet inconsistencies the first race is already inconsistent:  32
Number of packet inconsistencies after trimming repeated races:  20
Number of packet inconsistent updates:  0
Number of races:  283742
Number of races filtered by time:  2483
Number of commuting races:  281137
Number of harmful races:  108
Number of covered races:  14
Number of versions: 686
Inconsistent updates: 0
Done. Time elapsed: 64.2239789963 s
load_trace: 43.0637769699 s
detect_races: 15.0074570179 s
extract_traces_time: 0.209799051285 s
find_reactive_cmds_time: 0.00629281997681 s
find_proactive_cmds_time: 4.85174298286 s
find_covered_races_time: 1.03621006012 s
per_packet_inconsistent_time: 0.0484261512756 s
find_inconsistent_update_time: -0.000237941741943 s
Read 8374 events.
Added 4445 events.
Total write operations: 1892
Total read operations: 575
Processing 1788886 w/w combinations
Updating has_path path cache...
10% 
20% 
30% 
40% 
50% 
60% 
70% 
80% 
90% 
100% 
Processing 1087900 r/w combinations
10% 
20% 
30% 
40% 
50% 
60% 
70% 
80% 
90% 
100% 
Updating has_path path cache...
+-------------------------------------------+
| Total operations:      2467               |
| Total write operations: 1892              |
| Total read operations:  575               |
+-------------------------------------------+
| Total commuting races: 281137             |
| Total harmful races:   226                |
| Total filtered races:  0                  |
| Total Time Filtered races:  2379          |
| Total Time Edges:      2379               |
+-------------------------------------------+
Number of packet traces with races: 67
Number of packet inconsistencies:  31
Number of packet inconsistencies that are actually consistent (covered):  0
Number of packet inconsistencies the first race is already inconsistent:  36
Number of packet inconsistencies after trimming repeated races:  29
Number of packet inconsistent updates:  0
Number of races:  283742
Number of races filtered by time:  2379
Number of commuting races:  281137
Number of harmful races:  187
Number of covered races:  39
Number of versions: 686
Inconsistent updates: 0
Done. Time elapsed: 67.9228811264 s
load_trace: 45.8724021912 s
detect_races: 16.0112969875 s
extract_traces_time: 0.201398849487 s
find_reactive_cmds_time: 0.006098985672 s
find_proactive_cmds_time: 4.4733850956 s
find_covered_races_time: 1.2783010006 s
per_packet_inconsistent_time: 0.0797109603882 s
find_inconsistent_update_time: -0.000253915786743 s
Read 8374 events.
Added 4445 events.
Total write operations: 1892
Total read operations: 575
Processing 1788886 w/w combinations
Updating has_path path cache...
10% 
20% 
30% 
40% 
50% 
60% 
70% 
80% 
90% 
100% 
Processing 1087900 r/w combinations
10% 
20% 
30% 
40% 
50% 
60% 
70% 
80% 
90% 
100% 
Updating has_path path cache...
+-------------------------------------------+
| Total operations:      2467               |
| Total write operations: 1892              |
| Total read operations:  575               |
+-------------------------------------------+
| Total commuting races: 281137             |
| Total harmful races:   283                |
| Total filtered races:  0                  |
| Total Time Filtered races:  2322          |
| Total Time Edges:      2322               |
+-------------------------------------------+
Number of packet traces with races: 83
Number of packet inconsistencies:  48
Number of packet inconsistencies that are actually consistent (covered):  0
Number of packet inconsistencies the first race is already inconsistent:  35
Number of packet inconsistencies after trimming repeated races:  46
Number of packet inconsistent updates:  0
Number of races:  283742
Number of races filtered by time:  2322
Number of commuting races:  281137
Number of harmful races:  244
Number of covered races:  39
Number of versions: 686
Inconsistent updates: 0
Done. Time elapsed: 62.2149310112 s
load_trace: 41.067882061 s
detect_races: 14.7952549458 s
extract_traces_time: 0.193022012711 s
find_reactive_cmds_time: 0.00612592697144 s
find_proactive_cmds_time: 4.437707901 s
find_covered_races_time: 1.5804040432 s
per_packet_inconsistent_time: 0.134176015854 s
find_inconsistent_update_time: -0.000319004058838 s
Read 8374 events.
Added 4445 events.
Total write operations: 1892
Total read operations: 575
Processing 1788886 w/w combinations
Updating has_path path cache...
10% 
20% 
30% 
40% 
50% 
60% 
70% 
80% 
90% 
100% 
Processing 1087900 r/w combinations
10% 
20% 
30% 
40% 
50% 
60% 
70% 
80% 
90% 
100% 
Updating has_path path cache...
+-------------------------------------------+
| Total operations:      2467               |
| Total write operations: 1892              |
| Total read operations:  575               |
+-------------------------------------------+
| Total commuting races: 281137             |
| Total harmful races:   367                |
| Total filtered races:  0                  |
| Total Time Filtered races:  2238          |
| Total Time Edges:      2238               |
+-------------------------------------------+
Number of packet traces with races: 108
Number of packet inconsistencies:  69
Number of packet inconsistencies that are actually consistent (covered):  0
Number of packet inconsistencies the first race is already inconsistent:  39
Number of packet inconsistencies after trimming repeated races:  67
Number of packet inconsistent updates:  0
Number of races:  283742
Number of races filtered by time:  2238
Number of commuting races:  281137
Number of harmful races:  327
Number of covered races:  40
Number of versions: 686
Inconsistent updates: 0
Done. Time elapsed: 62.9926939011 s
load_trace: 41.6148529053 s
detect_races: 14.1875991821 s
extract_traces_time: 0.186483860016 s
find_reactive_cmds_time: 0.00674796104431 s
find_proactive_cmds_time: 4.665402174 s
find_covered_races_time: 2.19316101074 s
per_packet_inconsistent_time: 0.138126850128 s
find_inconsistent_update_time: -0.000286102294922 s
Read 8374 events.
Added 4445 events.
Total write operations: 1892
Total read operations: 575
Processing 1788886 w/w combinations
Updating has_path path cache...
10% 
20% 
30% 
40% 
50% 
60% 
70% 
80% 
90% 
100% 
Processing 1087900 r/w combinations
10% 
20% 
30% 
40% 
50% 
60% 
70% 
80% 
90% 
100% 
Updating has_path path cache...
+-------------------------------------------+
| Total operations:      2467               |
| Total write operations: 1892              |
| Total read operations:  575               |
+-------------------------------------------+
| Total commuting races: 281137             |
| Total harmful races:   450                |
| Total filtered races:  0                  |
| Total Time Filtered races:  2155          |
| Total Time Edges:      2155               |
+-------------------------------------------+
Number of packet traces with races: 138
Number of packet inconsistencies:  92
Number of packet inconsistencies that are actually consistent (covered):  0
Number of packet inconsistencies the first race is already inconsistent:  46
Number of packet inconsistencies after trimming repeated races:  88
Number of packet inconsistent updates:  0
Number of races:  283742
Number of races filtered by time:  2155
Number of commuting races:  281137
Number of harmful races:  407
Number of covered races:  43
Number of versions: 686
Inconsistent updates: 0
Done. Time elapsed: 62.3103599548 s
load_trace: 40.5049619675 s
detect_races: 14.3724050522 s
extract_traces_time: 0.176223993301 s
find_reactive_cmds_time: 0.00630187988281 s
find_proactive_cmds_time: 4.53062701225 s
find_covered_races_time: 2.54879903793 s
per_packet_inconsistent_time: 0.170639038086 s
find_inconsistent_update_time: -0.000365972518921 s
Read 8374 events.
Added 4445 events.
Total write operations: 1892
Total read operations: 575
Processing 1788886 w/w combinations
Updating has_path path cache...
10% 
20% 
30% 
40% 
50% 
60% 
70% 
80% 
90% 
100% 
Processing 1087900 r/w combinations
10% 
20% 
30% 
40% 
50% 
60% 
70% 
80% 
90% 
100% 
Updating has_path path cache...
+-------------------------------------------+
| Total operations:      2467               |
| Total write operations: 1892              |
| Total read operations:  575               |
+-------------------------------------------+
| Total commuting races: 281137             |
| Total harmful races:   520                |
| Total filtered races:  0                  |
| Total Time Filtered races:  2085          |
| Total Time Edges:      2085               |
+-------------------------------------------+
Number of packet traces with races: 147
Number of packet inconsistencies:  104
Number of packet inconsistencies that are actually consistent (covered):  0
Number of packet inconsistencies the first race is already inconsistent:  43
Number of packet inconsistencies after trimming repeated races:  100
Number of packet inconsistent updates:  0
Number of races:  283742
Number of races filtered by time:  2085
Number of commuting races:  281137
Number of harmful races:  477
Number of covered races:  43
Number of versions: 686
Inconsistent updates: 0
Done. Time elapsed: 63.431030035 s
load_trace: 41.0114519596 s
detect_races: 14.3903501034 s
extract_traces_time: 0.164728879929 s
find_reactive_cmds_time: 0.00619697570801 s
find_proactive_cmds_time: 4.50263500214 s
find_covered_races_time: 3.1355111599 s
per_packet_inconsistent_time: 0.219735860825 s
find_inconsistent_update_time: -0.00037693977356 s
Read 8374 events.
Added 4445 events.
Total write operations: 1892
Total read operations: 575
Processing 1788886 w/w combinations
Updating has_path path cache...
10% 
20% 
30% 
40% 
50% 
60% 
70% 
80% 
90% 
100% 
Processing 1087900 r/w combinations
10% 
20% 
30% 
40% 
50% 
60% 
70% 
80% 
90% 
100% 
Updating has_path path cache...
+-------------------------------------------+
| Total operations:      2467               |
| Total write operations: 1892              |
| Total read operations:  575               |
+-------------------------------------------+
| Total commuting races: 281137             |
| Total harmful races:   600                |
| Total filtered races:  0                  |
| Total Time Filtered races:  2005          |
| Total Time Edges:      2005               |
+-------------------------------------------+
Number of packet traces with races: 160
Number of packet inconsistencies:  112
Number of packet inconsistencies that are actually consistent (covered):  0
Number of packet inconsistencies the first race is already inconsistent:  48
Number of packet inconsistencies after trimming repeated races:  106
Number of packet inconsistent updates:  0
Number of races:  283742
Number of races filtered by time:  2005
Number of commuting races:  281137
Number of harmful races:  557
Number of covered races:  43
Number of versions: 686
Inconsistent updates: 0
Done. Time elapsed: 63.051609993 s
load_trace: 40.7076451778 s
detect_races: 14.1976718903 s
extract_traces_time: 0.160495042801 s
find_reactive_cmds_time: 0.00615692138672 s
find_proactive_cmds_time: 4.4598801136 s
find_covered_races_time: 3.28182291985 s
per_packet_inconsistent_time: 0.237479925156 s
find_inconsistent_update_time: -0.00042200088501 s
Read 8374 events.
Added 4445 events.
Total write operations: 1892
Total read operations: 575
Processing 1788886 w/w combinations
Updating has_path path cache...
10% 
20% 
30% 
40% 
50% 
60% 
70% 
80% 
90% 
100% 
Processing 1087900 r/w combinations
10% 
20% 
30% 
40% 
50% 
60% 
70% 
80% 
90% 
100% 
Updating has_path path cache...
+-------------------------------------------+
| Total operations:      2467               |
| Total write operations: 1892              |
| Total read operations:  575               |
+-------------------------------------------+
| Total commuting races: 281137             |
| Total harmful races:   673                |
| Total filtered races:  0                  |
| Total Time Filtered races:  1932          |
| Total Time Edges:      1932               |
+-------------------------------------------+
Number of packet traces with races: 167
Number of packet inconsistencies:  117
Number of packet inconsistencies that are actually consistent (covered):  1
Number of packet inconsistencies the first race is already inconsistent:  49
Number of packet inconsistencies after trimming repeated races:  110
Number of packet inconsistent updates:  0
Number of races:  283742
Number of races filtered by time:  1932
Number of commuting races:  281137
Number of harmful races:  629
Number of covered races:  44
Number of versions: 686
Inconsistent updates: 0
Done. Time elapsed: 63.1201100349 s
load_trace: 40.743819952 s
detect_races: 13.9966249466 s
extract_traces_time: 0.149641036987 s
find_reactive_cmds_time: 0.00718212127686 s
find_proactive_cmds_time: 4.52113890648 s
find_covered_races_time: 3.43266105652 s
per_packet_inconsistent_time: 0.268476963043 s
find_inconsistent_update_time: -0.00052809715271 s
Read 8374 events.
Added 4445 events.
Total write operations: 1892
Total read operations: 575
Processing 1788886 w/w combinations
Updating has_path path cache...
10% 
20% 
30% 
40% 
50% 
60% 
70% 
80% 
90% 
100% 
Processing 1087900 r/w combinations
10% 
20% 
30% 
40% 
50% 
60% 
70% 
80% 
90% 
100% 
Updating has_path path cache...
+-------------------------------------------+
| Total operations:      2467               |
| Total write operations: 1892              |
| Total read operations:  575               |
+-------------------------------------------+
| Total commuting races: 281137             |
| Total harmful races:   718                |
| Total filtered races:  0                  |
| Total Time Filtered races:  1887          |
| Total Time Edges:      1887               |
+-------------------------------------------+
Number of packet traces with races: 167
Number of packet inconsistencies:  117
Number of packet inconsistencies that are actually consistent (covered):  2
Number of packet inconsistencies the first race is already inconsistent:  48
Number of packet inconsistencies after trimming repeated races:  108
Number of packet inconsistent updates:  0
Number of races:  283742
Number of races filtered by time:  1887
Number of commuting races:  281137
Number of harmful races:  671
Number of covered races:  47
Number of versions: 686
Inconsistent updates: 0
Done. Time elapsed: 65.4607310295 s
load_trace: 40.6927771568 s
detect_races: 15.1550529003 s
extract_traces_time: 0.162271022797 s
find_reactive_cmds_time: 0.00887107849121 s
find_proactive_cmds_time: 4.85635185242 s
find_covered_races_time: 4.18537402153 s
per_packet_inconsistent_time: 0.399217128754 s
find_inconsistent_update_time: -0.000762939453125 s
Read 8374 events.
Added 4445 events.
Total write operations: 1892
Total read operations: 575
Processing 1788886 w/w combinations
Updating has_path path cache...
10% 
20% 
30% 
40% 
50% 
60% 
70% 
80% 
90% 
100% 
Processing 1087900 r/w combinations
10% 
20% 
30% 
40% 
50% 
60% 
70% 
80% 
90% 
100% 
Updating has_path path cache...
+-------------------------------------------+
| Total operations:      2467               |
| Total write operations: 1892              |
| Total read operations:  575               |
+-------------------------------------------+
| Total commuting races: 281137             |
| Total harmful races:   747                |
| Total filtered races:  0                  |
| Total Time Filtered races:  1858          |
| Total Time Edges:      1858               |
+-------------------------------------------+
Number of packet traces with races: 167
Number of packet inconsistencies:  117
Number of packet inconsistencies that are actually consistent (covered):  2
Number of packet inconsistencies the first race is already inconsistent:  48
Number of packet inconsistencies after trimming repeated races:  107
Number of packet inconsistent updates:  0
Number of races:  283742
Number of races filtered by time:  1858
Number of commuting races:  281137
Number of harmful races:  696
Number of covered races:  51
Number of versions: 686
Inconsistent updates: 0
Done. Time elapsed: 65.9046909809 s
load_trace: 42.103687048 s
detect_races: 14.8470067978 s
extract_traces_time: 0.135753154755 s
find_reactive_cmds_time: 0.00807905197144 s
find_proactive_cmds_time: 4.86363387108 s
find_covered_races_time: 3.61847305298 s
per_packet_inconsistent_time: 0.327523946762 s
find_inconsistent_update_time: -0.000498056411743 s
