Read 288 events.
Added 274 events.
Total write operations: 16
Total read operations: 66
Processing 120 w/w combinations
Updating has_path path cache...
10% 
20% 
30% 
40% 
50% 
60% 
70% 
80% 
90% 
100% 
Processing 1056 r/w combinations
10% 
20% 
30% 
40% 
50% 
60% 
70% 
80% 
90% 
100% 
Updating has_path path cache...
+-------------------------------------------+
| Total operations:      82                 |
| Total write operations: 16                |
| Total read operations:  66                |
+-------------------------------------------+
| Total commuting races: 387                |
| Total harmful races:   145                |
| Total filtered races:  0                  |
| Total Time Filtered races:  0             |
| Total Time Edges:      0                  |
+-------------------------------------------+
Number of packet traces with races: 33
Number of packet inconsistencies:  31
Number of packet inconsistencies that are actually consistent (covered):  0
Number of packet inconsistencies the first race is already inconsistent:  2
Number of packet inconsistencies after trimming repeated races:  12
Number of packet inconsistent updates:  0
Number of races:  532
Number of races filtered by time:  0
Number of commuting races:  387
Number of harmful races:  97
Number of covered races:  48
Number of versions: 18
Inconsistent updates: 0
Done. Time elapsed: 0.495992898941 s
load_trace: 0.299993991852 s
detect_races: 0.055999994278 s
extract_traces_time: 0.0120248794556 s
find_reactive_cmds_time: 0.0 s
find_proactive_cmds_time: 0.0846221446991 s
find_covered_races_time: 0.0393528938293 s
per_packet_inconsistent_time: 0.00399899482727 s
find_inconsistent_update_time: 0.0 s
Read 288 events.
Added 274 events.
Total write operations: 16
Total read operations: 66
Processing 120 w/w combinations
Updating has_path path cache...
10% 
20% 
30% 
40% 
50% 
60% 
70% 
80% 
90% 
100% 
Processing 1056 r/w combinations
10% 
20% 
30% 
40% 
50% 
60% 
70% 
80% 
90% 
100% 
Updating has_path path cache...
+-------------------------------------------+
| Total operations:      82                 |
| Total write operations: 16                |
| Total read operations:  66                |
+-------------------------------------------+
| Total commuting races: 387                |
| Total harmful races:   0                  |
| Total filtered races:  0                  |
| Total Time Filtered races:  145           |
| Total Time Edges:      145                |
+-------------------------------------------+
Number of packet traces with races: 0
Number of packet inconsistencies:  0
Number of packet inconsistencies that are actually consistent (covered):  0
Number of packet inconsistencies the first race is already inconsistent:  0
Number of packet inconsistencies after trimming repeated races:  0
Number of packet inconsistent updates:  0
Number of races:  532
Number of races filtered by time:  145
Number of commuting races:  387
Number of harmful races:  0
Number of covered races:  0
Number of versions: 18
Inconsistent updates: 0
Done. Time elapsed: 0.408550977707 s
load_trace: 0.247992992401 s
detect_races: 0.0520000457764 s
extract_traces_time: 0.0203528404236 s
find_reactive_cmds_time: 0.0 s
find_proactive_cmds_time: 0.0796520709991 s
find_covered_races_time: 0.00855302810669 s
per_packet_inconsistent_time: 0.0 s
find_inconsistent_update_time: 0.0 s
Read 288 events.
Added 274 events.
Total write operations: 16
Total read operations: 66
Processing 120 w/w combinations
Updating has_path path cache...
10% 
20% 
30% 
40% 
50% 
60% 
70% 
80% 
90% 
100% 
Processing 1056 r/w combinations
10% 
20% 
30% 
40% 
50% 
60% 
70% 
80% 
90% 
100% 
Updating has_path path cache...
+-------------------------------------------+
| Total operations:      82                 |
| Total write operations: 16                |
| Total read operations:  66                |
+-------------------------------------------+
| Total commuting races: 387                |
| Total harmful races:   13                 |
| Total filtered races:  0                  |
| Total Time Filtered races:  132           |
| Total Time Edges:      132                |
+-------------------------------------------+
Number of packet traces with races: 6
Number of packet inconsistencies:  3
Number of packet inconsistencies that are actually consistent (covered):  0
Number of packet inconsistencies the first race is already inconsistent:  3
Number of packet inconsistencies after trimming repeated races:  3
Number of packet inconsistent updates:  0
Number of races:  532
Number of races filtered by time:  132
Number of commuting races:  387
Number of harmful races:  13
Number of covered races:  0
Number of versions: 18
Inconsistent updates: 0
Done. Time elapsed: 0.419971942902 s
load_trace: 0.24453496933 s
detect_races: 0.0554368495941 s
extract_traces_time: 0.0161960124969 s
find_reactive_cmds_time: 0.0 s
find_proactive_cmds_time: 0.0798120498657 s
find_covered_races_time: 0.0199921131134 s
per_packet_inconsistent_time: 0.00399994850159 s
find_inconsistent_update_time: 0.0 s
Read 288 events.
Added 274 events.
Total write operations: 16
Total read operations: 66
Processing 120 w/w combinations
Updating has_path path cache...
10% 
20% 
30% 
40% 
50% 
60% 
70% 
80% 
90% 
100% 
Processing 1056 r/w combinations
10% 
20% 
30% 
40% 
50% 
60% 
70% 
80% 
90% 
100% 
Updating has_path path cache...
+-------------------------------------------+
| Total operations:      82                 |
| Total write operations: 16                |
| Total read operations:  66                |
+-------------------------------------------+
| Total commuting races: 387                |
| Total harmful races:   24                 |
| Total filtered races:  0                  |
| Total Time Filtered races:  121           |
| Total Time Edges:      121                |
+-------------------------------------------+
Number of packet traces with races: 11
Number of packet inconsistencies:  5
Number of packet inconsistencies that are actually consistent (covered):  0
Number of packet inconsistencies the first race is already inconsistent:  6
Number of packet inconsistencies after trimming repeated races:  5
Number of packet inconsistent updates:  0
Number of races:  532
Number of races filtered by time:  121
Number of commuting races:  387
Number of harmful races:  24
Number of covered races:  0
Number of versions: 18
Inconsistent updates: 0
Done. Time elapsed: 0.423964977264 s
load_trace: 0.247964859009 s
detect_races: 0.055999994278 s
extract_traces_time: 0.0120000839233 s
find_reactive_cmds_time: 0.0 s
find_proactive_cmds_time: 0.0840060710907 s
find_covered_races_time: 0.019994020462 s
per_packet_inconsistent_time: 0.00399994850159 s
find_inconsistent_update_time: 0.0 s
Read 288 events.
Added 274 events.
Total write operations: 16
Total read operations: 66
Processing 120 w/w combinations
Updating has_path path cache...
10% 
20% 
30% 
40% 
50% 
60% 
70% 
80% 
90% 
100% 
Processing 1056 r/w combinations
10% 
20% 
30% 
40% 
50% 
60% 
70% 
80% 
90% 
100% 
Updating has_path path cache...
+-------------------------------------------+
| Total operations:      82                 |
| Total write operations: 16                |
| Total read operations:  66                |
+-------------------------------------------+
| Total commuting races: 387                |
| Total harmful races:   38                 |
| Total filtered races:  0                  |
| Total Time Filtered races:  107           |
| Total Time Edges:      107                |
+-------------------------------------------+
Number of packet traces with races: 13
Number of packet inconsistencies:  8
Number of packet inconsistencies that are actually consistent (covered):  0
Number of packet inconsistencies the first race is already inconsistent:  5
Number of packet inconsistencies after trimming repeated races:  8
Number of packet inconsistent updates:  0
Number of races:  532
Number of races filtered by time:  107
Number of commuting races:  387
Number of harmful races:  36
Number of covered races:  2
Number of versions: 18
Inconsistent updates: 0
Done. Time elapsed: 0.415993928909 s
load_trace: 0.244359016418 s
detect_races: 0.0520069599152 s
extract_traces_time: 0.015636920929 s
find_reactive_cmds_time: 0.0 s
find_proactive_cmds_time: 0.0763421058655 s
find_covered_races_time: 0.0237598419189 s
per_packet_inconsistent_time: 0.0038890838623 s
find_inconsistent_update_time: 0.0 s
Read 288 events.
Added 274 events.
Total write operations: 16
Total read operations: 66
Processing 120 w/w combinations
Updating has_path path cache...
10% 
20% 
30% 
40% 
50% 
60% 
70% 
80% 
90% 
100% 
Processing 1056 r/w combinations
10% 
20% 
30% 
40% 
50% 
60% 
70% 
80% 
90% 
100% 
Updating has_path path cache...
+-------------------------------------------+
| Total operations:      82                 |
| Total write operations: 16                |
| Total read operations:  66                |
+-------------------------------------------+
| Total commuting races: 387                |
| Total harmful races:   43                 |
| Total filtered races:  0                  |
| Total Time Filtered races:  102           |
| Total Time Edges:      102                |
+-------------------------------------------+
Number of packet traces with races: 15
Number of packet inconsistencies:  9
Number of packet inconsistencies that are actually consistent (covered):  0
Number of packet inconsistencies the first race is already inconsistent:  6
Number of packet inconsistencies after trimming repeated races:  8
Number of packet inconsistent updates:  0
Number of races:  532
Number of races filtered by time:  102
Number of commuting races:  387
Number of harmful races:  41
Number of covered races:  2
Number of versions: 18
Inconsistent updates: 0
Done. Time elapsed: 0.420055866241 s
load_trace: 0.243992090225 s
detect_races: 0.052081823349 s
extract_traces_time: 0.0120179653168 s
find_reactive_cmds_time: 0.0 s
find_proactive_cmds_time: 0.079968214035 s
find_covered_races_time: 0.0280299186707 s
per_packet_inconsistent_time: 0.00396585464478 s
find_inconsistent_update_time: 0.0 s
Read 288 events.
Added 274 events.
Total write operations: 16
Total read operations: 66
Processing 120 w/w combinations
Updating has_path path cache...
10% 
20% 
30% 
40% 
50% 
60% 
70% 
80% 
90% 
100% 
Processing 1056 r/w combinations
10% 
20% 
30% 
40% 
50% 
60% 
70% 
80% 
90% 
100% 
Updating has_path path cache...
+-------------------------------------------+
| Total operations:      82                 |
| Total write operations: 16                |
| Total read operations:  66                |
+-------------------------------------------+
| Total commuting races: 387                |
| Total harmful races:   64                 |
| Total filtered races:  0                  |
| Total Time Filtered races:  81            |
| Total Time Edges:      81                 |
+-------------------------------------------+
Number of packet traces with races: 19
Number of packet inconsistencies:  17
Number of packet inconsistencies that are actually consistent (covered):  0
Number of packet inconsistencies the first race is already inconsistent:  2
Number of packet inconsistencies after trimming repeated races:  14
Number of packet inconsistent updates:  0
Number of races:  532
Number of races filtered by time:  81
Number of commuting races:  387
Number of harmful races:  60
Number of covered races:  4
Number of versions: 18
Inconsistent updates: 0
Done. Time elapsed: 0.444137096405 s
load_trace: 0.267991065979 s
detect_races: 0.0520009994507 s
extract_traces_time: 0.0120000839233 s
find_reactive_cmds_time: 0.0 s
find_proactive_cmds_time: 0.0760059356689 s
find_covered_races_time: 0.0323910713196 s
per_packet_inconsistent_time: 0.00374794006348 s
find_inconsistent_update_time: 0.0 s
Read 288 events.
Added 274 events.
Total write operations: 16
Total read operations: 66
Processing 120 w/w combinations
Updating has_path path cache...
10% 
20% 
30% 
40% 
50% 
60% 
70% 
80% 
90% 
100% 
Processing 1056 r/w combinations
10% 
20% 
30% 
40% 
50% 
60% 
70% 
80% 
90% 
100% 
Updating has_path path cache...
+-------------------------------------------+
| Total operations:      82                 |
| Total write operations: 16                |
| Total read operations:  66                |
+-------------------------------------------+
| Total commuting races: 387                |
| Total harmful races:   73                 |
| Total filtered races:  0                  |
| Total Time Filtered races:  72            |
| Total Time Edges:      72                 |
+-------------------------------------------+
Number of packet traces with races: 21
Number of packet inconsistencies:  19
Number of packet inconsistencies that are actually consistent (covered):  0
Number of packet inconsistencies the first race is already inconsistent:  2
Number of packet inconsistencies after trimming repeated races:  14
Number of packet inconsistent updates:  0
Number of races:  532
Number of races filtered by time:  72
Number of commuting races:  387
Number of harmful races:  65
Number of covered races:  8
Number of versions: 18
Inconsistent updates: 0
Done. Time elapsed: 0.412181138992 s
load_trace: 0.235990047455 s
detect_races: 0.0519990921021 s
extract_traces_time: 0.0120007991791 s
find_reactive_cmds_time: 0.0 s
find_proactive_cmds_time: 0.0720510482788 s
find_covered_races_time: 0.0359489917755 s
per_packet_inconsistent_time: 0.00419116020203 s
find_inconsistent_update_time: 0.0 s
Read 288 events.
Added 274 events.
Total write operations: 16
Total read operations: 66
Processing 120 w/w combinations
Updating has_path path cache...
10% 
20% 
30% 
40% 
50% 
60% 
70% 
80% 
90% 
100% 
Processing 1056 r/w combinations
10% 
20% 
30% 
40% 
50% 
60% 
70% 
80% 
90% 
100% 
Updating has_path path cache...
+-------------------------------------------+
| Total operations:      82                 |
| Total write operations: 16                |
| Total read operations:  66                |
+-------------------------------------------+
| Total commuting races: 387                |
| Total harmful races:   76                 |
| Total filtered races:  0                  |
| Total Time Filtered races:  69            |
| Total Time Edges:      69                 |
+-------------------------------------------+
Number of packet traces with races: 22
Number of packet inconsistencies:  19
Number of packet inconsistencies that are actually consistent (covered):  0
Number of packet inconsistencies the first race is already inconsistent:  3
Number of packet inconsistencies after trimming repeated races:  14
Number of packet inconsistent updates:  0
Number of races:  532
Number of races filtered by time:  69
Number of commuting races:  387
Number of harmful races:  66
Number of covered races:  10
Number of versions: 18
Inconsistent updates: 0
Done. Time elapsed: 0.443774938583 s
load_trace: 0.251775026321 s
detect_races: 0.0562000274658 s
extract_traces_time: 0.0118010044098 s
find_reactive_cmds_time: 0.00135898590088 s
find_proactive_cmds_time: 0.0797300338745 s
find_covered_races_time: 0.0389099121094 s
per_packet_inconsistent_time: 0.00399994850159 s
find_inconsistent_update_time: 0.0 s
Read 288 events.
Added 274 events.
Total write operations: 16
Total read operations: 66
Processing 120 w/w combinations
Updating has_path path cache...
10% 
20% 
30% 
40% 
50% 
60% 
70% 
80% 
90% 
100% 
Processing 1056 r/w combinations
10% 
20% 
30% 
40% 
50% 
60% 
70% 
80% 
90% 
100% 
Updating has_path path cache...
+-------------------------------------------+
| Total operations:      82                 |
| Total write operations: 16                |
| Total read operations:  66                |
+-------------------------------------------+
| Total commuting races: 387                |
| Total harmful races:   90                 |
| Total filtered races:  0                  |
| Total Time Filtered races:  55            |
| Total Time Edges:      55                 |
+-------------------------------------------+
Number of packet traces with races: 26
Number of packet inconsistencies:  23
Number of packet inconsistencies that are actually consistent (covered):  0
Number of packet inconsistencies the first race is already inconsistent:  3
Number of packet inconsistencies after trimming repeated races:  12
Number of packet inconsistent updates:  0
Number of races:  532
Number of races filtered by time:  55
Number of commuting races:  387
Number of harmful races:  74
Number of covered races:  16
Number of versions: 18
Inconsistent updates: 0
Done. Time elapsed: 0.441637039185 s
load_trace: 0.256103992462 s
detect_races: 0.0518879890442 s
extract_traces_time: 0.0120010375977 s
find_reactive_cmds_time: 0.0 s
find_proactive_cmds_time: 0.0800590515137 s
find_covered_races_time: 0.0359418392181 s
per_packet_inconsistent_time: 0.00564312934875 s
find_inconsistent_update_time: 0.0 s
Read 288 events.
Added 274 events.
Total write operations: 16
Total read operations: 66
Processing 120 w/w combinations
Updating has_path path cache...
10% 
20% 
30% 
40% 
50% 
60% 
70% 
80% 
90% 
100% 
Processing 1056 r/w combinations
10% 
20% 
30% 
40% 
50% 
60% 
70% 
80% 
90% 
100% 
Updating has_path path cache...
+-------------------------------------------+
| Total operations:      82                 |
| Total write operations: 16                |
| Total read operations:  66                |
+-------------------------------------------+
| Total commuting races: 387                |
| Total harmful races:   90                 |
| Total filtered races:  0                  |
| Total Time Filtered races:  55            |
| Total Time Edges:      55                 |
+-------------------------------------------+
Number of packet traces with races: 26
Number of packet inconsistencies:  23
Number of packet inconsistencies that are actually consistent (covered):  0
Number of packet inconsistencies the first race is already inconsistent:  3
Number of packet inconsistencies after trimming repeated races:  12
Number of packet inconsistent updates:  0
Number of races:  532
Number of races filtered by time:  55
Number of commuting races:  387
Number of harmful races:  74
Number of covered races:  16
Number of versions: 18
Inconsistent updates: 0
Done. Time elapsed: 0.426656007767 s
load_trace: 0.248211145401 s
detect_races: 0.0477819442749 s
extract_traces_time: 0.0120000839233 s
find_reactive_cmds_time: 0.0 s
find_proactive_cmds_time: 0.0760068893433 s
find_covered_races_time: 0.0359930992126 s
per_packet_inconsistent_time: 0.00666284561157 s
find_inconsistent_update_time: 0.0 s
Read 288 events.
Added 274 events.
Total write operations: 16
Total read operations: 66
Processing 120 w/w combinations
Updating has_path path cache...
10% 
20% 
30% 
40% 
50% 
60% 
70% 
80% 
90% 
100% 
Processing 1056 r/w combinations
10% 
20% 
30% 
40% 
50% 
60% 
70% 
80% 
90% 
100% 
Updating has_path path cache...
+-------------------------------------------+
| Total operations:      82                 |
| Total write operations: 16                |
| Total read operations:  66                |
+-------------------------------------------+
| Total commuting races: 387                |
| Total harmful races:   101                |
| Total filtered races:  0                  |
| Total Time Filtered races:  44            |
| Total Time Edges:      44                 |
+-------------------------------------------+
Number of packet traces with races: 27
Number of packet inconsistencies:  25
Number of packet inconsistencies that are actually consistent (covered):  0
Number of packet inconsistencies the first race is already inconsistent:  2
Number of packet inconsistencies after trimming repeated races:  16
Number of packet inconsistent updates:  0
Number of races:  532
Number of races filtered by time:  44
Number of commuting races:  387
Number of harmful races:  81
Number of covered races:  20
Number of versions: 18
Inconsistent updates: 0
Done. Time elapsed: 0.415950059891 s
load_trace: 0.239995002747 s
detect_races: 0.0481939315796 s
extract_traces_time: 0.00776100158691 s
find_reactive_cmds_time: 0.0 s
find_proactive_cmds_time: 0.0800070762634 s
find_covered_races_time: 0.035994052887 s
per_packet_inconsistent_time: 0.00399899482727 s
find_inconsistent_update_time: 0.0 s
