Read 2917 events.
Added 2868 events.
Total write operations: 333
Total read operations: 466
Processing 55278 w/w combinations
Updating has_path path cache...
10% 
20% 
30% 
40% 
50% 
60% 
70% 
80% 
90% 
100% 
Processing 155178 r/w combinations
10% 
20% 
30% 
40% 
50% 
60% 
70% 
80% 
90% 
100% 
Updating has_path path cache...
+-------------------------------------------+
| Total operations:      799                |
| Total write operations: 333               |
| Total read operations:  466               |
+-------------------------------------------+
| Total commuting races: 28486              |
| Total harmful races:   420                |
| Total filtered races:  0                  |
| Total Time Filtered races:  0             |
| Total Time Edges:      0                  |
+-------------------------------------------+
Number of packet traces with races: 116
Number of packet inconsistencies:  71
Number of packet inconsistencies that are actually consistent (covered):  14
Number of packet inconsistencies the first race is already inconsistent:  31
Number of packet inconsistencies after trimming repeated races:  56
Number of packet inconsistent updates:  0
Number of races:  28906
Number of races filtered by time:  0
Number of commuting races:  28486
Number of harmful races:  348
Number of covered races:  72
Number of versions: 360
Inconsistent updates: 0
Done. Time elapsed: 13.3441419601 s
load_trace: 10.5999979973 s
detect_races: 1.99199986458 s
extract_traces_time: 0.336002111435 s
find_reactive_cmds_time: 0.00799894332886 s
find_proactive_cmds_time: 0.108000993729 s
find_covered_races_time: 0.108000040054 s
per_packet_inconsistent_time: 0.191999912262 s
find_inconsistent_update_time: -8.79764556885e-05 s
Read 2917 events.
Added 2868 events.
Total write operations: 333
Total read operations: 466
Processing 55278 w/w combinations
Updating has_path path cache...
10% 
20% 
30% 
40% 
50% 
60% 
70% 
80% 
90% 
100% 
Processing 155178 r/w combinations
10% 
20% 
30% 
40% 
50% 
60% 
70% 
80% 
90% 
100% 
Updating has_path path cache...
+-------------------------------------------+
| Total operations:      799                |
| Total write operations: 333               |
| Total read operations:  466               |
+-------------------------------------------+
| Total commuting races: 28486              |
| Total harmful races:   0                  |
| Total filtered races:  0                  |
| Total Time Filtered races:  420           |
| Total Time Edges:      420                |
+-------------------------------------------+
Number of packet traces with races: 0
Number of packet inconsistencies:  0
Number of packet inconsistencies that are actually consistent (covered):  0
Number of packet inconsistencies the first race is already inconsistent:  0
Number of packet inconsistencies after trimming repeated races:  0
Number of packet inconsistent updates:  0
Number of races:  28906
Number of races filtered by time:  420
Number of commuting races:  28486
Number of harmful races:  0
Number of covered races:  0
Number of versions: 360
Inconsistent updates: 0
Done. Time elapsed: 12.9599990845 s
load_trace: 10.3600189686 s
detect_races: 2.11998009682 s
extract_traces_time: 0.356266975403 s
find_reactive_cmds_time: 0.0117318630219 s
find_proactive_cmds_time: 0.0920031070709 s
find_covered_races_time: 0.0163869857788 s
per_packet_inconsistent_time: 0.00361108779907 s
find_inconsistent_update_time: 0.0 s
Read 2917 events.
Added 2868 events.
Total write operations: 333
Total read operations: 466
Processing 55278 w/w combinations
Updating has_path path cache...
10% 
20% 
30% 
40% 
50% 
60% 
70% 
80% 
90% 
100% 
Processing 155178 r/w combinations
10% 
20% 
30% 
40% 
50% 
60% 
70% 
80% 
90% 
100% 
Updating has_path path cache...
+-------------------------------------------+
| Total operations:      799                |
| Total write operations: 333               |
| Total read operations:  466               |
+-------------------------------------------+
| Total commuting races: 28486              |
| Total harmful races:   18                 |
| Total filtered races:  0                  |
| Total Time Filtered races:  402           |
| Total Time Edges:      402                |
+-------------------------------------------+
Number of packet traces with races: 14
Number of packet inconsistencies:  6
Number of packet inconsistencies that are actually consistent (covered):  0
Number of packet inconsistencies the first race is already inconsistent:  8
Number of packet inconsistencies after trimming repeated races:  3
Number of packet inconsistent updates:  0
Number of races:  28906
Number of races filtered by time:  402
Number of commuting races:  28486
Number of harmful races:  18
Number of covered races:  0
Number of versions: 360
Inconsistent updates: 0
Done. Time elapsed: 14.2880051136 s
load_trace: 11.3076269627 s
detect_races: 2.43599915504 s
extract_traces_time: 0.39200091362 s
find_reactive_cmds_time: 0.00799798965454 s
find_proactive_cmds_time: 0.108000993729 s
find_covered_races_time: 0.0280039310455 s
per_packet_inconsistent_time: 0.00819706916809 s
find_inconsistent_update_time: -0.000125885009766 s
Read 2917 events.
Added 2868 events.
Total write operations: 333
Total read operations: 466
Processing 55278 w/w combinations
Updating has_path path cache...
10% 
20% 
30% 
40% 
50% 
60% 
70% 
80% 
90% 
100% 
Processing 155178 r/w combinations
10% 
20% 
30% 
40% 
50% 
60% 
70% 
80% 
90% 
100% 
Updating has_path path cache...
+-------------------------------------------+
| Total operations:      799                |
| Total write operations: 333               |
| Total read operations:  466               |
+-------------------------------------------+
| Total commuting races: 28486              |
| Total harmful races:   31                 |
| Total filtered races:  0                  |
| Total Time Filtered races:  389           |
| Total Time Edges:      389                |
+-------------------------------------------+
Number of packet traces with races: 25
Number of packet inconsistencies:  7
Number of packet inconsistencies that are actually consistent (covered):  0
Number of packet inconsistencies the first race is already inconsistent:  18
Number of packet inconsistencies after trimming repeated races:  4
Number of packet inconsistent updates:  0
Number of races:  28906
Number of races filtered by time:  389
Number of commuting races:  28486
Number of harmful races:  31
Number of covered races:  0
Number of versions: 360
Inconsistent updates: 0
Done. Time elapsed: 13.3519978523 s
load_trace: 10.7279999256 s
detect_races: 2.03199791908 s
extract_traces_time: 0.432000160217 s
find_reactive_cmds_time: 0.0120010375977 s
find_proactive_cmds_time: 0.107998847961 s
find_covered_races_time: 0.0280001163483 s
per_packet_inconsistent_time: 0.0119998455048 s
find_inconsistent_update_time: 0.0 s
Read 2917 events.
Added 2868 events.
Total write operations: 333
Total read operations: 466
Processing 55278 w/w combinations
Updating has_path path cache...
10% 
20% 
30% 
40% 
50% 
60% 
70% 
80% 
90% 
100% 
Processing 155178 r/w combinations
10% 
20% 
30% 
40% 
50% 
60% 
70% 
80% 
90% 
100% 
Updating has_path path cache...
+-------------------------------------------+
| Total operations:      799                |
| Total write operations: 333               |
| Total read operations:  466               |
+-------------------------------------------+
| Total commuting races: 28486              |
| Total harmful races:   50                 |
| Total filtered races:  0                  |
| Total Time Filtered races:  370           |
| Total Time Edges:      370                |
+-------------------------------------------+
Number of packet traces with races: 33
Number of packet inconsistencies:  11
Number of packet inconsistencies that are actually consistent (covered):  1
Number of packet inconsistencies the first race is already inconsistent:  21
Number of packet inconsistencies after trimming repeated races:  8
Number of packet inconsistent updates:  0
Number of races:  28906
Number of races filtered by time:  370
Number of commuting races:  28486
Number of harmful races:  49
Number of covered races:  1
Number of versions: 360
Inconsistent updates: 0
Done. Time elapsed: 20.1680059433 s
load_trace: 14.8840079308 s
detect_races: 4.38439393044 s
extract_traces_time: 0.611603021622 s
find_reactive_cmds_time: 0.0199990272522 s
find_proactive_cmds_time: 0.160001993179 s
find_covered_races_time: 0.0520000457764 s
per_packet_inconsistent_time: 0.055999994278 s
find_inconsistent_update_time: 0.0 s
Read 2917 events.
Added 2868 events.
Total write operations: 333
Total read operations: 466
Processing 55278 w/w combinations
Updating has_path path cache...
10% 
20% 
30% 
40% 
50% 
60% 
70% 
80% 
90% 
100% 
Processing 155178 r/w combinations
10% 
20% 
30% 
40% 
50% 
60% 
70% 
80% 
90% 
100% 
Updating has_path path cache...
+-------------------------------------------+
| Total operations:      799                |
| Total write operations: 333               |
| Total read operations:  466               |
+-------------------------------------------+
| Total commuting races: 28486              |
| Total harmful races:   71                 |
| Total filtered races:  0                  |
| Total Time Filtered races:  349           |
| Total Time Edges:      349                |
+-------------------------------------------+
Number of packet traces with races: 38
Number of packet inconsistencies:  14
Number of packet inconsistencies that are actually consistent (covered):  2
Number of packet inconsistencies the first race is already inconsistent:  22
Number of packet inconsistencies after trimming repeated races:  11
Number of packet inconsistent updates:  0
Number of races:  28906
Number of races filtered by time:  349
Number of commuting races:  28486
Number of harmful races:  69
Number of covered races:  2
Number of versions: 360
Inconsistent updates: 0
Done. Time elapsed: 17.1919939518 s
load_trace: 14.6479921341 s
detect_races: 2.02799987793 s
extract_traces_time: 0.352000951767 s
find_reactive_cmds_time: 0.00799918174744 s
find_proactive_cmds_time: 0.095999956131 s
find_covered_races_time: 0.0289659500122 s
per_packet_inconsistent_time: 0.031035900116 s
find_inconsistent_update_time: 0.0 s
Read 2917 events.
Added 2868 events.
Total write operations: 333
Total read operations: 466
Processing 55278 w/w combinations
Updating has_path path cache...
10% 
20% 
30% 
40% 
50% 
60% 
70% 
80% 
90% 
100% 
Processing 155178 r/w combinations
10% 
20% 
30% 
40% 
50% 
60% 
70% 
80% 
90% 
100% 
Updating has_path path cache...
+-------------------------------------------+
| Total operations:      799                |
| Total write operations: 333               |
| Total read operations:  466               |
+-------------------------------------------+
| Total commuting races: 28486              |
| Total harmful races:   83                 |
| Total filtered races:  0                  |
| Total Time Filtered races:  337           |
| Total Time Edges:      337                |
+-------------------------------------------+
Number of packet traces with races: 40
Number of packet inconsistencies:  16
Number of packet inconsistencies that are actually consistent (covered):  2
Number of packet inconsistencies the first race is already inconsistent:  22
Number of packet inconsistencies after trimming repeated races:  13
Number of packet inconsistent updates:  0
Number of races:  28906
Number of races filtered by time:  337
Number of commuting races:  28486
Number of harmful races:  81
Number of covered races:  2
Number of versions: 360
Inconsistent updates: 0
Done. Time elapsed: 12.9400029182 s
load_trace: 10.4160017967 s
detect_races: 2.00400400162 s
extract_traces_time: 0.351998090744 s
find_reactive_cmds_time: 0.0120310783386 s
find_proactive_cmds_time: 0.0919678211212 s
find_covered_races_time: 0.0283670425415 s
per_packet_inconsistent_time: 0.0356330871582 s
find_inconsistent_update_time: 0.0 s
Read 2917 events.
Added 2868 events.
Total write operations: 333
Total read operations: 466
Processing 55278 w/w combinations
Updating has_path path cache...
10% 
20% 
30% 
40% 
50% 
60% 
70% 
80% 
90% 
100% 
Processing 155178 r/w combinations
10% 
20% 
30% 
40% 
50% 
60% 
70% 
80% 
90% 
100% 
Updating has_path path cache...
+-------------------------------------------+
| Total operations:      799                |
| Total write operations: 333               |
| Total read operations:  466               |
+-------------------------------------------+
| Total commuting races: 28486              |
| Total harmful races:   88                 |
| Total filtered races:  0                  |
| Total Time Filtered races:  332           |
| Total Time Edges:      332                |
+-------------------------------------------+
Number of packet traces with races: 43
Number of packet inconsistencies:  16
Number of packet inconsistencies that are actually consistent (covered):  2
Number of packet inconsistencies the first race is already inconsistent:  25
Number of packet inconsistencies after trimming repeated races:  13
Number of packet inconsistent updates:  0
Number of races:  28906
Number of races filtered by time:  332
Number of commuting races:  28486
Number of harmful races:  86
Number of covered races:  2
Number of versions: 360
Inconsistent updates: 0
Done. Time elapsed: 13.1760010719 s
load_trace: 10.4681260586 s
detect_races: 2.17587685585 s
extract_traces_time: 0.355998039246 s
find_reactive_cmds_time: 0.00800108909607 s
find_proactive_cmds_time: 0.095999956131 s
find_covered_races_time: 0.0320010185242 s
per_packet_inconsistent_time: 0.0399980545044 s
find_inconsistent_update_time: 0.0 s
Read 2917 events.
Added 2868 events.
Total write operations: 333
Total read operations: 466
Processing 55278 w/w combinations
Updating has_path path cache...
10% 
20% 
30% 
40% 
50% 
60% 
70% 
80% 
90% 
100% 
Processing 155178 r/w combinations
10% 
20% 
30% 
40% 
50% 
60% 
70% 
80% 
90% 
100% 
Updating has_path path cache...
+-------------------------------------------+
| Total operations:      799                |
| Total write operations: 333               |
| Total read operations:  466               |
+-------------------------------------------+
| Total commuting races: 28486              |
| Total harmful races:   100                |
| Total filtered races:  0                  |
| Total Time Filtered races:  320           |
| Total Time Edges:      320                |
+-------------------------------------------+
Number of packet traces with races: 47
Number of packet inconsistencies:  20
Number of packet inconsistencies that are actually consistent (covered):  2
Number of packet inconsistencies the first race is already inconsistent:  25
Number of packet inconsistencies after trimming repeated races:  17
Number of packet inconsistent updates:  0
Number of races:  28906
Number of races filtered by time:  320
Number of commuting races:  28486
Number of harmful races:  98
Number of covered races:  2
Number of versions: 360
Inconsistent updates: 0
Done. Time elapsed: 13.0387179852 s
load_trace: 10.4758250713 s
detect_races: 2.02328586578 s
extract_traces_time: 0.350614070892 s
find_reactive_cmds_time: 0.00891995429993 s
find_proactive_cmds_time: 0.0988039970398 s
find_covered_races_time: 0.0361540317535 s
per_packet_inconsistent_time: 0.0448789596558 s
find_inconsistent_update_time: -0.000185012817383 s
Read 2917 events.
Added 2868 events.
Total write operations: 333
Total read operations: 466
Processing 55278 w/w combinations
Updating has_path path cache...
10% 
20% 
30% 
40% 
50% 
60% 
70% 
80% 
90% 
100% 
Processing 155178 r/w combinations
10% 
20% 
30% 
40% 
50% 
60% 
70% 
80% 
90% 
100% 
Updating has_path path cache...
+-------------------------------------------+
| Total operations:      799                |
| Total write operations: 333               |
| Total read operations:  466               |
+-------------------------------------------+
| Total commuting races: 28486              |
| Total harmful races:   121                |
| Total filtered races:  0                  |
| Total Time Filtered races:  299           |
| Total Time Edges:      299                |
+-------------------------------------------+
Number of packet traces with races: 52
Number of packet inconsistencies:  24
Number of packet inconsistencies that are actually consistent (covered):  4
Number of packet inconsistencies the first race is already inconsistent:  24
Number of packet inconsistencies after trimming repeated races:  21
Number of packet inconsistent updates:  0
Number of races:  28906
Number of races filtered by time:  299
Number of commuting races:  28486
Number of harmful races:  117
Number of covered races:  4
Number of versions: 360
Inconsistent updates: 0
Done. Time elapsed: 13.9358351231 s
load_trace: 11.3240070343 s
detect_races: 2.06421613693 s
extract_traces_time: 0.343844890594 s
find_reactive_cmds_time: 0.0117681026459 s
find_proactive_cmds_time: 0.0920000076294 s
find_covered_races_time: 0.0442249774933 s
per_packet_inconsistent_time: 0.055773973465 s
find_inconsistent_update_time: 0.0 s
Read 2917 events.
Added 2868 events.
Total write operations: 333
Total read operations: 466
Processing 55278 w/w combinations
Updating has_path path cache...
10% 
20% 
30% 
40% 
50% 
60% 
70% 
80% 
90% 
100% 
Processing 155178 r/w combinations
10% 
20% 
30% 
40% 
50% 
60% 
70% 
80% 
90% 
100% 
Updating has_path path cache...
+-------------------------------------------+
| Total operations:      799                |
| Total write operations: 333               |
| Total read operations:  466               |
+-------------------------------------------+
| Total commuting races: 28486              |
| Total harmful races:   142                |
| Total filtered races:  0                  |
| Total Time Filtered races:  278           |
| Total Time Edges:      278                |
+-------------------------------------------+
Number of packet traces with races: 61
Number of packet inconsistencies:  28
Number of packet inconsistencies that are actually consistent (covered):  4
Number of packet inconsistencies the first race is already inconsistent:  29
Number of packet inconsistencies after trimming repeated races:  25
Number of packet inconsistent updates:  0
Number of races:  28906
Number of races filtered by time:  278
Number of commuting races:  28486
Number of harmful races:  138
Number of covered races:  4
Number of versions: 360
Inconsistent updates: 0
Done. Time elapsed: 12.9927370548 s
load_trace: 10.4080018997 s
detect_races: 2.0200009346 s
extract_traces_time: 0.347998142242 s
find_reactive_cmds_time: 0.00800108909607 s
find_proactive_cmds_time: 0.0999999046326 s
find_covered_races_time: 0.0439989566803 s
per_packet_inconsistent_time: 0.0647361278534 s
find_inconsistent_update_time: 0.0 s
Read 2917 events.
Added 2868 events.
Total write operations: 333
Total read operations: 466
Processing 55278 w/w combinations
Updating has_path path cache...
10% 
20% 
30% 
40% 
50% 
60% 
70% 
80% 
90% 
100% 
Processing 155178 r/w combinations
10% 
20% 
30% 
40% 
50% 
60% 
70% 
80% 
90% 
100% 
Updating has_path path cache...
+-------------------------------------------+
| Total operations:      799                |
| Total write operations: 333               |
| Total read operations:  466               |
+-------------------------------------------+
| Total commuting races: 28486              |
| Total harmful races:   154                |
| Total filtered races:  0                  |
| Total Time Filtered races:  266           |
| Total Time Edges:      266                |
+-------------------------------------------+
Number of packet traces with races: 63
Number of packet inconsistencies:  31
Number of packet inconsistencies that are actually consistent (covered):  4
Number of packet inconsistencies the first race is already inconsistent:  28
Number of packet inconsistencies after trimming repeated races:  26
Number of packet inconsistent updates:  0
Number of races:  28906
Number of races filtered by time:  266
Number of commuting races:  28486
Number of harmful races:  150
Number of covered races:  4
Number of versions: 360
Inconsistent updates: 0
Done. Time elapsed: 12.9701631069 s
load_trace: 10.4221642017 s
detect_races: 1.98399996758 s
extract_traces_time: 0.343998908997 s
find_reactive_cmds_time: 0.0120010375977 s
find_proactive_cmds_time: 0.0880000591278 s
find_covered_races_time: 0.0479989051819 s
per_packet_inconsistent_time: 0.0720000267029 s
find_inconsistent_update_time: 0.0 s
