Read 1846 events.
Added 1749 events.
Total write operations: 61
Total read operations: 516
Processing 1830 w/w combinations
Updating has_path path cache...
10% 
20% 
30% 
40% 
50% 
60% 
70% 
80% 
90% 
100% 
Processing 31476 r/w combinations
10% 
20% 
30% 
40% 
50% 
60% 
70% 
80% 
90% 
100% 
Updating has_path path cache...
+-------------------------------------------+
| Total operations:      577                |
| Total write operations: 61                |
| Total read operations:  516               |
+-------------------------------------------+
| Total commuting races: 7724               |
| Total harmful races:   3363               |
| Total filtered races:  0                  |
| Total Time Filtered races:  0             |
| Total Time Edges:      0                  |
+-------------------------------------------+
Number of packet traces with races: 233
Number of packet inconsistencies:  154
Number of packet inconsistencies that are actually consistent (covered):  57
Number of packet inconsistencies the first race is already inconsistent:  22
Number of packet inconsistencies after trimming repeated races:  43
Number of packet inconsistent updates:  368
Number of races:  11087
Number of races filtered by time:  0
Number of commuting races:  7724
Number of harmful races:  2884
Number of covered races:  479
Number of versions: 80
Inconsistent updates: 100
Done. Time elapsed: 8.28839683533 s
load_trace: 3.56185483932 s
detect_races: 0.829131126404 s
extract_traces_time: 0.0547769069672 s
find_reactive_cmds_time: 0.00211596488953 s
find_proactive_cmds_time: 0.11965918541 s
find_covered_races_time: 2.73679876328 s
per_packet_inconsistent_time: 0.978208065033 s
find_inconsistent_update_time: -0.00579714775085 s
Read 1846 events.
Added 1749 events.
Total write operations: 61
Total read operations: 516
Processing 1830 w/w combinations
Updating has_path path cache...
10% 
20% 
30% 
40% 
50% 
60% 
70% 
80% 
90% 
100% 
Processing 31476 r/w combinations
10% 
20% 
30% 
40% 
50% 
60% 
70% 
80% 
90% 
100% 
Updating has_path path cache...
+-------------------------------------------+
| Total operations:      577                |
| Total write operations: 61                |
| Total read operations:  516               |
+-------------------------------------------+
| Total commuting races: 7724               |
| Total harmful races:   0                  |
| Total filtered races:  0                  |
| Total Time Filtered races:  3363          |
| Total Time Edges:      3363               |
+-------------------------------------------+
Number of packet traces with races: 0
Number of packet inconsistencies:  0
Number of packet inconsistencies that are actually consistent (covered):  0
Number of packet inconsistencies the first race is already inconsistent:  0
Number of packet inconsistencies after trimming repeated races:  0
Number of packet inconsistent updates:  0
Number of races:  11087
Number of races filtered by time:  3363
Number of commuting races:  7724
Number of harmful races:  0
Number of covered races:  0
Number of versions: 80
Inconsistent updates: 0
Done. Time elapsed: 6.72455811501 s
load_trace: 3.37167000771 s
detect_races: 1.46250915527 s
extract_traces_time: 0.930338859558 s
find_reactive_cmds_time: 0.00309300422668 s
find_proactive_cmds_time: 0.0974581241608 s
find_covered_races_time: 0.857591867447 s
per_packet_inconsistent_time: 0.00182008743286 s
find_inconsistent_update_time: -2.69412994385e-05 s
Read 1846 events.
Added 1749 events.
Total write operations: 61
Total read operations: 516
Processing 1830 w/w combinations
Updating has_path path cache...
10% 
20% 
30% 
40% 
50% 
60% 
70% 
80% 
90% 
100% 
Processing 31476 r/w combinations
10% 
20% 
30% 
40% 
50% 
60% 
70% 
80% 
90% 
100% 
Updating has_path path cache...
+-------------------------------------------+
| Total operations:      577                |
| Total write operations: 61                |
| Total read operations:  516               |
+-------------------------------------------+
| Total commuting races: 7724               |
| Total harmful races:   236                |
| Total filtered races:  0                  |
| Total Time Filtered races:  3127          |
| Total Time Edges:      3127               |
+-------------------------------------------+
Number of packet traces with races: 72
Number of packet inconsistencies:  36
Number of packet inconsistencies that are actually consistent (covered):  0
Number of packet inconsistencies the first race is already inconsistent:  36
Number of packet inconsistencies after trimming repeated races:  33
Number of packet inconsistent updates:  64
Number of races:  11087
Number of races filtered by time:  3127
Number of commuting races:  7724
Number of harmful races:  236
Number of covered races:  0
Number of versions: 80
Inconsistent updates: 21
Done. Time elapsed: 6.39048886299 s
load_trace: 3.34734988213 s
detect_races: 1.22323608398 s
extract_traces_time: 0.156391859055 s
find_reactive_cmds_time: 0.00354504585266 s
find_proactive_cmds_time: 0.0817580223083 s
find_covered_races_time: 1.51648902893 s
per_packet_inconsistent_time: 0.0608530044556 s
find_inconsistent_update_time: -0.000817060470581 s
Read 1846 events.
Added 1749 events.
Total write operations: 61
Total read operations: 516
Processing 1830 w/w combinations
Updating has_path path cache...
10% 
20% 
30% 
40% 
50% 
60% 
70% 
80% 
90% 
100% 
Processing 31476 r/w combinations
10% 
20% 
30% 
40% 
50% 
60% 
70% 
80% 
90% 
100% 
Updating has_path path cache...
+-------------------------------------------+
| Total operations:      577                |
| Total write operations: 61                |
| Total read operations:  516               |
+-------------------------------------------+
| Total commuting races: 7724               |
| Total harmful races:   528                |
| Total filtered races:  0                  |
| Total Time Filtered races:  2835          |
| Total Time Edges:      2835               |
+-------------------------------------------+
Number of packet traces with races: 102
Number of packet inconsistencies:  55
Number of packet inconsistencies that are actually consistent (covered):  0
Number of packet inconsistencies the first race is already inconsistent:  47
Number of packet inconsistencies after trimming repeated races:  47
Number of packet inconsistent updates:  172
Number of races:  11087
Number of races filtered by time:  2835
Number of commuting races:  7724
Number of harmful races:  525
Number of covered races:  3
Number of versions: 80
Inconsistent updates: 53
Done. Time elapsed: 6.12366700172 s
load_trace: 3.19061493874 s
detect_races: 1.16979002953 s
extract_traces_time: 0.0954151153564 s
find_reactive_cmds_time: 0.00307989120483 s
find_proactive_cmds_time: 0.0839741230011 s
find_covered_races_time: 1.41815304756 s
per_packet_inconsistent_time: 0.15994977951 s
find_inconsistent_update_time: -0.00263500213623 s
Read 1846 events.
Added 1749 events.
Total write operations: 61
Total read operations: 516
Processing 1830 w/w combinations
Updating has_path path cache...
10% 
20% 
30% 
40% 
50% 
60% 
70% 
80% 
90% 
100% 
Processing 31476 r/w combinations
10% 
20% 
30% 
40% 
50% 
60% 
70% 
80% 
90% 
100% 
Updating has_path path cache...
+-------------------------------------------+
| Total operations:      577                |
| Total write operations: 61                |
| Total read operations:  516               |
+-------------------------------------------+
| Total commuting races: 7724               |
| Total harmful races:   853                |
| Total filtered races:  0                  |
| Total Time Filtered races:  2510          |
| Total Time Edges:      2510               |
+-------------------------------------------+
Number of packet traces with races: 126
Number of packet inconsistencies:  72
Number of packet inconsistencies that are actually consistent (covered):  0
Number of packet inconsistencies the first race is already inconsistent:  54
Number of packet inconsistencies after trimming repeated races:  58
Number of packet inconsistent updates:  248
Number of races:  11087
Number of races filtered by time:  2510
Number of commuting races:  7724
Number of harmful races:  843
Number of covered races:  10
Number of versions: 80
Inconsistent updates: 72
Done. Time elapsed: 6.84205508232 s
load_trace: 3.29352211952 s
detect_races: 1.11878180504 s
extract_traces_time: 0.0821371078491 s
find_reactive_cmds_time: 0.00384998321533 s
find_proactive_cmds_time: 0.0838799476624 s
find_covered_races_time: 2.03687095642 s
per_packet_inconsistent_time: 0.219716072083 s
find_inconsistent_update_time: -0.00324511528015 s
Read 1846 events.
Added 1749 events.
Total write operations: 61
Total read operations: 516
Processing 1830 w/w combinations
Updating has_path path cache...
10% 
20% 
30% 
40% 
50% 
60% 
70% 
80% 
90% 
100% 
Processing 31476 r/w combinations
10% 
20% 
30% 
40% 
50% 
60% 
70% 
80% 
90% 
100% 
Updating has_path path cache...
+-------------------------------------------+
| Total operations:      577                |
| Total write operations: 61                |
| Total read operations:  516               |
+-------------------------------------------+
| Total commuting races: 7724               |
| Total harmful races:   1225               |
| Total filtered races:  0                  |
| Total Time Filtered races:  2138          |
| Total Time Edges:      2138               |
+-------------------------------------------+
Number of packet traces with races: 150
Number of packet inconsistencies:  87
Number of packet inconsistencies that are actually consistent (covered):  4
Number of packet inconsistencies the first race is already inconsistent:  59
Number of packet inconsistencies after trimming repeated races:  69
Number of packet inconsistent updates:  332
Number of races:  11087
Number of races filtered by time:  2138
Number of commuting races:  7724
Number of harmful races:  1195
Number of covered races:  30
Number of versions: 80
Inconsistent updates: 90
Done. Time elapsed: 8.15215301514 s
load_trace: 3.64650917053 s
detect_races: 1.08698892593 s
extract_traces_time: 0.0773549079895 s
find_reactive_cmds_time: 0.00388503074646 s
find_proactive_cmds_time: 0.0873980522156 s
find_covered_races_time: 2.91544890404 s
per_packet_inconsistent_time: 0.328924179077 s
find_inconsistent_update_time: -0.00557899475098 s
Read 1846 events.
Added 1749 events.
Total write operations: 61
Total read operations: 516
Processing 1830 w/w combinations
Updating has_path path cache...
10% 
20% 
30% 
40% 
50% 
60% 
70% 
80% 
90% 
100% 
Processing 31476 r/w combinations
10% 
20% 
30% 
40% 
50% 
60% 
70% 
80% 
90% 
100% 
Updating has_path path cache...
+-------------------------------------------+
| Total operations:      577                |
| Total write operations: 61                |
| Total read operations:  516               |
+-------------------------------------------+
| Total commuting races: 7724               |
| Total harmful races:   1556               |
| Total filtered races:  0                  |
| Total Time Filtered races:  1807          |
| Total Time Edges:      1807               |
+-------------------------------------------+
Number of packet traces with races: 166
Number of packet inconsistencies:  99
Number of packet inconsistencies that are actually consistent (covered):  7
Number of packet inconsistencies the first race is already inconsistent:  60
Number of packet inconsistencies after trimming repeated races:  77
Number of packet inconsistent updates:  364
Number of races:  11087
Number of races filtered by time:  1807
Number of commuting races:  7724
Number of harmful races:  1499
Number of covered races:  57
Number of versions: 80
Inconsistent updates: 98
Done. Time elapsed: 8.65079402924 s
load_trace: 3.24882602692 s
detect_races: 1.10380101204 s
extract_traces_time: 0.0782549381256 s
find_reactive_cmds_time: 0.00300002098083 s
find_proactive_cmds_time: 0.0911560058594 s
find_covered_races_time: 3.68826603889 s
per_packet_inconsistent_time: 0.431720972061 s
find_inconsistent_update_time: -0.00570702552795 s
Read 1846 events.
Added 1749 events.
Total write operations: 61
Total read operations: 516
Processing 1830 w/w combinations
Updating has_path path cache...
10% 
20% 
30% 
40% 
50% 
60% 
70% 
80% 
90% 
100% 
Processing 31476 r/w combinations
10% 
20% 
30% 
40% 
50% 
60% 
70% 
80% 
90% 
100% 
Updating has_path path cache...
+-------------------------------------------+
| Total operations:      577                |
| Total write operations: 61                |
| Total read operations:  516               |
+-------------------------------------------+
| Total commuting races: 7724               |
| Total harmful races:   1858               |
| Total filtered races:  0                  |
| Total Time Filtered races:  1505          |
| Total Time Edges:      1505               |
+-------------------------------------------+
Number of packet traces with races: 185
Number of packet inconsistencies:  111
Number of packet inconsistencies that are actually consistent (covered):  14
Number of packet inconsistencies the first race is already inconsistent:  60
Number of packet inconsistencies after trimming repeated races:  85
Number of packet inconsistent updates:  368
Number of races:  11087
Number of races filtered by time:  1505
Number of commuting races:  7724
Number of harmful races:  1765
Number of covered races:  93
Number of versions: 80
Inconsistent updates: 100
Done. Time elapsed: 12.6031980515 s
load_trace: 3.39536094666 s
detect_races: 1.05661296844 s
extract_traces_time: 0.09645819664 s
find_reactive_cmds_time: 0.00333690643311 s
find_proactive_cmds_time: 0.0921149253845 s
find_covered_races_time: 6.98092007637 s
per_packet_inconsistent_time: 0.967511892319 s
find_inconsistent_update_time: -0.0108032226562 s
Read 1846 events.
Added 1749 events.
Total write operations: 61
Total read operations: 516
Processing 1830 w/w combinations
Updating has_path path cache...
10% 
20% 
30% 
40% 
50% 
60% 
70% 
80% 
90% 
100% 
Processing 31476 r/w combinations
10% 
20% 
30% 
40% 
50% 
60% 
70% 
80% 
90% 
100% 
Updating has_path path cache...
+-------------------------------------------+
| Total operations:      577                |
| Total write operations: 61                |
| Total read operations:  516               |
+-------------------------------------------+
| Total commuting races: 7724               |
| Total harmful races:   2169               |
| Total filtered races:  0                  |
| Total Time Filtered races:  1194          |
| Total Time Edges:      1194               |
+-------------------------------------------+
Number of packet traces with races: 206
Number of packet inconsistencies:  129
Number of packet inconsistencies that are actually consistent (covered):  23
Number of packet inconsistencies the first race is already inconsistent:  54
Number of packet inconsistencies after trimming repeated races:  92
Number of packet inconsistent updates:  368
Number of races:  11087
Number of races filtered by time:  1194
Number of commuting races:  7724
Number of harmful races:  2016
Number of covered races:  153
Number of versions: 80
Inconsistent updates: 100
Done. Time elapsed: 17.8528959751 s
load_trace: 5.99600076675 s
detect_races: 1.98160409927 s
extract_traces_time: 0.113670110703 s
find_reactive_cmds_time: 0.005126953125 s
find_proactive_cmds_time: 0.137663841248 s
find_covered_races_time: 8.50232720375 s
per_packet_inconsistent_time: 1.10624098778 s
find_inconsistent_update_time: -0.0101699829102 s
Read 1846 events.
Added 1749 events.
Total write operations: 61
Total read operations: 516
Processing 1830 w/w combinations
Updating has_path path cache...
10% 
20% 
30% 
40% 
50% 
60% 
70% 
80% 
90% 
100% 
Processing 31476 r/w combinations
10% 
20% 
30% 
40% 
50% 
60% 
70% 
80% 
90% 
100% 
Updating has_path path cache...
+-------------------------------------------+
| Total operations:      577                |
| Total write operations: 61                |
| Total read operations:  516               |
+-------------------------------------------+
| Total commuting races: 7724               |
| Total harmful races:   2459               |
| Total filtered races:  0                  |
| Total Time Filtered races:  904           |
| Total Time Edges:      904                |
+-------------------------------------------+
Number of packet traces with races: 219
Number of packet inconsistencies:  142
Number of packet inconsistencies that are actually consistent (covered):  25
Number of packet inconsistencies the first race is already inconsistent:  52
Number of packet inconsistencies after trimming repeated races:  89
Number of packet inconsistent updates:  368
Number of races:  11087
Number of races filtered by time:  904
Number of commuting races:  7724
Number of harmful races:  2243
Number of covered races:  216
Number of versions: 80
Inconsistent updates: 100
Done. Time elapsed: 13.0815210342 s
load_trace: 5.76951503754 s
detect_races: 1.72853589058 s
extract_traces_time: 0.0594580173492 s
find_reactive_cmds_time: 0.00200915336609 s
find_proactive_cmds_time: 0.0899889469147 s
find_covered_races_time: 4.71243596077 s
per_packet_inconsistent_time: 0.711559057236 s
find_inconsistent_update_time: -0.00646185874939 s
Read 1846 events.
Added 1749 events.
Total write operations: 61
Total read operations: 516
Processing 1830 w/w combinations
Updating has_path path cache...
10% 
20% 
30% 
40% 
50% 
60% 
70% 
80% 
90% 
100% 
Processing 31476 r/w combinations
10% 
20% 
30% 
40% 
50% 
60% 
70% 
80% 
90% 
100% 
Updating has_path path cache...
+-------------------------------------------+
| Total operations:      577                |
| Total write operations: 61                |
| Total read operations:  516               |
+-------------------------------------------+
| Total commuting races: 7724               |
| Total harmful races:   2727               |
| Total filtered races:  0                  |
| Total Time Filtered races:  636           |
| Total Time Edges:      636                |
+-------------------------------------------+
Number of packet traces with races: 229
Number of packet inconsistencies:  151
Number of packet inconsistencies that are actually consistent (covered):  32
Number of packet inconsistencies the first race is already inconsistent:  46
Number of packet inconsistencies after trimming repeated races:  87
Number of packet inconsistent updates:  368
Number of races:  11087
Number of races filtered by time:  636
Number of commuting races:  7724
Number of harmful races:  2456
Number of covered races:  271
Number of versions: 80
Inconsistent updates: 100
Done. Time elapsed: 10.2994351387 s
load_trace: 3.30743408203 s
detect_races: 0.962012052536 s
extract_traces_time: 0.0659890174866 s
find_reactive_cmds_time: 0.00297784805298 s
find_proactive_cmds_time: 0.102435112 s
find_covered_races_time: 4.91261482239 s
per_packet_inconsistent_time: 0.936107158661 s
find_inconsistent_update_time: -0.00986504554749 s
Read 1846 events.
Added 1749 events.
Total write operations: 61
Total read operations: 516
Processing 1830 w/w combinations
Updating has_path path cache...
10% 
20% 
30% 
40% 
50% 
60% 
70% 
80% 
90% 
100% 
Processing 31476 r/w combinations
10% 
20% 
30% 
40% 
50% 
60% 
70% 
80% 
90% 
100% 
Updating has_path path cache...
+-------------------------------------------+
| Total operations:      577                |
| Total write operations: 61                |
| Total read operations:  516               |
+-------------------------------------------+
| Total commuting races: 7724               |
| Total harmful races:   2962               |
| Total filtered races:  0                  |
| Total Time Filtered races:  401           |
| Total Time Edges:      401                |
+-------------------------------------------+
Number of packet traces with races: 233
Number of packet inconsistencies:  154
Number of packet inconsistencies that are actually consistent (covered):  37
Number of packet inconsistencies the first race is already inconsistent:  42
Number of packet inconsistencies after trimming repeated races:  81
Number of packet inconsistent updates:  368
Number of races:  11087
Number of races filtered by time:  401
Number of commuting races:  7724
Number of harmful races:  2654
Number of covered races:  308
Number of versions: 80
Inconsistent updates: 100
Done. Time elapsed: 9.49886107445 s
load_trace: 3.33431601524 s
detect_races: 0.89018702507 s
extract_traces_time: 0.0553770065308 s
find_reactive_cmds_time: 0.00249290466309 s
find_proactive_cmds_time: 0.0929789543152 s
find_covered_races_time: 4.25663399696 s
per_packet_inconsistent_time: 0.859373092651 s
find_inconsistent_update_time: -0.0074450969696 s
