Read 1341 events.
Added 1178 events.
Total write operations: 100
Total read operations: 205
Processing 4950 w/w combinations
Updating has_path path cache...
10% 
20% 
30% 
40% 
50% 
60% 
70% 
80% 
90% 
100% 
Processing 20500 r/w combinations
10% 
20% 
30% 
40% 
50% 
60% 
70% 
80% 
90% 
100% 
Updating has_path path cache...
+-------------------------------------------+
| Total operations:      305                |
| Total write operations: 100               |
| Total read operations:  205               |
+-------------------------------------------+
| Total commuting races: 5287               |
| Total harmful races:   1160               |
| Total filtered races:  0                  |
| Total Time Filtered races:  0             |
| Total Time Edges:      0                  |
+-------------------------------------------+
Number of packet traces with races: 77
Number of packet inconsistencies:  57
Number of packet inconsistencies that are actually consistent (covered):  20
Number of packet inconsistencies the first race is already inconsistent:  0
Number of packet inconsistencies after trimming repeated races:  28
Number of packet inconsistent updates:  278
Number of races:  6447
Number of races filtered by time:  0
Number of commuting races:  5287
Number of harmful races:  307
Number of covered races:  853
Number of versions: 41
Inconsistent updates: 43
Done. Time elapsed: 5.34400010109 s
load_trace: 3.78000116348 s
detect_races: 0.583999872208 s
extract_traces_time: 0.0759990215302 s
find_reactive_cmds_time: 0.00800108909607 s
find_proactive_cmds_time: 0.0864560604095 s
find_covered_races_time: 0.697543859482 s
per_packet_inconsistent_time: 0.10799908638 s
find_inconsistent_update_time: -0.00399994850159 s
Read 1341 events.
Added 1178 events.
Total write operations: 100
Total read operations: 205
Processing 4950 w/w combinations
Updating has_path path cache...
10% 
20% 
30% 
40% 
50% 
60% 
70% 
80% 
90% 
100% 
Processing 20500 r/w combinations
10% 
20% 
30% 
40% 
50% 
60% 
70% 
80% 
90% 
100% 
Updating has_path path cache...
+-------------------------------------------+
| Total operations:      305                |
| Total write operations: 100               |
| Total read operations:  205               |
+-------------------------------------------+
| Total commuting races: 5287               |
| Total harmful races:   0                  |
| Total filtered races:  0                  |
| Total Time Filtered races:  1160          |
| Total Time Edges:      1160               |
+-------------------------------------------+
Number of packet traces with races: 0
Number of packet inconsistencies:  0
Number of packet inconsistencies that are actually consistent (covered):  0
Number of packet inconsistencies the first race is already inconsistent:  0
Number of packet inconsistencies after trimming repeated races:  0
Number of packet inconsistent updates:  0
Number of races:  6447
Number of races filtered by time:  1160
Number of commuting races:  5287
Number of harmful races:  0
Number of covered races:  0
Number of versions: 41
Inconsistent updates: 0
Done. Time elapsed: 5.03600502014 s
load_trace: 3.82000398636 s
detect_races: 0.719997167587 s
extract_traces_time: 0.131999969482 s
find_reactive_cmds_time: 0.0040009021759 s
find_proactive_cmds_time: 0.16799902916 s
find_covered_races_time: 0.192003965378 s
per_packet_inconsistent_time: 0.0 s
find_inconsistent_update_time: 0.0 s
Read 1341 events.
Added 1178 events.
Total write operations: 100
Total read operations: 205
Processing 4950 w/w combinations
Updating has_path path cache...
10% 
20% 
30% 
40% 
50% 
60% 
70% 
80% 
90% 
100% 
Processing 20500 r/w combinations
10% 
20% 
30% 
40% 
50% 
60% 
70% 
80% 
90% 
100% 
Updating has_path path cache...
+-------------------------------------------+
| Total operations:      305                |
| Total write operations: 100               |
| Total read operations:  205               |
+-------------------------------------------+
| Total commuting races: 5287               |
| Total harmful races:   21                 |
| Total filtered races:  0                  |
| Total Time Filtered races:  1139          |
| Total Time Edges:      1139               |
+-------------------------------------------+
Number of packet traces with races: 14
Number of packet inconsistencies:  13
Number of packet inconsistencies that are actually consistent (covered):  0
Number of packet inconsistencies the first race is already inconsistent:  1
Number of packet inconsistencies after trimming repeated races:  11
Number of packet inconsistent updates:  6
Number of races:  6447
Number of races filtered by time:  1139
Number of commuting races:  5287
Number of harmful races:  21
Number of covered races:  0
Number of versions: 41
Inconsistent updates: 1
Done. Time elapsed: 5.00400018692 s
load_trace: 3.74027705193 s
detect_races: 0.723722934723 s
extract_traces_time: 0.123999118805 s
find_reactive_cmds_time: 0.00426292419434 s
find_proactive_cmds_time: 0.163736104965 s
find_covered_races_time: 0.24002289772 s
per_packet_inconsistent_time: 0.00797915458679 s
find_inconsistent_update_time: 0.0 s
Read 1341 events.
Added 1178 events.
Total write operations: 100
Total read operations: 205
Processing 4950 w/w combinations
Updating has_path path cache...
10% 
20% 
30% 
40% 
50% 
60% 
70% 
80% 
90% 
100% 
Processing 20500 r/w combinations
10% 
20% 
30% 
40% 
50% 
60% 
70% 
80% 
90% 
100% 
Updating has_path path cache...
+-------------------------------------------+
| Total operations:      305                |
| Total write operations: 100               |
| Total read operations:  205               |
+-------------------------------------------+
| Total commuting races: 5287               |
| Total harmful races:   36                 |
| Total filtered races:  0                  |
| Total Time Filtered races:  1124          |
| Total Time Edges:      1124               |
+-------------------------------------------+
Number of packet traces with races: 20
Number of packet inconsistencies:  19
Number of packet inconsistencies that are actually consistent (covered):  0
Number of packet inconsistencies the first race is already inconsistent:  1
Number of packet inconsistencies after trimming repeated races:  16
Number of packet inconsistent updates:  6
Number of races:  6447
Number of races filtered by time:  1124
Number of commuting races:  5287
Number of harmful races:  36
Number of covered races:  0
Number of versions: 41
Inconsistent updates: 1
Done. Time elapsed: 4.99199986458 s
load_trace: 3.81600284576 s
detect_races: 0.699998140335 s
extract_traces_time: 0.111999034882 s
find_reactive_cmds_time: 0.00702595710754 s
find_proactive_cmds_time: 0.0809760093689 s
find_covered_races_time: 0.267998933792 s
per_packet_inconsistent_time: 0.00799894332886 s
find_inconsistent_update_time: 0.0 s
Read 1341 events.
Added 1178 events.
Total write operations: 100
Total read operations: 205
Processing 4950 w/w combinations
Updating has_path path cache...
10% 
20% 
30% 
40% 
50% 
60% 
70% 
80% 
90% 
100% 
Processing 20500 r/w combinations
10% 
20% 
30% 
40% 
50% 
60% 
70% 
80% 
90% 
100% 
Updating has_path path cache...
+-------------------------------------------+
| Total operations:      305                |
| Total write operations: 100               |
| Total read operations:  205               |
+-------------------------------------------+
| Total commuting races: 5287               |
| Total harmful races:   51                 |
| Total filtered races:  0                  |
| Total Time Filtered races:  1109          |
| Total Time Edges:      1109               |
+-------------------------------------------+
Number of packet traces with races: 26
Number of packet inconsistencies:  22
Number of packet inconsistencies that are actually consistent (covered):  0
Number of packet inconsistencies the first race is already inconsistent:  4
Number of packet inconsistencies after trimming repeated races:  16
Number of packet inconsistent updates:  12
Number of races:  6447
Number of races filtered by time:  1109
Number of commuting races:  5287
Number of harmful races:  51
Number of covered races:  0
Number of versions: 41
Inconsistent updates: 2
Done. Time elapsed: 5.0360250473 s
load_trace: 3.82000112534 s
detect_races: 0.695999860764 s
extract_traces_time: 0.111999988556 s
find_reactive_cmds_time: 0.00399899482727 s
find_proactive_cmds_time: 0.0840001106262 s
find_covered_races_time: 0.307999849319 s
per_packet_inconsistent_time: 0.0120251178741 s
find_inconsistent_update_time: 0.0 s
Read 1341 events.
Added 1178 events.
Total write operations: 100
Total read operations: 205
Processing 4950 w/w combinations
Updating has_path path cache...
10% 
20% 
30% 
40% 
50% 
60% 
70% 
80% 
90% 
100% 
Processing 20500 r/w combinations
10% 
20% 
30% 
40% 
50% 
60% 
70% 
80% 
90% 
100% 
Updating has_path path cache...
+-------------------------------------------+
| Total operations:      305                |
| Total write operations: 100               |
| Total read operations:  205               |
+-------------------------------------------+
| Total commuting races: 5287               |
| Total harmful races:   61                 |
| Total filtered races:  0                  |
| Total Time Filtered races:  1099          |
| Total Time Edges:      1099               |
+-------------------------------------------+
Number of packet traces with races: 28
Number of packet inconsistencies:  26
Number of packet inconsistencies that are actually consistent (covered):  0
Number of packet inconsistencies the first race is already inconsistent:  2
Number of packet inconsistencies after trimming repeated races:  19
Number of packet inconsistent updates:  12
Number of races:  6447
Number of races filtered by time:  1099
Number of commuting races:  5287
Number of harmful races:  61
Number of covered races:  0
Number of versions: 41
Inconsistent updates: 2
Done. Time elapsed: 5.01999998093 s
load_trace: 3.78800106049 s
detect_races: 0.699998855591 s
extract_traces_time: 0.108000040054 s
find_reactive_cmds_time: 0.00400018692017 s
find_proactive_cmds_time: 0.0839998722076 s
find_covered_races_time: 0.324000120163 s
per_packet_inconsistent_time: 0.0119998455048 s
find_inconsistent_update_time: 0.0 s
Read 1341 events.
Added 1178 events.
Total write operations: 100
Total read operations: 205
Processing 4950 w/w combinations
Updating has_path path cache...
10% 
20% 
30% 
40% 
50% 
60% 
70% 
80% 
90% 
100% 
Processing 20500 r/w combinations
10% 
20% 
30% 
40% 
50% 
60% 
70% 
80% 
90% 
100% 
Updating has_path path cache...
+-------------------------------------------+
| Total operations:      305                |
| Total write operations: 100               |
| Total read operations:  205               |
+-------------------------------------------+
| Total commuting races: 5287               |
| Total harmful races:   81                 |
| Total filtered races:  0                  |
| Total Time Filtered races:  1079          |
| Total Time Edges:      1079               |
+-------------------------------------------+
Number of packet traces with races: 33
Number of packet inconsistencies:  31
Number of packet inconsistencies that are actually consistent (covered):  0
Number of packet inconsistencies the first race is already inconsistent:  2
Number of packet inconsistencies after trimming repeated races:  22
Number of packet inconsistent updates:  18
Number of races:  6447
Number of races filtered by time:  1079
Number of commuting races:  5287
Number of harmful races:  81
Number of covered races:  0
Number of versions: 41
Inconsistent updates: 3
Done. Time elapsed: 5.0600001812 s
load_trace: 3.81600117683 s
detect_races: 0.675999879837 s
extract_traces_time: 0.104000091553 s
find_reactive_cmds_time: 0.00399994850159 s
find_proactive_cmds_time: 0.0799999237061 s
find_covered_races_time: 0.364000082016 s
per_packet_inconsistent_time: 0.0159990787506 s
find_inconsistent_update_time: 0.0 s
Read 1341 events.
Added 1178 events.
Total write operations: 100
Total read operations: 205
Processing 4950 w/w combinations
Updating has_path path cache...
10% 
20% 
30% 
40% 
50% 
60% 
70% 
80% 
90% 
100% 
Processing 20500 r/w combinations
10% 
20% 
30% 
40% 
50% 
60% 
70% 
80% 
90% 
100% 
Updating has_path path cache...
+-------------------------------------------+
| Total operations:      305                |
| Total write operations: 100               |
| Total read operations:  205               |
+-------------------------------------------+
| Total commuting races: 5287               |
| Total harmful races:   119                |
| Total filtered races:  0                  |
| Total Time Filtered races:  1041          |
| Total Time Edges:      1041               |
+-------------------------------------------+
Number of packet traces with races: 40
Number of packet inconsistencies:  35
Number of packet inconsistencies that are actually consistent (covered):  1
Number of packet inconsistencies the first race is already inconsistent:  4
Number of packet inconsistencies after trimming repeated races:  25
Number of packet inconsistent updates:  36
Number of races:  6447
Number of races filtered by time:  1041
Number of commuting races:  5287
Number of harmful races:  118
Number of covered races:  1
Number of versions: 41
Inconsistent updates: 6
Done. Time elapsed: 5.15999507904 s
load_trace: 3.83599495888 s
detect_races: 0.724000930786 s
extract_traces_time: 0.0959990024567 s
find_reactive_cmds_time: 0.0040020942688 s
find_proactive_cmds_time: 0.0839989185333 s
find_covered_races_time: 0.400001049042 s
per_packet_inconsistent_time: 0.0159981250763 s
find_inconsistent_update_time: 0.0 s
Read 1341 events.
Added 1178 events.
Total write operations: 100
Total read operations: 205
Processing 4950 w/w combinations
Updating has_path path cache...
10% 
20% 
30% 
40% 
50% 
60% 
70% 
80% 
90% 
100% 
Processing 20500 r/w combinations
10% 
20% 
30% 
40% 
50% 
60% 
70% 
80% 
90% 
100% 
Updating has_path path cache...
+-------------------------------------------+
| Total operations:      305                |
| Total write operations: 100               |
| Total read operations:  205               |
+-------------------------------------------+
| Total commuting races: 5287               |
| Total harmful races:   139                |
| Total filtered races:  0                  |
| Total Time Filtered races:  1021          |
| Total Time Edges:      1021               |
+-------------------------------------------+
Number of packet traces with races: 47
Number of packet inconsistencies:  39
Number of packet inconsistencies that are actually consistent (covered):  1
Number of packet inconsistencies the first race is already inconsistent:  7
Number of packet inconsistencies after trimming repeated races:  26
Number of packet inconsistent updates:  36
Number of races:  6447
Number of races filtered by time:  1021
Number of commuting races:  5287
Number of harmful races:  138
Number of covered races:  1
Number of versions: 41
Inconsistent updates: 6
Done. Time elapsed: 5.29600095749 s
load_trace: 3.89599990845 s
detect_races: 0.759999990463 s
extract_traces_time: 0.0960009098053 s
find_reactive_cmds_time: 0.00400018692017 s
find_proactive_cmds_time: 0.0879988670349 s
find_covered_races_time: 0.428002119064 s
per_packet_inconsistent_time: 0.0239989757538 s
find_inconsistent_update_time: 0.0 s
Read 1341 events.
Added 1178 events.
Total write operations: 100
Total read operations: 205
Processing 4950 w/w combinations
Updating has_path path cache...
10% 
20% 
30% 
40% 
50% 
60% 
70% 
80% 
90% 
100% 
Processing 20500 r/w combinations
10% 
20% 
30% 
40% 
50% 
60% 
70% 
80% 
90% 
100% 
Updating has_path path cache...
+-------------------------------------------+
| Total operations:      305                |
| Total write operations: 100               |
| Total read operations:  205               |
+-------------------------------------------+
| Total commuting races: 5287               |
| Total harmful races:   170                |
| Total filtered races:  0                  |
| Total Time Filtered races:  990           |
| Total Time Edges:      990                |
+-------------------------------------------+
Number of packet traces with races: 55
Number of packet inconsistencies:  43
Number of packet inconsistencies that are actually consistent (covered):  1
Number of packet inconsistencies the first race is already inconsistent:  11
Number of packet inconsistencies after trimming repeated races:  26
Number of packet inconsistent updates:  38
Number of races:  6447
Number of races filtered by time:  990
Number of commuting races:  5287
Number of harmful races:  158
Number of covered races:  12
Number of versions: 41
Inconsistent updates: 7
Done. Time elapsed: 6.03600215912 s
load_trace: 4.65199804306 s
detect_races: 0.672001123428 s
extract_traces_time: 0.0919990539551 s
find_reactive_cmds_time: 0.0040009021759 s
find_proactive_cmds_time: 0.0839989185333 s
find_covered_races_time: 0.50400018692 s
per_packet_inconsistent_time: 0.0280039310455 s
find_inconsistent_update_time: 0.0 s
Read 1341 events.
Added 1178 events.
Total write operations: 100
Total read operations: 205
Processing 4950 w/w combinations
Updating has_path path cache...
10% 
20% 
30% 
40% 
50% 
60% 
70% 
80% 
90% 
100% 
Processing 20500 r/w combinations
10% 
20% 
30% 
40% 
50% 
60% 
70% 
80% 
90% 
100% 
Updating has_path path cache...
+-------------------------------------------+
| Total operations:      305                |
| Total write operations: 100               |
| Total read operations:  205               |
+-------------------------------------------+
| Total commuting races: 5287               |
| Total harmful races:   200                |
| Total filtered races:  0                  |
| Total Time Filtered races:  960           |
| Total Time Edges:      960                |
+-------------------------------------------+
Number of packet traces with races: 61
Number of packet inconsistencies:  46
Number of packet inconsistencies that are actually consistent (covered):  3
Number of packet inconsistencies the first race is already inconsistent:  12
Number of packet inconsistencies after trimming repeated races:  29
Number of packet inconsistent updates:  42
Number of races:  6447
Number of races filtered by time:  960
Number of commuting races:  5287
Number of harmful races:  178
Number of covered races:  22
Number of versions: 41
Inconsistent updates: 7
Done. Time elapsed: 5.59999704361 s
load_trace: 4.14799785614 s
detect_races: 0.688000202179 s
extract_traces_time: 0.0960149765015 s
find_reactive_cmds_time: 0.00398588180542 s
find_proactive_cmds_time: 0.0888180732727 s
find_covered_races_time: 0.547179937363 s
per_packet_inconsistent_time: 0.0280001163483 s
find_inconsistent_update_time: 0.0 s
Read 1341 events.
Added 1178 events.
Total write operations: 100
Total read operations: 205
Processing 4950 w/w combinations
Updating has_path path cache...
10% 
20% 
30% 
40% 
50% 
60% 
70% 
80% 
90% 
100% 
Processing 20500 r/w combinations
10% 
20% 
30% 
40% 
50% 
60% 
70% 
80% 
90% 
100% 
Updating has_path path cache...
+-------------------------------------------+
| Total operations:      305                |
| Total write operations: 100               |
| Total read operations:  205               |
+-------------------------------------------+
| Total commuting races: 5287               |
| Total harmful races:   241                |
| Total filtered races:  0                  |
| Total Time Filtered races:  919           |
| Total Time Edges:      919                |
+-------------------------------------------+
Number of packet traces with races: 65
Number of packet inconsistencies:  48
Number of packet inconsistencies that are actually consistent (covered):  4
Number of packet inconsistencies the first race is already inconsistent:  13
Number of packet inconsistencies after trimming repeated races:  32
Number of packet inconsistent updates:  52
Number of races:  6447
Number of races filtered by time:  919
Number of commuting races:  5287
Number of harmful races:  200
Number of covered races:  41
Number of versions: 41
Inconsistent updates: 9
Done. Time elapsed: 5.54800009727 s
load_trace: 4.09199905396 s
detect_races: 0.655999898911 s
extract_traces_time: 0.0920009613037 s
find_reactive_cmds_time: 0.00399899482727 s
find_proactive_cmds_time: 0.0920011997223 s
find_covered_races_time: 0.580030918121 s
per_packet_inconsistent_time: 0.0319690704346 s
find_inconsistent_update_time: 0.0 s
