Read 712 events.
Added 701 events.
Total write operations: 27
Total read operations: 138
Processing 351 w/w combinations
Updating has_path path cache...
10% 
20% 
30% 
40% 
50% 
60% 
70% 
80% 
90% 
100% 
Processing 3726 r/w combinations
10% 
20% 
30% 
40% 
50% 
60% 
70% 
80% 
90% 
100% 
Updating has_path path cache...
+-------------------------------------------+
| Total operations:      165                |
| Total write operations: 27                |
| Total read operations:  138               |
+-------------------------------------------+
| Total commuting races: 3651               |
| Total harmful races:   327                |
| Total filtered races:  0                  |
| Total Time Filtered races:  0             |
| Total Time Edges:      0                  |
+-------------------------------------------+
Number of packet traces with races: 135
Number of packet inconsistencies:  0
Number of packet inconsistencies that are actually consistent (covered):  120
Number of packet inconsistencies the first race is already inconsistent:  15
Number of packet inconsistencies after trimming repeated races:  0
Number of packet inconsistent updates:  32
Number of races:  3978
Number of races filtered by time:  0
Number of commuting races:  3651
Number of harmful races:  207
Number of covered races:  120
Number of versions: 21
Inconsistent updates: 16
Done. Time elapsed: 1.69307804108 s
load_trace: 1.11315703392 s
detect_races: 0.33152794838 s
extract_traces_time: 0.0260581970215 s
find_reactive_cmds_time: 0.000860929489136 s
find_proactive_cmds_time: 0.0816819667816 s
find_covered_races_time: 0.0812659263611 s
per_packet_inconsistent_time: 0.0576090812683 s
find_inconsistent_update_time: -0.000839948654175 s
Read 712 events.
Added 701 events.
Total write operations: 27
Total read operations: 138
Processing 351 w/w combinations
Updating has_path path cache...
10% 
20% 
30% 
40% 
50% 
60% 
70% 
80% 
90% 
100% 
Processing 3726 r/w combinations
10% 
20% 
30% 
40% 
50% 
60% 
70% 
80% 
90% 
100% 
Updating has_path path cache...
+-------------------------------------------+
| Total operations:      165                |
| Total write operations: 27                |
| Total read operations:  138               |
+-------------------------------------------+
| Total commuting races: 3651               |
| Total harmful races:   0                  |
| Total filtered races:  0                  |
| Total Time Filtered races:  327           |
| Total Time Edges:      327                |
+-------------------------------------------+
Number of packet traces with races: 0
Number of packet inconsistencies:  0
Number of packet inconsistencies that are actually consistent (covered):  0
Number of packet inconsistencies the first race is already inconsistent:  0
Number of packet inconsistencies after trimming repeated races:  0
Number of packet inconsistent updates:  0
Number of races:  3978
Number of races filtered by time:  327
Number of commuting races:  3651
Number of harmful races:  0
Number of covered races:  0
Number of versions: 21
Inconsistent updates: 0
Done. Time elapsed: 1.58993601799 s
load_trace: 1.07137489319 s
detect_races: 0.350906133652 s
extract_traces_time: 0.0469219684601 s
find_reactive_cmds_time: 0.000897884368896 s
find_proactive_cmds_time: 0.0872070789337 s
find_covered_races_time: 0.031555891037 s
per_packet_inconsistent_time: 0.00101017951965 s
find_inconsistent_update_time: -1.38282775879e-05 s
Read 712 events.
Added 701 events.
Total write operations: 27
Total read operations: 138
Processing 351 w/w combinations
Updating has_path path cache...
10% 
20% 
30% 
40% 
50% 
60% 
70% 
80% 
90% 
100% 
Processing 3726 r/w combinations
10% 
20% 
30% 
40% 
50% 
60% 
70% 
80% 
90% 
100% 
Updating has_path path cache...
+-------------------------------------------+
| Total operations:      165                |
| Total write operations: 27                |
| Total read operations:  138               |
+-------------------------------------------+
| Total commuting races: 3651               |
| Total harmful races:   13                 |
| Total filtered races:  0                  |
| Total Time Filtered races:  314           |
| Total Time Edges:      314                |
+-------------------------------------------+
Number of packet traces with races: 11
Number of packet inconsistencies:  0
Number of packet inconsistencies that are actually consistent (covered):  0
Number of packet inconsistencies the first race is already inconsistent:  11
Number of packet inconsistencies after trimming repeated races:  0
Number of packet inconsistent updates:  4
Number of races:  3978
Number of races filtered by time:  314
Number of commuting races:  3651
Number of harmful races:  13
Number of covered races:  0
Number of versions: 21
Inconsistent updates: 2
Done. Time elapsed: 1.45833706856 s
load_trace: 0.973074913025 s
detect_races: 0.320377111435 s
extract_traces_time: 0.0416231155396 s
find_reactive_cmds_time: 0.000846862792969 s
find_proactive_cmds_time: 0.0801479816437 s
find_covered_races_time: 0.0380289554596 s
per_packet_inconsistent_time: 0.00414419174194 s
find_inconsistent_update_time: -4.88758087158e-05 s
Read 712 events.
Added 701 events.
Total write operations: 27
Total read operations: 138
Processing 351 w/w combinations
Updating has_path path cache...
10% 
20% 
30% 
40% 
50% 
60% 
70% 
80% 
90% 
100% 
Processing 3726 r/w combinations
10% 
20% 
30% 
40% 
50% 
60% 
70% 
80% 
90% 
100% 
Updating has_path path cache...
+-------------------------------------------+
| Total operations:      165                |
| Total write operations: 27                |
| Total read operations:  138               |
+-------------------------------------------+
| Total commuting races: 3651               |
| Total harmful races:   24                 |
| Total filtered races:  0                  |
| Total Time Filtered races:  303           |
| Total Time Edges:      303                |
+-------------------------------------------+
Number of packet traces with races: 21
Number of packet inconsistencies:  0
Number of packet inconsistencies that are actually consistent (covered):  0
Number of packet inconsistencies the first race is already inconsistent:  21
Number of packet inconsistencies after trimming repeated races:  0
Number of packet inconsistent updates:  4
Number of races:  3978
Number of races filtered by time:  303
Number of commuting races:  3651
Number of harmful races:  24
Number of covered races:  0
Number of versions: 21
Inconsistent updates: 2
Done. Time elapsed: 1.54747104645 s
load_trace: 1.07112121582 s
detect_races: 0.309389829636 s
extract_traces_time: 0.0380129814148 s
find_reactive_cmds_time: 0.000797986984253 s
find_proactive_cmds_time: 0.088198184967 s
find_covered_races_time: 0.0347309112549 s
per_packet_inconsistent_time: 0.00511789321899 s
find_inconsistent_update_time: -5.60283660889e-05 s
Read 712 events.
Added 701 events.
Total write operations: 27
Total read operations: 138
Processing 351 w/w combinations
Updating has_path path cache...
10% 
20% 
30% 
40% 
50% 
60% 
70% 
80% 
90% 
100% 
Processing 3726 r/w combinations
10% 
20% 
30% 
40% 
50% 
60% 
70% 
80% 
90% 
100% 
Updating has_path path cache...
+-------------------------------------------+
| Total operations:      165                |
| Total write operations: 27                |
| Total read operations:  138               |
+-------------------------------------------+
| Total commuting races: 3651               |
| Total harmful races:   38                 |
| Total filtered races:  0                  |
| Total Time Filtered races:  289           |
| Total Time Edges:      289                |
+-------------------------------------------+
Number of packet traces with races: 32
Number of packet inconsistencies:  0
Number of packet inconsistencies that are actually consistent (covered):  1
Number of packet inconsistencies the first race is already inconsistent:  31
Number of packet inconsistencies after trimming repeated races:  0
Number of packet inconsistent updates:  8
Number of races:  3978
Number of races filtered by time:  289
Number of commuting races:  3651
Number of harmful races:  37
Number of covered races:  1
Number of versions: 21
Inconsistent updates: 4
Done. Time elapsed: 1.45903682709 s
load_trace: 0.967439889908 s
detect_races: 0.329247951508 s
extract_traces_time: 0.037700176239 s
find_reactive_cmds_time: 0.000882863998413 s
find_proactive_cmds_time: 0.0804591178894 s
find_covered_races_time: 0.0361168384552 s
per_packet_inconsistent_time: 0.00705718994141 s
find_inconsistent_update_time: -8.58306884766e-05 s
Read 712 events.
Added 701 events.
Total write operations: 27
Total read operations: 138
Processing 351 w/w combinations
Updating has_path path cache...
10% 
20% 
30% 
40% 
50% 
60% 
70% 
80% 
90% 
100% 
Processing 3726 r/w combinations
10% 
20% 
30% 
40% 
50% 
60% 
70% 
80% 
90% 
100% 
Updating has_path path cache...
+-------------------------------------------+
| Total operations:      165                |
| Total write operations: 27                |
| Total read operations:  138               |
+-------------------------------------------+
| Total commuting races: 3651               |
| Total harmful races:   56                 |
| Total filtered races:  0                  |
| Total Time Filtered races:  271           |
| Total Time Edges:      271                |
+-------------------------------------------+
Number of packet traces with races: 41
Number of packet inconsistencies:  0
Number of packet inconsistencies that are actually consistent (covered):  8
Number of packet inconsistencies the first race is already inconsistent:  33
Number of packet inconsistencies after trimming repeated races:  0
Number of packet inconsistent updates:  8
Number of races:  3978
Number of races filtered by time:  271
Number of commuting races:  3651
Number of harmful races:  48
Number of covered races:  8
Number of versions: 21
Inconsistent updates: 4
Done. Time elapsed: 1.50386786461 s
load_trace: 1.00045990944 s
detect_races: 0.332520008087 s
extract_traces_time: 0.0367410182953 s
find_reactive_cmds_time: 0.000860929489136 s
find_proactive_cmds_time: 0.0805480480194 s
find_covered_races_time: 0.0427780151367 s
per_packet_inconsistent_time: 0.00982689857483 s
find_inconsistent_update_time: -8.9168548584e-05 s
Read 712 events.
Added 701 events.
Total write operations: 27
Total read operations: 138
Processing 351 w/w combinations
Updating has_path path cache...
10% 
20% 
30% 
40% 
50% 
60% 
70% 
80% 
90% 
100% 
Processing 3726 r/w combinations
10% 
20% 
30% 
40% 
50% 
60% 
70% 
80% 
90% 
100% 
Updating has_path path cache...
+-------------------------------------------+
| Total operations:      165                |
| Total write operations: 27                |
| Total read operations:  138               |
+-------------------------------------------+
| Total commuting races: 3651               |
| Total harmful races:   75                 |
| Total filtered races:  0                  |
| Total Time Filtered races:  252           |
| Total Time Edges:      252                |
+-------------------------------------------+
Number of packet traces with races: 52
Number of packet inconsistencies:  0
Number of packet inconsistencies that are actually consistent (covered):  14
Number of packet inconsistencies the first race is already inconsistent:  38
Number of packet inconsistencies after trimming repeated races:  0
Number of packet inconsistent updates:  8
Number of races:  3978
Number of races filtered by time:  252
Number of commuting races:  3651
Number of harmful races:  61
Number of covered races:  14
Number of versions: 21
Inconsistent updates: 4
Done. Time elapsed: 2.57773399353 s
load_trace: 1.92337703705 s
detect_races: 0.448148965836 s
extract_traces_time: 0.0422070026398 s
find_reactive_cmds_time: 0.000941038131714 s
find_proactive_cmds_time: 0.0920269489288 s
find_covered_races_time: 0.0562620162964 s
per_packet_inconsistent_time: 0.0146090984344 s
find_inconsistent_update_time: -0.000113010406494 s
Read 712 events.
Added 701 events.
Total write operations: 27
Total read operations: 138
Processing 351 w/w combinations
Updating has_path path cache...
10% 
20% 
30% 
40% 
50% 
60% 
70% 
80% 
90% 
100% 
Processing 3726 r/w combinations
10% 
20% 
30% 
40% 
50% 
60% 
70% 
80% 
90% 
100% 
Updating has_path path cache...
+-------------------------------------------+
| Total operations:      165                |
| Total write operations: 27                |
| Total read operations:  138               |
+-------------------------------------------+
| Total commuting races: 3661               |
| Total harmful races:   96                 |
| Total filtered races:  0                  |
| Total Time Filtered races:  231           |
| Total Time Edges:      231                |
+-------------------------------------------+
Number of packet traces with races: 54
Number of packet inconsistencies:  0
Number of packet inconsistencies that are actually consistent (covered):  26
Number of packet inconsistencies the first race is already inconsistent:  28
Number of packet inconsistencies after trimming repeated races:  0
Number of packet inconsistent updates:  16
Number of races:  3988
Number of races filtered by time:  231
Number of commuting races:  3661
Number of harmful races:  70
Number of covered races:  26
Number of versions: 21
Inconsistent updates: 8
Done. Time elapsed: 1.77488803864 s
load_trace: 1.28969597816 s
detect_races: 0.311913013458 s
extract_traces_time: 0.0330238342285 s
find_reactive_cmds_time: 0.000778198242188 s
find_proactive_cmds_time: 0.0786828994751 s
find_covered_races_time: 0.0461039543152 s
per_packet_inconsistent_time: 0.0144979953766 s
find_inconsistent_update_time: -0.000144958496094 s
Read 712 events.
Added 701 events.
Total write operations: 27
Total read operations: 138
Processing 351 w/w combinations
Updating has_path path cache...
10% 
20% 
30% 
40% 
50% 
60% 
70% 
80% 
90% 
100% 
Processing 3726 r/w combinations
10% 
20% 
30% 
40% 
50% 
60% 
70% 
80% 
90% 
100% 
Updating has_path path cache...
+-------------------------------------------+
| Total operations:      165                |
| Total write operations: 27                |
| Total read operations:  138               |
+-------------------------------------------+
| Total commuting races: 3661               |
| Total harmful races:   114                |
| Total filtered races:  0                  |
| Total Time Filtered races:  213           |
| Total Time Edges:      213                |
+-------------------------------------------+
Number of packet traces with races: 58
Number of packet inconsistencies:  0
Number of packet inconsistencies that are actually consistent (covered):  34
Number of packet inconsistencies the first race is already inconsistent:  24
Number of packet inconsistencies after trimming repeated races:  0
Number of packet inconsistent updates:  20
Number of races:  3988
Number of races filtered by time:  213
Number of commuting races:  3661
Number of harmful races:  80
Number of covered races:  34
Number of versions: 21
Inconsistent updates: 10
Done. Time elapsed: 1.45838308334 s
load_trace: 0.96827507019 s
detect_races: 0.311705112457 s
extract_traces_time: 0.0334990024567 s
find_reactive_cmds_time: 0.00142383575439 s
find_proactive_cmds_time: 0.0774610042572 s
find_covered_races_time: 0.0485079288483 s
per_packet_inconsistent_time: 0.0172851085663 s
find_inconsistent_update_time: -0.000176906585693 s
Read 712 events.
Added 701 events.
Total write operations: 27
Total read operations: 138
Processing 351 w/w combinations
Updating has_path path cache...
10% 
20% 
30% 
40% 
50% 
60% 
70% 
80% 
90% 
100% 
Processing 3726 r/w combinations
10% 
20% 
30% 
40% 
50% 
60% 
70% 
80% 
90% 
100% 
Updating has_path path cache...
+-------------------------------------------+
| Total operations:      165                |
| Total write operations: 27                |
| Total read operations:  138               |
+-------------------------------------------+
| Total commuting races: 3661               |
| Total harmful races:   125                |
| Total filtered races:  0                  |
| Total Time Filtered races:  202           |
| Total Time Edges:      202                |
+-------------------------------------------+
Number of packet traces with races: 65
Number of packet inconsistencies:  0
Number of packet inconsistencies that are actually consistent (covered):  36
Number of packet inconsistencies the first race is already inconsistent:  29
Number of packet inconsistencies after trimming repeated races:  0
Number of packet inconsistent updates:  20
Number of races:  3988
Number of races filtered by time:  202
Number of commuting races:  3661
Number of harmful races:  89
Number of covered races:  36
Number of versions: 21
Inconsistent updates: 10
Done. Time elapsed: 1.53032803535 s
load_trace: 1.00517106056 s
detect_races: 0.326811790466 s
extract_traces_time: 0.0361821651459 s
find_reactive_cmds_time: 0.000870943069458 s
find_proactive_cmds_time: 0.0854051113129 s
find_covered_races_time: 0.0543098449707 s
per_packet_inconsistent_time: 0.0213470458984 s
find_inconsistent_update_time: -0.00018310546875 s
Read 712 events.
Added 701 events.
Total write operations: 27
Total read operations: 138
Processing 351 w/w combinations
Updating has_path path cache...
10% 
20% 
30% 
40% 
50% 
60% 
70% 
80% 
90% 
100% 
Processing 3726 r/w combinations
10% 
20% 
30% 
40% 
50% 
60% 
70% 
80% 
90% 
100% 
Updating has_path path cache...
+-------------------------------------------+
| Total operations:      165                |
| Total write operations: 27                |
| Total read operations:  138               |
+-------------------------------------------+
| Total commuting races: 3661               |
| Total harmful races:   140                |
| Total filtered races:  0                  |
| Total Time Filtered races:  187           |
| Total Time Edges:      187                |
+-------------------------------------------+
Number of packet traces with races: 68
Number of packet inconsistencies:  0
Number of packet inconsistencies that are actually consistent (covered):  40
Number of packet inconsistencies the first race is already inconsistent:  28
Number of packet inconsistencies after trimming repeated races:  0
Number of packet inconsistent updates:  24
Number of races:  3988
Number of races filtered by time:  187
Number of commuting races:  3661
Number of harmful races:  100
Number of covered races:  40
Number of versions: 21
Inconsistent updates: 12
Done. Time elapsed: 1.59232807159 s
load_trace: 1.07165694237 s
detect_races: 0.323888063431 s
extract_traces_time: 0.0331101417542 s
find_reactive_cmds_time: 0.000883817672729 s
find_proactive_cmds_time: 0.0842781066895 s
find_covered_races_time: 0.0565898418427 s
per_packet_inconsistent_time: 0.0216572284698 s
find_inconsistent_update_time: -0.000213861465454 s
Read 712 events.
Added 701 events.
Total write operations: 27
Total read operations: 138
Processing 351 w/w combinations
Updating has_path path cache...
10% 
20% 
30% 
40% 
50% 
60% 
70% 
80% 
90% 
100% 
Processing 3726 r/w combinations
10% 
20% 
30% 
40% 
50% 
60% 
70% 
80% 
90% 
100% 
Updating has_path path cache...
+-------------------------------------------+
| Total operations:      165                |
| Total write operations: 27                |
| Total read operations:  138               |
+-------------------------------------------+
| Total commuting races: 3667               |
| Total harmful races:   154                |
| Total filtered races:  0                  |
| Total Time Filtered races:  173           |
| Total Time Edges:      173                |
+-------------------------------------------+
Number of packet traces with races: 73
Number of packet inconsistencies:  0
Number of packet inconsistencies that are actually consistent (covered):  45
Number of packet inconsistencies the first race is already inconsistent:  28
Number of packet inconsistencies after trimming repeated races:  0
Number of packet inconsistent updates:  28
Number of races:  3994
Number of races filtered by time:  173
Number of commuting races:  3667
Number of harmful races:  109
Number of covered races:  45
Number of versions: 21
Inconsistent updates: 14
Done. Time elapsed: 1.47712397575 s
load_trace: 0.971048116684 s
detect_races: 0.319629907608 s
extract_traces_time: 0.030158996582 s
find_reactive_cmds_time: 0.000823020935059 s
find_proactive_cmds_time: 0.0782370567322 s
find_covered_races_time: 0.054016828537 s
per_packet_inconsistent_time: 0.0229251384735 s
find_inconsistent_update_time: -0.000236988067627 s
