Read 397 events.
Added 327 events.
Total write operations: 42
Total read operations: 74
Processing 861 w/w combinations
Updating has_path path cache...
10% 
20% 
30% 
40% 
50% 
60% 
70% 
80% 
90% 
100% 
Processing 3108 r/w combinations
10% 
20% 
30% 
40% 
50% 
60% 
70% 
80% 
90% 
100% 
Updating has_path path cache...
+-------------------------------------------+
| Total operations:      116                |
| Total write operations: 42                |
| Total read operations:  74                |
+-------------------------------------------+
| Total commuting races: 1581               |
| Total harmful races:   352                |
| Total filtered races:  0                  |
| Total Time Filtered races:  0             |
| Total Time Edges:      0                  |
+-------------------------------------------+
Number of packet traces with races: 37
Number of packet inconsistencies:  28
Number of packet inconsistencies that are actually consistent (covered):  0
Number of packet inconsistencies the first race is already inconsistent:  9
Number of packet inconsistencies after trimming repeated races:  7
Number of packet inconsistent updates:  96
Number of races:  1933
Number of races filtered by time:  0
Number of commuting races:  1581
Number of harmful races:  298
Number of covered races:  54
Number of versions: 10
Inconsistent updates: 12
Done. Time elapsed: 0.374538183212 s
load_trace: 0.192144155502 s
detect_races: 0.098611831665 s
extract_traces_time: 0.00583410263062 s
find_reactive_cmds_time: 0.000266075134277 s
find_proactive_cmds_time: 0.0117800235748 s
find_covered_races_time: 0.0532398223877 s
per_packet_inconsistent_time: 0.0120191574097 s
find_inconsistent_update_time: -0.000610828399658 s
Read 397 events.
Added 327 events.
Total write operations: 42
Total read operations: 74
Processing 861 w/w combinations
Updating has_path path cache...
10% 
20% 
30% 
40% 
50% 
60% 
70% 
80% 
90% 
100% 
Processing 3108 r/w combinations
10% 
20% 
30% 
40% 
50% 
60% 
70% 
80% 
90% 
100% 
Updating has_path path cache...
+-------------------------------------------+
| Total operations:      116                |
| Total write operations: 42                |
| Total read operations:  74                |
+-------------------------------------------+
| Total commuting races: 1581               |
| Total harmful races:   0                  |
| Total filtered races:  0                  |
| Total Time Filtered races:  352           |
| Total Time Edges:      352                |
+-------------------------------------------+
Number of packet traces with races: 0
Number of packet inconsistencies:  0
Number of packet inconsistencies that are actually consistent (covered):  0
Number of packet inconsistencies the first race is already inconsistent:  0
Number of packet inconsistencies after trimming repeated races:  0
Number of packet inconsistent updates:  0
Number of races:  1933
Number of races filtered by time:  352
Number of commuting races:  1581
Number of harmful races:  0
Number of covered races:  0
Number of versions: 10
Inconsistent updates: 0
Done. Time elapsed: 0.351176023483 s
load_trace: 0.190116167068 s
detect_races: 0.110025882721 s
extract_traces_time: 0.0236301422119 s
find_reactive_cmds_time: 0.000240802764893 s
find_proactive_cmds_time: 0.0114300251007 s
find_covered_races_time: 0.0154461860657 s
per_packet_inconsistent_time: 0.000248908996582 s
find_inconsistent_update_time: -7.86781311035e-06 s
Read 397 events.
Added 327 events.
Total write operations: 42
Total read operations: 74
Processing 861 w/w combinations
Updating has_path path cache...
10% 
20% 
30% 
40% 
50% 
60% 
70% 
80% 
90% 
100% 
Processing 3108 r/w combinations
10% 
20% 
30% 
40% 
50% 
60% 
70% 
80% 
90% 
100% 
Updating has_path path cache...
+-------------------------------------------+
| Total operations:      116                |
| Total write operations: 42                |
| Total read operations:  74                |
+-------------------------------------------+
| Total commuting races: 1581               |
| Total harmful races:   31                 |
| Total filtered races:  0                  |
| Total Time Filtered races:  321           |
| Total Time Edges:      321                |
+-------------------------------------------+
Number of packet traces with races: 20
Number of packet inconsistencies:  9
Number of packet inconsistencies that are actually consistent (covered):  0
Number of packet inconsistencies the first race is already inconsistent:  11
Number of packet inconsistencies after trimming repeated races:  6
Number of packet inconsistent updates:  0
Number of races:  1933
Number of races filtered by time:  321
Number of commuting races:  1581
Number of harmful races:  31
Number of covered races:  0
Number of versions: 10
Inconsistent updates: 0
Done. Time elapsed: 0.363634824753 s
load_trace: 0.188052892685 s
detect_races: 0.103367090225 s
extract_traces_time: 0.0173678398132 s
find_reactive_cmds_time: 0.000234127044678 s
find_proactive_cmds_time: 0.0115928649902 s
find_covered_races_time: 0.04114818573 s
per_packet_inconsistent_time: 0.00182104110718 s
find_inconsistent_update_time: -1.69277191162e-05 s
Read 397 events.
Added 327 events.
Total write operations: 42
Total read operations: 74
Processing 861 w/w combinations
Updating has_path path cache...
10% 
20% 
30% 
40% 
50% 
60% 
70% 
80% 
90% 
100% 
Processing 3108 r/w combinations
10% 
20% 
30% 
40% 
50% 
60% 
70% 
80% 
90% 
100% 
Updating has_path path cache...
+-------------------------------------------+
| Total operations:      116                |
| Total write operations: 42                |
| Total read operations:  74                |
+-------------------------------------------+
| Total commuting races: 1581               |
| Total harmful races:   65                 |
| Total filtered races:  0                  |
| Total Time Filtered races:  287           |
| Total Time Edges:      287                |
+-------------------------------------------+
Number of packet traces with races: 34
Number of packet inconsistencies:  21
Number of packet inconsistencies that are actually consistent (covered):  0
Number of packet inconsistencies the first race is already inconsistent:  13
Number of packet inconsistencies after trimming repeated races:  9
Number of packet inconsistent updates:  6
Number of races:  1933
Number of races filtered by time:  287
Number of commuting races:  1581
Number of harmful races:  65
Number of covered races:  0
Number of versions: 10
Inconsistent updates: 1
Done. Time elapsed: 0.350338935852 s
load_trace: 0.18500995636 s
detect_races: 0.0999240875244 s
extract_traces_time: 0.00922703742981 s
find_reactive_cmds_time: 0.000227928161621 s
find_proactive_cmds_time: 0.0114810466766 s
find_covered_races_time: 0.0410220623016 s
per_packet_inconsistent_time: 0.00335097312927 s
find_inconsistent_update_time: -5.88893890381e-05 s
Read 397 events.
Added 327 events.
Total write operations: 42
Total read operations: 74
Processing 861 w/w combinations
Updating has_path path cache...
10% 
20% 
30% 
40% 
50% 
60% 
70% 
80% 
90% 
100% 
Processing 3108 r/w combinations
10% 
20% 
30% 
40% 
50% 
60% 
70% 
80% 
90% 
100% 
Updating has_path path cache...
+-------------------------------------------+
| Total operations:      116                |
| Total write operations: 42                |
| Total read operations:  74                |
+-------------------------------------------+
| Total commuting races: 1581               |
| Total harmful races:   103                |
| Total filtered races:  0                  |
| Total Time Filtered races:  249           |
| Total Time Edges:      249                |
+-------------------------------------------+
Number of packet traces with races: 37
Number of packet inconsistencies:  28
Number of packet inconsistencies that are actually consistent (covered):  0
Number of packet inconsistencies the first race is already inconsistent:  9
Number of packet inconsistencies after trimming repeated races:  15
Number of packet inconsistent updates:  24
Number of races:  1933
Number of races filtered by time:  249
Number of commuting races:  1581
Number of harmful races:  103
Number of covered races:  0
Number of versions: 10
Inconsistent updates: 3
Done. Time elapsed: 0.375358104706 s
load_trace: 0.198003053665 s
detect_races: 0.102388143539 s
extract_traces_time: 0.00760793685913 s
find_reactive_cmds_time: 0.000232934951782 s
find_proactive_cmds_time: 0.0120449066162 s
find_covered_races_time: 0.0505890846252 s
per_packet_inconsistent_time: 0.00431203842163 s
find_inconsistent_update_time: -0.00014591217041 s
Read 397 events.
Added 327 events.
Total write operations: 42
Total read operations: 74
Processing 861 w/w combinations
Updating has_path path cache...
10% 
20% 
30% 
40% 
50% 
60% 
70% 
80% 
90% 
100% 
Processing 3108 r/w combinations
10% 
20% 
30% 
40% 
50% 
60% 
70% 
80% 
90% 
100% 
Updating has_path path cache...
+-------------------------------------------+
| Total operations:      116                |
| Total write operations: 42                |
| Total read operations:  74                |
+-------------------------------------------+
| Total commuting races: 1581               |
| Total harmful races:   122                |
| Total filtered races:  0                  |
| Total Time Filtered races:  230           |
| Total Time Edges:      230                |
+-------------------------------------------+
Number of packet traces with races: 37
Number of packet inconsistencies:  28
Number of packet inconsistencies that are actually consistent (covered):  0
Number of packet inconsistencies the first race is already inconsistent:  9
Number of packet inconsistencies after trimming repeated races:  15
Number of packet inconsistent updates:  40
Number of races:  1933
Number of races filtered by time:  230
Number of commuting races:  1581
Number of harmful races:  122
Number of covered races:  0
Number of versions: 10
Inconsistent updates: 5
Done. Time elapsed: 0.36216211319 s
load_trace: 0.183284044266 s
detect_races: 0.0995299816132 s
extract_traces_time: 0.00926804542542 s
find_reactive_cmds_time: 0.000265121459961 s
find_proactive_cmds_time: 0.0120639801025 s
find_covered_races_time: 0.0498759746552 s
per_packet_inconsistent_time: 0.00733184814453 s
find_inconsistent_update_time: -0.000481128692627 s
Read 397 events.
Added 327 events.
Total write operations: 42
Total read operations: 74
Processing 861 w/w combinations
Updating has_path path cache...
10% 
20% 
30% 
40% 
50% 
60% 
70% 
80% 
90% 
100% 
Processing 3108 r/w combinations
10% 
20% 
30% 
40% 
50% 
60% 
70% 
80% 
90% 
100% 
Updating has_path path cache...
+-------------------------------------------+
| Total operations:      116                |
| Total write operations: 42                |
| Total read operations:  74                |
+-------------------------------------------+
| Total commuting races: 1581               |
| Total harmful races:   155                |
| Total filtered races:  0                  |
| Total Time Filtered races:  197           |
| Total Time Edges:      197                |
+-------------------------------------------+
Number of packet traces with races: 37
Number of packet inconsistencies:  28
Number of packet inconsistencies that are actually consistent (covered):  0
Number of packet inconsistencies the first race is already inconsistent:  9
Number of packet inconsistencies after trimming repeated races:  17
Number of packet inconsistent updates:  56
Number of races:  1933
Number of races filtered by time:  197
Number of commuting races:  1581
Number of harmful races:  154
Number of covered races:  1
Number of versions: 10
Inconsistent updates: 7
Done. Time elapsed: 0.357889175415 s
load_trace: 0.180987119675 s
detect_races: 0.0987329483032 s
extract_traces_time: 0.00624513626099 s
find_reactive_cmds_time: 0.000233888626099 s
find_proactive_cmds_time: 0.0130000114441 s
find_covered_races_time: 0.0520060062408 s
per_packet_inconsistent_time: 0.00631189346313 s
find_inconsistent_update_time: -0.000334978103638 s
Read 397 events.
Added 327 events.
Total write operations: 42
Total read operations: 74
Processing 861 w/w combinations
Updating has_path path cache...
10% 
20% 
30% 
40% 
50% 
60% 
70% 
80% 
90% 
100% 
Processing 3108 r/w combinations
10% 
20% 
30% 
40% 
50% 
60% 
70% 
80% 
90% 
100% 
Updating has_path path cache...
+-------------------------------------------+
| Total operations:      116                |
| Total write operations: 42                |
| Total read operations:  74                |
+-------------------------------------------+
| Total commuting races: 1581               |
| Total harmful races:   179                |
| Total filtered races:  0                  |
| Total Time Filtered races:  173           |
| Total Time Edges:      173                |
+-------------------------------------------+
Number of packet traces with races: 37
Number of packet inconsistencies:  28
Number of packet inconsistencies that are actually consistent (covered):  0
Number of packet inconsistencies the first race is already inconsistent:  9
Number of packet inconsistencies after trimming repeated races:  13
Number of packet inconsistent updates:  64
Number of races:  1933
Number of races filtered by time:  173
Number of commuting races:  1581
Number of harmful races:  177
Number of covered races:  2
Number of versions: 10
Inconsistent updates: 8
Done. Time elapsed: 0.367232084274 s
load_trace: 0.186435937881 s
detect_races: 0.0979740619659 s
extract_traces_time: 0.0055091381073 s
find_reactive_cmds_time: 0.000226974487305 s
find_proactive_cmds_time: 0.0115840435028 s
find_covered_races_time: 0.0588109493256 s
per_packet_inconsistent_time: 0.00630497932434 s
find_inconsistent_update_time: -0.000355005264282 s
Read 397 events.
Added 327 events.
Total write operations: 42
Total read operations: 74
Processing 861 w/w combinations
Updating has_path path cache...
10% 
20% 
30% 
40% 
50% 
60% 
70% 
80% 
90% 
100% 
Processing 3108 r/w combinations
10% 
20% 
30% 
40% 
50% 
60% 
70% 
80% 
90% 
100% 
Updating has_path path cache...
+-------------------------------------------+
| Total operations:      116                |
| Total write operations: 42                |
| Total read operations:  74                |
+-------------------------------------------+
| Total commuting races: 1581               |
| Total harmful races:   204                |
| Total filtered races:  0                  |
| Total Time Filtered races:  148           |
| Total Time Edges:      148                |
+-------------------------------------------+
Number of packet traces with races: 37
Number of packet inconsistencies:  28
Number of packet inconsistencies that are actually consistent (covered):  0
Number of packet inconsistencies the first race is already inconsistent:  9
Number of packet inconsistencies after trimming repeated races:  16
Number of packet inconsistent updates:  64
Number of races:  1933
Number of races filtered by time:  148
Number of commuting races:  1581
Number of harmful races:  198
Number of covered races:  6
Number of versions: 10
Inconsistent updates: 8
Done. Time elapsed: 0.369592189789 s
load_trace: 0.183757066727 s
detect_races: 0.0945341587067 s
extract_traces_time: 0.00528693199158 s
find_reactive_cmds_time: 0.000225067138672 s
find_proactive_cmds_time: 0.0120878219604 s
find_covered_races_time: 0.0663549900055 s
per_packet_inconsistent_time: 0.00697016716003 s
find_inconsistent_update_time: -0.000342845916748 s
Read 397 events.
Added 327 events.
Total write operations: 42
Total read operations: 74
Processing 861 w/w combinations
Updating has_path path cache...
10% 
20% 
30% 
40% 
50% 
60% 
70% 
80% 
90% 
100% 
Processing 3108 r/w combinations
10% 
20% 
30% 
40% 
50% 
60% 
70% 
80% 
90% 
100% 
Updating has_path path cache...
+-------------------------------------------+
| Total operations:      116                |
| Total write operations: 42                |
| Total read operations:  74                |
+-------------------------------------------+
| Total commuting races: 1581               |
| Total harmful races:   218                |
| Total filtered races:  0                  |
| Total Time Filtered races:  134           |
| Total Time Edges:      134                |
+-------------------------------------------+
Number of packet traces with races: 37
Number of packet inconsistencies:  28
Number of packet inconsistencies that are actually consistent (covered):  0
Number of packet inconsistencies the first race is already inconsistent:  9
Number of packet inconsistencies after trimming repeated races:  13
Number of packet inconsistent updates:  64
Number of races:  1933
Number of races filtered by time:  134
Number of commuting races:  1581
Number of harmful races:  212
Number of covered races:  6
Number of versions: 10
Inconsistent updates: 8
Done. Time elapsed: 0.364843130112 s
load_trace: 0.182284116745 s
detect_races: 0.0951948165894 s
extract_traces_time: 0.00570797920227 s
find_reactive_cmds_time: 0.000248193740845 s
find_proactive_cmds_time: 0.0123529434204 s
find_covered_races_time: 0.0610458850861 s
per_packet_inconsistent_time: 0.00760912895203 s
find_inconsistent_update_time: -0.000365972518921 s
Read 397 events.
Added 327 events.
Total write operations: 42
Total read operations: 74
Processing 861 w/w combinations
Updating has_path path cache...
10% 
20% 
30% 
40% 
50% 
60% 
70% 
80% 
90% 
100% 
Processing 3108 r/w combinations
10% 
20% 
30% 
40% 
50% 
60% 
70% 
80% 
90% 
100% 
Updating has_path path cache...
+-------------------------------------------+
| Total operations:      116                |
| Total write operations: 42                |
| Total read operations:  74                |
+-------------------------------------------+
| Total commuting races: 1581               |
| Total harmful races:   240                |
| Total filtered races:  0                  |
| Total Time Filtered races:  112           |
| Total Time Edges:      112                |
+-------------------------------------------+
Number of packet traces with races: 37
Number of packet inconsistencies:  28
Number of packet inconsistencies that are actually consistent (covered):  0
Number of packet inconsistencies the first race is already inconsistent:  9
Number of packet inconsistencies after trimming repeated races:  16
Number of packet inconsistent updates:  64
Number of races:  1933
Number of races filtered by time:  112
Number of commuting races:  1581
Number of harmful races:  230
Number of covered races:  10
Number of versions: 10
Inconsistent updates: 8
Done. Time elapsed: 0.363652944565 s
load_trace: 0.182476997375 s
detect_races: 0.0967481136322 s
extract_traces_time: 0.00516986846924 s
find_reactive_cmds_time: 0.000226020812988 s
find_proactive_cmds_time: 0.0117120742798 s
find_covered_races_time: 0.0572018623352 s
per_packet_inconsistent_time: 0.00965309143066 s
find_inconsistent_update_time: -0.000427007675171 s
Read 397 events.
Added 327 events.
Total write operations: 42
Total read operations: 74
Processing 861 w/w combinations
Updating has_path path cache...
10% 
20% 
30% 
40% 
50% 
60% 
70% 
80% 
90% 
100% 
Processing 3108 r/w combinations
10% 
20% 
30% 
40% 
50% 
60% 
70% 
80% 
90% 
100% 
Updating has_path path cache...
+-------------------------------------------+
| Total operations:      116                |
| Total write operations: 42                |
| Total read operations:  74                |
+-------------------------------------------+
| Total commuting races: 1581               |
| Total harmful races:   261                |
| Total filtered races:  0                  |
| Total Time Filtered races:  91            |
| Total Time Edges:      91                 |
+-------------------------------------------+
Number of packet traces with races: 37
Number of packet inconsistencies:  28
Number of packet inconsistencies that are actually consistent (covered):  0
Number of packet inconsistencies the first race is already inconsistent:  9
Number of packet inconsistencies after trimming repeated races:  13
Number of packet inconsistent updates:  80
Number of races:  1933
Number of races filtered by time:  91
Number of commuting races:  1581
Number of harmful races:  251
Number of covered races:  10
Number of versions: 10
Inconsistent updates: 10
Done. Time elapsed: 0.356841087341 s
load_trace: 0.179304122925 s
detect_races: 0.0973720550537 s
extract_traces_time: 0.00501680374146 s
find_reactive_cmds_time: 0.000297069549561 s
find_proactive_cmds_time: 0.0118339061737 s
find_covered_races_time: 0.0534460544586 s
per_packet_inconsistent_time: 0.00896811485291 s
find_inconsistent_update_time: -0.00056791305542 s
