Read 24689 events.
Added 24612 events.
Total write operations: 6213
Total read operations: 2163
Processing 19297578 w/w combinations
Updating has_path path cache...
10% 
20% 
30% 
40% 
50% 
60% 
70% 
80% 
90% 
100% 
Processing 13438719 r/w combinations
10% 
20% 
30% 
40% 
50% 
60% 
70% 
80% 
90% 
100% 
Updating has_path path cache...
+-------------------------------------------+
| Total operations:      8376               |
| Total write operations: 6213              |
| Total read operations:  2163              |
+-------------------------------------------+
| Total commuting races: 4642118            |
| Total harmful races:   63261              |
| Total filtered races:  0                  |
| Total Time Filtered races:  0             |
| Total Time Edges:      0                  |
+-------------------------------------------+
Number of packet traces with races: 219
Number of packet inconsistencies:  180
Number of packet inconsistencies that are actually consistent (covered):  2
Number of packet inconsistencies the first race is already inconsistent:  37
Number of packet inconsistencies after trimming repeated races:  107
Number of packet inconsistent updates:  1559111
Number of races:  4705379
Number of races filtered by time:  0
Number of commuting races:  4642118
Number of harmful races:  63056
Number of covered races:  205
Number of versions: 1419
Inconsistent updates: 965
Done. Time elapsed: 8059.01498914 s
load_trace: 88.8637599945 s
detect_races: 181.502027988 s
extract_traces_time: 0.521841049194 s
find_reactive_cmds_time: 1.48704600334 s
find_proactive_cmds_time: 2.11779808998 s
find_covered_races_time: 24.2238960266 s
per_packet_inconsistent_time: 39.7957069874 s
find_inconsistent_update_time: -7720.50285697 s
Read 24689 events.
Added 24612 events.
Total write operations: 6213
Total read operations: 2163
Processing 19297578 w/w combinations
Updating has_path path cache...
10% 
20% 
30% 
40% 
50% 
60% 
70% 
80% 
90% 
100% 
Processing 13438719 r/w combinations
10% 
20% 
30% 
40% 
50% 
60% 
70% 
80% 
90% 
100% 
Updating has_path path cache...
+-------------------------------------------+
| Total operations:      8376               |
| Total write operations: 6213              |
| Total read operations:  2163              |
+-------------------------------------------+
| Total commuting races: 4642118            |
| Total harmful races:   0                  |
| Total filtered races:  0                  |
| Total Time Filtered races:  63261         |
| Total Time Edges:      63261              |
+-------------------------------------------+
Number of packet traces with races: 0
Number of packet inconsistencies:  0
Number of packet inconsistencies that are actually consistent (covered):  0
Number of packet inconsistencies the first race is already inconsistent:  0
Number of packet inconsistencies after trimming repeated races:  0
Number of packet inconsistent updates:  0
Number of races:  4705379
Number of races filtered by time:  63261
Number of commuting races:  4642118
Number of harmful races:  0
Number of covered races:  0
Number of versions: 1419
Inconsistent updates: 0
Done. Time elapsed: 358.022537947 s
load_trace: 76.8528828621 s
detect_races: 275.756407976 s
extract_traces_time: 1.50802016258 s
find_reactive_cmds_time: 1.5757958889 s
find_proactive_cmds_time: 2.13987398148 s
find_covered_races_time: 0.111859083176 s
per_packet_inconsistent_time: 0.0714130401611 s
find_inconsistent_update_time: -0.00623893737793 s
Read 24689 events.
Added 24612 events.
Total write operations: 6213
Total read operations: 2163
Processing 19297578 w/w combinations
Updating has_path path cache...
10% 
20% 
30% 
40% 
50% 
60% 
70% 
80% 
90% 
100% 
Processing 13438719 r/w combinations
10% 
20% 
30% 
40% 
50% 
60% 
70% 
80% 
90% 
100% 
Updating has_path path cache...
+-------------------------------------------+
| Total operations:      8376               |
| Total write operations: 6213              |
| Total read operations:  2163              |
+-------------------------------------------+
| Total commuting races: 4642118            |
| Total harmful races:   399                |
| Total filtered races:  0                  |
| Total Time Filtered races:  62862         |
| Total Time Edges:      62862              |
+-------------------------------------------+
Number of packet traces with races: 95
Number of packet inconsistencies:  90
Number of packet inconsistencies that are actually consistent (covered):  0
Number of packet inconsistencies the first race is already inconsistent:  5
Number of packet inconsistencies after trimming repeated races:  90
Number of packet inconsistent updates:  3507
Number of races:  4705379
Number of races filtered by time:  62862
Number of commuting races:  4642118
Number of harmful races:  399
Number of covered races:  0
Number of versions: 1419
Inconsistent updates: 74
Done. Time elapsed: 372.45927 s
load_trace: 76.7778661251 s
detect_races: 272.110868931 s
extract_traces_time: 1.44369602203 s
find_reactive_cmds_time: 1.57515406609 s
find_proactive_cmds_time: 2.12013483047 s
find_covered_races_time: 0.346427202225 s
per_packet_inconsistent_time: 1.11577486992 s
find_inconsistent_update_time: -16.969299078 s
Read 24689 events.
Added 24612 events.
Total write operations: 6213
Total read operations: 2163
Processing 19297578 w/w combinations
Updating has_path path cache...
10% 
20% 
30% 
40% 
50% 
60% 
70% 
80% 
90% 
100% 
Processing 13438719 r/w combinations
10% 
20% 
30% 
40% 
50% 
60% 
70% 
80% 
90% 
100% 
Updating has_path path cache...
+-------------------------------------------+
| Total operations:      8376               |
| Total write operations: 6213              |
| Total read operations:  2163              |
+-------------------------------------------+
| Total commuting races: 4642118            |
| Total harmful races:   1230               |
| Total filtered races:  0                  |
| Total Time Filtered races:  62031         |
| Total Time Edges:      62031              |
+-------------------------------------------+
Number of packet traces with races: 101
Number of packet inconsistencies:  97
Number of packet inconsistencies that are actually consistent (covered):  0
Number of packet inconsistencies the first race is already inconsistent:  4
Number of packet inconsistencies after trimming repeated races:  97
Number of packet inconsistent updates:  23188
Number of races:  4705379
Number of races filtered by time:  62031
Number of commuting races:  4642118
Number of harmful races:  1230
Number of covered races:  0
Number of versions: 1419
Inconsistent updates: 161
Done. Time elapsed: 468.666198015 s
load_trace: 76.6194219589 s
detect_races: 273.753247976 s
extract_traces_time: 1.44123697281 s
find_reactive_cmds_time: 1.54663705826 s
find_proactive_cmds_time: 2.11493992805 s
find_covered_races_time: 0.732308149338 s
per_packet_inconsistent_time: 1.76764392853 s
find_inconsistent_update_time: -110.690711975 s
Read 24689 events.
Added 24612 events.
Total write operations: 6213
Total read operations: 2163
Processing 19297578 w/w combinations
Updating has_path path cache...
10% 
20% 
30% 
40% 
50% 
60% 
70% 
80% 
90% 
100% 
Processing 13438719 r/w combinations
10% 
20% 
30% 
40% 
50% 
60% 
70% 
80% 
90% 
100% 
Updating has_path path cache...
+-------------------------------------------+
| Total operations:      8376               |
| Total write operations: 6213              |
| Total read operations:  2163              |
+-------------------------------------------+
| Total commuting races: 4642118            |
| Total harmful races:   1889               |
| Total filtered races:  0                  |
| Total Time Filtered races:  61372         |
| Total Time Edges:      61372              |
+-------------------------------------------+
Number of packet traces with races: 121
Number of packet inconsistencies:  113
Number of packet inconsistencies that are actually consistent (covered):  0
Number of packet inconsistencies the first race is already inconsistent:  8
Number of packet inconsistencies after trimming repeated races:  108
Number of packet inconsistent updates:  37276
Number of races:  4705379
Number of races filtered by time:  61372
Number of commuting races:  4642118
Number of harmful races:  1889
Number of covered races:  0
Number of versions: 1419
Inconsistent updates: 196
Done. Time elapsed: 542.550121069 s
load_trace: 76.7231080532 s
detect_races: 277.372780085 s
extract_traces_time: 1.38740587234 s
find_reactive_cmds_time: 1.59568595886 s
find_proactive_cmds_time: 2.13472008705 s
find_covered_races_time: 1.06843090057 s
per_packet_inconsistent_time: 2.47485518456 s
find_inconsistent_update_time: -179.79308486 s
Read 24689 events.
Added 24612 events.
Total write operations: 6213
Total read operations: 2163
Processing 19297578 w/w combinations
Updating has_path path cache...
10% 
20% 
30% 
40% 
50% 
60% 
70% 
80% 
90% 
100% 
Processing 13438719 r/w combinations
10% 
20% 
30% 
40% 
50% 
60% 
70% 
80% 
90% 
100% 
Updating has_path path cache...
+-------------------------------------------+
| Total operations:      8376               |
| Total write operations: 6213              |
| Total read operations:  2163              |
+-------------------------------------------+
| Total commuting races: 4642118            |
| Total harmful races:   2626               |
| Total filtered races:  0                  |
| Total Time Filtered races:  60635         |
| Total Time Edges:      60635              |
+-------------------------------------------+
Number of packet traces with races: 131
Number of packet inconsistencies:  127
Number of packet inconsistencies that are actually consistent (covered):  0
Number of packet inconsistencies the first race is already inconsistent:  4
Number of packet inconsistencies after trimming repeated races:  112
Number of packet inconsistent updates:  53140
Number of races:  4705379
Number of races filtered by time:  60635
Number of commuting races:  4642118
Number of harmful races:  2626
Number of covered races:  0
Number of versions: 1419
Inconsistent updates: 225
Done. Time elapsed: 627.345699072 s
load_trace: 77.9411590099 s
detect_races: 281.159965992 s
extract_traces_time: 1.40453195572 s
find_reactive_cmds_time: 1.60585618019 s
find_proactive_cmds_time: 2.13354587555 s
find_covered_races_time: 1.38569402695 s
per_packet_inconsistent_time: 3.19011092186 s
find_inconsistent_update_time: -258.524780989 s
Read 24689 events.
Added 24612 events.
Total write operations: 6213
Total read operations: 2163
Processing 19297578 w/w combinations
Updating has_path path cache...
10% 
20% 
30% 
40% 
50% 
60% 
70% 
80% 
90% 
100% 
Processing 13438719 r/w combinations
10% 
20% 
30% 
40% 
50% 
60% 
70% 
80% 
90% 
100% 
Updating has_path path cache...
+-------------------------------------------+
| Total operations:      8376               |
| Total write operations: 6213              |
| Total read operations:  2163              |
+-------------------------------------------+
| Total commuting races: 4642118            |
| Total harmful races:   3297               |
| Total filtered races:  0                  |
| Total Time Filtered races:  59964         |
| Total Time Edges:      59964              |
+-------------------------------------------+
Number of packet traces with races: 139
Number of packet inconsistencies:  129
Number of packet inconsistencies that are actually consistent (covered):  0
Number of packet inconsistencies the first race is already inconsistent:  10
Number of packet inconsistencies after trimming repeated races:  110
Number of packet inconsistent updates:  66375
Number of races:  4705379
Number of races filtered by time:  59964
Number of commuting races:  4642118
Number of harmful races:  3297
Number of covered races:  0
Number of versions: 1419
Inconsistent updates: 255
Done. Time elapsed: 704.047950983 s
load_trace: 77.5447061062 s
detect_races: 286.977202892 s
extract_traces_time: 1.33147001266 s
find_reactive_cmds_time: 1.59324812889 s
find_proactive_cmds_time: 2.1319630146 s
find_covered_races_time: 1.69062280655 s
per_packet_inconsistent_time: 3.7770512104 s
find_inconsistent_update_time: -329.001633883 s
Read 24689 events.
Added 24612 events.
Total write operations: 6213
Total read operations: 2163
Processing 19297578 w/w combinations
Updating has_path path cache...
10% 
20% 
30% 
40% 
50% 
60% 
70% 
80% 
90% 
100% 
Processing 13438719 r/w combinations
10% 
20% 
30% 
40% 
50% 
60% 
70% 
80% 
90% 
100% 
Updating has_path path cache...
+-------------------------------------------+
| Total operations:      8376               |
| Total write operations: 6213              |
| Total read operations:  2163              |
+-------------------------------------------+
| Total commuting races: 4642118            |
| Total harmful races:   3964               |
| Total filtered races:  0                  |
| Total Time Filtered races:  59297         |
| Total Time Edges:      59297              |
+-------------------------------------------+
Number of packet traces with races: 139
Number of packet inconsistencies:  137
Number of packet inconsistencies that are actually consistent (covered):  0
Number of packet inconsistencies the first race is already inconsistent:  2
Number of packet inconsistencies after trimming repeated races:  113
Number of packet inconsistent updates:  80015
Number of races:  4705379
Number of races filtered by time:  59297
Number of commuting races:  4642118
Number of harmful races:  3964
Number of covered races:  0
Number of versions: 1419
Inconsistent updates: 279
Done. Time elapsed: 749.214675903 s
load_trace: 77.2079498768 s
detect_races: 274.49100399 s
extract_traces_time: 1.32588911057 s
find_reactive_cmds_time: 1.56151199341 s
find_proactive_cmds_time: 2.11998295784 s
find_covered_races_time: 1.93411397934 s
per_packet_inconsistent_time: 4.21998691559 s
find_inconsistent_update_time: -386.354183197 s
Read 24689 events.
Added 24612 events.
Total write operations: 6213
Total read operations: 2163
Processing 19297578 w/w combinations
Updating has_path path cache...
10% 
20% 
30% 
40% 
50% 
60% 
70% 
80% 
90% 
100% 
Processing 13438719 r/w combinations
10% 
20% 
30% 
40% 
50% 
60% 
70% 
80% 
90% 
100% 
Updating has_path path cache...
+-------------------------------------------+
| Total operations:      8376               |
| Total write operations: 6213              |
| Total read operations:  2163              |
+-------------------------------------------+
| Total commuting races: 4642118            |
| Total harmful races:   4571               |
| Total filtered races:  0                  |
| Total Time Filtered races:  58690         |
| Total Time Edges:      58690              |
+-------------------------------------------+
Number of packet traces with races: 148
Number of packet inconsistencies:  138
Number of packet inconsistencies that are actually consistent (covered):  0
Number of packet inconsistencies the first race is already inconsistent:  10
Number of packet inconsistencies after trimming repeated races:  110
Number of packet inconsistent updates:  91147
Number of races:  4705379
Number of races filtered by time:  58690
Number of commuting races:  4642118
Number of harmful races:  4570
Number of covered races:  1
Number of versions: 1419
Inconsistent updates: 360
Done. Time elapsed: 807.081064939 s
load_trace: 77.6806240082 s
detect_races: 271.192867041 s
extract_traces_time: 1.30473685265 s
find_reactive_cmds_time: 1.58360695839 s
find_proactive_cmds_time: 2.1411151886 s
find_covered_races_time: 2.15841889381 s
per_packet_inconsistent_time: 4.62476992607 s
find_inconsistent_update_time: -446.394874096 s
Read 24689 events.
Added 24612 events.
Total write operations: 6213
Total read operations: 2163
Processing 19297578 w/w combinations
Updating has_path path cache...
10% 
20% 
30% 
40% 
50% 
60% 
70% 
80% 
90% 
100% 
Processing 13438719 r/w combinations
10% 
20% 
30% 
40% 
50% 
60% 
70% 
80% 
90% 
100% 
Updating has_path path cache...
+-------------------------------------------+
| Total operations:      8376               |
| Total write operations: 6213              |
| Total read operations:  2163              |
+-------------------------------------------+
| Total commuting races: 4642118            |
| Total harmful races:   5307               |
| Total filtered races:  0                  |
| Total Time Filtered races:  57954         |
| Total Time Edges:      57954              |
+-------------------------------------------+
Number of packet traces with races: 149
Number of packet inconsistencies:  146
Number of packet inconsistencies that are actually consistent (covered):  0
Number of packet inconsistencies the first race is already inconsistent:  3
Number of packet inconsistencies after trimming repeated races:  114
Number of packet inconsistent updates:  106803
Number of races:  4705379
Number of races filtered by time:  57954
Number of commuting races:  4642118
Number of harmful races:  5304
Number of covered races:  3
Number of versions: 1419
Inconsistent updates: 318
Done. Time elapsed: 875.567928076 s
load_trace: 77.6100440025 s
detect_races: 271.908505917 s
extract_traces_time: 1.26597309113 s
find_reactive_cmds_time: 1.5811560154 s
find_proactive_cmds_time: 2.12310695648 s
find_covered_races_time: 2.42632102966 s
per_packet_inconsistent_time: 5.09834599495 s
find_inconsistent_update_time: -513.554419041 s
Read 24689 events.
Added 24612 events.
Total write operations: 6213
Total read operations: 2163
Processing 19297578 w/w combinations
Updating has_path path cache...
10% 
20% 
30% 
40% 
50% 
60% 
70% 
80% 
90% 
100% 
Processing 13438719 r/w combinations
10% 
20% 
30% 
40% 
50% 
60% 
70% 
80% 
90% 
100% 
Updating has_path path cache...
+-------------------------------------------+
| Total operations:      8376               |
| Total write operations: 6213              |
| Total read operations:  2163              |
+-------------------------------------------+
| Total commuting races: 4642118            |
| Total harmful races:   5834               |
| Total filtered races:  0                  |
| Total Time Filtered races:  57427         |
| Total Time Edges:      57427              |
+-------------------------------------------+
Number of packet traces with races: 157
Number of packet inconsistencies:  154
Number of packet inconsistencies that are actually consistent (covered):  0
Number of packet inconsistencies the first race is already inconsistent:  3
Number of packet inconsistencies after trimming repeated races:  114
Number of packet inconsistent updates:  116559
Number of races:  4705379
Number of races filtered by time:  57427
Number of commuting races:  4642118
Number of harmful races:  5831
Number of covered races:  3
Number of versions: 1419
Inconsistent updates: 342
Done. Time elapsed: 927.179881096 s
load_trace: 77.6793739796 s
detect_races: 273.905149937 s
extract_traces_time: 1.29228210449 s
find_reactive_cmds_time: 1.5724029541 s
find_proactive_cmds_time: 2.12219214439 s
find_covered_races_time: 2.74274301529 s
per_packet_inconsistent_time: 5.68035578728 s
find_inconsistent_update_time: -562.185325146 s
Read 24689 events.
Added 24612 events.
Total write operations: 6213
Total read operations: 2163
Processing 19297578 w/w combinations
Updating has_path path cache...
10% 
20% 
30% 
40% 
50% 
60% 
70% 
80% 
90% 
100% 
Processing 13438719 r/w combinations
10% 
20% 
30% 
40% 
50% 
60% 
70% 
80% 
90% 
100% 
Updating has_path path cache...
+-------------------------------------------+
| Total operations:      8376               |
| Total write operations: 6213              |
| Total read operations:  2163              |
+-------------------------------------------+
| Total commuting races: 4642118            |
| Total harmful races:   6488               |
| Total filtered races:  0                  |
| Total Time Filtered races:  56773         |
| Total Time Edges:      56773              |
+-------------------------------------------+
Number of packet traces with races: 158
Number of packet inconsistencies:  154
Number of packet inconsistencies that are actually consistent (covered):  0
Number of packet inconsistencies the first race is already inconsistent:  4
Number of packet inconsistencies after trimming repeated races:  114
Number of packet inconsistent updates:  130926
Number of races:  4705379
Number of races filtered by time:  56773
Number of commuting races:  4642118
Number of harmful races:  6485
Number of covered races:  3
Number of versions: 1419
Inconsistent updates: 288
Done. Time elapsed: 1026.39044595 s
load_trace: 77.564073801 s
detect_races: 290.166308165 s
extract_traces_time: 1.26595783234 s
find_reactive_cmds_time: 1.57238912582 s
find_proactive_cmds_time: 2.1641690731 s
find_covered_races_time: 3.06341600418 s
per_packet_inconsistent_time: 6.20230698586 s
find_inconsistent_update_time: -644.391772985 s
