Read 9614 events.
Added 9159 events.
Total write operations: 2773
Total read operations: 808
Processing 3843378 w/w combinations
Updating has_path path cache...
10% 
20% 
30% 
40% 
50% 
60% 
70% 
80% 
90% 
100% 
Processing 2240584 r/w combinations
10% 
20% 
30% 
40% 
50% 
60% 
70% 
80% 
90% 
100% 
Updating has_path path cache...
+-------------------------------------------+
| Total operations:      3581               |
| Total write operations: 2773              |
| Total read operations:  808               |
+-------------------------------------------+
| Total commuting races: 1994822            |
| Total harmful races:   0                  |
| Total filtered races:  0                  |
| Total Time Filtered races:  40967         |
| Total Time Edges:      40967              |
+-------------------------------------------+
Number of packet traces with races: 0
Number of packet inconsistencies:  0
Number of packet inconsistencies that are actually consistent (covered):  0
Number of packet inconsistencies the first race is already inconsistent:  0
Number of packet inconsistencies after trimming repeated races:  0
Number of packet inconsistent updates:  0
Number of races:  2035789
Number of races filtered by time:  40967
Number of commuting races:  1994822
Number of harmful races:  0
Number of covered races:  0
Number of versions: 732
Inconsistent updates: 0
Done. Time elapsed: 167.585441113 s
load_trace: 26.88875103 s
detect_races: 132.828171968 s
extract_traces_time: 2.57297205925 s
find_reactive_cmds_time: 2.14224290848 s
find_proactive_cmds_time: 2.97052717209 s
find_covered_races_time: 0.0920660495758 s
per_packet_inconsistent_time: 0.0825169086456 s
find_inconsistent_update_time: -0.00813508033752 s
Read 9614 events.
Added 9159 events.
Total write operations: 2773
Total read operations: 808
Processing 3843378 w/w combinations
Updating has_path path cache...
10% 
20% 
30% 
40% 
50% 
60% 
70% 
80% 
90% 
100% 
Processing 2240584 r/w combinations
10% 
20% 
30% 
40% 
50% 
60% 
70% 
80% 
90% 
100% 
Updating has_path path cache...
+-------------------------------------------+
| Total operations:      3581               |
| Total write operations: 2773              |
| Total read operations:  808               |
+-------------------------------------------+
| Total commuting races: 1994822            |
| Total harmful races:   676                |
| Total filtered races:  0                  |
| Total Time Filtered races:  40291         |
| Total Time Edges:      40291              |
+-------------------------------------------+
Number of packet traces with races: 48
Number of packet inconsistencies:  37
Number of packet inconsistencies that are actually consistent (covered):  0
Number of packet inconsistencies the first race is already inconsistent:  11
Number of packet inconsistencies after trimming repeated races:  37
Number of packet inconsistent updates:  17841
Number of races:  2035789
Number of races filtered by time:  40291
Number of commuting races:  1994822
Number of harmful races:  676
Number of covered races:  0
Number of versions: 732
Inconsistent updates: 59
Done. Time elapsed: 291.111981153 s
load_trace: 25.928989172 s
detect_races: 149.538750887 s
extract_traces_time: 2.6613380909 s
find_reactive_cmds_time: 2.32893490791 s
find_proactive_cmds_time: 3.16552400589 s
find_covered_races_time: 1.17045998573 s
per_packet_inconsistent_time: 0.901128053665 s
find_inconsistent_update_time: -105.416708946 s
Read 9614 events.
Added 9159 events.
Total write operations: 2773
Total read operations: 808
Processing 3843378 w/w combinations
Updating has_path path cache...
10% 
20% 
30% 
40% 
50% 
60% 
70% 
80% 
90% 
100% 
Processing 2240584 r/w combinations
10% 
20% 
30% 
40% 
50% 
60% 
70% 
80% 
90% 
100% 
Updating has_path path cache...
+-------------------------------------------+
| Total operations:      3581               |
| Total write operations: 2773              |
| Total read operations:  808               |
+-------------------------------------------+
| Total commuting races: 1994822            |
| Total harmful races:   1624               |
| Total filtered races:  0                  |
| Total Time Filtered races:  39343         |
| Total Time Edges:      39343              |
+-------------------------------------------+
Number of packet traces with races: 64
Number of packet inconsistencies:  49
Number of packet inconsistencies that are actually consistent (covered):  0
Number of packet inconsistencies the first race is already inconsistent:  15
Number of packet inconsistencies after trimming repeated races:  48
Number of packet inconsistent updates:  33309
Number of races:  2035789
Number of races filtered by time:  39343
Number of commuting races:  1994822
Number of harmful races:  1624
Number of covered races:  0
Number of versions: 732
Inconsistent updates: 72
Done. Time elapsed: 349.943451881 s
load_trace: 34.2478170395 s
detect_races: 133.742459774 s
extract_traces_time: 2.39245915413 s
find_reactive_cmds_time: 2.25610399246 s
find_proactive_cmds_time: 2.94427990913 s
find_covered_races_time: 2.18244099617 s
per_packet_inconsistent_time: 1.59373617172 s
find_inconsistent_update_time: -170.584078789 s
Read 9614 events.
Added 9159 events.
Total write operations: 2773
Total read operations: 808
Processing 3843378 w/w combinations
Updating has_path path cache...
10% 
20% 
30% 
40% 
50% 
60% 
70% 
80% 
90% 
100% 
Processing 2240584 r/w combinations
10% 
20% 
30% 
40% 
50% 
60% 
70% 
80% 
90% 
100% 
Updating has_path path cache...
+-------------------------------------------+
| Total operations:      3581               |
| Total write operations: 2773              |
| Total read operations:  808               |
+-------------------------------------------+
| Total commuting races: 1994822            |
| Total harmful races:   2443               |
| Total filtered races:  0                  |
| Total Time Filtered races:  38524         |
| Total Time Edges:      38524              |
+-------------------------------------------+
Number of packet traces with races: 69
Number of packet inconsistencies:  60
Number of packet inconsistencies that are actually consistent (covered):  0
Number of packet inconsistencies the first race is already inconsistent:  9
Number of packet inconsistencies after trimming repeated races:  53
Number of packet inconsistent updates:  50824
Number of races:  2035789
Number of races filtered by time:  38524
Number of commuting races:  1994822
Number of harmful races:  2443
Number of covered races:  0
Number of versions: 732
Inconsistent updates: 103
Done. Time elapsed: 462.446300983 s
load_trace: 26.3393478394 s
detect_races: 153.59463501 s
extract_traces_time: 2.37243795395 s
find_reactive_cmds_time: 2.29711818695 s
find_proactive_cmds_time: 3.06147384644 s
find_covered_races_time: 3.14813303947 s
per_packet_inconsistent_time: 2.1198348999 s
find_inconsistent_update_time: -269.513031006 s
Read 9614 events.
Added 9159 events.
Total write operations: 2773
Total read operations: 808
Processing 3843378 w/w combinations
Updating has_path path cache...
10% 
20% 
30% 
40% 
50% 
60% 
70% 
80% 
90% 
100% 
Processing 2240584 r/w combinations
10% 
20% 
30% 
40% 
50% 
60% 
70% 
80% 
90% 
100% 
Updating has_path path cache...
+-------------------------------------------+
| Total operations:      3581               |
| Total write operations: 2773              |
| Total read operations:  808               |
+-------------------------------------------+
| Total commuting races: 1994822            |
| Total harmful races:   3267               |
| Total filtered races:  0                  |
| Total Time Filtered races:  37700         |
| Total Time Edges:      37700              |
+-------------------------------------------+
Number of packet traces with races: 79
Number of packet inconsistencies:  65
Number of packet inconsistencies that are actually consistent (covered):  0
Number of packet inconsistencies the first race is already inconsistent:  14
Number of packet inconsistencies after trimming repeated races:  51
Number of packet inconsistent updates:  65783
Number of races:  2035789
Number of races filtered by time:  37700
Number of commuting races:  1994822
Number of harmful races:  3267
Number of covered races:  0
Number of versions: 732
Inconsistent updates: 109
Done. Time elapsed: 510.547227859 s
load_trace: 25.9862718582 s
detect_races: 134.799519062 s
extract_traces_time: 2.46730494499 s
find_reactive_cmds_time: 2.15111017227 s
find_proactive_cmds_time: 2.79942393303 s
find_covered_races_time: 3.63342404366 s
per_packet_inconsistent_time: 2.55455183983 s
find_inconsistent_update_time: -336.151614189 s
Read 9614 events.
Added 9159 events.
Total write operations: 2773
Total read operations: 808
Processing 3843378 w/w combinations
Updating has_path path cache...
10% 
20% 
30% 
40% 
50% 
60% 
70% 
80% 
90% 
100% 
Processing 2240584 r/w combinations
10% 
20% 
30% 
40% 
50% 
60% 
70% 
80% 
90% 
100% 
Updating has_path path cache...
+-------------------------------------------+
| Total operations:      3581               |
| Total write operations: 2773              |
| Total read operations:  808               |
+-------------------------------------------+
| Total commuting races: 1994822            |
| Total harmful races:   4004               |
| Total filtered races:  0                  |
| Total Time Filtered races:  36963         |
| Total Time Edges:      36963              |
+-------------------------------------------+
Number of packet traces with races: 83
Number of packet inconsistencies:  69
Number of packet inconsistencies that are actually consistent (covered):  0
Number of packet inconsistencies the first race is already inconsistent:  14
Number of packet inconsistencies after trimming repeated races:  51
Number of packet inconsistent updates:  82675
Number of races:  2035789
Number of races filtered by time:  36963
Number of commuting races:  1994822
Number of harmful races:  4004
Number of covered races:  0
Number of versions: 732
Inconsistent updates: 103
Done. Time elapsed: 597.509159088 s
load_trace: 26.8267409801 s
detect_races: 134.25665617 s
extract_traces_time: 2.53392887115 s
find_reactive_cmds_time: 2.15631008148 s
find_proactive_cmds_time: 2.98010182381 s
find_covered_races_time: 4.03439021111 s
per_packet_inconsistent_time: 3.07431077957 s
find_inconsistent_update_time: -421.646348 s
Read 9614 events.
Added 9159 events.
Total write operations: 2773
Total read operations: 808
Processing 3843378 w/w combinations
Updating has_path path cache...
10% 
20% 
30% 
40% 
50% 
60% 
70% 
80% 
90% 
100% 
Processing 2240584 r/w combinations
10% 
20% 
30% 
40% 
50% 
60% 
70% 
80% 
90% 
100% 
Updating has_path path cache...
+-------------------------------------------+
| Total operations:      3581               |
| Total write operations: 2773              |
| Total read operations:  808               |
+-------------------------------------------+
| Total commuting races: 1994822            |
| Total harmful races:   4791               |
| Total filtered races:  0                  |
| Total Time Filtered races:  36176         |
| Total Time Edges:      36176              |
+-------------------------------------------+
Number of packet traces with races: 83
Number of packet inconsistencies:  73
Number of packet inconsistencies that are actually consistent (covered):  0
Number of packet inconsistencies the first race is already inconsistent:  10
Number of packet inconsistencies after trimming repeated races:  51
Number of packet inconsistent updates:  99565
Number of races:  2035789
Number of races filtered by time:  36176
Number of commuting races:  1994822
Number of harmful races:  4791
Number of covered races:  0
Number of versions: 732
Inconsistent updates: 103
Done. Time elapsed: 677.824649096 s
load_trace: 26.2030301094 s
detect_races: 131.682071924 s
extract_traces_time: 2.205119133 s
find_reactive_cmds_time: 2.15955495834 s
find_proactive_cmds_time: 2.85937190056 s
find_covered_races_time: 4.2599799633 s
per_packet_inconsistent_time: 3.58210802078 s
find_inconsistent_update_time: -504.873058081 s
Read 9614 events.
Added 9159 events.
Total write operations: 2773
Total read operations: 808
Processing 3843378 w/w combinations
Updating has_path path cache...
10% 
20% 
30% 
40% 
50% 
60% 
70% 
80% 
90% 
100% 
Processing 2240584 r/w combinations
10% 
20% 
30% 
40% 
50% 
60% 
70% 
80% 
90% 
100% 
Updating has_path path cache...
+-------------------------------------------+
| Total operations:      3581               |
| Total write operations: 2773              |
| Total read operations:  808               |
+-------------------------------------------+
| Total commuting races: 1994822            |
| Total harmful races:   5495               |
| Total filtered races:  0                  |
| Total Time Filtered races:  35472         |
| Total Time Edges:      35472              |
+-------------------------------------------+
Number of packet traces with races: 86
Number of packet inconsistencies:  73
Number of packet inconsistencies that are actually consistent (covered):  0
Number of packet inconsistencies the first race is already inconsistent:  13
Number of packet inconsistencies after trimming repeated races:  51
Number of packet inconsistent updates:  116539
Number of races:  2035789
Number of races filtered by time:  35472
Number of commuting races:  1994822
Number of harmful races:  5495
Number of covered races:  0
Number of versions: 732
Inconsistent updates: 105
Done. Time elapsed: 767.781774044 s
load_trace: 26.5869851112 s
detect_races: 133.252811909 s
extract_traces_time: 2.2457549572 s
find_reactive_cmds_time: 2.17884707451 s
find_proactive_cmds_time: 2.98329091072 s
find_covered_races_time: 4.67305994034 s
per_packet_inconsistent_time: 4.4983561039 s
find_inconsistent_update_time: -591.362570047 s
Read 9614 events.
Added 9159 events.
Total write operations: 2773
Total read operations: 808
Processing 3843378 w/w combinations
Updating has_path path cache...
10% 
20% 
30% 
40% 
50% 
60% 
70% 
80% 
90% 
100% 
Processing 2240584 r/w combinations
10% 
20% 
30% 
40% 
50% 
60% 
70% 
80% 
90% 
100% 
Updating has_path path cache...
+-------------------------------------------+
| Total operations:      3581               |
| Total write operations: 2773              |
| Total read operations:  808               |
+-------------------------------------------+
| Total commuting races: 1994822            |
| Total harmful races:   6272               |
| Total filtered races:  0                  |
| Total Time Filtered races:  34695         |
| Total Time Edges:      34695              |
+-------------------------------------------+
Number of packet traces with races: 86
Number of packet inconsistencies:  73
Number of packet inconsistencies that are actually consistent (covered):  0
Number of packet inconsistencies the first race is already inconsistent:  13
Number of packet inconsistencies after trimming repeated races:  51
Number of packet inconsistent updates:  134830
Number of races:  2035789
Number of races filtered by time:  34695
Number of commuting races:  1994822
Number of harmful races:  6272
Number of covered races:  0
Number of versions: 732
Inconsistent updates: 114
Done. Time elapsed: 867.729009867 s
load_trace: 27.0976109505 s
detect_races: 138.109540939 s
extract_traces_time: 0.772571086884 s
find_reactive_cmds_time: 3.85318994522 s
find_proactive_cmds_time: 2.98102998734 s
find_covered_races_time: 5.08515000343 s
per_packet_inconsistent_time: 4.66789698601 s
find_inconsistent_update_time: -685.161942959 s
Read 9614 events.
Added 9159 events.
Total write operations: 2773
Total read operations: 808
Processing 3843378 w/w combinations
Updating has_path path cache...
10% 
20% 
30% 
40% 
50% 
60% 
70% 
80% 
90% 
100% 
Processing 2240584 r/w combinations
10% 
20% 
30% 
40% 
50% 
60% 
70% 
80% 
90% 
100% 
Updating has_path path cache...
+-------------------------------------------+
| Total operations:      3581               |
| Total write operations: 2773              |
| Total read operations:  808               |
+-------------------------------------------+
| Total commuting races: 1994822            |
| Total harmful races:   7056               |
| Total filtered races:  0                  |
| Total Time Filtered races:  33911         |
| Total Time Edges:      33911              |
+-------------------------------------------+
Number of packet traces with races: 86
Number of packet inconsistencies:  73
Number of packet inconsistencies that are actually consistent (covered):  0
Number of packet inconsistencies the first race is already inconsistent:  13
Number of packet inconsistencies after trimming repeated races:  51
Number of packet inconsistent updates:  154575
Number of races:  2035789
Number of races filtered by time:  33911
Number of commuting races:  1994822
Number of harmful races:  7055
Number of covered races:  1
Number of versions: 732
Inconsistent updates: 118
Done. Time elapsed: 946.850904942 s
load_trace: 26.1036319733 s
detect_races: 129.549880028 s
extract_traces_time: 2.12622094154 s
find_reactive_cmds_time: 2.14684700966 s
find_proactive_cmds_time: 2.80031204224 s
find_covered_races_time: 4.71060013771 s
per_packet_inconsistent_time: 4.98819303513 s
find_inconsistent_update_time: -774.425139904 s
Read 9614 events.
Added 9159 events.
Total write operations: 2773
Total read operations: 808
Processing 3843378 w/w combinations
Updating has_path path cache...
10% 
20% 
30% 
40% 
50% 
60% 
70% 
80% 
90% 
100% 
Processing 2240584 r/w combinations
10% 
20% 
30% 
40% 
50% 
60% 
70% 
80% 
90% 
100% 
Updating has_path path cache...
+-------------------------------------------+
| Total operations:      3581               |
| Total write operations: 2773              |
| Total read operations:  808               |
+-------------------------------------------+
| Total commuting races: 1994822            |
| Total harmful races:   7794               |
| Total filtered races:  0                  |
| Total Time Filtered races:  33173         |
| Total Time Edges:      33173              |
+-------------------------------------------+
Number of packet traces with races: 86
Number of packet inconsistencies:  73
Number of packet inconsistencies that are actually consistent (covered):  0
Number of packet inconsistencies the first race is already inconsistent:  13
Number of packet inconsistencies after trimming repeated races:  51
Number of packet inconsistent updates:  172796
Number of races:  2035789
Number of races filtered by time:  33173
Number of commuting races:  1994822
Number of harmful races:  7791
Number of covered races:  3
Number of versions: 732
Inconsistent updates: 130
Done. Time elapsed: 1069.71235895 s
load_trace: 26.4823319912 s
detect_races: 136.695106983 s
extract_traces_time: 2.0676240921 s
find_reactive_cmds_time: 2.12713003159 s
find_proactive_cmds_time: 2.72459888458 s
find_covered_races_time: 4.9501080513 s
per_packet_inconsistent_time: 5.34840202332 s
find_inconsistent_update_time: -889.316969872 s
