Read 1970 events.
Added 1940 events.
Total write operations: 33
Total read operations: 619
Processing 528 w/w combinations
Updating has_path path cache...
10% 
20% 
30% 
40% 
50% 
60% 
70% 
80% 
90% 
100% 
Processing 20427 r/w combinations
10% 
20% 
30% 
40% 
50% 
60% 
70% 
80% 
90% 
100% 
Updating has_path path cache...
+-------------------------------------------+
| Total operations:      652                |
| Total write operations: 33                |
| Total read operations:  619               |
+-------------------------------------------+
| Total commuting races: 3838               |
| Total harmful races:   1259               |
| Total filtered races:  0                  |
| Total Time Filtered races:  0             |
| Total Time Edges:      0                  |
+-------------------------------------------+
Number of packet traces with races: 311
Number of packet inconsistencies:  147
Number of packet inconsistencies that are actually consistent (covered):  164
Number of packet inconsistencies the first race is already inconsistent:  0
Number of packet inconsistencies after trimming repeated races:  18
Number of packet inconsistent updates:  0
Number of races:  5097
Number of races filtered by time:  0
Number of commuting races:  3838
Number of harmful races:  637
Number of covered races:  622
Number of versions: 1
Inconsistent updates: 0
Done. Time elapsed: 5.70360207558 s
load_trace: 2.4953391552 s
detect_races: 0.486270904541 s
extract_traces_time: 0.0601139068604 s
find_reactive_cmds_time: 3.81469726562e-05 s
find_proactive_cmds_time: 0.0822849273682 s
find_covered_races_time: 2.05695104599 s
per_packet_inconsistent_time: 0.522140026093 s
find_inconsistent_update_time: -0.000412940979004 s
Read 1970 events.
Added 1940 events.
Total write operations: 33
Total read operations: 619
Processing 528 w/w combinations
Updating has_path path cache...
10% 
20% 
30% 
40% 
50% 
60% 
70% 
80% 
90% 
100% 
Processing 20427 r/w combinations
10% 
20% 
30% 
40% 
50% 
60% 
70% 
80% 
90% 
100% 
Updating has_path path cache...
+-------------------------------------------+
| Total operations:      652                |
| Total write operations: 33                |
| Total read operations:  619               |
+-------------------------------------------+
| Total commuting races: 3838               |
| Total harmful races:   0                  |
| Total filtered races:  0                  |
| Total Time Filtered races:  1259          |
| Total Time Edges:      1259               |
+-------------------------------------------+
Number of packet traces with races: 0
Number of packet inconsistencies:  0
Number of packet inconsistencies that are actually consistent (covered):  0
Number of packet inconsistencies the first race is already inconsistent:  0
Number of packet inconsistencies after trimming repeated races:  0
Number of packet inconsistent updates:  0
Number of races:  5097
Number of races filtered by time:  1259
Number of commuting races:  3838
Number of harmful races:  0
Number of covered races:  0
Number of versions: 1
Inconsistent updates: 0
Done. Time elapsed: 4.18956398964 s
load_trace: 2.55629181862 s
detect_races: 0.587697029114 s
extract_traces_time: 0.0933620929718 s
find_reactive_cmds_time: 3.79085540771e-05 s
find_proactive_cmds_time: 0.0814180374146 s
find_covered_races_time: 0.869183063507 s
per_packet_inconsistent_time: 0.00151205062866 s
find_inconsistent_update_time: -1.19209289551e-05 s
Read 1970 events.
Added 1940 events.
Total write operations: 33
Total read operations: 619
Processing 528 w/w combinations
Updating has_path path cache...
10% 
20% 
30% 
40% 
50% 
60% 
70% 
80% 
90% 
100% 
Processing 20427 r/w combinations
10% 
20% 
30% 
40% 
50% 
60% 
70% 
80% 
90% 
100% 
Updating has_path path cache...
+-------------------------------------------+
| Total operations:      652                |
| Total write operations: 33                |
| Total read operations:  619               |
+-------------------------------------------+
| Total commuting races: 3838               |
| Total harmful races:   4                  |
| Total filtered races:  0                  |
| Total Time Filtered races:  1255          |
| Total Time Edges:      1255               |
+-------------------------------------------+
Number of packet traces with races: 4
Number of packet inconsistencies:  0
Number of packet inconsistencies that are actually consistent (covered):  0
Number of packet inconsistencies the first race is already inconsistent:  4
Number of packet inconsistencies after trimming repeated races:  0
Number of packet inconsistent updates:  0
Number of races:  5097
Number of races filtered by time:  1255
Number of commuting races:  3838
Number of harmful races:  4
Number of covered races:  0
Number of versions: 1
Inconsistent updates: 0
Done. Time elapsed: 4.30413103104 s
load_trace: 2.47498822212 s
detect_races: 0.691987991333 s
extract_traces_time: 0.106132984161 s
find_reactive_cmds_time: 6.07967376709e-05 s
find_proactive_cmds_time: 0.0997700691223 s
find_covered_races_time: 0.927567958832 s
per_packet_inconsistent_time: 0.00355815887451 s
find_inconsistent_update_time: -1.50203704834e-05 s
Read 1970 events.
Added 1940 events.
Total write operations: 33
Total read operations: 619
Processing 528 w/w combinations
Updating has_path path cache...
10% 
20% 
30% 
40% 
50% 
60% 
70% 
80% 
90% 
100% 
Processing 20427 r/w combinations
10% 
20% 
30% 
40% 
50% 
60% 
70% 
80% 
90% 
100% 
Updating has_path path cache...
+-------------------------------------------+
| Total operations:      652                |
| Total write operations: 33                |
| Total read operations:  619               |
+-------------------------------------------+
| Total commuting races: 3838               |
| Total harmful races:   11                 |
| Total filtered races:  0                  |
| Total Time Filtered races:  1248          |
| Total Time Edges:      1248               |
+-------------------------------------------+
Number of packet traces with races: 11
Number of packet inconsistencies:  0
Number of packet inconsistencies that are actually consistent (covered):  0
Number of packet inconsistencies the first race is already inconsistent:  11
Number of packet inconsistencies after trimming repeated races:  0
Number of packet inconsistent updates:  0
Number of races:  5097
Number of races filtered by time:  1248
Number of commuting races:  3838
Number of harmful races:  11
Number of covered races:  0
Number of versions: 1
Inconsistent updates: 0
Done. Time elapsed: 4.47585201263 s
load_trace: 2.63545489311 s
detect_races: 0.618509054184 s
extract_traces_time: 0.0753531455994 s
find_reactive_cmds_time: 4.6968460083e-05 s
find_proactive_cmds_time: 0.0936799049377 s
find_covered_races_time: 1.04356002808 s
per_packet_inconsistent_time: 0.00917506217957 s
find_inconsistent_update_time: -1.8835067749e-05 s
Read 1970 events.
Added 1940 events.
Total write operations: 33
Total read operations: 619
Processing 528 w/w combinations
Updating has_path path cache...
10% 
20% 
30% 
40% 
50% 
60% 
70% 
80% 
90% 
100% 
Processing 20427 r/w combinations
10% 
20% 
30% 
40% 
50% 
60% 
70% 
80% 
90% 
100% 
Updating has_path path cache...
+-------------------------------------------+
| Total operations:      652                |
| Total write operations: 33                |
| Total read operations:  619               |
+-------------------------------------------+
| Total commuting races: 3838               |
| Total harmful races:   93                 |
| Total filtered races:  0                  |
| Total Time Filtered races:  1166          |
| Total Time Edges:      1166               |
+-------------------------------------------+
Number of packet traces with races: 45
Number of packet inconsistencies:  9
Number of packet inconsistencies that are actually consistent (covered):  16
Number of packet inconsistencies the first race is already inconsistent:  20
Number of packet inconsistencies after trimming repeated races:  9
Number of packet inconsistent updates:  0
Number of races:  5097
Number of races filtered by time:  1166
Number of commuting races:  3838
Number of harmful races:  61
Number of covered races:  32
Number of versions: 1
Inconsistent updates: 0
Done. Time elapsed: 4.47207999229 s
load_trace: 2.72150707245 s
detect_races: 0.554891824722 s
extract_traces_time: 0.0663230419159 s
find_reactive_cmds_time: 4.79221343994e-05 s
find_proactive_cmds_time: 0.0878021717072 s
find_covered_races_time: 1.00948405266 s
per_packet_inconsistent_time: 0.0320239067078 s
find_inconsistent_update_time: 0.0 s
Read 1970 events.
Added 1940 events.
Total write operations: 33
Total read operations: 619
Processing 528 w/w combinations
Updating has_path path cache...
10% 
20% 
30% 
40% 
50% 
60% 
70% 
80% 
90% 
100% 
Processing 20427 r/w combinations
10% 
20% 
30% 
40% 
50% 
60% 
70% 
80% 
90% 
100% 
Updating has_path path cache...
+-------------------------------------------+
| Total operations:      652                |
| Total write operations: 33                |
| Total read operations:  619               |
+-------------------------------------------+
| Total commuting races: 3838               |
| Total harmful races:   220                |
| Total filtered races:  0                  |
| Total Time Filtered races:  1039          |
| Total Time Edges:      1039               |
+-------------------------------------------+
Number of packet traces with races: 82
Number of packet inconsistencies:  20
Number of packet inconsistencies that are actually consistent (covered):  32
Number of packet inconsistencies the first race is already inconsistent:  30
Number of packet inconsistencies after trimming repeated races:  12
Number of packet inconsistent updates:  0
Number of races:  5097
Number of races filtered by time:  1039
Number of commuting races:  3838
Number of harmful races:  127
Number of covered races:  93
Number of versions: 1
Inconsistent updates: 0
Done. Time elapsed: 4.47989416122 s
load_trace: 2.5050330162 s
detect_races: 0.550861120224 s
extract_traces_time: 0.0661089420319 s
find_reactive_cmds_time: 3.88622283936e-05 s
find_proactive_cmds_time: 0.0890090465546 s
find_covered_races_time: 1.19514799118 s
per_packet_inconsistent_time: 0.0728590488434 s
find_inconsistent_update_time: -0.000112056732178 s
Read 1970 events.
Added 1940 events.
Total write operations: 33
Total read operations: 619
Processing 528 w/w combinations
Updating has_path path cache...
10% 
20% 
30% 
40% 
50% 
60% 
70% 
80% 
90% 
100% 
Processing 20427 r/w combinations
10% 
20% 
30% 
40% 
50% 
60% 
70% 
80% 
90% 
100% 
Updating has_path path cache...
+-------------------------------------------+
| Total operations:      652                |
| Total write operations: 33                |
| Total read operations:  619               |
+-------------------------------------------+
| Total commuting races: 3838               |
| Total harmful races:   318                |
| Total filtered races:  0                  |
| Total Time Filtered races:  941           |
| Total Time Edges:      941                |
+-------------------------------------------+
Number of packet traces with races: 102
Number of packet inconsistencies:  33
Number of packet inconsistencies that are actually consistent (covered):  44
Number of packet inconsistencies the first race is already inconsistent:  25
Number of packet inconsistencies after trimming repeated races:  15
Number of packet inconsistent updates:  0
Number of races:  5097
Number of races filtered by time:  941
Number of commuting races:  3838
Number of harmful races:  173
Number of covered races:  145
Number of versions: 1
Inconsistent updates: 0
Done. Time elapsed: 4.73742604256 s
load_trace: 2.59182310104 s
detect_races: 0.542456865311 s
extract_traces_time: 0.0624101161957 s
find_reactive_cmds_time: 3.19480895996e-05 s
find_proactive_cmds_time: 0.0864460468292 s
find_covered_races_time: 1.34589385986 s
per_packet_inconsistent_time: 0.108182191849 s
find_inconsistent_update_time: -0.00013279914856 s
Read 1970 events.
Added 1940 events.
Total write operations: 33
Total read operations: 619
Processing 528 w/w combinations
Updating has_path path cache...
10% 
20% 
30% 
40% 
50% 
60% 
70% 
80% 
90% 
100% 
Processing 20427 r/w combinations
10% 
20% 
30% 
40% 
50% 
60% 
70% 
80% 
90% 
100% 
Updating has_path path cache...
+-------------------------------------------+
| Total operations:      652                |
| Total write operations: 33                |
| Total read operations:  619               |
+-------------------------------------------+
| Total commuting races: 3838               |
| Total harmful races:   420                |
| Total filtered races:  0                  |
| Total Time Filtered races:  839           |
| Total Time Edges:      839                |
+-------------------------------------------+
Number of packet traces with races: 130
Number of packet inconsistencies:  44
Number of packet inconsistencies that are actually consistent (covered):  60
Number of packet inconsistencies the first race is already inconsistent:  26
Number of packet inconsistencies after trimming repeated races:  17
Number of packet inconsistent updates:  0
Number of races:  5097
Number of races filtered by time:  839
Number of commuting races:  3838
Number of harmful races:  227
Number of covered races:  193
Number of versions: 1
Inconsistent updates: 0
Done. Time elapsed: 4.76990890503 s
load_trace: 2.53251600266 s
detect_races: 0.553635835648 s
extract_traces_time: 0.0666010379791 s
find_reactive_cmds_time: 3.79085540771e-05 s
find_proactive_cmds_time: 0.0877060890198 s
find_covered_races_time: 1.38400101662 s
per_packet_inconsistent_time: 0.145188093185 s
find_inconsistent_update_time: -0.000171899795532 s
Read 1970 events.
Added 1940 events.
Total write operations: 33
Total read operations: 619
Processing 528 w/w combinations
Updating has_path path cache...
10% 
20% 
30% 
40% 
50% 
60% 
70% 
80% 
90% 
100% 
Processing 20427 r/w combinations
10% 
20% 
30% 
40% 
50% 
60% 
70% 
80% 
90% 
100% 
Updating has_path path cache...
+-------------------------------------------+
| Total operations:      652                |
| Total write operations: 33                |
| Total read operations:  619               |
+-------------------------------------------+
| Total commuting races: 3838               |
| Total harmful races:   527                |
| Total filtered races:  0                  |
| Total Time Filtered races:  732           |
| Total Time Edges:      732                |
+-------------------------------------------+
Number of packet traces with races: 150
Number of packet inconsistencies:  61
Number of packet inconsistencies that are actually consistent (covered):  69
Number of packet inconsistencies the first race is already inconsistent:  20
Number of packet inconsistencies after trimming repeated races:  17
Number of packet inconsistent updates:  0
Number of races:  5097
Number of races filtered by time:  732
Number of commuting races:  3838
Number of harmful races:  283
Number of covered races:  244
Number of versions: 1
Inconsistent updates: 0
Done. Time elapsed: 4.8080739975 s
load_trace: 2.55379199982 s
detect_races: 0.510709047318 s
extract_traces_time: 0.0644879341125 s
find_reactive_cmds_time: 3.79085540771e-05 s
find_proactive_cmds_time: 0.0830001831055 s
find_covered_races_time: 1.40215802193 s
per_packet_inconsistent_time: 0.193888902664 s
find_inconsistent_update_time: 0.0 s
Read 1970 events.
Added 1940 events.
Total write operations: 33
Total read operations: 619
Processing 528 w/w combinations
Updating has_path path cache...
10% 
20% 
30% 
40% 
50% 
60% 
70% 
80% 
90% 
100% 
Processing 20427 r/w combinations
10% 
20% 
30% 
40% 
50% 
60% 
70% 
80% 
90% 
100% 
Updating has_path path cache...
+-------------------------------------------+
| Total operations:      652                |
| Total write operations: 33                |
| Total read operations:  619               |
+-------------------------------------------+
| Total commuting races: 3838               |
| Total harmful races:   619                |
| Total filtered races:  0                  |
| Total Time Filtered races:  640           |
| Total Time Edges:      640                |
+-------------------------------------------+
Number of packet traces with races: 169
Number of packet inconsistencies:  67
Number of packet inconsistencies that are actually consistent (covered):  82
Number of packet inconsistencies the first race is already inconsistent:  20
Number of packet inconsistencies after trimming repeated races:  15
Number of packet inconsistent updates:  0
Number of races:  5097
Number of races filtered by time:  640
Number of commuting races:  3838
Number of harmful races:  328
Number of covered races:  291
Number of versions: 1
Inconsistent updates: 0
Done. Time elapsed: 5.00399303436 s
load_trace: 2.59199404716 s
detect_races: 0.522413015366 s
extract_traces_time: 0.0655870437622 s
find_reactive_cmds_time: 0.0 s
find_proactive_cmds_time: 0.0885419845581 s
find_covered_races_time: 1.5082628727 s
per_packet_inconsistent_time: 0.225984096527 s
find_inconsistent_update_time: -0.00120997428894 s
Read 1970 events.
Added 1940 events.
Total write operations: 33
Total read operations: 619
Processing 528 w/w combinations
Updating has_path path cache...
10% 
20% 
30% 
40% 
50% 
60% 
70% 
80% 
90% 
100% 
Processing 20427 r/w combinations
10% 
20% 
30% 
40% 
50% 
60% 
70% 
80% 
90% 
100% 
Updating has_path path cache...
+-------------------------------------------+
| Total operations:      652                |
| Total write operations: 33                |
| Total read operations:  619               |
+-------------------------------------------+
| Total commuting races: 3838               |
| Total harmful races:   747                |
| Total filtered races:  0                  |
| Total Time Filtered races:  512           |
| Total Time Edges:      512                |
+-------------------------------------------+
Number of packet traces with races: 200
Number of packet inconsistencies:  84
Number of packet inconsistencies that are actually consistent (covered):  100
Number of packet inconsistencies the first race is already inconsistent:  16
Number of packet inconsistencies after trimming repeated races:  18
Number of packet inconsistent updates:  0
Number of races:  5097
Number of races filtered by time:  512
Number of commuting races:  3838
Number of harmful races:  393
Number of covered races:  354
Number of versions: 1
Inconsistent updates: 0
Done. Time elapsed: 5.29750609398 s
load_trace: 2.54181599617 s
detect_races: 0.599786043167 s
extract_traces_time: 0.0811698436737 s
find_reactive_cmds_time: 0.0 s
find_proactive_cmds_time: 0.100172042847 s
find_covered_races_time: 1.66223502159 s
per_packet_inconsistent_time: 0.311962127686 s
find_inconsistent_update_time: -0.000314950942993 s
Read 1970 events.
Added 1940 events.
Total write operations: 33
Total read operations: 619
Processing 528 w/w combinations
Updating has_path path cache...
10% 
20% 
30% 
40% 
50% 
60% 
70% 
80% 
90% 
100% 
Processing 20427 r/w combinations
10% 
20% 
30% 
40% 
50% 
60% 
70% 
80% 
90% 
100% 
Updating has_path path cache...
+-------------------------------------------+
| Total operations:      652                |
| Total write operations: 33                |
| Total read operations:  619               |
+-------------------------------------------+
| Total commuting races: 3838               |
| Total harmful races:   856                |
| Total filtered races:  0                  |
| Total Time Filtered races:  403           |
| Total Time Edges:      403                |
+-------------------------------------------+
Number of packet traces with races: 219
Number of packet inconsistencies:  99
Number of packet inconsistencies that are actually consistent (covered):  109
Number of packet inconsistencies the first race is already inconsistent:  11
Number of packet inconsistencies after trimming repeated races:  20
Number of packet inconsistent updates:  0
Number of races:  5097
Number of races filtered by time:  403
Number of commuting races:  3838
Number of harmful races:  448
Number of covered races:  408
Number of versions: 1
Inconsistent updates: 0
Done. Time elapsed: 5.79314899445 s
load_trace: 2.87199687958 s
detect_races: 0.525465965271 s
extract_traces_time: 0.0610852241516 s
find_reactive_cmds_time: 3.60012054443e-05 s
find_proactive_cmds_time: 0.0835068225861 s
find_covered_races_time: 1.8845641613 s
per_packet_inconsistent_time: 0.366055011749 s
find_inconsistent_update_time: -0.00038480758667 s
