Read 445 events.
Added 424 events.
Total write operations: 16
Total read operations: 74
Processing 120 w/w combinations
Updating has_path path cache...
10% 
20% 
30% 
40% 
50% 
60% 
70% 
80% 
90% 
100% 
Processing 1184 r/w combinations
10% 
20% 
30% 
40% 
50% 
60% 
70% 
80% 
90% 
100% 
Updating has_path path cache...
+-------------------------------------------+
| Total operations:      90                 |
| Total write operations: 16                |
| Total read operations:  74                |
+-------------------------------------------+
| Total commuting races: 1148               |
| Total harmful races:   120                |
| Total filtered races:  0                  |
| Total Time Filtered races:  0             |
| Total Time Edges:      0                  |
+-------------------------------------------+
Number of packet traces with races: 74
Number of packet inconsistencies:  0
Number of packet inconsistencies that are actually consistent (covered):  40
Number of packet inconsistencies the first race is already inconsistent:  34
Number of packet inconsistencies after trimming repeated races:  0
Number of packet inconsistent updates:  0
Number of races:  1268
Number of races filtered by time:  0
Number of commuting races:  1148
Number of harmful races:  80
Number of covered races:  40
Number of versions: 9
Inconsistent updates: 0
Done. Time elapsed: 0.439663171768 s
load_trace: 0.274291038513 s
detect_races: 0.069354057312 s
extract_traces_time: 0.00800395011902 s
find_reactive_cmds_time: 3.91006469727e-05 s
find_proactive_cmds_time: 0.0119988918304 s
find_covered_races_time: 0.0668129920959 s
per_packet_inconsistent_time: 0.00908708572388 s
find_inconsistent_update_time: -4.00543212891e-05 s
Read 445 events.
Added 424 events.
Total write operations: 16
Total read operations: 74
Processing 120 w/w combinations
Updating has_path path cache...
10% 
20% 
30% 
40% 
50% 
60% 
70% 
80% 
90% 
100% 
Processing 1184 r/w combinations
10% 
20% 
30% 
40% 
50% 
60% 
70% 
80% 
90% 
100% 
Updating has_path path cache...
+-------------------------------------------+
| Total operations:      90                 |
| Total write operations: 16                |
| Total read operations:  74                |
+-------------------------------------------+
| Total commuting races: 1148               |
| Total harmful races:   0                  |
| Total filtered races:  0                  |
| Total Time Filtered races:  120           |
| Total Time Edges:      120                |
+-------------------------------------------+
Number of packet traces with races: 0
Number of packet inconsistencies:  0
Number of packet inconsistencies that are actually consistent (covered):  0
Number of packet inconsistencies the first race is already inconsistent:  0
Number of packet inconsistencies after trimming repeated races:  0
Number of packet inconsistent updates:  0
Number of races:  1268
Number of races filtered by time:  120
Number of commuting races:  1148
Number of harmful races:  0
Number of covered races:  0
Number of versions: 9
Inconsistent updates: 0
Done. Time elapsed: 0.383147954941 s
load_trace: 0.253767967224 s
detect_races: 0.0676951408386 s
extract_traces_time: 0.0130908489227 s
find_reactive_cmds_time: 3.91006469727e-05 s
find_proactive_cmds_time: 0.0117180347443 s
find_covered_races_time: 0.0363698005676 s
per_packet_inconsistent_time: 0.00042200088501 s
find_inconsistent_update_time: -8.10623168945e-06 s
Read 445 events.
Added 424 events.
Total write operations: 16
Total read operations: 74
Processing 120 w/w combinations
Updating has_path path cache...
10% 
20% 
30% 
40% 
50% 
60% 
70% 
80% 
90% 
100% 
Processing 1184 r/w combinations
10% 
20% 
30% 
40% 
50% 
60% 
70% 
80% 
90% 
100% 
Updating has_path path cache...
+-------------------------------------------+
| Total operations:      90                 |
| Total write operations: 16                |
| Total read operations:  74                |
+-------------------------------------------+
| Total commuting races: 1148               |
| Total harmful races:   10                 |
| Total filtered races:  0                  |
| Total Time Filtered races:  110           |
| Total Time Edges:      110                |
+-------------------------------------------+
Number of packet traces with races: 10
Number of packet inconsistencies:  0
Number of packet inconsistencies that are actually consistent (covered):  0
Number of packet inconsistencies the first race is already inconsistent:  10
Number of packet inconsistencies after trimming repeated races:  0
Number of packet inconsistent updates:  0
Number of races:  1268
Number of races filtered by time:  110
Number of commuting races:  1148
Number of harmful races:  10
Number of covered races:  0
Number of versions: 9
Inconsistent updates: 0
Done. Time elapsed: 0.382560968399 s
load_trace: 0.247720003128 s
detect_races: 0.0692749023438 s
extract_traces_time: 0.00988698005676 s
find_reactive_cmds_time: 3.91006469727e-05 s
find_proactive_cmds_time: 0.0115849971771 s
find_covered_races_time: 0.0427138805389 s
per_packet_inconsistent_time: 0.00127601623535 s
find_inconsistent_update_time: -2.21729278564e-05 s
Read 445 events.
Added 424 events.
Total write operations: 16
Total read operations: 74
Processing 120 w/w combinations
Updating has_path path cache...
10% 
20% 
30% 
40% 
50% 
60% 
70% 
80% 
90% 
100% 
Processing 1184 r/w combinations
10% 
20% 
30% 
40% 
50% 
60% 
70% 
80% 
90% 
100% 
Updating has_path path cache...
+-------------------------------------------+
| Total operations:      90                 |
| Total write operations: 16                |
| Total read operations:  74                |
+-------------------------------------------+
| Total commuting races: 1148               |
| Total harmful races:   19                 |
| Total filtered races:  0                  |
| Total Time Filtered races:  101           |
| Total Time Edges:      101                |
+-------------------------------------------+
Number of packet traces with races: 17
Number of packet inconsistencies:  0
Number of packet inconsistencies that are actually consistent (covered):  0
Number of packet inconsistencies the first race is already inconsistent:  17
Number of packet inconsistencies after trimming repeated races:  0
Number of packet inconsistent updates:  0
Number of races:  1268
Number of races filtered by time:  101
Number of commuting races:  1148
Number of harmful races:  19
Number of covered races:  0
Number of versions: 9
Inconsistent updates: 0
Done. Time elapsed: 0.386716127396 s
load_trace: 0.244686126709 s
detect_races: 0.0708918571472 s
extract_traces_time: 0.0111560821533 s
find_reactive_cmds_time: 5.79357147217e-05 s
find_proactive_cmds_time: 0.0116519927979 s
find_covered_races_time: 0.0460519790649 s
per_packet_inconsistent_time: 0.00216913223267 s
find_inconsistent_update_time: -1.38282775879e-05 s
Read 445 events.
Added 424 events.
Total write operations: 16
Total read operations: 74
Processing 120 w/w combinations
Updating has_path path cache...
10% 
20% 
30% 
40% 
50% 
60% 
70% 
80% 
90% 
100% 
Processing 1184 r/w combinations
10% 
20% 
30% 
40% 
50% 
60% 
70% 
80% 
90% 
100% 
Updating has_path path cache...
+-------------------------------------------+
| Total operations:      90                 |
| Total write operations: 16                |
| Total read operations:  74                |
+-------------------------------------------+
| Total commuting races: 1148               |
| Total harmful races:   32                 |
| Total filtered races:  0                  |
| Total Time Filtered races:  88            |
| Total Time Edges:      88                 |
+-------------------------------------------+
Number of packet traces with races: 28
Number of packet inconsistencies:  0
Number of packet inconsistencies that are actually consistent (covered):  0
Number of packet inconsistencies the first race is already inconsistent:  28
Number of packet inconsistencies after trimming repeated races:  0
Number of packet inconsistent updates:  0
Number of races:  1268
Number of races filtered by time:  88
Number of commuting races:  1148
Number of harmful races:  32
Number of covered races:  0
Number of versions: 9
Inconsistent updates: 0
Done. Time elapsed: 0.396976947784 s
load_trace: 0.248431921005 s
detect_races: 0.0661909580231 s
extract_traces_time: 0.00927209854126 s
find_reactive_cmds_time: 3.69548797607e-05 s
find_proactive_cmds_time: 0.0116250514984 s
find_covered_races_time: 0.0573658943176 s
per_packet_inconsistent_time: 0.00399208068848 s
find_inconsistent_update_time: -2.00271606445e-05 s
Read 445 events.
Added 424 events.
Total write operations: 16
Total read operations: 74
Processing 120 w/w combinations
Updating has_path path cache...
10% 
20% 
30% 
40% 
50% 
60% 
70% 
80% 
90% 
100% 
Processing 1184 r/w combinations
10% 
20% 
30% 
40% 
50% 
60% 
70% 
80% 
90% 
100% 
Updating has_path path cache...
+-------------------------------------------+
| Total operations:      90                 |
| Total write operations: 16                |
| Total read operations:  74                |
+-------------------------------------------+
| Total commuting races: 1148               |
| Total harmful races:   37                 |
| Total filtered races:  0                  |
| Total Time Filtered races:  83            |
| Total Time Edges:      83                 |
+-------------------------------------------+
Number of packet traces with races: 33
Number of packet inconsistencies:  0
Number of packet inconsistencies that are actually consistent (covered):  0
Number of packet inconsistencies the first race is already inconsistent:  33
Number of packet inconsistencies after trimming repeated races:  0
Number of packet inconsistent updates:  0
Number of races:  1268
Number of races filtered by time:  83
Number of commuting races:  1148
Number of harmful races:  37
Number of covered races:  0
Number of versions: 9
Inconsistent updates: 0
Done. Time elapsed: 0.388497829437 s
load_trace: 0.24323797226 s
detect_races: 0.0681810379028 s
extract_traces_time: 0.00871682167053 s
find_reactive_cmds_time: 4.10079956055e-05 s
find_proactive_cmds_time: 0.0125851631165 s
find_covered_races_time: 0.0519919395447 s
per_packet_inconsistent_time: 0.00367093086243 s
find_inconsistent_update_time: -1.90734863281e-05 s
Read 445 events.
Added 424 events.
Total write operations: 16
Total read operations: 74
Processing 120 w/w combinations
Updating has_path path cache...
10% 
20% 
30% 
40% 
50% 
60% 
70% 
80% 
90% 
100% 
Processing 1184 r/w combinations
10% 
20% 
30% 
40% 
50% 
60% 
70% 
80% 
90% 
100% 
Updating has_path path cache...
+-------------------------------------------+
| Total operations:      90                 |
| Total write operations: 16                |
| Total read operations:  74                |
+-------------------------------------------+
| Total commuting races: 1148               |
| Total harmful races:   44                 |
| Total filtered races:  0                  |
| Total Time Filtered races:  76            |
| Total Time Edges:      76                 |
+-------------------------------------------+
Number of packet traces with races: 40
Number of packet inconsistencies:  0
Number of packet inconsistencies that are actually consistent (covered):  0
Number of packet inconsistencies the first race is already inconsistent:  40
Number of packet inconsistencies after trimming repeated races:  0
Number of packet inconsistent updates:  0
Number of races:  1268
Number of races filtered by time:  76
Number of commuting races:  1148
Number of harmful races:  44
Number of covered races:  0
Number of versions: 9
Inconsistent updates: 0
Done. Time elapsed: 0.417992115021 s
load_trace: 0.265809059143 s
detect_races: 0.0663771629333 s
extract_traces_time: 0.00896382331848 s
find_reactive_cmds_time: 4.00543212891e-05 s
find_proactive_cmds_time: 0.0120589733124 s
find_covered_races_time: 0.0604429244995 s
per_packet_inconsistent_time: 0.0042450428009 s
find_inconsistent_update_time: -2.09808349609e-05 s
Read 445 events.
Added 424 events.
Total write operations: 16
Total read operations: 74
Processing 120 w/w combinations
Updating has_path path cache...
10% 
20% 
30% 
40% 
50% 
60% 
70% 
80% 
90% 
100% 
Processing 1184 r/w combinations
10% 
20% 
30% 
40% 
50% 
60% 
70% 
80% 
90% 
100% 
Updating has_path path cache...
+-------------------------------------------+
| Total operations:      90                 |
| Total write operations: 16                |
| Total read operations:  74                |
+-------------------------------------------+
| Total commuting races: 1148               |
| Total harmful races:   54                 |
| Total filtered races:  0                  |
| Total Time Filtered races:  66            |
| Total Time Edges:      66                 |
+-------------------------------------------+
Number of packet traces with races: 50
Number of packet inconsistencies:  0
Number of packet inconsistencies that are actually consistent (covered):  0
Number of packet inconsistencies the first race is already inconsistent:  50
Number of packet inconsistencies after trimming repeated races:  0
Number of packet inconsistent updates:  0
Number of races:  1268
Number of races filtered by time:  66
Number of commuting races:  1148
Number of harmful races:  54
Number of covered races:  0
Number of versions: 9
Inconsistent updates: 0
Done. Time elapsed: 0.423230886459 s
load_trace: 0.26313495636 s
detect_races: 0.0736260414124 s
extract_traces_time: 0.00809502601624 s
find_reactive_cmds_time: 3.79085540771e-05 s
find_proactive_cmds_time: 0.0119860172272 s
find_covered_races_time: 0.0613169670105 s
per_packet_inconsistent_time: 0.00497698783875 s
find_inconsistent_update_time: -2.31266021729e-05 s
Read 445 events.
Added 424 events.
Total write operations: 16
Total read operations: 74
Processing 120 w/w combinations
Updating has_path path cache...
10% 
20% 
30% 
40% 
50% 
60% 
70% 
80% 
90% 
100% 
Processing 1184 r/w combinations
10% 
20% 
30% 
40% 
50% 
60% 
70% 
80% 
90% 
100% 
Updating has_path path cache...
+-------------------------------------------+
| Total operations:      90                 |
| Total write operations: 16                |
| Total read operations:  74                |
+-------------------------------------------+
| Total commuting races: 1148               |
| Total harmful races:   65                 |
| Total filtered races:  0                  |
| Total Time Filtered races:  55            |
| Total Time Edges:      55                 |
+-------------------------------------------+
Number of packet traces with races: 61
Number of packet inconsistencies:  0
Number of packet inconsistencies that are actually consistent (covered):  0
Number of packet inconsistencies the first race is already inconsistent:  61
Number of packet inconsistencies after trimming repeated races:  0
Number of packet inconsistent updates:  0
Number of races:  1268
Number of races filtered by time:  55
Number of commuting races:  1148
Number of harmful races:  65
Number of covered races:  0
Number of versions: 9
Inconsistent updates: 0
Done. Time elapsed: 0.436341047287 s
load_trace: 0.269723176956 s
detect_races: 0.0679948329926 s
extract_traces_time: 0.0084011554718 s
find_reactive_cmds_time: 4.60147857666e-05 s
find_proactive_cmds_time: 0.015567779541 s
find_covered_races_time: 0.0686120986938 s
per_packet_inconsistent_time: 0.00592589378357 s
find_inconsistent_update_time: -3.00407409668e-05 s
Read 445 events.
Added 424 events.
Total write operations: 16
Total read operations: 74
Processing 120 w/w combinations
Updating has_path path cache...
10% 
20% 
30% 
40% 
50% 
60% 
70% 
80% 
90% 
100% 
Processing 1184 r/w combinations
10% 
20% 
30% 
40% 
50% 
60% 
70% 
80% 
90% 
100% 
Updating has_path path cache...
+-------------------------------------------+
| Total operations:      90                 |
| Total write operations: 16                |
| Total read operations:  74                |
+-------------------------------------------+
| Total commuting races: 1148               |
| Total harmful races:   73                 |
| Total filtered races:  0                  |
| Total Time Filtered races:  47            |
| Total Time Edges:      47                 |
+-------------------------------------------+
Number of packet traces with races: 69
Number of packet inconsistencies:  0
Number of packet inconsistencies that are actually consistent (covered):  0
Number of packet inconsistencies the first race is already inconsistent:  69
Number of packet inconsistencies after trimming repeated races:  0
Number of packet inconsistent updates:  0
Number of races:  1268
Number of races filtered by time:  47
Number of commuting races:  1148
Number of harmful races:  73
Number of covered races:  0
Number of versions: 9
Inconsistent updates: 0
Done. Time elapsed: 0.412039995193 s
load_trace: 0.260565042496 s
detect_races: 0.0646388530731 s
extract_traces_time: 0.0076310634613 s
find_reactive_cmds_time: 3.60012054443e-05 s
find_proactive_cmds_time: 0.0120899677277 s
find_covered_races_time: 0.058413028717 s
per_packet_inconsistent_time: 0.00859498977661 s
find_inconsistent_update_time: -3.19480895996e-05 s
Read 445 events.
Added 424 events.
Total write operations: 16
Total read operations: 74
Processing 120 w/w combinations
Updating has_path path cache...
10% 
20% 
30% 
40% 
50% 
60% 
70% 
80% 
90% 
100% 
Processing 1184 r/w combinations
10% 
20% 
30% 
40% 
50% 
60% 
70% 
80% 
90% 
100% 
Updating has_path path cache...
+-------------------------------------------+
| Total operations:      90                 |
| Total write operations: 16                |
| Total read operations:  74                |
+-------------------------------------------+
| Total commuting races: 1148               |
| Total harmful races:   82                 |
| Total filtered races:  0                  |
| Total Time Filtered races:  38            |
| Total Time Edges:      38                 |
+-------------------------------------------+
Number of packet traces with races: 74
Number of packet inconsistencies:  0
Number of packet inconsistencies that are actually consistent (covered):  2
Number of packet inconsistencies the first race is already inconsistent:  72
Number of packet inconsistencies after trimming repeated races:  0
Number of packet inconsistent updates:  0
Number of races:  1268
Number of races filtered by time:  38
Number of commuting races:  1148
Number of harmful races:  80
Number of covered races:  2
Number of versions: 9
Inconsistent updates: 0
Done. Time elapsed: 0.412112951279 s
load_trace: 0.256134986877 s
detect_races: 0.0652120113373 s
extract_traces_time: 0.00785899162292 s
find_reactive_cmds_time: 4.19616699219e-05 s
find_proactive_cmds_time: 0.0125479698181 s
find_covered_races_time: 0.0625290870667 s
per_packet_inconsistent_time: 0.00771808624268 s
find_inconsistent_update_time: -3.09944152832e-05 s
Read 445 events.
Added 424 events.
Total write operations: 16
Total read operations: 74
Processing 120 w/w combinations
Updating has_path path cache...
10% 
20% 
30% 
40% 
50% 
60% 
70% 
80% 
90% 
100% 
Processing 1184 r/w combinations
10% 
20% 
30% 
40% 
50% 
60% 
70% 
80% 
90% 
100% 
Updating has_path path cache...
+-------------------------------------------+
| Total operations:      90                 |
| Total write operations: 16                |
| Total read operations:  74                |
+-------------------------------------------+
| Total commuting races: 1148               |
| Total harmful races:   87                 |
| Total filtered races:  0                  |
| Total Time Filtered races:  33            |
| Total Time Edges:      33                 |
+-------------------------------------------+
Number of packet traces with races: 74
Number of packet inconsistencies:  0
Number of packet inconsistencies that are actually consistent (covered):  7
Number of packet inconsistencies the first race is already inconsistent:  67
Number of packet inconsistencies after trimming repeated races:  0
Number of packet inconsistent updates:  0
Number of races:  1268
Number of races filtered by time:  33
Number of commuting races:  1148
Number of harmful races:  80
Number of covered races:  7
Number of versions: 9
Inconsistent updates: 0
Done. Time elapsed: 0.418664932251 s
load_trace: 0.258041858673 s
detect_races: 0.0702331066132 s
extract_traces_time: 0.00771498680115 s
find_reactive_cmds_time: 4.00543212891e-05 s
find_proactive_cmds_time: 0.0148878097534 s
find_covered_races_time: 0.0604801177979 s
per_packet_inconsistent_time: 0.00720191001892 s
find_inconsistent_update_time: -3.31401824951e-05 s
