Read 3619 events.
Added 3608 events.
Total write operations: 313
Total read operations: 369
Processing 48828 w/w combinations
Updating has_path path cache...
10% 
20% 
30% 
40% 
50% 
60% 
70% 
80% 
90% 
100% 
Processing 115497 r/w combinations
10% 
20% 
30% 
40% 
50% 
60% 
70% 
80% 
90% 
100% 
Updating has_path path cache...
+-------------------------------------------+
| Total operations:      682                |
| Total write operations: 313               |
| Total read operations:  369               |
+-------------------------------------------+
| Total commuting races: 160815             |
| Total harmful races:   2014               |
| Total filtered races:  0                  |
| Total Time Filtered races:  0             |
| Total Time Edges:      0                  |
+-------------------------------------------+
Number of packet traces with races: 368
Number of packet inconsistencies:  0
Number of packet inconsistencies that are actually consistent (covered):  172
Number of packet inconsistencies the first race is already inconsistent:  196
Number of packet inconsistencies after trimming repeated races:  0
Number of packet inconsistent updates:  895
Number of races:  162829
Number of races filtered by time:  0
Number of commuting races:  160815
Number of harmful races:  1840
Number of covered races:  174
Number of versions: 272
Inconsistent updates: 360
Done. Time elapsed: 28.2159638405 s
load_trace: 15.0495288372 s
detect_races: 10.9067161083 s
extract_traces_time: 0.140665054321 s
find_reactive_cmds_time: 0.011932849884 s
find_proactive_cmds_time: 0.106069087982 s
find_covered_races_time: 0.659645080566 s
per_packet_inconsistent_time: 1.29046988487 s
find_inconsistent_update_time: -0.0508761405945 s
Read 3619 events.
Added 3608 events.
Total write operations: 313
Total read operations: 369
Processing 48828 w/w combinations
Updating has_path path cache...
10% 
20% 
30% 
40% 
50% 
60% 
70% 
80% 
90% 
100% 
Processing 115497 r/w combinations
10% 
20% 
30% 
40% 
50% 
60% 
70% 
80% 
90% 
100% 
Updating has_path path cache...
+-------------------------------------------+
| Total operations:      682                |
| Total write operations: 313               |
| Total read operations:  369               |
+-------------------------------------------+
| Total commuting races: 160815             |
| Total harmful races:   0                  |
| Total filtered races:  0                  |
| Total Time Filtered races:  2014          |
| Total Time Edges:      2014               |
+-------------------------------------------+
Number of packet traces with races: 0
Number of packet inconsistencies:  0
Number of packet inconsistencies that are actually consistent (covered):  0
Number of packet inconsistencies the first race is already inconsistent:  0
Number of packet inconsistencies after trimming repeated races:  0
Number of packet inconsistent updates:  0
Number of races:  162829
Number of races filtered by time:  2014
Number of commuting races:  160815
Number of harmful races:  0
Number of covered races:  0
Number of versions: 272
Inconsistent updates: 0
Done. Time elapsed: 32.1987299919 s
load_trace: 17.1301472187 s
detect_races: 13.7780227661 s
extract_traces_time: 1.10485506058 s
find_reactive_cmds_time: 0.0116560459137 s
find_proactive_cmds_time: 0.0956060886383 s
find_covered_races_time: 0.0741028785706 s
per_packet_inconsistent_time: 0.0037579536438 s
find_inconsistent_update_time: -0.000581979751587 s
Read 3619 events.
Added 3608 events.
Total write operations: 313
Total read operations: 369
Processing 48828 w/w combinations
Updating has_path path cache...
10% 
20% 
30% 
40% 
50% 
60% 
70% 
80% 
90% 
100% 
Processing 115497 r/w combinations
10% 
20% 
30% 
40% 
50% 
60% 
70% 
80% 
90% 
100% 
Updating has_path path cache...
+-------------------------------------------+
| Total operations:      682                |
| Total write operations: 313               |
| Total read operations:  369               |
+-------------------------------------------+
| Total commuting races: 160815             |
| Total harmful races:   122                |
| Total filtered races:  0                  |
| Total Time Filtered races:  1892          |
| Total Time Edges:      1892               |
+-------------------------------------------+
Number of packet traces with races: 98
Number of packet inconsistencies:  0
Number of packet inconsistencies that are actually consistent (covered):  0
Number of packet inconsistencies the first race is already inconsistent:  98
Number of packet inconsistencies after trimming repeated races:  0
Number of packet inconsistent updates:  52
Number of races:  162829
Number of races filtered by time:  1892
Number of commuting races:  160815
Number of harmful races:  122
Number of covered races:  0
Number of versions: 272
Inconsistent updates: 8
Done. Time elapsed: 30.7739031315 s
load_trace: 15.4575932026 s
detect_races: 14.3642067909 s
extract_traces_time: 0.569921016693 s
find_reactive_cmds_time: 0.0137510299683 s
find_proactive_cmds_time: 0.110206127167 s
find_covered_races_time: 0.161154031754 s
per_packet_inconsistent_time: 0.0945730209351 s
find_inconsistent_update_time: -0.00244498252869 s
Read 3619 events.
Added 3608 events.
Total write operations: 313
Total read operations: 369
Processing 48828 w/w combinations
Updating has_path path cache...
10% 
20% 
30% 
40% 
50% 
60% 
70% 
80% 
90% 
100% 
Processing 115497 r/w combinations
10% 
20% 
30% 
40% 
50% 
60% 
70% 
80% 
90% 
100% 
Updating has_path path cache...
+-------------------------------------------+
| Total operations:      682                |
| Total write operations: 313               |
| Total read operations:  369               |
+-------------------------------------------+
| Total commuting races: 160815             |
| Total harmful races:   227                |
| Total filtered races:  0                  |
| Total Time Filtered races:  1787          |
| Total Time Edges:      1787               |
+-------------------------------------------+
Number of packet traces with races: 159
Number of packet inconsistencies:  0
Number of packet inconsistencies that are actually consistent (covered):  0
Number of packet inconsistencies the first race is already inconsistent:  159
Number of packet inconsistencies after trimming repeated races:  0
Number of packet inconsistent updates:  109
Number of races:  162829
Number of races filtered by time:  1787
Number of commuting races:  160815
Number of harmful races:  227
Number of covered races:  0
Number of versions: 272
Inconsistent updates: 26
Done. Time elapsed: 34.6852509975 s
load_trace: 14.84664011 s
detect_races: 18.1355249882 s
extract_traces_time: 0.802698850632 s
find_reactive_cmds_time: 0.0222990512848 s
find_proactive_cmds_time: 0.171793937683 s
find_covered_races_time: 0.351186990738 s
per_packet_inconsistent_time: 0.342209100723 s
find_inconsistent_update_time: -0.0128200054169 s
Read 3619 events.
Added 3608 events.
Total write operations: 313
Total read operations: 369
Processing 48828 w/w combinations
Updating has_path path cache...
10% 
20% 
30% 
40% 
50% 
60% 
70% 
80% 
90% 
100% 
Processing 115497 r/w combinations
10% 
20% 
30% 
40% 
50% 
60% 
70% 
80% 
90% 
100% 
Updating has_path path cache...
+-------------------------------------------+
| Total operations:      682                |
| Total write operations: 313               |
| Total read operations:  369               |
+-------------------------------------------+
| Total commuting races: 160815             |
| Total harmful races:   314                |
| Total filtered races:  0                  |
| Total Time Filtered races:  1700          |
| Total Time Edges:      1700               |
+-------------------------------------------+
Number of packet traces with races: 205
Number of packet inconsistencies:  0
Number of packet inconsistencies that are actually consistent (covered):  0
Number of packet inconsistencies the first race is already inconsistent:  205
Number of packet inconsistencies after trimming repeated races:  0
Number of packet inconsistent updates:  146
Number of races:  162829
Number of races filtered by time:  1700
Number of commuting races:  160815
Number of harmful races:  314
Number of covered races:  0
Number of versions: 272
Inconsistent updates: 47
Done. Time elapsed: 32.0340321064 s
load_trace: 20.7038040161 s
detect_races: 10.3161120415 s
extract_traces_time: 0.396068096161 s
find_reactive_cmds_time: 0.0115668773651 s
find_proactive_cmds_time: 0.098256111145 s
find_covered_races_time: 0.231113910675 s
per_packet_inconsistent_time: 0.270308971405 s
find_inconsistent_update_time: -0.00675201416016 s
Read 3619 events.
Added 3608 events.
Total write operations: 313
Total read operations: 369
Processing 48828 w/w combinations
Updating has_path path cache...
10% 
20% 
30% 
40% 
50% 
60% 
70% 
80% 
90% 
100% 
Processing 115497 r/w combinations
10% 
20% 
30% 
40% 
50% 
60% 
70% 
80% 
90% 
100% 
Updating has_path path cache...
+-------------------------------------------+
| Total operations:      682                |
| Total write operations: 313               |
| Total read operations:  369               |
+-------------------------------------------+
| Total commuting races: 160815             |
| Total harmful races:   383                |
| Total filtered races:  0                  |
| Total Time Filtered races:  1631          |
| Total Time Edges:      1631               |
+-------------------------------------------+
Number of packet traces with races: 244
Number of packet inconsistencies:  0
Number of packet inconsistencies that are actually consistent (covered):  0
Number of packet inconsistencies the first race is already inconsistent:  244
Number of packet inconsistencies after trimming repeated races:  0
Number of packet inconsistent updates:  176
Number of races:  162829
Number of races filtered by time:  1631
Number of commuting races:  160815
Number of harmful races:  383
Number of covered races:  0
Number of versions: 272
Inconsistent updates: 58
Done. Time elapsed: 26.5477910042 s
load_trace: 15.1649889946 s
detect_races: 10.3250758648 s
extract_traces_time: 0.370533943176 s
find_reactive_cmds_time: 0.0122001171112 s
find_proactive_cmds_time: 0.0988750457764 s
find_covered_races_time: 0.249636888504 s
per_packet_inconsistent_time: 0.31822013855 s
find_inconsistent_update_time: -0.00820899009705 s
Read 3619 events.
Added 3608 events.
Total write operations: 313
Total read operations: 369
Processing 48828 w/w combinations
Updating has_path path cache...
10% 
20% 
30% 
40% 
50% 
60% 
70% 
80% 
90% 
100% 
Processing 115497 r/w combinations
10% 
20% 
30% 
40% 
50% 
60% 
70% 
80% 
90% 
100% 
Updating has_path path cache...
+-------------------------------------------+
| Total operations:      682                |
| Total write operations: 313               |
| Total read operations:  369               |
+-------------------------------------------+
| Total commuting races: 160815             |
| Total harmful races:   475                |
| Total filtered races:  0                  |
| Total Time Filtered races:  1539          |
| Total Time Edges:      1539               |
+-------------------------------------------+
Number of packet traces with races: 283
Number of packet inconsistencies:  0
Number of packet inconsistencies that are actually consistent (covered):  5
Number of packet inconsistencies the first race is already inconsistent:  278
Number of packet inconsistencies after trimming repeated races:  0
Number of packet inconsistent updates:  199
Number of races:  162829
Number of races filtered by time:  1539
Number of commuting races:  160815
Number of harmful races:  470
Number of covered races:  5
Number of versions: 272
Inconsistent updates: 63
Done. Time elapsed: 26.8039090633 s
load_trace: 15.1983640194 s
detect_races: 10.4068920612 s
extract_traces_time: 0.371137857437 s
find_reactive_cmds_time: 0.0129101276398 s
find_proactive_cmds_time: 0.102605819702 s
find_covered_races_time: 0.293824195862 s
per_packet_inconsistent_time: 0.407403945923 s
find_inconsistent_update_time: -0.010694026947 s
Read 3619 events.
Added 3608 events.
Total write operations: 313
Total read operations: 369
Processing 48828 w/w combinations
Updating has_path path cache...
10% 
20% 
30% 
40% 
50% 
60% 
70% 
80% 
90% 
100% 
Processing 115497 r/w combinations
10% 
20% 
30% 
40% 
50% 
60% 
70% 
80% 
90% 
100% 
Updating has_path path cache...
+-------------------------------------------+
| Total operations:      682                |
| Total write operations: 313               |
| Total read operations:  369               |
+-------------------------------------------+
| Total commuting races: 160974             |
| Total harmful races:   662                |
| Total filtered races:  0                  |
| Total Time Filtered races:  1364          |
| Total Time Edges:      1364               |
+-------------------------------------------+
Number of packet traces with races: 306
Number of packet inconsistencies:  0
Number of packet inconsistencies that are actually consistent (covered):  16
Number of packet inconsistencies the first race is already inconsistent:  290
Number of packet inconsistencies after trimming repeated races:  0
Number of packet inconsistent updates:  356
Number of races:  163000
Number of races filtered by time:  1364
Number of commuting races:  160974
Number of harmful races:  646
Number of covered races:  16
Number of versions: 272
Inconsistent updates: 134
Done. Time elapsed: 26.271531105 s
load_trace: 14.8243231773 s
detect_races: 10.2148928642 s
extract_traces_time: 0.258537054062 s
find_reactive_cmds_time: 0.0116939544678 s
find_proactive_cmds_time: 0.0989680290222 s
find_covered_races_time: 0.342689037323 s
per_packet_inconsistent_time: 0.501439094543 s
find_inconsistent_update_time: -0.0189299583435 s
Read 3619 events.
Added 3608 events.
Total write operations: 313
Total read operations: 369
Processing 48828 w/w combinations
Updating has_path path cache...
10% 
20% 
30% 
40% 
50% 
60% 
70% 
80% 
90% 
100% 
Processing 115497 r/w combinations
10% 
20% 
30% 
40% 
50% 
60% 
70% 
80% 
90% 
100% 
Updating has_path path cache...
+-------------------------------------------+
| Total operations:      682                |
| Total write operations: 313               |
| Total read operations:  369               |
+-------------------------------------------+
| Total commuting races: 161006             |
| Total harmful races:   745                |
| Total filtered races:  0                  |
| Total Time Filtered races:  1283          |
| Total Time Edges:      1283               |
+-------------------------------------------+
Number of packet traces with races: 316
Number of packet inconsistencies:  0
Number of packet inconsistencies that are actually consistent (covered):  27
Number of packet inconsistencies the first race is already inconsistent:  289
Number of packet inconsistencies after trimming repeated races:  0
Number of packet inconsistent updates:  404
Number of races:  163034
Number of races filtered by time:  1283
Number of commuting races:  161006
Number of harmful races:  718
Number of covered races:  27
Number of versions: 272
Inconsistent updates: 145
Done. Time elapsed: 27.119989872 s
load_trace: 15.2582719326 s
detect_races: 10.3880450726 s
extract_traces_time: 0.224061012268 s
find_reactive_cmds_time: 0.0119378566742 s
find_proactive_cmds_time: 0.109055042267 s
find_covered_races_time: 0.476193904877 s
per_packet_inconsistent_time: 0.625711202621 s
find_inconsistent_update_time: -0.0266478061676 s
Read 3619 events.
Added 3608 events.
Total write operations: 313
Total read operations: 369
Processing 48828 w/w combinations
Updating has_path path cache...
10% 
20% 
30% 
40% 
50% 
60% 
70% 
80% 
90% 
100% 
Processing 115497 r/w combinations
10% 
20% 
30% 
40% 
50% 
60% 
70% 
80% 
90% 
100% 
Updating has_path path cache...
+-------------------------------------------+
| Total operations:      682                |
| Total write operations: 313               |
| Total read operations:  369               |
+-------------------------------------------+
| Total commuting races: 161036             |
| Total harmful races:   842                |
| Total filtered races:  0                  |
| Total Time Filtered races:  1191          |
| Total Time Edges:      1191               |
+-------------------------------------------+
Number of packet traces with races: 331
Number of packet inconsistencies:  0
Number of packet inconsistencies that are actually consistent (covered):  43
Number of packet inconsistencies the first race is already inconsistent:  288
Number of packet inconsistencies after trimming repeated races:  0
Number of packet inconsistent updates:  443
Number of races:  163069
Number of races filtered by time:  1191
Number of commuting races:  161036
Number of harmful races:  799
Number of covered races:  43
Number of versions: 272
Inconsistent updates: 159
Done. Time elapsed: 26.0249340534 s
load_trace: 14.6885290146 s
detect_races: 10.0648958683 s
extract_traces_time: 0.195685148239 s
find_reactive_cmds_time: 0.0113918781281 s
find_proactive_cmds_time: 0.092756986618 s
find_covered_races_time: 0.370473146439 s
per_packet_inconsistent_time: 0.579733848572 s
find_inconsistent_update_time: -0.021409034729 s
Read 3619 events.
Added 3608 events.
Total write operations: 313
Total read operations: 369
Processing 48828 w/w combinations
Updating has_path path cache...
10% 
20% 
30% 
40% 
50% 
60% 
70% 
80% 
90% 
100% 
Processing 115497 r/w combinations
10% 
20% 
30% 
40% 
50% 
60% 
70% 
80% 
90% 
100% 
Updating has_path path cache...
+-------------------------------------------+
| Total operations:      682                |
| Total write operations: 313               |
| Total read operations:  369               |
+-------------------------------------------+
| Total commuting races: 161073             |
| Total harmful races:   939                |
| Total filtered races:  0                  |
| Total Time Filtered races:  1099          |
| Total Time Edges:      1099               |
+-------------------------------------------+
Number of packet traces with races: 340
Number of packet inconsistencies:  0
Number of packet inconsistencies that are actually consistent (covered):  52
Number of packet inconsistencies the first race is already inconsistent:  288
Number of packet inconsistencies after trimming repeated races:  0
Number of packet inconsistent updates:  493
Number of races:  163111
Number of races filtered by time:  1099
Number of commuting races:  161073
Number of harmful races:  887
Number of covered races:  52
Number of versions: 272
Inconsistent updates: 176
Done. Time elapsed: 26.3915069103 s
load_trace: 14.4911439419 s
detect_races: 10.5291979313 s
extract_traces_time: 0.183824062347 s
find_reactive_cmds_time: 0.0115311145782 s
find_proactive_cmds_time: 0.0933799743652 s
find_covered_races_time: 0.383679866791 s
per_packet_inconsistent_time: 0.674638032913 s
find_inconsistent_update_time: -0.0240550041199 s
Read 3619 events.
Added 3608 events.
Total write operations: 313
Total read operations: 369
Processing 48828 w/w combinations
Updating has_path path cache...
10% 
20% 
30% 
40% 
50% 
60% 
70% 
80% 
90% 
100% 
Processing 115497 r/w combinations
10% 
20% 
30% 
40% 
50% 
60% 
70% 
80% 
90% 
100% 
Updating has_path path cache...
+-------------------------------------------+
| Total operations:      682                |
| Total write operations: 313               |
| Total read operations:  369               |
+-------------------------------------------+
| Total commuting races: 161116             |
| Total harmful races:   1022               |
| Total filtered races:  0                  |
| Total Time Filtered races:  1022          |
| Total Time Edges:      1022               |
+-------------------------------------------+
Number of packet traces with races: 348
Number of packet inconsistencies:  0
Number of packet inconsistencies that are actually consistent (covered):  55
Number of packet inconsistencies the first race is already inconsistent:  293
Number of packet inconsistencies after trimming repeated races:  0
Number of packet inconsistent updates:  566
Number of races:  163160
Number of races filtered by time:  1022
Number of commuting races:  161116
Number of harmful races:  967
Number of covered races:  55
Number of versions: 272
Inconsistent updates: 204
Done. Time elapsed: 26.0317850113 s
load_trace: 14.5629990101 s
detect_races: 10.0300760269 s
extract_traces_time: 0.168914079666 s
find_reactive_cmds_time: 0.0177788734436 s
find_proactive_cmds_time: 0.102601051331 s
find_covered_races_time: 0.410633087158 s
per_packet_inconsistent_time: 0.709313869476 s
find_inconsistent_update_time: -0.028548002243 s
