Read 255 events.
Added 233 events.
Total write operations: 6
Total read operations: 66
Processing 15 w/w combinations
10% 
20% 
Updating has_path path cache...
30% 
40% 
50% 
60% 
70% 
80% 
90% 
100% 
Processing 396 r/w combinations
10% 
20% 
30% 
40% 
50% 
60% 
70% 
80% 
90% 
100% 
Updating has_path path cache...
+-------------------------------------------+
| Total operations:      72                 |
| Total write operations: 6                 |
| Total read operations:  66                |
+-------------------------------------------+
| Total commuting races: 64                 |
| Total harmful races:   126                |
| Total filtered races:  0                  |
| Total Time Filtered races:  0             |
| Total Time Edges:      0                  |
+-------------------------------------------+
Number of packet traces with races: 32
Number of packet inconsistencies:  32
Number of packet inconsistencies that are actually consistent (covered):  0
Number of packet inconsistencies the first race is already inconsistent:  0
Number of packet inconsistencies after trimming repeated races:  3
Number of packet inconsistent updates:  0
Number of races:  190
Number of races filtered by time:  0
Number of commuting races:  64
Number of harmful races:  64
Number of covered races:  62
Number of versions: 5
Inconsistent updates: 0
Done. Time elapsed: 0.183900117874 s
load_trace: 0.11772608757 s
detect_races: 0.015331029892 s
extract_traces_time: 0.00510191917419 s
find_reactive_cmds_time: 0.000134944915771 s
find_proactive_cmds_time: 0.0107610225677 s
find_covered_races_time: 0.0311751365662 s
per_packet_inconsistent_time: 0.00359988212585 s
find_inconsistent_update_time: -3.60012054443e-05 s
Read 255 events.
Added 233 events.
Total write operations: 6
Total read operations: 66
Processing 15 w/w combinations
10% 
20% 
Updating has_path path cache...
30% 
40% 
50% 
60% 
70% 
80% 
90% 
100% 
Processing 396 r/w combinations
10% 
20% 
30% 
40% 
50% 
60% 
70% 
80% 
90% 
100% 
Updating has_path path cache...
+-------------------------------------------+
| Total operations:      72                 |
| Total write operations: 6                 |
| Total read operations:  66                |
+-------------------------------------------+
| Total commuting races: 64                 |
| Total harmful races:   0                  |
| Total filtered races:  0                  |
| Total Time Filtered races:  126           |
| Total Time Edges:      126                |
+-------------------------------------------+
Number of packet traces with races: 0
Number of packet inconsistencies:  0
Number of packet inconsistencies that are actually consistent (covered):  0
Number of packet inconsistencies the first race is already inconsistent:  0
Number of packet inconsistencies after trimming repeated races:  0
Number of packet inconsistent updates:  0
Number of races:  190
Number of races filtered by time:  126
Number of commuting races:  64
Number of harmful races:  0
Number of covered races:  0
Number of versions: 5
Inconsistent updates: 0
Done. Time elapsed: 0.161793231964 s
load_trace: 0.103891134262 s
detect_races: 0.0202300548553 s
extract_traces_time: 0.00879001617432 s
find_reactive_cmds_time: 0.000159025192261 s
find_proactive_cmds_time: 0.0109758377075 s
find_covered_races_time: 0.0175211429596 s
per_packet_inconsistent_time: 0.000188827514648 s
find_inconsistent_update_time: -5.96046447754e-06 s
Read 255 events.
Added 233 events.
Total write operations: 6
Total read operations: 66
Processing 15 w/w combinations
10% 
20% 
Updating has_path path cache...
30% 
40% 
50% 
60% 
70% 
80% 
90% 
100% 
Processing 396 r/w combinations
10% 
20% 
30% 
40% 
50% 
60% 
70% 
80% 
90% 
100% 
Updating has_path path cache...
+-------------------------------------------+
| Total operations:      72                 |
| Total write operations: 6                 |
| Total read operations:  66                |
+-------------------------------------------+
| Total commuting races: 64                 |
| Total harmful races:   0                  |
| Total filtered races:  0                  |
| Total Time Filtered races:  126           |
| Total Time Edges:      126                |
+-------------------------------------------+
Number of packet traces with races: 0
Number of packet inconsistencies:  0
Number of packet inconsistencies that are actually consistent (covered):  0
Number of packet inconsistencies the first race is already inconsistent:  0
Number of packet inconsistencies after trimming repeated races:  0
Number of packet inconsistent updates:  0
Number of races:  190
Number of races filtered by time:  126
Number of commuting races:  64
Number of harmful races:  0
Number of covered races:  0
Number of versions: 5
Inconsistent updates: 0
Done. Time elapsed: 0.166212081909 s
load_trace: 0.109004020691 s
detect_races: 0.019898891449 s
extract_traces_time: 0.00803208351135 s
find_reactive_cmds_time: 0.000139951705933 s
find_proactive_cmds_time: 0.0108370780945 s
find_covered_races_time: 0.018040895462 s
per_packet_inconsistent_time: 0.00021505355835 s
find_inconsistent_update_time: -6.91413879395e-06 s
Read 255 events.
Added 233 events.
Total write operations: 6
Total read operations: 66
Processing 15 w/w combinations
10% 
20% 
Updating has_path path cache...
30% 
40% 
50% 
60% 
70% 
80% 
90% 
100% 
Processing 396 r/w combinations
10% 
20% 
30% 
40% 
50% 
60% 
70% 
80% 
90% 
100% 
Updating has_path path cache...
+-------------------------------------------+
| Total operations:      72                 |
| Total write operations: 6                 |
| Total read operations:  66                |
+-------------------------------------------+
| Total commuting races: 64                 |
| Total harmful races:   1                  |
| Total filtered races:  0                  |
| Total Time Filtered races:  125           |
| Total Time Edges:      125                |
+-------------------------------------------+
Number of packet traces with races: 1
Number of packet inconsistencies:  0
Number of packet inconsistencies that are actually consistent (covered):  0
Number of packet inconsistencies the first race is already inconsistent:  1
Number of packet inconsistencies after trimming repeated races:  0
Number of packet inconsistent updates:  0
Number of races:  190
Number of races filtered by time:  125
Number of commuting races:  64
Number of harmful races:  1
Number of covered races:  0
Number of versions: 5
Inconsistent updates: 0
Done. Time elapsed: 0.165367841721 s
load_trace: 0.104439973831 s
detect_races: 0.0202219486237 s
extract_traces_time: 0.00778102874756 s
find_reactive_cmds_time: 0.000133991241455 s
find_proactive_cmds_time: 0.0108060836792 s
find_covered_races_time: 0.021605014801 s
per_packet_inconsistent_time: 0.000337839126587 s
find_inconsistent_update_time: -7.15255737305e-06 s
Read 255 events.
Added 233 events.
Total write operations: 6
Total read operations: 66
Processing 15 w/w combinations
10% 
20% 
Updating has_path path cache...
30% 
40% 
50% 
60% 
70% 
80% 
90% 
100% 
Processing 396 r/w combinations
10% 
20% 
30% 
40% 
50% 
60% 
70% 
80% 
90% 
100% 
Updating has_path path cache...
+-------------------------------------------+
| Total operations:      72                 |
| Total write operations: 6                 |
| Total read operations:  66                |
+-------------------------------------------+
| Total commuting races: 64                 |
| Total harmful races:   3                  |
| Total filtered races:  0                  |
| Total Time Filtered races:  123           |
| Total Time Edges:      123                |
+-------------------------------------------+
Number of packet traces with races: 2
Number of packet inconsistencies:  1
Number of packet inconsistencies that are actually consistent (covered):  0
Number of packet inconsistencies the first race is already inconsistent:  1
Number of packet inconsistencies after trimming repeated races:  1
Number of packet inconsistent updates:  0
Number of races:  190
Number of races filtered by time:  123
Number of commuting races:  64
Number of harmful races:  3
Number of covered races:  0
Number of versions: 5
Inconsistent updates: 0
Done. Time elapsed: 0.167855978012 s
load_trace: 0.11040687561 s
detect_races: 0.0199429988861 s
extract_traces_time: 0.00814294815063 s
find_reactive_cmds_time: 0.000136137008667 s
find_proactive_cmds_time: 0.0110919475555 s
find_covered_races_time: 0.0176870822906 s
per_packet_inconsistent_time: 0.000407934188843 s
find_inconsistent_update_time: -8.10623168945e-06 s
Read 255 events.
Added 233 events.
Total write operations: 6
Total read operations: 66
Processing 15 w/w combinations
10% 
20% 
Updating has_path path cache...
30% 
40% 
50% 
60% 
70% 
80% 
90% 
100% 
Processing 396 r/w combinations
10% 
20% 
30% 
40% 
50% 
60% 
70% 
80% 
90% 
100% 
Updating has_path path cache...
+-------------------------------------------+
| Total operations:      72                 |
| Total write operations: 6                 |
| Total read operations:  66                |
+-------------------------------------------+
| Total commuting races: 64                 |
| Total harmful races:   9                  |
| Total filtered races:  0                  |
| Total Time Filtered races:  117           |
| Total Time Edges:      117                |
+-------------------------------------------+
Number of packet traces with races: 5
Number of packet inconsistencies:  4
Number of packet inconsistencies that are actually consistent (covered):  0
Number of packet inconsistencies the first race is already inconsistent:  1
Number of packet inconsistencies after trimming repeated races:  3
Number of packet inconsistent updates:  0
Number of races:  190
Number of races filtered by time:  117
Number of commuting races:  64
Number of harmful races:  9
Number of covered races:  0
Number of versions: 5
Inconsistent updates: 0
Done. Time elapsed: 0.165928840637 s
load_trace: 0.108173847198 s
detect_races: 0.0197491645813 s
extract_traces_time: 0.00750494003296 s
find_reactive_cmds_time: 0.0001380443573 s
find_proactive_cmds_time: 0.0109570026398 s
find_covered_races_time: 0.0187439918518 s
per_packet_inconsistent_time: 0.00062108039856 s
find_inconsistent_update_time: -9.77516174316e-06 s
Read 255 events.
Added 233 events.
Total write operations: 6
Total read operations: 66
Processing 15 w/w combinations
10% 
20% 
Updating has_path path cache...
30% 
40% 
50% 
60% 
70% 
80% 
90% 
100% 
Processing 396 r/w combinations
10% 
20% 
30% 
40% 
50% 
60% 
70% 
80% 
90% 
100% 
Updating has_path path cache...
+-------------------------------------------+
| Total operations:      72                 |
| Total write operations: 6                 |
| Total read operations:  66                |
+-------------------------------------------+
| Total commuting races: 64                 |
| Total harmful races:   10                 |
| Total filtered races:  0                  |
| Total Time Filtered races:  116           |
| Total Time Edges:      116                |
+-------------------------------------------+
Number of packet traces with races: 5
Number of packet inconsistencies:  5
Number of packet inconsistencies that are actually consistent (covered):  0
Number of packet inconsistencies the first race is already inconsistent:  0
Number of packet inconsistencies after trimming repeated races:  3
Number of packet inconsistent updates:  0
Number of races:  190
Number of races filtered by time:  116
Number of commuting races:  64
Number of harmful races:  10
Number of covered races:  0
Number of versions: 5
Inconsistent updates: 0
Done. Time elapsed: 0.161130905151 s
load_trace: 0.103945970535 s
detect_races: 0.019711971283 s
extract_traces_time: 0.00747609138489 s
find_reactive_cmds_time: 0.000131845474243 s
find_proactive_cmds_time: 0.0110630989075 s
find_covered_races_time: 0.0181529521942 s
per_packet_inconsistent_time: 0.000609159469604 s
find_inconsistent_update_time: -1.00135803223e-05 s
Read 255 events.
Added 233 events.
Total write operations: 6
Total read operations: 66
Processing 15 w/w combinations
10% 
20% 
Updating has_path path cache...
30% 
40% 
50% 
60% 
70% 
80% 
90% 
100% 
Processing 396 r/w combinations
10% 
20% 
30% 
40% 
50% 
60% 
70% 
80% 
90% 
100% 
Updating has_path path cache...
+-------------------------------------------+
| Total operations:      72                 |
| Total write operations: 6                 |
| Total read operations:  66                |
+-------------------------------------------+
| Total commuting races: 64                 |
| Total harmful races:   18                 |
| Total filtered races:  0                  |
| Total Time Filtered races:  108           |
| Total Time Edges:      108                |
+-------------------------------------------+
Number of packet traces with races: 8
Number of packet inconsistencies:  6
Number of packet inconsistencies that are actually consistent (covered):  0
Number of packet inconsistencies the first race is already inconsistent:  2
Number of packet inconsistencies after trimming repeated races:  5
Number of packet inconsistent updates:  0
Number of races:  190
Number of races filtered by time:  108
Number of commuting races:  64
Number of harmful races:  14
Number of covered races:  4
Number of versions: 5
Inconsistent updates: 0
Done. Time elapsed: 0.18080496788 s
load_trace: 0.109491825104 s
detect_races: 0.0242581367493 s
extract_traces_time: 0.00750494003296 s
find_reactive_cmds_time: 0.0001380443573 s
find_proactive_cmds_time: 0.0120539665222 s
find_covered_races_time: 0.0262749195099 s
per_packet_inconsistent_time: 0.00102806091309 s
find_inconsistent_update_time: -1.69277191162e-05 s
Read 255 events.
Added 233 events.
Total write operations: 6
Total read operations: 66
Processing 15 w/w combinations
10% 
20% 
Updating has_path path cache...
30% 
40% 
50% 
60% 
70% 
80% 
90% 
100% 
Processing 396 r/w combinations
10% 
20% 
30% 
40% 
50% 
60% 
70% 
80% 
90% 
100% 
Updating has_path path cache...
+-------------------------------------------+
| Total operations:      72                 |
| Total write operations: 6                 |
| Total read operations:  66                |
+-------------------------------------------+
| Total commuting races: 64                 |
| Total harmful races:   33                 |
| Total filtered races:  0                  |
| Total Time Filtered races:  93            |
| Total Time Edges:      93                 |
+-------------------------------------------+
Number of packet traces with races: 13
Number of packet inconsistencies:  12
Number of packet inconsistencies that are actually consistent (covered):  0
Number of packet inconsistencies the first race is already inconsistent:  1
Number of packet inconsistencies after trimming repeated races:  5
Number of packet inconsistent updates:  0
Number of races:  190
Number of races filtered by time:  93
Number of commuting races:  64
Number of harmful races:  25
Number of covered races:  8
Number of versions: 5
Inconsistent updates: 0
Done. Time elapsed: 0.170338869095 s
load_trace: 0.111518859863 s
detect_races: 0.0183370113373 s
extract_traces_time: 0.0068690776825 s
find_reactive_cmds_time: 0.000138998031616 s
find_proactive_cmds_time: 0.0113849639893 s
find_covered_races_time: 0.0207560062408 s
per_packet_inconsistent_time: 0.00128698348999 s
find_inconsistent_update_time: -1.59740447998e-05 s
Read 255 events.
Added 233 events.
Total write operations: 6
Total read operations: 66
Processing 15 w/w combinations
10% 
20% 
Updating has_path path cache...
30% 
40% 
50% 
60% 
70% 
80% 
90% 
100% 
Processing 396 r/w combinations
10% 
20% 
30% 
40% 
50% 
60% 
70% 
80% 
90% 
100% 
Updating has_path path cache...
+-------------------------------------------+
| Total operations:      72                 |
| Total write operations: 6                 |
| Total read operations:  66                |
+-------------------------------------------+
| Total commuting races: 64                 |
| Total harmful races:   35                 |
| Total filtered races:  0                  |
| Total Time Filtered races:  91            |
| Total Time Edges:      91                 |
+-------------------------------------------+
Number of packet traces with races: 14
Number of packet inconsistencies:  13
Number of packet inconsistencies that are actually consistent (covered):  0
Number of packet inconsistencies the first race is already inconsistent:  1
Number of packet inconsistencies after trimming repeated races:  5
Number of packet inconsistent updates:  0
Number of races:  190
Number of races filtered by time:  91
Number of commuting races:  64
Number of harmful races:  27
Number of covered races:  8
Number of versions: 5
Inconsistent updates: 0
Done. Time elapsed: 0.168797016144 s
load_trace: 0.11057806015 s
detect_races: 0.0182600021362 s
extract_traces_time: 0.00661182403564 s
find_reactive_cmds_time: 0.000132083892822 s
find_proactive_cmds_time: 0.0105879306793 s
find_covered_races_time: 0.0212211608887 s
per_packet_inconsistent_time: 0.00135803222656 s
find_inconsistent_update_time: -1.59740447998e-05 s
Read 255 events.
Added 233 events.
Total write operations: 6
Total read operations: 66
Processing 15 w/w combinations
10% 
20% 
Updating has_path path cache...
30% 
40% 
50% 
60% 
70% 
80% 
90% 
100% 
Processing 396 r/w combinations
10% 
20% 
30% 
40% 
50% 
60% 
70% 
80% 
90% 
100% 
Updating has_path path cache...
+-------------------------------------------+
| Total operations:      72                 |
| Total write operations: 6                 |
| Total read operations:  66                |
+-------------------------------------------+
| Total commuting races: 64                 |
| Total harmful races:   44                 |
| Total filtered races:  0                  |
| Total Time Filtered races:  82            |
| Total Time Edges:      82                 |
+-------------------------------------------+
Number of packet traces with races: 15
Number of packet inconsistencies:  15
Number of packet inconsistencies that are actually consistent (covered):  0
Number of packet inconsistencies the first race is already inconsistent:  0
Number of packet inconsistencies after trimming repeated races:  5
Number of packet inconsistent updates:  0
Number of races:  190
Number of races filtered by time:  82
Number of commuting races:  64
Number of harmful races:  30
Number of covered races:  14
Number of versions: 5
Inconsistent updates: 0
Done. Time elapsed: 0.164532899857 s
load_trace: 0.103900909424 s
detect_races: 0.0178530216217 s
extract_traces_time: 0.00656700134277 s
find_reactive_cmds_time: 0.000135183334351 s
find_proactive_cmds_time: 0.0113728046417 s
find_covered_races_time: 0.0230910778046 s
per_packet_inconsistent_time: 0.00156211853027 s
find_inconsistent_update_time: -1.78813934326e-05 s
Read 255 events.
Added 233 events.
Total write operations: 6
Total read operations: 66
Processing 15 w/w combinations
10% 
20% 
Updating has_path path cache...
30% 
40% 
50% 
60% 
70% 
80% 
90% 
100% 
Processing 396 r/w combinations
10% 
20% 
30% 
40% 
50% 
60% 
70% 
80% 
90% 
100% 
Updating has_path path cache...
+-------------------------------------------+
| Total operations:      72                 |
| Total write operations: 6                 |
| Total read operations:  66                |
+-------------------------------------------+
| Total commuting races: 64                 |
| Total harmful races:   59                 |
| Total filtered races:  0                  |
| Total Time Filtered races:  67            |
| Total Time Edges:      67                 |
+-------------------------------------------+
Number of packet traces with races: 18
Number of packet inconsistencies:  17
Number of packet inconsistencies that are actually consistent (covered):  0
Number of packet inconsistencies the first race is already inconsistent:  1
Number of packet inconsistencies after trimming repeated races:  5
Number of packet inconsistent updates:  0
Number of races:  190
Number of races filtered by time:  67
Number of commuting races:  64
Number of harmful races:  35
Number of covered races:  24
Number of versions: 5
Inconsistent updates: 0
Done. Time elapsed: 0.168591022491 s
load_trace: 0.103785991669 s
detect_races: 0.017627954483 s
extract_traces_time: 0.00822710990906 s
find_reactive_cmds_time: 0.00019383430481 s
find_proactive_cmds_time: 0.0126900672913 s
find_covered_races_time: 0.02414894104 s
per_packet_inconsistent_time: 0.00186514854431 s
find_inconsistent_update_time: -2.19345092773e-05 s
