Read 224 events.
Added 193 events.
Total write operations: 8
Total read operations: 37
Processing 28 w/w combinations
Updating has_path path cache...
10% 
20% 
30% 
40% 
50% 
60% 
70% 
80% 
90% 
100% 
Processing 296 r/w combinations
10% 
20% 
30% 
40% 
50% 
60% 
70% 
80% 
90% 
100% 
Updating has_path path cache...
+-------------------------------------------+
| Total operations:      45                 |
| Total write operations: 8                 |
| Total read operations:  37                |
+-------------------------------------------+
| Total commuting races: 183                |
| Total harmful races:   59                 |
| Total filtered races:  0                  |
| Total Time Filtered races:  0             |
| Total Time Edges:      0                  |
+-------------------------------------------+
Number of packet traces with races: 31
Number of packet inconsistencies:  0
Number of packet inconsistencies that are actually consistent (covered):  28
Number of packet inconsistencies the first race is already inconsistent:  3
Number of packet inconsistencies after trimming repeated races:  0
Number of packet inconsistent updates:  0
Number of races:  242
Number of races filtered by time:  0
Number of commuting races:  183
Number of harmful races:  17
Number of covered races:  42
Number of versions: 5
Inconsistent updates: 0
Done. Time elapsed: 0.612389087677 s
load_trace: 0.375295162201 s
detect_races: 0.0520148277283 s
extract_traces_time: 0.0138981342316 s
find_reactive_cmds_time: 0.000591993331909 s
find_proactive_cmds_time: 0.126827001572 s
find_covered_races_time: 0.0366199016571 s
per_packet_inconsistent_time: 0.00701308250427 s
find_inconsistent_update_time: -6.103515625e-05 s
Read 224 events.
Added 193 events.
Total write operations: 8
Total read operations: 37
Processing 28 w/w combinations
Updating has_path path cache...
10% 
20% 
30% 
40% 
50% 
60% 
70% 
80% 
90% 
100% 
Processing 296 r/w combinations
10% 
20% 
30% 
40% 
50% 
60% 
70% 
80% 
90% 
100% 
Updating has_path path cache...
+-------------------------------------------+
| Total operations:      45                 |
| Total write operations: 8                 |
| Total read operations:  37                |
+-------------------------------------------+
| Total commuting races: 183                |
| Total harmful races:   0                  |
| Total filtered races:  0                  |
| Total Time Filtered races:  59            |
| Total Time Edges:      59                 |
+-------------------------------------------+
Number of packet traces with races: 0
Number of packet inconsistencies:  0
Number of packet inconsistencies that are actually consistent (covered):  0
Number of packet inconsistencies the first race is already inconsistent:  0
Number of packet inconsistencies after trimming repeated races:  0
Number of packet inconsistent updates:  0
Number of races:  242
Number of races filtered by time:  59
Number of commuting races:  183
Number of harmful races:  0
Number of covered races:  0
Number of versions: 5
Inconsistent updates: 0
Done. Time elapsed: 0.593915939331 s
load_trace: 0.364998817444 s
detect_races: 0.0571191310883 s
extract_traces_time: 0.0216019153595 s
find_reactive_cmds_time: 0.000935077667236 s
find_proactive_cmds_time: 0.122715950012 s
find_covered_races_time: 0.025997877121 s
per_packet_inconsistent_time: 0.000469207763672 s
find_inconsistent_update_time: -1.59740447998e-05 s
Read 224 events.
Added 193 events.
Total write operations: 8
Total read operations: 37
Processing 28 w/w combinations
Updating has_path path cache...
10% 
20% 
30% 
40% 
50% 
60% 
70% 
80% 
90% 
100% 
Processing 296 r/w combinations
10% 
20% 
30% 
40% 
50% 
60% 
70% 
80% 
90% 
100% 
Updating has_path path cache...
+-------------------------------------------+
| Total operations:      45                 |
| Total write operations: 8                 |
| Total read operations:  37                |
+-------------------------------------------+
| Total commuting races: 183                |
| Total harmful races:   2                  |
| Total filtered races:  0                  |
| Total Time Filtered races:  57            |
| Total Time Edges:      57                 |
+-------------------------------------------+
Number of packet traces with races: 2
Number of packet inconsistencies:  0
Number of packet inconsistencies that are actually consistent (covered):  0
Number of packet inconsistencies the first race is already inconsistent:  2
Number of packet inconsistencies after trimming repeated races:  0
Number of packet inconsistent updates:  0
Number of races:  242
Number of races filtered by time:  57
Number of commuting races:  183
Number of harmful races:  2
Number of covered races:  0
Number of versions: 5
Inconsistent updates: 0
Done. Time elapsed: 0.621696949005 s
load_trace: 0.380660057068 s
detect_races: 0.0601150989532 s
extract_traces_time: 0.0207719802856 s
find_reactive_cmds_time: 0.000705003738403 s
find_proactive_cmds_time: 0.13066983223 s
find_covered_races_time: 0.0278129577637 s
per_packet_inconsistent_time: 0.000869035720825 s
find_inconsistent_update_time: -2.21729278564e-05 s
Read 224 events.
Added 193 events.
Total write operations: 8
Total read operations: 37
Processing 28 w/w combinations
Updating has_path path cache...
10% 
20% 
30% 
40% 
50% 
60% 
70% 
80% 
90% 
100% 
Processing 296 r/w combinations
10% 
20% 
30% 
40% 
50% 
60% 
70% 
80% 
90% 
100% 
Updating has_path path cache...
+-------------------------------------------+
| Total operations:      45                 |
| Total write operations: 8                 |
| Total read operations:  37                |
+-------------------------------------------+
| Total commuting races: 183                |
| Total harmful races:   5                  |
| Total filtered races:  0                  |
| Total Time Filtered races:  54            |
| Total Time Edges:      54                 |
+-------------------------------------------+
Number of packet traces with races: 5
Number of packet inconsistencies:  0
Number of packet inconsistencies that are actually consistent (covered):  2
Number of packet inconsistencies the first race is already inconsistent:  3
Number of packet inconsistencies after trimming repeated races:  0
Number of packet inconsistent updates:  0
Number of races:  242
Number of races filtered by time:  54
Number of commuting races:  183
Number of harmful races:  3
Number of covered races:  2
Number of versions: 5
Inconsistent updates: 0
Done. Time elapsed: 0.61768078804 s
load_trace: 0.379766941071 s
detect_races: 0.056923866272 s
extract_traces_time: 0.0199890136719 s
find_reactive_cmds_time: 0.000643014907837 s
find_proactive_cmds_time: 0.13081407547 s
find_covered_races_time: 0.0273730754852 s
per_packet_inconsistent_time: 0.00113582611084 s
find_inconsistent_update_time: -2.40802764893e-05 s
Read 224 events.
Added 193 events.
Total write operations: 8
Total read operations: 37
Processing 28 w/w combinations
Updating has_path path cache...
10% 
20% 
30% 
40% 
50% 
60% 
70% 
80% 
90% 
100% 
Processing 296 r/w combinations
10% 
20% 
30% 
40% 
50% 
60% 
70% 
80% 
90% 
100% 
Updating has_path path cache...
+-------------------------------------------+
| Total operations:      45                 |
| Total write operations: 8                 |
| Total read operations:  37                |
+-------------------------------------------+
| Total commuting races: 183                |
| Total harmful races:   7                  |
| Total filtered races:  0                  |
| Total Time Filtered races:  52            |
| Total Time Edges:      52                 |
+-------------------------------------------+
Number of packet traces with races: 7
Number of packet inconsistencies:  0
Number of packet inconsistencies that are actually consistent (covered):  3
Number of packet inconsistencies the first race is already inconsistent:  4
Number of packet inconsistencies after trimming repeated races:  0
Number of packet inconsistent updates:  0
Number of races:  242
Number of races filtered by time:  52
Number of commuting races:  183
Number of harmful races:  4
Number of covered races:  3
Number of versions: 5
Inconsistent updates: 0
Done. Time elapsed: 0.608140945435 s
load_trace: 0.370036840439 s
detect_races: 0.0587501525879 s
extract_traces_time: 0.019681930542 s
find_reactive_cmds_time: 0.000607967376709 s
find_proactive_cmds_time: 0.130707025528 s
find_covered_races_time: 0.0268731117249 s
per_packet_inconsistent_time: 0.00139093399048 s
find_inconsistent_update_time: -2.50339508057e-05 s
Read 224 events.
Added 193 events.
Total write operations: 8
Total read operations: 37
Processing 28 w/w combinations
Updating has_path path cache...
10% 
20% 
30% 
40% 
50% 
60% 
70% 
80% 
90% 
100% 
Processing 296 r/w combinations
10% 
20% 
30% 
40% 
50% 
60% 
70% 
80% 
90% 
100% 
Updating has_path path cache...
+-------------------------------------------+
| Total operations:      45                 |
| Total write operations: 8                 |
| Total read operations:  37                |
+-------------------------------------------+
| Total commuting races: 183                |
| Total harmful races:   10                 |
| Total filtered races:  0                  |
| Total Time Filtered races:  49            |
| Total Time Edges:      49                 |
+-------------------------------------------+
Number of packet traces with races: 10
Number of packet inconsistencies:  0
Number of packet inconsistencies that are actually consistent (covered):  5
Number of packet inconsistencies the first race is already inconsistent:  5
Number of packet inconsistencies after trimming repeated races:  0
Number of packet inconsistent updates:  0
Number of races:  242
Number of races filtered by time:  49
Number of commuting races:  183
Number of harmful races:  5
Number of covered races:  5
Number of versions: 5
Inconsistent updates: 0
Done. Time elapsed: 0.607466936111 s
load_trace: 0.37437582016 s
detect_races: 0.0557291507721 s
extract_traces_time: 0.0194439888 s
find_reactive_cmds_time: 0.000617980957031 s
find_proactive_cmds_time: 0.127895832062 s
find_covered_races_time: 0.0277950763702 s
per_packet_inconsistent_time: 0.00152897834778 s
find_inconsistent_update_time: -2.40802764893e-05 s
Read 224 events.
Added 193 events.
Total write operations: 8
Total read operations: 37
Processing 28 w/w combinations
Updating has_path path cache...
10% 
20% 
30% 
40% 
50% 
60% 
70% 
80% 
90% 
100% 
Processing 296 r/w combinations
10% 
20% 
30% 
40% 
50% 
60% 
70% 
80% 
90% 
100% 
Updating has_path path cache...
+-------------------------------------------+
| Total operations:      45                 |
| Total write operations: 8                 |
| Total read operations:  37                |
+-------------------------------------------+
| Total commuting races: 183                |
| Total harmful races:   12                 |
| Total filtered races:  0                  |
| Total Time Filtered races:  47            |
| Total Time Edges:      47                 |
+-------------------------------------------+
Number of packet traces with races: 12
Number of packet inconsistencies:  0
Number of packet inconsistencies that are actually consistent (covered):  5
Number of packet inconsistencies the first race is already inconsistent:  7
Number of packet inconsistencies after trimming repeated races:  0
Number of packet inconsistent updates:  0
Number of races:  242
Number of races filtered by time:  47
Number of commuting races:  183
Number of harmful races:  7
Number of covered races:  5
Number of versions: 5
Inconsistent updates: 0
Done. Time elapsed: 0.561005115509 s
load_trace: 0.366805076599 s
detect_races: 0.0550401210785 s
extract_traces_time: 0.017707824707 s
find_reactive_cmds_time: 0.00059700012207 s
find_proactive_cmds_time: 0.105210065842 s
find_covered_races_time: 0.0146760940552 s
per_packet_inconsistent_time: 0.000918865203857 s
find_inconsistent_update_time: -1.50203704834e-05 s
Read 224 events.
Added 193 events.
Total write operations: 8
Total read operations: 37
Processing 28 w/w combinations
Updating has_path path cache...
10% 
20% 
30% 
40% 
50% 
60% 
70% 
80% 
90% 
100% 
Processing 296 r/w combinations
10% 
20% 
30% 
40% 
50% 
60% 
70% 
80% 
90% 
100% 
Updating has_path path cache...
+-------------------------------------------+
| Total operations:      45                 |
| Total write operations: 8                 |
| Total read operations:  37                |
+-------------------------------------------+
| Total commuting races: 183                |
| Total harmful races:   16                 |
| Total filtered races:  0                  |
| Total Time Filtered races:  43            |
| Total Time Edges:      43                 |
+-------------------------------------------+
Number of packet traces with races: 16
Number of packet inconsistencies:  0
Number of packet inconsistencies that are actually consistent (covered):  7
Number of packet inconsistencies the first race is already inconsistent:  9
Number of packet inconsistencies after trimming repeated races:  0
Number of packet inconsistent updates:  0
Number of races:  242
Number of races filtered by time:  43
Number of commuting races:  183
Number of harmful races:  9
Number of covered races:  7
Number of versions: 5
Inconsistent updates: 0
Done. Time elapsed: 0.323930025101 s
load_trace: 0.196373939514 s
detect_races: 0.0253620147705 s
extract_traces_time: 0.00967216491699 s
find_reactive_cmds_time: 0.000326871871948 s
find_proactive_cmds_time: 0.0759570598602 s
find_covered_races_time: 0.0150198936462 s
per_packet_inconsistent_time: 0.00116515159607 s
find_inconsistent_update_time: -1.69277191162e-05 s
Read 224 events.
Added 193 events.
Total write operations: 8
Total read operations: 37
Processing 28 w/w combinations
Updating has_path path cache...
10% 
20% 
30% 
40% 
50% 
60% 
70% 
80% 
90% 
100% 
Processing 296 r/w combinations
10% 
20% 
30% 
40% 
50% 
60% 
70% 
80% 
90% 
100% 
Updating has_path path cache...
+-------------------------------------------+
| Total operations:      45                 |
| Total write operations: 8                 |
| Total read operations:  37                |
+-------------------------------------------+
| Total commuting races: 183                |
| Total harmful races:   20                 |
| Total filtered races:  0                  |
| Total Time Filtered races:  39            |
| Total Time Edges:      39                 |
+-------------------------------------------+
Number of packet traces with races: 20
Number of packet inconsistencies:  0
Number of packet inconsistencies that are actually consistent (covered):  9
Number of packet inconsistencies the first race is already inconsistent:  11
Number of packet inconsistencies after trimming repeated races:  0
Number of packet inconsistent updates:  0
Number of races:  242
Number of races filtered by time:  39
Number of commuting races:  183
Number of harmful races:  11
Number of covered races:  9
Number of versions: 5
Inconsistent updates: 0
Done. Time elapsed: 0.316193819046 s
load_trace: 0.190408945084 s
detect_races: 0.0246729850769 s
extract_traces_time: 0.00811195373535 s
find_reactive_cmds_time: 0.000355005264282 s
find_proactive_cmds_time: 0.0765089988708 s
find_covered_races_time: 0.0147531032562 s
per_packet_inconsistent_time: 0.00133085250854 s
find_inconsistent_update_time: -1.71661376953e-05 s
Read 224 events.
Added 193 events.
Total write operations: 8
Total read operations: 37
Processing 28 w/w combinations
Updating has_path path cache...
10% 
20% 
30% 
40% 
50% 
60% 
70% 
80% 
90% 
100% 
Processing 296 r/w combinations
10% 
20% 
30% 
40% 
50% 
60% 
70% 
80% 
90% 
100% 
Updating has_path path cache...
+-------------------------------------------+
| Total operations:      45                 |
| Total write operations: 8                 |
| Total read operations:  37                |
+-------------------------------------------+
| Total commuting races: 183                |
| Total harmful races:   25                 |
| Total filtered races:  0                  |
| Total Time Filtered races:  34            |
| Total Time Edges:      34                 |
+-------------------------------------------+
Number of packet traces with races: 25
Number of packet inconsistencies:  0
Number of packet inconsistencies that are actually consistent (covered):  11
Number of packet inconsistencies the first race is already inconsistent:  14
Number of packet inconsistencies after trimming repeated races:  0
Number of packet inconsistent updates:  0
Number of races:  242
Number of races filtered by time:  34
Number of commuting races:  183
Number of harmful races:  14
Number of covered races:  11
Number of versions: 5
Inconsistent updates: 0
Done. Time elapsed: 0.321035146713 s
load_trace: 0.193095207214 s
detect_races: 0.023580789566 s
extract_traces_time: 0.00765013694763 s
find_reactive_cmds_time: 0.000329971313477 s
find_proactive_cmds_time: 0.0780870914459 s
find_covered_races_time: 0.0166947841644 s
per_packet_inconsistent_time: 0.00154209136963 s
find_inconsistent_update_time: -2.00271606445e-05 s
Read 224 events.
Added 193 events.
Total write operations: 8
Total read operations: 37
Processing 28 w/w combinations
Updating has_path path cache...
10% 
20% 
30% 
40% 
50% 
60% 
70% 
80% 
90% 
100% 
Processing 296 r/w combinations
10% 
20% 
30% 
40% 
50% 
60% 
70% 
80% 
90% 
100% 
Updating has_path path cache...
+-------------------------------------------+
| Total operations:      45                 |
| Total write operations: 8                 |
| Total read operations:  37                |
+-------------------------------------------+
| Total commuting races: 183                |
| Total harmful races:   28                 |
| Total filtered races:  0                  |
| Total Time Filtered races:  31            |
| Total Time Edges:      31                 |
+-------------------------------------------+
Number of packet traces with races: 28
Number of packet inconsistencies:  0
Number of packet inconsistencies that are actually consistent (covered):  14
Number of packet inconsistencies the first race is already inconsistent:  14
Number of packet inconsistencies after trimming repeated races:  0
Number of packet inconsistent updates:  0
Number of races:  242
Number of races filtered by time:  31
Number of commuting races:  183
Number of harmful races:  14
Number of covered races:  14
Number of versions: 5
Inconsistent updates: 0
Done. Time elapsed: 0.316317081451 s
load_trace: 0.187433004379 s
detect_races: 0.0244560241699 s
extract_traces_time: 0.0075318813324 s
find_reactive_cmds_time: 0.000470161437988 s
find_proactive_cmds_time: 0.0771150588989 s
find_covered_races_time: 0.0175337791443 s
per_packet_inconsistent_time: 0.00171208381653 s
find_inconsistent_update_time: -2.31266021729e-05 s
Read 224 events.
Added 193 events.
Total write operations: 8
Total read operations: 37
Processing 28 w/w combinations
Updating has_path path cache...
10% 
20% 
30% 
40% 
50% 
60% 
70% 
80% 
90% 
100% 
Processing 296 r/w combinations
10% 
20% 
30% 
40% 
50% 
60% 
70% 
80% 
90% 
100% 
Updating has_path path cache...
+-------------------------------------------+
| Total operations:      45                 |
| Total write operations: 8                 |
| Total read operations:  37                |
+-------------------------------------------+
| Total commuting races: 183                |
| Total harmful races:   28                 |
| Total filtered races:  0                  |
| Total Time Filtered races:  31            |
| Total Time Edges:      31                 |
+-------------------------------------------+
Number of packet traces with races: 28
Number of packet inconsistencies:  0
Number of packet inconsistencies that are actually consistent (covered):  14
Number of packet inconsistencies the first race is already inconsistent:  14
Number of packet inconsistencies after trimming repeated races:  0
Number of packet inconsistent updates:  0
Number of races:  242
Number of races filtered by time:  31
Number of commuting races:  183
Number of harmful races:  14
Number of covered races:  14
Number of versions: 5
Inconsistent updates: 0
Done. Time elapsed: 0.314894914627 s
load_trace: 0.186620950699 s
detect_races: 0.0246260166168 s
extract_traces_time: 0.00700306892395 s
find_reactive_cmds_time: 0.000324010848999 s
find_proactive_cmds_time: 0.0775129795074 s
find_covered_races_time: 0.0167129039764 s
per_packet_inconsistent_time: 0.00202488899231 s
find_inconsistent_update_time: -2.31266021729e-05 s
