Read 507 events.
Added 442 events.
Total write operations: 85
Total read operations: 76
Processing 3570 w/w combinations
Updating has_path path cache...
10% 
20% 
30% 
40% 
50% 
60% 
70% 
80% 
90% 
100% 
Processing 6460 r/w combinations
10% 
20% 
30% 
40% 
50% 
60% 
70% 
80% 
90% 
100% 
Updating has_path path cache...
+-------------------------------------------+
| Total operations:      161                |
| Total write operations: 85                |
| Total read operations:  76                |
+-------------------------------------------+
| Total commuting races: 9388               |
| Total harmful races:   558                |
| Total filtered races:  0                  |
| Total Time Filtered races:  0             |
| Total Time Edges:      0                  |
+-------------------------------------------+
Number of packet traces with races: 76
Number of packet inconsistencies:  0
Number of packet inconsistencies that are actually consistent (covered):  48
Number of packet inconsistencies the first race is already inconsistent:  28
Number of packet inconsistencies after trimming repeated races:  0
Number of packet inconsistent updates:  392
Number of races:  9946
Number of races filtered by time:  0
Number of commuting races:  9388
Number of harmful races:  510
Number of covered races:  48
Number of versions: 16
Inconsistent updates: 91
Done. Time elapsed: 1.21714496613 s
load_trace: 0.754981994629 s
detect_races: 0.363816022873 s
extract_traces_time: 0.00741004943848 s
find_reactive_cmds_time: 0.000275850296021 s
find_proactive_cmds_time: 0.0280029773712 s
find_covered_races_time: 0.0264141559601 s
per_packet_inconsistent_time: 0.0330708026886 s
find_inconsistent_update_time: -0.0031270980835 s
Read 507 events.
Added 442 events.
Total write operations: 85
Total read operations: 76
Processing 3570 w/w combinations
Updating has_path path cache...
10% 
20% 
30% 
40% 
50% 
60% 
70% 
80% 
90% 
100% 
Processing 6460 r/w combinations
10% 
20% 
30% 
40% 
50% 
60% 
70% 
80% 
90% 
100% 
Updating has_path path cache...
+-------------------------------------------+
| Total operations:      161                |
| Total write operations: 85                |
| Total read operations:  76                |
+-------------------------------------------+
| Total commuting races: 9388               |
| Total harmful races:   0                  |
| Total filtered races:  0                  |
| Total Time Filtered races:  558           |
| Total Time Edges:      558                |
+-------------------------------------------+
Number of packet traces with races: 0
Number of packet inconsistencies:  0
Number of packet inconsistencies that are actually consistent (covered):  0
Number of packet inconsistencies the first race is already inconsistent:  0
Number of packet inconsistencies after trimming repeated races:  0
Number of packet inconsistent updates:  0
Number of races:  9946
Number of races filtered by time:  558
Number of commuting races:  9388
Number of harmful races:  0
Number of covered races:  0
Number of versions: 16
Inconsistent updates: 0
Done. Time elapsed: 1.14484596252 s
load_trace: 0.738807916641 s
detect_races: 0.37347817421 s
extract_traces_time: 0.0155799388885 s
find_reactive_cmds_time: 0.000288963317871 s
find_proactive_cmds_time: 0.0127968788147 s
find_covered_races_time: 0.00347018241882 s
per_packet_inconsistent_time: 0.000383853912354 s
find_inconsistent_update_time: -1.00135803223e-05 s
Read 507 events.
Added 442 events.
Total write operations: 85
Total read operations: 76
Processing 3570 w/w combinations
Updating has_path path cache...
10% 
20% 
30% 
40% 
50% 
60% 
70% 
80% 
90% 
100% 
Processing 6460 r/w combinations
10% 
20% 
30% 
40% 
50% 
60% 
70% 
80% 
90% 
100% 
Updating has_path path cache...
+-------------------------------------------+
| Total operations:      161                |
| Total write operations: 85                |
| Total read operations:  76                |
+-------------------------------------------+
| Total commuting races: 9388               |
| Total harmful races:   22                 |
| Total filtered races:  0                  |
| Total Time Filtered races:  536           |
| Total Time Edges:      536                |
+-------------------------------------------+
Number of packet traces with races: 9
Number of packet inconsistencies:  0
Number of packet inconsistencies that are actually consistent (covered):  0
Number of packet inconsistencies the first race is already inconsistent:  9
Number of packet inconsistencies after trimming repeated races:  0
Number of packet inconsistent updates:  14
Number of races:  9946
Number of races filtered by time:  536
Number of commuting races:  9388
Number of harmful races:  22
Number of covered races:  0
Number of versions: 16
Inconsistent updates: 7
Done. Time elapsed: 1.17833805084 s
load_trace: 0.752690076828 s
detect_races: 0.391484022141 s
extract_traces_time: 0.0151300430298 s
find_reactive_cmds_time: 0.000295877456665 s
find_proactive_cmds_time: 0.0122709274292 s
find_covered_races_time: 0.0045051574707 s
per_packet_inconsistent_time: 0.00181102752686 s
find_inconsistent_update_time: -0.000118970870972 s
Read 507 events.
Added 442 events.
Total write operations: 85
Total read operations: 76
Processing 3570 w/w combinations
Updating has_path path cache...
10% 
20% 
30% 
40% 
50% 
60% 
70% 
80% 
90% 
100% 
Processing 6460 r/w combinations
10% 
20% 
30% 
40% 
50% 
60% 
70% 
80% 
90% 
100% 
Updating has_path path cache...
+-------------------------------------------+
| Total operations:      161                |
| Total write operations: 85                |
| Total read operations:  76                |
+-------------------------------------------+
| Total commuting races: 9388               |
| Total harmful races:   65                 |
| Total filtered races:  0                  |
| Total Time Filtered races:  493           |
| Total Time Edges:      493                |
+-------------------------------------------+
Number of packet traces with races: 35
Number of packet inconsistencies:  0
Number of packet inconsistencies that are actually consistent (covered):  0
Number of packet inconsistencies the first race is already inconsistent:  35
Number of packet inconsistencies after trimming repeated races:  0
Number of packet inconsistent updates:  42
Number of races:  9946
Number of races filtered by time:  493
Number of commuting races:  9388
Number of harmful races:  65
Number of covered races:  0
Number of versions: 16
Inconsistent updates: 15
Done. Time elapsed: 1.17786502838 s
load_trace: 0.762315988541 s
detect_races: 0.377316951752 s
extract_traces_time: 0.013521194458 s
find_reactive_cmds_time: 0.000280857086182 s
find_proactive_cmds_time: 0.0130310058594 s
find_covered_races_time: 0.00623893737793 s
per_packet_inconsistent_time: 0.00482702255249 s
find_inconsistent_update_time: -0.000300168991089 s
Read 507 events.
Added 442 events.
Total write operations: 85
Total read operations: 76
Processing 3570 w/w combinations
Updating has_path path cache...
10% 
20% 
30% 
40% 
50% 
60% 
70% 
80% 
90% 
100% 
Processing 6460 r/w combinations
10% 
20% 
30% 
40% 
50% 
60% 
70% 
80% 
90% 
100% 
Updating has_path path cache...
+-------------------------------------------+
| Total operations:      161                |
| Total write operations: 85                |
| Total read operations:  76                |
+-------------------------------------------+
| Total commuting races: 9388               |
| Total harmful races:   150                |
| Total filtered races:  0                  |
| Total Time Filtered races:  408           |
| Total Time Edges:      408                |
+-------------------------------------------+
Number of packet traces with races: 57
Number of packet inconsistencies:  0
Number of packet inconsistencies that are actually consistent (covered):  0
Number of packet inconsistencies the first race is already inconsistent:  57
Number of packet inconsistencies after trimming repeated races:  0
Number of packet inconsistent updates:  146
Number of races:  9946
Number of races filtered by time:  408
Number of commuting races:  9388
Number of harmful races:  150
Number of covered races:  0
Number of versions: 16
Inconsistent updates: 26
Done. Time elapsed: 1.19084620476 s
load_trace: 0.76811504364 s
detect_races: 0.378676176071 s
extract_traces_time: 0.0115058422089 s
find_reactive_cmds_time: 0.000280141830444 s
find_proactive_cmds_time: 0.0124638080597 s
find_covered_races_time: 0.00922799110413 s
per_packet_inconsistent_time: 0.00942206382751 s
find_inconsistent_update_time: -0.00109910964966 s
Read 507 events.
Added 442 events.
Total write operations: 85
Total read operations: 76
Processing 3570 w/w combinations
Updating has_path path cache...
10% 
20% 
30% 
40% 
50% 
60% 
70% 
80% 
90% 
100% 
Processing 6460 r/w combinations
10% 
20% 
30% 
40% 
50% 
60% 
70% 
80% 
90% 
100% 
Updating has_path path cache...
+-------------------------------------------+
| Total operations:      161                |
| Total write operations: 85                |
| Total read operations:  76                |
+-------------------------------------------+
| Total commuting races: 9388               |
| Total harmful races:   197                |
| Total filtered races:  0                  |
| Total Time Filtered races:  361           |
| Total Time Edges:      361                |
+-------------------------------------------+
Number of packet traces with races: 61
Number of packet inconsistencies:  0
Number of packet inconsistencies that are actually consistent (covered):  0
Number of packet inconsistencies the first race is already inconsistent:  61
Number of packet inconsistencies after trimming repeated races:  0
Number of packet inconsistent updates:  176
Number of races:  9946
Number of races filtered by time:  361
Number of commuting races:  9388
Number of harmful races:  197
Number of covered races:  0
Number of versions: 16
Inconsistent updates: 34
Done. Time elapsed: 1.21763801575 s
load_trace: 0.784927129745 s
detect_races: 0.384028911591 s
extract_traces_time: 0.0114688873291 s
find_reactive_cmds_time: 0.000308036804199 s
find_proactive_cmds_time: 0.0125820636749 s
find_covered_races_time: 0.0107090473175 s
per_packet_inconsistent_time: 0.0121309757233 s
find_inconsistent_update_time: -0.00144791603088 s
Read 507 events.
Added 442 events.
Total write operations: 85
Total read operations: 76
Processing 3570 w/w combinations
Updating has_path path cache...
10% 
20% 
30% 
40% 
50% 
60% 
70% 
80% 
90% 
100% 
Processing 6460 r/w combinations
10% 
20% 
30% 
40% 
50% 
60% 
70% 
80% 
90% 
100% 
Updating has_path path cache...
+-------------------------------------------+
| Total operations:      161                |
| Total write operations: 85                |
| Total read operations:  76                |
+-------------------------------------------+
| Total commuting races: 9388               |
| Total harmful races:   231                |
| Total filtered races:  0                  |
| Total Time Filtered races:  327           |
| Total Time Edges:      327                |
+-------------------------------------------+
Number of packet traces with races: 66
Number of packet inconsistencies:  0
Number of packet inconsistencies that are actually consistent (covered):  0
Number of packet inconsistencies the first race is already inconsistent:  66
Number of packet inconsistencies after trimming repeated races:  0
Number of packet inconsistent updates:  206
Number of races:  9946
Number of races filtered by time:  327
Number of commuting races:  9388
Number of harmful races:  231
Number of covered races:  0
Number of versions: 16
Inconsistent updates: 41
Done. Time elapsed: 1.17542910576 s
load_trace: 0.751560211182 s
detect_races: 0.37166595459 s
extract_traces_time: 0.0120890140533 s
find_reactive_cmds_time: 0.000311851501465 s
find_proactive_cmds_time: 0.0126931667328 s
find_covered_races_time: 0.0119209289551 s
per_packet_inconsistent_time: 0.0135939121246 s
find_inconsistent_update_time: -0.00156116485596 s
Read 507 events.
Added 442 events.
Total write operations: 85
Total read operations: 76
Processing 3570 w/w combinations
Updating has_path path cache...
10% 
20% 
30% 
40% 
50% 
60% 
70% 
80% 
90% 
100% 
Processing 6460 r/w combinations
10% 
20% 
30% 
40% 
50% 
60% 
70% 
80% 
90% 
100% 
Updating has_path path cache...
+-------------------------------------------+
| Total operations:      161                |
| Total write operations: 85                |
| Total read operations:  76                |
+-------------------------------------------+
| Total commuting races: 9388               |
| Total harmful races:   268                |
| Total filtered races:  0                  |
| Total Time Filtered races:  290           |
| Total Time Edges:      290                |
+-------------------------------------------+
Number of packet traces with races: 68
Number of packet inconsistencies:  0
Number of packet inconsistencies that are actually consistent (covered):  2
Number of packet inconsistencies the first race is already inconsistent:  66
Number of packet inconsistencies after trimming repeated races:  0
Number of packet inconsistent updates:  234
Number of races:  9946
Number of races filtered by time:  290
Number of commuting races:  9388
Number of harmful races:  266
Number of covered races:  2
Number of versions: 16
Inconsistent updates: 50
Done. Time elapsed: 1.19778203964 s
load_trace: 0.771534919739 s
detect_races: 0.367830038071 s
extract_traces_time: 0.0098659992218 s
find_reactive_cmds_time: 0.000339031219482 s
find_proactive_cmds_time: 0.0128810405731 s
find_covered_races_time: 0.015202999115 s
per_packet_inconsistent_time: 0.0182077884674 s
find_inconsistent_update_time: -0.00188112258911 s
Read 507 events.
Added 442 events.
Total write operations: 85
Total read operations: 76
Processing 3570 w/w combinations
Updating has_path path cache...
10% 
20% 
30% 
40% 
50% 
60% 
70% 
80% 
90% 
100% 
Processing 6460 r/w combinations
10% 
20% 
30% 
40% 
50% 
60% 
70% 
80% 
90% 
100% 
Updating has_path path cache...
+-------------------------------------------+
| Total operations:      161                |
| Total write operations: 85                |
| Total read operations:  76                |
+-------------------------------------------+
| Total commuting races: 9388               |
| Total harmful races:   310                |
| Total filtered races:  0                  |
| Total Time Filtered races:  248           |
| Total Time Edges:      248                |
+-------------------------------------------+
Number of packet traces with races: 69
Number of packet inconsistencies:  0
Number of packet inconsistencies that are actually consistent (covered):  3
Number of packet inconsistencies the first race is already inconsistent:  66
Number of packet inconsistencies after trimming repeated races:  0
Number of packet inconsistent updates:  260
Number of races:  9946
Number of races filtered by time:  248
Number of commuting races:  9388
Number of harmful races:  307
Number of covered races:  3
Number of versions: 16
Inconsistent updates: 56
Done. Time elapsed: 1.21181082726 s
load_trace: 0.771474838257 s
detect_races: 0.381494045258 s
extract_traces_time: 0.00976514816284 s
find_reactive_cmds_time: 0.000300884246826 s
find_proactive_cmds_time: 0.0127749443054 s
find_covered_races_time: 0.0153059959412 s
per_packet_inconsistent_time: 0.0186231136322 s
find_inconsistent_update_time: -0.00203704833984 s
Read 507 events.
Added 442 events.
Total write operations: 85
Total read operations: 76
Processing 3570 w/w combinations
Updating has_path path cache...
10% 
20% 
30% 
40% 
50% 
60% 
70% 
80% 
90% 
100% 
Processing 6460 r/w combinations
10% 
20% 
30% 
40% 
50% 
60% 
70% 
80% 
90% 
100% 
Updating has_path path cache...
+-------------------------------------------+
| Total operations:      161                |
| Total write operations: 85                |
| Total read operations:  76                |
+-------------------------------------------+
| Total commuting races: 9388               |
| Total harmful races:   347                |
| Total filtered races:  0                  |
| Total Time Filtered races:  211           |
| Total Time Edges:      211                |
+-------------------------------------------+
Number of packet traces with races: 72
Number of packet inconsistencies:  0
Number of packet inconsistencies that are actually consistent (covered):  4
Number of packet inconsistencies the first race is already inconsistent:  68
Number of packet inconsistencies after trimming repeated races:  0
Number of packet inconsistent updates:  280
Number of races:  9946
Number of races filtered by time:  211
Number of commuting races:  9388
Number of harmful races:  343
Number of covered races:  4
Number of versions: 16
Inconsistent updates: 61
Done. Time elapsed: 1.20999598503 s
load_trace: 0.773976802826 s
detect_races: 0.370416164398 s
extract_traces_time: 0.0091700553894 s
find_reactive_cmds_time: 0.000278949737549 s
find_proactive_cmds_time: 0.0150518417358 s
find_covered_races_time: 0.0175430774689 s
per_packet_inconsistent_time: 0.0210621356964 s
find_inconsistent_update_time: -0.00245380401611 s
Read 507 events.
Added 442 events.
Total write operations: 85
Total read operations: 76
Processing 3570 w/w combinations
Updating has_path path cache...
10% 
20% 
30% 
40% 
50% 
60% 
70% 
80% 
90% 
100% 
Processing 6460 r/w combinations
10% 
20% 
30% 
40% 
50% 
60% 
70% 
80% 
90% 
100% 
Updating has_path path cache...
+-------------------------------------------+
| Total operations:      161                |
| Total write operations: 85                |
| Total read operations:  76                |
+-------------------------------------------+
| Total commuting races: 9388               |
| Total harmful races:   382                |
| Total filtered races:  0                  |
| Total Time Filtered races:  176           |
| Total Time Edges:      176                |
+-------------------------------------------+
Number of packet traces with races: 74
Number of packet inconsistencies:  0
Number of packet inconsistencies that are actually consistent (covered):  4
Number of packet inconsistencies the first race is already inconsistent:  70
Number of packet inconsistencies after trimming repeated races:  0
Number of packet inconsistent updates:  316
Number of races:  9946
Number of races filtered by time:  176
Number of commuting races:  9388
Number of harmful races:  378
Number of covered races:  4
Number of versions: 16
Inconsistent updates: 67
Done. Time elapsed: 1.22694611549 s
load_trace: 0.765202045441 s
detect_races: 0.390611886978 s
extract_traces_time: 0.0104041099548 s
find_reactive_cmds_time: 0.000619888305664 s
find_proactive_cmds_time: 0.016312122345 s
find_covered_races_time: 0.0186629295349 s
per_packet_inconsistent_time: 0.0227079391479 s
find_inconsistent_update_time: -0.00238609313965 s
Read 507 events.
Added 442 events.
Total write operations: 85
Total read operations: 76
Processing 3570 w/w combinations
Updating has_path path cache...
10% 
20% 
30% 
40% 
50% 
60% 
70% 
80% 
90% 
100% 
Processing 6460 r/w combinations
10% 
20% 
30% 
40% 
50% 
60% 
70% 
80% 
90% 
100% 
Updating has_path path cache...
+-------------------------------------------+
| Total operations:      161                |
| Total write operations: 85                |
| Total read operations:  76                |
+-------------------------------------------+
| Total commuting races: 9388               |
| Total harmful races:   413                |
| Total filtered races:  0                  |
| Total Time Filtered races:  145           |
| Total Time Edges:      145                |
+-------------------------------------------+
Number of packet traces with races: 74
Number of packet inconsistencies:  0
Number of packet inconsistencies that are actually consistent (covered):  6
Number of packet inconsistencies the first race is already inconsistent:  68
Number of packet inconsistencies after trimming repeated races:  0
Number of packet inconsistent updates:  340
Number of races:  9946
Number of races filtered by time:  145
Number of commuting races:  9388
Number of harmful races:  407
Number of covered races:  6
Number of versions: 16
Inconsistent updates: 74
Done. Time elapsed: 1.21499705315 s
load_trace: 0.773353099823 s
detect_races: 0.372653007507 s
extract_traces_time: 0.00928688049316 s
find_reactive_cmds_time: 0.000296115875244 s
find_proactive_cmds_time: 0.0130679607391 s
find_covered_races_time: 0.0179219245911 s
per_packet_inconsistent_time: 0.0257720947266 s
find_inconsistent_update_time: -0.00261187553406 s
