Read 431 events.
Added 288 events.
Total write operations: 15
Total read operations: 55
Processing 105 w/w combinations
Updating has_path path cache...
10% 
20% 
30% 
40% 
50% 
60% 
70% 
80% 
90% 
100% 
Processing 825 r/w combinations
10% 
20% 
30% 
40% 
50% 
60% 
70% 
80% 
90% 
100% 
Updating has_path path cache...
+-------------------------------------------+
| Total operations:      70                 |
| Total write operations: 15                |
| Total read operations:  55                |
+-------------------------------------------+
| Total commuting races: 208                |
| Total harmful races:   112                |
| Total filtered races:  0                  |
| Total Time Filtered races:  0             |
| Total Time Edges:      0                  |
+-------------------------------------------+
Number of packet traces with races: 46
Number of packet inconsistencies:  5
Number of packet inconsistencies that are actually consistent (covered):  35
Number of packet inconsistencies the first race is already inconsistent:  6
Number of packet inconsistencies after trimming repeated races:  5
Number of packet inconsistent updates:  0
Number of races:  320
Number of races filtered by time:  0
Number of commuting races:  208
Number of harmful races:  70
Number of covered races:  42
Number of versions: 26
Inconsistent updates: 0
Done. Time elapsed: 0.425465106964 s
load_trace: 0.283633947372 s
detect_races: 0.0265901088715 s
extract_traces_time: 0.00803184509277 s
find_reactive_cmds_time: 0.000571012496948 s
find_proactive_cmds_time: 0.0840120315552 s
find_covered_races_time: 0.0155601501465 s
per_packet_inconsistent_time: 0.00697493553162 s
find_inconsistent_update_time: -5.3882598877e-05 s
Read 431 events.
Added 288 events.
Total write operations: 15
Total read operations: 55
Processing 105 w/w combinations
Updating has_path path cache...
10% 
20% 
30% 
40% 
50% 
60% 
70% 
80% 
90% 
100% 
Processing 825 r/w combinations
10% 
20% 
30% 
40% 
50% 
60% 
70% 
80% 
90% 
100% 
Updating has_path path cache...
+-------------------------------------------+
| Total operations:      70                 |
| Total write operations: 15                |
| Total read operations:  55                |
+-------------------------------------------+
| Total commuting races: 208                |
| Total harmful races:   0                  |
| Total filtered races:  0                  |
| Total Time Filtered races:  112           |
| Total Time Edges:      112                |
+-------------------------------------------+
Number of packet traces with races: 0
Number of packet inconsistencies:  0
Number of packet inconsistencies that are actually consistent (covered):  0
Number of packet inconsistencies the first race is already inconsistent:  0
Number of packet inconsistencies after trimming repeated races:  0
Number of packet inconsistent updates:  0
Number of races:  320
Number of races filtered by time:  112
Number of commuting races:  208
Number of harmful races:  0
Number of covered races:  0
Number of versions: 26
Inconsistent updates: 0
Done. Time elapsed: 0.471936941147 s
load_trace: 0.32608795166 s
detect_races: 0.0379641056061 s
extract_traces_time: 0.0120329856873 s
find_reactive_cmds_time: 0.000720977783203 s
find_proactive_cmds_time: 0.0896029472351 s
find_covered_races_time: 0.00507307052612 s
per_packet_inconsistent_time: 0.000401973724365 s
find_inconsistent_update_time: -1.4066696167e-05 s
Read 431 events.
Added 288 events.
Total write operations: 15
Total read operations: 55
Processing 105 w/w combinations
Updating has_path path cache...
10% 
20% 
30% 
40% 
50% 
60% 
70% 
80% 
90% 
100% 
Processing 825 r/w combinations
10% 
20% 
30% 
40% 
50% 
60% 
70% 
80% 
90% 
100% 
Updating has_path path cache...
+-------------------------------------------+
| Total operations:      70                 |
| Total write operations: 15                |
| Total read operations:  55                |
+-------------------------------------------+
| Total commuting races: 208                |
| Total harmful races:   13                 |
| Total filtered races:  0                  |
| Total Time Filtered races:  99            |
| Total Time Edges:      99                 |
+-------------------------------------------+
Number of packet traces with races: 8
Number of packet inconsistencies:  2
Number of packet inconsistencies that are actually consistent (covered):  0
Number of packet inconsistencies the first race is already inconsistent:  6
Number of packet inconsistencies after trimming repeated races:  2
Number of packet inconsistent updates:  0
Number of races:  320
Number of races filtered by time:  99
Number of commuting races:  208
Number of harmful races:  13
Number of covered races:  0
Number of versions: 26
Inconsistent updates: 0
Done. Time elapsed: 0.374386072159 s
load_trace: 0.250756025314 s
detect_races: 0.0298099517822 s
extract_traces_time: 0.00931906700134 s
find_reactive_cmds_time: 0.000571966171265 s
find_proactive_cmds_time: 0.0754990577698 s
find_covered_races_time: 0.00708794593811 s
per_packet_inconsistent_time: 0.00128793716431 s
find_inconsistent_update_time: -2.00271606445e-05 s
Read 431 events.
Added 288 events.
Total write operations: 15
Total read operations: 55
Processing 105 w/w combinations
Updating has_path path cache...
10% 
20% 
30% 
40% 
50% 
60% 
70% 
80% 
90% 
100% 
Processing 825 r/w combinations
10% 
20% 
30% 
40% 
50% 
60% 
70% 
80% 
90% 
100% 
Updating has_path path cache...
+-------------------------------------------+
| Total operations:      70                 |
| Total write operations: 15                |
| Total read operations:  55                |
+-------------------------------------------+
| Total commuting races: 208                |
| Total harmful races:   19                 |
| Total filtered races:  0                  |
| Total Time Filtered races:  93            |
| Total Time Edges:      93                 |
+-------------------------------------------+
Number of packet traces with races: 11
Number of packet inconsistencies:  2
Number of packet inconsistencies that are actually consistent (covered):  0
Number of packet inconsistencies the first race is already inconsistent:  9
Number of packet inconsistencies after trimming repeated races:  2
Number of packet inconsistent updates:  0
Number of races:  320
Number of races filtered by time:  93
Number of commuting races:  208
Number of harmful races:  19
Number of covered races:  0
Number of versions: 26
Inconsistent updates: 0
Done. Time elapsed: 0.357890129089 s
load_trace: 0.232267141342 s
detect_races: 0.0292620658875 s
extract_traces_time: 0.00985193252563 s
find_reactive_cmds_time: 0.000573873519897 s
find_proactive_cmds_time: 0.0743601322174 s
find_covered_races_time: 0.00920104980469 s
per_packet_inconsistent_time: 0.00231695175171 s
find_inconsistent_update_time: -2.19345092773e-05 s
Read 431 events.
Added 288 events.
Total write operations: 15
Total read operations: 55
Processing 105 w/w combinations
Updating has_path path cache...
10% 
20% 
30% 
40% 
50% 
60% 
70% 
80% 
90% 
100% 
Processing 825 r/w combinations
10% 
20% 
30% 
40% 
50% 
60% 
70% 
80% 
90% 
100% 
Updating has_path path cache...
+-------------------------------------------+
| Total operations:      70                 |
| Total write operations: 15                |
| Total read operations:  55                |
+-------------------------------------------+
| Total commuting races: 208                |
| Total harmful races:   29                 |
| Total filtered races:  0                  |
| Total Time Filtered races:  83            |
| Total Time Edges:      83                 |
+-------------------------------------------+
Number of packet traces with races: 16
Number of packet inconsistencies:  3
Number of packet inconsistencies that are actually consistent (covered):  0
Number of packet inconsistencies the first race is already inconsistent:  13
Number of packet inconsistencies after trimming repeated races:  3
Number of packet inconsistent updates:  0
Number of races:  320
Number of races filtered by time:  83
Number of commuting races:  208
Number of harmful races:  29
Number of covered races:  0
Number of versions: 26
Inconsistent updates: 0
Done. Time elapsed: 0.361415863037 s
load_trace: 0.227682828903 s
detect_races: 0.0299310684204 s
extract_traces_time: 0.00999999046326 s
find_reactive_cmds_time: 0.000591039657593 s
find_proactive_cmds_time: 0.0773570537567 s
find_covered_races_time: 0.013415813446 s
per_packet_inconsistent_time: 0.00237512588501 s
find_inconsistent_update_time: -2.59876251221e-05 s
Read 431 events.
Added 288 events.
Total write operations: 15
Total read operations: 55
Processing 105 w/w combinations
Updating has_path path cache...
10% 
20% 
30% 
40% 
50% 
60% 
70% 
80% 
90% 
100% 
Processing 825 r/w combinations
10% 
20% 
30% 
40% 
50% 
60% 
70% 
80% 
90% 
100% 
Updating has_path path cache...
+-------------------------------------------+
| Total operations:      70                 |
| Total write operations: 15                |
| Total read operations:  55                |
+-------------------------------------------+
| Total commuting races: 208                |
| Total harmful races:   39                 |
| Total filtered races:  0                  |
| Total Time Filtered races:  73            |
| Total Time Edges:      73                 |
+-------------------------------------------+
Number of packet traces with races: 21
Number of packet inconsistencies:  4
Number of packet inconsistencies that are actually consistent (covered):  0
Number of packet inconsistencies the first race is already inconsistent:  17
Number of packet inconsistencies after trimming repeated races:  4
Number of packet inconsistent updates:  0
Number of races:  320
Number of races filtered by time:  73
Number of commuting races:  208
Number of harmful races:  39
Number of covered races:  0
Number of versions: 26
Inconsistent updates: 0
Done. Time elapsed: 0.378018856049 s
load_trace: 0.243275880814 s
detect_races: 0.0292370319366 s
extract_traces_time: 0.00935006141663 s
find_reactive_cmds_time: 0.00117802619934 s
find_proactive_cmds_time: 0.0799999237061 s
find_covered_races_time: 0.0117740631104 s
per_packet_inconsistent_time: 0.00313496589661 s
find_inconsistent_update_time: -3.00407409668e-05 s
Read 431 events.
Added 288 events.
Total write operations: 15
Total read operations: 55
Processing 105 w/w combinations
Updating has_path path cache...
10% 
20% 
30% 
40% 
50% 
60% 
70% 
80% 
90% 
100% 
Processing 825 r/w combinations
10% 
20% 
30% 
40% 
50% 
60% 
70% 
80% 
90% 
100% 
Updating has_path path cache...
+-------------------------------------------+
| Total operations:      70                 |
| Total write operations: 15                |
| Total read operations:  55                |
+-------------------------------------------+
| Total commuting races: 208                |
| Total harmful races:   50                 |
| Total filtered races:  0                  |
| Total Time Filtered races:  62            |
| Total Time Edges:      62                 |
+-------------------------------------------+
Number of packet traces with races: 25
Number of packet inconsistencies:  4
Number of packet inconsistencies that are actually consistent (covered):  4
Number of packet inconsistencies the first race is already inconsistent:  17
Number of packet inconsistencies after trimming repeated races:  4
Number of packet inconsistent updates:  0
Number of races:  320
Number of races filtered by time:  62
Number of commuting races:  208
Number of harmful races:  46
Number of covered races:  4
Number of versions: 26
Inconsistent updates: 0
Done. Time elapsed: 0.374501943588 s
load_trace: 0.23916888237 s
detect_races: 0.0295181274414 s
extract_traces_time: 0.00842881202698 s
find_reactive_cmds_time: 0.00155901908875 s
find_proactive_cmds_time: 0.0803129673004 s
find_covered_races_time: 0.0107800960541 s
per_packet_inconsistent_time: 0.00465393066406 s
find_inconsistent_update_time: -3.60012054443e-05 s
Read 431 events.
Added 288 events.
Total write operations: 15
Total read operations: 55
Processing 105 w/w combinations
Updating has_path path cache...
10% 
20% 
30% 
40% 
50% 
60% 
70% 
80% 
90% 
100% 
Processing 825 r/w combinations
10% 
20% 
30% 
40% 
50% 
60% 
70% 
80% 
90% 
100% 
Updating has_path path cache...
+-------------------------------------------+
| Total operations:      70                 |
| Total write operations: 15                |
| Total read operations:  55                |
+-------------------------------------------+
| Total commuting races: 208                |
| Total harmful races:   60                 |
| Total filtered races:  0                  |
| Total Time Filtered races:  52            |
| Total Time Edges:      52                 |
+-------------------------------------------+
Number of packet traces with races: 27
Number of packet inconsistencies:  5
Number of packet inconsistencies that are actually consistent (covered):  6
Number of packet inconsistencies the first race is already inconsistent:  16
Number of packet inconsistencies after trimming repeated races:  5
Number of packet inconsistent updates:  0
Number of races:  320
Number of races filtered by time:  52
Number of commuting races:  208
Number of harmful races:  51
Number of covered races:  9
Number of versions: 26
Inconsistent updates: 0
Done. Time elapsed: 0.363410949707 s
load_trace: 0.233654975891 s
detect_races: 0.0282020568848 s
extract_traces_time: 0.008052110672 s
find_reactive_cmds_time: 0.000582933425903 s
find_proactive_cmds_time: 0.0764889717102 s
find_covered_races_time: 0.011549949646 s
per_packet_inconsistent_time: 0.0048041343689 s
find_inconsistent_update_time: -3.79085540771e-05 s
Read 431 events.
Added 288 events.
Total write operations: 15
Total read operations: 55
Processing 105 w/w combinations
Updating has_path path cache...
10% 
20% 
30% 
40% 
50% 
60% 
70% 
80% 
90% 
100% 
Processing 825 r/w combinations
10% 
20% 
30% 
40% 
50% 
60% 
70% 
80% 
90% 
100% 
Updating has_path path cache...
+-------------------------------------------+
| Total operations:      70                 |
| Total write operations: 15                |
| Total read operations:  55                |
+-------------------------------------------+
| Total commuting races: 208                |
| Total harmful races:   64                 |
| Total filtered races:  0                  |
| Total Time Filtered races:  48            |
| Total Time Edges:      48                 |
+-------------------------------------------+
Number of packet traces with races: 30
Number of packet inconsistencies:  5
Number of packet inconsistencies that are actually consistent (covered):  6
Number of packet inconsistencies the first race is already inconsistent:  19
Number of packet inconsistencies after trimming repeated races:  5
Number of packet inconsistent updates:  0
Number of races:  320
Number of races filtered by time:  48
Number of commuting races:  208
Number of harmful races:  54
Number of covered races:  10
Number of versions: 26
Inconsistent updates: 0
Done. Time elapsed: 0.568768024445 s
load_trace: 0.337116003036 s
detect_races: 0.0575220584869 s
extract_traces_time: 0.0149049758911 s
find_reactive_cmds_time: 0.00137591362 s
find_proactive_cmds_time: 0.124145030975 s
find_covered_races_time: 0.024610042572 s
per_packet_inconsistent_time: 0.00896000862122 s
find_inconsistent_update_time: -6.69956207275e-05 s
Read 431 events.
Added 288 events.
Total write operations: 15
Total read operations: 55
Processing 105 w/w combinations
Updating has_path path cache...
10% 
20% 
30% 
40% 
50% 
60% 
70% 
80% 
90% 
100% 
Processing 825 r/w combinations
10% 
20% 
30% 
40% 
50% 
60% 
70% 
80% 
90% 
100% 
Updating has_path path cache...
+-------------------------------------------+
| Total operations:      70                 |
| Total write operations: 15                |
| Total read operations:  55                |
+-------------------------------------------+
| Total commuting races: 208                |
| Total harmful races:   66                 |
| Total filtered races:  0                  |
| Total Time Filtered races:  46            |
| Total Time Edges:      46                 |
+-------------------------------------------+
Number of packet traces with races: 31
Number of packet inconsistencies:  5
Number of packet inconsistencies that are actually consistent (covered):  7
Number of packet inconsistencies the first race is already inconsistent:  19
Number of packet inconsistencies after trimming repeated races:  5
Number of packet inconsistent updates:  0
Number of races:  320
Number of races filtered by time:  46
Number of commuting races:  208
Number of harmful races:  55
Number of covered races:  11
Number of versions: 26
Inconsistent updates: 0
Done. Time elapsed: 0.433498859406 s
load_trace: 0.28222990036 s
detect_races: 0.0342371463776 s
extract_traces_time: 0.00964283943176 s
find_reactive_cmds_time: 0.000647068023682 s
find_proactive_cmds_time: 0.0887389183044 s
find_covered_races_time: 0.0127081871033 s
per_packet_inconsistent_time: 0.0052318572998 s
find_inconsistent_update_time: -6.29425048828e-05 s
Read 431 events.
Added 288 events.
Total write operations: 15
Total read operations: 55
Processing 105 w/w combinations
Updating has_path path cache...
10% 
20% 
30% 
40% 
50% 
60% 
70% 
80% 
90% 
100% 
Processing 825 r/w combinations
10% 
20% 
30% 
40% 
50% 
60% 
70% 
80% 
90% 
100% 
Updating has_path path cache...
+-------------------------------------------+
| Total operations:      70                 |
| Total write operations: 15                |
| Total read operations:  55                |
+-------------------------------------------+
| Total commuting races: 208                |
| Total harmful races:   75                 |
| Total filtered races:  0                  |
| Total Time Filtered races:  37            |
| Total Time Edges:      37                 |
+-------------------------------------------+
Number of packet traces with races: 36
Number of packet inconsistencies:  5
Number of packet inconsistencies that are actually consistent (covered):  11
Number of packet inconsistencies the first race is already inconsistent:  20
Number of packet inconsistencies after trimming repeated races:  5
Number of packet inconsistent updates:  0
Number of races:  320
Number of races filtered by time:  37
Number of commuting races:  208
Number of harmful races:  60
Number of covered races:  15
Number of versions: 26
Inconsistent updates: 0
Done. Time elapsed: 0.370993852615 s
load_trace: 0.235762834549 s
detect_races: 0.0297391414642 s
extract_traces_time: 0.0082528591156 s
find_reactive_cmds_time: 0.00159907341003 s
find_proactive_cmds_time: 0.0777308940887 s
find_covered_races_time: 0.0122179985046 s
per_packet_inconsistent_time: 0.00560307502747 s
find_inconsistent_update_time: -4.41074371338e-05 s
Read 431 events.
Added 288 events.
Total write operations: 15
Total read operations: 55
Processing 105 w/w combinations
Updating has_path path cache...
10% 
20% 
30% 
40% 
50% 
60% 
70% 
80% 
90% 
100% 
Processing 825 r/w combinations
10% 
20% 
30% 
40% 
50% 
60% 
70% 
80% 
90% 
100% 
Updating has_path path cache...
+-------------------------------------------+
| Total operations:      70                 |
| Total write operations: 15                |
| Total read operations:  55                |
+-------------------------------------------+
| Total commuting races: 208                |
| Total harmful races:   78                 |
| Total filtered races:  0                  |
| Total Time Filtered races:  34            |
| Total Time Edges:      34                 |
+-------------------------------------------+
Number of packet traces with races: 36
Number of packet inconsistencies:  5
Number of packet inconsistencies that are actually consistent (covered):  14
Number of packet inconsistencies the first race is already inconsistent:  17
Number of packet inconsistencies after trimming repeated races:  5
Number of packet inconsistent updates:  0
Number of races:  320
Number of races filtered by time:  34
Number of commuting races:  208
Number of harmful races:  60
Number of covered races:  18
Number of versions: 26
Inconsistent updates: 0
Done. Time elapsed: 0.386965990067 s
load_trace: 0.2460501194 s
detect_races: 0.0284988880157 s
extract_traces_time: 0.00876307487488 s
find_reactive_cmds_time: 0.000603914260864 s
find_proactive_cmds_time: 0.0834310054779 s
find_covered_races_time: 0.0128071308136 s
per_packet_inconsistent_time: 0.0067310333252 s
find_inconsistent_update_time: -4.48226928711e-05 s
