2015-11-13 14:46:12,483 - setup - WARNING - No get_additional_metadata() defined for config file. See config/nox_routing.py for an example.
2015-11-13 14:46:12,483 - Controller - INFO -  =====> Starting Controller <===== 
2015-11-13 14:46:12,483 - Controller - INFO - Launching controller c1: java -ea -Dlogback.configurationFile=./src/main/resources/logback-trace.xml -jar ./target/floodlight.jar -cf ./src/main/resources/trace_firewall.properties
connect_socket_with_backoff ('127.0.0.1', 6633)

Error connecting.  -- [Errno 111] Connection refused. Backing off 1 seconds ...
[c1] 14:46:12.766 INFO [n.f.c.m.FloodlightModuleLoader:main] Loading modules from file ./src/main/resources/trace_firewall.properties

[c1] 14:46:13.041 INFO [n.f.c.i.Controller:main] Controller role set to MASTER

[c1] 14:46:13.046 INFO [n.f.c.i.Controller:main] Flush switches on reconnect -- Disabled

Error connecting.  -- [Errno 111] Connection refused. Backing off 2 seconds ...
[c1] 14:46:13.703 INFO [n.f.l.i.LinkDiscoveryManager:main] Setting autoportfast feature to OFF

[c1] 14:46:13.854 INFO [o.s.s.i.c.FallbackCCProvider:main] Cluster not yet configured; using fallback local configuration

[c1] 14:46:13.854 INFO [o.s.s.i.SyncManager:main] [32767] Updating sync configuration ClusterConfig [allNodes={32767=Node [hostname=localhost, port=6642, nodeId=32767, domainId=32767]}, authScheme=NO_AUTH, keyStorePath=null, keyStorePassword is unset]

[c1] 14:46:13.926 INFO [o.s.s.i.r.RPCService:main] Listening for internal floodlight RPC on localhost/127.0.0.1:6642

[c1] 14:46:14.026 INFO [n.f.c.i.Controller:main] Listening for switch connections on 0.0.0.0/0.0.0.0:6633

Controller log: 0 log lines, 1 STS events not matched.
connect_socket_with_backoff ('127.0.0.1', 6633)

Controller log: 0 log lines, 2 STS events not matched.
connect_socket_with_backoff ('127.0.0.1', 6633)

Controller log: 0 log lines, 3 STS events not matched.
[c1] 14:46:15.510 INFO [n.f.c.i.OFChannelHandler:New I/O server worker #2-1] New switch connection from /127.0.0.1:51005

[c1] 14:46:15.511 INFO [n.f.c.i.OFChannelHandler:New I/O server worker #2-2] New switch connection from /127.0.0.1:51006

[c1] 14:46:15.511 INFO [n.f.c.i.OFChannelHandler:New I/O server worker #2-3] New switch connection from /127.0.0.1:51007

[c1] 14:46:15.578 INFO [n.f.f.Firewall:Dispatcher: Thread-11] Setting firewall to true

{u'status': u'success', u'details': u'firewall running'}
Firewall enabled.
Installing rule: 123.123.2.3 <-> 123.123.3.3 (id: 0)
{u'status': u'Rule added', u'rule-id': u'1945114900'}
Rule added: 1945114900
{u'status': u'Rule added', u'rule-id': u'300657135'}
Rule added: 300657135
{u'status': u'Rule added', u'rule-id': u'624391848'}
Rule added: 624391848
{u'status': u'Rule added', u'rule-id': u'775017944'}
Rule added: 775017944
Installing rule: 123.123.2.3 <-> 123.123.2.2 (id: 1)
{u'status': u'Rule added', u'rule-id': u'-417170896'}
Rule added: -417170896
{u'status': u'Rule added', u'rule-id': u'975843217'}
Rule added: 975843217
{u'status': u'Rule added', u'rule-id': u'104663076'}
Rule added: 104663076
{u'status': u'Rule added', u'rule-id': u'716993391'}
Rule added: 716993391
Installing rule: 123.123.3.3 <-> 123.123.3.2 (id: 2)
{u'status': u'Rule added', u'rule-id': u'2096733882'}
Rule added: 2096733882
{u'status': u'Rule added', u'rule-id': u'1579112361'}
Rule added: 1579112361
{u'status': u'Rule added', u'rule-id': u'385049016'}
Rule added: 385049016
{u'status': u'Rule added', u'rule-id': u'1538568587'}
Rule added: 1538568587
Controller log: 0 log lines, 4 STS events not matched.
Controller log: 0 log lines, 5 STS events not matched.
Controller log: 0 log lines, 6 STS events not matched.
Round 1 completed.
Controller log: 0 log lines, 6 STS events not matched.
Controller log: 0 log lines, 6 STS events not matched.
Controller log: 0 log lines, 6 STS events not matched.
Controller log: 0 log lines, 6 STS events not matched.
Controller log: 0 log lines, 6 STS events not matched.
Controller log: 0 log lines, 6 STS events not matched.
Round 2 completed.
Controller log: 0 log lines, 6 STS events not matched.
Controller log: 0 log lines, 6 STS events not matched.
Controller log: 0 log lines, 6 STS events not matched.
Controller log: 0 log lines, 6 STS events not matched.
Controller log: 0 log lines, 6 STS events not matched.
Controller log: 0 log lines, 6 STS events not matched.
Controller log: 0 log lines, 6 STS events not matched.
Controller log: 0 log lines, 6 STS events not matched.
Controller log: 0 log lines, 6 STS events not matched.
Controller log: 0 log lines, 6 STS events not matched.
Controller log: 0 log lines, 6 STS events not matched.
Controller log: 0 log lines, 6 STS events not matched.
Controller log: 0 log lines, 6 STS events not matched.
Controller log: 0 log lines, 6 STS events not matched.
Controller log: 0 log lines, 6 STS events not matched.
Round 3 completed.
Controller log: 0 log lines, 6 STS events not matched.
Controller log: 0 log lines, 6 STS events not matched.
Controller log: 0 log lines, 6 STS events not matched.
Controller log: 0 log lines, 6 STS events not matched.
Controller log: 0 log lines, 6 STS events not matched.
Controller log: 0 log lines, 6 STS events not matched.
Round 4 completed.
[c1] 14:46:16.119 INFO [n.f.c.i.OFChannelHandler:New I/O server worker #2-3] Switch OFSwitchBase [/127.0.0.1:51007 DPID[00:00:00:00:00:00:00:03]] bound to class class net.floodlightcontroller.core.internal.OFSwitchImpl, writeThrottle=false, description Switch Desc - Vendor: BadAssEmulatedPoxSwitch(TM)  Model: your finest emulated asics  Make: high performance emuswitch. Several packets per second have been observed (but not by reliable witnesses)  Version: pox. reliable, fast, stable. Choose 0 (or more?)  S/N: 3

[c1] 14:46:16.119 INFO [n.f.c.i.OFChannelHandler:New I/O server worker #2-2] Switch OFSwitchBase [/127.0.0.1:51006 DPID[00:00:00:00:00:00:00:02]] bound to class class net.floodlightcontroller.core.internal.OFSwitchImpl, writeThrottle=false, description Switch Desc - Vendor: BadAssEmulatedPoxSwitch(TM)  Model: your finest emulated asics  Make: high performance emuswitch. Several packets per second have been observed (but not by reliable witnesses)  Version: pox. reliable, fast, stable. Choose 0 (or more?)  S/N: 2

[c1] 14:46:16.119 INFO [n.f.c.i.OFChannelHandler:New I/O server worker #2-1] Switch OFSwitchBase [/127.0.0.1:51005 DPID[00:00:00:00:00:00:00:01]] bound to class class net.floodlightcontroller.core.internal.OFSwitchImpl, writeThrottle=false, description Switch Desc - Vendor: BadAssEmulatedPoxSwitch(TM)  Model: your finest emulated asics  Make: high performance emuswitch. Several packets per second have been observed (but not by reliable witnesses)  Version: pox. reliable, fast, stable. Choose 0 (or more?)  S/N: 1

Controller log: 0 log lines, 6 STS events not matched.
Controller log: 0 log lines, 6 STS events not matched.
Controller log: 0 log lines, 6 STS events not matched.
Controller log: 0 log lines, 6 STS events not matched.
Controller log: 0 log lines, 6 STS events not matched.
Controller log: 0 log lines, 6 STS events not matched.
Round 5 completed.
[c1] 14:46:16.212 INFO [n.f.c.OFSwitchBase:New I/O server worker #2-2] Clearing all flows on switch OFSwitchBase [/127.0.0.1:51006 DPID[00:00:00:00:00:00:00:02]]

[c1] 14:46:16.215 WARN [n.f.c.i.C.s.notification:main] Switch 00:00:00:00:00:00:00:02 connected.

[c1] 14:46:16.227 INFO [n.f.c.OFSwitchBase:New I/O server worker #2-3] Clearing all flows on switch OFSwitchBase [/127.0.0.1:51007 DPID[00:00:00:00:00:00:00:03]]

[c1] 14:46:16.227 WARN [n.f.c.i.C.s.notification:main] Switch 00:00:00:00:00:00:00:03 connected.

[c1] 14:46:16.228 INFO [n.f.c.OFSwitchBase:New I/O server worker #2-1] Clearing all flows on switch OFSwitchBase [/127.0.0.1:51005 DPID[00:00:00:00:00:00:00:01]]

[c1] 14:46:16.229 WARN [n.f.c.i.C.s.notification:main] Switch 00:00:00:00:00:00:00:01 connected.

Controller log: 0 log lines, 6 STS events not matched.
Controller log: 0 log lines, 6 STS events not matched.
Controller log: 0 log lines, 6 STS events not matched.
Controller log: 0 log lines, 6 STS events not matched.
Controller log: 0 log lines, 6 STS events not matched.
Controller log: 0 log lines, 6 STS events not matched.
Controller log: 0 log lines, 6 STS events not matched.
Controller log: 0 log lines, 6 STS events not matched.
Controller log: 0 log lines, 6 STS events not matched.
Controller log: 0 log lines, 6 STS events not matched.
Controller log: 0 log lines, 6 STS events not matched.
Controller log: 0 log lines, 6 STS events not matched.
Controller log: 0 log lines, 6 STS events not matched.
Controller log: 0 log lines, 6 STS events not matched.
Controller log: 0 log lines, 6 STS events not matched.
Controller log: 0 log lines, 6 STS events not matched.
Controller log: 0 log lines, 6 STS events not matched.
Controller log: 0 log lines, 6 STS events not matched.
Forwarding dataplane event
Forwarding dataplane event
2015-11-13 14:46:16,328 - host:[IPAddr('123.123.2.2')] - INFO - Received packet [00:00:00:00:02:02>01:80:c2:00:00:0e:LLDP]|<chasis ID:00:00:00:00:00:02><port ID:00:02><ttl:120><pox.lib.packet.lldp.organizationally_specific object at 0x7f3e806bdb50><pox.lib.packet.lldp.unknown_tlv object at 0x7f3e806bdc10><pox.lib.packet.lldp.unknown_tlv object at 0x7f3e806bdc50><tlv end> on interface eth2
Forwarding dataplane event
2015-11-13 14:46:16,329 - host:[IPAddr('123.123.3.3')] - INFO - Received packet [00:00:00:00:03:03>01:80:c2:00:00:0e:LLDP]|<chasis ID:00:00:00:00:00:03><port ID:00:03><ttl:120><pox.lib.packet.lldp.organizationally_specific object at 0x7f3e806acd10><pox.lib.packet.lldp.unknown_tlv object at 0x7f3e806acdd0><pox.lib.packet.lldp.unknown_tlv object at 0x7f3e806ace10><tlv end> on interface eth3
Forwarding dataplane event
Controller log: 0 log lines, 6 STS events not matched.
Forwarding dataplane event
Controller log: 0 log lines, 6 STS events not matched.
Forwarding dataplane event
2015-11-13 14:46:16,333 - host:[IPAddr('123.123.2.3')] - INFO - Received packet [00:00:00:00:02:03>01:80:c2:00:00:0e:LLDP]|<chasis ID:00:00:00:00:00:02><port ID:00:03><ttl:120><pox.lib.packet.lldp.organizationally_specific object at 0x7f3e806c90d0><pox.lib.packet.lldp.unknown_tlv object at 0x7f3e806c9190><pox.lib.packet.lldp.unknown_tlv object at 0x7f3e806c91d0><tlv end> on interface eth2
Forwarding dataplane event
2015-11-13 14:46:16,334 - host:[IPAddr('123.123.3.2')] - INFO - Received packet [00:00:00:00:03:02>01:80:c2:00:00:0e:LLDP]|<chasis ID:00:00:00:00:00:03><port ID:00:02><ttl:120><pox.lib.packet.lldp.organizationally_specific object at 0x7f3e80700b90><pox.lib.packet.lldp.unknown_tlv object at 0x7f3e806ac450><pox.lib.packet.lldp.unknown_tlv object at 0x7f3e806ac850><tlv end> on interface eth3
Forwarding dataplane event
Controller log: 0 log lines, 6 STS events not matched.
Forwarding dataplane event
Controller log: 0 log lines, 6 STS events not matched.
Round 6 completed.
2015-11-13 14:46:16,340 - hb_logger - INFO - Controller instrumentation: net.floodlightcontroller.happensbefore.HappensBefore-MessageIn-[1:ARMACAAAAAM=]

2015-11-13 14:46:16,340 - hb_logger - INFO - Adding controller handle (357 -> *): mid_out:61.
Controller log: 0 log lines, 6 STS events not matched.
[c1] net.floodlightcontroller.happensbefore.HappensBefore-MessageIn-[1:ARMACAAAAAM=]

2015-11-13 14:46:16,341 - hb_logger - INFO - Controller instrumentation: net.floodlightcontroller.happensbefore.HappensBefore-MessageIn-[3:ARMACAAAAAM=]

2015-11-13 14:46:16,341 - hb_logger - INFO - Adding controller handle (358 -> *): mid_out:80.
Controller log: 0 log lines, 6 STS events not matched.
[c1] net.floodlightcontroller.happensbefore.HappensBefore-MessageIn-[3:ARMACAAAAAM=]

2015-11-13 14:46:16,341 - hb_logger - INFO - Controller instrumentation: net.floodlightcontroller.happensbefore.HappensBefore-MessageIn-[2:ARMACAAAAAM=]

2015-11-13 14:46:16,341 - hb_logger - INFO - Adding controller handle (359 -> *): mid_out:99.
Controller log: 0 log lines, 6 STS events not matched.
[c1] net.floodlightcontroller.happensbefore.HappensBefore-MessageIn-[2:ARMACAAAAAM=]

Controller log: 0 log lines, 6 STS events not matched.
Controller log: 0 log lines, 6 STS events not matched.
Controller log: 0 log lines, 6 STS events not matched.
Controller log: 0 log lines, 6 STS events not matched.
Controller log: 0 log lines, 6 STS events not matched.
Controller log: 0 log lines, 6 STS events not matched.
Controller log: 0 log lines, 6 STS events not matched.
Controller log: 0 log lines, 6 STS events not matched.
Controller log: 0 log lines, 6 STS events not matched.
Forwarding dataplane event
2015-11-13 14:46:16,449 - host:[IPAddr('123.123.2.2')] - INFO - Received packet [00:00:00:00:02:02>ff:ff:ff:ff:ff:ff:8942]|<55 bytes> on interface eth2
Forwarding dataplane event
2015-11-13 14:46:16,450 - host:[IPAddr('123.123.3.3')] - INFO - Received packet [00:00:00:00:03:03>ff:ff:ff:ff:ff:ff:8942]|<55 bytes> on interface eth3
Forwarding dataplane event
2015-11-13 14:46:16,450 - host:[IPAddr('123.123.3.2')] - INFO - Received packet [00:00:00:00:03:02>ff:ff:ff:ff:ff:ff:8942]|<55 bytes> on interface eth3
Forwarding dataplane event
Controller log: 0 log lines, 6 STS events not matched.
Forwarding dataplane event
Forwarding dataplane event
Controller log: 0 log lines, 6 STS events not matched.
Forwarding dataplane event
Controller log: 0 log lines, 6 STS events not matched.
Forwarding dataplane event
2015-11-13 14:46:16,454 - host:[IPAddr('123.123.2.3')] - INFO - Received packet [00:00:00:00:02:03>ff:ff:ff:ff:ff:ff:8942]|<55 bytes> on interface eth2
Forwarding dataplane event
Controller log: 0 log lines, 6 STS events not matched.
Round 7 completed.
2015-11-13 14:46:16,460 - hb_logger - INFO - Controller instrumentation: net.floodlightcontroller.happensbefore.HappensBefore-MessageIn-[3:AQoATwAAAAEAAAABAE8AAQAAAYDCAAAOAAAAAAECiMwCBwQAAAAAAAEEAwIAAgYCAHj+DAAm4QAAAAAAAAAAARgIDU+3PceW+fXmAQEAAA==]

2015-11-13 14:46:16,460 - hb_logger - INFO - Adding controller handle (502 -> *): mid_out:117.
Controller log: 0 log lines, 6 STS events not matched.
[c1] net.floodlightcontroller.happensbefore.HappensBefore-MessageIn-[3:AQoATwAAAAEAAAABAE8AAQAAAYDCAAAOAAAAAAECiMwCBwQAAAAAAAEEAwIAAgYCAHj+DAAm4QAAAAAAAAAAARgIDU+3PceW+fXmAQEAAA==]

2015-11-13 14:46:16,460 - hb_logger - INFO - Controller instrumentation: net.floodlightcontroller.happensbefore.HappensBefore-MessageIn-[1:AQoATwAAAAEAAAABAE8AAgAAAYDCAAAOAAAAAAMBiMwCBwQAAAAAAAMEAwIAAQYCAHj+DAAm4QAAAAAAAAAAAxgIDU+3PceW+fXmAQEAAA==]

2015-11-13 14:46:16,461 - hb_logger - INFO - Adding controller handle (503 -> *): mid_out:120.
Controller log: 0 log lines, 6 STS events not matched.
[c1] net.floodlightcontroller.happensbefore.HappensBefore-MessageIn-[1:AQoATwAAAAEAAAABAE8AAgAAAYDCAAAOAAAAAAMBiMwCBwQAAAAAAAMEAwIAAQYCAHj+DAAm4QAAAAAAAAAAAxgIDU+3PceW+fXmAQEAAA==]

2015-11-13 14:46:16,461 - hb_logger - INFO - Controller instrumentation: net.floodlightcontroller.happensbefore.HappensBefore-MessageIn-[2:AQoATwAAAAEAAAABAE8AAQAAAYDCAAAOAAAAAAEDiMwCBwQAAAAAAAEEAwIAAwYCAHj+DAAm4QAAAAAAAAAAARgIDU+3PceW+fXmAQEAAA==]

2015-11-13 14:46:16,461 - hb_logger - INFO - Adding controller handle (504 -> *): mid_out:123.
Controller log: 0 log lines, 6 STS events not matched.
[c1] net.floodlightcontroller.happensbefore.HappensBefore-MessageIn-[2:AQoATwAAAAEAAAABAE8AAQAAAYDCAAAOAAAAAAEDiMwCBwQAAAAAAAEEAwIAAwYCAHj+DAAm4QAAAAAAAAAAARgIDU+3PceW+fXmAQEAAA==]

[c1] 14:46:16.462 INFO [n.f.l.i.LinkDiscoveryManager:New I/O server worker #2-1] Inter-switch link detected: Link [src=00:00:00:00:00:00:00:03 outPort=1, dst=00:00:00:00:00:00:00:01, inPort=2]

[c1] 14:46:16.462 WARN [n.f.l.i.L.s.notification:New I/O server worker #2-1] Link added: Link [src=00:00:00:00:00:00:00:03 outPort=1, dst=00:00:00:00:00:00:00:01, inPort=2]

[c1] 14:46:16.463 INFO [n.f.l.i.LinkDiscoveryManager:New I/O server worker #2-2] Inter-switch link detected: Link [src=00:00:00:00:00:00:00:01 outPort=3, dst=00:00:00:00:00:00:00:02, inPort=1]

[c1] 14:46:16.463 WARN [n.f.l.i.L.s.notification:New I/O server worker #2-2] Link added: Link [src=00:00:00:00:00:00:00:01 outPort=3, dst=00:00:00:00:00:00:00:02, inPort=1]

2015-11-13 14:46:16,463 - hb_logger - INFO - Controller instrumentation: net.floodlightcontroller.happensbefore.HappensBefore-MessageOut-[1:AQoATwAAAAEAAAABAE8AAgAAAYDCAAAOAAAAAAMBiMwCBwQAAAAAAAMEAwIAAQYCAHj+DAAm4QAAAAAAAAAAAxgIDU+3PceW+fXmAQEAAA==:1:AQ0AVQAAAAD///////8ACAAAAAgAAgAAAYDCAAAOAAAAAAECiMwCBwQAAAAAAAEEAwIAAgYCAHj+DAAm4QAAAAAAAAAAARgIDU+3PceW+fXmAQIAAA==]

2015-11-13 14:46:16,465 - hb_logger - INFO - Adding controller send with edge (503 -> 506): mid_out:120 -> mid_in:67.
Controller log: 0 log lines, 6 STS events not matched.
[c1] net.floodlightcontroller.happensbefore.HappensBefore-MessageOut-[1:AQoATwAAAAEAAAABAE8AAgAAAYDCAAAOAAAAAAMBiMwCBwQAAAAAAAMEAwIAAQYCAHj+DAAm4QAAAAAAAAAAAxgIDU+3PceW+fXmAQEAAA==:1:AQ0AVQAAAAD///////8ACAAAAAgAAgAAAYDCAAAOAAAAAAECiMwCBwQAAAAAAAEEAwIAAgYCAHj+DAAm4QAAAAAAAAAAARgIDU+3PceW+fXmAQIAAA==]

[c1] 14:46:16.463 INFO [n.f.l.i.LinkDiscoveryManager:New I/O server worker #2-3] Inter-switch link detected: Link [src=00:00:00:00:00:00:00:01 outPort=2, dst=00:00:00:00:00:00:00:03, inPort=1]

2015-11-13 14:46:16,466 - hb_logger - INFO - Controller instrumentation: net.floodlightcontroller.happensbefore.HappensBefore-MessageOut-[2:AQoATwAAAAEAAAABAE8AAQAAAYDCAAAOAAAAAAEDiMwCBwQAAAAAAAEEAwIAAwYCAHj+DAAm4QAAAAAAAAAAARgIDU+3PceW+fXmAQEAAA==:2:AQ0AVQAAAAD///////8ACAAAAAgAAQAAAYDCAAAOAAAAAAIBiMwCBwQAAAAAAAIEAwIAAQYCAHj+DAAm4QAAAAAAAAAAAhgIDU+3PceW+fXmAQIAAA==]

2015-11-13 14:46:16,467 - hb_logger - INFO - Adding controller send with edge (504 -> 508): mid_out:123 -> mid_in:100.
Controller log: 0 log lines, 6 STS events not matched.
[c1] net.floodlightcontroller.happensbefore.HappensBefore-MessageOut-[2:AQoATwAAAAEAAAABAE8AAQAAAYDCAAAOAAAAAAEDiMwCBwQAAAAAAAEEAwIAAwYCAHj+DAAm4QAAAAAAAAAAARgIDU+3PceW+fXmAQEAAA==:2:AQ0AVQAAAAD///////8ACAAAAAgAAQAAAYDCAAAOAAAAAAIBiMwCBwQAAAAAAAIEAwIAAQYCAHj+DAAm4QAAAAAAAAAAAhgIDU+3PceW+fXmAQIAAA==]

[c1] 14:46:16.463 WARN [n.f.l.i.L.s.notification:New I/O server worker #2-3] Link added: Link [src=00:00:00:00:00:00:00:01 outPort=2, dst=00:00:00:00:00:00:00:03, inPort=1]

2015-11-13 14:46:16,467 - hb_logger - INFO - Controller instrumentation: net.floodlightcontroller.happensbefore.HappensBefore-MessageIn-[1:AQoATwAAAAIAAAACAE8AAwAAAYDCAAAOAAAAAAIBiMwCBwQAAAAAAAIEAwIAAQYCAHj+DAAm4QAAAAAAAAAAAhgIDU+3PceW+fXmAQEAAA==]

2015-11-13 14:46:16,467 - hb_logger - INFO - Adding controller handle (509 -> *): mid_out:126.
Controller log: 0 log lines, 6 STS events not matched.
[c1] net.floodlightcontroller.happensbefore.HappensBefore-MessageIn-[1:AQoATwAAAAIAAAACAE8AAwAAAYDCAAAOAAAAAAIBiMwCBwQAAAAAAAIEAwIAAQYCAHj+DAAm4QAAAAAAAAAAAhgIDU+3PceW+fXmAQEAAA==]

[c1] 14:46:16.464 INFO [n.f.l.i.LinkDiscoveryManager:New I/O server worker #2-1] Inter-switch link detected: Link [src=00:00:00:00:00:00:00:02 outPort=1, dst=00:00:00:00:00:00:00:01, inPort=3]

[c1] 14:46:16.464 WARN [n.f.l.i.L.s.notification:New I/O server worker #2-1] Link added: Link [src=00:00:00:00:00:00:00:02 outPort=1, dst=00:00:00:00:00:00:00:01, inPort=3]

Controller log: 0 log lines, 6 STS events not matched.
Controller log: 0 log lines, 6 STS events not matched.
Forwarding dataplane event
Controller log: 0 log lines, 6 STS events not matched.
Forwarding dataplane event
Controller log: 0 log lines, 6 STS events not matched.
Round 8 completed.
2015-11-13 14:46:16,565 - hb_logger - INFO - Controller instrumentation: net.floodlightcontroller.happensbefore.HappensBefore-MessageIn-[2:AQoAVwAAAAIAAAACAFcAAQAA////////AAAAAAEDiUIgAAYEAAIAAAIHBAAAAAAAAQQDAgADBgIAeP4MACbhAAAAAAAAAAABGAgNT7c9x5b59eYBAQAA]

2015-11-13 14:46:16,566 - hb_logger - INFO - Adding controller handle (552 -> *): mid_out:186.
Controller log: 0 log lines, 6 STS events not matched.
[c1] net.floodlightcontroller.happensbefore.HappensBefore-MessageIn-[2:AQoAVwAAAAIAAAACAFcAAQAA////////AAAAAAEDiUIgAAYEAAIAAAIHBAAAAAAAAQQDAgADBgIAeP4MACbhAAAAAAAAAAABGAgNT7c9x5b59eYBAQAA]

2015-11-13 14:46:16,566 - hb_logger - INFO - Controller instrumentation: net.floodlightcontroller.happensbefore.HappensBefore-MessageIn-[3:AQoAVwAAAAIAAAACAFcAAQAA////////AAAAAAECiUIgAAYEAAIAAAIHBAAAAAAAAQQDAgACBgIAeP4MACbhAAAAAAAAAAABGAgNT7c9x5b59eYBAQAA]

2015-11-13 14:46:16,566 - hb_logger - INFO - Adding controller handle (553 -> *): mid_out:183.
Controller log: 0 log lines, 6 STS events not matched.
[c1] net.floodlightcontroller.happensbefore.HappensBefore-MessageIn-[3:AQoAVwAAAAIAAAACAFcAAQAA////////AAAAAAECiUIgAAYEAAIAAAIHBAAAAAAAAQQDAgACBgIAeP4MACbhAAAAAAAAAAABGAgNT7c9x5b59eYBAQAA]

2015-11-13 14:46:16,567 - hb_logger - INFO - Controller instrumentation: net.floodlightcontroller.happensbefore.HappensBefore-MessageIn-[1:AQoAVwAAAAMAAAADAFcAAwAA////////AAAAAAIBiUIgAAYEAAIAAAIHBAAAAAAAAgQDAgABBgIAeP4MACbhAAAAAAAAAAACGAgNT7c9x5b59eYBAQAA]

2015-11-13 14:46:16,567 - hb_logger - INFO - Adding controller handle (554 -> *): mid_out:177.
Controller log: 0 log lines, 6 STS events not matched.
[c1] net.floodlightcontroller.happensbefore.HappensBefore-MessageIn-[1:AQoAVwAAAAMAAAADAFcAAwAA////////AAAAAAIBiUIgAAYEAAIAAAIHBAAAAAAAAgQDAgABBgIAeP4MACbhAAAAAAAAAAACGAgNT7c9x5b59eYBAQAA]

2015-11-13 14:46:16,567 - hb_logger - INFO - Controller instrumentation: net.floodlightcontroller.happensbefore.HappensBefore-MessageIn-[1:AQoAVwAAAAQAAAAEAFcAAgAA////////AAAAAAMBiUIgAAYEAAIAAAIHBAAAAAAAAwQDAgABBgIAeP4MACbhAAAAAAAAAAADGAgNT7c9x5b59eYBAQAA]

2015-11-13 14:46:16,568 - hb_logger - INFO - Adding controller handle (555 -> *): mid_out:180.
Controller log: 0 log lines, 6 STS events not matched.
[c1] net.floodlightcontroller.happensbefore.HappensBefore-MessageIn-[1:AQoAVwAAAAQAAAAEAFcAAgAA////////AAAAAAMBiUIgAAYEAAIAAAIHBAAAAAAAAwQDAgABBgIAeP4MACbhAAAAAAAAAAADGAgNT7c9x5b59eYBAQAA]

Round 9 completed.
2015-11-13 14:46:16,666 - hb_logger - INFO - Controller instrumentation: net.floodlightcontroller.happensbefore.HappensBefore-MessageIn-[1:AQoATwAAAAUAAAAFAE8AAwAAAYDCAAAOAAAAAAIBiMwCBwQAAAAAAAIEAwIAAQYCAHj+DAAm4QAAAAAAAAAAAhgIDU+3PceW+fXmAQIAAA==]

2015-11-13 14:46:16,667 - hb_logger - INFO - Adding controller handle (558 -> *): mid_out:206.
Controller log: 0 log lines, 6 STS events not matched.
[c1] net.floodlightcontroller.happensbefore.HappensBefore-MessageIn-[1:AQoATwAAAAUAAAAFAE8AAwAAAYDCAAAOAAAAAAIBiMwCBwQAAAAAAAIEAwIAAQYCAHj+DAAm4QAAAAAAAAAAAhgIDU+3PceW+fXmAQIAAA==]

2015-11-13 14:46:16,667 - hb_logger - INFO - Controller instrumentation: net.floodlightcontroller.happensbefore.HappensBefore-MessageIn-[3:AQoATwAAAAMAAAADAE8AAQAAAYDCAAAOAAAAAAECiMwCBwQAAAAAAAEEAwIAAgYCAHj+DAAm4QAAAAAAAAAAARgIDU+3PceW+fXmAQIAAA==]

2015-11-13 14:46:16,667 - hb_logger - INFO - Adding controller handle (559 -> *): mid_out:203.
Controller log: 0 log lines, 6 STS events not matched.
[c1] net.floodlightcontroller.happensbefore.HappensBefore-MessageIn-[3:AQoATwAAAAMAAAADAE8AAQAAAYDCAAAOAAAAAAECiMwCBwQAAAAAAAEEAwIAAgYCAHj+DAAm4QAAAAAAAAAAARgIDU+3PceW+fXmAQIAAA==]

Round 10 completed.
Round 11 completed.
Round 12 completed.
Round 13 completed.
Round 14 completed.
Round 15 completed.
Round 16 completed.
Round 17 completed.
Round 18 completed.
Round 19 completed.
Round 20 completed.
Round 21 completed.
Round 22 completed.
Round 23 completed.
Round 24 completed.
Round 25 completed.
Round 26 completed.
Round 27 completed.
Round 28 completed.
Round 29 completed.
No correctness violations!
Round 30 completed.
Round 31 completed.
Round 32 completed.
Round 33 completed.
Round 34 completed.
Round 35 completed.
Injecting a random packet
2015-11-13 14:46:19,379 - host:[IPAddr('123.123.3.3')] - INFO - sending packet on interface eth3: [12:34:56:78:03:03>12:34:56:78:03:02:IP]|([v:4hl:5l:28t:64]ICMP cs:9440[123.123.3.3>123.123.3.2]){t:ECHO_REQUEST c:0 chk:6171}{id:38542 seq:0}
Round 36 completed.
Forwarding dataplane event
Controller log: 0 log lines, 6 STS events not matched.
Injecting a random packet
2015-11-13 14:46:19,483 - host:[IPAddr('123.123.3.2')] - INFO - sending packet on interface eth3: [12:34:56:78:03:02>12:34:56:78:03:03:IP]|([v:4hl:5l:28t:64]ICMP cs:943a[123.123.3.2>123.123.3.3]){t:ECHO_REQUEST c:0 chk:23fa}{id:54276 seq:1}
Round 37 completed.
2015-11-13 14:46:19,485 - hb_logger - INFO - Controller instrumentation: net.floodlightcontroller.happensbefore.HappensBefore-MessageIn-[3:AQoAPAAAAAQAAAAEADwAAwAAEjRWeAMCEjRWeAMDCABFAAAc6aUAAEABlEB7ewMDe3sDAggAYXGWjgAA]

2015-11-13 14:46:19,485 - hb_logger - INFO - Adding controller handle (574 -> *): mid_out:217.
Controller log: 0 log lines, 6 STS events not matched.
[c1] net.floodlightcontroller.happensbefore.HappensBefore-MessageIn-[3:AQoAPAAAAAQAAAAEADwAAwAAEjRWeAMCEjRWeAMDCABFAAAc6aUAAEABlEB7ewMDe3sDAggAYXGWjgAA]

2015-11-13 14:46:19,495 - hb_logger - INFO - Controller instrumentation: net.floodlightcontroller.happensbefore.HappensBefore-MessageOut-[3:AQoAPAAAAAQAAAAEADwAAwAAEjRWeAMCEjRWeAMDCABFAAAc6aUAAEABlEB7ewMDe3sDAggAYXGWjgAA:3:AQ0AQgAAAAD/////AAMACAAAAAj/+///EjRWeAMCEjRWeAMDCABFAAAc6aUAAEABlEB7ewMDe3sDAggAYXGWjgAA]

Controller log: 1 log lines, 6 STS events not matched.
[c1] net.floodlightcontroller.happensbefore.HappensBefore-MessageOut-[3:AQoAPAAAAAQAAAAEADwAAwAAEjRWeAMCEjRWeAMDCABFAAAc6aUAAEABlEB7ewMDe3sDAggAYXGWjgAA:3:AQ0AQgAAAAD/////AAMACAAAAAj/+///EjRWeAMCEjRWeAMDCABFAAAc6aUAAEABlEB7ewMDe3sDAggAYXGWjgAA]

Forwarding dataplane event
Controller log: 1 log lines, 6 STS events not matched.
2015-11-13 14:46:19,587 - hb_logger - INFO - Adding controller send with edge (574 -> 588): mid_out:217 -> mid_in:224.
Controller log: 0 log lines, 6 STS events not matched.
Round 38 completed.
2015-11-13 14:46:19,590 - hb_logger - INFO - Controller instrumentation: net.floodlightcontroller.happensbefore.HappensBefore-MessageIn-[3:AQoAPAAAAAUAAAAFADwAAgAAEjRWeAMDEjRWeAMCCABFAAAc6asAAEABlDp7ewMCe3sDAwgAI/rUBAAB]

2015-11-13 14:46:19,591 - hb_logger - INFO - Adding controller handle (599 -> *): mid_out:223.
Controller log: 0 log lines, 6 STS events not matched.
[c1] net.floodlightcontroller.happensbefore.HappensBefore-MessageIn-[3:AQoAPAAAAAUAAAAFADwAAgAAEjRWeAMDEjRWeAMCCABFAAAc6asAAEABlDp7ewMCe3sDAwgAI/rUBAAB]

2015-11-13 14:46:19,592 - hb_logger - INFO - Controller instrumentation: net.floodlightcontroller.happensbefore.HappensBefore-MessageOut-[3:AQoAPAAAAAUAAAAFADwAAgAAEjRWeAMDEjRWeAMCCABFAAAc6asAAEABlDp7ewMCe3sDAwgAI/rUBAAB:3:AQ4AUAAAAAAAP//CAAISNFZ4AwISNFZ4AwP//wAACAAAAQAAe3sDAnt7AwMACAAAACAAAAAAAAAAAAAFAAAAAP///////wAAAAAACAAD//8=]

Controller log: 1 log lines, 6 STS events not matched.
[c1] net.floodlightcontroller.happensbefore.HappensBefore-MessageOut-[3:AQoAPAAAAAUAAAAFADwAAgAAEjRWeAMDEjRWeAMCCABFAAAc6asAAEABlDp7ewMCe3sDAwgAI/rUBAAB:3:AQ4AUAAAAAAAP//CAAISNFZ4AwISNFZ4AwP//wAACAAAAQAAe3sDAnt7AwMACAAAACAAAAAAAAAAAAAFAAAAAP///////wAAAAAACAAD//8=]

2015-11-13 14:46:19,595 - hb_logger - INFO - Controller instrumentation: net.floodlightcontroller.happensbefore.HappensBefore-MessageOut-[3:AQoAPAAAAAUAAAAFADwAAgAAEjRWeAMDEjRWeAMCCABFAAAc6asAAEABlDp7ewMCe3sDAwgAI/rUBAAB:3:AQ0AQgAAAAD/////AAIACAAAAAgAA///EjRWeAMDEjRWeAMCCABFAAAc6asAAEABlDp7ewMCe3sDAwgAI/rUBAAB]

Controller log: 2 log lines, 6 STS events not matched.
[c1] net.floodlightcontroller.happensbefore.HappensBefore-MessageOut-[3:AQoAPAAAAAUAAAAFADwAAgAAEjRWeAMDEjRWeAMCCABFAAAc6asAAEABlDp7ewMCe3sDAwgAI/rUBAAB:3:AQ0AQgAAAAD/////AAIACAAAAAgAA///EjRWeAMDEjRWeAMCCABFAAAc6asAAEABlDp7ewMCe3sDAwgAI/rUBAAB]

Forwarding dataplane event
2015-11-13 14:46:19,690 - host:[IPAddr('123.123.3.2')] - INFO - Received packet [12:34:56:78:03:03>12:34:56:78:03:02:IP]|([v:4hl:5l:28t:64]ICMP cs:9440[123.123.3.3>123.123.3.2]){t:ECHO_REQUEST c:0 chk:6171}{id:38542 seq:0} on interface eth3
2015-11-13 14:46:19,690 - host:[IPAddr('123.123.3.2')] - INFO - Received ECHO_REQUEST, Generating ping echo reply.
2015-11-13 14:46:19,691 - host:[IPAddr('123.123.3.2')] - INFO - sending packet on interface eth3: [12:34:56:78:03:02>12:34:56:78:03:03:IP]|([v:4hl:5l:20t:64]ICMP cs:0[123.123.3.2>123.123.3.3]){t:ECHO_REPLY c:0 chk:0}{id:38542 seq:0}
Forwarding dataplane event
Controller log: 2 log lines, 6 STS events not matched.
2015-11-13 14:46:19,697 - hb_logger - INFO - Adding controller send with edge (599 -> 619): mid_out:223 -> mid_in:237.
Controller log: 1 log lines, 6 STS events not matched.
2015-11-13 14:46:19,699 - hb_logger - INFO - Adding controller send with edge (599 -> 625): mid_out:223 -> mid_in:238.
Controller log: 0 log lines, 6 STS events not matched.
Round 39 completed.
2015-11-13 14:46:19,701 - hb_logger - INFO - Controller instrumentation: net.floodlightcontroller.happensbefore.HappensBefore-MessageIn-[1:AQoAPAAAAAYAAAAGADwAAgAAEjRWeAMCEjRWeAMDCABFAAAc6aUAAEABlEB7ewMDe3sDAggAYXGWjgAA]

2015-11-13 14:46:19,702 - hb_logger - INFO - Adding controller handle (634 -> *): mid_out:236.
Controller log: 0 log lines, 6 STS events not matched.
[c1] net.floodlightcontroller.happensbefore.HappensBefore-MessageIn-[1:AQoAPAAAAAYAAAAGADwAAgAAEjRWeAMCEjRWeAMDCABFAAAc6aUAAEABlEB7ewMDe3sDAggAYXGWjgAA]

2015-11-13 14:46:19,702 - hb_logger - INFO - Controller instrumentation: net.floodlightcontroller.happensbefore.HappensBefore-MessageOut-[1:AQoAPAAAAAYAAAAGADwAAgAAEjRWeAMCEjRWeAMDCABFAAAc6aUAAEABlEB7ewMDe3sDAggAYXGWjgAA:3:AQ4AUAAAAAAAP//CAAMSNFZ4AwMSNFZ4AwL//wAACAAAAQAAe3sDA3t7AwIACAAAACAAAAAAAAAAAAAFAAAAAP///////wAAAAAACAAC//8=]

Controller log: 1 log lines, 6 STS events not matched.
[c1] net.floodlightcontroller.happensbefore.HappensBefore-MessageOut-[1:AQoAPAAAAAYAAAAGADwAAgAAEjRWeAMCEjRWeAMDCABFAAAc6aUAAEABlEB7ewMDe3sDAggAYXGWjgAA:3:AQ4AUAAAAAAAP//CAAMSNFZ4AwMSNFZ4AwL//wAACAAAAQAAe3sDA3t7AwIACAAAACAAAAAAAAAAAAAFAAAAAP///////wAAAAAACAAC//8=]

Forwarding dataplane event
2015-11-13 14:46:19,802 - host:[IPAddr('123.123.3.3')] - INFO - Received packet [12:34:56:78:03:02>12:34:56:78:03:03:IP]|([v:4hl:5l:28t:64]ICMP cs:943a[123.123.3.2>123.123.3.3]){t:ECHO_REQUEST c:0 chk:23fa}{id:54276 seq:1} on interface eth3
2015-11-13 14:46:19,802 - host:[IPAddr('123.123.3.3')] - INFO - Received ECHO_REQUEST, Generating ping echo reply.
2015-11-13 14:46:19,802 - host:[IPAddr('123.123.3.3')] - INFO - sending packet on interface eth3: [12:34:56:78:03:03>12:34:56:78:03:02:IP]|([v:4hl:5l:20t:64]ICMP cs:0[123.123.3.3>123.123.3.2]){t:ECHO_REPLY c:0 chk:0}{id:54276 seq:1}
Forwarding dataplane event
2015-11-13 14:46:19,807 - hb_logger - INFO - Adding controller send with edge (634 -> 654): mid_out:236 -> mid_in:249.
Controller log: 0 log lines, 6 STS events not matched.
No correctness violations!
Round 40 completed.
Forwarding dataplane event
2015-11-13 14:46:19,910 - host:[IPAddr('123.123.3.3')] - INFO - Received packet [12:34:56:78:03:02>12:34:56:78:03:03:IP]|([v:4hl:5l:28t:64]ICMP cs:942f[123.123.3.2>123.123.3.3]){t:ECHO_REPLY c:0 chk:6971}{id:38542 seq:0} on interface eth3
2015-11-13 14:46:19,910 - host:[IPAddr('123.123.3.3')] - INFO - Received ECHO_REPLY, not responding.
Forwarding dataplane event
Round 41 completed.
Forwarding dataplane event
2015-11-13 14:46:20,015 - host:[IPAddr('123.123.3.2')] - INFO - Received packet [12:34:56:78:03:03>12:34:56:78:03:02:IP]|([v:4hl:5l:28t:64]ICMP cs:9426[123.123.3.3>123.123.3.2]){t:ECHO_REPLY c:0 chk:2bfa}{id:54276 seq:1} on interface eth3
2015-11-13 14:46:20,015 - host:[IPAddr('123.123.3.2')] - INFO - Received ECHO_REPLY, not responding.
Round 42 completed.
Round 43 completed.
Round 44 completed.
Injecting a random packet
2015-11-13 14:46:20,319 - host:[IPAddr('123.123.3.3')] - INFO - sending packet on interface eth3: [12:34:56:78:03:03>12:34:56:78:03:02:IP]|([v:4hl:5l:28t:64]ICMP cs:941b[123.123.3.3>123.123.3.2]){t:ECHO_REQUEST c:0 chk:839d}{id:29792 seq:2}
Injecting a random packet
2015-11-13 14:46:20,320 - host:[IPAddr('123.123.3.2')] - INFO - sending packet on interface eth3: [12:34:56:78:03:02>12:34:56:78:03:03:IP]|([v:4hl:5l:28t:64]ICMP cs:9419[123.123.3.2>123.123.3.3]){t:ECHO_REQUEST c:0 chk:b39d}{id:17503 seq:3}
Round 45 completed.
Forwarding dataplane event
Forwarding dataplane event
Injecting a random packet
2015-11-13 14:46:20,428 - host:[IPAddr('123.123.2.3')] - INFO - sending packet on interface eth2: [12:34:56:78:02:03>12:34:56:78:02:02:IP]|([v:4hl:5l:28t:64]ICMP cs:9611[123.123.2.3>123.123.2.2]){t:ECHO_REQUEST c:0 chk:78c6}{id:32565 seq:4}
Round 46 completed.
Forwarding dataplane event
2015-11-13 14:46:20,529 - host:[IPAddr('123.123.3.2')] - INFO - Received packet [12:34:56:78:03:03>12:34:56:78:03:02:IP]|([v:4hl:5l:28t:64]ICMP cs:941b[123.123.3.3>123.123.3.2]){t:ECHO_REQUEST c:0 chk:839d}{id:29792 seq:2} on interface eth3
2015-11-13 14:46:20,529 - host:[IPAddr('123.123.3.2')] - INFO - Received ECHO_REQUEST, Generating ping echo reply.
2015-11-13 14:46:20,529 - host:[IPAddr('123.123.3.2')] - INFO - sending packet on interface eth3: [12:34:56:78:03:02>12:34:56:78:03:03:IP]|([v:4hl:5l:20t:64]ICMP cs:0[123.123.3.2>123.123.3.3]){t:ECHO_REPLY c:0 chk:0}{id:29792 seq:2}
Forwarding dataplane event
2015-11-13 14:46:20,530 - host:[IPAddr('123.123.3.3')] - INFO - Received packet [12:34:56:78:03:02>12:34:56:78:03:03:IP]|([v:4hl:5l:28t:64]ICMP cs:9419[123.123.3.2>123.123.3.3]){t:ECHO_REQUEST c:0 chk:b39d}{id:17503 seq:3} on interface eth3
2015-11-13 14:46:20,530 - host:[IPAddr('123.123.3.3')] - INFO - Received ECHO_REQUEST, Generating ping echo reply.
2015-11-13 14:46:20,530 - host:[IPAddr('123.123.3.3')] - INFO - sending packet on interface eth3: [12:34:56:78:03:03>12:34:56:78:03:02:IP]|([v:4hl:5l:20t:64]ICMP cs:0[123.123.3.3>123.123.3.2]){t:ECHO_REPLY c:0 chk:0}{id:17503 seq:3}
Forwarding dataplane event
Controller log: 0 log lines, 6 STS events not matched.
Round 47 completed.
2015-11-13 14:46:20,534 - hb_logger - INFO - Controller instrumentation: net.floodlightcontroller.happensbefore.HappensBefore-MessageIn-[2:AQoAPAAAAAMAAAADADwAAwAAEjRWeAICEjRWeAIDCABFAAAc6dQAAEABlhF7ewIDe3sCAggAeMZ/NQAE]

2015-11-13 14:46:20,535 - hb_logger - INFO - Adding controller handle (719 -> *): mid_out:271.
Controller log: 0 log lines, 6 STS events not matched.
[c1] net.floodlightcontroller.happensbefore.HappensBefore-MessageIn-[2:AQoAPAAAAAMAAAADADwAAwAAEjRWeAICEjRWeAIDCABFAAAc6dQAAEABlhF7ewIDe3sCAggAeMZ/NQAE]

2015-11-13 14:46:20,536 - hb_logger - INFO - Controller instrumentation: net.floodlightcontroller.happensbefore.HappensBefore-MessageOut-[2:AQoAPAAAAAMAAAADADwAAwAAEjRWeAICEjRWeAIDCABFAAAc6dQAAEABlhF7ewIDe3sCAggAeMZ/NQAE:2:AQ0AQgAAAAD/////AAMACAAAAAj/+///EjRWeAICEjRWeAIDCABFAAAc6dQAAEABlhF7ewIDe3sCAggAeMZ/NQAE]

Controller log: 1 log lines, 6 STS events not matched.
[c1] net.floodlightcontroller.happensbefore.HappensBefore-MessageOut-[2:AQoAPAAAAAMAAAADADwAAwAAEjRWeAICEjRWeAIDCABFAAAc6dQAAEABlhF7ewIDe3sCAggAeMZ/NQAE:2:AQ0AQgAAAAD/////AAMACAAAAAj/+///EjRWeAICEjRWeAIDCABFAAAc6dQAAEABlhF7ewIDe3sCAggAeMZ/NQAE]

Forwarding dataplane event
Forwarding dataplane event
2015-11-13 14:46:20,642 - hb_logger - INFO - Adding controller send with edge (719 -> 744): mid_out:271 -> mid_in:279.
Controller log: 0 log lines, 6 STS events not matched.
Round 48 completed.
Forwarding dataplane event
2015-11-13 14:46:20,744 - host:[IPAddr('123.123.3.2')] - INFO - Received packet [12:34:56:78:03:03>12:34:56:78:03:02:IP]|([v:4hl:5l:28t:64]ICMP cs:940c[123.123.3.3>123.123.3.2]){t:ECHO_REPLY c:0 chk:bb9d}{id:17503 seq:3} on interface eth3
2015-11-13 14:46:20,744 - host:[IPAddr('123.123.3.2')] - INFO - Received ECHO_REPLY, not responding.
Forwarding dataplane event
2015-11-13 14:46:20,745 - host:[IPAddr('123.123.2.2')] - INFO - Received packet [12:34:56:78:02:03>12:34:56:78:02:02:IP]|([v:4hl:5l:28t:64]ICMP cs:9611[123.123.2.3>123.123.2.2]){t:ECHO_REQUEST c:0 chk:78c6}{id:32565 seq:4} on interface eth2
2015-11-13 14:46:20,745 - host:[IPAddr('123.123.2.2')] - INFO - Received ECHO_REQUEST, Generating ping echo reply.
2015-11-13 14:46:20,745 - host:[IPAddr('123.123.2.2')] - INFO - sending packet on interface eth2: [12:34:56:78:02:02>12:34:56:78:02:03:IP]|([v:4hl:5l:20t:64]ICMP cs:0[123.123.2.2>123.123.2.3]){t:ECHO_REPLY c:0 chk:0}{id:32565 seq:4}
Forwarding dataplane event
2015-11-13 14:46:20,746 - host:[IPAddr('123.123.3.3')] - INFO - Received packet [12:34:56:78:03:02>12:34:56:78:03:03:IP]|([v:4hl:5l:28t:64]ICMP cs:940f[123.123.3.2>123.123.3.3]){t:ECHO_REPLY c:0 chk:8b9d}{id:29792 seq:2} on interface eth3
2015-11-13 14:46:20,746 - host:[IPAddr('123.123.3.3')] - INFO - Received ECHO_REPLY, not responding.
Forwarding dataplane event
Controller log: 0 log lines, 6 STS events not matched.
Round 49 completed.
2015-11-13 14:46:20,750 - hb_logger - INFO - Controller instrumentation: net.floodlightcontroller.happensbefore.HappensBefore-MessageIn-[1:AQoAPAAAAAcAAAAHADwAAwAAEjRWeAICEjRWeAIDCABFAAAc6dQAAEABlhF7ewIDe3sCAggAeMZ/NQAE]

2015-11-13 14:46:20,751 - hb_logger - INFO - Adding controller handle (775 -> *): mid_out:290.
Controller log: 0 log lines, 6 STS events not matched.
[c1] net.floodlightcontroller.happensbefore.HappensBefore-MessageIn-[1:AQoAPAAAAAcAAAAHADwAAwAAEjRWeAICEjRWeAIDCABFAAAc6dQAAEABlhF7ewIDe3sCAggAeMZ/NQAE]

2015-11-13 14:46:20,751 - hb_logger - INFO - Controller instrumentation: net.floodlightcontroller.happensbefore.HappensBefore-MessageOut-[1:AQoAPAAAAAcAAAAHADwAAwAAEjRWeAICEjRWeAIDCABFAAAc6dQAAEABlhF7ewIDe3sCAggAeMZ/NQAE:1:AQ0AQgAAAAD/////AAMACAAAAAj/+///EjRWeAICEjRWeAIDCABFAAAc6dQAAEABlhF7ewIDe3sCAggAeMZ/NQAE]

Controller log: 1 log lines, 6 STS events not matched.
[c1] net.floodlightcontroller.happensbefore.HappensBefore-MessageOut-[1:AQoAPAAAAAcAAAAHADwAAwAAEjRWeAICEjRWeAIDCABFAAAc6dQAAEABlhF7ewIDe3sCAggAeMZ/NQAE:1:AQ0AQgAAAAD/////AAMACAAAAAj/+///EjRWeAICEjRWeAIDCABFAAAc6dQAAEABlhF7ewIDe3sCAggAeMZ/NQAE]

Forwarding dataplane event
Controller log: 1 log lines, 6 STS events not matched.
2015-11-13 14:46:20,853 - hb_logger - INFO - Adding controller send with edge (775 -> 789): mid_out:290 -> mid_in:295.
Controller log: 0 log lines, 6 STS events not matched.
No correctness violations!
Round 50 completed.
2015-11-13 14:46:20,856 - hb_logger - INFO - Controller instrumentation: net.floodlightcontroller.happensbefore.HappensBefore-MessageIn-[2:AQoAPAAAAAQAAAAEADwAAgAAEjRWeAIDEjRWeAICCABFAAAc6esAAEABlfp7ewICe3sCAwAAgMZ/NQAE]

2015-11-13 14:46:20,857 - hb_logger - INFO - Adding controller handle (800 -> *): mid_out:294.
Controller log: 0 log lines, 6 STS events not matched.
[c1] net.floodlightcontroller.happensbefore.HappensBefore-MessageIn-[2:AQoAPAAAAAQAAAAEADwAAgAAEjRWeAIDEjRWeAICCABFAAAc6esAAEABlfp7ewICe3sCAwAAgMZ/NQAE]

2015-11-13 14:46:20,857 - hb_logger - INFO - Controller instrumentation: net.floodlightcontroller.happensbefore.HappensBefore-MessageOut-[2:AQoAPAAAAAQAAAAEADwAAgAAEjRWeAIDEjRWeAICCABFAAAc6esAAEABlfp7ewICe3sCAwAAgMZ/NQAE:2:AQ4AUAAAAAAAP//CAAISNFZ4AgISNFZ4AgP//wAACAAAAQAAe3sCAnt7AgMAAAAAACAAAAAAAAAAAAAFAAAAAP///////wAAAAAACAAD//8=]

Controller log: 1 log lines, 6 STS events not matched.
[c1] net.floodlightcontroller.happensbefore.HappensBefore-MessageOut-[2:AQoAPAAAAAQAAAAEADwAAgAAEjRWeAIDEjRWeAICCABFAAAc6esAAEABlfp7ewICe3sCAwAAgMZ/NQAE:2:AQ4AUAAAAAAAP//CAAISNFZ4AgISNFZ4AgP//wAACAAAAQAAe3sCAnt7AgMAAAAAACAAAAAAAAAAAAAFAAAAAP///////wAAAAAACAAD//8=]

2015-11-13 14:46:20,861 - hb_logger - INFO - Controller instrumentation: net.floodlightcontroller.happensbefore.HappensBefore-MessageOut-[2:AQoAPAAAAAQAAAAEADwAAgAAEjRWeAIDEjRWeAICCABFAAAc6esAAEABlfp7ewICe3sCAwAAgMZ/NQAE:2:AQ0AQgAAAAD/////AAIACAAAAAgAA///EjRWeAIDEjRWeAICCABFAAAc6esAAEABlfp7ewICe3sCAwAAgMZ/NQAE]

Controller log: 2 log lines, 6 STS events not matched.
[c1] net.floodlightcontroller.happensbefore.HappensBefore-MessageOut-[2:AQoAPAAAAAQAAAAEADwAAgAAEjRWeAIDEjRWeAICCABFAAAc6esAAEABlfp7ewICe3sCAwAAgMZ/NQAE:2:AQ0AQgAAAAD/////AAIACAAAAAgAA///EjRWeAIDEjRWeAICCABFAAAc6esAAEABlfp7ewICe3sCAwAAgMZ/NQAE]

Dropping dataplane event
Forwarding dataplane event
Controller log: 2 log lines, 6 STS events not matched.
2015-11-13 14:46:20,962 - hb_logger - INFO - Adding controller send with edge (800 -> 815): mid_out:294 -> mid_in:306.
Controller log: 1 log lines, 6 STS events not matched.
2015-11-13 14:46:20,965 - hb_logger - INFO - Adding controller send with edge (800 -> 821): mid_out:294 -> mid_in:307.
Controller log: 0 log lines, 6 STS events not matched.
Round 51 completed.
2015-11-13 14:46:20,967 - hb_logger - INFO - Controller instrumentation: net.floodlightcontroller.happensbefore.HappensBefore-MessageIn-[3:AQoAPAAAAAYAAAAGADwAAQAAEjRWeAICEjRWeAIDCABFAAAc6dQAAEABlhF7ewIDe3sCAggAeMZ/NQAE]

2015-11-13 14:46:20,967 - hb_logger - INFO - Adding controller handle (830 -> *): mid_out:305.
Controller log: 0 log lines, 6 STS events not matched.
[c1] net.floodlightcontroller.happensbefore.HappensBefore-MessageIn-[3:AQoAPAAAAAYAAAAGADwAAQAAEjRWeAICEjRWeAIDCABFAAAc6dQAAEABlhF7ewIDe3sCAggAeMZ/NQAE]

2015-11-13 14:46:20,968 - hb_logger - INFO - Controller instrumentation: net.floodlightcontroller.happensbefore.HappensBefore-MessageOut-[3:AQoAPAAAAAYAAAAGADwAAQAAEjRWeAICEjRWeAIDCABFAAAc6dQAAEABlhF7ewIDe3sCAggAeMZ/NQAE:2:AQ4AUAAAAAAAP//CAAMSNFZ4AgMSNFZ4AgL//wAACAAAAQAAe3sCA3t7AgIACAAAACAAAAAAAAAAAAAFAAAAAP///////wAAAAAACAAC//8=]

Controller log: 1 log lines, 6 STS events not matched.
[c1] net.floodlightcontroller.happensbefore.HappensBefore-MessageOut-[3:AQoAPAAAAAYAAAAGADwAAQAAEjRWeAICEjRWeAIDCABFAAAc6dQAAEABlhF7ewIDe3sCAggAeMZ/NQAE:2:AQ4AUAAAAAAAP//CAAMSNFZ4AgMSNFZ4AgL//wAACAAAAQAAe3sCA3t7AgIACAAAACAAAAAAAAAAAAAFAAAAAP///////wAAAAAACAAC//8=]

Forwarding dataplane event
2015-11-13 14:46:21,067 - host:[IPAddr('123.123.2.3')] - INFO - Received packet [12:34:56:78:02:02>12:34:56:78:02:03:IP]|([v:4hl:5l:28t:64]ICMP cs:95fa[123.123.2.2>123.123.2.3]){t:ECHO_REPLY c:0 chk:80c6}{id:32565 seq:4} on interface eth2
2015-11-13 14:46:21,067 - host:[IPAddr('123.123.2.3')] - INFO - Received ECHO_REPLY, not responding.
2015-11-13 14:46:21,070 - hb_logger - INFO - Adding controller send with edge (830 -> 838): mid_out:305 -> mid_in:313.
Controller log: 0 log lines, 6 STS events not matched.
Round 52 completed.
Round 53 completed.
Round 54 completed.
Injecting a random packet
2015-11-13 14:46:21,374 - host:[IPAddr('123.123.3.3')] - INFO - sending packet on interface eth3: [12:34:56:78:03:03>12:34:56:78:03:02:IP]|([v:4hl:5l:28t:64]ICMP cs:93e2[123.123.3.3>123.123.3.2]){t:ECHO_REQUEST c:0 chk:2a5c}{id:52638 seq:5}
Round 55 completed.
Forwarding dataplane event
Round 56 completed.
Forwarding dataplane event
2015-11-13 14:46:21,579 - host:[IPAddr('123.123.3.2')] - INFO - Received packet [12:34:56:78:03:03>12:34:56:78:03:02:IP]|([v:4hl:5l:28t:64]ICMP cs:93e2[123.123.3.3>123.123.3.2]){t:ECHO_REQUEST c:0 chk:2a5c}{id:52638 seq:5} on interface eth3
2015-11-13 14:46:21,579 - host:[IPAddr('123.123.3.2')] - INFO - Received ECHO_REQUEST, Generating ping echo reply.
2015-11-13 14:46:21,579 - host:[IPAddr('123.123.3.2')] - INFO - sending packet on interface eth3: [12:34:56:78:03:02>12:34:56:78:03:03:IP]|([v:4hl:5l:20t:64]ICMP cs:0[123.123.3.2>123.123.3.3]){t:ECHO_REPLY c:0 chk:0}{id:52638 seq:5}
Round 57 completed.
Forwarding dataplane event
Injecting a random packet
2015-11-13 14:46:21,685 - host:[IPAddr('123.123.3.3')] - INFO - sending packet on interface eth3: [12:34:56:78:03:03>12:34:56:78:02:03:IP]|([v:4hl:5l:28t:64]ICMP cs:94d6[123.123.3.3>123.123.2.3]){t:ECHO_REQUEST c:0 chk:97b3}{id:24646 seq:6}
Round 58 completed.
Forwarding dataplane event
2015-11-13 14:46:21,786 - host:[IPAddr('123.123.3.3')] - INFO - Received packet [12:34:56:78:03:02>12:34:56:78:03:03:IP]|([v:4hl:5l:28t:64]ICMP cs:93dd[123.123.3.2>123.123.3.3]){t:ECHO_REPLY c:0 chk:325c}{id:52638 seq:5} on interface eth3
2015-11-13 14:46:21,787 - host:[IPAddr('123.123.3.3')] - INFO - Received ECHO_REPLY, not responding.
Forwarding dataplane event
Controller log: 0 log lines, 6 STS events not matched.
Round 59 completed.
2015-11-13 14:46:21,791 - hb_logger - INFO - Controller instrumentation: net.floodlightcontroller.happensbefore.HappensBefore-MessageIn-[3:AQoAPAAAAAcAAAAHADwAAwAAEjRWeAIDEjRWeAMDCABFAAAc6g4AAEABlNZ7ewMDe3sCAwgAl7NgRgAG]

2015-11-13 14:46:21,791 - hb_logger - INFO - Adding controller handle (883 -> *): mid_out:328.
Controller log: 0 log lines, 6 STS events not matched.
[c1] net.floodlightcontroller.happensbefore.HappensBefore-MessageIn-[3:AQoAPAAAAAcAAAAHADwAAwAAEjRWeAIDEjRWeAMDCABFAAAc6g4AAEABlNZ7ewMDe3sCAwgAl7NgRgAG]

2015-11-13 14:46:21,796 - hb_logger - INFO - Controller instrumentation: net.floodlightcontroller.happensbefore.HappensBefore-MessageOut-[3:AQoAPAAAAAcAAAAHADwAAwAAEjRWeAIDEjRWeAMDCABFAAAc6g4AAEABlNZ7ewMDe3sCAwgAl7NgRgAG:2:AQ4AUAAAAAAAP//CAAESNFZ4AwMSNFZ4AgP//wAACAAAAQAAe3sDA3t7AgMACAAAACAAAAAAAAAAAAAFAAAAAP///////wAAAAAACAAD//8=]

Controller log: 1 log lines, 6 STS events not matched.
[c1] net.floodlightcontroller.happensbefore.HappensBefore-MessageOut-[3:AQoAPAAAAAcAAAAHADwAAwAAEjRWeAIDEjRWeAMDCABFAAAc6g4AAEABlNZ7ewMDe3sCAwgAl7NgRgAG:2:AQ4AUAAAAAAAP//CAAESNFZ4AwMSNFZ4AgP//wAACAAAAQAAe3sDA3t7AgMACAAAACAAAAAAAAAAAAAFAAAAAP///////wAAAAAACAAD//8=]

2015-11-13 14:46:21,800 - hb_logger - INFO - Controller instrumentation: net.floodlightcontroller.happensbefore.HappensBefore-MessageOut-[3:AQoAPAAAAAcAAAAHADwAAwAAEjRWeAIDEjRWeAMDCABFAAAc6g4AAEABlNZ7ewMDe3sCAwgAl7NgRgAG:1:AQ4AUAAAAAAAP//CAAISNFZ4AwMSNFZ4AgP//wAACAAAAQAAe3sDA3t7AgMACAAAACAAAAAAAAAAAAAFAAAAAP///////wAAAAAACAAD//8=]

Controller log: 2 log lines, 6 STS events not matched.
[c1] net.floodlightcontroller.happensbefore.HappensBefore-MessageOut-[3:AQoAPAAAAAcAAAAHADwAAwAAEjRWeAIDEjRWeAMDCABFAAAc6g4AAEABlNZ7ewMDe3sCAwgAl7NgRgAG:1:AQ4AUAAAAAAAP//CAAISNFZ4AwMSNFZ4AgP//wAACAAAAQAAe3sDA3t7AgMACAAAACAAAAAAAAAAAAAFAAAAAP///////wAAAAAACAAD//8=]

2015-11-13 14:46:21,803 - hb_logger - INFO - Controller instrumentation: net.floodlightcontroller.happensbefore.HappensBefore-MessageOut-[3:AQoAPAAAAAcAAAAHADwAAwAAEjRWeAIDEjRWeAMDCABFAAAc6g4AAEABlNZ7ewMDe3sCAwgAl7NgRgAG:3:AQ4AUAAAAAAAP//CAAMSNFZ4AwMSNFZ4AgP//wAACAAAAQAAe3sDA3t7AgMACAAAACAAAAAAAAAAAAAFAAAAAP///////wAAAAAACAAB//8=]

Controller log: 3 log lines, 6 STS events not matched.
[c1] net.floodlightcontroller.happensbefore.HappensBefore-MessageOut-[3:AQoAPAAAAAcAAAAHADwAAwAAEjRWeAIDEjRWeAMDCABFAAAc6g4AAEABlNZ7ewMDe3sCAwgAl7NgRgAG:3:AQ4AUAAAAAAAP//CAAMSNFZ4AwMSNFZ4AgP//wAACAAAAQAAe3sDA3t7AgMACAAAACAAAAAAAAAAAAAFAAAAAP///////wAAAAAACAAB//8=]

2015-11-13 14:46:21,807 - hb_logger - INFO - Controller instrumentation: net.floodlightcontroller.happensbefore.HappensBefore-MessageOut-[3:AQoAPAAAAAcAAAAHADwAAwAAEjRWeAIDEjRWeAMDCABFAAAc6g4AAEABlNZ7ewMDe3sCAwgAl7NgRgAG:3:AQ0AQgAAAAD/////AAMACAAAAAgAAf//EjRWeAIDEjRWeAMDCABFAAAc6g4AAEABlNZ7ewMDe3sCAwgAl7NgRgAG]

Controller log: 4 log lines, 6 STS events not matched.
[c1] net.floodlightcontroller.happensbefore.HappensBefore-MessageOut-[3:AQoAPAAAAAcAAAAHADwAAwAAEjRWeAIDEjRWeAMDCABFAAAc6g4AAEABlNZ7ewMDe3sCAwgAl7NgRgAG:3:AQ0AQgAAAAD/////AAMACAAAAAgAAf//EjRWeAIDEjRWeAMDCABFAAAc6g4AAEABlNZ7ewMDe3sCAwgAl7NgRgAG]

2015-11-13 14:46:21,894 - hb_logger - INFO - Adding controller send with edge (883 -> 891): mid_out:328 -> mid_in:330.
Controller log: 3 log lines, 6 STS events not matched.
2015-11-13 14:46:21,901 - hb_logger - INFO - Adding controller send with edge (883 -> 897): mid_out:328 -> mid_in:331.
Controller log: 2 log lines, 6 STS events not matched.
2015-11-13 14:46:21,906 - hb_logger - INFO - Adding controller send with edge (883 -> 903): mid_out:328 -> mid_in:332.
Controller log: 1 log lines, 6 STS events not matched.
2015-11-13 14:46:21,909 - hb_logger - INFO - Adding controller send with edge (883 -> 914): mid_out:328 -> mid_in:337.
Controller log: 0 log lines, 6 STS events not matched.
No correctness violations!
Round 60 completed.
Forwarding dataplane event
Round 61 completed.
Forwarding dataplane event
Round 62 completed.
Forwarding dataplane event
2015-11-13 14:46:22,220 - host:[IPAddr('123.123.2.3')] - INFO - Received packet [12:34:56:78:03:03>12:34:56:78:02:03:IP]|([v:4hl:5l:28t:64]ICMP cs:94d6[123.123.3.3>123.123.2.3]){t:ECHO_REQUEST c:0 chk:97b3}{id:24646 seq:6} on interface eth2
2015-11-13 14:46:22,220 - host:[IPAddr('123.123.2.3')] - INFO - Received ECHO_REQUEST, Generating ping echo reply.
2015-11-13 14:46:22,220 - host:[IPAddr('123.123.2.3')] - INFO - sending packet on interface eth2: [12:34:56:78:02:03>12:34:56:78:03:03:IP]|([v:4hl:5l:20t:64]ICMP cs:0[123.123.2.3>123.123.3.3]){t:ECHO_REPLY c:0 chk:0}{id:24646 seq:6}
Round 63 completed.
Forwarding dataplane event
Controller log: 0 log lines, 6 STS events not matched.
Round 64 completed.
2015-11-13 14:46:22,326 - hb_logger - INFO - Controller instrumentation: net.floodlightcontroller.happensbefore.HappensBefore-MessageIn-[2:AQoAPAAAAAUAAAAFADwAAwAAEjRWeAMDEjRWeAIDCABFAAAc6h4AAEABlMZ7ewIDe3sDAwAAn7NgRgAG]

2015-11-13 14:46:22,327 - hb_logger - INFO - Adding controller handle (952 -> *): mid_out:348.
Controller log: 0 log lines, 6 STS events not matched.
[c1] net.floodlightcontroller.happensbefore.HappensBefore-MessageIn-[2:AQoAPAAAAAUAAAAFADwAAwAAEjRWeAMDEjRWeAIDCABFAAAc6h4AAEABlMZ7ewIDe3sDAwAAn7NgRgAG]

2015-11-13 14:46:22,327 - hb_logger - INFO - Controller instrumentation: net.floodlightcontroller.happensbefore.HappensBefore-MessageOut-[2:AQoAPAAAAAUAAAAFADwAAwAAEjRWeAMDEjRWeAIDCABFAAAc6h4AAEABlMZ7ewIDe3sDAwAAn7NgRgAG:3:AQ4AUAAAAAAAP//CAAESNFZ4AgMSNFZ4AwP//wAACAAAAQAAe3sCA3t7AwMAAAAAACAAAAAAAAAAAAAFAAAAAP///////wAAAAAACAAD//8=]

Controller log: 1 log lines, 6 STS events not matched.
[c1] net.floodlightcontroller.happensbefore.HappensBefore-MessageOut-[2:AQoAPAAAAAUAAAAFADwAAwAAEjRWeAMDEjRWeAIDCABFAAAc6h4AAEABlMZ7ewIDe3sDAwAAn7NgRgAG:3:AQ4AUAAAAAAAP//CAAESNFZ4AgMSNFZ4AwP//wAACAAAAQAAe3sCA3t7AwMAAAAAACAAAAAAAAAAAAAFAAAAAP///////wAAAAAACAAD//8=]

2015-11-13 14:46:22,333 - hb_logger - INFO - Controller instrumentation: net.floodlightcontroller.happensbefore.HappensBefore-MessageOut-[2:AQoAPAAAAAUAAAAFADwAAwAAEjRWeAMDEjRWeAIDCABFAAAc6h4AAEABlMZ7ewIDe3sDAwAAn7NgRgAG:1:AQ4AUAAAAAAAP//CAAMSNFZ4AgMSNFZ4AwP//wAACAAAAQAAe3sCA3t7AwMAAAAAACAAAAAAAAAAAAAFAAAAAP///////wAAAAAACAAC//8=]

Controller log: 2 log lines, 6 STS events not matched.
[c1] net.floodlightcontroller.happensbefore.HappensBefore-MessageOut-[2:AQoAPAAAAAUAAAAFADwAAwAAEjRWeAMDEjRWeAIDCABFAAAc6h4AAEABlMZ7ewIDe3sDAwAAn7NgRgAG:1:AQ4AUAAAAAAAP//CAAMSNFZ4AgMSNFZ4AwP//wAACAAAAQAAe3sCA3t7AwMAAAAAACAAAAAAAAAAAAAFAAAAAP///////wAAAAAACAAC//8=]

2015-11-13 14:46:22,335 - hb_logger - INFO - Controller instrumentation: net.floodlightcontroller.happensbefore.HappensBefore-MessageOut-[2:AQoAPAAAAAUAAAAFADwAAwAAEjRWeAMDEjRWeAIDCABFAAAc6h4AAEABlMZ7ewIDe3sDAwAAn7NgRgAG:2:AQ4AUAAAAAAAP//CAAMSNFZ4AgMSNFZ4AwP//wAACAAAAQAAe3sCA3t7AwMAAAAAACAAAAAAAAAAAAAFAAAAAP///////wAAAAAACAAB//8=]

Controller log: 3 log lines, 6 STS events not matched.
[c1] net.floodlightcontroller.happensbefore.HappensBefore-MessageOut-[2:AQoAPAAAAAUAAAAFADwAAwAAEjRWeAMDEjRWeAIDCABFAAAc6h4AAEABlMZ7ewIDe3sDAwAAn7NgRgAG:2:AQ4AUAAAAAAAP//CAAMSNFZ4AgMSNFZ4AwP//wAACAAAAQAAe3sCA3t7AwMAAAAAACAAAAAAAAAAAAAFAAAAAP///////wAAAAAACAAB//8=]

2015-11-13 14:46:22,339 - hb_logger - INFO - Controller instrumentation: net.floodlightcontroller.happensbefore.HappensBefore-MessageOut-[2:AQoAPAAAAAUAAAAFADwAAwAAEjRWeAMDEjRWeAIDCABFAAAc6h4AAEABlMZ7ewIDe3sDAwAAn7NgRgAG:2:AQ0AQgAAAAD/////AAMACAAAAAgAAf//EjRWeAMDEjRWeAIDCABFAAAc6h4AAEABlMZ7ewIDe3sDAwAAn7NgRgAG]

Controller log: 4 log lines, 6 STS events not matched.
[c1] net.floodlightcontroller.happensbefore.HappensBefore-MessageOut-[2:AQoAPAAAAAUAAAAFADwAAwAAEjRWeAMDEjRWeAIDCABFAAAc6h4AAEABlMZ7ewIDe3sDAwAAn7NgRgAG:2:AQ0AQgAAAAD/////AAMACAAAAAgAAf//EjRWeAMDEjRWeAIDCABFAAAc6h4AAEABlMZ7ewIDe3sDAwAAn7NgRgAG]

2015-11-13 14:46:22,429 - hb_logger - INFO - Adding controller send with edge (952 -> 960): mid_out:348 -> mid_in:350.
Controller log: 3 log lines, 6 STS events not matched.
2015-11-13 14:46:22,435 - hb_logger - INFO - Adding controller send with edge (952 -> 966): mid_out:348 -> mid_in:351.
Controller log: 2 log lines, 6 STS events not matched.
2015-11-13 14:46:22,441 - hb_logger - INFO - Adding controller send with edge (952 -> 972): mid_out:348 -> mid_in:352.
Controller log: 1 log lines, 6 STS events not matched.
2015-11-13 14:46:22,446 - hb_logger - INFO - Adding controller send with edge (952 -> 978): mid_out:348 -> mid_in:353.
Controller log: 0 log lines, 6 STS events not matched.
Round 65 completed.
Forwarding dataplane event
Round 66 completed.
Forwarding dataplane event
Round 67 completed.
Forwarding dataplane event
2015-11-13 14:46:22,756 - host:[IPAddr('123.123.3.3')] - INFO - Received packet [12:34:56:78:02:03>12:34:56:78:03:03:IP]|([v:4hl:5l:28t:64]ICMP cs:94c6[123.123.2.3>123.123.3.3]){t:ECHO_REPLY c:0 chk:9fb3}{id:24646 seq:6} on interface eth3
2015-11-13 14:46:22,757 - host:[IPAddr('123.123.3.3')] - INFO - Received ECHO_REPLY, not responding.
Injecting a random packet
2015-11-13 14:46:22,758 - host:[IPAddr('123.123.2.2')] - INFO - sending packet on interface eth2: [12:34:56:78:02:02>12:34:56:78:03:03:IP]|([v:4hl:5l:28t:64]ICMP cs:94b6[123.123.2.2>123.123.3.3]){t:ECHO_REQUEST c:0 chk:8586}{id:29298 seq:7}
Round 68 completed.
Forwarding dataplane event
Controller log: 0 log lines, 6 STS events not matched.
Round 69 completed.
2015-11-13 14:46:22,863 - hb_logger - INFO - Controller instrumentation: net.floodlightcontroller.happensbefore.HappensBefore-MessageIn-[2:AQoAPAAAAAYAAAAGADwAAgAAEjRWeAMDEjRWeAICCABFAAAc6i8AAEABlLZ7ewICe3sDAwgAhYZycgAH]

2015-11-13 14:46:22,864 - hb_logger - INFO - Adding controller handle (1021 -> *): mid_out:368.
Controller log: 0 log lines, 6 STS events not matched.
[c1] net.floodlightcontroller.happensbefore.HappensBefore-MessageIn-[2:AQoAPAAAAAYAAAAGADwAAgAAEjRWeAMDEjRWeAICCABFAAAc6i8AAEABlLZ7ewICe3sDAwgAhYZycgAH]

2015-11-13 14:46:22,865 - hb_logger - INFO - Controller instrumentation: net.floodlightcontroller.happensbefore.HappensBefore-MessageOut-[2:AQoAPAAAAAYAAAAGADwAAgAAEjRWeAMDEjRWeAICCABFAAAc6i8AAEABlLZ7ewICe3sDAwgAhYZycgAH:2:AQ4ASAAAAAAAP///AAISNFZ4AgISNFZ4AwP//wAACAAAAQAAe3sCAnt7AwMACAAAACAAAAAAAAAAAAAFAAAAAP///////wAA]

Controller log: 1 log lines, 6 STS events not matched.
[c1] net.floodlightcontroller.happensbefore.HappensBefore-MessageOut-[2:AQoAPAAAAAYAAAAGADwAAgAAEjRWeAMDEjRWeAICCABFAAAc6i8AAEABlLZ7ewICe3sDAwgAhYZycgAH:2:AQ4ASAAAAAAAP///AAISNFZ4AgISNFZ4AwP//wAACAAAAQAAe3sCAnt7AwMACAAAACAAAAAAAAAAAAAFAAAAAP///////wAA]

2015-11-13 14:46:22,965 - hb_logger - INFO - Adding controller send with edge (1021 -> 1026): mid_out:368 -> mid_in:370.
Controller log: 0 log lines, 6 STS events not matched.
No correctness violations!
Round 70 completed.
Injecting a random packet
2015-11-13 14:46:23,070 - host:[IPAddr('123.123.3.3')] - INFO - sending packet on interface eth3: [12:34:56:78:03:03>12:34:56:78:02:02:IP]|([v:4hl:5l:28t:64]ICMP cs:94b0[123.123.3.3>123.123.2.2]){t:ECHO_REQUEST c:0 chk:8a38}{id:28095 seq:8}
Round 71 completed.
Forwarding dataplane event
Controller log: 0 log lines, 6 STS events not matched.
Round 72 completed.
2015-11-13 14:46:23,175 - hb_logger - INFO - Controller instrumentation: net.floodlightcontroller.happensbefore.HappensBefore-MessageIn-[3:AQoAPAAAAAgAAAAIADwAAwAAEjRWeAICEjRWeAMDCABFAAAc6jUAAEABlLB7ewMDe3sCAggAijhtvwAI]

2015-11-13 14:46:23,176 - hb_logger - INFO - Adding controller handle (1041 -> *): mid_out:375.
Controller log: 0 log lines, 6 STS events not matched.
[c1] net.floodlightcontroller.happensbefore.HappensBefore-MessageIn-[3:AQoAPAAAAAgAAAAIADwAAwAAEjRWeAICEjRWeAMDCABFAAAc6jUAAEABlLB7ewMDe3sCAggAijhtvwAI]

2015-11-13 14:46:23,177 - hb_logger - INFO - Controller instrumentation: net.floodlightcontroller.happensbefore.HappensBefore-MessageOut-[3:AQoAPAAAAAgAAAAIADwAAwAAEjRWeAICEjRWeAMDCABFAAAc6jUAAEABlLB7ewMDe3sCAggAijhtvwAI:3:AQ4ASAAAAAAAP///AAMSNFZ4AwMSNFZ4AgL//wAACAAAAQAAe3sDA3t7AgIACAAAACAAAAAAAAAAAAAFAAAAAP///////wAA]

Controller log: 1 log lines, 6 STS events not matched.
[c1] net.floodlightcontroller.happensbefore.HappensBefore-MessageOut-[3:AQoAPAAAAAgAAAAIADwAAwAAEjRWeAICEjRWeAMDCABFAAAc6jUAAEABlLB7ewMDe3sCAggAijhtvwAI:3:AQ4ASAAAAAAAP///AAMSNFZ4AwMSNFZ4AgL//wAACAAAAQAAe3sDA3t7AgIACAAAACAAAAAAAAAAAAAFAAAAAP///////wAA]

2015-11-13 14:46:23,277 - hb_logger - INFO - Adding controller send with edge (1041 -> 1046): mid_out:375 -> mid_in:377.
Controller log: 0 log lines, 6 STS events not matched.
Round 73 completed.
Round 74 completed.
Round 75 completed.
Round 76 completed.
Round 77 completed.
Round 78 completed.
Round 79 completed.
No correctness violations!
Round 80 completed.
Round 81 completed.
Injecting a random packet
2015-11-13 14:46:24,186 - host:[IPAddr('123.123.2.3')] - INFO - sending packet on interface eth2: [12:34:56:78:02:03>12:34:56:78:02:02:IP]|([v:4hl:5l:28t:64]ICMP cs:95aa[123.123.2.3>123.123.2.2]){t:ECHO_REQUEST c:0 chk:3ce4}{id:47890 seq:9}
Round 82 completed.
Forwarding dataplane event
Round 83 completed.
Forwarding dataplane event
2015-11-13 14:46:24,393 - host:[IPAddr('123.123.2.2')] - INFO - Received packet [12:34:56:78:02:03>12:34:56:78:02:02:IP]|([v:4hl:5l:28t:64]ICMP cs:95aa[123.123.2.3>123.123.2.2]){t:ECHO_REQUEST c:0 chk:3ce4}{id:47890 seq:9} on interface eth2
2015-11-13 14:46:24,393 - host:[IPAddr('123.123.2.2')] - INFO - Received ECHO_REQUEST, Generating ping echo reply.
2015-11-13 14:46:24,393 - host:[IPAddr('123.123.2.2')] - INFO - sending packet on interface eth2: [12:34:56:78:02:02>12:34:56:78:02:03:IP]|([v:4hl:5l:20t:64]ICMP cs:0[123.123.2.2>123.123.2.3]){t:ECHO_REPLY c:0 chk:0}{id:47890 seq:9}
Round 84 completed.
Forwarding dataplane event
Injecting a random packet
2015-11-13 14:46:24,500 - host:[IPAddr('123.123.2.3')] - INFO - sending packet on interface eth2: [12:34:56:78:02:03>12:34:56:78:03:02:IP]|([v:4hl:5l:28t:64]ICMP cs:949f[123.123.2.3>123.123.3.2]){t:ECHO_REQUEST c:0 chk:1d8c}{id:55913 seq:10}
Round 85 completed.
Forwarding dataplane event
Forwarding dataplane event
2015-11-13 14:46:24,607 - host:[IPAddr('123.123.2.3')] - INFO - Received packet [12:34:56:78:02:02>12:34:56:78:02:03:IP]|([v:4hl:5l:28t:64]ICMP cs:95a5[123.123.2.2>123.123.2.3]){t:ECHO_REPLY c:0 chk:44e4}{id:47890 seq:9} on interface eth2
2015-11-13 14:46:24,607 - host:[IPAddr('123.123.2.3')] - INFO - Received ECHO_REPLY, not responding.
Round 86 completed.
Round 87 completed.
Round 88 completed.
Round 89 completed.
Injecting a random packet
2015-11-13 14:46:25,011 - host:[IPAddr('123.123.2.2')] - INFO - sending packet on interface eth2: [12:34:56:78:02:02>12:34:56:78:03:03:IP]|([v:4hl:5l:28t:64]ICMP cs:9499[123.123.2.2>123.123.3.3]){t:ECHO_REQUEST c:0 chk:1401}{id:58355 seq:11}
No correctness violations!
Round 90 completed.
Forwarding dataplane event
Injecting a random packet
2015-11-13 14:46:25,119 - host:[IPAddr('123.123.2.3')] - INFO - sending packet on interface eth2: [12:34:56:78:02:03>12:34:56:78:03:02:IP]|([v:4hl:5l:28t:64]ICMP cs:9494[123.123.2.3>123.123.3.2]){t:ECHO_REQUEST c:0 chk:4550}{id:45731 seq:12}
Round 91 completed.
Forwarding dataplane event
Round 92 completed.
Round 93 completed.
Round 94 completed.
Round 95 completed.
Injecting a random packet
2015-11-13 14:46:25,629 - host:[IPAddr('123.123.2.2')] - INFO - sending packet on interface eth2: [12:34:56:78:02:02>12:34:56:78:03:02:IP]|([v:4hl:5l:28t:64]ICMP cs:9490[123.123.2.2>123.123.3.2]){t:ECHO_REQUEST c:0 chk:f10e}{id:1764 seq:13}
Round 96 completed.
Forwarding dataplane event
Round 97 completed.
Injecting a random packet
2015-11-13 14:46:25,837 - host:[IPAddr('123.123.2.3')] - INFO - sending packet on interface eth2: [12:34:56:78:02:03>12:34:56:78:02:02:IP]|([v:4hl:5l:28t:64]ICMP cs:958a[123.123.2.3>123.123.2.2]){t:ECHO_REQUEST c:0 chk:7d08}{id:31465 seq:14}
Round 98 completed.
Forwarding dataplane event
Round 99 completed.
Forwarding dataplane event
2015-11-13 14:46:26,044 - host:[IPAddr('123.123.2.2')] - INFO - Received packet [12:34:56:78:02:03>12:34:56:78:02:02:IP]|([v:4hl:5l:28t:64]ICMP cs:958a[123.123.2.3>123.123.2.2]){t:ECHO_REQUEST c:0 chk:7d08}{id:31465 seq:14} on interface eth2
2015-11-13 14:46:26,044 - host:[IPAddr('123.123.2.2')] - INFO - Received ECHO_REQUEST, Generating ping echo reply.
2015-11-13 14:46:26,044 - host:[IPAddr('123.123.2.2')] - INFO - sending packet on interface eth2: [12:34:56:78:02:02>12:34:56:78:02:03:IP]|([v:4hl:5l:20t:64]ICMP cs:0[123.123.2.2>123.123.2.3]){t:ECHO_REPLY c:0 chk:0}{id:31465 seq:14}
No correctness violations!
Round 100 completed.
Forwarding dataplane event
Round 101 completed.
Forwarding dataplane event
2015-11-13 14:46:26,251 - host:[IPAddr('123.123.2.3')] - INFO - Received packet [12:34:56:78:02:02>12:34:56:78:02:03:IP]|([v:4hl:5l:28t:64]ICMP cs:9585[123.123.2.2>123.123.2.3]){t:ECHO_REPLY c:0 chk:8508}{id:31465 seq:14} on interface eth2
2015-11-13 14:46:26,251 - host:[IPAddr('123.123.2.3')] - INFO - Received ECHO_REPLY, not responding.
Round 102 completed.
Round 103 completed.
Round 104 completed.
Round 105 completed.
Round 106 completed.
Round 107 completed.
Round 108 completed.
Round 109 completed.
No correctness violations!
Round 110 completed.
Injecting a random packet
2015-11-13 14:46:27,157 - host:[IPAddr('123.123.3.3')] - INFO - sending packet on interface eth3: [12:34:56:78:03:03>12:34:56:78:02:02:IP]|([v:4hl:5l:28t:64]ICMP cs:947e[123.123.3.3>123.123.2.2]){t:ECHO_REQUEST c:0 chk:d0d1}{id:10015 seq:15}
Round 111 completed.
Forwarding dataplane event
Injecting a random packet
2015-11-13 14:46:27,271 - host:[IPAddr('123.123.2.3')] - INFO - sending packet on interface eth2: [12:34:56:78:02:03>12:34:56:78:03:03:IP]|([v:4hl:5l:28t:64]ICMP cs:9478[123.123.2.3>123.123.3.3]){t:ECHO_REQUEST c:0 chk:1312}{id:58589 seq:16}
Round 112 completed.
Forwarding dataplane event
Round 113 completed.
Forwarding dataplane event
Round 114 completed.
Forwarding dataplane event
Round 115 completed.
Forwarding dataplane event
2015-11-13 14:46:27,690 - host:[IPAddr('123.123.3.3')] - INFO - Received packet [12:34:56:78:02:03>12:34:56:78:03:03:IP]|([v:4hl:5l:28t:64]ICMP cs:9478[123.123.2.3>123.123.3.3]){t:ECHO_REQUEST c:0 chk:1312}{id:58589 seq:16} on interface eth3
2015-11-13 14:46:27,691 - host:[IPAddr('123.123.3.3')] - INFO - Received ECHO_REQUEST, Generating ping echo reply.
2015-11-13 14:46:27,691 - host:[IPAddr('123.123.3.3')] - INFO - sending packet on interface eth3: [12:34:56:78:03:03>12:34:56:78:02:03:IP]|([v:4hl:5l:20t:64]ICMP cs:0[123.123.3.3>123.123.2.3]){t:ECHO_REPLY c:0 chk:0}{id:58589 seq:16}
Round 116 completed.
Forwarding dataplane event
Injecting a random packet
2015-11-13 14:46:27,797 - host:[IPAddr('123.123.3.2')] - INFO - sending packet on interface eth3: [12:34:56:78:03:02>12:34:56:78:03:03:IP]|([v:4hl:5l:28t:64]ICMP cs:9368[123.123.3.2>123.123.3.3]){t:ECHO_REQUEST c:0 chk:72bd}{id:34097 seq:17}
Round 117 completed.
Forwarding dataplane event
Round 118 completed.
Round 119 completed.
No correctness violations!
Round 120 completed.
Round 121 completed.
Round 122 completed.
Round 123 completed.
Round 124 completed.
Round 125 completed.
Round 126 completed.
Controller log: 0 log lines, 6 STS events not matched.
Controller log: 0 log lines, 6 STS events not matched.
Controller log: 0 log lines, 6 STS events not matched.
Controller log: 0 log lines, 6 STS events not matched.
Controller log: 0 log lines, 6 STS events not matched.
Controller log: 0 log lines, 6 STS events not matched.
Controller log: 0 log lines, 6 STS events not matched.
Controller log: 0 log lines, 6 STS events not matched.
Controller log: 0 log lines, 6 STS events not matched.
Controller log: 0 log lines, 6 STS events not matched.
Controller log: 0 log lines, 6 STS events not matched.
Controller log: 0 log lines, 6 STS events not matched.
Controller log: 0 log lines, 6 STS events not matched.
Controller log: 0 log lines, 6 STS events not matched.
Controller log: 0 log lines, 6 STS events not matched.
Controller log: 0 log lines, 6 STS events not matched.
Controller log: 0 log lines, 6 STS events not matched.
Controller log: 0 log lines, 6 STS events not matched.
Round 127 completed.
Forwarding dataplane event
Dropping dataplane event
Forwarding dataplane event
2015-11-13 14:46:28,933 - host:[IPAddr('123.123.2.3')] - INFO - Received packet [00:00:00:00:02:03>ff:ff:ff:ff:ff:ff:8942]|<55 bytes> on interface eth2
Forwarding dataplane event
2015-11-13 14:46:28,934 - host:[IPAddr('123.123.3.3')] - INFO - Received packet [00:00:00:00:03:03>01:80:c2:00:00:0e:LLDP]|<chasis ID:00:00:00:00:00:03><port ID:00:03><ttl:120><pox.lib.packet.lldp.organizationally_specific object at 0x7f3e80486350><pox.lib.packet.lldp.unknown_tlv object at 0x7f3e80486410><pox.lib.packet.lldp.unknown_tlv object at 0x7f3e80486450><tlv end> on interface eth3
Forwarding dataplane event
2015-11-13 14:46:28,935 - host:[IPAddr('123.123.2.3')] - INFO - Received packet [00:00:00:00:02:03>01:80:c2:00:00:0e:LLDP]|<chasis ID:00:00:00:00:00:02><port ID:00:03><ttl:120><pox.lib.packet.lldp.organizationally_specific object at 0x7f3e80494a10><pox.lib.packet.lldp.unknown_tlv object at 0x7f3e80494ad0><pox.lib.packet.lldp.unknown_tlv object at 0x7f3e80494b10><tlv end> on interface eth2
Forwarding dataplane event
2015-11-13 14:46:28,935 - host:[IPAddr('123.123.2.2')] - INFO - Received packet [00:00:00:00:02:02>01:80:c2:00:00:0e:LLDP]|<chasis ID:00:00:00:00:00:02><port ID:00:02><ttl:120><pox.lib.packet.lldp.organizationally_specific object at 0x7f3e804944d0><pox.lib.packet.lldp.unknown_tlv object at 0x7f3e80494590><pox.lib.packet.lldp.unknown_tlv object at 0x7f3e804945d0><tlv end> on interface eth2
Forwarding dataplane event
Forwarding dataplane event
2015-11-13 14:46:28,939 - host:[IPAddr('123.123.3.2')] - INFO - Received packet [00:00:00:00:03:02>01:80:c2:00:00:0e:LLDP]|<chasis ID:00:00:00:00:00:03><port ID:00:02><ttl:120><pox.lib.packet.lldp.organizationally_specific object at 0x7f3e804d3fd0><pox.lib.packet.lldp.unknown_tlv object at 0x7f3e804d3150><pox.lib.packet.lldp.unknown_tlv object at 0x7f3e804d3210><tlv end> on interface eth3
Forwarding dataplane event
Controller log: 0 log lines, 6 STS events not matched.
Forwarding dataplane event
Controller log: 0 log lines, 6 STS events not matched.
Dropping dataplane event
Forwarding dataplane event
2015-11-13 14:46:28,944 - host:[IPAddr('123.123.3.2')] - INFO - Received packet [00:00:00:00:03:02>ff:ff:ff:ff:ff:ff:8942]|<55 bytes> on interface eth3
Forwarding dataplane event
Forwarding dataplane event
2015-11-13 14:46:28,948 - host:[IPAddr('123.123.3.3')] - INFO - Received packet [00:00:00:00:03:03>ff:ff:ff:ff:ff:ff:8942]|<55 bytes> on interface eth3
Forwarding dataplane event
Forwarding dataplane event
Controller log: 0 log lines, 6 STS events not matched.
Forwarding dataplane event
Controller log: 0 log lines, 6 STS events not matched.
Forwarding dataplane event
2015-11-13 14:46:28,958 - host:[IPAddr('123.123.2.2')] - INFO - Received packet [00:00:00:00:02:02>ff:ff:ff:ff:ff:ff:8942]|<55 bytes> on interface eth2
Injecting a random packet
2015-11-13 14:46:28,960 - host:[IPAddr('123.123.2.2')] - INFO - sending packet on interface eth2: [12:34:56:78:02:02>12:34:56:78:02:03:IP]|([v:4hl:5l:28t:64]ICMP cs:9563[123.123.2.2>123.123.2.3]){t:ECHO_REQUEST c:0 chk:3af8}{id:48373 seq:18}
Round 128 completed.
2015-11-13 14:46:28,961 - hb_logger - INFO - Controller instrumentation: net.floodlightcontroller.happensbefore.HappensBefore-MessageIn-[1:AQoATwAAAAgAAAAIAE8AAgAAAYDCAAAOAAAAAAMBiMwCBwQAAAAAAAMEAwIAAQYCAHj+DAAm4QAAAAAAAAAAAxgIDU+3PceW+fXmAQEAAA==]

2015-11-13 14:46:28,961 - hb_logger - INFO - Adding controller handle (1519 -> *): mid_out:515.
Controller log: 0 log lines, 6 STS events not matched.
[c1] net.floodlightcontroller.happensbefore.HappensBefore-MessageIn-[1:AQoATwAAAAgAAAAIAE8AAgAAAYDCAAAOAAAAAAMBiMwCBwQAAAAAAAMEAwIAAQYCAHj+DAAm4QAAAAAAAAAAAxgIDU+3PceW+fXmAQEAAA==]

2015-11-13 14:46:28,962 - hb_logger - INFO - Controller instrumentation: net.floodlightcontroller.happensbefore.HappensBefore-MessageIn-[1:AQoAVwAAAAkAAAAJAFcAAgAA////////AAAAAAMBiUIgAAYEAAIAAAIHBAAAAAAAAwQDAgABBgIAeP4MACbhAAAAAAAAAAADGAgNT7c9x5b59eYBAQAA]

2015-11-13 14:46:28,962 - hb_logger - INFO - Adding controller handle (1520 -> *): mid_out:518.
Controller log: 0 log lines, 6 STS events not matched.
[c1] net.floodlightcontroller.happensbefore.HappensBefore-MessageIn-[1:AQoAVwAAAAkAAAAJAFcAAgAA////////AAAAAAMBiUIgAAYEAAIAAAIHBAAAAAAAAwQDAgABBgIAeP4MACbhAAAAAAAAAAADGAgNT7c9x5b59eYBAQAA]

2015-11-13 14:46:28,962 - hb_logger - INFO - Controller instrumentation: net.floodlightcontroller.happensbefore.HappensBefore-MessageIn-[1:AQoAVwAAAAoAAAAKAFcAAwAA////////AAAAAAIBiUIgAAYEAAIAAAIHBAAAAAAAAgQDAgABBgIAeP4MACbhAAAAAAAAAAACGAgNT7c9x5b59eYBAQAA]

2015-11-13 14:46:28,963 - hb_logger - INFO - Adding controller handle (1521 -> *): mid_out:521.
Controller log: 0 log lines, 6 STS events not matched.
[c1] net.floodlightcontroller.happensbefore.HappensBefore-MessageIn-[1:AQoAVwAAAAoAAAAKAFcAAwAA////////AAAAAAIBiUIgAAYEAAIAAAIHBAAAAAAAAgQDAgABBgIAeP4MACbhAAAAAAAAAAACGAgNT7c9x5b59eYBAQAA]

2015-11-13 14:46:28,963 - hb_logger - INFO - Controller instrumentation: net.floodlightcontroller.happensbefore.HappensBefore-MessageIn-[1:AQoATwAAAAsAAAALAE8AAwAAAYDCAAAOAAAAAAIBiMwCBwQAAAAAAAIEAwIAAQYCAHj+DAAm4QAAAAAAAAAAAhgIDU+3PceW+fXmAQEAAA==]

2015-11-13 14:46:28,964 - hb_logger - INFO - Adding controller handle (1522 -> *): mid_out:524.
Controller log: 0 log lines, 6 STS events not matched.
[c1] net.floodlightcontroller.happensbefore.HappensBefore-MessageIn-[1:AQoATwAAAAsAAAALAE8AAwAAAYDCAAAOAAAAAAIBiMwCBwQAAAAAAAIEAwIAAQYCAHj+DAAm4QAAAAAAAAAAAhgIDU+3PceW+fXmAQEAAA==]

Forwarding dataplane event
Injecting a random packet
2015-11-13 14:46:29,065 - host:[IPAddr('123.123.3.3')] - INFO - sending packet on interface eth3: [12:34:56:78:03:03>12:34:56:78:02:03:IP]|([v:4hl:5l:28t:64]ICMP cs:945d[123.123.3.3>123.123.2.3]){t:ECHO_REQUEST c:0 chk:489c}{id:44880 seq:19}
Round 129 completed.
Forwarding dataplane event
Forwarding dataplane event
2015-11-13 14:46:29,170 - host:[IPAddr('123.123.2.3')] - INFO - Received packet [12:34:56:78:02:02>12:34:56:78:02:03:IP]|([v:4hl:5l:28t:64]ICMP cs:9563[123.123.2.2>123.123.2.3]){t:ECHO_REQUEST c:0 chk:3af8}{id:48373 seq:18} on interface eth2
2015-11-13 14:46:29,170 - host:[IPAddr('123.123.2.3')] - INFO - Received ECHO_REQUEST, Generating ping echo reply.
2015-11-13 14:46:29,170 - host:[IPAddr('123.123.2.3')] - INFO - sending packet on interface eth2: [12:34:56:78:02:03>12:34:56:78:02:02:IP]|([v:4hl:5l:20t:64]ICMP cs:0[123.123.2.3>123.123.2.2]){t:ECHO_REPLY c:0 chk:0}{id:48373 seq:18}
No correctness violations!
Round 130 completed.
Forwarding dataplane event
Injecting a random packet
2015-11-13 14:46:29,276 - host:[IPAddr('123.123.2.2')] - INFO - sending packet on interface eth2: [12:34:56:78:02:02>12:34:56:78:03:02:IP]|([v:4hl:5l:28t:64]ICMP cs:9454[123.123.2.2>123.123.3.2]){t:ECHO_REQUEST c:0 chk:2b02}{id:52457 seq:20}
Round 131 completed.
Forwarding dataplane event
2015-11-13 14:46:29,377 - host:[IPAddr('123.123.2.2')] - INFO - Received packet [12:34:56:78:02:03>12:34:56:78:02:02:IP]|([v:4hl:5l:28t:64]ICMP cs:9559[123.123.2.3>123.123.2.2]){t:ECHO_REPLY c:0 chk:42f8}{id:48373 seq:18} on interface eth2
2015-11-13 14:46:29,378 - host:[IPAddr('123.123.2.2')] - INFO - Received ECHO_REPLY, not responding.
Forwarding dataplane event
Round 132 completed.
Round 133 completed.
Injecting a random packet
2015-11-13 14:46:29,585 - host:[IPAddr('123.123.2.2')] - INFO - sending packet on interface eth2: [12:34:56:78:02:02>12:34:56:78:02:03:IP]|([v:4hl:5l:28t:64]ICMP cs:954d[123.123.2.2>123.123.2.3]){t:ECHO_REQUEST c:0 chk:b41a}{id:17360 seq:21}
Round 134 completed.
Forwarding dataplane event
Round 135 completed.
Forwarding dataplane event
2015-11-13 14:46:29,791 - host:[IPAddr('123.123.2.3')] - INFO - Received packet [12:34:56:78:02:02>12:34:56:78:02:03:IP]|([v:4hl:5l:28t:64]ICMP cs:954d[123.123.2.2>123.123.2.3]){t:ECHO_REQUEST c:0 chk:b41a}{id:17360 seq:21} on interface eth2
2015-11-13 14:46:29,791 - host:[IPAddr('123.123.2.3')] - INFO - Received ECHO_REQUEST, Generating ping echo reply.
2015-11-13 14:46:29,791 - host:[IPAddr('123.123.2.3')] - INFO - sending packet on interface eth2: [12:34:56:78:02:03>12:34:56:78:02:02:IP]|([v:4hl:5l:20t:64]ICMP cs:0[123.123.2.3>123.123.2.2]){t:ECHO_REPLY c:0 chk:0}{id:17360 seq:21}
Round 136 completed.
Forwarding dataplane event
Round 137 completed.
Forwarding dataplane event
2015-11-13 14:46:29,998 - host:[IPAddr('123.123.2.2')] - INFO - Received packet [12:34:56:78:02:03>12:34:56:78:02:02:IP]|([v:4hl:5l:28t:64]ICMP cs:9548[123.123.2.3>123.123.2.2]){t:ECHO_REPLY c:0 chk:bc1a}{id:17360 seq:21} on interface eth2
2015-11-13 14:46:29,998 - host:[IPAddr('123.123.2.2')] - INFO - Received ECHO_REPLY, not responding.
Round 138 completed.
Round 139 completed.
No correctness violations!
Round 140 completed.
Round 141 completed.
Round 142 completed.
Round 143 completed.
Injecting a random packet
2015-11-13 14:46:30,602 - host:[IPAddr('123.123.2.3')] - INFO - sending packet on interface eth2: [12:34:56:78:02:03>12:34:56:78:03:02:IP]|([v:4hl:5l:28t:64]ICMP cs:9441[123.123.2.3>123.123.3.2]){t:ECHO_REQUEST c:0 chk:d6a3}{id:8518 seq:22}
Round 144 completed.
Forwarding dataplane event
Round 145 completed.
Round 146 completed.
Round 147 completed.
Round 148 completed.
Round 149 completed.
No correctness violations!
Round 150 completed.
Injecting a random packet
2015-11-13 14:46:31,313 - host:[IPAddr('123.123.3.2')] - INFO - sending packet on interface eth3: [12:34:56:78:03:02>12:34:56:78:03:03:IP]|([v:4hl:5l:28t:64]ICMP cs:933c[123.123.3.2>123.123.3.3]){t:ECHO_REQUEST c:0 chk:3b}{id:63405 seq:23}
Round 151 completed.
Forwarding dataplane event
Round 152 completed.
Round 153 completed.
Round 154 completed.
Round 155 completed.
Round 156 completed.
Injecting a random packet
2015-11-13 14:46:31,921 - host:[IPAddr('123.123.2.3')] - INFO - sending packet on interface eth2: [12:34:56:78:02:03>12:34:56:78:02:02:IP]|([v:4hl:5l:28t:64]ICMP cs:9537[123.123.2.3>123.123.2.2]){t:ECHO_REQUEST c:0 chk:411d}{id:46794 seq:24}
Round 157 completed.
Forwarding dataplane event
Round 158 completed.
Forwarding dataplane event
2015-11-13 14:46:32,126 - host:[IPAddr('123.123.2.2')] - INFO - Received packet [12:34:56:78:02:03>12:34:56:78:02:02:IP]|([v:4hl:5l:28t:64]ICMP cs:9537[123.123.2.3>123.123.2.2]){t:ECHO_REQUEST c:0 chk:411d}{id:46794 seq:24} on interface eth2
2015-11-13 14:46:32,126 - host:[IPAddr('123.123.2.2')] - INFO - Received ECHO_REQUEST, Generating ping echo reply.
2015-11-13 14:46:32,127 - host:[IPAddr('123.123.2.2')] - INFO - sending packet on interface eth2: [12:34:56:78:02:02>12:34:56:78:02:03:IP]|([v:4hl:5l:20t:64]ICMP cs:0[123.123.2.2>123.123.2.3]){t:ECHO_REPLY c:0 chk:0}{id:46794 seq:24}
Round 159 completed.
Forwarding dataplane event
No correctness violations!
Round 160 completed.
Forwarding dataplane event
2015-11-13 14:46:32,333 - host:[IPAddr('123.123.2.3')] - INFO - Received packet [12:34:56:78:02:02>12:34:56:78:02:03:IP]|([v:4hl:5l:28t:64]ICMP cs:9532[123.123.2.2>123.123.2.3]){t:ECHO_REPLY c:0 chk:491d}{id:46794 seq:24} on interface eth2
2015-11-13 14:46:32,333 - host:[IPAddr('123.123.2.3')] - INFO - Received ECHO_REPLY, not responding.
Round 161 completed.
Round 162 completed.
Round 163 completed.
Round 164 completed.
Round 165 completed.
Round 166 completed.
Round 167 completed.
Round 168 completed.
Round 169 completed.
No correctness violations!
Round 170 completed.
Injecting a random packet
2015-11-13 14:46:33,340 - host:[IPAddr('123.123.3.2')] - INFO - sending packet on interface eth3: [12:34:56:78:03:02>12:34:56:78:02:03:IP]|([v:4hl:5l:28t:64]ICMP cs:942b[123.123.3.2>123.123.2.3]){t:ECHO_REQUEST c:0 chk:441}{id:62373 seq:25}
Round 171 completed.
Forwarding dataplane event
Round 172 completed.
Round 173 completed.
Round 174 completed.
Round 175 completed.
Round 176 completed.
Injecting a random packet
2015-11-13 14:46:33,949 - host:[IPAddr('123.123.2.2')] - INFO - sending packet on interface eth2: [12:34:56:78:02:02>12:34:56:78:03:02:IP]|([v:4hl:5l:28t:64]ICMP cs:9427[123.123.2.2>123.123.3.2]){t:ECHO_REQUEST c:0 chk:c811}{id:12244 seq:26}
Round 177 completed.
Forwarding dataplane event
Injecting a random packet
2015-11-13 14:46:34,059 - host:[IPAddr('123.123.2.2')] - INFO - sending packet on interface eth2: [12:34:56:78:02:02>12:34:56:78:02:03:IP]|([v:4hl:5l:28t:64]ICMP cs:9521[123.123.2.2>123.123.2.3]){t:ECHO_REQUEST c:0 chk:2b9b}{id:52297 seq:27}
Round 178 completed.
Forwarding dataplane event
Round 179 completed.
Forwarding dataplane event
2015-11-13 14:46:34,265 - host:[IPAddr('123.123.2.3')] - INFO - Received packet [12:34:56:78:02:02>12:34:56:78:02:03:IP]|([v:4hl:5l:28t:64]ICMP cs:9521[123.123.2.2>123.123.2.3]){t:ECHO_REQUEST c:0 chk:2b9b}{id:52297 seq:27} on interface eth2
2015-11-13 14:46:34,265 - host:[IPAddr('123.123.2.3')] - INFO - Received ECHO_REQUEST, Generating ping echo reply.
2015-11-13 14:46:34,265 - host:[IPAddr('123.123.2.3')] - INFO - sending packet on interface eth2: [12:34:56:78:02:03>12:34:56:78:02:02:IP]|([v:4hl:5l:20t:64]ICMP cs:0[123.123.2.3>123.123.2.2]){t:ECHO_REPLY c:0 chk:0}{id:52297 seq:27}
No correctness violations!
Round 180 completed.
Forwarding dataplane event
Round 181 completed.
Forwarding dataplane event
2015-11-13 14:46:34,471 - host:[IPAddr('123.123.2.2')] - INFO - Received packet [12:34:56:78:02:03>12:34:56:78:02:02:IP]|([v:4hl:5l:28t:64]ICMP cs:951c[123.123.2.3>123.123.2.2]){t:ECHO_REPLY c:0 chk:339b}{id:52297 seq:27} on interface eth2
2015-11-13 14:46:34,471 - host:[IPAddr('123.123.2.2')] - INFO - Received ECHO_REPLY, not responding.
Round 182 completed.
Round 183 completed.
Round 184 completed.
Injecting a random packet
2015-11-13 14:46:34,774 - host:[IPAddr('123.123.2.3')] - INFO - sending packet on interface eth2: [12:34:56:78:02:03>12:34:56:78:02:02:IP]|([v:4hl:5l:28t:64]ICMP cs:9515[123.123.2.3>123.123.2.2]){t:ECHO_REQUEST c:0 chk:7e2}{id:61441 seq:28}
Round 185 completed.
Forwarding dataplane event
Round 186 completed.
Forwarding dataplane event
2015-11-13 14:46:34,980 - host:[IPAddr('123.123.2.2')] - INFO - Received packet [12:34:56:78:02:03>12:34:56:78:02:02:IP]|([v:4hl:5l:28t:64]ICMP cs:9515[123.123.2.3>123.123.2.2]){t:ECHO_REQUEST c:0 chk:7e2}{id:61441 seq:28} on interface eth2
2015-11-13 14:46:34,980 - host:[IPAddr('123.123.2.2')] - INFO - Received ECHO_REQUEST, Generating ping echo reply.
2015-11-13 14:46:34,980 - host:[IPAddr('123.123.2.2')] - INFO - sending packet on interface eth2: [12:34:56:78:02:02>12:34:56:78:02:03:IP]|([v:4hl:5l:20t:64]ICMP cs:0[123.123.2.2>123.123.2.3]){t:ECHO_REPLY c:0 chk:0}{id:61441 seq:28}
Injecting a random packet
2015-11-13 14:46:34,981 - host:[IPAddr('123.123.2.3')] - INFO - sending packet on interface eth2: [12:34:56:78:02:03>12:34:56:78:02:02:IP]|([v:4hl:5l:28t:64]ICMP cs:950d[123.123.2.3>123.123.2.2]){t:ECHO_REQUEST c:0 chk:5bae}{id:39988 seq:29}
Round 187 completed.
Forwarding dataplane event
Forwarding dataplane event
Round 188 completed.
Forwarding dataplane event
2015-11-13 14:46:35,190 - host:[IPAddr('123.123.2.2')] - INFO - Received packet [12:34:56:78:02:03>12:34:56:78:02:02:IP]|([v:4hl:5l:28t:64]ICMP cs:950d[123.123.2.3>123.123.2.2]){t:ECHO_REQUEST c:0 chk:5bae}{id:39988 seq:29} on interface eth2
2015-11-13 14:46:35,190 - host:[IPAddr('123.123.2.2')] - INFO - Received ECHO_REQUEST, Generating ping echo reply.
2015-11-13 14:46:35,190 - host:[IPAddr('123.123.2.2')] - INFO - sending packet on interface eth2: [12:34:56:78:02:02>12:34:56:78:02:03:IP]|([v:4hl:5l:20t:64]ICMP cs:0[123.123.2.2>123.123.2.3]){t:ECHO_REPLY c:0 chk:0}{id:39988 seq:29}
Forwarding dataplane event
2015-11-13 14:46:35,192 - host:[IPAddr('123.123.2.3')] - INFO - Received packet [12:34:56:78:02:02>12:34:56:78:02:03:IP]|([v:4hl:5l:28t:64]ICMP cs:9510[123.123.2.2>123.123.2.3]){t:ECHO_REPLY c:0 chk:fe2}{id:61441 seq:28} on interface eth2
2015-11-13 14:46:35,192 - host:[IPAddr('123.123.2.3')] - INFO - Received ECHO_REPLY, not responding.
Round 189 completed.
Forwarding dataplane event
No correctness violations!
Round 190 completed.
Forwarding dataplane event
2015-11-13 14:46:35,399 - host:[IPAddr('123.123.2.3')] - INFO - Received packet [12:34:56:78:02:02>12:34:56:78:02:03:IP]|([v:4hl:5l:28t:64]ICMP cs:9505[123.123.2.2>123.123.2.3]){t:ECHO_REPLY c:0 chk:63ae}{id:39988 seq:29} on interface eth2
2015-11-13 14:46:35,399 - host:[IPAddr('123.123.2.3')] - INFO - Received ECHO_REPLY, not responding.
Round 191 completed.
Round 192 completed.
Round 193 completed.
Round 194 completed.
Round 195 completed.
Round 196 completed.
Round 197 completed.
Round 198 completed.
Round 199 completed.
No correctness violations!
Round 200 completed.
Killing controller c1 (pid 14960)
Terminating child controllers... OK
