Read 1488 events.
Added 1429 events.
Total write operations: 243
Total read operations: 174
Processing 29403 w/w combinations
Updating has_path path cache...
10% 
20% 
30% 
40% 
50% 
60% 
70% 
80% 
90% 
100% 
Processing 42282 r/w combinations
10% 
20% 
30% 
40% 
50% 
60% 
70% 
80% 
90% 
100% 
Updating has_path path cache...
+-------------------------------------------+
| Total operations:      417                |
| Total write operations: 243               |
| Total read operations:  174               |
+-------------------------------------------+
| Total commuting races: 66261              |
| Total harmful races:   1610               |
| Total filtered races:  0                  |
| Total Time Filtered races:  0             |
| Total Time Edges:      0                  |
+-------------------------------------------+
Number of packet traces with races: 57
Number of packet inconsistencies:  0
Number of packet inconsistencies that are actually consistent (covered):  13
Number of packet inconsistencies the first race is already inconsistent:  44
Number of packet inconsistencies after trimming repeated races:  0
Number of packet inconsistent updates:  15210
Number of races:  67871
Number of races filtered by time:  0
Number of commuting races:  66261
Number of harmful races:  1597
Number of covered races:  13
Number of versions: 151
Inconsistent updates: 23
Done. Time elapsed: 9.42840695381 s
load_trace: 3.56799292564 s
detect_races: 3.08472299576 s
extract_traces_time: 0.0516850948334 s
find_reactive_cmds_time: 0.0905051231384 s
find_proactive_cmds_time: 0.250277996063 s
find_covered_races_time: 0.0531158447266 s
per_packet_inconsistent_time: 0.145919084549 s
find_inconsistent_update_time: -2.18409585953 s
Read 1488 events.
Added 1429 events.
Total write operations: 243
Total read operations: 174
Processing 29403 w/w combinations
Updating has_path path cache...
10% 
20% 
30% 
40% 
50% 
60% 
70% 
80% 
90% 
100% 
Processing 42282 r/w combinations
10% 
20% 
30% 
40% 
50% 
60% 
70% 
80% 
90% 
100% 
Updating has_path path cache...
+-------------------------------------------+
| Total operations:      417                |
| Total write operations: 243               |
| Total read operations:  174               |
+-------------------------------------------+
| Total commuting races: 66261              |
| Total harmful races:   0                  |
| Total filtered races:  0                  |
| Total Time Filtered races:  1610          |
| Total Time Edges:      1610               |
+-------------------------------------------+
Number of packet traces with races: 0
Number of packet inconsistencies:  0
Number of packet inconsistencies that are actually consistent (covered):  0
Number of packet inconsistencies the first race is already inconsistent:  0
Number of packet inconsistencies after trimming repeated races:  0
Number of packet inconsistent updates:  0
Number of races:  67871
Number of races filtered by time:  1610
Number of commuting races:  66261
Number of harmful races:  0
Number of covered races:  0
Number of versions: 151
Inconsistent updates: 0
Done. Time elapsed: 7.17492103577 s
load_trace: 3.69838809967 s
detect_races: 3.14284896851 s
extract_traces_time: 0.0559329986572 s
find_reactive_cmds_time: 0.0774450302124 s
find_proactive_cmds_time: 0.192459821701 s
find_covered_races_time: 0.00427508354187 s
per_packet_inconsistent_time: 0.00327706336975 s
find_inconsistent_update_time: -0.000246047973633 s
Read 1488 events.
Added 1429 events.
Total write operations: 243
Total read operations: 174
Processing 29403 w/w combinations
Updating has_path path cache...
10% 
20% 
30% 
40% 
50% 
60% 
70% 
80% 
90% 
100% 
Processing 42282 r/w combinations
10% 
20% 
30% 
40% 
50% 
60% 
70% 
80% 
90% 
100% 
Updating has_path path cache...
+-------------------------------------------+
| Total operations:      417                |
| Total write operations: 243               |
| Total read operations:  174               |
+-------------------------------------------+
| Total commuting races: 66261              |
| Total harmful races:   231                |
| Total filtered races:  0                  |
| Total Time Filtered races:  1379          |
| Total Time Edges:      1379               |
+-------------------------------------------+
Number of packet traces with races: 18
Number of packet inconsistencies:  0
Number of packet inconsistencies that are actually consistent (covered):  0
Number of packet inconsistencies the first race is already inconsistent:  18
Number of packet inconsistencies after trimming repeated races:  0
Number of packet inconsistent updates:  316
Number of races:  67871
Number of races filtered by time:  1379
Number of commuting races:  66261
Number of harmful races:  231
Number of covered races:  0
Number of versions: 151
Inconsistent updates: 13
Done. Time elapsed: 6.93162584305 s
load_trace: 3.5253238678 s
detect_races: 3.02790594101 s
extract_traces_time: 0.0543961524963 s
find_reactive_cmds_time: 0.0727138519287 s
find_proactive_cmds_time: 0.167286157608 s
find_covered_races_time: 0.0213508605957 s
per_packet_inconsistent_time: 0.0197260379791 s
find_inconsistent_update_time: -0.0429229736328 s
Read 1488 events.
Added 1429 events.
Total write operations: 243
Total read operations: 174
Processing 29403 w/w combinations
Updating has_path path cache...
10% 
20% 
30% 
40% 
50% 
60% 
70% 
80% 
90% 
100% 
Processing 42282 r/w combinations
10% 
20% 
30% 
40% 
50% 
60% 
70% 
80% 
90% 
100% 
Updating has_path path cache...
+-------------------------------------------+
| Total operations:      417                |
| Total write operations: 243               |
| Total read operations:  174               |
+-------------------------------------------+
| Total commuting races: 66261              |
| Total harmful races:   460                |
| Total filtered races:  0                  |
| Total Time Filtered races:  1150          |
| Total Time Edges:      1150               |
+-------------------------------------------+
Number of packet traces with races: 26
Number of packet inconsistencies:  0
Number of packet inconsistencies that are actually consistent (covered):  0
Number of packet inconsistencies the first race is already inconsistent:  26
Number of packet inconsistencies after trimming repeated races:  0
Number of packet inconsistent updates:  1146
Number of races:  67871
Number of races filtered by time:  1150
Number of commuting races:  66261
Number of harmful races:  460
Number of covered races:  0
Number of versions: 151
Inconsistent updates: 19
Done. Time elapsed: 7.09774017334 s
load_trace: 3.4982919693 s
detect_races: 3.08861899376 s
extract_traces_time: 0.0503640174866 s
find_reactive_cmds_time: 0.071741104126 s
find_proactive_cmds_time: 0.169979095459 s
find_covered_races_time: 0.0354969501495 s
per_packet_inconsistent_time: 0.0370419025421 s
find_inconsistent_update_time: -0.146129131317 s
Read 1488 events.
Added 1429 events.
Total write operations: 243
Total read operations: 174
Processing 29403 w/w combinations
Updating has_path path cache...
10% 
20% 
30% 
40% 
50% 
60% 
70% 
80% 
90% 
100% 
Processing 42282 r/w combinations
10% 
20% 
30% 
40% 
50% 
60% 
70% 
80% 
90% 
100% 
Updating has_path path cache...
+-------------------------------------------+
| Total operations:      417                |
| Total write operations: 243               |
| Total read operations:  174               |
+-------------------------------------------+
| Total commuting races: 66261              |
| Total harmful races:   663                |
| Total filtered races:  0                  |
| Total Time Filtered races:  947           |
| Total Time Edges:      947                |
+-------------------------------------------+
Number of packet traces with races: 31
Number of packet inconsistencies:  0
Number of packet inconsistencies that are actually consistent (covered):  0
Number of packet inconsistencies the first race is already inconsistent:  31
Number of packet inconsistencies after trimming repeated races:  0
Number of packet inconsistent updates:  2387
Number of races:  67871
Number of races filtered by time:  947
Number of commuting races:  66261
Number of harmful races:  663
Number of covered races:  0
Number of versions: 151
Inconsistent updates: 21
Done. Time elapsed: 7.06091213226 s
load_trace: 3.36845993996 s
detect_races: 2.9965031147 s
extract_traces_time: 0.050173997879 s
find_reactive_cmds_time: 0.0791809558868 s
find_proactive_cmds_time: 0.178205966949 s
find_covered_races_time: 0.0375001430511 s
per_packet_inconsistent_time: 0.0478658676147 s
find_inconsistent_update_time: -0.302947044373 s
Read 1488 events.
Added 1429 events.
Total write operations: 243
Total read operations: 174
Processing 29403 w/w combinations
Updating has_path path cache...
10% 
20% 
30% 
40% 
50% 
60% 
70% 
80% 
90% 
100% 
Processing 42282 r/w combinations
10% 
20% 
30% 
40% 
50% 
60% 
70% 
80% 
90% 
100% 
Updating has_path path cache...
+-------------------------------------------+
| Total operations:      417                |
| Total write operations: 243               |
| Total read operations:  174               |
+-------------------------------------------+
| Total commuting races: 66261              |
| Total harmful races:   858                |
| Total filtered races:  0                  |
| Total Time Filtered races:  752           |
| Total Time Edges:      752                |
+-------------------------------------------+
Number of packet traces with races: 39
Number of packet inconsistencies:  0
Number of packet inconsistencies that are actually consistent (covered):  0
Number of packet inconsistencies the first race is already inconsistent:  39
Number of packet inconsistencies after trimming repeated races:  0
Number of packet inconsistent updates:  3989
Number of races:  67871
Number of races filtered by time:  752
Number of commuting races:  66261
Number of harmful races:  858
Number of covered races:  0
Number of versions: 151
Inconsistent updates: 22
Done. Time elapsed: 7.38172698021 s
load_trace: 3.50754404068 s
detect_races: 2.99147796631 s
extract_traces_time: 0.0479528903961 s
find_reactive_cmds_time: 0.0715520381927 s
find_proactive_cmds_time: 0.164957046509 s
find_covered_races_time: 0.0398650169373 s
per_packet_inconsistent_time: 0.0585598945618 s
find_inconsistent_update_time: -0.499740123749 s
Read 1488 events.
Added 1429 events.
Total write operations: 243
Total read operations: 174
Processing 29403 w/w combinations
Updating has_path path cache...
10% 
20% 
30% 
40% 
50% 
60% 
70% 
80% 
90% 
100% 
Processing 42282 r/w combinations
10% 
20% 
30% 
40% 
50% 
60% 
70% 
80% 
90% 
100% 
Updating has_path path cache...
+-------------------------------------------+
| Total operations:      417                |
| Total write operations: 243               |
| Total read operations:  174               |
+-------------------------------------------+
| Total commuting races: 66261              |
| Total harmful races:   1017               |
| Total filtered races:  0                  |
| Total Time Filtered races:  593           |
| Total Time Edges:      593                |
+-------------------------------------------+
Number of packet traces with races: 43
Number of packet inconsistencies:  0
Number of packet inconsistencies that are actually consistent (covered):  0
Number of packet inconsistencies the first race is already inconsistent:  43
Number of packet inconsistencies after trimming repeated races:  0
Number of packet inconsistent updates:  5640
Number of races:  67871
Number of races filtered by time:  593
Number of commuting races:  66261
Number of harmful races:  1017
Number of covered races:  0
Number of versions: 151
Inconsistent updates: 18
Done. Time elapsed: 7.53982305527 s
load_trace: 3.38682389259 s
detect_races: 3.03832912445 s
extract_traces_time: 0.0458009243011 s
find_reactive_cmds_time: 0.070405960083 s
find_proactive_cmds_time: 0.176298141479 s
find_covered_races_time: 0.0413339138031 s
per_packet_inconsistent_time: 0.0700531005859 s
find_inconsistent_update_time: -0.710691928864 s
Read 1488 events.
Added 1429 events.
Total write operations: 243
Total read operations: 174
Processing 29403 w/w combinations
Updating has_path path cache...
10% 
20% 
30% 
40% 
50% 
60% 
70% 
80% 
90% 
100% 
Processing 42282 r/w combinations
10% 
20% 
30% 
40% 
50% 
60% 
70% 
80% 
90% 
100% 
Updating has_path path cache...
+-------------------------------------------+
| Total operations:      417                |
| Total write operations: 243               |
| Total read operations:  174               |
+-------------------------------------------+
| Total commuting races: 66261              |
| Total harmful races:   1159               |
| Total filtered races:  0                  |
| Total Time Filtered races:  451           |
| Total Time Edges:      451                |
+-------------------------------------------+
Number of packet traces with races: 43
Number of packet inconsistencies:  0
Number of packet inconsistencies that are actually consistent (covered):  0
Number of packet inconsistencies the first race is already inconsistent:  43
Number of packet inconsistencies after trimming repeated races:  0
Number of packet inconsistent updates:  7470
Number of races:  67871
Number of races filtered by time:  451
Number of commuting races:  66261
Number of harmful races:  1159
Number of covered races:  0
Number of versions: 151
Inconsistent updates: 21
Done. Time elapsed: 7.67281508446 s
load_trace: 3.33614397049 s
detect_races: 3.00590705872 s
extract_traces_time: 0.0415999889374 s
find_reactive_cmds_time: 0.0722091197968 s
find_proactive_cmds_time: 0.165900945663 s
find_covered_races_time: 0.0427219867706 s
per_packet_inconsistent_time: 0.0808410644531 s
find_inconsistent_update_time: -0.927410840988 s
Read 1488 events.
Added 1429 events.
Total write operations: 243
Total read operations: 174
Processing 29403 w/w combinations
Updating has_path path cache...
10% 
20% 
30% 
40% 
50% 
60% 
70% 
80% 
90% 
100% 
Processing 42282 r/w combinations
10% 
20% 
30% 
40% 
50% 
60% 
70% 
80% 
90% 
100% 
Updating has_path path cache...
+-------------------------------------------+
| Total operations:      417                |
| Total write operations: 243               |
| Total read operations:  174               |
+-------------------------------------------+
| Total commuting races: 66261              |
| Total harmful races:   1291               |
| Total filtered races:  0                  |
| Total Time Filtered races:  319           |
| Total Time Edges:      319                |
+-------------------------------------------+
Number of packet traces with races: 45
Number of packet inconsistencies:  0
Number of packet inconsistencies that are actually consistent (covered):  0
Number of packet inconsistencies the first race is already inconsistent:  45
Number of packet inconsistencies after trimming repeated races:  0
Number of packet inconsistent updates:  9448
Number of races:  67871
Number of races filtered by time:  319
Number of commuting races:  66261
Number of harmful races:  1291
Number of covered races:  0
Number of versions: 151
Inconsistent updates: 21
Done. Time elapsed: 8.37445807457 s
load_trace: 3.47411394119 s
detect_races: 3.11811900139 s
extract_traces_time: 0.0422880649567 s
find_reactive_cmds_time: 0.0740239620209 s
find_proactive_cmds_time: 0.176553010941 s
find_covered_races_time: 0.0446479320526 s
per_packet_inconsistent_time: 0.0895290374756 s
find_inconsistent_update_time: -1.35510492325 s
Read 1488 events.
Added 1429 events.
Total write operations: 243
Total read operations: 174
Processing 29403 w/w combinations
Updating has_path path cache...
10% 
20% 
30% 
40% 
50% 
60% 
70% 
80% 
90% 
100% 
Processing 42282 r/w combinations
10% 
20% 
30% 
40% 
50% 
60% 
70% 
80% 
90% 
100% 
Updating has_path path cache...
+-------------------------------------------+
| Total operations:      417                |
| Total write operations: 243               |
| Total read operations:  174               |
+-------------------------------------------+
| Total commuting races: 66261              |
| Total harmful races:   1386               |
| Total filtered races:  0                  |
| Total Time Filtered races:  224           |
| Total Time Edges:      224                |
+-------------------------------------------+
Number of packet traces with races: 47
Number of packet inconsistencies:  0
Number of packet inconsistencies that are actually consistent (covered):  0
Number of packet inconsistencies the first race is already inconsistent:  47
Number of packet inconsistencies after trimming repeated races:  0
Number of packet inconsistent updates:  11116
Number of races:  67871
Number of races filtered by time:  224
Number of commuting races:  66261
Number of harmful races:  1386
Number of covered races:  0
Number of versions: 151
Inconsistent updates: 27
Done. Time elapsed: 11.1768558025 s
load_trace: 5.78549695015 s
detect_races: 3.31563305855 s
extract_traces_time: 0.0452289581299 s
find_reactive_cmds_time: 0.0741798877716 s
find_proactive_cmds_time: 0.185011148453 s
find_covered_races_time: 0.0470159053802 s
per_packet_inconsistent_time: 0.101052045822 s
find_inconsistent_update_time: -1.62315797806 s
Read 1488 events.
Added 1429 events.
Total write operations: 243
Total read operations: 174
Processing 29403 w/w combinations
Updating has_path path cache...
10% 
20% 
30% 
40% 
50% 
60% 
70% 
80% 
90% 
100% 
Processing 42282 r/w combinations
10% 
20% 
30% 
40% 
50% 
60% 
70% 
80% 
90% 
100% 
Updating has_path path cache...
+-------------------------------------------+
| Total operations:      417                |
| Total write operations: 243               |
| Total read operations:  174               |
+-------------------------------------------+
| Total commuting races: 66261              |
| Total harmful races:   1466               |
| Total filtered races:  0                  |
| Total Time Filtered races:  144           |
| Total Time Edges:      144                |
+-------------------------------------------+
Number of packet traces with races: 48
Number of packet inconsistencies:  0
Number of packet inconsistencies that are actually consistent (covered):  2
Number of packet inconsistencies the first race is already inconsistent:  46
Number of packet inconsistencies after trimming repeated races:  0
Number of packet inconsistent updates:  12631
Number of races:  67871
Number of races filtered by time:  144
Number of commuting races:  66261
Number of harmful races:  1464
Number of covered races:  2
Number of versions: 151
Inconsistent updates: 23
Done. Time elapsed: 8.93535900116 s
load_trace: 3.69982504845 s
detect_races: 3.04836297035 s
extract_traces_time: 0.040657043457 s
find_reactive_cmds_time: 0.070093870163 s
find_proactive_cmds_time: 0.17355799675 s
find_covered_races_time: 0.0451519489288 s
per_packet_inconsistent_time: 0.108245134354 s
find_inconsistent_update_time: -1.74938988686 s
Read 1488 events.
Added 1429 events.
Total write operations: 243
Total read operations: 174
Processing 29403 w/w combinations
Updating has_path path cache...
10% 
20% 
30% 
40% 
50% 
60% 
70% 
80% 
90% 
100% 
Processing 42282 r/w combinations
10% 
20% 
30% 
40% 
50% 
60% 
70% 
80% 
90% 
100% 
Updating has_path path cache...
+-------------------------------------------+
| Total operations:      417                |
| Total write operations: 243               |
| Total read operations:  174               |
+-------------------------------------------+
| Total commuting races: 66261              |
| Total harmful races:   1531               |
| Total filtered races:  0                  |
| Total Time Filtered races:  79            |
| Total Time Edges:      79                 |
+-------------------------------------------+
Number of packet traces with races: 49
Number of packet inconsistencies:  0
Number of packet inconsistencies that are actually consistent (covered):  3
Number of packet inconsistencies the first race is already inconsistent:  46
Number of packet inconsistencies after trimming repeated races:  0
Number of packet inconsistent updates:  13953
Number of races:  67871
Number of races filtered by time:  79
Number of commuting races:  66261
Number of harmful races:  1528
Number of covered races:  3
Number of versions: 151
Inconsistent updates: 30
Done. Time elapsed: 8.88792490959 s
load_trace: 3.43994498253 s
detect_races: 3.01291394234 s
extract_traces_time: 0.0428900718689 s
find_reactive_cmds_time: 0.0774569511414 s
find_proactive_cmds_time: 0.185893058777 s
find_covered_races_time: 0.0486409664154 s
per_packet_inconsistent_time: 0.114269018173 s
find_inconsistent_update_time: -1.9658370018 s
