Read 2046 events.
Added 2016 events.
Total write operations: 33
Total read operations: 660
Processing 528 w/w combinations
Updating has_path path cache...
10% 
20% 
30% 
40% 
50% 
60% 
70% 
80% 
90% 
100% 
Processing 21780 r/w combinations
10% 
20% 
30% 
40% 
50% 
60% 
70% 
80% 
90% 
100% 
Updating has_path path cache...
+-------------------------------------------+
| Total operations:      693                |
| Total write operations: 33                |
| Total read operations:  660               |
+-------------------------------------------+
| Total commuting races: 4011               |
| Total harmful races:   1345               |
| Total filtered races:  0                  |
| Total Time Filtered races:  0             |
| Total Time Edges:      0                  |
+-------------------------------------------+
Number of packet traces with races: 311
Number of packet inconsistencies:  171
Number of packet inconsistencies that are actually consistent (covered):  140
Number of packet inconsistencies the first race is already inconsistent:  0
Number of packet inconsistencies after trimming repeated races:  19
Number of packet inconsistent updates:  0
Number of races:  5356
Number of races filtered by time:  0
Number of commuting races:  4011
Number of harmful races:  685
Number of covered races:  660
Number of versions: 1
Inconsistent updates: 0
Done. Time elapsed: 6.28424715996 s
load_trace: 2.78895115852 s
detect_races: 0.419589042664 s
extract_traces_time: 0.0665628910065 s
find_reactive_cmds_time: 4.10079956055e-05 s
find_proactive_cmds_time: 0.0921230316162 s
find_covered_races_time: 2.32511997223 s
per_packet_inconsistent_time: 0.591214895248 s
find_inconsistent_update_time: -0.000645160675049 s
Read 2046 events.
Added 2016 events.
Total write operations: 33
Total read operations: 660
Processing 528 w/w combinations
Updating has_path path cache...
10% 
20% 
30% 
40% 
50% 
60% 
70% 
80% 
90% 
100% 
Processing 21780 r/w combinations
10% 
20% 
30% 
40% 
50% 
60% 
70% 
80% 
90% 
100% 
Updating has_path path cache...
+-------------------------------------------+
| Total operations:      693                |
| Total write operations: 33                |
| Total read operations:  660               |
+-------------------------------------------+
| Total commuting races: 4011               |
| Total harmful races:   0                  |
| Total filtered races:  0                  |
| Total Time Filtered races:  1345          |
| Total Time Edges:      1345               |
+-------------------------------------------+
Number of packet traces with races: 0
Number of packet inconsistencies:  0
Number of packet inconsistencies that are actually consistent (covered):  0
Number of packet inconsistencies the first race is already inconsistent:  0
Number of packet inconsistencies after trimming repeated races:  0
Number of packet inconsistent updates:  0
Number of races:  5356
Number of races filtered by time:  1345
Number of commuting races:  4011
Number of harmful races:  0
Number of covered races:  0
Number of versions: 1
Inconsistent updates: 0
Done. Time elapsed: 4.44632792473 s
load_trace: 2.75624394417 s
detect_races: 0.526678085327 s
extract_traces_time: 0.104421854019 s
find_reactive_cmds_time: 3.50475311279e-05 s
find_proactive_cmds_time: 0.0942170619965 s
find_covered_races_time: 0.962600946426 s
per_packet_inconsistent_time: 0.00206899642944 s
find_inconsistent_update_time: -1.21593475342e-05 s
Read 2046 events.
Added 2016 events.
Total write operations: 33
Total read operations: 660
Processing 528 w/w combinations
Updating has_path path cache...
10% 
20% 
30% 
40% 
50% 
60% 
70% 
80% 
90% 
100% 
Processing 21780 r/w combinations
10% 
20% 
30% 
40% 
50% 
60% 
70% 
80% 
90% 
100% 
Updating has_path path cache...
+-------------------------------------------+
| Total operations:      693                |
| Total write operations: 33                |
| Total read operations:  660               |
+-------------------------------------------+
| Total commuting races: 4011               |
| Total harmful races:   8                  |
| Total filtered races:  0                  |
| Total Time Filtered races:  1337          |
| Total Time Edges:      1337               |
+-------------------------------------------+
Number of packet traces with races: 8
Number of packet inconsistencies:  0
Number of packet inconsistencies that are actually consistent (covered):  0
Number of packet inconsistencies the first race is already inconsistent:  8
Number of packet inconsistencies after trimming repeated races:  0
Number of packet inconsistent updates:  0
Number of races:  5356
Number of races filtered by time:  1337
Number of commuting races:  4011
Number of harmful races:  8
Number of covered races:  0
Number of versions: 1
Inconsistent updates: 0
Done. Time elapsed: 4.48799705505 s
load_trace: 2.75652217865 s
detect_races: 0.516767978668 s
extract_traces_time: 0.082267999649 s
find_reactive_cmds_time: 3.2901763916e-05 s
find_proactive_cmds_time: 0.0876200199127 s
find_covered_races_time: 1.03949809074 s
per_packet_inconsistent_time: 0.00521993637085 s
find_inconsistent_update_time: -1.69277191162e-05 s
Read 2046 events.
Added 2016 events.
Total write operations: 33
Total read operations: 660
Processing 528 w/w combinations
Updating has_path path cache...
10% 
20% 
30% 
40% 
50% 
60% 
70% 
80% 
90% 
100% 
Processing 21780 r/w combinations
10% 
20% 
30% 
40% 
50% 
60% 
70% 
80% 
90% 
100% 
Updating has_path path cache...
+-------------------------------------------+
| Total operations:      693                |
| Total write operations: 33                |
| Total read operations:  660               |
+-------------------------------------------+
| Total commuting races: 4011               |
| Total harmful races:   19                 |
| Total filtered races:  0                  |
| Total Time Filtered races:  1326          |
| Total Time Edges:      1326               |
+-------------------------------------------+
Number of packet traces with races: 19
Number of packet inconsistencies:  0
Number of packet inconsistencies that are actually consistent (covered):  0
Number of packet inconsistencies the first race is already inconsistent:  19
Number of packet inconsistencies after trimming repeated races:  0
Number of packet inconsistent updates:  0
Number of races:  5356
Number of races filtered by time:  1326
Number of commuting races:  4011
Number of harmful races:  19
Number of covered races:  0
Number of versions: 1
Inconsistent updates: 0
Done. Time elapsed: 4.48410606384 s
load_trace: 2.71993494034 s
detect_races: 0.500941038132 s
extract_traces_time: 0.0735759735107 s
find_reactive_cmds_time: 3.50475311279e-05 s
find_proactive_cmds_time: 0.082848072052 s
find_covered_races_time: 1.09775900841 s
per_packet_inconsistent_time: 0.00893688201904 s
find_inconsistent_update_time: -2.31266021729e-05 s
Read 2046 events.
Added 2016 events.
Total write operations: 33
Total read operations: 660
Processing 528 w/w combinations
Updating has_path path cache...
10% 
20% 
30% 
40% 
50% 
60% 
70% 
80% 
90% 
100% 
Processing 21780 r/w combinations
10% 
20% 
30% 
40% 
50% 
60% 
70% 
80% 
90% 
100% 
Updating has_path path cache...
+-------------------------------------------+
| Total operations:      693                |
| Total write operations: 33                |
| Total read operations:  660               |
+-------------------------------------------+
| Total commuting races: 4011               |
| Total harmful races:   110                |
| Total filtered races:  0                  |
| Total Time Filtered races:  1235          |
| Total Time Edges:      1235               |
+-------------------------------------------+
Number of packet traces with races: 49
Number of packet inconsistencies:  13
Number of packet inconsistencies that are actually consistent (covered):  6
Number of packet inconsistencies the first race is already inconsistent:  30
Number of packet inconsistencies after trimming repeated races:  9
Number of packet inconsistent updates:  0
Number of races:  5356
Number of races filtered by time:  1235
Number of commuting races:  4011
Number of harmful races:  73
Number of covered races:  37
Number of versions: 1
Inconsistent updates: 0
Done. Time elapsed: 4.63759303093 s
load_trace: 2.71622085571 s
detect_races: 0.510970115662 s
extract_traces_time: 0.071261882782 s
find_reactive_cmds_time: 3.60012054443e-05 s
find_proactive_cmds_time: 0.0907959938049 s
find_covered_races_time: 1.21387004852 s
per_packet_inconsistent_time: 0.0343241691589 s
find_inconsistent_update_time: -5.69820404053e-05 s
Read 2046 events.
Added 2016 events.
Total write operations: 33
Total read operations: 660
Processing 528 w/w combinations
Updating has_path path cache...
10% 
20% 
30% 
40% 
50% 
60% 
70% 
80% 
90% 
100% 
Processing 21780 r/w combinations
10% 
20% 
30% 
40% 
50% 
60% 
70% 
80% 
90% 
100% 
Updating has_path path cache...
+-------------------------------------------+
| Total operations:      693                |
| Total write operations: 33                |
| Total read operations:  660               |
+-------------------------------------------+
| Total commuting races: 4011               |
| Total harmful races:   200                |
| Total filtered races:  0                  |
| Total Time Filtered races:  1145          |
| Total Time Edges:      1145               |
+-------------------------------------------+
Number of packet traces with races: 71
Number of packet inconsistencies:  23
Number of packet inconsistencies that are actually consistent (covered):  17
Number of packet inconsistencies the first race is already inconsistent:  31
Number of packet inconsistencies after trimming repeated races:  11
Number of packet inconsistent updates:  0
Number of races:  5356
Number of races filtered by time:  1145
Number of commuting races:  4011
Number of harmful races:  118
Number of covered races:  82
Number of versions: 1
Inconsistent updates: 0
Done. Time elapsed: 4.70924496651 s
load_trace: 2.77290797234 s
detect_races: 0.501716136932 s
extract_traces_time: 0.0691759586334 s
find_reactive_cmds_time: 3.19480895996e-05 s
find_proactive_cmds_time: 0.0879490375519 s
find_covered_races_time: 1.21544504166 s
per_packet_inconsistent_time: 0.0618529319763 s
find_inconsistent_update_time: -9.10758972168e-05 s
Read 2046 events.
Added 2016 events.
Total write operations: 33
Total read operations: 660
Processing 528 w/w combinations
Updating has_path path cache...
10% 
20% 
30% 
40% 
50% 
60% 
70% 
80% 
90% 
100% 
Processing 21780 r/w combinations
10% 
20% 
30% 
40% 
50% 
60% 
70% 
80% 
90% 
100% 
Updating has_path path cache...
+-------------------------------------------+
| Total operations:      693                |
| Total write operations: 33                |
| Total read operations:  660               |
+-------------------------------------------+
| Total commuting races: 4011               |
| Total harmful races:   294                |
| Total filtered races:  0                  |
| Total Time Filtered races:  1051          |
| Total Time Edges:      1051               |
+-------------------------------------------+
Number of packet traces with races: 105
Number of packet inconsistencies:  31
Number of packet inconsistencies that are actually consistent (covered):  39
Number of packet inconsistencies the first race is already inconsistent:  35
Number of packet inconsistencies after trimming repeated races:  12
Number of packet inconsistent updates:  0
Number of races:  5356
Number of races filtered by time:  1051
Number of commuting races:  4011
Number of harmful races:  167
Number of covered races:  127
Number of versions: 1
Inconsistent updates: 0
Done. Time elapsed: 4.77366113663 s
load_trace: 2.75733017921 s
detect_races: 0.508182048798 s
extract_traces_time: 0.0696828365326 s
find_reactive_cmds_time: 3.31401824951e-05 s
find_proactive_cmds_time: 0.0820939540863 s
find_covered_races_time: 1.26001191139 s
per_packet_inconsistent_time: 0.0961511135101 s
find_inconsistent_update_time: -0.000123023986816 s
Read 2046 events.
Added 2016 events.
Total write operations: 33
Total read operations: 660
Processing 528 w/w combinations
Updating has_path path cache...
10% 
20% 
30% 
40% 
50% 
60% 
70% 
80% 
90% 
100% 
Processing 21780 r/w combinations
10% 
20% 
30% 
40% 
50% 
60% 
70% 
80% 
90% 
100% 
Updating has_path path cache...
+-------------------------------------------+
| Total operations:      693                |
| Total write operations: 33                |
| Total read operations:  660               |
+-------------------------------------------+
| Total commuting races: 4011               |
| Total harmful races:   404                |
| Total filtered races:  0                  |
| Total Time Filtered races:  941           |
| Total Time Edges:      941                |
+-------------------------------------------+
Number of packet traces with races: 125
Number of packet inconsistencies:  45
Number of packet inconsistencies that are actually consistent (covered):  50
Number of packet inconsistencies the first race is already inconsistent:  30
Number of packet inconsistencies after trimming repeated races:  19
Number of packet inconsistent updates:  0
Number of races:  5356
Number of races filtered by time:  941
Number of commuting races:  4011
Number of harmful races:  222
Number of covered races:  182
Number of versions: 1
Inconsistent updates: 0
Done. Time elapsed: 4.95631980896 s
load_trace: 2.75852179527 s
detect_races: 0.508293151855 s
extract_traces_time: 0.0660259723663 s
find_reactive_cmds_time: 3.38554382324e-05 s
find_proactive_cmds_time: 0.0839440822601 s
find_covered_races_time: 1.39220905304 s
per_packet_inconsistent_time: 0.147055864334 s
find_inconsistent_update_time: -0.000182151794434 s
Read 2046 events.
Added 2016 events.
Total write operations: 33
Total read operations: 660
Processing 528 w/w combinations
Updating has_path path cache...
10% 
20% 
30% 
40% 
50% 
60% 
70% 
80% 
90% 
100% 
Processing 21780 r/w combinations
10% 
20% 
30% 
40% 
50% 
60% 
70% 
80% 
90% 
100% 
Updating has_path path cache...
+-------------------------------------------+
| Total operations:      693                |
| Total write operations: 33                |
| Total read operations:  660               |
+-------------------------------------------+
| Total commuting races: 4011               |
| Total harmful races:   487                |
| Total filtered races:  0                  |
| Total Time Filtered races:  858           |
| Total Time Edges:      858                |
+-------------------------------------------+
Number of packet traces with races: 144
Number of packet inconsistencies:  57
Number of packet inconsistencies that are actually consistent (covered):  58
Number of packet inconsistencies the first race is already inconsistent:  29
Number of packet inconsistencies after trimming repeated races:  18
Number of packet inconsistent updates:  0
Number of races:  5356
Number of races filtered by time:  858
Number of commuting races:  4011
Number of harmful races:  266
Number of covered races:  221
Number of versions: 1
Inconsistent updates: 0
Done. Time elapsed: 8.33915114403 s
load_trace: 3.60788798332 s
detect_races: 0.97375702858 s
extract_traces_time: 0.141798019409 s
find_reactive_cmds_time: 4.79221343994e-05 s
find_proactive_cmds_time: 0.158267974854 s
find_covered_races_time: 3.07841205597 s
per_packet_inconsistent_time: 0.378504991531 s
find_inconsistent_update_time: -0.000399112701416 s
Read 2046 events.
Added 2016 events.
Total write operations: 33
Total read operations: 660
Processing 528 w/w combinations
Updating has_path path cache...
10% 
20% 
30% 
40% 
50% 
60% 
70% 
80% 
90% 
100% 
Processing 21780 r/w combinations
10% 
20% 
30% 
40% 
50% 
60% 
70% 
80% 
90% 
100% 
Updating has_path path cache...
+-------------------------------------------+
| Total operations:      693                |
| Total write operations: 33                |
| Total read operations:  660               |
+-------------------------------------------+
| Total commuting races: 4011               |
| Total harmful races:   623                |
| Total filtered races:  0                  |
| Total Time Filtered races:  722           |
| Total Time Edges:      722                |
+-------------------------------------------+
Number of packet traces with races: 174
Number of packet inconsistencies:  75
Number of packet inconsistencies that are actually consistent (covered):  74
Number of packet inconsistencies the first race is already inconsistent:  25
Number of packet inconsistencies after trimming repeated races:  21
Number of packet inconsistent updates:  0
Number of races:  5356
Number of races filtered by time:  722
Number of commuting races:  4011
Number of harmful races:  338
Number of covered races:  285
Number of versions: 1
Inconsistent updates: 0
Done. Time elapsed: 5.28068184853 s
load_trace: 2.78433299065 s
detect_races: 0.475404024124 s
extract_traces_time: 0.0666439533234 s
find_reactive_cmds_time: 3.50475311279e-05 s
find_proactive_cmds_time: 0.084156036377 s
find_covered_races_time: 1.63020396233 s
per_packet_inconsistent_time: 0.239627838135 s
find_inconsistent_update_time: -0.000224113464355 s
Read 2046 events.
Added 2016 events.
Total write operations: 33
Total read operations: 660
Processing 528 w/w combinations
Updating has_path path cache...
10% 
20% 
30% 
40% 
50% 
60% 
70% 
80% 
90% 
100% 
Processing 21780 r/w combinations
10% 
20% 
30% 
40% 
50% 
60% 
70% 
80% 
90% 
100% 
Updating has_path path cache...
+-------------------------------------------+
| Total operations:      693                |
| Total write operations: 33                |
| Total read operations:  660               |
+-------------------------------------------+
| Total commuting races: 4011               |
| Total harmful races:   733                |
| Total filtered races:  0                  |
| Total Time Filtered races:  612           |
| Total Time Edges:      612                |
+-------------------------------------------+
Number of packet traces with races: 192
Number of packet inconsistencies:  86
Number of packet inconsistencies that are actually consistent (covered):  82
Number of packet inconsistencies the first race is already inconsistent:  24
Number of packet inconsistencies after trimming repeated races:  16
Number of packet inconsistent updates:  0
Number of races:  5356
Number of races filtered by time:  612
Number of commuting races:  4011
Number of harmful races:  390
Number of covered races:  343
Number of versions: 1
Inconsistent updates: 0
Done. Time elapsed: 5.47848701477 s
load_trace: 2.82516694069 s
detect_races: 0.484519958496 s
extract_traces_time: 0.067743062973 s
find_reactive_cmds_time: 3.50475311279e-05 s
find_proactive_cmds_time: 0.0887310504913 s
find_covered_races_time: 1.70201587677 s
per_packet_inconsistent_time: 0.30939912796 s
find_inconsistent_update_time: -0.000815868377686 s
Read 2046 events.
Added 2016 events.
Total write operations: 33
Total read operations: 660
Processing 528 w/w combinations
Updating has_path path cache...
10% 
20% 
30% 
40% 
50% 
60% 
70% 
80% 
90% 
100% 
Processing 21780 r/w combinations
10% 
20% 
30% 
40% 
50% 
60% 
70% 
80% 
90% 
100% 
Updating has_path path cache...
+-------------------------------------------+
| Total operations:      693                |
| Total write operations: 33                |
| Total read operations:  660               |
+-------------------------------------------+
| Total commuting races: 4011               |
| Total harmful races:   827                |
| Total filtered races:  0                  |
| Total Time Filtered races:  518           |
| Total Time Edges:      518                |
+-------------------------------------------+
Number of packet traces with races: 211
Number of packet inconsistencies:  100
Number of packet inconsistencies that are actually consistent (covered):  90
Number of packet inconsistencies the first race is already inconsistent:  21
Number of packet inconsistencies after trimming repeated races:  16
Number of packet inconsistent updates:  0
Number of races:  5356
Number of races filtered by time:  518
Number of commuting races:  4011
Number of harmful races:  439
Number of covered races:  388
Number of versions: 1
Inconsistent updates: 0
Done. Time elapsed: 5.56204009056 s
load_trace: 2.75785017014 s
detect_races: 0.469371795654 s
extract_traces_time: 0.0670981407166 s
find_reactive_cmds_time: 3.60012054443e-05 s
find_proactive_cmds_time: 0.0873708724976 s
find_covered_races_time: 1.84180808067 s
per_packet_inconsistent_time: 0.338113069534 s
find_inconsistent_update_time: -0.000339031219482 s
