Read 325 events.
Added 314 events.
Total write operations: 7
Total read operations: 70
Processing 21 w/w combinations
Updating has_path path cache...
10% 
20% 
30% 
40% 
50% 
60% 
70% 
80% 
90% 
100% 
Processing 490 r/w combinations
10% 
20% 
30% 
40% 
50% 
60% 
70% 
80% 
90% 
100% 
Updating has_path path cache...
+-------------------------------------------+
| Total operations:      77                 |
| Total write operations: 7                 |
| Total read operations:  70                |
+-------------------------------------------+
| Total commuting races: 223                |
| Total harmful races:   271                |
| Total filtered races:  0                  |
| Total Time Filtered races:  0             |
| Total Time Edges:      0                  |
+-------------------------------------------+
Number of packet traces with races: 70
Number of packet inconsistencies:  0
Number of packet inconsistencies that are actually consistent (covered):  64
Number of packet inconsistencies the first race is already inconsistent:  6
Number of packet inconsistencies after trimming repeated races:  0
Number of packet inconsistent updates:  0
Number of races:  494
Number of races filtered by time:  0
Number of commuting races:  223
Number of harmful races:  207
Number of covered races:  64
Number of versions: 5
Inconsistent updates: 0
Done. Time elapsed: 0.287496089935 s
load_trace: 0.1315741539 s
detect_races: 0.0320320129395 s
extract_traces_time: 0.00742793083191 s
find_reactive_cmds_time: 0.000142097473145 s
find_proactive_cmds_time: 0.0108177661896 s
find_covered_races_time: 0.0881052017212 s
per_packet_inconsistent_time: 0.0172889232635 s
find_inconsistent_update_time: -7.20024108887e-05 s
Read 325 events.
Added 314 events.
Total write operations: 7
Total read operations: 70
Processing 21 w/w combinations
Updating has_path path cache...
10% 
20% 
30% 
40% 
50% 
60% 
70% 
80% 
90% 
100% 
Processing 490 r/w combinations
10% 
20% 
30% 
40% 
50% 
60% 
70% 
80% 
90% 
100% 
Updating has_path path cache...
+-------------------------------------------+
| Total operations:      77                 |
| Total write operations: 7                 |
| Total read operations:  70                |
+-------------------------------------------+
| Total commuting races: 223                |
| Total harmful races:   0                  |
| Total filtered races:  0                  |
| Total Time Filtered races:  271           |
| Total Time Edges:      271                |
+-------------------------------------------+
Number of packet traces with races: 0
Number of packet inconsistencies:  0
Number of packet inconsistencies that are actually consistent (covered):  0
Number of packet inconsistencies the first race is already inconsistent:  0
Number of packet inconsistencies after trimming repeated races:  0
Number of packet inconsistent updates:  0
Number of races:  494
Number of races filtered by time:  271
Number of commuting races:  223
Number of harmful races:  0
Number of covered races:  0
Number of versions: 5
Inconsistent updates: 0
Done. Time elapsed: 0.213876962662 s
load_trace: 0.118668079376 s
detect_races: 0.0400919914246 s
extract_traces_time: 0.0164930820465 s
find_reactive_cmds_time: 0.000207901000977 s
find_proactive_cmds_time: 0.0111908912659 s
find_covered_races_time: 0.0268461704254 s
per_packet_inconsistent_time: 0.000339031219482 s
find_inconsistent_update_time: -5.96046447754e-06 s
Read 325 events.
Added 314 events.
Total write operations: 7
Total read operations: 70
Processing 21 w/w combinations
Updating has_path path cache...
10% 
20% 
30% 
40% 
50% 
60% 
70% 
80% 
90% 
100% 
Processing 490 r/w combinations
10% 
20% 
30% 
40% 
50% 
60% 
70% 
80% 
90% 
100% 
Updating has_path path cache...
+-------------------------------------------+
| Total operations:      77                 |
| Total write operations: 7                 |
| Total read operations:  70                |
+-------------------------------------------+
| Total commuting races: 223                |
| Total harmful races:   24                 |
| Total filtered races:  0                  |
| Total Time Filtered races:  247           |
| Total Time Edges:      247                |
+-------------------------------------------+
Number of packet traces with races: 10
Number of packet inconsistencies:  0
Number of packet inconsistencies that are actually consistent (covered):  0
Number of packet inconsistencies the first race is already inconsistent:  10
Number of packet inconsistencies after trimming repeated races:  0
Number of packet inconsistent updates:  0
Number of races:  494
Number of races filtered by time:  247
Number of commuting races:  223
Number of harmful races:  24
Number of covered races:  0
Number of versions: 5
Inconsistent updates: 0
Done. Time elapsed: 0.232542037964 s
load_trace: 0.122287988663 s
detect_races: 0.0386381149292 s
extract_traces_time: 0.0148890018463 s
find_reactive_cmds_time: 0.000165939331055 s
find_proactive_cmds_time: 0.0107820034027 s
find_covered_races_time: 0.043025970459 s
per_packet_inconsistent_time: 0.00269389152527 s
find_inconsistent_update_time: -1.50203704834e-05 s
Read 325 events.
Added 314 events.
Total write operations: 7
Total read operations: 70
Processing 21 w/w combinations
Updating has_path path cache...
10% 
20% 
30% 
40% 
50% 
60% 
70% 
80% 
90% 
100% 
Processing 490 r/w combinations
10% 
20% 
30% 
40% 
50% 
60% 
70% 
80% 
90% 
100% 
Updating has_path path cache...
+-------------------------------------------+
| Total operations:      77                 |
| Total write operations: 7                 |
| Total read operations:  70                |
+-------------------------------------------+
| Total commuting races: 223                |
| Total harmful races:   44                 |
| Total filtered races:  0                  |
| Total Time Filtered races:  227           |
| Total Time Edges:      227                |
+-------------------------------------------+
Number of packet traces with races: 18
Number of packet inconsistencies:  0
Number of packet inconsistencies that are actually consistent (covered):  0
Number of packet inconsistencies the first race is already inconsistent:  18
Number of packet inconsistencies after trimming repeated races:  0
Number of packet inconsistent updates:  0
Number of races:  494
Number of races filtered by time:  227
Number of commuting races:  223
Number of harmful races:  44
Number of covered races:  0
Number of versions: 5
Inconsistent updates: 0
Done. Time elapsed: 0.253832101822 s
load_trace: 0.120656013489 s
detect_races: 0.0418009757996 s
extract_traces_time: 0.0140700340271 s
find_reactive_cmds_time: 0.000159978866577 s
find_proactive_cmds_time: 0.0108859539032 s
find_covered_races_time: 0.0623691082001 s
per_packet_inconsistent_time: 0.00383710861206 s
find_inconsistent_update_time: -1.78813934326e-05 s
Read 325 events.
Added 314 events.
Total write operations: 7
Total read operations: 70
Processing 21 w/w combinations
Updating has_path path cache...
10% 
20% 
30% 
40% 
50% 
60% 
70% 
80% 
90% 
100% 
Processing 490 r/w combinations
10% 
20% 
30% 
40% 
50% 
60% 
70% 
80% 
90% 
100% 
Updating has_path path cache...
+-------------------------------------------+
| Total operations:      77                 |
| Total write operations: 7                 |
| Total read operations:  70                |
+-------------------------------------------+
| Total commuting races: 223                |
| Total harmful races:   66                 |
| Total filtered races:  0                  |
| Total Time Filtered races:  205           |
| Total Time Edges:      205                |
+-------------------------------------------+
Number of packet traces with races: 22
Number of packet inconsistencies:  0
Number of packet inconsistencies that are actually consistent (covered):  3
Number of packet inconsistencies the first race is already inconsistent:  19
Number of packet inconsistencies after trimming repeated races:  0
Number of packet inconsistent updates:  0
Number of races:  494
Number of races filtered by time:  205
Number of commuting races:  223
Number of harmful races:  63
Number of covered races:  3
Number of versions: 5
Inconsistent updates: 0
Done. Time elapsed: 0.276699066162 s
load_trace: 0.127470016479 s
detect_races: 0.0386300086975 s
extract_traces_time: 0.0160489082336 s
find_reactive_cmds_time: 0.000163078308105 s
find_proactive_cmds_time: 0.0111839771271 s
find_covered_races_time: 0.0765459537506 s
per_packet_inconsistent_time: 0.00658416748047 s
find_inconsistent_update_time: -2.98023223877e-05 s
Read 325 events.
Added 314 events.
Total write operations: 7
Total read operations: 70
Processing 21 w/w combinations
Updating has_path path cache...
10% 
20% 
30% 
40% 
50% 
60% 
70% 
80% 
90% 
100% 
Processing 490 r/w combinations
10% 
20% 
30% 
40% 
50% 
60% 
70% 
80% 
90% 
100% 
Updating has_path path cache...
+-------------------------------------------+
| Total operations:      77                 |
| Total write operations: 7                 |
| Total read operations:  70                |
+-------------------------------------------+
| Total commuting races: 223                |
| Total harmful races:   69                 |
| Total filtered races:  0                  |
| Total Time Filtered races:  202           |
| Total Time Edges:      202                |
+-------------------------------------------+
Number of packet traces with races: 22
Number of packet inconsistencies:  0
Number of packet inconsistencies that are actually consistent (covered):  6
Number of packet inconsistencies the first race is already inconsistent:  16
Number of packet inconsistencies after trimming repeated races:  0
Number of packet inconsistent updates:  0
Number of races:  494
Number of races filtered by time:  202
Number of commuting races:  223
Number of harmful races:  63
Number of covered races:  6
Number of versions: 5
Inconsistent updates: 0
Done. Time elapsed: 0.264302015305 s
load_trace: 0.122256040573 s
detect_races: 0.0371658802032 s
extract_traces_time: 0.0133240222931 s
find_reactive_cmds_time: 0.000157117843628 s
find_proactive_cmds_time: 0.0110650062561 s
find_covered_races_time: 0.073086977005 s
per_packet_inconsistent_time: 0.00717687606812 s
find_inconsistent_update_time: -2.8133392334e-05 s
Read 325 events.
Added 314 events.
Total write operations: 7
Total read operations: 70
Processing 21 w/w combinations
Updating has_path path cache...
10% 
20% 
30% 
40% 
50% 
60% 
70% 
80% 
90% 
100% 
Processing 490 r/w combinations
10% 
20% 
30% 
40% 
50% 
60% 
70% 
80% 
90% 
100% 
Updating has_path path cache...
+-------------------------------------------+
| Total operations:      77                 |
| Total write operations: 7                 |
| Total read operations:  70                |
+-------------------------------------------+
| Total commuting races: 223                |
| Total harmful races:   85                 |
| Total filtered races:  0                  |
| Total Time Filtered races:  186           |
| Total Time Edges:      186                |
+-------------------------------------------+
Number of packet traces with races: 24
Number of packet inconsistencies:  0
Number of packet inconsistencies that are actually consistent (covered):  16
Number of packet inconsistencies the first race is already inconsistent:  8
Number of packet inconsistencies after trimming repeated races:  0
Number of packet inconsistent updates:  0
Number of races:  494
Number of races filtered by time:  186
Number of commuting races:  223
Number of harmful races:  69
Number of covered races:  16
Number of versions: 5
Inconsistent updates: 0
Done. Time elapsed: 0.262449979782 s
load_trace: 0.117408037186 s
detect_races: 0.0368368625641 s
extract_traces_time: 0.0132300853729 s
find_reactive_cmds_time: 0.000158071517944 s
find_proactive_cmds_time: 0.0113198757172 s
find_covered_races_time: 0.0772681236267 s
per_packet_inconsistent_time: 0.0061469078064 s
find_inconsistent_update_time: -4.29153442383e-05 s
Read 325 events.
Added 314 events.
Total write operations: 7
Total read operations: 70
Processing 21 w/w combinations
Updating has_path path cache...
10% 
20% 
30% 
40% 
50% 
60% 
70% 
80% 
90% 
100% 
Processing 490 r/w combinations
10% 
20% 
30% 
40% 
50% 
60% 
70% 
80% 
90% 
100% 
Updating has_path path cache...
+-------------------------------------------+
| Total operations:      77                 |
| Total write operations: 7                 |
| Total read operations:  70                |
+-------------------------------------------+
| Total commuting races: 223                |
| Total harmful races:   97                 |
| Total filtered races:  0                  |
| Total Time Filtered races:  174           |
| Total Time Edges:      174                |
+-------------------------------------------+
Number of packet traces with races: 28
Number of packet inconsistencies:  0
Number of packet inconsistencies that are actually consistent (covered):  16
Number of packet inconsistencies the first race is already inconsistent:  12
Number of packet inconsistencies after trimming repeated races:  0
Number of packet inconsistent updates:  0
Number of races:  494
Number of races filtered by time:  174
Number of commuting races:  223
Number of harmful races:  81
Number of covered races:  16
Number of versions: 5
Inconsistent updates: 0
Done. Time elapsed: 0.283174991608 s
load_trace: 0.122833967209 s
detect_races: 0.0365788936615 s
extract_traces_time: 0.0140011310577 s
find_reactive_cmds_time: 0.000339984893799 s
find_proactive_cmds_time: 0.0132458209991 s
find_covered_races_time: 0.0877301692963 s
per_packet_inconsistent_time: 0.00837397575378 s
find_inconsistent_update_time: -3.19480895996e-05 s
Read 325 events.
Added 314 events.
Total write operations: 7
Total read operations: 70
Processing 21 w/w combinations
Updating has_path path cache...
10% 
20% 
30% 
40% 
50% 
60% 
70% 
80% 
90% 
100% 
Processing 490 r/w combinations
10% 
20% 
30% 
40% 
50% 
60% 
70% 
80% 
90% 
100% 
Updating has_path path cache...
+-------------------------------------------+
| Total operations:      77                 |
| Total write operations: 7                 |
| Total read operations:  70                |
+-------------------------------------------+
| Total commuting races: 223                |
| Total harmful races:   116                |
| Total filtered races:  0                  |
| Total Time Filtered races:  155           |
| Total Time Edges:      155                |
+-------------------------------------------+
Number of packet traces with races: 35
Number of packet inconsistencies:  0
Number of packet inconsistencies that are actually consistent (covered):  17
Number of packet inconsistencies the first race is already inconsistent:  18
Number of packet inconsistencies after trimming repeated races:  0
Number of packet inconsistent updates:  0
Number of races:  494
Number of races filtered by time:  155
Number of commuting races:  223
Number of harmful races:  99
Number of covered races:  17
Number of versions: 5
Inconsistent updates: 0
Done. Time elapsed: 0.286180973053 s
load_trace: 0.121411085129 s
detect_races: 0.0360760688782 s
extract_traces_time: 0.0159518718719 s
find_reactive_cmds_time: 0.000203132629395 s
find_proactive_cmds_time: 0.0114269256592 s
find_covered_races_time: 0.0929288864136 s
per_packet_inconsistent_time: 0.00811100006104 s
find_inconsistent_update_time: -3.71932983398e-05 s
Read 325 events.
Added 314 events.
Total write operations: 7
Total read operations: 70
Processing 21 w/w combinations
Updating has_path path cache...
10% 
20% 
30% 
40% 
50% 
60% 
70% 
80% 
90% 
100% 
Processing 490 r/w combinations
10% 
20% 
30% 
40% 
50% 
60% 
70% 
80% 
90% 
100% 
Updating has_path path cache...
+-------------------------------------------+
| Total operations:      77                 |
| Total write operations: 7                 |
| Total read operations:  70                |
+-------------------------------------------+
| Total commuting races: 223                |
| Total harmful races:   127                |
| Total filtered races:  0                  |
| Total Time Filtered races:  144           |
| Total Time Edges:      144                |
+-------------------------------------------+
Number of packet traces with races: 36
Number of packet inconsistencies:  0
Number of packet inconsistencies that are actually consistent (covered):  22
Number of packet inconsistencies the first race is already inconsistent:  14
Number of packet inconsistencies after trimming repeated races:  0
Number of packet inconsistent updates:  0
Number of races:  494
Number of races filtered by time:  144
Number of commuting races:  223
Number of harmful races:  105
Number of covered races:  22
Number of versions: 5
Inconsistent updates: 0
Done. Time elapsed: 0.281669855118 s
load_trace: 0.117879867554 s
detect_races: 0.036740064621 s
extract_traces_time: 0.0117259025574 s
find_reactive_cmds_time: 0.000153064727783 s
find_proactive_cmds_time: 0.0107581615448 s
find_covered_races_time: 0.0957767963409 s
per_packet_inconsistent_time: 0.00855803489685 s
find_inconsistent_update_time: -3.91006469727e-05 s
Read 325 events.
Added 314 events.
Total write operations: 7
Total read operations: 70
Processing 21 w/w combinations
Updating has_path path cache...
10% 
20% 
30% 
40% 
50% 
60% 
70% 
80% 
90% 
100% 
Processing 490 r/w combinations
10% 
20% 
30% 
40% 
50% 
60% 
70% 
80% 
90% 
100% 
Updating has_path path cache...
+-------------------------------------------+
| Total operations:      77                 |
| Total write operations: 7                 |
| Total read operations:  70                |
+-------------------------------------------+
| Total commuting races: 223                |
| Total harmful races:   151                |
| Total filtered races:  0                  |
| Total Time Filtered races:  120           |
| Total Time Edges:      120                |
+-------------------------------------------+
Number of packet traces with races: 43
Number of packet inconsistencies:  0
Number of packet inconsistencies that are actually consistent (covered):  27
Number of packet inconsistencies the first race is already inconsistent:  16
Number of packet inconsistencies after trimming repeated races:  0
Number of packet inconsistent updates:  0
Number of races:  494
Number of races filtered by time:  120
Number of commuting races:  223
Number of harmful races:  124
Number of covered races:  27
Number of versions: 5
Inconsistent updates: 0
Done. Time elapsed: 0.298194885254 s
load_trace: 0.116400003433 s
detect_races: 0.0392708778381 s
extract_traces_time: 0.0103731155396 s
find_reactive_cmds_time: 0.000146865844727 s
find_proactive_cmds_time: 0.0118479728699 s
find_covered_races_time: 0.109981060028 s
per_packet_inconsistent_time: 0.0100889205933 s
find_inconsistent_update_time: -4.91142272949e-05 s
Read 325 events.
Added 314 events.
Total write operations: 7
Total read operations: 70
Processing 21 w/w combinations
Updating has_path path cache...
10% 
20% 
30% 
40% 
50% 
60% 
70% 
80% 
90% 
100% 
Processing 490 r/w combinations
10% 
20% 
30% 
40% 
50% 
60% 
70% 
80% 
90% 
100% 
Updating has_path path cache...
+-------------------------------------------+
| Total operations:      77                 |
| Total write operations: 7                 |
| Total read operations:  70                |
+-------------------------------------------+
| Total commuting races: 223                |
| Total harmful races:   166                |
| Total filtered races:  0                  |
| Total Time Filtered races:  105           |
| Total Time Edges:      105                |
+-------------------------------------------+
Number of packet traces with races: 47
Number of packet inconsistencies:  0
Number of packet inconsistencies that are actually consistent (covered):  30
Number of packet inconsistencies the first race is already inconsistent:  17
Number of packet inconsistencies after trimming repeated races:  0
Number of packet inconsistent updates:  0
Number of races:  494
Number of races filtered by time:  105
Number of commuting races:  223
Number of harmful races:  136
Number of covered races:  30
Number of versions: 5
Inconsistent updates: 0
Done. Time elapsed: 0.293621063232 s
load_trace: 0.118766069412 s
detect_races: 0.0346570014954 s
extract_traces_time: 0.00993990898132 s
find_reactive_cmds_time: 0.000147104263306 s
find_proactive_cmds_time: 0.0119299888611 s
find_covered_races_time: 0.10711812973 s
per_packet_inconsistent_time: 0.0109798908234 s
find_inconsistent_update_time: -4.79221343994e-05 s
