Read 586 events.
Added 355 events.
Total write operations: 194
Total read operations: 39
Processing 18721 w/w combinations
Updating has_path path cache...
10% 
20% 
30% 
40% 
50% 
60% 
70% 
80% 
90% 
100% 
Processing 7566 r/w combinations
10% 
20% 
30% 
40% 
50% 
60% 
70% 
80% 
90% 
100% 
Updating has_path path cache...
+-------------------------------------------+
| Total operations:      233                |
| Total write operations: 194               |
| Total read operations:  39                |
+-------------------------------------------+
| Total commuting races: 23980              |
| Total harmful races:   2114               |
| Total filtered races:  0                  |
| Total Time Filtered races:  0             |
| Total Time Edges:      0                  |
+-------------------------------------------+
Number of packet traces with races: 39
Number of packet inconsistencies:  0
Number of packet inconsistencies that are actually consistent (covered):  32
Number of packet inconsistencies the first race is already inconsistent:  7
Number of packet inconsistencies after trimming repeated races:  0
Number of packet inconsistent updates:  704
Number of races:  26094
Number of races filtered by time:  0
Number of commuting races:  23980
Number of harmful races:  2082
Number of covered races:  32
Number of versions: 10
Inconsistent updates: 1
Done. Time elapsed: 1.83067178726 s
load_trace: 0.570235967636 s
detect_races: 0.957681894302 s
extract_traces_time: 0.00591802597046 s
find_reactive_cmds_time: 0.000179052352905 s
find_proactive_cmds_time: 0.0853500366211 s
find_covered_races_time: 0.0991938114166 s
per_packet_inconsistent_time: 0.103595018387 s
find_inconsistent_update_time: -0.00846314430237 s
Read 586 events.
Added 355 events.
Total write operations: 194
Total read operations: 39
Processing 18721 w/w combinations
Updating has_path path cache...
10% 
20% 
30% 
40% 
50% 
60% 
70% 
80% 
90% 
100% 
Processing 7566 r/w combinations
10% 
20% 
30% 
40% 
50% 
60% 
70% 
80% 
90% 
100% 
Updating has_path path cache...
+-------------------------------------------+
| Total operations:      233                |
| Total write operations: 194               |
| Total read operations:  39                |
+-------------------------------------------+
| Total commuting races: 23980              |
| Total harmful races:   0                  |
| Total filtered races:  0                  |
| Total Time Filtered races:  2114          |
| Total Time Edges:      2114               |
+-------------------------------------------+
Number of packet traces with races: 0
Number of packet inconsistencies:  0
Number of packet inconsistencies that are actually consistent (covered):  0
Number of packet inconsistencies the first race is already inconsistent:  0
Number of packet inconsistencies after trimming repeated races:  0
Number of packet inconsistent updates:  0
Number of races:  26094
Number of races filtered by time:  2114
Number of commuting races:  23980
Number of harmful races:  0
Number of covered races:  0
Number of versions: 10
Inconsistent updates: 0
Done. Time elapsed: 1.73014712334 s
load_trace: 0.515022993088 s
detect_races: 1.04741311073 s
extract_traces_time: 0.0706388950348 s
find_reactive_cmds_time: 0.000845193862915 s
find_proactive_cmds_time: 0.0824069976807 s
find_covered_races_time: 0.0133898258209 s
per_packet_inconsistent_time: 0.000370979309082 s
find_inconsistent_update_time: -2.00271606445e-05 s
Read 586 events.
Added 355 events.
Total write operations: 194
Total read operations: 39
Processing 18721 w/w combinations
Updating has_path path cache...
10% 
20% 
30% 
40% 
50% 
60% 
70% 
80% 
90% 
100% 
Processing 7566 r/w combinations
10% 
20% 
30% 
40% 
50% 
60% 
70% 
80% 
90% 
100% 
Updating has_path path cache...
+-------------------------------------------+
| Total operations:      233                |
| Total write operations: 194               |
| Total read operations:  39                |
+-------------------------------------------+
| Total commuting races: 23980              |
| Total harmful races:   120                |
| Total filtered races:  0                  |
| Total Time Filtered races:  1994          |
| Total Time Edges:      1994               |
+-------------------------------------------+
Number of packet traces with races: 26
Number of packet inconsistencies:  0
Number of packet inconsistencies that are actually consistent (covered):  0
Number of packet inconsistencies the first race is already inconsistent:  26
Number of packet inconsistencies after trimming repeated races:  0
Number of packet inconsistent updates:  0
Number of races:  26094
Number of races filtered by time:  1994
Number of commuting races:  23980
Number of harmful races:  120
Number of covered races:  0
Number of versions: 10
Inconsistent updates: 0
Done. Time elapsed: 1.78400492668 s
load_trace: 0.520666837692 s
detect_races: 1.03820800781 s
extract_traces_time: 0.0417280197144 s
find_reactive_cmds_time: 0.000136137008667 s
find_proactive_cmds_time: 0.0818629264832 s
find_covered_races_time: 0.0951719284058 s
per_packet_inconsistent_time: 0.00590395927429 s
find_inconsistent_update_time: -0.000280141830444 s
Read 586 events.
Added 355 events.
Total write operations: 194
Total read operations: 39
Processing 18721 w/w combinations
Updating has_path path cache...
10% 
20% 
30% 
40% 
50% 
60% 
70% 
80% 
90% 
100% 
Processing 7566 r/w combinations
10% 
20% 
30% 
40% 
50% 
60% 
70% 
80% 
90% 
100% 
Updating has_path path cache...
+-------------------------------------------+
| Total operations:      233                |
| Total write operations: 194               |
| Total read operations:  39                |
+-------------------------------------------+
| Total commuting races: 23980              |
| Total harmful races:   294                |
| Total filtered races:  0                  |
| Total Time Filtered races:  1820          |
| Total Time Edges:      1820               |
+-------------------------------------------+
Number of packet traces with races: 37
Number of packet inconsistencies:  0
Number of packet inconsistencies that are actually consistent (covered):  0
Number of packet inconsistencies the first race is already inconsistent:  37
Number of packet inconsistencies after trimming repeated races:  0
Number of packet inconsistent updates:  12
Number of races:  26094
Number of races filtered by time:  1820
Number of commuting races:  23980
Number of harmful races:  294
Number of covered races:  0
Number of versions: 10
Inconsistent updates: 1
Done. Time elapsed: 1.97948598862 s
load_trace: 0.543377161026 s
detect_races: 1.14245295525 s
extract_traces_time: 0.0348608493805 s
find_reactive_cmds_time: 0.0001380443573 s
find_proactive_cmds_time: 0.083281993866 s
find_covered_races_time: 0.16067814827 s
per_packet_inconsistent_time: 0.0140810012817 s
find_inconsistent_update_time: -0.00056791305542 s
Read 586 events.
Added 355 events.
Total write operations: 194
Total read operations: 39
Processing 18721 w/w combinations
Updating has_path path cache...
10% 
20% 
30% 
40% 
50% 
60% 
70% 
80% 
90% 
100% 
Processing 7566 r/w combinations
10% 
20% 
30% 
40% 
50% 
60% 
70% 
80% 
90% 
100% 
Updating has_path path cache...
+-------------------------------------------+
| Total operations:      233                |
| Total write operations: 194               |
| Total read operations:  39                |
+-------------------------------------------+
| Total commuting races: 23980              |
| Total harmful races:   484                |
| Total filtered races:  0                  |
| Total Time Filtered races:  1630          |
| Total Time Edges:      1630               |
+-------------------------------------------+
Number of packet traces with races: 39
Number of packet inconsistencies:  0
Number of packet inconsistencies that are actually consistent (covered):  0
Number of packet inconsistencies the first race is already inconsistent:  39
Number of packet inconsistencies after trimming repeated races:  0
Number of packet inconsistent updates:  34
Number of races:  26094
Number of races filtered by time:  1630
Number of commuting races:  23980
Number of harmful races:  484
Number of covered races:  0
Number of versions: 10
Inconsistent updates: 1
Done. Time elapsed: 1.91015911102 s
load_trace: 0.547577142715 s
detect_races: 1.04366278648 s
extract_traces_time: 0.0218091011047 s
find_reactive_cmds_time: 0.000135898590088 s
find_proactive_cmds_time: 0.0826661586761 s
find_covered_races_time: 0.188598871231 s
per_packet_inconsistent_time: 0.0246870517731 s
find_inconsistent_update_time: -0.000972986221313 s
Read 586 events.
Added 355 events.
Total write operations: 194
Total read operations: 39
Processing 18721 w/w combinations
Updating has_path path cache...
10% 
20% 
30% 
40% 
50% 
60% 
70% 
80% 
90% 
100% 
Processing 7566 r/w combinations
10% 
20% 
30% 
40% 
50% 
60% 
70% 
80% 
90% 
100% 
Updating has_path path cache...
+-------------------------------------------+
| Total operations:      233                |
| Total write operations: 194               |
| Total read operations:  39                |
+-------------------------------------------+
| Total commuting races: 23980              |
| Total harmful races:   677                |
| Total filtered races:  0                  |
| Total Time Filtered races:  1437          |
| Total Time Edges:      1437               |
+-------------------------------------------+
Number of packet traces with races: 39
Number of packet inconsistencies:  0
Number of packet inconsistencies that are actually consistent (covered):  0
Number of packet inconsistencies the first race is already inconsistent:  39
Number of packet inconsistencies after trimming repeated races:  0
Number of packet inconsistent updates:  62
Number of races:  26094
Number of races filtered by time:  1437
Number of commuting races:  23980
Number of harmful races:  677
Number of covered races:  0
Number of versions: 10
Inconsistent updates: 1
Done. Time elapsed: 1.84679603577 s
load_trace: 0.518154144287 s
detect_races: 1.01323986053 s
extract_traces_time: 0.0143449306488 s
find_reactive_cmds_time: 0.000128030776978 s
find_proactive_cmds_time: 0.0864000320435 s
find_covered_races_time: 0.18231511116 s
per_packet_inconsistent_time: 0.0308089256287 s
find_inconsistent_update_time: -0.00135803222656 s
Read 586 events.
Added 355 events.
Total write operations: 194
Total read operations: 39
Processing 18721 w/w combinations
Updating has_path path cache...
10% 
20% 
30% 
40% 
50% 
60% 
70% 
80% 
90% 
100% 
Processing 7566 r/w combinations
10% 
20% 
30% 
40% 
50% 
60% 
70% 
80% 
90% 
100% 
Updating has_path path cache...
+-------------------------------------------+
| Total operations:      233                |
| Total write operations: 194               |
| Total read operations:  39                |
+-------------------------------------------+
| Total commuting races: 23980              |
| Total harmful races:   862                |
| Total filtered races:  0                  |
| Total Time Filtered races:  1252          |
| Total Time Edges:      1252               |
+-------------------------------------------+
Number of packet traces with races: 39
Number of packet inconsistencies:  0
Number of packet inconsistencies that are actually consistent (covered):  1
Number of packet inconsistencies the first race is already inconsistent:  38
Number of packet inconsistencies after trimming repeated races:  0
Number of packet inconsistent updates:  110
Number of races:  26094
Number of races filtered by time:  1252
Number of commuting races:  23980
Number of harmful races:  861
Number of covered races:  1
Number of versions: 10
Inconsistent updates: 1
Done. Time elapsed: 2.02998399734 s
load_trace: 0.63923406601 s
detect_races: 1.08002209663 s
extract_traces_time: 0.0124130249023 s
find_reactive_cmds_time: 0.000126838684082 s
find_proactive_cmds_time: 0.0850150585175 s
find_covered_races_time: 0.172336101532 s
per_packet_inconsistent_time: 0.0386259555817 s
find_inconsistent_update_time: -0.00216102600098 s
Read 586 events.
Added 355 events.
Total write operations: 194
Total read operations: 39
Processing 18721 w/w combinations
Updating has_path path cache...
10% 
20% 
30% 
40% 
50% 
60% 
70% 
80% 
90% 
100% 
Processing 7566 r/w combinations
10% 
20% 
30% 
40% 
50% 
60% 
70% 
80% 
90% 
100% 
Updating has_path path cache...
+-------------------------------------------+
| Total operations:      233                |
| Total write operations: 194               |
| Total read operations:  39                |
+-------------------------------------------+
| Total commuting races: 23980              |
| Total harmful races:   1001               |
| Total filtered races:  0                  |
| Total Time Filtered races:  1113          |
| Total Time Edges:      1113               |
+-------------------------------------------+
Number of packet traces with races: 39
Number of packet inconsistencies:  0
Number of packet inconsistencies that are actually consistent (covered):  2
Number of packet inconsistencies the first race is already inconsistent:  37
Number of packet inconsistencies after trimming repeated races:  0
Number of packet inconsistent updates:  152
Number of races:  26094
Number of races filtered by time:  1113
Number of commuting races:  23980
Number of harmful races:  999
Number of covered races:  2
Number of versions: 10
Inconsistent updates: 1
Done. Time elapsed: 1.85929203033 s
load_trace: 0.531133174896 s
detect_races: 1.02848601341 s
extract_traces_time: 0.00987601280212 s
find_reactive_cmds_time: 0.000124931335449 s
find_proactive_cmds_time: 0.0829319953918 s
find_covered_races_time: 0.159143924713 s
per_packet_inconsistent_time: 0.0451560020447 s
find_inconsistent_update_time: -0.00239205360413 s
Read 586 events.
Added 355 events.
Total write operations: 194
Total read operations: 39
Processing 18721 w/w combinations
Updating has_path path cache...
10% 
20% 
30% 
40% 
50% 
60% 
70% 
80% 
90% 
100% 
Processing 7566 r/w combinations
10% 
20% 
30% 
40% 
50% 
60% 
70% 
80% 
90% 
100% 
Updating has_path path cache...
+-------------------------------------------+
| Total operations:      233                |
| Total write operations: 194               |
| Total read operations:  39                |
+-------------------------------------------+
| Total commuting races: 23980              |
| Total harmful races:   1128               |
| Total filtered races:  0                  |
| Total Time Filtered races:  986           |
| Total Time Edges:      986                |
+-------------------------------------------+
Number of packet traces with races: 39
Number of packet inconsistencies:  0
Number of packet inconsistencies that are actually consistent (covered):  2
Number of packet inconsistencies the first race is already inconsistent:  37
Number of packet inconsistencies after trimming repeated races:  0
Number of packet inconsistent updates:  200
Number of races:  26094
Number of races filtered by time:  986
Number of commuting races:  23980
Number of harmful races:  1126
Number of covered races:  2
Number of versions: 10
Inconsistent updates: 1
Done. Time elapsed: 1.85271215439 s
load_trace: 0.517251014709 s
detect_races: 1.02246904373 s
extract_traces_time: 0.00946712493896 s
find_reactive_cmds_time: 0.000142812728882 s
find_proactive_cmds_time: 0.089161157608 s
find_covered_races_time: 0.158580064774 s
per_packet_inconsistent_time: 0.052845954895 s
find_inconsistent_update_time: -0.00274586677551 s
Read 586 events.
Added 355 events.
Total write operations: 194
Total read operations: 39
Processing 18721 w/w combinations
Updating has_path path cache...
10% 
20% 
30% 
40% 
50% 
60% 
70% 
80% 
90% 
100% 
Processing 7566 r/w combinations
10% 
20% 
30% 
40% 
50% 
60% 
70% 
80% 
90% 
100% 
Updating has_path path cache...
+-------------------------------------------+
| Total operations:      233                |
| Total write operations: 194               |
| Total read operations:  39                |
+-------------------------------------------+
| Total commuting races: 23980              |
| Total harmful races:   1237               |
| Total filtered races:  0                  |
| Total Time Filtered races:  877           |
| Total Time Edges:      877                |
+-------------------------------------------+
Number of packet traces with races: 39
Number of packet inconsistencies:  0
Number of packet inconsistencies that are actually consistent (covered):  2
Number of packet inconsistencies the first race is already inconsistent:  37
Number of packet inconsistencies after trimming repeated races:  0
Number of packet inconsistent updates:  252
Number of races:  26094
Number of races filtered by time:  877
Number of commuting races:  23980
Number of harmful races:  1235
Number of covered races:  2
Number of versions: 10
Inconsistent updates: 1
Done. Time elapsed: 1.91405892372 s
load_trace: 0.603526115417 s
detect_races: 1.01035284996 s
extract_traces_time: 0.00834202766418 s
find_reactive_cmds_time: 0.000128984451294 s
find_proactive_cmds_time: 0.0840101242065 s
find_covered_races_time: 0.148102998734 s
per_packet_inconsistent_time: 0.056361913681 s
find_inconsistent_update_time: -0.00318598747253 s
Read 586 events.
Added 355 events.
Total write operations: 194
Total read operations: 39
Processing 18721 w/w combinations
Updating has_path path cache...
10% 
20% 
30% 
40% 
50% 
60% 
70% 
80% 
90% 
100% 
Processing 7566 r/w combinations
10% 
20% 
30% 
40% 
50% 
60% 
70% 
80% 
90% 
100% 
Updating has_path path cache...
+-------------------------------------------+
| Total operations:      233                |
| Total write operations: 194               |
| Total read operations:  39                |
+-------------------------------------------+
| Total commuting races: 23980              |
| Total harmful races:   1360               |
| Total filtered races:  0                  |
| Total Time Filtered races:  754           |
| Total Time Edges:      754                |
+-------------------------------------------+
Number of packet traces with races: 39
Number of packet inconsistencies:  0
Number of packet inconsistencies that are actually consistent (covered):  2
Number of packet inconsistencies the first race is already inconsistent:  37
Number of packet inconsistencies after trimming repeated races:  0
Number of packet inconsistent updates:  320
Number of races:  26094
Number of races filtered by time:  754
Number of commuting races:  23980
Number of harmful races:  1358
Number of covered races:  2
Number of versions: 10
Inconsistent updates: 1
Done. Time elapsed: 1.82404303551 s
load_trace: 0.510280132294 s
detect_races: 1.0068230629 s
extract_traces_time: 0.00823497772217 s
find_reactive_cmds_time: 0.000123977661133 s
find_proactive_cmds_time: 0.0888528823853 s
find_covered_races_time: 0.140881061554 s
per_packet_inconsistent_time: 0.064474105835 s
find_inconsistent_update_time: -0.0043158531189 s
Read 586 events.
Added 355 events.
Total write operations: 194
Total read operations: 39
Processing 18721 w/w combinations
Updating has_path path cache...
10% 
20% 
30% 
40% 
50% 
60% 
70% 
80% 
90% 
100% 
Processing 7566 r/w combinations
10% 
20% 
30% 
40% 
50% 
60% 
70% 
80% 
90% 
100% 
Updating has_path path cache...
+-------------------------------------------+
| Total operations:      233                |
| Total write operations: 194               |
| Total read operations:  39                |
+-------------------------------------------+
| Total commuting races: 23980              |
| Total harmful races:   1495               |
| Total filtered races:  0                  |
| Total Time Filtered races:  619           |
| Total Time Edges:      619                |
+-------------------------------------------+
Number of packet traces with races: 39
Number of packet inconsistencies:  0
Number of packet inconsistencies that are actually consistent (covered):  4
Number of packet inconsistencies the first race is already inconsistent:  35
Number of packet inconsistencies after trimming repeated races:  0
Number of packet inconsistent updates:  416
Number of races:  26094
Number of races filtered by time:  619
Number of commuting races:  23980
Number of harmful races:  1491
Number of covered races:  4
Number of versions: 10
Inconsistent updates: 1
Done. Time elapsed: 2.11220192909 s
load_trace: 0.523240089417 s
detect_races: 1.25173687935 s
extract_traces_time: 0.0102000236511 s
find_reactive_cmds_time: 0.000143051147461 s
find_proactive_cmds_time: 0.0996508598328 s
find_covered_races_time: 0.147329092026 s
per_packet_inconsistent_time: 0.0751650333405 s
find_inconsistent_update_time: -0.00468492507935 s
