Read 4538 events.
Added 4508 events.
Total write operations: 34
Total read operations: 1489
Processing 561 w/w combinations
Updating has_path path cache...
10% 
20% 
30% 
40% 
50% 
60% 
70% 
80% 
90% 
100% 
Processing 50626 r/w combinations
10% 
20% 
30% 
40% 
50% 
60% 
70% 
80% 
90% 
100% 
Updating has_path path cache...
+-------------------------------------------+
| Total operations:      1523               |
| Total write operations: 34                |
| Total read operations:  1489              |
+-------------------------------------------+
| Total commuting races: 9324               |
| Total harmful races:   3017               |
| Total filtered races:  0                  |
| Total Time Filtered races:  0             |
| Total Time Edges:      0                  |
+-------------------------------------------+
Number of packet traces with races: 726
Number of packet inconsistencies:  366
Number of packet inconsistencies that are actually consistent (covered):  360
Number of packet inconsistencies the first race is already inconsistent:  0
Number of packet inconsistencies after trimming repeated races:  19
Number of packet inconsistent updates:  0
Number of races:  12341
Number of races filtered by time:  0
Number of commuting races:  9324
Number of harmful races:  1528
Number of covered races:  1489
Number of versions: 1
Inconsistent updates: 0
Done. Time elapsed: 24.3467020988 s
load_trace: 7.73284316063 s
detect_races: 1.0245988369 s
extract_traces_time: 0.167115211487 s
find_reactive_cmds_time: 3.60012054443e-05 s
find_proactive_cmds_time: 0.103707790375 s
find_covered_races_time: 11.9755001068 s
per_packet_inconsistent_time: 3.34136104584 s
find_inconsistent_update_time: -0.00148606300354 s
Read 4538 events.
Added 4508 events.
Total write operations: 34
Total read operations: 1489
Processing 561 w/w combinations
Updating has_path path cache...
10% 
20% 
30% 
40% 
50% 
60% 
70% 
80% 
90% 
100% 
Processing 50626 r/w combinations
10% 
20% 
30% 
40% 
50% 
60% 
70% 
80% 
90% 
100% 
Updating has_path path cache...
+-------------------------------------------+
| Total operations:      1523               |
| Total write operations: 34                |
| Total read operations:  1489              |
+-------------------------------------------+
| Total commuting races: 9324               |
| Total harmful races:   0                  |
| Total filtered races:  0                  |
| Total Time Filtered races:  3017          |
| Total Time Edges:      3017               |
+-------------------------------------------+
Number of packet traces with races: 0
Number of packet inconsistencies:  0
Number of packet inconsistencies that are actually consistent (covered):  0
Number of packet inconsistencies the first race is already inconsistent:  0
Number of packet inconsistencies after trimming repeated races:  0
Number of packet inconsistent updates:  0
Number of races:  12341
Number of races filtered by time:  3017
Number of commuting races:  9324
Number of harmful races:  0
Number of covered races:  0
Number of versions: 1
Inconsistent updates: 0
Done. Time elapsed: 13.6221389771 s
load_trace: 6.14990305901 s
detect_races: 1.39231491089 s
extract_traces_time: 0.661597967148 s
find_reactive_cmds_time: 3.91006469727e-05 s
find_proactive_cmds_time: 0.0984649658203 s
find_covered_races_time: 5.31474399567 s
per_packet_inconsistent_time: 0.00501585006714 s
find_inconsistent_update_time: -1.21593475342e-05 s
Read 4538 events.
Added 4508 events.
Total write operations: 34
Total read operations: 1489
Processing 561 w/w combinations
Updating has_path path cache...
10% 
20% 
30% 
40% 
50% 
60% 
70% 
80% 
90% 
100% 
Processing 50626 r/w combinations
10% 
20% 
30% 
40% 
50% 
60% 
70% 
80% 
90% 
100% 
Updating has_path path cache...
+-------------------------------------------+
| Total operations:      1523               |
| Total write operations: 34                |
| Total read operations:  1489              |
+-------------------------------------------+
| Total commuting races: 9324               |
| Total harmful races:   11                 |
| Total filtered races:  0                  |
| Total Time Filtered races:  3006          |
| Total Time Edges:      3006               |
+-------------------------------------------+
Number of packet traces with races: 11
Number of packet inconsistencies:  1
Number of packet inconsistencies that are actually consistent (covered):  0
Number of packet inconsistencies the first race is already inconsistent:  10
Number of packet inconsistencies after trimming repeated races:  1
Number of packet inconsistent updates:  0
Number of races:  12341
Number of races filtered by time:  3006
Number of commuting races:  9324
Number of harmful races:  11
Number of covered races:  0
Number of versions: 1
Inconsistent updates: 0
Done. Time elapsed: 14.3314361572 s
load_trace: 6.21610403061 s
detect_races: 1.46392798424 s
extract_traces_time: 0.620800971985 s
find_reactive_cmds_time: 3.91006469727e-05 s
find_proactive_cmds_time: 0.0927770137787 s
find_covered_races_time: 5.92409396172 s
per_packet_inconsistent_time: 0.0136239528656 s
find_inconsistent_update_time: -1.90734863281e-05 s
Read 4538 events.
Added 4508 events.
Total write operations: 34
Total read operations: 1489
Processing 561 w/w combinations
Updating has_path path cache...
10% 
20% 
30% 
40% 
50% 
60% 
70% 
80% 
90% 
100% 
Processing 50626 r/w combinations
10% 
20% 
30% 
40% 
50% 
60% 
70% 
80% 
90% 
100% 
Updating has_path path cache...
+-------------------------------------------+
| Total operations:      1523               |
| Total write operations: 34                |
| Total read operations:  1489              |
+-------------------------------------------+
| Total commuting races: 9324               |
| Total harmful races:   19                 |
| Total filtered races:  0                  |
| Total Time Filtered races:  2998          |
| Total Time Edges:      2998               |
+-------------------------------------------+
Number of packet traces with races: 19
Number of packet inconsistencies:  2
Number of packet inconsistencies that are actually consistent (covered):  0
Number of packet inconsistencies the first race is already inconsistent:  17
Number of packet inconsistencies after trimming repeated races:  1
Number of packet inconsistent updates:  0
Number of races:  12341
Number of races filtered by time:  2998
Number of commuting races:  9324
Number of harmful races:  19
Number of covered races:  0
Number of versions: 1
Inconsistent updates: 0
Done. Time elapsed: 14.6453750134 s
load_trace: 6.2600030899 s
detect_races: 1.45249605179 s
extract_traces_time: 0.527503967285 s
find_reactive_cmds_time: 0.0 s
find_proactive_cmds_time: 0.0901720523834 s
find_covered_races_time: 6.29386687279 s
per_packet_inconsistent_time: 0.0212581157684 s
find_inconsistent_update_time: -2.59876251221e-05 s
Read 4538 events.
Added 4508 events.
Total write operations: 34
Total read operations: 1489
Processing 561 w/w combinations
Updating has_path path cache...
10% 
20% 
30% 
40% 
50% 
60% 
70% 
80% 
90% 
100% 
Processing 50626 r/w combinations
10% 
20% 
30% 
40% 
50% 
60% 
70% 
80% 
90% 
100% 
Updating has_path path cache...
+-------------------------------------------+
| Total operations:      1523               |
| Total write operations: 34                |
| Total read operations:  1489              |
+-------------------------------------------+
| Total commuting races: 9324               |
| Total harmful races:   95                 |
| Total filtered races:  0                  |
| Total Time Filtered races:  2922          |
| Total Time Edges:      2922               |
+-------------------------------------------+
Number of packet traces with races: 42
Number of packet inconsistencies:  13
Number of packet inconsistencies that are actually consistent (covered):  2
Number of packet inconsistencies the first race is already inconsistent:  27
Number of packet inconsistencies after trimming repeated races:  11
Number of packet inconsistent updates:  0
Number of races:  12341
Number of races filtered by time:  2922
Number of commuting races:  9324
Number of harmful races:  64
Number of covered races:  31
Number of versions: 1
Inconsistent updates: 0
Done. Time elapsed: 15.2557649612 s
load_trace: 6.70057988167 s
detect_races: 1.40041899681 s
extract_traces_time: 0.507202148438 s
find_reactive_cmds_time: 3.60012054443e-05 s
find_proactive_cmds_time: 0.0966498851776 s
find_covered_races_time: 6.48397612572 s
per_packet_inconsistent_time: 0.0667879581451 s
find_inconsistent_update_time: -5.88893890381e-05 s
Read 4538 events.
Added 4508 events.
Total write operations: 34
Total read operations: 1489
Processing 561 w/w combinations
Updating has_path path cache...
10% 
20% 
30% 
40% 
50% 
60% 
70% 
80% 
90% 
100% 
Processing 50626 r/w combinations
10% 
20% 
30% 
40% 
50% 
60% 
70% 
80% 
90% 
100% 
Updating has_path path cache...
+-------------------------------------------+
| Total operations:      1523               |
| Total write operations: 34                |
| Total read operations:  1489              |
+-------------------------------------------+
| Total commuting races: 9324               |
| Total harmful races:   196                |
| Total filtered races:  0                  |
| Total Time Filtered races:  2821          |
| Total Time Edges:      2821               |
+-------------------------------------------+
Number of packet traces with races: 70
Number of packet inconsistencies:  26
Number of packet inconsistencies that are actually consistent (covered):  17
Number of packet inconsistencies the first race is already inconsistent:  27
Number of packet inconsistencies after trimming repeated races:  17
Number of packet inconsistent updates:  0
Number of races:  12341
Number of races filtered by time:  2821
Number of commuting races:  9324
Number of harmful races:  116
Number of covered races:  80
Number of versions: 1
Inconsistent updates: 0
Done. Time elapsed: 15.1933188438 s
load_trace: 6.32007193565 s
detect_races: 1.38310194016 s
extract_traces_time: 0.233290910721 s
find_reactive_cmds_time: 4.10079956055e-05 s
find_proactive_cmds_time: 0.339109182358 s
find_covered_races_time: 6.77391695976 s
per_packet_inconsistent_time: 0.14363694191 s
find_inconsistent_update_time: -9.70363616943e-05 s
Read 4538 events.
Added 4508 events.
Total write operations: 34
Total read operations: 1489
Processing 561 w/w combinations
Updating has_path path cache...
10% 
20% 
30% 
40% 
50% 
60% 
70% 
80% 
90% 
100% 
Processing 50626 r/w combinations
10% 
20% 
30% 
40% 
50% 
60% 
70% 
80% 
90% 
100% 
Updating has_path path cache...
+-------------------------------------------+
| Total operations:      1523               |
| Total write operations: 34                |
| Total read operations:  1489              |
+-------------------------------------------+
| Total commuting races: 9324               |
| Total harmful races:   322                |
| Total filtered races:  0                  |
| Total Time Filtered races:  2695          |
| Total Time Edges:      2695               |
+-------------------------------------------+
Number of packet traces with races: 109
Number of packet inconsistencies:  45
Number of packet inconsistencies that are actually consistent (covered):  30
Number of packet inconsistencies the first race is already inconsistent:  34
Number of packet inconsistencies after trimming repeated races:  20
Number of packet inconsistent updates:  0
Number of races:  12341
Number of races filtered by time:  2695
Number of commuting races:  9324
Number of harmful races:  187
Number of covered races:  135
Number of versions: 1
Inconsistent updates: 0
Done. Time elapsed: 15.5264401436 s
load_trace: 6.36985707283 s
detect_races: 1.36073303223 s
extract_traces_time: 0.214357852936 s
find_reactive_cmds_time: 4.31537628174e-05 s
find_proactive_cmds_time: 0.351001024246 s
find_covered_races_time: 6.98207402229 s
per_packet_inconsistent_time: 0.248181819916 s
find_inconsistent_update_time: -0.000138998031616 s
Read 4538 events.
Added 4508 events.
Total write operations: 34
Total read operations: 1489
Processing 561 w/w combinations
Updating has_path path cache...
10% 
20% 
30% 
40% 
50% 
60% 
70% 
80% 
90% 
100% 
Processing 50626 r/w combinations
10% 
20% 
30% 
40% 
50% 
60% 
70% 
80% 
90% 
100% 
Updating has_path path cache...
+-------------------------------------------+
| Total operations:      1523               |
| Total write operations: 34                |
| Total read operations:  1489              |
+-------------------------------------------+
| Total commuting races: 9324               |
| Total harmful races:   452                |
| Total filtered races:  0                  |
| Total Time Filtered races:  2565          |
| Total Time Edges:      2565               |
+-------------------------------------------+
Number of packet traces with races: 140
Number of packet inconsistencies:  57
Number of packet inconsistencies that are actually consistent (covered):  49
Number of packet inconsistencies the first race is already inconsistent:  34
Number of packet inconsistencies after trimming repeated races:  22
Number of packet inconsistent updates:  0
Number of races:  12341
Number of races filtered by time:  2565
Number of commuting races:  9324
Number of harmful races:  255
Number of covered races:  197
Number of versions: 1
Inconsistent updates: 0
Done. Time elapsed: 16.0103940964 s
load_trace: 6.69140195847 s
detect_races: 1.37097811699 s
extract_traces_time: 0.192539930344 s
find_reactive_cmds_time: 3.69548797607e-05 s
find_proactive_cmds_time: 0.375890016556 s
find_covered_races_time: 7.01463699341 s
per_packet_inconsistent_time: 0.364678144455 s
find_inconsistent_update_time: -0.000183820724487 s
Read 4538 events.
Added 4508 events.
Total write operations: 34
Total read operations: 1489
Processing 561 w/w combinations
Updating has_path path cache...
10% 
20% 
30% 
40% 
50% 
60% 
70% 
80% 
90% 
100% 
Processing 50626 r/w combinations
10% 
20% 
30% 
40% 
50% 
60% 
70% 
80% 
90% 
100% 
Updating has_path path cache...
+-------------------------------------------+
| Total operations:      1523               |
| Total write operations: 34                |
| Total read operations:  1489              |
+-------------------------------------------+
| Total commuting races: 9324               |
| Total harmful races:   555                |
| Total filtered races:  0                  |
| Total Time Filtered races:  2462          |
| Total Time Edges:      2462               |
+-------------------------------------------+
Number of packet traces with races: 167
Number of packet inconsistencies:  69
Number of packet inconsistencies that are actually consistent (covered):  65
Number of packet inconsistencies the first race is already inconsistent:  33
Number of packet inconsistencies after trimming repeated races:  21
Number of packet inconsistent updates:  0
Number of races:  12341
Number of races filtered by time:  2462
Number of commuting races:  9324
Number of harmful races:  308
Number of covered races:  247
Number of versions: 1
Inconsistent updates: 0
Done. Time elapsed: 15.5363771915 s
load_trace: 6.20005607605 s
detect_races: 1.32187199593 s
extract_traces_time: 0.176549911499 s
find_reactive_cmds_time: 3.71932983398e-05 s
find_proactive_cmds_time: 0.0955259799957 s
find_covered_races_time: 7.27650094032 s
per_packet_inconsistent_time: 0.465574026108 s
find_inconsistent_update_time: -0.000211000442505 s
Read 4538 events.
Added 4508 events.
Total write operations: 34
Total read operations: 1489
Processing 561 w/w combinations
Updating has_path path cache...
10% 
20% 
30% 
40% 
50% 
60% 
70% 
80% 
90% 
100% 
Processing 50626 r/w combinations
10% 
20% 
30% 
40% 
50% 
60% 
70% 
80% 
90% 
100% 
Updating has_path path cache...
+-------------------------------------------+
| Total operations:      1523               |
| Total write operations: 34                |
| Total read operations:  1489              |
+-------------------------------------------+
| Total commuting races: 9324               |
| Total harmful races:   673                |
| Total filtered races:  0                  |
| Total Time Filtered races:  2344          |
| Total Time Edges:      2344               |
+-------------------------------------------+
Number of packet traces with races: 198
Number of packet inconsistencies:  86
Number of packet inconsistencies that are actually consistent (covered):  79
Number of packet inconsistencies the first race is already inconsistent:  33
Number of packet inconsistencies after trimming repeated races:  21
Number of packet inconsistent updates:  0
Number of races:  12341
Number of races filtered by time:  2344
Number of commuting races:  9324
Number of harmful races:  373
Number of covered races:  300
Number of versions: 1
Inconsistent updates: 0
Done. Time elapsed: 15.5012969971 s
load_trace: 6.27758908272 s
detect_races: 1.32304000854 s
extract_traces_time: 0.164062023163 s
find_reactive_cmds_time: 3.60012054443e-05 s
find_proactive_cmds_time: 0.0917208194733 s
find_covered_races_time: 7.01047706604 s
per_packet_inconsistent_time: 0.634042024612 s
find_inconsistent_update_time: -0.000279903411865 s
Read 4538 events.
Added 4508 events.
Total write operations: 34
Total read operations: 1489
Processing 561 w/w combinations
Updating has_path path cache...
10% 
20% 
30% 
40% 
50% 
60% 
70% 
80% 
90% 
100% 
Processing 50626 r/w combinations
10% 
20% 
30% 
40% 
50% 
60% 
70% 
80% 
90% 
100% 
Updating has_path path cache...
+-------------------------------------------+
| Total operations:      1523               |
| Total write operations: 34                |
| Total read operations:  1489              |
+-------------------------------------------+
| Total commuting races: 9324               |
| Total harmful races:   801                |
| Total filtered races:  0                  |
| Total Time Filtered races:  2216          |
| Total Time Edges:      2216               |
+-------------------------------------------+
Number of packet traces with races: 218
Number of packet inconsistencies:  103
Number of packet inconsistencies that are actually consistent (covered):  86
Number of packet inconsistencies the first race is already inconsistent:  29
Number of packet inconsistencies after trimming repeated races:  23
Number of packet inconsistent updates:  0
Number of races:  12341
Number of races filtered by time:  2216
Number of commuting races:  9324
Number of harmful races:  440
Number of covered races:  361
Number of versions: 1
Inconsistent updates: 0
Done. Time elapsed: 15.8691658974 s
load_trace: 6.43002605438 s
detect_races: 1.28159499168 s
extract_traces_time: 0.162636995316 s
find_reactive_cmds_time: 3.981590271e-05 s
find_proactive_cmds_time: 0.0940701961517 s
find_covered_races_time: 7.13699388504 s
per_packet_inconsistent_time: 0.763387918472 s
find_inconsistent_update_time: -0.000365972518921 s
Read 4538 events.
Added 4508 events.
Total write operations: 34
Total read operations: 1489
Processing 561 w/w combinations
Updating has_path path cache...
10% 
20% 
30% 
40% 
50% 
60% 
70% 
80% 
90% 
100% 
Processing 50626 r/w combinations
10% 
20% 
30% 
40% 
50% 
60% 
70% 
80% 
90% 
100% 
Updating has_path path cache...
+-------------------------------------------+
| Total operations:      1523               |
| Total write operations: 34                |
| Total read operations:  1489              |
+-------------------------------------------+
| Total commuting races: 9324               |
| Total harmful races:   938                |
| Total filtered races:  0                  |
| Total Time Filtered races:  2079          |
| Total Time Edges:      2079               |
+-------------------------------------------+
Number of packet traces with races: 246
Number of packet inconsistencies:  120
Number of packet inconsistencies that are actually consistent (covered):  96
Number of packet inconsistencies the first race is already inconsistent:  30
Number of packet inconsistencies after trimming repeated races:  20
Number of packet inconsistent updates:  0
Number of races:  12341
Number of races filtered by time:  2079
Number of commuting races:  9324
Number of harmful races:  512
Number of covered races:  426
Number of versions: 1
Inconsistent updates: 0
Done. Time elapsed: 16.3227350712 s
load_trace: 6.36581110954 s
detect_races: 1.3248758316 s
extract_traces_time: 0.148812055588 s
find_reactive_cmds_time: 3.81469726562e-05 s
find_proactive_cmds_time: 0.0934000015259 s
find_covered_races_time: 7.51976680756 s
per_packet_inconsistent_time: 0.869580030441 s
find_inconsistent_update_time: -0.000399112701416 s
