Read 1002 events.
Added 970 events.
Total write operations: 17
Total read operations: 222
Processing 136 w/w combinations
Updating has_path path cache...
10% 
20% 
30% 
40% 
50% 
60% 
70% 
80% 
90% 
100% 
Processing 3774 r/w combinations
10% 
20% 
30% 
40% 
50% 
60% 
70% 
80% 
90% 
100% 
Updating has_path path cache...
+-------------------------------------------+
| Total operations:      239                |
| Total write operations: 17                |
| Total read operations:  222               |
+-------------------------------------------+
| Total commuting races: 3381               |
| Total harmful races:   467                |
| Total filtered races:  0                  |
| Total Time Filtered races:  0             |
| Total Time Edges:      0                  |
+-------------------------------------------+
Number of packet traces with races: 218
Number of packet inconsistencies:  0
Number of packet inconsistencies that are actually consistent (covered):  198
Number of packet inconsistencies the first race is already inconsistent:  20
Number of packet inconsistencies after trimming repeated races:  0
Number of packet inconsistent updates:  0
Number of races:  3848
Number of races filtered by time:  0
Number of commuting races:  3381
Number of harmful races:  248
Number of covered races:  219
Number of versions: 18
Inconsistent updates: 0
Done. Time elapsed: 2.43006801605 s
load_trace: 1.69640302658 s
detect_races: 0.286382913589 s
extract_traces_time: 0.0381569862366 s
find_reactive_cmds_time: 0.000492095947266 s
find_proactive_cmds_time: 0.0913028717041 s
find_covered_races_time: 0.19496011734 s
per_packet_inconsistent_time: 0.122124910355 s
find_inconsistent_update_time: -0.000193119049072 s
Read 1002 events.
Added 970 events.
Total write operations: 17
Total read operations: 222
Processing 136 w/w combinations
Updating has_path path cache...
10% 
20% 
30% 
40% 
50% 
60% 
70% 
80% 
90% 
100% 
Processing 3774 r/w combinations
10% 
20% 
30% 
40% 
50% 
60% 
70% 
80% 
90% 
100% 
Updating has_path path cache...
+-------------------------------------------+
| Total operations:      239                |
| Total write operations: 17                |
| Total read operations:  222               |
+-------------------------------------------+
| Total commuting races: 3381               |
| Total harmful races:   0                  |
| Total filtered races:  0                  |
| Total Time Filtered races:  467           |
| Total Time Edges:      467                |
+-------------------------------------------+
Number of packet traces with races: 0
Number of packet inconsistencies:  0
Number of packet inconsistencies that are actually consistent (covered):  0
Number of packet inconsistencies the first race is already inconsistent:  0
Number of packet inconsistencies after trimming repeated races:  0
Number of packet inconsistent updates:  0
Number of races:  3848
Number of races filtered by time:  467
Number of commuting races:  3381
Number of harmful races:  0
Number of covered races:  0
Number of versions: 18
Inconsistent updates: 0
Done. Time elapsed: 2.19658994675 s
load_trace: 1.68253397942 s
detect_races: 0.293957948685 s
extract_traces_time: 0.0586490631104 s
find_reactive_cmds_time: 0.000608921051025 s
find_proactive_cmds_time: 0.0879881381989 s
find_covered_races_time: 0.0712549686432 s
per_packet_inconsistent_time: 0.00153303146362 s
find_inconsistent_update_time: -1.4066696167e-05 s
Read 1002 events.
Added 970 events.
Total write operations: 17
Total read operations: 222
Processing 136 w/w combinations
Updating has_path path cache...
10% 
20% 
30% 
40% 
50% 
60% 
70% 
80% 
90% 
100% 
Processing 3774 r/w combinations
10% 
20% 
30% 
40% 
50% 
60% 
70% 
80% 
90% 
100% 
Updating has_path path cache...
+-------------------------------------------+
| Total operations:      239                |
| Total write operations: 17                |
| Total read operations:  222               |
+-------------------------------------------+
| Total commuting races: 3381               |
| Total harmful races:   37                 |
| Total filtered races:  0                  |
| Total Time Filtered races:  430           |
| Total Time Edges:      430                |
+-------------------------------------------+
Number of packet traces with races: 32
Number of packet inconsistencies:  0
Number of packet inconsistencies that are actually consistent (covered):  0
Number of packet inconsistencies the first race is already inconsistent:  32
Number of packet inconsistencies after trimming repeated races:  0
Number of packet inconsistent updates:  0
Number of races:  3848
Number of races filtered by time:  430
Number of commuting races:  3381
Number of harmful races:  37
Number of covered races:  0
Number of versions: 18
Inconsistent updates: 0
Done. Time elapsed: 2.13305306435 s
load_trace: 1.62449002266 s
detect_races: 0.280743837357 s
extract_traces_time: 0.0546891689301 s
find_reactive_cmds_time: 0.000558853149414 s
find_proactive_cmds_time: 0.0765759944916 s
find_covered_races_time: 0.085685968399 s
per_packet_inconsistent_time: 0.0102260112762 s
find_inconsistent_update_time: -3.31401824951e-05 s
Read 1002 events.
Added 970 events.
Total write operations: 17
Total read operations: 222
Processing 136 w/w combinations
Updating has_path path cache...
10% 
20% 
30% 
40% 
50% 
60% 
70% 
80% 
90% 
100% 
Processing 3774 r/w combinations
10% 
20% 
30% 
40% 
50% 
60% 
70% 
80% 
90% 
100% 
Updating has_path path cache...
+-------------------------------------------+
| Total operations:      239                |
| Total write operations: 17                |
| Total read operations:  222               |
+-------------------------------------------+
| Total commuting races: 3381               |
| Total harmful races:   68                 |
| Total filtered races:  0                  |
| Total Time Filtered races:  399           |
| Total Time Edges:      399                |
+-------------------------------------------+
Number of packet traces with races: 57
Number of packet inconsistencies:  0
Number of packet inconsistencies that are actually consistent (covered):  3
Number of packet inconsistencies the first race is already inconsistent:  54
Number of packet inconsistencies after trimming repeated races:  0
Number of packet inconsistent updates:  0
Number of races:  3848
Number of races filtered by time:  399
Number of commuting races:  3381
Number of harmful races:  65
Number of covered races:  3
Number of versions: 18
Inconsistent updates: 0
Done. Time elapsed: 2.10175800323 s
load_trace: 1.58920192719 s
detect_races: 0.271463871002 s
extract_traces_time: 0.0494689941406 s
find_reactive_cmds_time: 0.000569105148315 s
find_proactive_cmds_time: 0.0780069828033 s
find_covered_races_time: 0.096302986145 s
per_packet_inconsistent_time: 0.0166511535645 s
find_inconsistent_update_time: -4.38690185547e-05 s
Read 1002 events.
Added 970 events.
Total write operations: 17
Total read operations: 222
Processing 136 w/w combinations
Updating has_path path cache...
10% 
20% 
30% 
40% 
50% 
60% 
70% 
80% 
90% 
100% 
Processing 3774 r/w combinations
10% 
20% 
30% 
40% 
50% 
60% 
70% 
80% 
90% 
100% 
Updating has_path path cache...
+-------------------------------------------+
| Total operations:      239                |
| Total write operations: 17                |
| Total read operations:  222               |
+-------------------------------------------+
| Total commuting races: 3381               |
| Total harmful races:   116                |
| Total filtered races:  0                  |
| Total Time Filtered races:  351           |
| Total Time Edges:      351                |
+-------------------------------------------+
Number of packet traces with races: 90
Number of packet inconsistencies:  0
Number of packet inconsistencies that are actually consistent (covered):  10
Number of packet inconsistencies the first race is already inconsistent:  80
Number of packet inconsistencies after trimming repeated races:  0
Number of packet inconsistent updates:  0
Number of races:  3848
Number of races filtered by time:  351
Number of commuting races:  3381
Number of harmful races:  106
Number of covered races:  10
Number of versions: 18
Inconsistent updates: 0
Done. Time elapsed: 2.14579606056 s
load_trace: 1.59625911713 s
detect_races: 0.280811071396 s
extract_traces_time: 0.0463080406189 s
find_reactive_cmds_time: 0.000545978546143 s
find_proactive_cmds_time: 0.0798819065094 s
find_covered_races_time: 0.112741947174 s
per_packet_inconsistent_time: 0.0291321277618 s
find_inconsistent_update_time: -6.60419464111e-05 s
Read 1002 events.
Added 970 events.
Total write operations: 17
Total read operations: 222
Processing 136 w/w combinations
Updating has_path path cache...
10% 
20% 
30% 
40% 
50% 
60% 
70% 
80% 
90% 
100% 
Processing 3774 r/w combinations
10% 
20% 
30% 
40% 
50% 
60% 
70% 
80% 
90% 
100% 
Updating has_path path cache...
+-------------------------------------------+
| Total operations:      239                |
| Total write operations: 17                |
| Total read operations:  222               |
+-------------------------------------------+
| Total commuting races: 3381               |
| Total harmful races:   153                |
| Total filtered races:  0                  |
| Total Time Filtered races:  314           |
| Total Time Edges:      314                |
+-------------------------------------------+
Number of packet traces with races: 103
Number of packet inconsistencies:  0
Number of packet inconsistencies that are actually consistent (covered):  32
Number of packet inconsistencies the first race is already inconsistent:  71
Number of packet inconsistencies after trimming repeated races:  0
Number of packet inconsistent updates:  0
Number of races:  3848
Number of races filtered by time:  314
Number of commuting races:  3381
Number of harmful races:  119
Number of covered races:  34
Number of versions: 18
Inconsistent updates: 0
Done. Time elapsed: 2.17441797256 s
load_trace: 1.6085460186 s
detect_races: 0.278782844543 s
extract_traces_time: 0.0452029705048 s
find_reactive_cmds_time: 0.000555992126465 s
find_proactive_cmds_time: 0.080197095871 s
find_covered_races_time: 0.124477863312 s
per_packet_inconsistent_time: 0.0365240573883 s
find_inconsistent_update_time: -8.01086425781e-05 s
Read 1002 events.
Added 970 events.
Total write operations: 17
Total read operations: 222
Processing 136 w/w combinations
Updating has_path path cache...
10% 
20% 
30% 
40% 
50% 
60% 
70% 
80% 
90% 
100% 
Processing 3774 r/w combinations
10% 
20% 
30% 
40% 
50% 
60% 
70% 
80% 
90% 
100% 
Updating has_path path cache...
+-------------------------------------------+
| Total operations:      239                |
| Total write operations: 17                |
| Total read operations:  222               |
+-------------------------------------------+
| Total commuting races: 3381               |
| Total harmful races:   204                |
| Total filtered races:  0                  |
| Total Time Filtered races:  263           |
| Total Time Edges:      263                |
+-------------------------------------------+
Number of packet traces with races: 124
Number of packet inconsistencies:  0
Number of packet inconsistencies that are actually consistent (covered):  54
Number of packet inconsistencies the first race is already inconsistent:  70
Number of packet inconsistencies after trimming repeated races:  0
Number of packet inconsistent updates:  0
Number of races:  3848
Number of races filtered by time:  263
Number of commuting races:  3381
Number of harmful races:  146
Number of covered races:  58
Number of versions: 18
Inconsistent updates: 0
Done. Time elapsed: 2.31767296791 s
load_trace: 1.7370839119 s
detect_races: 0.270076036453 s
extract_traces_time: 0.0429968833923 s
find_reactive_cmds_time: 0.000548124313354 s
find_proactive_cmds_time: 0.0781669616699 s
find_covered_races_time: 0.13857793808 s
per_packet_inconsistent_time: 0.0495691299438 s
find_inconsistent_update_time: -0.000601053237915 s
Read 1002 events.
Added 970 events.
Total write operations: 17
Total read operations: 222
Processing 136 w/w combinations
Updating has_path path cache...
10% 
20% 
30% 
40% 
50% 
60% 
70% 
80% 
90% 
100% 
Processing 3774 r/w combinations
10% 
20% 
30% 
40% 
50% 
60% 
70% 
80% 
90% 
100% 
Updating has_path path cache...
+-------------------------------------------+
| Total operations:      239                |
| Total write operations: 17                |
| Total read operations:  222               |
+-------------------------------------------+
| Total commuting races: 3381               |
| Total harmful races:   261                |
| Total filtered races:  0                  |
| Total Time Filtered races:  206           |
| Total Time Edges:      206                |
+-------------------------------------------+
Number of packet traces with races: 149
Number of packet inconsistencies:  0
Number of packet inconsistencies that are actually consistent (covered):  77
Number of packet inconsistencies the first race is already inconsistent:  72
Number of packet inconsistencies after trimming repeated races:  0
Number of packet inconsistent updates:  0
Number of races:  3848
Number of races filtered by time:  206
Number of commuting races:  3381
Number of harmful races:  174
Number of covered races:  87
Number of versions: 18
Inconsistent updates: 0
Done. Time elapsed: 2.15392708778 s
load_trace: 1.55044102669 s
detect_races: 0.26792216301 s
extract_traces_time: 0.0393879413605 s
find_reactive_cmds_time: 0.00047492980957 s
find_proactive_cmds_time: 0.0767340660095 s
find_covered_races_time: 0.151089906693 s
per_packet_inconsistent_time: 0.0677111148834 s
find_inconsistent_update_time: -0.000117063522339 s
Read 1002 events.
Added 970 events.
Total write operations: 17
Total read operations: 222
Processing 136 w/w combinations
Updating has_path path cache...
10% 
20% 
30% 
40% 
50% 
60% 
70% 
80% 
90% 
100% 
Processing 3774 r/w combinations
10% 
20% 
30% 
40% 
50% 
60% 
70% 
80% 
90% 
100% 
Updating has_path path cache...
+-------------------------------------------+
| Total operations:      239                |
| Total write operations: 17                |
| Total read operations:  222               |
+-------------------------------------------+
| Total commuting races: 3381               |
| Total harmful races:   290                |
| Total filtered races:  0                  |
| Total Time Filtered races:  177           |
| Total Time Edges:      177                |
+-------------------------------------------+
Number of packet traces with races: 165
Number of packet inconsistencies:  0
Number of packet inconsistencies that are actually consistent (covered):  89
Number of packet inconsistencies the first race is already inconsistent:  76
Number of packet inconsistencies after trimming repeated races:  0
Number of packet inconsistent updates:  0
Number of races:  3848
Number of races filtered by time:  177
Number of commuting races:  3381
Number of harmful races:  191
Number of covered races:  99
Number of versions: 18
Inconsistent updates: 0
Done. Time elapsed: 2.16484808922 s
load_trace: 1.56353497505 s
detect_races: 0.263597011566 s
extract_traces_time: 0.0370230674744 s
find_reactive_cmds_time: 0.000509977340698 s
find_proactive_cmds_time: 0.075749874115 s
find_covered_races_time: 0.15198302269 s
per_packet_inconsistent_time: 0.072273015976 s
find_inconsistent_update_time: -0.000128984451294 s
Read 1002 events.
Added 970 events.
Total write operations: 17
Total read operations: 222
Processing 136 w/w combinations
Updating has_path path cache...
10% 
20% 
30% 
40% 
50% 
60% 
70% 
80% 
90% 
100% 
Processing 3774 r/w combinations
10% 
20% 
30% 
40% 
50% 
60% 
70% 
80% 
90% 
100% 
Updating has_path path cache...
+-------------------------------------------+
| Total operations:      239                |
| Total write operations: 17                |
| Total read operations:  222               |
+-------------------------------------------+
| Total commuting races: 3381               |
| Total harmful races:   341                |
| Total filtered races:  0                  |
| Total Time Filtered races:  126           |
| Total Time Edges:      126                |
+-------------------------------------------+
Number of packet traces with races: 189
Number of packet inconsistencies:  0
Number of packet inconsistencies that are actually consistent (covered):  113
Number of packet inconsistencies the first race is already inconsistent:  76
Number of packet inconsistencies after trimming repeated races:  0
Number of packet inconsistent updates:  0
Number of races:  3848
Number of races filtered by time:  126
Number of commuting races:  3381
Number of harmful races:  215
Number of covered races:  126
Number of versions: 18
Inconsistent updates: 0
Done. Time elapsed: 2.30259799957 s
load_trace: 1.64377403259 s
detect_races: 0.28967499733 s
extract_traces_time: 0.0351529121399 s
find_reactive_cmds_time: 0.000509023666382 s
find_proactive_cmds_time: 0.0763471126556 s
find_covered_races_time: 0.172676086426 s
per_packet_inconsistent_time: 0.0842659473419 s
find_inconsistent_update_time: -0.000146865844727 s
Read 1002 events.
Added 970 events.
Total write operations: 17
Total read operations: 222
Processing 136 w/w combinations
Updating has_path path cache...
10% 
20% 
30% 
40% 
50% 
60% 
70% 
80% 
90% 
100% 
Processing 3774 r/w combinations
10% 
20% 
30% 
40% 
50% 
60% 
70% 
80% 
90% 
100% 
Updating has_path path cache...
+-------------------------------------------+
| Total operations:      239                |
| Total write operations: 17                |
| Total read operations:  222               |
+-------------------------------------------+
| Total commuting races: 3381               |
| Total harmful races:   384                |
| Total filtered races:  0                  |
| Total Time Filtered races:  83            |
| Total Time Edges:      83                 |
+-------------------------------------------+
Number of packet traces with races: 205
Number of packet inconsistencies:  0
Number of packet inconsistencies that are actually consistent (covered):  138
Number of packet inconsistencies the first race is already inconsistent:  67
Number of packet inconsistencies after trimming repeated races:  0
Number of packet inconsistent updates:  0
Number of races:  3848
Number of races filtered by time:  83
Number of commuting races:  3381
Number of harmful races:  232
Number of covered races:  152
Number of versions: 18
Inconsistent updates: 0
Done. Time elapsed: 2.27932476997 s
load_trace: 1.60900378227 s
detect_races: 0.266581058502 s
extract_traces_time: 0.035089969635 s
find_reactive_cmds_time: 0.000534057617188 s
find_proactive_cmds_time: 0.0812840461731 s
find_covered_races_time: 0.182575941086 s
per_packet_inconsistent_time: 0.104004144669 s
find_inconsistent_update_time: -0.000199794769287 s
Read 1002 events.
Added 970 events.
Total write operations: 17
Total read operations: 222
Processing 136 w/w combinations
Updating has_path path cache...
10% 
20% 
30% 
40% 
50% 
60% 
70% 
80% 
90% 
100% 
Processing 3774 r/w combinations
10% 
20% 
30% 
40% 
50% 
60% 
70% 
80% 
90% 
100% 
Updating has_path path cache...
+-------------------------------------------+
| Total operations:      239                |
| Total write operations: 17                |
| Total read operations:  222               |
+-------------------------------------------+
| Total commuting races: 3381               |
| Total harmful races:   422                |
| Total filtered races:  0                  |
| Total Time Filtered races:  45            |
| Total Time Edges:      45                 |
+-------------------------------------------+
Number of packet traces with races: 218
Number of packet inconsistencies:  0
Number of packet inconsistencies that are actually consistent (covered):  157
Number of packet inconsistencies the first race is already inconsistent:  61
Number of packet inconsistencies after trimming repeated races:  0
Number of packet inconsistent updates:  0
Number of races:  3848
Number of races filtered by time:  45
Number of commuting races:  3381
Number of harmful races:  248
Number of covered races:  174
Number of versions: 18
Inconsistent updates: 0
Done. Time elapsed: 2.48137593269 s
load_trace: 1.80537199974 s
detect_races: 0.263736963272 s
extract_traces_time: 0.034567117691 s
find_reactive_cmds_time: 0.000469923019409 s
find_proactive_cmds_time: 0.0791070461273 s
find_covered_races_time: 0.18638586998 s
per_packet_inconsistent_time: 0.111503124237 s
find_inconsistent_update_time: -0.000183820724487 s
