Read 5518 events.
Added 5474 events.
Total write operations: 1036
Total read operations: 735
Processing 536130 w/w combinations
Updating has_path path cache...
10% 
20% 
30% 
40% 
50% 
60% 
70% 
80% 
90% 
100% 
Processing 761460 r/w combinations
10% 
20% 
30% 
40% 
50% 
60% 
70% 
80% 
90% 
100% 
Updating has_path path cache...
+-------------------------------------------+
| Total operations:      1771               |
| Total write operations: 1036              |
| Total read operations:  735               |
+-------------------------------------------+
| Total commuting races: 314091             |
| Total harmful races:   5030               |
| Total filtered races:  0                  |
| Total Time Filtered races:  0             |
| Total Time Edges:      0                  |
+-------------------------------------------+
Number of packet traces with races: 88
Number of packet inconsistencies:  76
Number of packet inconsistencies that are actually consistent (covered):  0
Number of packet inconsistencies the first race is already inconsistent:  12
Number of packet inconsistencies after trimming repeated races:  53
Number of packet inconsistent updates:  114623
Number of races:  319121
Number of races filtered by time:  0
Number of commuting races:  314091
Number of harmful races:  4966
Number of covered races:  64
Number of versions: 450
Inconsistent updates: 147
Done. Time elapsed: 132.348649979 s
load_trace: 5.88741016388 s
detect_races: 12.133671999 s
extract_traces_time: 0.11021399498 s
find_reactive_cmds_time: 0.386576890945 s
find_proactive_cmds_time: 0.489561080933 s
find_covered_races_time: 0.350049972534 s
per_packet_inconsistent_time: 1.60990405083 s
find_inconsistent_update_time: -111.38119483 s
Read 5518 events.
Added 5474 events.
Total write operations: 1036
Total read operations: 735
Processing 536130 w/w combinations
Updating has_path path cache...
10% 
20% 
30% 
40% 
50% 
60% 
70% 
80% 
90% 
100% 
Processing 761460 r/w combinations
10% 
20% 
30% 
40% 
50% 
60% 
70% 
80% 
90% 
100% 
Updating has_path path cache...
+-------------------------------------------+
| Total operations:      1771               |
| Total write operations: 1036              |
| Total read operations:  735               |
+-------------------------------------------+
| Total commuting races: 314091             |
| Total harmful races:   0                  |
| Total filtered races:  0                  |
| Total Time Filtered races:  5030          |
| Total Time Edges:      5030               |
+-------------------------------------------+
Number of packet traces with races: 0
Number of packet inconsistencies:  0
Number of packet inconsistencies that are actually consistent (covered):  0
Number of packet inconsistencies the first race is already inconsistent:  0
Number of packet inconsistencies after trimming repeated races:  0
Number of packet inconsistent updates:  0
Number of races:  319121
Number of races filtered by time:  5030
Number of commuting races:  314091
Number of harmful races:  0
Number of covered races:  0
Number of versions: 450
Inconsistent updates: 0
Done. Time elapsed: 20.5676150322 s
load_trace: 6.09858608246 s
detect_races: 13.3435339928 s
extract_traces_time: 0.179186105728 s
find_reactive_cmds_time: 0.385483026505 s
find_proactive_cmds_time: 0.524477958679 s
find_covered_races_time: 0.0187480449677 s
per_packet_inconsistent_time: 0.0162808895111 s
find_inconsistent_update_time: -0.00127792358398 s
Read 5518 events.
Added 5474 events.
Total write operations: 1036
Total read operations: 735
Processing 536130 w/w combinations
Updating has_path path cache...
10% 
20% 
30% 
40% 
50% 
60% 
70% 
80% 
90% 
100% 
Processing 761460 r/w combinations
10% 
20% 
30% 
40% 
50% 
60% 
70% 
80% 
90% 
100% 
Updating has_path path cache...
+-------------------------------------------+
| Total operations:      1771               |
| Total write operations: 1036              |
| Total read operations:  735               |
+-------------------------------------------+
| Total commuting races: 314091             |
| Total harmful races:   383                |
| Total filtered races:  0                  |
| Total Time Filtered races:  4647          |
| Total Time Edges:      4647               |
+-------------------------------------------+
Number of packet traces with races: 38
Number of packet inconsistencies:  38
Number of packet inconsistencies that are actually consistent (covered):  0
Number of packet inconsistencies the first race is already inconsistent:  0
Number of packet inconsistencies after trimming repeated races:  38
Number of packet inconsistent updates:  3174
Number of races:  319121
Number of races filtered by time:  4647
Number of commuting races:  314091
Number of harmful races:  383
Number of covered races:  0
Number of versions: 450
Inconsistent updates: 49
Done. Time elapsed: 23.838848114 s
load_trace: 5.99264407158 s
detect_races: 12.7607109547 s
extract_traces_time: 0.177445173264 s
find_reactive_cmds_time: 0.380311965942 s
find_proactive_cmds_time: 0.510592937469 s
find_covered_races_time: 0.192979097366 s
per_packet_inconsistent_time: 0.158443927765 s
find_inconsistent_update_time: -3.6656639576 s
Read 5518 events.
Added 5474 events.
Total write operations: 1036
Total read operations: 735
Processing 536130 w/w combinations
Updating has_path path cache...
10% 
20% 
30% 
40% 
50% 
60% 
70% 
80% 
90% 
100% 
Processing 761460 r/w combinations
10% 
20% 
30% 
40% 
50% 
60% 
70% 
80% 
90% 
100% 
Updating has_path path cache...
+-------------------------------------------+
| Total operations:      1771               |
| Total write operations: 1036              |
| Total read operations:  735               |
+-------------------------------------------+
| Total commuting races: 314091             |
| Total harmful races:   727                |
| Total filtered races:  0                  |
| Total Time Filtered races:  4303          |
| Total Time Edges:      4303               |
+-------------------------------------------+
Number of packet traces with races: 43
Number of packet inconsistencies:  42
Number of packet inconsistencies that are actually consistent (covered):  0
Number of packet inconsistencies the first race is already inconsistent:  1
Number of packet inconsistencies after trimming repeated races:  40
Number of packet inconsistent updates:  7577
Number of races:  319121
Number of races filtered by time:  4303
Number of commuting races:  314091
Number of harmful races:  727
Number of covered races:  0
Number of versions: 450
Inconsistent updates: 61
Done. Time elapsed: 29.5566990376 s
load_trace: 6.56051802635 s
detect_races: 13.5054159164 s
extract_traces_time: 0.166840076447 s
find_reactive_cmds_time: 0.420887947083 s
find_proactive_cmds_time: 0.524302959442 s
find_covered_races_time: 0.267286062241 s
per_packet_inconsistent_time: 0.230662107468 s
find_inconsistent_update_time: -7.88073587418 s
Read 5518 events.
Added 5474 events.
Total write operations: 1036
Total read operations: 735
Processing 536130 w/w combinations
Updating has_path path cache...
10% 
20% 
30% 
40% 
50% 
60% 
70% 
80% 
90% 
100% 
Processing 761460 r/w combinations
10% 
20% 
30% 
40% 
50% 
60% 
70% 
80% 
90% 
100% 
Updating has_path path cache...
+-------------------------------------------+
| Total operations:      1771               |
| Total write operations: 1036              |
| Total read operations:  735               |
+-------------------------------------------+
| Total commuting races: 314091             |
| Total harmful races:   1102               |
| Total filtered races:  0                  |
| Total Time Filtered races:  3928          |
| Total Time Edges:      3928               |
+-------------------------------------------+
Number of packet traces with races: 58
Number of packet inconsistencies:  56
Number of packet inconsistencies that are actually consistent (covered):  0
Number of packet inconsistencies the first race is already inconsistent:  2
Number of packet inconsistencies after trimming repeated races:  49
Number of packet inconsistent updates:  12592
Number of races:  319121
Number of races filtered by time:  3928
Number of commuting races:  314091
Number of harmful races:  1102
Number of covered races:  0
Number of versions: 450
Inconsistent updates: 81
Done. Time elapsed: 35.3359060287 s
load_trace: 6.2678232193 s
detect_races: 13.8719558716 s
extract_traces_time: 0.155739068985 s
find_reactive_cmds_time: 0.417732000351 s
find_proactive_cmds_time: 0.577616930008 s
find_covered_races_time: 0.377471923828 s
per_packet_inconsistent_time: 0.418929100037 s
find_inconsistent_update_time: -13.2485899925 s
Read 5518 events.
Added 5474 events.
Total write operations: 1036
Total read operations: 735
Processing 536130 w/w combinations
Updating has_path path cache...
10% 
20% 
30% 
40% 
50% 
60% 
70% 
80% 
90% 
100% 
Processing 761460 r/w combinations
10% 
20% 
30% 
40% 
50% 
60% 
70% 
80% 
90% 
100% 
Updating has_path path cache...
+-------------------------------------------+
| Total operations:      1771               |
| Total write operations: 1036              |
| Total read operations:  735               |
+-------------------------------------------+
| Total commuting races: 314091             |
| Total harmful races:   1457               |
| Total filtered races:  0                  |
| Total Time Filtered races:  3573          |
| Total Time Edges:      3573               |
+-------------------------------------------+
Number of packet traces with races: 65
Number of packet inconsistencies:  65
Number of packet inconsistencies that are actually consistent (covered):  0
Number of packet inconsistencies the first race is already inconsistent:  0
Number of packet inconsistencies after trimming repeated races:  50
Number of packet inconsistent updates:  17567
Number of races:  319121
Number of races filtered by time:  3573
Number of commuting races:  314091
Number of harmful races:  1457
Number of covered races:  0
Number of versions: 450
Inconsistent updates: 65
Done. Time elapsed: 39.3827970028 s
load_trace: 6.26631808281 s
detect_races: 13.0617449284 s
extract_traces_time: 0.141010046005 s
find_reactive_cmds_time: 0.403491020203 s
find_proactive_cmds_time: 0.528316020966 s
find_covered_races_time: 0.39727306366 s
per_packet_inconsistent_time: 0.541018009186 s
find_inconsistent_update_time: -18.0435750484 s
Read 5518 events.
Added 5474 events.
Total write operations: 1036
Total read operations: 735
Processing 536130 w/w combinations
Updating has_path path cache...
10% 
20% 
30% 
40% 
50% 
60% 
70% 
80% 
90% 
100% 
Processing 761460 r/w combinations
10% 
20% 
30% 
40% 
50% 
60% 
70% 
80% 
90% 
100% 
Updating has_path path cache...
+-------------------------------------------+
| Total operations:      1771               |
| Total write operations: 1036              |
| Total read operations:  735               |
+-------------------------------------------+
| Total commuting races: 314091             |
| Total harmful races:   1782               |
| Total filtered races:  0                  |
| Total Time Filtered races:  3248          |
| Total Time Edges:      3248               |
+-------------------------------------------+
Number of packet traces with races: 70
Number of packet inconsistencies:  69
Number of packet inconsistencies that are actually consistent (covered):  0
Number of packet inconsistencies the first race is already inconsistent:  1
Number of packet inconsistencies after trimming repeated races:  50
Number of packet inconsistent updates:  23788
Number of races:  319121
Number of races filtered by time:  3248
Number of commuting races:  314091
Number of harmful races:  1782
Number of covered races:  0
Number of versions: 450
Inconsistent updates: 74
Done. Time elapsed: 46.4802742004 s
load_trace: 6.11626601219 s
detect_races: 13.2539131641 s
extract_traces_time: 0.165745973587 s
find_reactive_cmds_time: 0.442301034927 s
find_proactive_cmds_time: 0.596428871155 s
find_covered_races_time: 0.401881933212 s
per_packet_inconsistent_time: 0.661395072937 s
find_inconsistent_update_time: -24.8422830105 s
Read 5518 events.
Added 5474 events.
Total write operations: 1036
Total read operations: 735
Processing 536130 w/w combinations
Updating has_path path cache...
10% 
20% 
30% 
40% 
50% 
60% 
70% 
80% 
90% 
100% 
Processing 761460 r/w combinations
10% 
20% 
30% 
40% 
50% 
60% 
70% 
80% 
90% 
100% 
Updating has_path path cache...
+-------------------------------------------+
| Total operations:      1771               |
| Total write operations: 1036              |
| Total read operations:  735               |
+-------------------------------------------+
| Total commuting races: 314091             |
| Total harmful races:   2100               |
| Total filtered races:  0                  |
| Total Time Filtered races:  2930          |
| Total Time Edges:      2930               |
+-------------------------------------------+
Number of packet traces with races: 75
Number of packet inconsistencies:  74
Number of packet inconsistencies that are actually consistent (covered):  0
Number of packet inconsistencies the first race is already inconsistent:  1
Number of packet inconsistencies after trimming repeated races:  53
Number of packet inconsistent updates:  29980
Number of races:  319121
Number of races filtered by time:  2930
Number of commuting races:  314091
Number of harmful races:  2100
Number of covered races:  0
Number of versions: 450
Inconsistent updates: 72
Done. Time elapsed: 52.0348141193 s
load_trace: 6.18705010414 s
detect_races: 13.3035769463 s
extract_traces_time: 0.132780075073 s
find_reactive_cmds_time: 0.397870779037 s
find_proactive_cmds_time: 0.526673078537 s
find_covered_races_time: 0.408877134323 s
per_packet_inconsistent_time: 0.85808300972 s
find_inconsistent_update_time: -30.219853878 s
Read 5518 events.
Added 5474 events.
Total write operations: 1036
Total read operations: 735
Processing 536130 w/w combinations
Updating has_path path cache...
10% 
20% 
30% 
40% 
50% 
60% 
70% 
80% 
90% 
100% 
Processing 761460 r/w combinations
10% 
20% 
30% 
40% 
50% 
60% 
70% 
80% 
90% 
100% 
Updating has_path path cache...
+-------------------------------------------+
| Total operations:      1771               |
| Total write operations: 1036              |
| Total read operations:  735               |
+-------------------------------------------+
| Total commuting races: 314091             |
| Total harmful races:   2371               |
| Total filtered races:  0                  |
| Total Time Filtered races:  2659          |
| Total Time Edges:      2659               |
+-------------------------------------------+
Number of packet traces with races: 75
Number of packet inconsistencies:  74
Number of packet inconsistencies that are actually consistent (covered):  0
Number of packet inconsistencies the first race is already inconsistent:  1
Number of packet inconsistencies after trimming repeated races:  51
Number of packet inconsistent updates:  36832
Number of races:  319121
Number of races filtered by time:  2659
Number of commuting races:  314091
Number of harmful races:  2367
Number of covered races:  4
Number of versions: 450
Inconsistent updates: 96
Done. Time elapsed: 58.4501080513 s
load_trace: 6.12594795227 s
detect_races: 13.0860669613 s
extract_traces_time: 0.123173952103 s
find_reactive_cmds_time: 0.389152050018 s
find_proactive_cmds_time: 0.546936035156 s
find_covered_races_time: 0.467564105988 s
per_packet_inconsistent_time: 0.912421941757 s
find_inconsistent_update_time: -36.7987940311 s
Read 5518 events.
Added 5474 events.
Total write operations: 1036
Total read operations: 735
Processing 536130 w/w combinations
Updating has_path path cache...
10% 
20% 
30% 
40% 
50% 
60% 
70% 
80% 
90% 
100% 
Processing 761460 r/w combinations
10% 
20% 
30% 
40% 
50% 
60% 
70% 
80% 
90% 
100% 
Updating has_path path cache...
+-------------------------------------------+
| Total operations:      1771               |
| Total write operations: 1036              |
| Total read operations:  735               |
+-------------------------------------------+
| Total commuting races: 314091             |
| Total harmful races:   2630               |
| Total filtered races:  0                  |
| Total Time Filtered races:  2400          |
| Total Time Edges:      2400               |
+-------------------------------------------+
Number of packet traces with races: 75
Number of packet inconsistencies:  74
Number of packet inconsistencies that are actually consistent (covered):  0
Number of packet inconsistencies the first race is already inconsistent:  1
Number of packet inconsistencies after trimming repeated races:  51
Number of packet inconsistent updates:  44033
Number of races:  319121
Number of races filtered by time:  2400
Number of commuting races:  314091
Number of harmful races:  2626
Number of covered races:  4
Number of versions: 450
Inconsistent updates: 98
Done. Time elapsed: 67.7307050228 s
load_trace: 6.80271315575 s
detect_races: 14.0692000389 s
extract_traces_time: 0.128921031952 s
find_reactive_cmds_time: 0.37470293045 s
find_proactive_cmds_time: 0.511271953583 s
find_covered_races_time: 0.439265966415 s
per_packet_inconsistent_time: 1.00121593475 s
find_inconsistent_update_time: -44.4033432007 s
Read 5518 events.
Added 5474 events.
Total write operations: 1036
Total read operations: 735
Processing 536130 w/w combinations
Updating has_path path cache...
10% 
20% 
30% 
40% 
50% 
60% 
70% 
80% 
90% 
100% 
Processing 761460 r/w combinations
10% 
20% 
30% 
40% 
50% 
60% 
70% 
80% 
90% 
100% 
Updating has_path path cache...
+-------------------------------------------+
| Total operations:      1771               |
| Total write operations: 1036              |
| Total read operations:  735               |
+-------------------------------------------+
| Total commuting races: 314091             |
| Total harmful races:   2885               |
| Total filtered races:  0                  |
| Total Time Filtered races:  2145          |
| Total Time Edges:      2145               |
+-------------------------------------------+
Number of packet traces with races: 76
Number of packet inconsistencies:  74
Number of packet inconsistencies that are actually consistent (covered):  0
Number of packet inconsistencies the first race is already inconsistent:  2
Number of packet inconsistencies after trimming repeated races:  52
Number of packet inconsistent updates:  51535
Number of races:  319121
Number of races filtered by time:  2145
Number of commuting races:  314091
Number of harmful races:  2876
Number of covered races:  9
Number of versions: 450
Inconsistent updates: 98
Done. Time elapsed: 73.7271060944 s
load_trace: 6.37722611427 s
detect_races: 13.6214330196 s
extract_traces_time: 0.140480041504 s
find_reactive_cmds_time: 0.456231832504 s
find_proactive_cmds_time: 0.559944152832 s
find_covered_races_time: 0.482944965363 s
per_packet_inconsistent_time: 1.05210399628 s
find_inconsistent_update_time: -51.0366859436 s
Read 5518 events.
Added 5474 events.
Total write operations: 1036
Total read operations: 735
Processing 536130 w/w combinations
Updating has_path path cache...
10% 
20% 
30% 
40% 
50% 
60% 
70% 
80% 
90% 
100% 
Processing 761460 r/w combinations
10% 
20% 
30% 
40% 
50% 
60% 
70% 
80% 
90% 
100% 
Updating has_path path cache...
+-------------------------------------------+
| Total operations:      1771               |
| Total write operations: 1036              |
| Total read operations:  735               |
+-------------------------------------------+
| Total commuting races: 314091             |
| Total harmful races:   3142               |
| Total filtered races:  0                  |
| Total Time Filtered races:  1888          |
| Total Time Edges:      1888               |
+-------------------------------------------+
Number of packet traces with races: 78
Number of packet inconsistencies:  75
Number of packet inconsistencies that are actually consistent (covered):  0
Number of packet inconsistencies the first race is already inconsistent:  3
Number of packet inconsistencies after trimming repeated races:  53
Number of packet inconsistent updates:  59316
Number of races:  319121
Number of races filtered by time:  1888
Number of commuting races:  314091
Number of harmful races:  3129
Number of covered races:  13
Number of versions: 450
Inconsistent updates: 122
Done. Time elapsed: 80.8573548794 s
load_trace: 6.09981799126 s
detect_races: 12.8767449856 s
extract_traces_time: 0.115807056427 s
find_reactive_cmds_time: 0.357132911682 s
find_proactive_cmds_time: 0.481981039047 s
find_covered_races_time: 0.455703020096 s
per_packet_inconsistent_time: 1.17792391777 s
find_inconsistent_update_time: -59.2921900749 s
