Read 2140 events.
Added 2110 events.
Total write operations: 32
Total read operations: 691
Processing 496 w/w combinations
Updating has_path path cache...
10% 
20% 
30% 
40% 
50% 
60% 
70% 
80% 
90% 
100% 
Processing 22112 r/w combinations
10% 
20% 
30% 
40% 
50% 
60% 
70% 
80% 
90% 
100% 
Updating has_path path cache...
+-------------------------------------------+
| Total operations:      723                |
| Total write operations: 32                |
| Total read operations:  691               |
+-------------------------------------------+
| Total commuting races: 3909               |
| Total harmful races:   1402               |
| Total filtered races:  0                  |
| Total Time Filtered races:  0             |
| Total Time Edges:      0                  |
+-------------------------------------------+
Number of packet traces with races: 326
Number of packet inconsistencies:  173
Number of packet inconsistencies that are actually consistent (covered):  153
Number of packet inconsistencies the first race is already inconsistent:  0
Number of packet inconsistencies after trimming repeated races:  15
Number of packet inconsistent updates:  0
Number of races:  5311
Number of races filtered by time:  0
Number of commuting races:  3909
Number of harmful races:  711
Number of covered races:  691
Number of versions: 1
Inconsistent updates: 0
Done. Time elapsed: 6.54165291786 s
load_trace: 2.90795087814 s
detect_races: 0.416000127792 s
extract_traces_time: 0.0688970088959 s
find_reactive_cmds_time: 3.2901763916e-05 s
find_proactive_cmds_time: 0.0870759487152 s
find_covered_races_time: 2.42821598053 s
per_packet_inconsistent_time: 0.63284611702 s
find_inconsistent_update_time: -0.000582933425903 s
Read 2140 events.
Added 2110 events.
Total write operations: 32
Total read operations: 691
Processing 496 w/w combinations
Updating has_path path cache...
10% 
20% 
30% 
40% 
50% 
60% 
70% 
80% 
90% 
100% 
Processing 22112 r/w combinations
10% 
20% 
30% 
40% 
50% 
60% 
70% 
80% 
90% 
100% 
Updating has_path path cache...
+-------------------------------------------+
| Total operations:      723                |
| Total write operations: 32                |
| Total read operations:  691               |
+-------------------------------------------+
| Total commuting races: 3909               |
| Total harmful races:   0                  |
| Total filtered races:  0                  |
| Total Time Filtered races:  1402          |
| Total Time Edges:      1402               |
+-------------------------------------------+
Number of packet traces with races: 0
Number of packet inconsistencies:  0
Number of packet inconsistencies that are actually consistent (covered):  0
Number of packet inconsistencies the first race is already inconsistent:  0
Number of packet inconsistencies after trimming repeated races:  0
Number of packet inconsistent updates:  0
Number of races:  5311
Number of races filtered by time:  1402
Number of commuting races:  3909
Number of harmful races:  0
Number of covered races:  0
Number of versions: 1
Inconsistent updates: 0
Done. Time elapsed: 4.52200198174 s
load_trace: 2.84799098969 s
detect_races: 0.50400018692 s
extract_traces_time: 0.0879988670349 s
find_reactive_cmds_time: 2.69412994385e-05 s
find_proactive_cmds_time: 0.080509185791 s
find_covered_races_time: 0.999464988708 s
per_packet_inconsistent_time: 0.00195097923279 s
find_inconsistent_update_time: -1.19209289551e-05 s
Read 2140 events.
Added 2110 events.
Total write operations: 32
Total read operations: 691
Processing 496 w/w combinations
Updating has_path path cache...
10% 
20% 
30% 
40% 
50% 
60% 
70% 
80% 
90% 
100% 
Processing 22112 r/w combinations
10% 
20% 
30% 
40% 
50% 
60% 
70% 
80% 
90% 
100% 
Updating has_path path cache...
+-------------------------------------------+
| Total operations:      723                |
| Total write operations: 32                |
| Total read operations:  691               |
+-------------------------------------------+
| Total commuting races: 3909               |
| Total harmful races:   5                  |
| Total filtered races:  0                  |
| Total Time Filtered races:  1397          |
| Total Time Edges:      1397               |
+-------------------------------------------+
Number of packet traces with races: 5
Number of packet inconsistencies:  0
Number of packet inconsistencies that are actually consistent (covered):  0
Number of packet inconsistencies the first race is already inconsistent:  5
Number of packet inconsistencies after trimming repeated races:  0
Number of packet inconsistent updates:  0
Number of races:  5311
Number of races filtered by time:  1397
Number of commuting races:  3909
Number of harmful races:  5
Number of covered races:  0
Number of versions: 1
Inconsistent updates: 0
Done. Time elapsed: 4.59542298317 s
load_trace: 2.81592297554 s
detect_races: 0.535500049591 s
extract_traces_time: 0.0801548957825 s
find_reactive_cmds_time: 3.60012054443e-05 s
find_proactive_cmds_time: 0.0879611968994 s
find_covered_races_time: 1.071849823 s
per_packet_inconsistent_time: 0.00399804115295 s
find_inconsistent_update_time: 0.0 s
Read 2140 events.
Added 2110 events.
Total write operations: 32
Total read operations: 691
Processing 496 w/w combinations
Updating has_path path cache...
10% 
20% 
30% 
40% 
50% 
60% 
70% 
80% 
90% 
100% 
Processing 22112 r/w combinations
10% 
20% 
30% 
40% 
50% 
60% 
70% 
80% 
90% 
100% 
Updating has_path path cache...
+-------------------------------------------+
| Total operations:      723                |
| Total write operations: 32                |
| Total read operations:  691               |
+-------------------------------------------+
| Total commuting races: 3909               |
| Total harmful races:   12                 |
| Total filtered races:  0                  |
| Total Time Filtered races:  1390          |
| Total Time Edges:      1390               |
+-------------------------------------------+
Number of packet traces with races: 12
Number of packet inconsistencies:  0
Number of packet inconsistencies that are actually consistent (covered):  0
Number of packet inconsistencies the first race is already inconsistent:  12
Number of packet inconsistencies after trimming repeated races:  0
Number of packet inconsistent updates:  0
Number of races:  5311
Number of races filtered by time:  1390
Number of commuting races:  3909
Number of harmful races:  12
Number of covered races:  0
Number of versions: 1
Inconsistent updates: 0
Done. Time elapsed: 4.59600496292 s
load_trace: 2.81176900864 s
detect_races: 0.514652967453 s
extract_traces_time: 0.0727488994598 s
find_reactive_cmds_time: 3.50475311279e-05 s
find_proactive_cmds_time: 0.0841569900513 s
find_covered_races_time: 1.10715889931 s
per_packet_inconsistent_time: 0.00541710853577 s
find_inconsistent_update_time: -1.69277191162e-05 s
Read 2140 events.
Added 2110 events.
Total write operations: 32
Total read operations: 691
Processing 496 w/w combinations
Updating has_path path cache...
10% 
20% 
30% 
40% 
50% 
60% 
70% 
80% 
90% 
100% 
Processing 22112 r/w combinations
10% 
20% 
30% 
40% 
50% 
60% 
70% 
80% 
90% 
100% 
Updating has_path path cache...
+-------------------------------------------+
| Total operations:      723                |
| Total write operations: 32                |
| Total read operations:  691               |
+-------------------------------------------+
| Total commuting races: 3909               |
| Total harmful races:   110                |
| Total filtered races:  0                  |
| Total Time Filtered races:  1292          |
| Total Time Edges:      1292               |
+-------------------------------------------+
Number of packet traces with races: 42
Number of packet inconsistencies:  11
Number of packet inconsistencies that are actually consistent (covered):  15
Number of packet inconsistencies the first race is already inconsistent:  16
Number of packet inconsistencies after trimming repeated races:  9
Number of packet inconsistent updates:  0
Number of races:  5311
Number of races filtered by time:  1292
Number of commuting races:  3909
Number of harmful races:  65
Number of covered races:  45
Number of versions: 1
Inconsistent updates: 0
Done. Time elapsed: 5.05599403381 s
load_trace: 3.20515799522 s
detect_races: 0.495092153549 s
extract_traces_time: 0.0763599872589 s
find_reactive_cmds_time: 3.69548797607e-05 s
find_proactive_cmds_time: 0.0887930393219 s
find_covered_races_time: 1.15603399277 s
per_packet_inconsistent_time: 0.0325088500977 s
find_inconsistent_update_time: -0.00201106071472 s
Read 2140 events.
Added 2110 events.
Total write operations: 32
Total read operations: 691
Processing 496 w/w combinations
Updating has_path path cache...
10% 
20% 
30% 
40% 
50% 
60% 
70% 
80% 
90% 
100% 
Processing 22112 r/w combinations
10% 
20% 
30% 
40% 
50% 
60% 
70% 
80% 
90% 
100% 
Updating has_path path cache...
+-------------------------------------------+
| Total operations:      723                |
| Total write operations: 32                |
| Total read operations:  691               |
+-------------------------------------------+
| Total commuting races: 3909               |
| Total harmful races:   226                |
| Total filtered races:  0                  |
| Total Time Filtered races:  1176          |
| Total Time Edges:      1176               |
+-------------------------------------------+
Number of packet traces with races: 77
Number of packet inconsistencies:  28
Number of packet inconsistencies that are actually consistent (covered):  32
Number of packet inconsistencies the first race is already inconsistent:  17
Number of packet inconsistencies after trimming repeated races:  15
Number of packet inconsistent updates:  0
Number of races:  5311
Number of races filtered by time:  1176
Number of commuting races:  3909
Number of harmful races:  127
Number of covered races:  99
Number of versions: 1
Inconsistent updates: 0
Done. Time elapsed: 4.69937682152 s
load_trace: 2.76795578003 s
detect_races: 0.476711034775 s
extract_traces_time: 0.0638689994812 s
find_reactive_cmds_time: 3.50475311279e-05 s
find_proactive_cmds_time: 0.0789160728455 s
find_covered_races_time: 1.23749804497 s
per_packet_inconsistent_time: 0.0741379261017 s
find_inconsistent_update_time: -0.000195026397705 s
Read 2140 events.
Added 2110 events.
Total write operations: 32
Total read operations: 691
Processing 496 w/w combinations
Updating has_path path cache...
10% 
20% 
30% 
40% 
50% 
60% 
70% 
80% 
90% 
100% 
Processing 22112 r/w combinations
10% 
20% 
30% 
40% 
50% 
60% 
70% 
80% 
90% 
100% 
Updating has_path path cache...
+-------------------------------------------+
| Total operations:      723                |
| Total write operations: 32                |
| Total read operations:  691               |
+-------------------------------------------+
| Total commuting races: 3909               |
| Total harmful races:   367                |
| Total filtered races:  0                  |
| Total Time Filtered races:  1035          |
| Total Time Edges:      1035               |
+-------------------------------------------+
Number of packet traces with races: 104
Number of packet inconsistencies:  45
Number of packet inconsistencies that are actually consistent (covered):  40
Number of packet inconsistencies the first race is already inconsistent:  19
Number of packet inconsistencies after trimming repeated races:  18
Number of packet inconsistent updates:  0
Number of races:  5311
Number of races filtered by time:  1035
Number of commuting races:  3909
Number of harmful races:  197
Number of covered races:  170
Number of versions: 1
Inconsistent updates: 0
Done. Time elapsed: 4.92005705833 s
load_trace: 2.7559158802 s
detect_races: 0.466714143753 s
extract_traces_time: 0.06889295578 s
find_reactive_cmds_time: 0.0 s
find_proactive_cmds_time: 0.0829498767853 s
find_covered_races_time: 1.41384410858 s
per_packet_inconsistent_time: 0.131541013718 s
find_inconsistent_update_time: -0.000149965286255 s
Read 2140 events.
Added 2110 events.
Total write operations: 32
Total read operations: 691
Processing 496 w/w combinations
Updating has_path path cache...
10% 
20% 
30% 
40% 
50% 
60% 
70% 
80% 
90% 
100% 
Processing 22112 r/w combinations
10% 
20% 
30% 
40% 
50% 
60% 
70% 
80% 
90% 
100% 
Updating has_path path cache...
+-------------------------------------------+
| Total operations:      723                |
| Total write operations: 32                |
| Total read operations:  691               |
+-------------------------------------------+
| Total commuting races: 3909               |
| Total harmful races:   492                |
| Total filtered races:  0                  |
| Total Time Filtered races:  910           |
| Total Time Edges:      910                |
+-------------------------------------------+
Number of packet traces with races: 130
Number of packet inconsistencies:  61
Number of packet inconsistencies that are actually consistent (covered):  51
Number of packet inconsistencies the first race is already inconsistent:  18
Number of packet inconsistencies after trimming repeated races:  18
Number of packet inconsistent updates:  0
Number of races:  5311
Number of races filtered by time:  910
Number of commuting races:  3909
Number of harmful races:  262
Number of covered races:  230
Number of versions: 1
Inconsistent updates: 0
Done. Time elapsed: 5.37433004379 s
load_trace: 2.84587597847 s
detect_races: 0.489112854004 s
extract_traces_time: 0.0689270496368 s
find_reactive_cmds_time: 3.31401824951e-05 s
find_proactive_cmds_time: 0.0861508846283 s
find_covered_races_time: 1.70028305054 s
per_packet_inconsistent_time: 0.183583974838 s
find_inconsistent_update_time: -0.000195026397705 s
Read 2140 events.
Added 2110 events.
Total write operations: 32
Total read operations: 691
Processing 496 w/w combinations
Updating has_path path cache...
10% 
20% 
30% 
40% 
50% 
60% 
70% 
80% 
90% 
100% 
Processing 22112 r/w combinations
10% 
20% 
30% 
40% 
50% 
60% 
70% 
80% 
90% 
100% 
Updating has_path path cache...
+-------------------------------------------+
| Total operations:      723                |
| Total write operations: 32                |
| Total read operations:  691               |
+-------------------------------------------+
| Total commuting races: 3909               |
| Total harmful races:   605                |
| Total filtered races:  0                  |
| Total Time Filtered races:  797           |
| Total Time Edges:      797                |
+-------------------------------------------+
Number of packet traces with races: 156
Number of packet inconsistencies:  76
Number of packet inconsistencies that are actually consistent (covered):  62
Number of packet inconsistencies the first race is already inconsistent:  18
Number of packet inconsistencies after trimming repeated races:  18
Number of packet inconsistent updates:  0
Number of races:  5311
Number of races filtered by time:  797
Number of commuting races:  3909
Number of harmful races:  323
Number of covered races:  282
Number of versions: 1
Inconsistent updates: 0
Done. Time elapsed: 5.32839298248 s
load_trace: 2.81154894829 s
detect_races: 0.458986997604 s
extract_traces_time: 0.0680770874023 s
find_reactive_cmds_time: 3.79085540771e-05 s
find_proactive_cmds_time: 0.0842869281769 s
find_covered_races_time: 1.67001914978 s
per_packet_inconsistent_time: 0.235163927078 s
find_inconsistent_update_time: -0.000221967697144 s
Read 2140 events.
Added 2110 events.
Total write operations: 32
Total read operations: 691
Processing 496 w/w combinations
Updating has_path path cache...
10% 
20% 
30% 
40% 
50% 
60% 
70% 
80% 
90% 
100% 
Processing 22112 r/w combinations
10% 
20% 
30% 
40% 
50% 
60% 
70% 
80% 
90% 
100% 
Updating has_path path cache...
+-------------------------------------------+
| Total operations:      723                |
| Total write operations: 32                |
| Total read operations:  691               |
+-------------------------------------------+
| Total commuting races: 3909               |
| Total harmful races:   715                |
| Total filtered races:  0                  |
| Total Time Filtered races:  687           |
| Total Time Edges:      687                |
+-------------------------------------------+
Number of packet traces with races: 181
Number of packet inconsistencies:  86
Number of packet inconsistencies that are actually consistent (covered):  78
Number of packet inconsistencies the first race is already inconsistent:  17
Number of packet inconsistencies after trimming repeated races:  14
Number of packet inconsistent updates:  0
Number of races:  5311
Number of races filtered by time:  687
Number of commuting races:  3909
Number of harmful races:  373
Number of covered races:  342
Number of versions: 1
Inconsistent updates: 0
Done. Time elapsed: 5.49752998352 s
load_trace: 2.82694888115 s
detect_races: 0.46653008461 s
extract_traces_time: 0.0676438808441 s
find_reactive_cmds_time: 3.71932983398e-05 s
find_proactive_cmds_time: 0.0817058086395 s
find_covered_races_time: 1.75006604195 s
per_packet_inconsistent_time: 0.304244041443 s
find_inconsistent_update_time: -0.000303983688354 s
Read 2140 events.
Added 2110 events.
Total write operations: 32
Total read operations: 691
Processing 496 w/w combinations
Updating has_path path cache...
10% 
20% 
30% 
40% 
50% 
60% 
70% 
80% 
90% 
100% 
Processing 22112 r/w combinations
10% 
20% 
30% 
40% 
50% 
60% 
70% 
80% 
90% 
100% 
Updating has_path path cache...
+-------------------------------------------+
| Total operations:      723                |
| Total write operations: 32                |
| Total read operations:  691               |
+-------------------------------------------+
| Total commuting races: 3909               |
| Total harmful races:   834                |
| Total filtered races:  0                  |
| Total Time Filtered races:  568           |
| Total Time Edges:      568                |
+-------------------------------------------+
Number of packet traces with races: 205
Number of packet inconsistencies:  105
Number of packet inconsistencies that are actually consistent (covered):  90
Number of packet inconsistencies the first race is already inconsistent:  10
Number of packet inconsistencies after trimming repeated races:  19
Number of packet inconsistent updates:  0
Number of races:  5311
Number of races filtered by time:  568
Number of commuting races:  3909
Number of harmful races:  435
Number of covered races:  399
Number of versions: 1
Inconsistent updates: 0
Done. Time elapsed: 5.83239102364 s
load_trace: 2.79628396034 s
detect_races: 0.449789047241 s
extract_traces_time: 0.0681200027466 s
find_reactive_cmds_time: 3.50475311279e-05 s
find_proactive_cmds_time: 0.0856580734253 s
find_covered_races_time: 2.01757192612 s
per_packet_inconsistent_time: 0.414532899857 s
find_inconsistent_update_time: -0.000339031219482 s
Read 2140 events.
Added 2110 events.
Total write operations: 32
Total read operations: 691
Processing 496 w/w combinations
Updating has_path path cache...
10% 
20% 
30% 
40% 
50% 
60% 
70% 
80% 
90% 
100% 
Processing 22112 r/w combinations
10% 
20% 
30% 
40% 
50% 
60% 
70% 
80% 
90% 
100% 
Updating has_path path cache...
+-------------------------------------------+
| Total operations:      723                |
| Total write operations: 32                |
| Total read operations:  691               |
+-------------------------------------------+
| Total commuting races: 3909               |
| Total harmful races:   938                |
| Total filtered races:  0                  |
| Total Time Filtered races:  464           |
| Total Time Edges:      464                |
+-------------------------------------------+
Number of packet traces with races: 225
Number of packet inconsistencies:  118
Number of packet inconsistencies that are actually consistent (covered):  100
Number of packet inconsistencies the first race is already inconsistent:  7
Number of packet inconsistencies after trimming repeated races:  18
Number of packet inconsistent updates:  0
Number of races:  5311
Number of races filtered by time:  464
Number of commuting races:  3909
Number of harmful races:  486
Number of covered races:  452
Number of versions: 1
Inconsistent updates: 0
Done. Time elapsed: 5.86736392975 s
load_trace: 2.82839107513 s
detect_races: 0.442526817322 s
extract_traces_time: 0.0709002017975 s
find_reactive_cmds_time: 3.88622283936e-05 s
find_proactive_cmds_time: 0.0883250236511 s
find_covered_races_time: 2.02859306335 s
per_packet_inconsistent_time: 0.408143043518 s
find_inconsistent_update_time: -0.000393867492676 s
