Read 779 events.
Added 720 events.
Total write operations: 18
Total read operations: 147
Processing 153 w/w combinations
Updating has_path path cache...
10% 
20% 
30% 
40% 
50% 
60% 
70% 
80% 
90% 
100% 
Processing 2646 r/w combinations
10% 
20% 
30% 
40% 
50% 
60% 
70% 
80% 
90% 
100% 
Updating has_path path cache...
+-------------------------------------------+
| Total operations:      165                |
| Total write operations: 18                |
| Total read operations:  147               |
+-------------------------------------------+
| Total commuting races: 2457               |
| Total harmful races:   288                |
| Total filtered races:  0                  |
| Total Time Filtered races:  0             |
| Total Time Edges:      0                  |
+-------------------------------------------+
Number of packet traces with races: 142
Number of packet inconsistencies:  0
Number of packet inconsistencies that are actually consistent (covered):  126
Number of packet inconsistencies the first race is already inconsistent:  16
Number of packet inconsistencies after trimming repeated races:  0
Number of packet inconsistent updates:  0
Number of races:  2745
Number of races filtered by time:  0
Number of commuting races:  2457
Number of harmful races:  162
Number of covered races:  126
Number of versions: 22
Inconsistent updates: 0
Done. Time elapsed: 1.47159600258 s
load_trace: 1.03420901299 s
detect_races: 0.186299085617 s
extract_traces_time: 0.0550129413605 s
find_reactive_cmds_time: 0.000797986984253 s
find_proactive_cmds_time: 0.077810049057 s
find_covered_races_time: 0.0697748661041 s
per_packet_inconsistent_time: 0.0475189685822 s
find_inconsistent_update_time: -0.000126123428345 s
Read 779 events.
Added 720 events.
Total write operations: 18
Total read operations: 147
Processing 153 w/w combinations
Updating has_path path cache...
10% 
20% 
30% 
40% 
50% 
60% 
70% 
80% 
90% 
100% 
Processing 2646 r/w combinations
10% 
20% 
30% 
40% 
50% 
60% 
70% 
80% 
90% 
100% 
Updating has_path path cache...
+-------------------------------------------+
| Total operations:      165                |
| Total write operations: 18                |
| Total read operations:  147               |
+-------------------------------------------+
| Total commuting races: 2457               |
| Total harmful races:   0                  |
| Total filtered races:  0                  |
| Total Time Filtered races:  288           |
| Total Time Edges:      288                |
+-------------------------------------------+
Number of packet traces with races: 0
Number of packet inconsistencies:  0
Number of packet inconsistencies that are actually consistent (covered):  0
Number of packet inconsistencies the first race is already inconsistent:  0
Number of packet inconsistencies after trimming repeated races:  0
Number of packet inconsistent updates:  0
Number of races:  2745
Number of races filtered by time:  288
Number of commuting races:  2457
Number of harmful races:  0
Number of covered races:  0
Number of versions: 22
Inconsistent updates: 0
Done. Time elapsed: 1.35599398613 s
load_trace: 0.956714868546 s
detect_races: 0.240360975266 s
extract_traces_time: 0.0439450740814 s
find_reactive_cmds_time: 0.00171208381653 s
find_proactive_cmds_time: 0.0802419185638 s
find_covered_races_time: 0.0318751335144 s
per_packet_inconsistent_time: 0.00108194351196 s
find_inconsistent_update_time: -1.50203704834e-05 s
Read 779 events.
Added 720 events.
Total write operations: 18
Total read operations: 147
Processing 153 w/w combinations
Updating has_path path cache...
10% 
20% 
30% 
40% 
50% 
60% 
70% 
80% 
90% 
100% 
Processing 2646 r/w combinations
10% 
20% 
30% 
40% 
50% 
60% 
70% 
80% 
90% 
100% 
Updating has_path path cache...
+-------------------------------------------+
| Total operations:      165                |
| Total write operations: 18                |
| Total read operations:  147               |
+-------------------------------------------+
| Total commuting races: 2457               |
| Total harmful races:   16                 |
| Total filtered races:  0                  |
| Total Time Filtered races:  272           |
| Total Time Edges:      272                |
+-------------------------------------------+
Number of packet traces with races: 16
Number of packet inconsistencies:  0
Number of packet inconsistencies that are actually consistent (covered):  0
Number of packet inconsistencies the first race is already inconsistent:  16
Number of packet inconsistencies after trimming repeated races:  0
Number of packet inconsistent updates:  0
Number of races:  2745
Number of races filtered by time:  272
Number of commuting races:  2457
Number of harmful races:  16
Number of covered races:  0
Number of versions: 22
Inconsistent updates: 0
Done. Time elapsed: 1.37041211128 s
load_trace: 0.970453977585 s
detect_races: 0.225774049759 s
extract_traces_time: 0.0426669120789 s
find_reactive_cmds_time: 0.00111198425293 s
find_proactive_cmds_time: 0.0905330181122 s
find_covered_races_time: 0.0351190567017 s
per_packet_inconsistent_time: 0.00468397140503 s
find_inconsistent_update_time: -2.50339508057e-05 s
Read 779 events.
Added 720 events.
Total write operations: 18
Total read operations: 147
Processing 153 w/w combinations
Updating has_path path cache...
10% 
20% 
30% 
40% 
50% 
60% 
70% 
80% 
90% 
100% 
Processing 2646 r/w combinations
10% 
20% 
30% 
40% 
50% 
60% 
70% 
80% 
90% 
100% 
Updating has_path path cache...
+-------------------------------------------+
| Total operations:      165                |
| Total write operations: 18                |
| Total read operations:  147               |
+-------------------------------------------+
| Total commuting races: 2457               |
| Total harmful races:   33                 |
| Total filtered races:  0                  |
| Total Time Filtered races:  255           |
| Total Time Edges:      255                |
+-------------------------------------------+
Number of packet traces with races: 31
Number of packet inconsistencies:  0
Number of packet inconsistencies that are actually consistent (covered):  1
Number of packet inconsistencies the first race is already inconsistent:  30
Number of packet inconsistencies after trimming repeated races:  0
Number of packet inconsistent updates:  0
Number of races:  2745
Number of races filtered by time:  255
Number of commuting races:  2457
Number of harmful races:  32
Number of covered races:  1
Number of versions: 22
Inconsistent updates: 0
Done. Time elapsed: 1.49871397018 s
load_trace: 1.04546689987 s
detect_races: 0.277088165283 s
extract_traces_time: 0.0438640117645 s
find_reactive_cmds_time: 0.00123882293701 s
find_proactive_cmds_time: 0.0855121612549 s
find_covered_races_time: 0.0374488830566 s
per_packet_inconsistent_time: 0.00800609588623 s
find_inconsistent_update_time: -3.2901763916e-05 s
Read 779 events.
Added 720 events.
Total write operations: 18
Total read operations: 147
Processing 153 w/w combinations
Updating has_path path cache...
10% 
20% 
30% 
40% 
50% 
60% 
70% 
80% 
90% 
100% 
Processing 2646 r/w combinations
10% 
20% 
30% 
40% 
50% 
60% 
70% 
80% 
90% 
100% 
Updating has_path path cache...
+-------------------------------------------+
| Total operations:      165                |
| Total write operations: 18                |
| Total read operations:  147               |
+-------------------------------------------+
| Total commuting races: 2457               |
| Total harmful races:   45                 |
| Total filtered races:  0                  |
| Total Time Filtered races:  243           |
| Total Time Edges:      243                |
+-------------------------------------------+
Number of packet traces with races: 39
Number of packet inconsistencies:  0
Number of packet inconsistencies that are actually consistent (covered):  5
Number of packet inconsistencies the first race is already inconsistent:  34
Number of packet inconsistencies after trimming repeated races:  0
Number of packet inconsistent updates:  0
Number of races:  2745
Number of races filtered by time:  243
Number of commuting races:  2457
Number of harmful races:  40
Number of covered races:  5
Number of versions: 22
Inconsistent updates: 0
Done. Time elapsed: 1.33571100235 s
load_trace: 0.951040029526 s
detect_races: 0.224534988403 s
extract_traces_time: 0.0331220626831 s
find_reactive_cmds_time: 0.000916004180908 s
find_proactive_cmds_time: 0.0805518627167 s
find_covered_races_time: 0.0369091033936 s
per_packet_inconsistent_time: 0.00855398178101 s
find_inconsistent_update_time: -3.79085540771e-05 s
Read 779 events.
Added 720 events.
Total write operations: 18
Total read operations: 147
Processing 153 w/w combinations
Updating has_path path cache...
10% 
20% 
30% 
40% 
50% 
60% 
70% 
80% 
90% 
100% 
Processing 2646 r/w combinations
10% 
20% 
30% 
40% 
50% 
60% 
70% 
80% 
90% 
100% 
Updating has_path path cache...
+-------------------------------------------+
| Total operations:      165                |
| Total write operations: 18                |
| Total read operations:  147               |
+-------------------------------------------+
| Total commuting races: 2457               |
| Total harmful races:   62                 |
| Total filtered races:  0                  |
| Total Time Filtered races:  226           |
| Total Time Edges:      226                |
+-------------------------------------------+
Number of packet traces with races: 45
Number of packet inconsistencies:  0
Number of packet inconsistencies that are actually consistent (covered):  15
Number of packet inconsistencies the first race is already inconsistent:  30
Number of packet inconsistencies after trimming repeated races:  0
Number of packet inconsistent updates:  0
Number of races:  2745
Number of races filtered by time:  226
Number of commuting races:  2457
Number of harmful races:  47
Number of covered races:  15
Number of versions: 22
Inconsistent updates: 0
Done. Time elapsed: 1.52273797989 s
load_trace: 1.11712694168 s
detect_races: 0.232387065887 s
extract_traces_time: 0.0346539020538 s
find_reactive_cmds_time: 0.00081205368042 s
find_proactive_cmds_time: 0.0863690376282 s
find_covered_races_time: 0.0396509170532 s
per_packet_inconsistent_time: 0.0116541385651 s
find_inconsistent_update_time: -8.39233398438e-05 s
Read 779 events.
Added 720 events.
Total write operations: 18
Total read operations: 147
Processing 153 w/w combinations
Updating has_path path cache...
10% 
20% 
30% 
40% 
50% 
60% 
70% 
80% 
90% 
100% 
Processing 2646 r/w combinations
10% 
20% 
30% 
40% 
50% 
60% 
70% 
80% 
90% 
100% 
Updating has_path path cache...
+-------------------------------------------+
| Total operations:      165                |
| Total write operations: 18                |
| Total read operations:  147               |
+-------------------------------------------+
| Total commuting races: 2457               |
| Total harmful races:   70                 |
| Total filtered races:  0                  |
| Total Time Filtered races:  218           |
| Total Time Edges:      218                |
+-------------------------------------------+
Number of packet traces with races: 51
Number of packet inconsistencies:  0
Number of packet inconsistencies that are actually consistent (covered):  16
Number of packet inconsistencies the first race is already inconsistent:  35
Number of packet inconsistencies after trimming repeated races:  0
Number of packet inconsistent updates:  0
Number of races:  2745
Number of races filtered by time:  218
Number of commuting races:  2457
Number of harmful races:  54
Number of covered races:  16
Number of versions: 22
Inconsistent updates: 0
Done. Time elapsed: 1.4193880558 s
load_trace: 1.01884388924 s
detect_races: 0.227669000626 s
extract_traces_time: 0.032909154892 s
find_reactive_cmds_time: 0.000959873199463 s
find_proactive_cmds_time: 0.0860121250153 s
find_covered_races_time: 0.0404789447784 s
per_packet_inconsistent_time: 0.0125150680542 s
find_inconsistent_update_time: 0.0 s
Read 779 events.
Added 720 events.
Total write operations: 18
Total read operations: 147
Processing 153 w/w combinations
Updating has_path path cache...
10% 
20% 
30% 
40% 
50% 
60% 
70% 
80% 
90% 
100% 
Processing 2646 r/w combinations
10% 
20% 
30% 
40% 
50% 
60% 
70% 
80% 
90% 
100% 
Updating has_path path cache...
+-------------------------------------------+
| Total operations:      165                |
| Total write operations: 18                |
| Total read operations:  147               |
+-------------------------------------------+
| Total commuting races: 2457               |
| Total harmful races:   88                 |
| Total filtered races:  0                  |
| Total Time Filtered races:  200           |
| Total Time Edges:      200                |
+-------------------------------------------+
Number of packet traces with races: 60
Number of packet inconsistencies:  0
Number of packet inconsistencies that are actually consistent (covered):  24
Number of packet inconsistencies the first race is already inconsistent:  36
Number of packet inconsistencies after trimming repeated races:  0
Number of packet inconsistent updates:  0
Number of races:  2745
Number of races filtered by time:  200
Number of commuting races:  2457
Number of harmful races:  64
Number of covered races:  24
Number of versions: 22
Inconsistent updates: 0
Done. Time elapsed: 1.39867401123 s
load_trace: 0.991014957428 s
detect_races: 0.229043960571 s
extract_traces_time: 0.0330619812012 s
find_reactive_cmds_time: 0.00074315071106 s
find_proactive_cmds_time: 0.0843200683594 s
find_covered_races_time: 0.0424478054047 s
per_packet_inconsistent_time: 0.0178861618042 s
find_inconsistent_update_time: -7.89165496826e-05 s
Read 779 events.
Added 720 events.
Total write operations: 18
Total read operations: 147
Processing 153 w/w combinations
Updating has_path path cache...
10% 
20% 
30% 
40% 
50% 
60% 
70% 
80% 
90% 
100% 
Processing 2646 r/w combinations
10% 
20% 
30% 
40% 
50% 
60% 
70% 
80% 
90% 
100% 
Updating has_path path cache...
+-------------------------------------------+
| Total operations:      165                |
| Total write operations: 18                |
| Total read operations:  147               |
+-------------------------------------------+
| Total commuting races: 2457               |
| Total harmful races:   100                |
| Total filtered races:  0                  |
| Total Time Filtered races:  188           |
| Total Time Edges:      188                |
+-------------------------------------------+
Number of packet traces with races: 66
Number of packet inconsistencies:  0
Number of packet inconsistencies that are actually consistent (covered):  28
Number of packet inconsistencies the first race is already inconsistent:  38
Number of packet inconsistencies after trimming repeated races:  0
Number of packet inconsistent updates:  0
Number of races:  2745
Number of races filtered by time:  188
Number of commuting races:  2457
Number of harmful races:  72
Number of covered races:  28
Number of versions: 22
Inconsistent updates: 0
Done. Time elapsed: 1.66732096672 s
load_trace: 1.24779701233 s
detect_races: 0.237690925598 s
extract_traces_time: 0.0310430526733 s
find_reactive_cmds_time: 0.000747919082642 s
find_proactive_cmds_time: 0.0867989063263 s
find_covered_races_time: 0.0452470779419 s
per_packet_inconsistent_time: 0.0176451206207 s
find_inconsistent_update_time: -0.000259876251221 s
Read 779 events.
Added 720 events.
Total write operations: 18
Total read operations: 147
Processing 153 w/w combinations
Updating has_path path cache...
10% 
20% 
30% 
40% 
50% 
60% 
70% 
80% 
90% 
100% 
Processing 2646 r/w combinations
10% 
20% 
30% 
40% 
50% 
60% 
70% 
80% 
90% 
100% 
Updating has_path path cache...
+-------------------------------------------+
| Total operations:      165                |
| Total write operations: 18                |
| Total read operations:  147               |
+-------------------------------------------+
| Total commuting races: 2457               |
| Total harmful races:   113                |
| Total filtered races:  0                  |
| Total Time Filtered races:  175           |
| Total Time Edges:      175                |
+-------------------------------------------+
Number of packet traces with races: 74
Number of packet inconsistencies:  0
Number of packet inconsistencies that are actually consistent (covered):  32
Number of packet inconsistencies the first race is already inconsistent:  42
Number of packet inconsistencies after trimming repeated races:  0
Number of packet inconsistent updates:  0
Number of races:  2745
Number of races filtered by time:  175
Number of commuting races:  2457
Number of harmful races:  81
Number of covered races:  32
Number of versions: 22
Inconsistent updates: 0
Done. Time elapsed: 1.41326212883 s
load_trace: 1.00764107704 s
detect_races: 0.226940870285 s
extract_traces_time: 0.0294849872589 s
find_reactive_cmds_time: 0.000726222991943 s
find_proactive_cmds_time: 0.0819919109344 s
find_covered_races_time: 0.0469989776611 s
per_packet_inconsistent_time: 0.0194780826569 s
find_inconsistent_update_time: 0.0 s
Read 779 events.
Added 720 events.
Total write operations: 18
Total read operations: 147
Processing 153 w/w combinations
Updating has_path path cache...
10% 
20% 
30% 
40% 
50% 
60% 
70% 
80% 
90% 
100% 
Processing 2646 r/w combinations
10% 
20% 
30% 
40% 
50% 
60% 
70% 
80% 
90% 
100% 
Updating has_path path cache...
+-------------------------------------------+
| Total operations:      165                |
| Total write operations: 18                |
| Total read operations:  147               |
+-------------------------------------------+
| Total commuting races: 2457               |
| Total harmful races:   126                |
| Total filtered races:  0                  |
| Total Time Filtered races:  162           |
| Total Time Edges:      162                |
+-------------------------------------------+
Number of packet traces with races: 82
Number of packet inconsistencies:  0
Number of packet inconsistencies that are actually consistent (covered):  36
Number of packet inconsistencies the first race is already inconsistent:  46
Number of packet inconsistencies after trimming repeated races:  0
Number of packet inconsistent updates:  0
Number of races:  2745
Number of races filtered by time:  162
Number of commuting races:  2457
Number of harmful races:  90
Number of covered races:  36
Number of versions: 22
Inconsistent updates: 0
Done. Time elapsed: 1.39774298668 s
load_trace: 0.998126983643 s
detect_races: 0.218253135681 s
extract_traces_time: 0.0281548500061 s
find_reactive_cmds_time: 0.000725030899048 s
find_proactive_cmds_time: 0.0786669254303 s
find_covered_races_time: 0.0502769947052 s
per_packet_inconsistent_time: 0.0234191417694 s
find_inconsistent_update_time: -7.29560852051e-05 s
Read 779 events.
Added 720 events.
Total write operations: 18
Total read operations: 147
Processing 153 w/w combinations
Updating has_path path cache...
10% 
20% 
30% 
40% 
50% 
60% 
70% 
80% 
90% 
100% 
Processing 2646 r/w combinations
10% 
20% 
30% 
40% 
50% 
60% 
70% 
80% 
90% 
100% 
Updating has_path path cache...
+-------------------------------------------+
| Total operations:      165                |
| Total write operations: 18                |
| Total read operations:  147               |
+-------------------------------------------+
| Total commuting races: 2457               |
| Total harmful races:   141                |
| Total filtered races:  0                  |
| Total Time Filtered races:  147           |
| Total Time Edges:      147                |
+-------------------------------------------+
Number of packet traces with races: 88
Number of packet inconsistencies:  0
Number of packet inconsistencies that are actually consistent (covered):  45
Number of packet inconsistencies the first race is already inconsistent:  43
Number of packet inconsistencies after trimming repeated races:  0
Number of packet inconsistent updates:  0
Number of races:  2745
Number of races filtered by time:  147
Number of commuting races:  2457
Number of harmful races:  96
Number of covered races:  45
Number of versions: 22
Inconsistent updates: 0
Done. Time elapsed: 1.6138510704 s
load_trace: 1.17441892624 s
detect_races: 0.214703083038 s
extract_traces_time: 0.0279288291931 s
find_reactive_cmds_time: 0.00112819671631 s
find_proactive_cmds_time: 0.090845823288 s
find_covered_races_time: 0.0801701545715 s
per_packet_inconsistent_time: 0.0245318412781 s
find_inconsistent_update_time: -7.70092010498e-05 s
