Read 2230 events.
Added 2075 events.
Total write operations: 138
Total read operations: 274
Processing 9453 w/w combinations
Updating has_path path cache...
10% 
20% 
30% 
40% 
50% 
60% 
70% 
80% 
90% 
100% 
Processing 37812 r/w combinations
10% 
20% 
30% 
40% 
50% 
60% 
70% 
80% 
90% 
100% 
Updating has_path path cache...
+-------------------------------------------+
| Total operations:      412                |
| Total write operations: 138               |
| Total read operations:  274               |
+-------------------------------------------+
| Total commuting races: 46294              |
| Total harmful races:   544                |
| Total filtered races:  0                  |
| Total Time Filtered races:  0             |
| Total Time Edges:      0                  |
+-------------------------------------------+
Number of packet traces with races: 250
Number of packet inconsistencies:  0
Number of packet inconsistencies that are actually consistent (covered):  142
Number of packet inconsistencies the first race is already inconsistent:  108
Number of packet inconsistencies after trimming repeated races:  0
Number of packet inconsistent updates:  0
Number of races:  46838
Number of races filtered by time:  0
Number of commuting races:  46294
Number of harmful races:  398
Number of covered races:  146
Number of versions: 144
Inconsistent updates: 0
Done. Time elapsed: 14.839496851 s
load_trace: 11.5123989582 s
detect_races: 2.58558988571 s
extract_traces_time: 0.0702750682831 s
find_reactive_cmds_time: 0.00600099563599 s
find_proactive_cmds_time: 0.280174016953 s
find_covered_races_time: 0.110449075699 s
per_packet_inconsistent_time: 0.27414894104 s
find_inconsistent_update_time: -0.000410079956055 s
Read 2230 events.
Added 2075 events.
Total write operations: 138
Total read operations: 274
Processing 9453 w/w combinations
Updating has_path path cache...
10% 
20% 
30% 
40% 
50% 
60% 
70% 
80% 
90% 
100% 
Processing 37812 r/w combinations
10% 
20% 
30% 
40% 
50% 
60% 
70% 
80% 
90% 
100% 
Updating has_path path cache...
+-------------------------------------------+
| Total operations:      412                |
| Total write operations: 138               |
| Total read operations:  274               |
+-------------------------------------------+
| Total commuting races: 46294              |
| Total harmful races:   0                  |
| Total filtered races:  0                  |
| Total Time Filtered races:  544           |
| Total Time Edges:      544                |
+-------------------------------------------+
Number of packet traces with races: 0
Number of packet inconsistencies:  0
Number of packet inconsistencies that are actually consistent (covered):  0
Number of packet inconsistencies the first race is already inconsistent:  0
Number of packet inconsistencies after trimming repeated races:  0
Number of packet inconsistent updates:  0
Number of races:  46838
Number of races filtered by time:  544
Number of commuting races:  46294
Number of harmful races:  0
Number of covered races:  0
Number of versions: 144
Inconsistent updates: 0
Done. Time elapsed: 14.5160419941 s
load_trace: 11.3335220814 s
detect_races: 2.7940890789 s
extract_traces_time: 0.275715827942 s
find_reactive_cmds_time: 0.00656199455261 s
find_proactive_cmds_time: 0.090677022934 s
find_covered_races_time: 0.0123829841614 s
per_packet_inconsistent_time: 0.00301718711853 s
find_inconsistent_update_time: -7.58171081543e-05 s
Read 2230 events.
Added 2075 events.
Total write operations: 138
Total read operations: 274
Processing 9453 w/w combinations
Updating has_path path cache...
10% 
20% 
30% 
40% 
50% 
60% 
70% 
80% 
90% 
100% 
Processing 37812 r/w combinations
10% 
20% 
30% 
40% 
50% 
60% 
70% 
80% 
90% 
100% 
Updating has_path path cache...
+-------------------------------------------+
| Total operations:      412                |
| Total write operations: 138               |
| Total read operations:  274               |
+-------------------------------------------+
| Total commuting races: 46294              |
| Total harmful races:   23                 |
| Total filtered races:  0                  |
| Total Time Filtered races:  521           |
| Total Time Edges:      521                |
+-------------------------------------------+
Number of packet traces with races: 23
Number of packet inconsistencies:  0
Number of packet inconsistencies that are actually consistent (covered):  0
Number of packet inconsistencies the first race is already inconsistent:  23
Number of packet inconsistencies after trimming repeated races:  0
Number of packet inconsistent updates:  0
Number of races:  46838
Number of races filtered by time:  521
Number of commuting races:  46294
Number of harmful races:  23
Number of covered races:  0
Number of versions: 144
Inconsistent updates: 0
Done. Time elapsed: 18.8235991001 s
load_trace: 15.5985460281 s
detect_races: 2.81665492058 s
extract_traces_time: 0.280749082565 s
find_reactive_cmds_time: 0.00587892532349 s
find_proactive_cmds_time: 0.0935280323029 s
find_covered_races_time: 0.0159440040588 s
per_packet_inconsistent_time: 0.0121750831604 s
find_inconsistent_update_time: -7.89165496826e-05 s
Read 2230 events.
Added 2075 events.
Total write operations: 138
Total read operations: 274
Processing 9453 w/w combinations
Updating has_path path cache...
10% 
20% 
30% 
40% 
50% 
60% 
70% 
80% 
90% 
100% 
Processing 37812 r/w combinations
10% 
20% 
30% 
40% 
50% 
60% 
70% 
80% 
90% 
100% 
Updating has_path path cache...
+-------------------------------------------+
| Total operations:      412                |
| Total write operations: 138               |
| Total read operations:  274               |
+-------------------------------------------+
| Total commuting races: 46294              |
| Total harmful races:   47                 |
| Total filtered races:  0                  |
| Total Time Filtered races:  497           |
| Total Time Edges:      497                |
+-------------------------------------------+
Number of packet traces with races: 47
Number of packet inconsistencies:  0
Number of packet inconsistencies that are actually consistent (covered):  0
Number of packet inconsistencies the first race is already inconsistent:  47
Number of packet inconsistencies after trimming repeated races:  0
Number of packet inconsistent updates:  0
Number of races:  46838
Number of races filtered by time:  497
Number of commuting races:  46294
Number of harmful races:  47
Number of covered races:  0
Number of versions: 144
Inconsistent updates: 0
Done. Time elapsed: 21.1825420856 s
load_trace: 17.371680975 s
detect_races: 3.34655714035 s
extract_traces_time: 0.30340886116 s
find_reactive_cmds_time: 0.00837993621826 s
find_proactive_cmds_time: 0.106142997742 s
find_covered_races_time: 0.0204310417175 s
per_packet_inconsistent_time: 0.025808095932 s
find_inconsistent_update_time: -8.60691070557e-05 s
Read 2230 events.
Added 2075 events.
Total write operations: 138
Total read operations: 274
Processing 9453 w/w combinations
Updating has_path path cache...
10% 
20% 
30% 
40% 
50% 
60% 
70% 
80% 
90% 
100% 
Processing 37812 r/w combinations
10% 
20% 
30% 
40% 
50% 
60% 
70% 
80% 
90% 
100% 
Updating has_path path cache...
+-------------------------------------------+
| Total operations:      412                |
| Total write operations: 138               |
| Total read operations:  274               |
+-------------------------------------------+
| Total commuting races: 46294              |
| Total harmful races:   68                 |
| Total filtered races:  0                  |
| Total Time Filtered races:  476           |
| Total Time Edges:      476                |
+-------------------------------------------+
Number of packet traces with races: 68
Number of packet inconsistencies:  0
Number of packet inconsistencies that are actually consistent (covered):  0
Number of packet inconsistencies the first race is already inconsistent:  68
Number of packet inconsistencies after trimming repeated races:  0
Number of packet inconsistent updates:  0
Number of races:  46838
Number of races filtered by time:  476
Number of commuting races:  46294
Number of harmful races:  68
Number of covered races:  0
Number of versions: 144
Inconsistent updates: 0
Done. Time elapsed: 24.1078650951 s
load_trace: 20.886070013 s
detect_races: 2.78240895271 s
extract_traces_time: 0.282314062119 s
find_reactive_cmds_time: 0.00649094581604 s
find_proactive_cmds_time: 0.095025062561 s
find_covered_races_time: 0.022402048111 s
per_packet_inconsistent_time: 0.0330078601837 s
find_inconsistent_update_time: -9.79900360107e-05 s
Read 2230 events.
Added 2075 events.
Total write operations: 138
Total read operations: 274
Processing 9453 w/w combinations
Updating has_path path cache...
10% 
20% 
30% 
40% 
50% 
60% 
70% 
80% 
90% 
100% 
Processing 37812 r/w combinations
10% 
20% 
30% 
40% 
50% 
60% 
70% 
80% 
90% 
100% 
Updating has_path path cache...
+-------------------------------------------+
| Total operations:      412                |
| Total write operations: 138               |
| Total read operations:  274               |
+-------------------------------------------+
| Total commuting races: 46294              |
| Total harmful races:   95                 |
| Total filtered races:  0                  |
| Total Time Filtered races:  449           |
| Total Time Edges:      449                |
+-------------------------------------------+
Number of packet traces with races: 93
Number of packet inconsistencies:  0
Number of packet inconsistencies that are actually consistent (covered):  3
Number of packet inconsistencies the first race is already inconsistent:  90
Number of packet inconsistencies after trimming repeated races:  0
Number of packet inconsistent updates:  0
Number of races:  46838
Number of races filtered by time:  449
Number of commuting races:  46294
Number of harmful races:  92
Number of covered races:  3
Number of versions: 144
Inconsistent updates: 0
Done. Time elapsed: 14.4008948803 s
load_trace: 11.2355289459 s
detect_races: 2.68052101135 s
extract_traces_time: 0.299366950989 s
find_reactive_cmds_time: 0.00666117668152 s
find_proactive_cmds_time: 0.0959479808807 s
find_covered_races_time: 0.0332059860229 s
per_packet_inconsistent_time: 0.0494968891144 s
find_inconsistent_update_time: -0.000117063522339 s
Read 2230 events.
Added 2075 events.
Total write operations: 138
Total read operations: 274
Processing 9453 w/w combinations
Updating has_path path cache...
10% 
20% 
30% 
40% 
50% 
60% 
70% 
80% 
90% 
100% 
Processing 37812 r/w combinations
10% 
20% 
30% 
40% 
50% 
60% 
70% 
80% 
90% 
100% 
Updating has_path path cache...
+-------------------------------------------+
| Total operations:      412                |
| Total write operations: 138               |
| Total read operations:  274               |
+-------------------------------------------+
| Total commuting races: 46294              |
| Total harmful races:   115                |
| Total filtered races:  0                  |
| Total Time Filtered races:  429           |
| Total Time Edges:      429                |
+-------------------------------------------+
Number of packet traces with races: 110
Number of packet inconsistencies:  0
Number of packet inconsistencies that are actually consistent (covered):  7
Number of packet inconsistencies the first race is already inconsistent:  103
Number of packet inconsistencies after trimming repeated races:  0
Number of packet inconsistent updates:  0
Number of races:  46838
Number of races filtered by time:  429
Number of commuting races:  46294
Number of harmful races:  108
Number of covered races:  7
Number of versions: 144
Inconsistent updates: 0
Done. Time elapsed: 16.1076171398 s
load_trace: 12.9587409496 s
detect_races: 2.67533612251 s
extract_traces_time: 0.283024072647 s
find_reactive_cmds_time: 0.0056848526001 s
find_proactive_cmds_time: 0.0943081378937 s
find_covered_races_time: 0.0325047969818 s
per_packet_inconsistent_time: 0.0578219890594 s
find_inconsistent_update_time: -0.000145196914673 s
Read 2230 events.
Added 2075 events.
Total write operations: 138
Total read operations: 274
Processing 9453 w/w combinations
Updating has_path path cache...
10% 
20% 
30% 
40% 
50% 
60% 
70% 
80% 
90% 
100% 
Processing 37812 r/w combinations
10% 
20% 
30% 
40% 
50% 
60% 
70% 
80% 
90% 
100% 
Updating has_path path cache...
+-------------------------------------------+
| Total operations:      412                |
| Total write operations: 138               |
| Total read operations:  274               |
+-------------------------------------------+
| Total commuting races: 46294              |
| Total harmful races:   136                |
| Total filtered races:  0                  |
| Total Time Filtered races:  408           |
| Total Time Edges:      408                |
+-------------------------------------------+
Number of packet traces with races: 121
Number of packet inconsistencies:  0
Number of packet inconsistencies that are actually consistent (covered):  18
Number of packet inconsistencies the first race is already inconsistent:  103
Number of packet inconsistencies after trimming repeated races:  0
Number of packet inconsistent updates:  0
Number of races:  46838
Number of races filtered by time:  408
Number of commuting races:  46294
Number of harmful races:  118
Number of covered races:  18
Number of versions: 144
Inconsistent updates: 0
Done. Time elapsed: 15.3281600475 s
load_trace: 11.3182351589 s
detect_races: 3.01688694954 s
extract_traces_time: 0.489732027054 s
find_reactive_cmds_time: 0.0246498584747 s
find_proactive_cmds_time: 0.235582113266 s
find_covered_races_time: 0.0920789241791 s
per_packet_inconsistent_time: 0.150663137436 s
find_inconsistent_update_time: -0.000262022018433 s
Read 2230 events.
Added 2075 events.
Total write operations: 138
Total read operations: 274
Processing 9453 w/w combinations
Updating has_path path cache...
10% 
20% 
30% 
40% 
50% 
60% 
70% 
80% 
90% 
100% 
Processing 37812 r/w combinations
10% 
20% 
30% 
40% 
50% 
60% 
70% 
80% 
90% 
100% 
Updating has_path path cache...
+-------------------------------------------+
| Total operations:      412                |
| Total write operations: 138               |
| Total read operations:  274               |
+-------------------------------------------+
| Total commuting races: 46294              |
| Total harmful races:   156                |
| Total filtered races:  0                  |
| Total Time Filtered races:  388           |
| Total Time Edges:      388                |
+-------------------------------------------+
Number of packet traces with races: 131
Number of packet inconsistencies:  0
Number of packet inconsistencies that are actually consistent (covered):  31
Number of packet inconsistencies the first race is already inconsistent:  100
Number of packet inconsistencies after trimming repeated races:  0
Number of packet inconsistent updates:  0
Number of races:  46838
Number of races filtered by time:  388
Number of commuting races:  46294
Number of harmful races:  125
Number of covered races:  31
Number of versions: 144
Inconsistent updates: 0
Done. Time elapsed: 14.2738099098 s
load_trace: 11.1800780296 s
detect_races: 2.62051105499 s
extract_traces_time: 0.0830860137939 s
find_reactive_cmds_time: 0.00580883026123 s
find_proactive_cmds_time: 0.258908033371 s
find_covered_races_time: 0.0426299571991 s
per_packet_inconsistent_time: 0.0825860500336 s
find_inconsistent_update_time: -0.000150918960571 s
Read 2230 events.
Added 2075 events.
Total write operations: 138
Total read operations: 274
Processing 9453 w/w combinations
Updating has_path path cache...
10% 
20% 
30% 
40% 
50% 
60% 
70% 
80% 
90% 
100% 
Processing 37812 r/w combinations
10% 
20% 
30% 
40% 
50% 
60% 
70% 
80% 
90% 
100% 
Updating has_path path cache...
+-------------------------------------------+
| Total operations:      412                |
| Total write operations: 138               |
| Total read operations:  274               |
+-------------------------------------------+
| Total commuting races: 46294              |
| Total harmful races:   187                |
| Total filtered races:  0                  |
| Total Time Filtered races:  357           |
| Total Time Edges:      357                |
+-------------------------------------------+
Number of packet traces with races: 148
Number of packet inconsistencies:  0
Number of packet inconsistencies that are actually consistent (covered):  40
Number of packet inconsistencies the first race is already inconsistent:  108
Number of packet inconsistencies after trimming repeated races:  0
Number of packet inconsistent updates:  0
Number of races:  46838
Number of races filtered by time:  357
Number of commuting races:  46294
Number of harmful races:  147
Number of covered races:  40
Number of versions: 144
Inconsistent updates: 0
Done. Time elapsed: 16.2230629921 s
load_trace: 11.7839431763 s
detect_races: 3.78150701523 s
extract_traces_time: 0.151382923126 s
find_reactive_cmds_time: 0.0115389823914 s
find_proactive_cmds_time: 0.34873509407 s
find_covered_races_time: 0.0477819442749 s
per_packet_inconsistent_time: 0.097904920578 s
find_inconsistent_update_time: -0.000219106674194 s
Read 2230 events.
Added 2075 events.
Total write operations: 138
Total read operations: 274
Processing 9453 w/w combinations
Updating has_path path cache...
10% 
20% 
30% 
40% 
50% 
60% 
70% 
80% 
90% 
100% 
Processing 37812 r/w combinations
10% 
20% 
30% 
40% 
50% 
60% 
70% 
80% 
90% 
100% 
Updating has_path path cache...
+-------------------------------------------+
| Total operations:      412                |
| Total write operations: 138               |
| Total read operations:  274               |
+-------------------------------------------+
| Total commuting races: 46294              |
| Total harmful races:   214                |
| Total filtered races:  0                  |
| Total Time Filtered races:  330           |
| Total Time Edges:      330                |
+-------------------------------------------+
Number of packet traces with races: 166
Number of packet inconsistencies:  0
Number of packet inconsistencies that are actually consistent (covered):  44
Number of packet inconsistencies the first race is already inconsistent:  122
Number of packet inconsistencies after trimming repeated races:  0
Number of packet inconsistent updates:  0
Number of races:  46838
Number of races filtered by time:  330
Number of commuting races:  46294
Number of harmful races:  169
Number of covered races:  45
Number of versions: 144
Inconsistent updates: 0
Done. Time elapsed: 14.855093956 s
load_trace: 11.7147600651 s
detect_races: 2.62276887894 s
extract_traces_time: 0.0794241428375 s
find_reactive_cmds_time: 0.0057110786438 s
find_proactive_cmds_time: 0.273283958435 s
find_covered_races_time: 0.0491278171539 s
per_packet_inconsistent_time: 0.109791994095 s
find_inconsistent_update_time: -0.000178098678589 s
Read 2230 events.
Added 2075 events.
Total write operations: 138
Total read operations: 274
Processing 9453 w/w combinations
Updating has_path path cache...
10% 
20% 
30% 
40% 
50% 
60% 
70% 
80% 
90% 
100% 
Processing 37812 r/w combinations
10% 
20% 
30% 
40% 
50% 
60% 
70% 
80% 
90% 
100% 
Updating has_path path cache...
+-------------------------------------------+
| Total operations:      412                |
| Total write operations: 138               |
| Total read operations:  274               |
+-------------------------------------------+
| Total commuting races: 46294              |
| Total harmful races:   243                |
| Total filtered races:  0                  |
| Total Time Filtered races:  301           |
| Total Time Edges:      301                |
+-------------------------------------------+
Number of packet traces with races: 182
Number of packet inconsistencies:  0
Number of packet inconsistencies that are actually consistent (covered):  44
Number of packet inconsistencies the first race is already inconsistent:  138
Number of packet inconsistencies after trimming repeated races:  0
Number of packet inconsistent updates:  0
Number of races:  46838
Number of races filtered by time:  301
Number of commuting races:  46294
Number of harmful races:  196
Number of covered races:  47
Number of versions: 144
Inconsistent updates: 0
Done. Time elapsed: 14.117538929 s
load_trace: 11.004956007 s
detect_races: 2.56244182587 s
extract_traces_time: 0.0772390365601 s
find_reactive_cmds_time: 0.00554704666138 s
find_proactive_cmds_time: 0.271899938583 s
find_covered_races_time: 0.0568151473999 s
per_packet_inconsistent_time: 0.138354063034 s
find_inconsistent_update_time: -0.000237941741943 s
