Read 629 events.
Added 614 events.
Total write operations: 47
Total read operations: 122
Processing 1081 w/w combinations
Updating has_path path cache...
10% 
20% 
30% 
40% 
50% 
60% 
70% 
80% 
90% 
100% 
Processing 5734 r/w combinations
10% 
20% 
30% 
40% 
50% 
60% 
70% 
80% 
90% 
100% 
Updating has_path path cache...
+-------------------------------------------+
| Total operations:      169                |
| Total write operations: 47                |
| Total read operations:  122               |
+-------------------------------------------+
| Total commuting races: 1329               |
| Total harmful races:   831                |
| Total filtered races:  0                  |
| Total Time Filtered races:  0             |
| Total Time Edges:      0                  |
+-------------------------------------------+
Number of packet traces with races: 42
Number of packet inconsistencies:  32
Number of packet inconsistencies that are actually consistent (covered):  6
Number of packet inconsistencies the first race is already inconsistent:  4
Number of packet inconsistencies after trimming repeated races:  18
Number of packet inconsistent updates:  256
Number of races:  2160
Number of races filtered by time:  0
Number of commuting races:  1329
Number of harmful races:  711
Number of covered races:  120
Number of versions: 34
Inconsistent updates: 52
Done. Time elapsed: 0.933698177338 s
load_trace: 0.543781042099 s
detect_races: 0.125823974609 s
extract_traces_time: 0.00925397872925 s
find_reactive_cmds_time: 0.000859022140503 s
find_proactive_cmds_time: 0.0142920017242 s
find_covered_races_time: 0.19908118248 s
per_packet_inconsistent_time: 0.0365238189697 s
find_inconsistent_update_time: -0.00400996208191 s
Read 629 events.
Added 614 events.
Total write operations: 47
Total read operations: 122
Processing 1081 w/w combinations
Updating has_path path cache...
10% 
20% 
30% 
40% 
50% 
60% 
70% 
80% 
90% 
100% 
Processing 5734 r/w combinations
10% 
20% 
30% 
40% 
50% 
60% 
70% 
80% 
90% 
100% 
Updating has_path path cache...
+-------------------------------------------+
| Total operations:      169                |
| Total write operations: 47                |
| Total read operations:  122               |
+-------------------------------------------+
| Total commuting races: 1329               |
| Total harmful races:   0                  |
| Total filtered races:  0                  |
| Total Time Filtered races:  831           |
| Total Time Edges:      831                |
+-------------------------------------------+
Number of packet traces with races: 0
Number of packet inconsistencies:  0
Number of packet inconsistencies that are actually consistent (covered):  0
Number of packet inconsistencies the first race is already inconsistent:  0
Number of packet inconsistencies after trimming repeated races:  0
Number of packet inconsistent updates:  0
Number of races:  2160
Number of races filtered by time:  831
Number of commuting races:  1329
Number of harmful races:  0
Number of covered races:  0
Number of versions: 34
Inconsistent updates: 0
Done. Time elapsed: 0.788864135742 s
load_trace: 0.550043106079 s
detect_races: 0.174949884415 s
extract_traces_time: 0.0133090019226 s
find_reactive_cmds_time: 0.00103211402893 s
find_proactive_cmds_time: 0.0138370990753 s
find_covered_races_time: 0.0353248119354 s
per_packet_inconsistent_time: 0.00032114982605 s
find_inconsistent_update_time: -1.28746032715e-05 s
Read 629 events.
Added 614 events.
Total write operations: 47
Total read operations: 122
Processing 1081 w/w combinations
Updating has_path path cache...
10% 
20% 
30% 
40% 
50% 
60% 
70% 
80% 
90% 
100% 
Processing 5734 r/w combinations
10% 
20% 
30% 
40% 
50% 
60% 
70% 
80% 
90% 
100% 
Updating has_path path cache...
+-------------------------------------------+
| Total operations:      169                |
| Total write operations: 47                |
| Total read operations:  122               |
+-------------------------------------------+
| Total commuting races: 1329               |
| Total harmful races:   29                 |
| Total filtered races:  0                  |
| Total Time Filtered races:  802           |
| Total Time Edges:      802                |
+-------------------------------------------+
Number of packet traces with races: 12
Number of packet inconsistencies:  10
Number of packet inconsistencies that are actually consistent (covered):  0
Number of packet inconsistencies the first race is already inconsistent:  2
Number of packet inconsistencies after trimming repeated races:  10
Number of packet inconsistent updates:  0
Number of races:  2160
Number of races filtered by time:  802
Number of commuting races:  1329
Number of harmful races:  29
Number of covered races:  0
Number of versions: 34
Inconsistent updates: 0
Done. Time elapsed: 0.805397033691 s
load_trace: 0.552862167358 s
detect_races: 0.169791936874 s
extract_traces_time: 0.0128779411316 s
find_reactive_cmds_time: 0.00097393989563 s
find_proactive_cmds_time: 0.0145170688629 s
find_covered_races_time: 0.0520849227905 s
per_packet_inconsistent_time: 0.00223016738892 s
find_inconsistent_update_time: -2.19345092773e-05 s
Read 629 events.
Added 614 events.
Total write operations: 47
Total read operations: 122
Processing 1081 w/w combinations
Updating has_path path cache...
10% 
20% 
30% 
40% 
50% 
60% 
70% 
80% 
90% 
100% 
Processing 5734 r/w combinations
10% 
20% 
30% 
40% 
50% 
60% 
70% 
80% 
90% 
100% 
Updating has_path path cache...
+-------------------------------------------+
| Total operations:      169                |
| Total write operations: 47                |
| Total read operations:  122               |
+-------------------------------------------+
| Total commuting races: 1329               |
| Total harmful races:   50                 |
| Total filtered races:  0                  |
| Total Time Filtered races:  781           |
| Total Time Edges:      781                |
+-------------------------------------------+
Number of packet traces with races: 15
Number of packet inconsistencies:  12
Number of packet inconsistencies that are actually consistent (covered):  0
Number of packet inconsistencies the first race is already inconsistent:  3
Number of packet inconsistencies after trimming repeated races:  12
Number of packet inconsistent updates:  12
Number of races:  2160
Number of races filtered by time:  781
Number of commuting races:  1329
Number of harmful races:  46
Number of covered races:  4
Number of versions: 34
Inconsistent updates: 2
Done. Time elapsed: 0.813002824783 s
load_trace: 0.566015958786 s
detect_races: 0.15882897377 s
extract_traces_time: 0.012079000473 s
find_reactive_cmds_time: 0.00100708007812 s
find_proactive_cmds_time: 0.013356924057 s
find_covered_races_time: 0.0588939189911 s
per_packet_inconsistent_time: 0.00266695022583 s
find_inconsistent_update_time: -0.000118017196655 s
Read 629 events.
Added 614 events.
Total write operations: 47
Total read operations: 122
Processing 1081 w/w combinations
Updating has_path path cache...
10% 
20% 
30% 
40% 
50% 
60% 
70% 
80% 
90% 
100% 
Processing 5734 r/w combinations
10% 
20% 
30% 
40% 
50% 
60% 
70% 
80% 
90% 
100% 
Updating has_path path cache...
+-------------------------------------------+
| Total operations:      169                |
| Total write operations: 47                |
| Total read operations:  122               |
+-------------------------------------------+
| Total commuting races: 1329               |
| Total harmful races:   66                 |
| Total filtered races:  0                  |
| Total Time Filtered races:  765           |
| Total Time Edges:      765                |
+-------------------------------------------+
Number of packet traces with races: 19
Number of packet inconsistencies:  13
Number of packet inconsistencies that are actually consistent (covered):  1
Number of packet inconsistencies the first race is already inconsistent:  5
Number of packet inconsistencies after trimming repeated races:  13
Number of packet inconsistent updates:  18
Number of races:  2160
Number of races filtered by time:  765
Number of commuting races:  1329
Number of harmful races:  58
Number of covered races:  8
Number of versions: 34
Inconsistent updates: 3
Done. Time elapsed: 0.799029827118 s
load_trace: 0.545753955841 s
detect_races: 0.157055854797 s
extract_traces_time: 0.0119202136993 s
find_reactive_cmds_time: 0.000942945480347 s
find_proactive_cmds_time: 0.0136198997498 s
find_covered_races_time: 0.0661489963531 s
per_packet_inconsistent_time: 0.00336194038391 s
find_inconsistent_update_time: -0.000168085098267 s
Read 629 events.
Added 614 events.
Total write operations: 47
Total read operations: 122
Processing 1081 w/w combinations
Updating has_path path cache...
10% 
20% 
30% 
40% 
50% 
60% 
70% 
80% 
90% 
100% 
Processing 5734 r/w combinations
10% 
20% 
30% 
40% 
50% 
60% 
70% 
80% 
90% 
100% 
Updating has_path path cache...
+-------------------------------------------+
| Total operations:      169                |
| Total write operations: 47                |
| Total read operations:  122               |
+-------------------------------------------+
| Total commuting races: 1329               |
| Total harmful races:   82                 |
| Total filtered races:  0                  |
| Total Time Filtered races:  749           |
| Total Time Edges:      749                |
+-------------------------------------------+
Number of packet traces with races: 25
Number of packet inconsistencies:  15
Number of packet inconsistencies that are actually consistent (covered):  1
Number of packet inconsistencies the first race is already inconsistent:  9
Number of packet inconsistencies after trimming repeated races:  13
Number of packet inconsistent updates:  18
Number of races:  2160
Number of races filtered by time:  749
Number of commuting races:  1329
Number of harmful races:  72
Number of covered races:  10
Number of versions: 34
Inconsistent updates: 3
Done. Time elapsed: 0.81776881218 s
load_trace: 0.55584192276 s
detect_races: 0.162467002869 s
extract_traces_time: 0.0114009380341 s
find_reactive_cmds_time: 0.000958919525146 s
find_proactive_cmds_time: 0.0132381916046 s
find_covered_races_time: 0.0691998004913 s
per_packet_inconsistent_time: 0.0044481754303 s
find_inconsistent_update_time: -0.000180006027222 s
Read 629 events.
Added 614 events.
Total write operations: 47
Total read operations: 122
Processing 1081 w/w combinations
Updating has_path path cache...
10% 
20% 
30% 
40% 
50% 
60% 
70% 
80% 
90% 
100% 
Processing 5734 r/w combinations
10% 
20% 
30% 
40% 
50% 
60% 
70% 
80% 
90% 
100% 
Updating has_path path cache...
+-------------------------------------------+
| Total operations:      169                |
| Total write operations: 47                |
| Total read operations:  122               |
+-------------------------------------------+
| Total commuting races: 1329               |
| Total harmful races:   108                |
| Total filtered races:  0                  |
| Total Time Filtered races:  723           |
| Total Time Edges:      723                |
+-------------------------------------------+
Number of packet traces with races: 30
Number of packet inconsistencies:  20
Number of packet inconsistencies that are actually consistent (covered):  3
Number of packet inconsistencies the first race is already inconsistent:  7
Number of packet inconsistencies after trimming repeated races:  14
Number of packet inconsistent updates:  24
Number of races:  2160
Number of races filtered by time:  723
Number of commuting races:  1329
Number of harmful races:  93
Number of covered races:  15
Number of versions: 34
Inconsistent updates: 4
Done. Time elapsed: 0.821805953979 s
load_trace: 0.550781965256 s
detect_races: 0.152125120163 s
extract_traces_time: 0.0104880332947 s
find_reactive_cmds_time: 0.000932931900024 s
find_proactive_cmds_time: 0.0131070613861 s
find_covered_races_time: 0.0875380039215 s
per_packet_inconsistent_time: 0.00628805160522 s
find_inconsistent_update_time: -0.000479936599731 s
Read 629 events.
Added 614 events.
Total write operations: 47
Total read operations: 122
Processing 1081 w/w combinations
Updating has_path path cache...
10% 
20% 
30% 
40% 
50% 
60% 
70% 
80% 
90% 
100% 
Processing 5734 r/w combinations
10% 
20% 
30% 
40% 
50% 
60% 
70% 
80% 
90% 
100% 
Updating has_path path cache...
+-------------------------------------------+
| Total operations:      169                |
| Total write operations: 47                |
| Total read operations:  122               |
+-------------------------------------------+
| Total commuting races: 1329               |
| Total harmful races:   122                |
| Total filtered races:  0                  |
| Total Time Filtered races:  709           |
| Total Time Edges:      709                |
+-------------------------------------------+
Number of packet traces with races: 33
Number of packet inconsistencies:  23
Number of packet inconsistencies that are actually consistent (covered):  3
Number of packet inconsistencies the first race is already inconsistent:  7
Number of packet inconsistencies after trimming repeated races:  14
Number of packet inconsistent updates:  24
Number of races:  2160
Number of races filtered by time:  709
Number of commuting races:  1329
Number of harmful races:  105
Number of covered races:  17
Number of versions: 34
Inconsistent updates: 4
Done. Time elapsed: 0.838272809982 s
load_trace: 0.561933994293 s
detect_races: 0.157196998596 s
extract_traces_time: 0.0137708187103 s
find_reactive_cmds_time: 0.00105619430542 s
find_proactive_cmds_time: 0.0138728618622 s
find_covered_races_time: 0.0839819908142 s
per_packet_inconsistent_time: 0.00619101524353 s
find_inconsistent_update_time: -0.000231027603149 s
Read 629 events.
Added 614 events.
Total write operations: 47
Total read operations: 122
Processing 1081 w/w combinations
Updating has_path path cache...
10% 
20% 
30% 
40% 
50% 
60% 
70% 
80% 
90% 
100% 
Processing 5734 r/w combinations
10% 
20% 
30% 
40% 
50% 
60% 
70% 
80% 
90% 
100% 
Updating has_path path cache...
+-------------------------------------------+
| Total operations:      169                |
| Total write operations: 47                |
| Total read operations:  122               |
+-------------------------------------------+
| Total commuting races: 1329               |
| Total harmful races:   146                |
| Total filtered races:  0                  |
| Total Time Filtered races:  685           |
| Total Time Edges:      685                |
+-------------------------------------------+
Number of packet traces with races: 38
Number of packet inconsistencies:  25
Number of packet inconsistencies that are actually consistent (covered):  5
Number of packet inconsistencies the first race is already inconsistent:  8
Number of packet inconsistencies after trimming repeated races:  17
Number of packet inconsistent updates:  30
Number of races:  2160
Number of races filtered by time:  685
Number of commuting races:  1329
Number of harmful races:  121
Number of covered races:  25
Number of versions: 34
Inconsistent updates: 6
Done. Time elapsed: 0.836407184601 s
load_trace: 0.542030096054 s
detect_races: 0.159580945969 s
extract_traces_time: 0.00979495048523 s
find_reactive_cmds_time: 0.000982046127319 s
find_proactive_cmds_time: 0.0166699886322 s
find_covered_races_time: 0.0998530387878 s
per_packet_inconsistent_time: 0.00718402862549 s
find_inconsistent_update_time: -0.000277042388916 s
Read 629 events.
Added 614 events.
Total write operations: 47
Total read operations: 122
Processing 1081 w/w combinations
Updating has_path path cache...
10% 
20% 
30% 
40% 
50% 
60% 
70% 
80% 
90% 
100% 
Processing 5734 r/w combinations
10% 
20% 
30% 
40% 
50% 
60% 
70% 
80% 
90% 
100% 
Updating has_path path cache...
+-------------------------------------------+
| Total operations:      169                |
| Total write operations: 47                |
| Total read operations:  122               |
+-------------------------------------------+
| Total commuting races: 1329               |
| Total harmful races:   169                |
| Total filtered races:  0                  |
| Total Time Filtered races:  662           |
| Total Time Edges:      662                |
+-------------------------------------------+
Number of packet traces with races: 39
Number of packet inconsistencies:  26
Number of packet inconsistencies that are actually consistent (covered):  5
Number of packet inconsistencies the first race is already inconsistent:  8
Number of packet inconsistencies after trimming repeated races:  17
Number of packet inconsistent updates:  42
Number of races:  2160
Number of races filtered by time:  662
Number of commuting races:  1329
Number of harmful races:  143
Number of covered races:  26
Number of versions: 34
Inconsistent updates: 8
Done. Time elapsed: 0.864708900452 s
load_trace: 0.557103872299 s
detect_races: 0.150714159012 s
extract_traces_time: 0.00956201553345 s
find_reactive_cmds_time: 0.000958919525146 s
find_proactive_cmds_time: 0.0137350559235 s
find_covered_races_time: 0.124200820923 s
per_packet_inconsistent_time: 0.00801301002502 s
find_inconsistent_update_time: -0.000384092330933 s
Read 629 events.
Added 614 events.
Total write operations: 47
Total read operations: 122
Processing 1081 w/w combinations
Updating has_path path cache...
10% 
20% 
30% 
40% 
50% 
60% 
70% 
80% 
90% 
100% 
Processing 5734 r/w combinations
10% 
20% 
30% 
40% 
50% 
60% 
70% 
80% 
90% 
100% 
Updating has_path path cache...
+-------------------------------------------+
| Total operations:      169                |
| Total write operations: 47                |
| Total read operations:  122               |
+-------------------------------------------+
| Total commuting races: 1329               |
| Total harmful races:   210                |
| Total filtered races:  0                  |
| Total Time Filtered races:  621           |
| Total Time Edges:      621                |
+-------------------------------------------+
Number of packet traces with races: 40
Number of packet inconsistencies:  27
Number of packet inconsistencies that are actually consistent (covered):  5
Number of packet inconsistencies the first race is already inconsistent:  8
Number of packet inconsistencies after trimming repeated races:  18
Number of packet inconsistent updates:  72
Number of races:  2160
Number of races filtered by time:  621
Number of commuting races:  1329
Number of harmful races:  183
Number of covered races:  27
Number of versions: 34
Inconsistent updates: 15
Done. Time elapsed: 0.885967969894 s
load_trace: 0.558031797409 s
detect_races: 0.148064136505 s
extract_traces_time: 0.0090479850769 s
find_reactive_cmds_time: 0.000911951065063 s
find_proactive_cmds_time: 0.0137379169464 s
find_covered_races_time: 0.146373033524 s
per_packet_inconsistent_time: 0.00916504859924 s
find_inconsistent_update_time: -0.000602006912231 s
Read 629 events.
Added 614 events.
Total write operations: 47
Total read operations: 122
Processing 1081 w/w combinations
Updating has_path path cache...
10% 
20% 
30% 
40% 
50% 
60% 
70% 
80% 
90% 
100% 
Processing 5734 r/w combinations
10% 
20% 
30% 
40% 
50% 
60% 
70% 
80% 
90% 
100% 
Updating has_path path cache...
+-------------------------------------------+
| Total operations:      169                |
| Total write operations: 47                |
| Total read operations:  122               |
+-------------------------------------------+
| Total commuting races: 1329               |
| Total harmful races:   275                |
| Total filtered races:  0                  |
| Total Time Filtered races:  556           |
| Total Time Edges:      556                |
+-------------------------------------------+
Number of packet traces with races: 40
Number of packet inconsistencies:  27
Number of packet inconsistencies that are actually consistent (covered):  5
Number of packet inconsistencies the first race is already inconsistent:  8
Number of packet inconsistencies after trimming repeated races:  20
Number of packet inconsistent updates:  114
Number of races:  2160
Number of races filtered by time:  556
Number of commuting races:  1329
Number of harmful races:  248
Number of covered races:  27
Number of versions: 34
Inconsistent updates: 23
Done. Time elapsed: 0.977962017059 s
load_trace: 0.562207937241 s
detect_races: 0.167801141739 s
extract_traces_time: 0.00920796394348 s
find_reactive_cmds_time: 0.000924825668335 s
find_proactive_cmds_time: 0.0134580135345 s
find_covered_races_time: 0.211412191391 s
per_packet_inconsistent_time: 0.0119068622589 s
find_inconsistent_update_time: -0.00100612640381 s
