Read 918 events.
Added 841 events.
Total write operations: 52
Total read operations: 170
Processing 1326 w/w combinations
Updating has_path path cache...
10% 
20% 
30% 
40% 
50% 
60% 
70% 
80% 
90% 
100% 
Processing 8840 r/w combinations
10% 
20% 
30% 
40% 
50% 
60% 
70% 
80% 
90% 
100% 
Updating has_path path cache...
+-------------------------------------------+
| Total operations:      222                |
| Total write operations: 52                |
| Total read operations:  170               |
+-------------------------------------------+
| Total commuting races: 1090               |
| Total harmful races:   294                |
| Total filtered races:  0                  |
| Total Time Filtered races:  0             |
| Total Time Edges:      0                  |
+-------------------------------------------+
Number of packet traces with races: 72
Number of packet inconsistencies:  11
Number of packet inconsistencies that are actually consistent (covered):  59
Number of packet inconsistencies the first race is already inconsistent:  2
Number of packet inconsistencies after trimming repeated races:  10
Number of packet inconsistent updates:  0
Number of races:  1384
Number of races filtered by time:  0
Number of commuting races:  1090
Number of harmful races:  191
Number of covered races:  103
Number of versions: 25
Inconsistent updates: 0
Done. Time elapsed: 0.729499101639 s
load_trace: 0.533749103546 s
detect_races: 0.095832824707 s
extract_traces_time: 0.00972414016724 s
find_reactive_cmds_time: 0.00167393684387 s
find_proactive_cmds_time: 0.0164151191711 s
find_covered_races_time: 0.0498678684235 s
per_packet_inconsistent_time: 0.022078037262 s
find_inconsistent_update_time: -0.000114917755127 s
Read 918 events.
Added 841 events.
Total write operations: 52
Total read operations: 170
Processing 1326 w/w combinations
Updating has_path path cache...
10% 
20% 
30% 
40% 
50% 
60% 
70% 
80% 
90% 
100% 
Processing 8840 r/w combinations
10% 
20% 
30% 
40% 
50% 
60% 
70% 
80% 
90% 
100% 
Updating has_path path cache...
+-------------------------------------------+
| Total operations:      222                |
| Total write operations: 52                |
| Total read operations:  170               |
+-------------------------------------------+
| Total commuting races: 1090               |
| Total harmful races:   0                  |
| Total filtered races:  0                  |
| Total Time Filtered races:  294           |
| Total Time Edges:      294                |
+-------------------------------------------+
Number of packet traces with races: 0
Number of packet inconsistencies:  0
Number of packet inconsistencies that are actually consistent (covered):  0
Number of packet inconsistencies the first race is already inconsistent:  0
Number of packet inconsistencies after trimming repeated races:  0
Number of packet inconsistent updates:  0
Number of races:  1384
Number of races filtered by time:  294
Number of commuting races:  1090
Number of harmful races:  0
Number of covered races:  0
Number of versions: 25
Inconsistent updates: 0
Done. Time elapsed: 0.675290822983 s
load_trace: 0.542046785355 s
detect_races: 0.0982980728149 s
extract_traces_time: 0.0122730731964 s
find_reactive_cmds_time: 0.00134801864624 s
find_proactive_cmds_time: 0.0141429901123 s
find_covered_races_time: 0.00657486915588 s
per_packet_inconsistent_time: 0.000555038452148 s
find_inconsistent_update_time: -1.50203704834e-05 s
Read 918 events.
Added 841 events.
Total write operations: 52
Total read operations: 170
Processing 1326 w/w combinations
Updating has_path path cache...
10% 
20% 
30% 
40% 
50% 
60% 
70% 
80% 
90% 
100% 
Processing 8840 r/w combinations
10% 
20% 
30% 
40% 
50% 
60% 
70% 
80% 
90% 
100% 
Updating has_path path cache...
+-------------------------------------------+
| Total operations:      222                |
| Total write operations: 52                |
| Total read operations:  170               |
+-------------------------------------------+
| Total commuting races: 1090               |
| Total harmful races:   56                 |
| Total filtered races:  0                  |
| Total Time Filtered races:  238           |
| Total Time Edges:      238                |
+-------------------------------------------+
Number of packet traces with races: 13
Number of packet inconsistencies:  9
Number of packet inconsistencies that are actually consistent (covered):  0
Number of packet inconsistencies the first race is already inconsistent:  4
Number of packet inconsistencies after trimming repeated races:  9
Number of packet inconsistent updates:  0
Number of races:  1384
Number of races filtered by time:  238
Number of commuting races:  1090
Number of harmful races:  56
Number of covered races:  0
Number of versions: 25
Inconsistent updates: 0
Done. Time elapsed: 0.657695055008 s
load_trace: 0.516962051392 s
detect_races: 0.0910770893097 s
extract_traces_time: 0.0125069618225 s
find_reactive_cmds_time: 0.00167608261108 s
find_proactive_cmds_time: 0.0150709152222 s
find_covered_races_time: 0.0151438713074 s
per_packet_inconsistent_time: 0.00518012046814 s
find_inconsistent_update_time: -3.40938568115e-05 s
Read 918 events.
Added 841 events.
Total write operations: 52
Total read operations: 170
Processing 1326 w/w combinations
Updating has_path path cache...
10% 
20% 
30% 
40% 
50% 
60% 
70% 
80% 
90% 
100% 
Processing 8840 r/w combinations
10% 
20% 
30% 
40% 
50% 
60% 
70% 
80% 
90% 
100% 
Updating has_path path cache...
+-------------------------------------------+
| Total operations:      222                |
| Total write operations: 52                |
| Total read operations:  170               |
+-------------------------------------------+
| Total commuting races: 1090               |
| Total harmful races:   66                 |
| Total filtered races:  0                  |
| Total Time Filtered races:  228           |
| Total Time Edges:      228                |
+-------------------------------------------+
Number of packet traces with races: 20
Number of packet inconsistencies:  10
Number of packet inconsistencies that are actually consistent (covered):  0
Number of packet inconsistencies the first race is already inconsistent:  10
Number of packet inconsistencies after trimming repeated races:  10
Number of packet inconsistent updates:  0
Number of races:  1384
Number of races filtered by time:  228
Number of commuting races:  1090
Number of harmful races:  66
Number of covered races:  0
Number of versions: 25
Inconsistent updates: 0
Done. Time elapsed: 0.676487922668 s
load_trace: 0.533429861069 s
detect_races: 0.0916969776154 s
extract_traces_time: 0.011981010437 s
find_reactive_cmds_time: 0.00132012367249 s
find_proactive_cmds_time: 0.0146579742432 s
find_covered_races_time: 0.0171358585358 s
per_packet_inconsistent_time: 0.00618100166321 s
find_inconsistent_update_time: -4.50611114502e-05 s
Read 918 events.
Added 841 events.
Total write operations: 52
Total read operations: 170
Processing 1326 w/w combinations
Updating has_path path cache...
10% 
20% 
30% 
40% 
50% 
60% 
70% 
80% 
90% 
100% 
Processing 8840 r/w combinations
10% 
20% 
30% 
40% 
50% 
60% 
70% 
80% 
90% 
100% 
Updating has_path path cache...
+-------------------------------------------+
| Total operations:      222                |
| Total write operations: 52                |
| Total read operations:  170               |
+-------------------------------------------+
| Total commuting races: 1090               |
| Total harmful races:   89                 |
| Total filtered races:  0                  |
| Total Time Filtered races:  205           |
| Total Time Edges:      205                |
+-------------------------------------------+
Number of packet traces with races: 26
Number of packet inconsistencies:  10
Number of packet inconsistencies that are actually consistent (covered):  0
Number of packet inconsistencies the first race is already inconsistent:  16
Number of packet inconsistencies after trimming repeated races:  10
Number of packet inconsistent updates:  0
Number of races:  1384
Number of races filtered by time:  205
Number of commuting races:  1090
Number of harmful races:  88
Number of covered races:  1
Number of versions: 25
Inconsistent updates: 0
Done. Time elapsed: 0.684673070908 s
load_trace: 0.532294988632 s
detect_races: 0.0933520793915 s
extract_traces_time: 0.0113990306854 s
find_reactive_cmds_time: 0.00124096870422 s
find_proactive_cmds_time: 0.0151388645172 s
find_covered_races_time: 0.0235641002655 s
per_packet_inconsistent_time: 0.00759696960449 s
find_inconsistent_update_time: -4.50611114502e-05 s
Read 918 events.
Added 841 events.
Total write operations: 52
Total read operations: 170
Processing 1326 w/w combinations
Updating has_path path cache...
10% 
20% 
30% 
40% 
50% 
60% 
70% 
80% 
90% 
100% 
Processing 8840 r/w combinations
10% 
20% 
30% 
40% 
50% 
60% 
70% 
80% 
90% 
100% 
Updating has_path path cache...
+-------------------------------------------+
| Total operations:      222                |
| Total write operations: 52                |
| Total read operations:  170               |
+-------------------------------------------+
| Total commuting races: 1090               |
| Total harmful races:   105                |
| Total filtered races:  0                  |
| Total Time Filtered races:  189           |
| Total Time Edges:      189                |
+-------------------------------------------+
Number of packet traces with races: 33
Number of packet inconsistencies:  10
Number of packet inconsistencies that are actually consistent (covered):  4
Number of packet inconsistencies the first race is already inconsistent:  19
Number of packet inconsistencies after trimming repeated races:  10
Number of packet inconsistent updates:  0
Number of races:  1384
Number of races filtered by time:  189
Number of commuting races:  1090
Number of harmful races:  97
Number of covered races:  8
Number of versions: 25
Inconsistent updates: 0
Done. Time elapsed: 0.673045873642 s
load_trace: 0.5179438591 s
detect_races: 0.0935080051422 s
extract_traces_time: 0.0109579563141 s
find_reactive_cmds_time: 0.00123620033264 s
find_proactive_cmds_time: 0.0142378807068 s
find_covered_races_time: 0.0253150463104 s
per_packet_inconsistent_time: 0.00975298881531 s
find_inconsistent_update_time: -5.3882598877e-05 s
Read 918 events.
Added 841 events.
Total write operations: 52
Total read operations: 170
Processing 1326 w/w combinations
Updating has_path path cache...
10% 
20% 
30% 
40% 
50% 
60% 
70% 
80% 
90% 
100% 
Processing 8840 r/w combinations
10% 
20% 
30% 
40% 
50% 
60% 
70% 
80% 
90% 
100% 
Updating has_path path cache...
+-------------------------------------------+
| Total operations:      222                |
| Total write operations: 52                |
| Total read operations:  170               |
+-------------------------------------------+
| Total commuting races: 1090               |
| Total harmful races:   121                |
| Total filtered races:  0                  |
| Total Time Filtered races:  173           |
| Total Time Edges:      173                |
+-------------------------------------------+
Number of packet traces with races: 39
Number of packet inconsistencies:  11
Number of packet inconsistencies that are actually consistent (covered):  9
Number of packet inconsistencies the first race is already inconsistent:  19
Number of packet inconsistencies after trimming repeated races:  11
Number of packet inconsistent updates:  0
Number of races:  1384
Number of races filtered by time:  173
Number of commuting races:  1090
Number of harmful races:  108
Number of covered races:  13
Number of versions: 25
Inconsistent updates: 0
Done. Time elapsed: 0.689242124557 s
load_trace: 0.528949975967 s
detect_races: 0.0964140892029 s
extract_traces_time: 0.0104250907898 s
find_reactive_cmds_time: 0.00128579139709 s
find_proactive_cmds_time: 0.0172951221466 s
find_covered_races_time: 0.0248110294342 s
per_packet_inconsistent_time: 0.00997400283813 s
find_inconsistent_update_time: -4.79221343994e-05 s
Read 918 events.
Added 841 events.
Total write operations: 52
Total read operations: 170
Processing 1326 w/w combinations
Updating has_path path cache...
10% 
20% 
30% 
40% 
50% 
60% 
70% 
80% 
90% 
100% 
Processing 8840 r/w combinations
10% 
20% 
30% 
40% 
50% 
60% 
70% 
80% 
90% 
100% 
Updating has_path path cache...
+-------------------------------------------+
| Total operations:      222                |
| Total write operations: 52                |
| Total read operations:  170               |
+-------------------------------------------+
| Total commuting races: 1090               |
| Total harmful races:   133                |
| Total filtered races:  0                  |
| Total Time Filtered races:  161           |
| Total Time Edges:      161                |
+-------------------------------------------+
Number of packet traces with races: 40
Number of packet inconsistencies:  11
Number of packet inconsistencies that are actually consistent (covered):  13
Number of packet inconsistencies the first race is already inconsistent:  16
Number of packet inconsistencies after trimming repeated races:  11
Number of packet inconsistent updates:  0
Number of races:  1384
Number of races filtered by time:  161
Number of commuting races:  1090
Number of harmful races:  116
Number of covered races:  17
Number of versions: 25
Inconsistent updates: 0
Done. Time elapsed: 0.686906099319 s
load_trace: 0.522330999374 s
detect_races: 0.0940592288971 s
extract_traces_time: 0.0110127925873 s
find_reactive_cmds_time: 0.00159215927124 s
find_proactive_cmds_time: 0.0151720046997 s
find_covered_races_time: 0.0319619178772 s
per_packet_inconsistent_time: 0.0106821060181 s
find_inconsistent_update_time: -5.57899475098e-05 s
Read 918 events.
Added 841 events.
Total write operations: 52
Total read operations: 170
Processing 1326 w/w combinations
Updating has_path path cache...
10% 
20% 
30% 
40% 
50% 
60% 
70% 
80% 
90% 
100% 
Processing 8840 r/w combinations
10% 
20% 
30% 
40% 
50% 
60% 
70% 
80% 
90% 
100% 
Updating has_path path cache...
+-------------------------------------------+
| Total operations:      222                |
| Total write operations: 52                |
| Total read operations:  170               |
+-------------------------------------------+
| Total commuting races: 1090               |
| Total harmful races:   154                |
| Total filtered races:  0                  |
| Total Time Filtered races:  140           |
| Total Time Edges:      140                |
+-------------------------------------------+
Number of packet traces with races: 44
Number of packet inconsistencies:  11
Number of packet inconsistencies that are actually consistent (covered):  16
Number of packet inconsistencies the first race is already inconsistent:  17
Number of packet inconsistencies after trimming repeated races:  11
Number of packet inconsistent updates:  0
Number of races:  1384
Number of races filtered by time:  140
Number of commuting races:  1090
Number of harmful races:  126
Number of covered races:  28
Number of versions: 25
Inconsistent updates: 0
Done. Time elapsed: 0.690866947174 s
load_trace: 0.523913860321 s
detect_races: 0.0978240966797 s
extract_traces_time: 0.0113470554352 s
find_reactive_cmds_time: 0.00129795074463 s
find_proactive_cmds_time: 0.0147039890289 s
find_covered_races_time: 0.0284888744354 s
per_packet_inconsistent_time: 0.013190984726 s
find_inconsistent_update_time: -5.50746917725e-05 s
Read 918 events.
Added 841 events.
Total write operations: 52
Total read operations: 170
Processing 1326 w/w combinations
Updating has_path path cache...
10% 
20% 
30% 
40% 
50% 
60% 
70% 
80% 
90% 
100% 
Processing 8840 r/w combinations
10% 
20% 
30% 
40% 
50% 
60% 
70% 
80% 
90% 
100% 
Updating has_path path cache...
+-------------------------------------------+
| Total operations:      222                |
| Total write operations: 52                |
| Total read operations:  170               |
+-------------------------------------------+
| Total commuting races: 1090               |
| Total harmful races:   181                |
| Total filtered races:  0                  |
| Total Time Filtered races:  113           |
| Total Time Edges:      113                |
+-------------------------------------------+
Number of packet traces with races: 49
Number of packet inconsistencies:  11
Number of packet inconsistencies that are actually consistent (covered):  23
Number of packet inconsistencies the first race is already inconsistent:  15
Number of packet inconsistencies after trimming repeated races:  11
Number of packet inconsistent updates:  0
Number of races:  1384
Number of races filtered by time:  113
Number of commuting races:  1090
Number of harmful races:  140
Number of covered races:  41
Number of versions: 25
Inconsistent updates: 0
Done. Time elapsed: 0.70143198967 s
load_trace: 0.532517910004 s
detect_races: 0.092383146286 s
extract_traces_time: 0.00955295562744 s
find_reactive_cmds_time: 0.00130391120911 s
find_proactive_cmds_time: 0.0170731544495 s
find_covered_races_time: 0.0333850383759 s
per_packet_inconsistent_time: 0.0151088237762 s
find_inconsistent_update_time: -6.69956207275e-05 s
Read 918 events.
Added 841 events.
Total write operations: 52
Total read operations: 170
Processing 1326 w/w combinations
Updating has_path path cache...
10% 
20% 
30% 
40% 
50% 
60% 
70% 
80% 
90% 
100% 
Processing 8840 r/w combinations
10% 
20% 
30% 
40% 
50% 
60% 
70% 
80% 
90% 
100% 
Updating has_path path cache...
+-------------------------------------------+
| Total operations:      222                |
| Total write operations: 52                |
| Total read operations:  170               |
+-------------------------------------------+
| Total commuting races: 1090               |
| Total harmful races:   195                |
| Total filtered races:  0                  |
| Total Time Filtered races:  99            |
| Total Time Edges:      99                 |
+-------------------------------------------+
Number of packet traces with races: 51
Number of packet inconsistencies:  11
Number of packet inconsistencies that are actually consistent (covered):  24
Number of packet inconsistencies the first race is already inconsistent:  16
Number of packet inconsistencies after trimming repeated races:  11
Number of packet inconsistent updates:  0
Number of races:  1384
Number of races filtered by time:  99
Number of commuting races:  1090
Number of harmful races:  146
Number of covered races:  49
Number of versions: 25
Inconsistent updates: 0
Done. Time elapsed: 0.69881606102 s
load_trace: 0.528431892395 s
detect_races: 0.0887591838837 s
extract_traces_time: 0.00914287567139 s
find_reactive_cmds_time: 0.00126099586487 s
find_proactive_cmds_time: 0.0147271156311 s
find_covered_races_time: 0.0372200012207 s
per_packet_inconsistent_time: 0.019143819809 s
find_inconsistent_update_time: -9.10758972168e-05 s
Read 918 events.
Added 841 events.
Total write operations: 52
Total read operations: 170
Processing 1326 w/w combinations
Updating has_path path cache...
10% 
20% 
30% 
40% 
50% 
60% 
70% 
80% 
90% 
100% 
Processing 8840 r/w combinations
10% 
20% 
30% 
40% 
50% 
60% 
70% 
80% 
90% 
100% 
Updating has_path path cache...
+-------------------------------------------+
| Total operations:      222                |
| Total write operations: 52                |
| Total read operations:  170               |
+-------------------------------------------+
| Total commuting races: 1090               |
| Total harmful races:   204                |
| Total filtered races:  0                  |
| Total Time Filtered races:  90            |
| Total Time Edges:      90                 |
+-------------------------------------------+
Number of packet traces with races: 53
Number of packet inconsistencies:  11
Number of packet inconsistencies that are actually consistent (covered):  27
Number of packet inconsistencies the first race is already inconsistent:  15
Number of packet inconsistencies after trimming repeated races:  11
Number of packet inconsistent updates:  0
Number of races:  1384
Number of races filtered by time:  90
Number of commuting races:  1090
Number of harmful races:  148
Number of covered races:  56
Number of versions: 25
Inconsistent updates: 0
Done. Time elapsed: 0.653755187988 s
load_trace: 0.48762512207 s
detect_races: 0.0870649814606 s
extract_traces_time: 0.0102798938751 s
find_reactive_cmds_time: 0.00135016441345 s
find_proactive_cmds_time: 0.0145080089569 s
find_covered_races_time: 0.0368309020996 s
per_packet_inconsistent_time: 0.0159831047058 s
find_inconsistent_update_time: -7.08103179932e-05 s
