Read 9397 events.
Added 9320 events.
Total write operations: 1251
Total read operations: 904
Processing 781875 w/w combinations
Updating has_path path cache...
10% 
20% 
30% 
40% 
50% 
60% 
70% 
80% 
90% 
100% 
Processing 1130904 r/w combinations
10% 
20% 
30% 
40% 
50% 
60% 
70% 
80% 
90% 
100% 
Updating has_path path cache...
+-------------------------------------------+
| Total operations:      2155               |
| Total write operations: 1251              |
| Total read operations:  904               |
+-------------------------------------------+
| Total commuting races: 270217             |
| Total harmful races:   5040               |
| Total filtered races:  0                  |
| Total Time Filtered races:  0             |
| Total Time Edges:      0                  |
+-------------------------------------------+
Number of packet traces with races: 223
Number of packet inconsistencies:  178
Number of packet inconsistencies that are actually consistent (covered):  11
Number of packet inconsistencies the first race is already inconsistent:  34
Number of packet inconsistencies after trimming repeated races:  174
Number of packet inconsistent updates:  3885
Number of races:  275257
Number of races filtered by time:  0
Number of commuting races:  270217
Number of harmful races:  4777
Number of covered races:  263
Number of versions: 1199
Inconsistent updates: 1765
Done. Time elapsed: 37.9470229149 s
load_trace: 17.2825570107 s
detect_races: 14.8384609222 s
extract_traces_time: 0.298207044601 s
find_reactive_cmds_time: 0.040776014328 s
find_proactive_cmds_time: 0.0750470161438 s
find_covered_races_time: 1.64659190178 s
per_packet_inconsistent_time: 2.84209895134 s
find_inconsistent_update_time: -0.923234939575 s
Read 9397 events.
Added 9320 events.
Total write operations: 1251
Total read operations: 904
Processing 781875 w/w combinations
Updating has_path path cache...
10% 
20% 
30% 
40% 
50% 
60% 
70% 
80% 
90% 
100% 
Processing 1130904 r/w combinations
10% 
20% 
30% 
40% 
50% 
60% 
70% 
80% 
90% 
100% 
Updating has_path path cache...
+-------------------------------------------+
| Total operations:      2155               |
| Total write operations: 1251              |
| Total read operations:  904               |
+-------------------------------------------+
| Total commuting races: 270204             |
| Total harmful races:   0                  |
| Total filtered races:  0                  |
| Total Time Filtered races:  5038          |
| Total Time Edges:      5038               |
+-------------------------------------------+
Number of packet traces with races: 0
Number of packet inconsistencies:  0
Number of packet inconsistencies that are actually consistent (covered):  0
Number of packet inconsistencies the first race is already inconsistent:  0
Number of packet inconsistencies after trimming repeated races:  0
Number of packet inconsistent updates:  0
Number of races:  275242
Number of races filtered by time:  5038
Number of commuting races:  270204
Number of harmful races:  0
Number of covered races:  0
Number of versions: 1199
Inconsistent updates: 0
Done. Time elapsed: 38.1427249908 s
load_trace: 17.182626009 s
detect_races: 18.0628600121 s
extract_traces_time: 2.37408494949 s
find_reactive_cmds_time: 0.0441131591797 s
find_proactive_cmds_time: 0.0911860466003 s
find_covered_races_time: 0.380861997604 s
per_packet_inconsistent_time: 0.00620889663696 s
find_inconsistent_update_time: -0.00072193145752 s
Read 9397 events.
Added 9320 events.
Total write operations: 1251
Total read operations: 904
Processing 781875 w/w combinations
Updating has_path path cache...
10% 
20% 
30% 
40% 
50% 
60% 
70% 
80% 
90% 
100% 
Processing 1130904 r/w combinations
10% 
20% 
30% 
40% 
50% 
60% 
70% 
80% 
90% 
100% 
Updating has_path path cache...
+-------------------------------------------+
| Total operations:      2155               |
| Total write operations: 1251              |
| Total read operations:  904               |
+-------------------------------------------+
| Total commuting races: 270207             |
| Total harmful races:   158                |
| Total filtered races:  0                  |
| Total Time Filtered races:  4881          |
| Total Time Edges:      4881               |
+-------------------------------------------+
Number of packet traces with races: 81
Number of packet inconsistencies:  33
Number of packet inconsistencies that are actually consistent (covered):  0
Number of packet inconsistencies the first race is already inconsistent:  48
Number of packet inconsistencies after trimming repeated races:  32
Number of packet inconsistent updates:  29
Number of races:  275246
Number of races filtered by time:  4881
Number of commuting races:  270207
Number of harmful races:  158
Number of covered races:  0
Number of versions: 1199
Inconsistent updates: 10
Done. Time elapsed: 37.568928957 s
load_trace: 16.9832620621 s
detect_races: 17.3608119488 s
extract_traces_time: 2.00388598442 s
find_reactive_cmds_time: 0.0471069812775 s
find_proactive_cmds_time: 0.0728199481964 s
find_covered_races_time: 0.953323125839 s
per_packet_inconsistent_time: 0.14187002182 s
find_inconsistent_update_time: -0.0058069229126 s
Read 9397 events.
Added 9320 events.
Total write operations: 1251
Total read operations: 904
Processing 781875 w/w combinations
Updating has_path path cache...
10% 
20% 
30% 
40% 
50% 
60% 
70% 
80% 
90% 
100% 
Processing 1130904 r/w combinations
10% 
20% 
30% 
40% 
50% 
60% 
70% 
80% 
90% 
100% 
Updating has_path path cache...
+-------------------------------------------+
| Total operations:      2155               |
| Total write operations: 1251              |
| Total read operations:  904               |
+-------------------------------------------+
| Total commuting races: 270207             |
| Total harmful races:   302                |
| Total filtered races:  0                  |
| Total Time Filtered races:  4737          |
| Total Time Edges:      4737               |
+-------------------------------------------+
Number of packet traces with races: 119
Number of packet inconsistencies:  72
Number of packet inconsistencies that are actually consistent (covered):  0
Number of packet inconsistencies the first race is already inconsistent:  47
Number of packet inconsistencies after trimming repeated races:  72
Number of packet inconsistent updates:  79
Number of races:  275246
Number of races filtered by time:  4737
Number of commuting races:  270207
Number of harmful races:  302
Number of covered races:  0
Number of versions: 1199
Inconsistent updates: 28
Done. Time elapsed: 36.8581900597 s
load_trace: 17.1735091209 s
detect_races: 16.5860779285 s
extract_traces_time: 1.42713594437 s
find_reactive_cmds_time: 0.0482020378113 s
find_proactive_cmds_time: 0.386199951172 s
find_covered_races_time: 0.975666046143 s
per_packet_inconsistent_time: 0.241575956345 s
find_inconsistent_update_time: -0.0197739601135 s
Read 9397 events.
Added 9320 events.
Total write operations: 1251
Total read operations: 904
Processing 781875 w/w combinations
Updating has_path path cache...
10% 
20% 
30% 
40% 
50% 
60% 
70% 
80% 
90% 
100% 
Processing 1130904 r/w combinations
10% 
20% 
30% 
40% 
50% 
60% 
70% 
80% 
90% 
100% 
Updating has_path path cache...
+-------------------------------------------+
| Total operations:      2155               |
| Total write operations: 1251              |
| Total read operations:  904               |
+-------------------------------------------+
| Total commuting races: 270211             |
| Total harmful races:   470                |
| Total filtered races:  0                  |
| Total Time Filtered races:  4569          |
| Total Time Edges:      4569               |
+-------------------------------------------+
Number of packet traces with races: 141
Number of packet inconsistencies:  100
Number of packet inconsistencies that are actually consistent (covered):  0
Number of packet inconsistencies the first race is already inconsistent:  41
Number of packet inconsistencies after trimming repeated races:  99
Number of packet inconsistent updates:  165
Number of races:  275250
Number of races filtered by time:  4569
Number of commuting races:  270211
Number of harmful races:  467
Number of covered races:  3
Number of versions: 1199
Inconsistent updates: 60
Done. Time elapsed: 38.6262550354 s
load_trace: 17.5146858692 s
detect_races: 17.59871912 s
extract_traces_time: 1.3526968956 s
find_reactive_cmds_time: 0.0401589870453 s
find_proactive_cmds_time: 0.379423141479 s
find_covered_races_time: 1.31279587746 s
per_packet_inconsistent_time: 0.391846179962 s
find_inconsistent_update_time: -0.0358769893646 s
Read 9397 events.
Added 9320 events.
Total write operations: 1251
Total read operations: 904
Processing 781875 w/w combinations
Updating has_path path cache...
10% 
20% 
30% 
40% 
50% 
60% 
70% 
80% 
90% 
100% 
Processing 1130904 r/w combinations
10% 
20% 
30% 
40% 
50% 
60% 
70% 
80% 
90% 
100% 
Updating has_path path cache...
+-------------------------------------------+
| Total operations:      2155               |
| Total write operations: 1251              |
| Total read operations:  904               |
+-------------------------------------------+
| Total commuting races: 270213             |
| Total harmful races:   638                |
| Total filtered races:  0                  |
| Total Time Filtered races:  4401          |
| Total Time Edges:      4401               |
+-------------------------------------------+
Number of packet traces with races: 152
Number of packet inconsistencies:  111
Number of packet inconsistencies that are actually consistent (covered):  1
Number of packet inconsistencies the first race is already inconsistent:  40
Number of packet inconsistencies after trimming repeated races:  111
Number of packet inconsistent updates:  270
Number of races:  275252
Number of races filtered by time:  4401
Number of commuting races:  270213
Number of harmful races:  633
Number of covered races:  5
Number of versions: 1199
Inconsistent updates: 108
Done. Time elapsed: 38.2013041973 s
load_trace: 17.5578532219 s
detect_races: 17.2084097862 s
extract_traces_time: 1.31933903694 s
find_reactive_cmds_time: 0.0476889610291 s
find_proactive_cmds_time: 0.0800161361694 s
find_covered_races_time: 1.44544100761 s
per_packet_inconsistent_time: 0.486135005951 s
find_inconsistent_update_time: -0.0563719272614 s
Read 9397 events.
Added 9320 events.
Total write operations: 1251
Total read operations: 904
Processing 781875 w/w combinations
Updating has_path path cache...
10% 
20% 
30% 
40% 
50% 
60% 
70% 
80% 
90% 
100% 
Processing 1130904 r/w combinations
10% 
20% 
30% 
40% 
50% 
60% 
70% 
80% 
90% 
100% 
Updating has_path path cache...
+-------------------------------------------+
| Total operations:      2155               |
| Total write operations: 1251              |
| Total read operations:  904               |
+-------------------------------------------+
| Total commuting races: 270217             |
| Total harmful races:   799                |
| Total filtered races:  0                  |
| Total Time Filtered races:  4241          |
| Total Time Edges:      4241               |
+-------------------------------------------+
Number of packet traces with races: 164
Number of packet inconsistencies:  124
Number of packet inconsistencies that are actually consistent (covered):  1
Number of packet inconsistencies the first race is already inconsistent:  39
Number of packet inconsistencies after trimming repeated races:  124
Number of packet inconsistent updates:  363
Number of races:  275257
Number of races filtered by time:  4241
Number of commuting races:  270217
Number of harmful races:  791
Number of covered races:  8
Number of versions: 1199
Inconsistent updates: 146
Done. Time elapsed: 37.5361971855 s
load_trace: 17.4128060341 s
detect_races: 16.6847341061 s
extract_traces_time: 1.18155097961 s
find_reactive_cmds_time: 0.0509569644928 s
find_proactive_cmds_time: 0.0680160522461 s
find_covered_races_time: 1.47151184082 s
per_packet_inconsistent_time: 0.589107036591 s
find_inconsistent_update_time: -0.077465057373 s
Read 9397 events.
Added 9320 events.
Total write operations: 1251
Total read operations: 904
Processing 781875 w/w combinations
Updating has_path path cache...
10% 
20% 
30% 
40% 
50% 
60% 
70% 
80% 
90% 
100% 
Processing 1130904 r/w combinations
10% 
20% 
30% 
40% 
50% 
60% 
70% 
80% 
90% 
100% 
Updating has_path path cache...
+-------------------------------------------+
| Total operations:      2155               |
| Total write operations: 1251              |
| Total read operations:  904               |
+-------------------------------------------+
| Total commuting races: 271258             |
| Total harmful races:   1113               |
| Total filtered races:  0                  |
| Total Time Filtered races:  3994          |
| Total Time Edges:      3994               |
+-------------------------------------------+
Number of packet traces with races: 170
Number of packet inconsistencies:  127
Number of packet inconsistencies that are actually consistent (covered):  1
Number of packet inconsistencies the first race is already inconsistent:  42
Number of packet inconsistencies after trimming repeated races:  125
Number of packet inconsistent updates:  844
Number of races:  276365
Number of races filtered by time:  3994
Number of commuting races:  271258
Number of harmful races:  1101
Number of covered races:  12
Number of versions: 1199
Inconsistent updates: 352
Done. Time elapsed: 37.056748867 s
load_trace: 17.4543540478 s
detect_races: 16.1893889904 s
extract_traces_time: 0.995702028275 s
find_reactive_cmds_time: 0.0445759296417 s
find_proactive_cmds_time: 0.0673749446869 s
find_covered_races_time: 1.35544800758 s
per_packet_inconsistent_time: 0.762398004532 s
find_inconsistent_update_time: -0.187457084656 s
Read 9397 events.
Added 9320 events.
Total write operations: 1251
Total read operations: 904
Processing 781875 w/w combinations
Updating has_path path cache...
10% 
20% 
30% 
40% 
50% 
60% 
70% 
80% 
90% 
100% 
Processing 1130904 r/w combinations
10% 
20% 
30% 
40% 
50% 
60% 
70% 
80% 
90% 
100% 
Updating has_path path cache...
+-------------------------------------------+
| Total operations:      2155               |
| Total write operations: 1251              |
| Total read operations:  904               |
+-------------------------------------------+
| Total commuting races: 271422             |
| Total harmful races:   1409               |
| Total filtered races:  0                  |
| Total Time Filtered races:  3703          |
| Total Time Edges:      3703               |
+-------------------------------------------+
Number of packet traces with races: 174
Number of packet inconsistencies:  129
Number of packet inconsistencies that are actually consistent (covered):  2
Number of packet inconsistencies the first race is already inconsistent:  43
Number of packet inconsistencies after trimming repeated races:  127
Number of packet inconsistent updates:  1294
Number of races:  276534
Number of races filtered by time:  3703
Number of commuting races:  271422
Number of harmful races:  1387
Number of covered races:  22
Number of versions: 1199
Inconsistent updates: 541
Done. Time elapsed: 36.3469409943 s
load_trace: 17.0542619228 s
detect_races: 15.8492391109 s
extract_traces_time: 0.84016084671 s
find_reactive_cmds_time: 0.0406770706177 s
find_proactive_cmds_time: 0.071357011795 s
find_covered_races_time: 1.35855603218 s
per_packet_inconsistent_time: 0.83708190918 s
find_inconsistent_update_time: -0.295555114746 s
Read 9397 events.
Added 9320 events.
Total write operations: 1251
Total read operations: 904
Processing 781875 w/w combinations
Updating has_path path cache...
10% 
20% 
30% 
40% 
50% 
60% 
70% 
80% 
90% 
100% 
Processing 1130904 r/w combinations
10% 
20% 
30% 
40% 
50% 
60% 
70% 
80% 
90% 
100% 
Updating has_path path cache...
+-------------------------------------------+
| Total operations:      2155               |
| Total write operations: 1251              |
| Total read operations:  904               |
+-------------------------------------------+
| Total commuting races: 271556             |
| Total harmful races:   1594               |
| Total filtered races:  0                  |
| Total Time Filtered races:  3523          |
| Total Time Edges:      3523               |
+-------------------------------------------+
Number of packet traces with races: 180
Number of packet inconsistencies:  131
Number of packet inconsistencies that are actually consistent (covered):  8
Number of packet inconsistencies the first race is already inconsistent:  41
Number of packet inconsistencies after trimming repeated races:  130
Number of packet inconsistent updates:  1499
Number of races:  276673
Number of races filtered by time:  3523
Number of commuting races:  271556
Number of harmful races:  1557
Number of covered races:  37
Number of versions: 1199
Inconsistent updates: 624
Done. Time elapsed: 37.7587938309 s
load_trace: 17.7955029011 s
detect_races: 16.2694320679 s
extract_traces_time: 0.512209892273 s
find_reactive_cmds_time: 0.0474269390106 s
find_proactive_cmds_time: 0.390834093094 s
find_covered_races_time: 1.41632413864 s
per_packet_inconsistent_time: 0.960989952087 s
find_inconsistent_update_time: -0.366021871567 s
Read 9397 events.
Added 9320 events.
Total write operations: 1251
Total read operations: 904
Processing 781875 w/w combinations
Updating has_path path cache...
10% 
20% 
30% 
40% 
50% 
60% 
70% 
80% 
90% 
100% 
Processing 1130904 r/w combinations
10% 
20% 
30% 
40% 
50% 
60% 
70% 
80% 
90% 
100% 
Updating has_path path cache...
+-------------------------------------------+
| Total operations:      2155               |
| Total write operations: 1251              |
| Total read operations:  904               |
+-------------------------------------------+
| Total commuting races: 271611             |
| Total harmful races:   1735               |
| Total filtered races:  0                  |
| Total Time Filtered races:  3389          |
| Total Time Edges:      3389               |
+-------------------------------------------+
Number of packet traces with races: 185
Number of packet inconsistencies:  134
Number of packet inconsistencies that are actually consistent (covered):  9
Number of packet inconsistencies the first race is already inconsistent:  42
Number of packet inconsistencies after trimming repeated races:  132
Number of packet inconsistent updates:  1663
Number of races:  276735
Number of races filtered by time:  3389
Number of commuting races:  271611
Number of harmful races:  1691
Number of covered races:  44
Number of versions: 1199
Inconsistent updates: 708
Done. Time elapsed: 36.4906549454 s
load_trace: 17.3020608425 s
detect_races: 15.5110812187 s
extract_traces_time: 0.490147829056 s
find_reactive_cmds_time: 0.0491809844971 s
find_proactive_cmds_time: 0.0776450634003 s
find_covered_races_time: 1.45409798622 s
per_packet_inconsistent_time: 1.22954797745 s
find_inconsistent_update_time: -0.376842021942 s
Read 9397 events.
Added 9320 events.
Total write operations: 1251
Total read operations: 904
Processing 781875 w/w combinations
Updating has_path path cache...
10% 
20% 
30% 
40% 
50% 
60% 
70% 
80% 
90% 
100% 
Processing 1130904 r/w combinations
10% 
20% 
30% 
40% 
50% 
60% 
70% 
80% 
90% 
100% 
Updating has_path path cache...
+-------------------------------------------+
| Total operations:      2155               |
| Total write operations: 1251              |
| Total read operations:  904               |
+-------------------------------------------+
| Total commuting races: 271654             |
| Total harmful races:   1873               |
| Total filtered races:  0                  |
| Total Time Filtered races:  3255          |
| Total Time Edges:      3255               |
+-------------------------------------------+
Number of packet traces with races: 189
Number of packet inconsistencies:  139
Number of packet inconsistencies that are actually consistent (covered):  8
Number of packet inconsistencies the first race is already inconsistent:  42
Number of packet inconsistencies after trimming repeated races:  136
Number of packet inconsistent updates:  1815
Number of races:  276782
Number of races filtered by time:  3255
Number of commuting races:  271654
Number of harmful races:  1815
Number of covered races:  58
Number of versions: 1199
Inconsistent updates: 757
Done. Time elapsed: 36.1675000191 s
load_trace: 17.377081871 s
detect_races: 15.2062551975 s
extract_traces_time: 0.493449926376 s
find_reactive_cmds_time: 0.0424098968506 s
find_proactive_cmds_time: 0.0731739997864 s
find_covered_races_time: 1.29281711578 s
per_packet_inconsistent_time: 1.26778292656 s
find_inconsistent_update_time: -0.414480924606 s
