Read 1963 events.
Added 1886 events.
Total write operations: 203
Total read operations: 323
Processing 20503 w/w combinations
Updating has_path path cache...
10% 
20% 
30% 
40% 
50% 
60% 
70% 
80% 
90% 
100% 
Processing 65569 r/w combinations
10% 
20% 
30% 
40% 
50% 
60% 
70% 
80% 
90% 
100% 
Updating has_path path cache...
+-------------------------------------------+
| Total operations:      526                |
| Total write operations: 203               |
| Total read operations:  323               |
+-------------------------------------------+
| Total commuting races: 11766              |
| Total harmful races:   527                |
| Total filtered races:  0                  |
| Total Time Filtered races:  0             |
| Total Time Edges:      0                  |
+-------------------------------------------+
Number of packet traces with races: 71
Number of packet inconsistencies:  56
Number of packet inconsistencies that are actually consistent (covered):  5
Number of packet inconsistencies the first race is already inconsistent:  10
Number of packet inconsistencies after trimming repeated races:  56
Number of packet inconsistent updates:  0
Number of races:  12293
Number of races filtered by time:  0
Number of commuting races:  11766
Number of harmful races:  329
Number of covered races:  198
Number of versions: 120
Inconsistent updates: 0
Done. Time elapsed: 4.02944803238 s
load_trace: 3.10234904289 s
detect_races: 0.66682600975 s
extract_traces_time: 0.034038066864 s
find_reactive_cmds_time: 0.00373792648315 s
find_proactive_cmds_time: 0.0223660469055 s
find_covered_races_time: 0.124131917953 s
per_packet_inconsistent_time: 0.0757491588593 s
find_inconsistent_update_time: -0.000205993652344 s
Read 1963 events.
Added 1886 events.
Total write operations: 203
Total read operations: 323
Processing 20503 w/w combinations
Updating has_path path cache...
10% 
20% 
30% 
40% 
50% 
60% 
70% 
80% 
90% 
100% 
Processing 65569 r/w combinations
10% 
20% 
30% 
40% 
50% 
60% 
70% 
80% 
90% 
100% 
Updating has_path path cache...
+-------------------------------------------+
| Total operations:      526                |
| Total write operations: 203               |
| Total read operations:  323               |
+-------------------------------------------+
| Total commuting races: 11766              |
| Total harmful races:   0                  |
| Total filtered races:  0                  |
| Total Time Filtered races:  527           |
| Total Time Edges:      527                |
+-------------------------------------------+
Number of packet traces with races: 0
Number of packet inconsistencies:  0
Number of packet inconsistencies that are actually consistent (covered):  0
Number of packet inconsistencies the first race is already inconsistent:  0
Number of packet inconsistencies after trimming repeated races:  0
Number of packet inconsistent updates:  0
Number of races:  12293
Number of races filtered by time:  527
Number of commuting races:  11766
Number of harmful races:  0
Number of covered races:  0
Number of versions: 120
Inconsistent updates: 0
Done. Time elapsed: 4.03213691711 s
load_trace: 3.21402597427 s
detect_races: 0.729089021683 s
extract_traces_time: 0.0394160747528 s
find_reactive_cmds_time: 0.00377702713013 s
find_proactive_cmds_time: 0.0246229171753 s
find_covered_races_time: 0.0200970172882 s
per_packet_inconsistent_time: 0.00102400779724 s
find_inconsistent_update_time: -4.10079956055e-05 s
Read 1963 events.
Added 1886 events.
Total write operations: 203
Total read operations: 323
Processing 20503 w/w combinations
Updating has_path path cache...
10% 
20% 
30% 
40% 
50% 
60% 
70% 
80% 
90% 
100% 
Processing 65569 r/w combinations
10% 
20% 
30% 
40% 
50% 
60% 
70% 
80% 
90% 
100% 
Updating has_path path cache...
+-------------------------------------------+
| Total operations:      526                |
| Total write operations: 203               |
| Total read operations:  323               |
+-------------------------------------------+
| Total commuting races: 11766              |
| Total harmful races:   176                |
| Total filtered races:  0                  |
| Total Time Filtered races:  351           |
| Total Time Edges:      351                |
+-------------------------------------------+
Number of packet traces with races: 47
Number of packet inconsistencies:  46
Number of packet inconsistencies that are actually consistent (covered):  0
Number of packet inconsistencies the first race is already inconsistent:  1
Number of packet inconsistencies after trimming repeated races:  46
Number of packet inconsistent updates:  0
Number of races:  12293
Number of races filtered by time:  351
Number of commuting races:  11766
Number of harmful races:  176
Number of covered races:  0
Number of versions: 120
Inconsistent updates: 0
Done. Time elapsed: 4.02966618538 s
load_trace: 3.18671703339 s
detect_races: 0.694749116898 s
extract_traces_time: 0.0375809669495 s
find_reactive_cmds_time: 0.00386190414429 s
find_proactive_cmds_time: 0.0268340110779 s
find_covered_races_time: 0.0536949634552 s
per_packet_inconsistent_time: 0.0260989665985 s
find_inconsistent_update_time: -8.9168548584e-05 s
Read 1963 events.
Added 1886 events.
Total write operations: 203
Total read operations: 323
Processing 20503 w/w combinations
Updating has_path path cache...
10% 
20% 
30% 
40% 
50% 
60% 
70% 
80% 
90% 
100% 
Processing 65569 r/w combinations
10% 
20% 
30% 
40% 
50% 
60% 
70% 
80% 
90% 
100% 
Updating has_path path cache...
+-------------------------------------------+
| Total operations:      526                |
| Total write operations: 203               |
| Total read operations:  323               |
+-------------------------------------------+
| Total commuting races: 11766              |
| Total harmful races:   210                |
| Total filtered races:  0                  |
| Total Time Filtered races:  317           |
| Total Time Edges:      317                |
+-------------------------------------------+
Number of packet traces with races: 57
Number of packet inconsistencies:  52
Number of packet inconsistencies that are actually consistent (covered):  1
Number of packet inconsistencies the first race is already inconsistent:  4
Number of packet inconsistencies after trimming repeated races:  52
Number of packet inconsistent updates:  0
Number of races:  12293
Number of races filtered by time:  317
Number of commuting races:  11766
Number of harmful races:  209
Number of covered races:  1
Number of versions: 120
Inconsistent updates: 0
Done. Time elapsed: 3.93884015083 s
load_trace: 3.1025390625 s
detect_races: 0.683497905731 s
extract_traces_time: 0.0352501869202 s
find_reactive_cmds_time: 0.0038948059082 s
find_proactive_cmds_time: 0.0216522216797 s
find_covered_races_time: 0.0585768222809 s
per_packet_inconsistent_time: 0.0332980155945 s
find_inconsistent_update_time: -9.20295715332e-05 s
Read 1963 events.
Added 1886 events.
Total write operations: 203
Total read operations: 323
Processing 20503 w/w combinations
Updating has_path path cache...
10% 
20% 
30% 
40% 
50% 
60% 
70% 
80% 
90% 
100% 
Processing 65569 r/w combinations
10% 
20% 
30% 
40% 
50% 
60% 
70% 
80% 
90% 
100% 
Updating has_path path cache...
+-------------------------------------------+
| Total operations:      526                |
| Total write operations: 203               |
| Total read operations:  323               |
+-------------------------------------------+
| Total commuting races: 11766              |
| Total harmful races:   220                |
| Total filtered races:  0                  |
| Total Time Filtered races:  307           |
| Total Time Edges:      307                |
+-------------------------------------------+
Number of packet traces with races: 59
Number of packet inconsistencies:  53
Number of packet inconsistencies that are actually consistent (covered):  2
Number of packet inconsistencies the first race is already inconsistent:  4
Number of packet inconsistencies after trimming repeated races:  53
Number of packet inconsistent updates:  0
Number of races:  12293
Number of races filtered by time:  307
Number of commuting races:  11766
Number of harmful races:  214
Number of covered races:  6
Number of versions: 120
Inconsistent updates: 0
Done. Time elapsed: 3.9149749279 s
load_trace: 3.09651398659 s
detect_races: 0.655004024506 s
extract_traces_time: 0.0350320339203 s
find_reactive_cmds_time: 0.00375390052795 s
find_proactive_cmds_time: 0.0223860740662 s
find_covered_races_time: 0.0649991035461 s
per_packet_inconsistent_time: 0.0371079444885 s
find_inconsistent_update_time: -0.000128984451294 s
Read 1963 events.
Added 1886 events.
Total write operations: 203
Total read operations: 323
Processing 20503 w/w combinations
Updating has_path path cache...
10% 
20% 
30% 
40% 
50% 
60% 
70% 
80% 
90% 
100% 
Processing 65569 r/w combinations
10% 
20% 
30% 
40% 
50% 
60% 
70% 
80% 
90% 
100% 
Updating has_path path cache...
+-------------------------------------------+
| Total operations:      526                |
| Total write operations: 203               |
| Total read operations:  323               |
+-------------------------------------------+
| Total commuting races: 11766              |
| Total harmful races:   237                |
| Total filtered races:  0                  |
| Total Time Filtered races:  290           |
| Total Time Edges:      290                |
+-------------------------------------------+
Number of packet traces with races: 62
Number of packet inconsistencies:  55
Number of packet inconsistencies that are actually consistent (covered):  3
Number of packet inconsistencies the first race is already inconsistent:  4
Number of packet inconsistencies after trimming repeated races:  55
Number of packet inconsistent updates:  0
Number of races:  12293
Number of races filtered by time:  290
Number of commuting races:  11766
Number of harmful races:  229
Number of covered races:  8
Number of versions: 120
Inconsistent updates: 0
Done. Time elapsed: 3.90942192078 s
load_trace: 3.10233998299 s
detect_races: 0.644706010818 s
extract_traces_time: 0.0341229438782 s
find_reactive_cmds_time: 0.00397205352783 s
find_proactive_cmds_time: 0.0185310840607 s
find_covered_races_time: 0.0666599273682 s
per_packet_inconsistent_time: 0.0389540195465 s
find_inconsistent_update_time: -9.79900360107e-05 s
Read 1963 events.
Added 1886 events.
Total write operations: 203
Total read operations: 323
Processing 20503 w/w combinations
Updating has_path path cache...
10% 
20% 
30% 
40% 
50% 
60% 
70% 
80% 
90% 
100% 
Processing 65569 r/w combinations
10% 
20% 
30% 
40% 
50% 
60% 
70% 
80% 
90% 
100% 
Updating has_path path cache...
+-------------------------------------------+
| Total operations:      526                |
| Total write operations: 203               |
| Total read operations:  323               |
+-------------------------------------------+
| Total commuting races: 11766              |
| Total harmful races:   246                |
| Total filtered races:  0                  |
| Total Time Filtered races:  281           |
| Total Time Edges:      281                |
+-------------------------------------------+
Number of packet traces with races: 63
Number of packet inconsistencies:  56
Number of packet inconsistencies that are actually consistent (covered):  3
Number of packet inconsistencies the first race is already inconsistent:  4
Number of packet inconsistencies after trimming repeated races:  56
Number of packet inconsistent updates:  0
Number of races:  12293
Number of races filtered by time:  281
Number of commuting races:  11766
Number of harmful races:  238
Number of covered races:  8
Number of versions: 120
Inconsistent updates: 0
Done. Time elapsed: 3.98107194901 s
load_trace: 3.1479549408 s
detect_races: 0.661592006683 s
extract_traces_time: 0.0341930389404 s
find_reactive_cmds_time: 0.00372409820557 s
find_proactive_cmds_time: 0.0210828781128 s
find_covered_races_time: 0.070729970932 s
per_packet_inconsistent_time: 0.0416491031647 s
find_inconsistent_update_time: -0.000102043151855 s
Read 1963 events.
Added 1886 events.
Total write operations: 203
Total read operations: 323
Processing 20503 w/w combinations
Updating has_path path cache...
10% 
20% 
30% 
40% 
50% 
60% 
70% 
80% 
90% 
100% 
Processing 65569 r/w combinations
10% 
20% 
30% 
40% 
50% 
60% 
70% 
80% 
90% 
100% 
Updating has_path path cache...
+-------------------------------------------+
| Total operations:      526                |
| Total write operations: 203               |
| Total read operations:  323               |
+-------------------------------------------+
| Total commuting races: 11766              |
| Total harmful races:   256                |
| Total filtered races:  0                  |
| Total Time Filtered races:  271           |
| Total Time Edges:      271                |
+-------------------------------------------+
Number of packet traces with races: 65
Number of packet inconsistencies:  56
Number of packet inconsistencies that are actually consistent (covered):  3
Number of packet inconsistencies the first race is already inconsistent:  6
Number of packet inconsistencies after trimming repeated races:  56
Number of packet inconsistent updates:  0
Number of races:  12293
Number of races filtered by time:  271
Number of commuting races:  11766
Number of harmful races:  248
Number of covered races:  8
Number of versions: 120
Inconsistent updates: 0
Done. Time elapsed: 3.96615791321 s
load_trace: 3.14571285248 s
detect_races: 0.658130168915 s
extract_traces_time: 0.0318508148193 s
find_reactive_cmds_time: 0.00375318527222 s
find_proactive_cmds_time: 0.0192568302155 s
find_covered_races_time: 0.0662410259247 s
per_packet_inconsistent_time: 0.0410070419312 s
find_inconsistent_update_time: -0.000155925750732 s
Read 1963 events.
Added 1886 events.
Total write operations: 203
Total read operations: 323
Processing 20503 w/w combinations
Updating has_path path cache...
10% 
20% 
30% 
40% 
50% 
60% 
70% 
80% 
90% 
100% 
Processing 65569 r/w combinations
10% 
20% 
30% 
40% 
50% 
60% 
70% 
80% 
90% 
100% 
Updating has_path path cache...
+-------------------------------------------+
| Total operations:      526                |
| Total write operations: 203               |
| Total read operations:  323               |
+-------------------------------------------+
| Total commuting races: 11766              |
| Total harmful races:   258                |
| Total filtered races:  0                  |
| Total Time Filtered races:  269           |
| Total Time Edges:      269                |
+-------------------------------------------+
Number of packet traces with races: 65
Number of packet inconsistencies:  56
Number of packet inconsistencies that are actually consistent (covered):  3
Number of packet inconsistencies the first race is already inconsistent:  6
Number of packet inconsistencies after trimming repeated races:  56
Number of packet inconsistent updates:  0
Number of races:  12293
Number of races filtered by time:  269
Number of commuting races:  11766
Number of harmful races:  250
Number of covered races:  8
Number of versions: 120
Inconsistent updates: 0
Done. Time elapsed: 3.92581486702 s
load_trace: 3.10040378571 s
detect_races: 0.657519102097 s
extract_traces_time: 0.035325050354 s
find_reactive_cmds_time: 0.00402998924255 s
find_proactive_cmds_time: 0.0224778652191 s
find_covered_races_time: 0.0661370754242 s
per_packet_inconsistent_time: 0.0397560596466 s
find_inconsistent_update_time: -0.000128030776978 s
Read 1963 events.
Added 1886 events.
Total write operations: 203
Total read operations: 323
Processing 20503 w/w combinations
Updating has_path path cache...
10% 
20% 
30% 
40% 
50% 
60% 
70% 
80% 
90% 
100% 
Processing 65569 r/w combinations
10% 
20% 
30% 
40% 
50% 
60% 
70% 
80% 
90% 
100% 
Updating has_path path cache...
+-------------------------------------------+
| Total operations:      526                |
| Total write operations: 203               |
| Total read operations:  323               |
+-------------------------------------------+
| Total commuting races: 11766              |
| Total harmful races:   260                |
| Total filtered races:  0                  |
| Total Time Filtered races:  267           |
| Total Time Edges:      267                |
+-------------------------------------------+
Number of packet traces with races: 65
Number of packet inconsistencies:  56
Number of packet inconsistencies that are actually consistent (covered):  3
Number of packet inconsistencies the first race is already inconsistent:  6
Number of packet inconsistencies after trimming repeated races:  56
Number of packet inconsistent updates:  0
Number of races:  12293
Number of races filtered by time:  267
Number of commuting races:  11766
Number of harmful races:  252
Number of covered races:  8
Number of versions: 120
Inconsistent updates: 0
Done. Time elapsed: 3.8849170208 s
load_trace: 3.06422185898 s
detect_races: 0.662958145142 s
extract_traces_time: 0.0312340259552 s
find_reactive_cmds_time: 0.00360202789307 s
find_proactive_cmds_time: 0.0189688205719 s
find_covered_races_time: 0.0657711029053 s
per_packet_inconsistent_time: 0.0380198955536 s
find_inconsistent_update_time: -0.000104188919067 s
Read 1963 events.
Added 1886 events.
Total write operations: 203
Total read operations: 323
Processing 20503 w/w combinations
Updating has_path path cache...
10% 
20% 
30% 
40% 
50% 
60% 
70% 
80% 
90% 
100% 
Processing 65569 r/w combinations
10% 
20% 
30% 
40% 
50% 
60% 
70% 
80% 
90% 
100% 
Updating has_path path cache...
+-------------------------------------------+
| Total operations:      526                |
| Total write operations: 203               |
| Total read operations:  323               |
+-------------------------------------------+
| Total commuting races: 11766              |
| Total harmful races:   260                |
| Total filtered races:  0                  |
| Total Time Filtered races:  267           |
| Total Time Edges:      267                |
+-------------------------------------------+
Number of packet traces with races: 65
Number of packet inconsistencies:  56
Number of packet inconsistencies that are actually consistent (covered):  3
Number of packet inconsistencies the first race is already inconsistent:  6
Number of packet inconsistencies after trimming repeated races:  56
Number of packet inconsistent updates:  0
Number of races:  12293
Number of races filtered by time:  267
Number of commuting races:  11766
Number of harmful races:  252
Number of covered races:  8
Number of versions: 120
Inconsistent updates: 0
Done. Time elapsed: 3.98318314552 s
load_trace: 3.1528801918 s
detect_races: 0.654394865036 s
extract_traces_time: 0.0325689315796 s
find_reactive_cmds_time: 0.00383901596069 s
find_proactive_cmds_time: 0.0220091342926 s
find_covered_races_time: 0.0693328380585 s
per_packet_inconsistent_time: 0.0479671955109 s
find_inconsistent_update_time: -0.000144004821777 s
Read 1963 events.
Added 1886 events.
Total write operations: 203
Total read operations: 323
Processing 20503 w/w combinations
Updating has_path path cache...
10% 
20% 
30% 
40% 
50% 
60% 
70% 
80% 
90% 
100% 
Processing 65569 r/w combinations
10% 
20% 
30% 
40% 
50% 
60% 
70% 
80% 
90% 
100% 
Updating has_path path cache...
+-------------------------------------------+
| Total operations:      526                |
| Total write operations: 203               |
| Total read operations:  323               |
+-------------------------------------------+
| Total commuting races: 11766              |
| Total harmful races:   261                |
| Total filtered races:  0                  |
| Total Time Filtered races:  266           |
| Total Time Edges:      266                |
+-------------------------------------------+
Number of packet traces with races: 66
Number of packet inconsistencies:  56
Number of packet inconsistencies that are actually consistent (covered):  3
Number of packet inconsistencies the first race is already inconsistent:  7
Number of packet inconsistencies after trimming repeated races:  56
Number of packet inconsistent updates:  0
Number of races:  12293
Number of races filtered by time:  266
Number of commuting races:  11766
Number of harmful races:  253
Number of covered races:  8
Number of versions: 120
Inconsistent updates: 0
Done. Time elapsed: 4.04152488708 s
load_trace: 3.15546798706 s
detect_races: 0.717102050781 s
extract_traces_time: 0.034548997879 s
find_reactive_cmds_time: 0.0040168762207 s
find_proactive_cmds_time: 0.0215950012207 s
find_covered_races_time: 0.0664091110229 s
per_packet_inconsistent_time: 0.0422358512878 s
find_inconsistent_update_time: -0.000108003616333 s
