Read 234 events.
Added 203 events.
Total write operations: 8
Total read operations: 40
Processing 28 w/w combinations
Updating has_path path cache...
10% 
20% 
30% 
40% 
50% 
60% 
70% 
80% 
90% 
100% 
Processing 320 r/w combinations
10% 
20% 
30% 
40% 
50% 
60% 
70% 
80% 
90% 
100% 
Updating has_path path cache...
+-------------------------------------------+
| Total operations:      48                 |
| Total write operations: 8                 |
| Total read operations:  40                |
+-------------------------------------------+
| Total commuting races: 238                |
| Total harmful races:   74                 |
| Total filtered races:  0                  |
| Total Time Filtered races:  0             |
| Total Time Edges:      0                  |
+-------------------------------------------+
Number of packet traces with races: 36
Number of packet inconsistencies:  0
Number of packet inconsistencies that are actually consistent (covered):  29
Number of packet inconsistencies the first race is already inconsistent:  7
Number of packet inconsistencies after trimming repeated races:  0
Number of packet inconsistent updates:  4
Number of races:  312
Number of races filtered by time:  0
Number of commuting races:  238
Number of harmful races:  34
Number of covered races:  40
Number of versions: 6
Inconsistent updates: 1
Done. Time elapsed: 0.409375190735 s
load_trace: 0.248458147049 s
detect_races: 0.0336289405823 s
extract_traces_time: 0.00786709785461 s
find_reactive_cmds_time: 0.000353813171387 s
find_proactive_cmds_time: 0.0914621353149 s
find_covered_races_time: 0.0230278968811 s
per_packet_inconsistent_time: 0.00446200370789 s
find_inconsistent_update_time: -6.60419464111e-05 s
Read 234 events.
Added 203 events.
Total write operations: 8
Total read operations: 40
Processing 28 w/w combinations
Updating has_path path cache...
10% 
20% 
30% 
40% 
50% 
60% 
70% 
80% 
90% 
100% 
Processing 320 r/w combinations
10% 
20% 
30% 
40% 
50% 
60% 
70% 
80% 
90% 
100% 
Updating has_path path cache...
+-------------------------------------------+
| Total operations:      48                 |
| Total write operations: 8                 |
| Total read operations:  40                |
+-------------------------------------------+
| Total commuting races: 238                |
| Total harmful races:   0                  |
| Total filtered races:  0                  |
| Total Time Filtered races:  74            |
| Total Time Edges:      74                 |
+-------------------------------------------+
Number of packet traces with races: 0
Number of packet inconsistencies:  0
Number of packet inconsistencies that are actually consistent (covered):  0
Number of packet inconsistencies the first race is already inconsistent:  0
Number of packet inconsistencies after trimming repeated races:  0
Number of packet inconsistent updates:  0
Number of races:  312
Number of races filtered by time:  74
Number of commuting races:  238
Number of harmful races:  0
Number of covered races:  0
Number of versions: 6
Inconsistent updates: 0
Done. Time elapsed: 0.388841152191 s
load_trace: 0.248466014862 s
detect_races: 0.031485080719 s
extract_traces_time: 0.010724067688 s
find_reactive_cmds_time: 0.000306844711304 s
find_proactive_cmds_time: 0.0859069824219 s
find_covered_races_time: 0.0116140842438 s
per_packet_inconsistent_time: 0.000279903411865 s
find_inconsistent_update_time: -1.00135803223e-05 s
Read 234 events.
Added 203 events.
Total write operations: 8
Total read operations: 40
Processing 28 w/w combinations
Updating has_path path cache...
10% 
20% 
30% 
40% 
50% 
60% 
70% 
80% 
90% 
100% 
Processing 320 r/w combinations
10% 
20% 
30% 
40% 
50% 
60% 
70% 
80% 
90% 
100% 
Updating has_path path cache...
+-------------------------------------------+
| Total operations:      48                 |
| Total write operations: 8                 |
| Total read operations:  40                |
+-------------------------------------------+
| Total commuting races: 238                |
| Total harmful races:   4                  |
| Total filtered races:  0                  |
| Total Time Filtered races:  70            |
| Total Time Edges:      70                 |
+-------------------------------------------+
Number of packet traces with races: 4
Number of packet inconsistencies:  0
Number of packet inconsistencies that are actually consistent (covered):  2
Number of packet inconsistencies the first race is already inconsistent:  2
Number of packet inconsistencies after trimming repeated races:  0
Number of packet inconsistent updates:  0
Number of races:  312
Number of races filtered by time:  70
Number of commuting races:  238
Number of harmful races:  2
Number of covered races:  2
Number of versions: 6
Inconsistent updates: 0
Done. Time elapsed: 0.345618009567 s
load_trace: 0.216163158417 s
detect_races: 0.030259847641 s
extract_traces_time: 0.0101590156555 s
find_reactive_cmds_time: 0.000302076339722 s
find_proactive_cmds_time: 0.0763740539551 s
find_covered_races_time: 0.0116310119629 s
per_packet_inconsistent_time: 0.000680923461914 s
find_inconsistent_update_time: -1.19209289551e-05 s
Read 234 events.
Added 203 events.
Total write operations: 8
Total read operations: 40
Processing 28 w/w combinations
Updating has_path path cache...
10% 
20% 
30% 
40% 
50% 
60% 
70% 
80% 
90% 
100% 
Processing 320 r/w combinations
10% 
20% 
30% 
40% 
50% 
60% 
70% 
80% 
90% 
100% 
Updating has_path path cache...
+-------------------------------------------+
| Total operations:      48                 |
| Total write operations: 8                 |
| Total read operations:  40                |
+-------------------------------------------+
| Total commuting races: 238                |
| Total harmful races:   9                  |
| Total filtered races:  0                  |
| Total Time Filtered races:  65            |
| Total Time Edges:      65                 |
+-------------------------------------------+
Number of packet traces with races: 9
Number of packet inconsistencies:  0
Number of packet inconsistencies that are actually consistent (covered):  3
Number of packet inconsistencies the first race is already inconsistent:  6
Number of packet inconsistencies after trimming repeated races:  0
Number of packet inconsistent updates:  0
Number of races:  312
Number of races filtered by time:  65
Number of commuting races:  238
Number of harmful races:  6
Number of covered races:  3
Number of versions: 6
Inconsistent updates: 0
Done. Time elapsed: 0.338117837906 s
load_trace: 0.20905995369 s
detect_races: 0.0288870334625 s
extract_traces_time: 0.00925183296204 s
find_reactive_cmds_time: 0.000295162200928 s
find_proactive_cmds_time: 0.0755178928375 s
find_covered_races_time: 0.014062166214 s
per_packet_inconsistent_time: 0.000994920730591 s
find_inconsistent_update_time: -1.50203704834e-05 s
Read 234 events.
Added 203 events.
Total write operations: 8
Total read operations: 40
Processing 28 w/w combinations
Updating has_path path cache...
10% 
20% 
30% 
40% 
50% 
60% 
70% 
80% 
90% 
100% 
Processing 320 r/w combinations
10% 
20% 
30% 
40% 
50% 
60% 
70% 
80% 
90% 
100% 
Updating has_path path cache...
+-------------------------------------------+
| Total operations:      48                 |
| Total write operations: 8                 |
| Total read operations:  40                |
+-------------------------------------------+
| Total commuting races: 238                |
| Total harmful races:   12                 |
| Total filtered races:  0                  |
| Total Time Filtered races:  62            |
| Total Time Edges:      62                 |
+-------------------------------------------+
Number of packet traces with races: 12
Number of packet inconsistencies:  0
Number of packet inconsistencies that are actually consistent (covered):  4
Number of packet inconsistencies the first race is already inconsistent:  8
Number of packet inconsistencies after trimming repeated races:  0
Number of packet inconsistent updates:  0
Number of races:  312
Number of races filtered by time:  62
Number of commuting races:  238
Number of harmful races:  8
Number of covered races:  4
Number of versions: 6
Inconsistent updates: 0
Done. Time elapsed: 0.344899892807 s
load_trace: 0.212013959885 s
detect_races: 0.0311329364777 s
extract_traces_time: 0.00978422164917 s
find_reactive_cmds_time: 0.000319004058838 s
find_proactive_cmds_time: 0.0770969390869 s
find_covered_races_time: 0.013335943222 s
per_packet_inconsistent_time: 0.00115990638733 s
find_inconsistent_update_time: -1.59740447998e-05 s
Read 234 events.
Added 203 events.
Total write operations: 8
Total read operations: 40
Processing 28 w/w combinations
Updating has_path path cache...
10% 
20% 
30% 
40% 
50% 
60% 
70% 
80% 
90% 
100% 
Processing 320 r/w combinations
10% 
20% 
30% 
40% 
50% 
60% 
70% 
80% 
90% 
100% 
Updating has_path path cache...
+-------------------------------------------+
| Total operations:      48                 |
| Total write operations: 8                 |
| Total read operations:  40                |
+-------------------------------------------+
| Total commuting races: 238                |
| Total harmful races:   15                 |
| Total filtered races:  0                  |
| Total Time Filtered races:  59            |
| Total Time Edges:      59                 |
+-------------------------------------------+
Number of packet traces with races: 15
Number of packet inconsistencies:  0
Number of packet inconsistencies that are actually consistent (covered):  5
Number of packet inconsistencies the first race is already inconsistent:  10
Number of packet inconsistencies after trimming repeated races:  0
Number of packet inconsistent updates:  0
Number of races:  312
Number of races filtered by time:  59
Number of commuting races:  238
Number of harmful races:  10
Number of covered races:  5
Number of versions: 6
Inconsistent updates: 0
Done. Time elapsed: 0.332774877548 s
load_trace: 0.202909946442 s
detect_races: 0.0286769866943 s
extract_traces_time: 0.00820803642273 s
find_reactive_cmds_time: 0.00104093551636 s
find_proactive_cmds_time: 0.0772290229797 s
find_covered_races_time: 0.0133240222931 s
per_packet_inconsistent_time: 0.00132298469543 s
find_inconsistent_update_time: -1.81198120117e-05 s
Read 234 events.
Added 203 events.
Total write operations: 8
Total read operations: 40
Processing 28 w/w combinations
Updating has_path path cache...
10% 
20% 
30% 
40% 
50% 
60% 
70% 
80% 
90% 
100% 
Processing 320 r/w combinations
10% 
20% 
30% 
40% 
50% 
60% 
70% 
80% 
90% 
100% 
Updating has_path path cache...
+-------------------------------------------+
| Total operations:      48                 |
| Total write operations: 8                 |
| Total read operations:  40                |
+-------------------------------------------+
| Total commuting races: 238                |
| Total harmful races:   17                 |
| Total filtered races:  0                  |
| Total Time Filtered races:  57            |
| Total Time Edges:      57                 |
+-------------------------------------------+
Number of packet traces with races: 17
Number of packet inconsistencies:  0
Number of packet inconsistencies that are actually consistent (covered):  6
Number of packet inconsistencies the first race is already inconsistent:  11
Number of packet inconsistencies after trimming repeated races:  0
Number of packet inconsistent updates:  0
Number of races:  312
Number of races filtered by time:  57
Number of commuting races:  238
Number of harmful races:  11
Number of covered races:  6
Number of versions: 6
Inconsistent updates: 0
Done. Time elapsed: 0.336293935776 s
load_trace: 0.207844018936 s
detect_races: 0.0298430919647 s
extract_traces_time: 0.00902891159058 s
find_reactive_cmds_time: 0.000308990478516 s
find_proactive_cmds_time: 0.0749180316925 s
find_covered_races_time: 0.0128769874573 s
per_packet_inconsistent_time: 0.00142002105713 s
find_inconsistent_update_time: -1.78813934326e-05 s
Read 234 events.
Added 203 events.
Total write operations: 8
Total read operations: 40
Processing 28 w/w combinations
Updating has_path path cache...
10% 
20% 
30% 
40% 
50% 
60% 
70% 
80% 
90% 
100% 
Processing 320 r/w combinations
10% 
20% 
30% 
40% 
50% 
60% 
70% 
80% 
90% 
100% 
Updating has_path path cache...
+-------------------------------------------+
| Total operations:      48                 |
| Total write operations: 8                 |
| Total read operations:  40                |
+-------------------------------------------+
| Total commuting races: 238                |
| Total harmful races:   25                 |
| Total filtered races:  0                  |
| Total Time Filtered races:  49            |
| Total Time Edges:      49                 |
+-------------------------------------------+
Number of packet traces with races: 25
Number of packet inconsistencies:  0
Number of packet inconsistencies that are actually consistent (covered):  7
Number of packet inconsistencies the first race is already inconsistent:  18
Number of packet inconsistencies after trimming repeated races:  0
Number of packet inconsistent updates:  0
Number of races:  312
Number of races filtered by time:  49
Number of commuting races:  238
Number of harmful races:  18
Number of covered races:  7
Number of versions: 6
Inconsistent updates: 0
Done. Time elapsed: 0.331147909164 s
load_trace: 0.204523086548 s
detect_races: 0.0283689498901 s
extract_traces_time: 0.00828194618225 s
find_reactive_cmds_time: 0.000324010848999 s
find_proactive_cmds_time: 0.0735659599304 s
find_covered_races_time: 0.0141379833221 s
per_packet_inconsistent_time: 0.00188899040222 s
find_inconsistent_update_time: -2.09808349609e-05 s
Read 234 events.
Added 203 events.
Total write operations: 8
Total read operations: 40
Processing 28 w/w combinations
Updating has_path path cache...
10% 
20% 
30% 
40% 
50% 
60% 
70% 
80% 
90% 
100% 
Processing 320 r/w combinations
10% 
20% 
30% 
40% 
50% 
60% 
70% 
80% 
90% 
100% 
Updating has_path path cache...
+-------------------------------------------+
| Total operations:      48                 |
| Total write operations: 8                 |
| Total read operations:  40                |
+-------------------------------------------+
| Total commuting races: 238                |
| Total harmful races:   31                 |
| Total filtered races:  0                  |
| Total Time Filtered races:  43            |
| Total Time Edges:      43                 |
+-------------------------------------------+
Number of packet traces with races: 31
Number of packet inconsistencies:  0
Number of packet inconsistencies that are actually consistent (covered):  10
Number of packet inconsistencies the first race is already inconsistent:  21
Number of packet inconsistencies after trimming repeated races:  0
Number of packet inconsistent updates:  0
Number of races:  312
Number of races filtered by time:  43
Number of commuting races:  238
Number of harmful races:  21
Number of covered races:  10
Number of versions: 6
Inconsistent updates: 0
Done. Time elapsed: 0.33017206192 s
load_trace: 0.202856063843 s
detect_races: 0.0276877880096 s
extract_traces_time: 0.00791716575623 s
find_reactive_cmds_time: 0.000289916992188 s
find_proactive_cmds_time: 0.0739841461182 s
find_covered_races_time: 0.0148029327393 s
per_packet_inconsistent_time: 0.00252890586853 s
find_inconsistent_update_time: -2.40802764893e-05 s
Read 234 events.
Added 203 events.
Total write operations: 8
Total read operations: 40
Processing 28 w/w combinations
Updating has_path path cache...
10% 
20% 
30% 
40% 
50% 
60% 
70% 
80% 
90% 
100% 
Processing 320 r/w combinations
10% 
20% 
30% 
40% 
50% 
60% 
70% 
80% 
90% 
100% 
Updating has_path path cache...
+-------------------------------------------+
| Total operations:      48                 |
| Total write operations: 8                 |
| Total read operations:  40                |
+-------------------------------------------+
| Total commuting races: 238                |
| Total harmful races:   32                 |
| Total filtered races:  0                  |
| Total Time Filtered races:  42            |
| Total Time Edges:      42                 |
+-------------------------------------------+
Number of packet traces with races: 32
Number of packet inconsistencies:  0
Number of packet inconsistencies that are actually consistent (covered):  10
Number of packet inconsistencies the first race is already inconsistent:  22
Number of packet inconsistencies after trimming repeated races:  0
Number of packet inconsistent updates:  0
Number of races:  312
Number of races filtered by time:  42
Number of commuting races:  238
Number of harmful races:  22
Number of covered races:  10
Number of versions: 6
Inconsistent updates: 0
Done. Time elapsed: 0.326792001724 s
load_trace: 0.196913003922 s
detect_races: 0.0272970199585 s
extract_traces_time: 0.00688600540161 s
find_reactive_cmds_time: 0.000303983688354 s
find_proactive_cmds_time: 0.0778820514679 s
find_covered_races_time: 0.0148599147797 s
per_packet_inconsistent_time: 0.0025839805603 s
find_inconsistent_update_time: -2.50339508057e-05 s
Read 234 events.
Added 203 events.
Total write operations: 8
Total read operations: 40
Processing 28 w/w combinations
Updating has_path path cache...
10% 
20% 
30% 
40% 
50% 
60% 
70% 
80% 
90% 
100% 
Processing 320 r/w combinations
10% 
20% 
30% 
40% 
50% 
60% 
70% 
80% 
90% 
100% 
Updating has_path path cache...
+-------------------------------------------+
| Total operations:      48                 |
| Total write operations: 8                 |
| Total read operations:  40                |
+-------------------------------------------+
| Total commuting races: 238                |
| Total harmful races:   34                 |
| Total filtered races:  0                  |
| Total Time Filtered races:  40            |
| Total Time Edges:      40                 |
+-------------------------------------------+
Number of packet traces with races: 34
Number of packet inconsistencies:  0
Number of packet inconsistencies that are actually consistent (covered):  11
Number of packet inconsistencies the first race is already inconsistent:  23
Number of packet inconsistencies after trimming repeated races:  0
Number of packet inconsistent updates:  0
Number of races:  312
Number of races filtered by time:  40
Number of commuting races:  238
Number of harmful races:  23
Number of covered races:  11
Number of versions: 6
Inconsistent updates: 0
Done. Time elapsed: 0.339960098267 s
load_trace: 0.206593036652 s
detect_races: 0.0284309387207 s
extract_traces_time: 0.00730204582214 s
find_reactive_cmds_time: 0.000303983688354 s
find_proactive_cmds_time: 0.0776360034943 s
find_covered_races_time: 0.0172998905182 s
per_packet_inconsistent_time: 0.00233101844788 s
find_inconsistent_update_time: -2.40802764893e-05 s
Read 234 events.
Added 203 events.
Total write operations: 8
Total read operations: 40
Processing 28 w/w combinations
Updating has_path path cache...
10% 
20% 
30% 
40% 
50% 
60% 
70% 
80% 
90% 
100% 
Processing 320 r/w combinations
10% 
20% 
30% 
40% 
50% 
60% 
70% 
80% 
90% 
100% 
Updating has_path path cache...
+-------------------------------------------+
| Total operations:      48                 |
| Total write operations: 8                 |
| Total read operations:  40                |
+-------------------------------------------+
| Total commuting races: 238                |
| Total harmful races:   34                 |
| Total filtered races:  0                  |
| Total Time Filtered races:  40            |
| Total Time Edges:      40                 |
+-------------------------------------------+
Number of packet traces with races: 34
Number of packet inconsistencies:  0
Number of packet inconsistencies that are actually consistent (covered):  11
Number of packet inconsistencies the first race is already inconsistent:  23
Number of packet inconsistencies after trimming repeated races:  0
Number of packet inconsistent updates:  0
Number of races:  312
Number of races filtered by time:  40
Number of commuting races:  238
Number of harmful races:  23
Number of covered races:  11
Number of versions: 6
Inconsistent updates: 0
Done. Time elapsed: 0.347235918045 s
load_trace: 0.213213920593 s
detect_races: 0.0268831253052 s
extract_traces_time: 0.00715589523315 s
find_reactive_cmds_time: 0.000303030014038 s
find_proactive_cmds_time: 0.080176115036 s
find_covered_races_time: 0.0167939662933 s
per_packet_inconsistent_time: 0.00264596939087 s
find_inconsistent_update_time: -2.50339508057e-05 s
